# JRE version: Java(TM) SE Runtime Environment (8.0_121-b13) (build 1.8.0_121-b13)
# Java VM: Java HotSpot(TM) 64-Bit Server VM (25.121-b13 mixed mode linux-amd64 compressed oops)
Heap:
 PSYoungGen      total 112640K, used 86776K [0x00000000e0000000, 0x00000000e8880000, 0x0000000100000000)
  eden space 97280K, 73% used [0x00000000e0000000,0x00000000e45c53e0,0x00000000e5f00000)
  from space 15360K, 99% used [0x00000000e7280000,0x00000000e8178c70,0x00000000e8180000)
  to   space 19968K, 0% used [0x00000000e5f00000,0x00000000e5f00000,0x00000000e7280000)
 ParOldGen       total 104960K, used 26257K [0x00000000a0000000, 0x00000000a6680000, 0x00000000e0000000)
  object space 104960K, 25% used [0x00000000a0000000,0x00000000a19a45f8,0x00000000a6680000)
 Metaspace       used 52048K, capacity 53670K, committed 53888K, reserved 1095680K
  class space    used 7110K, capacity 7444K, committed 7552K, reserved 1048576K
GC Heap History (10 events):
Event: 13.887 GC heap before
{Heap before GC invocations=12 (full 2):
 PSYoungGen      total 60928K, used 51200K [0x00000000e0000000, 0x00000000e5300000, 0x0000000100000000)
  eden space 51200K, 100% used [0x00000000e0000000,0x00000000e3200000,0x00000000e3200000)
  from space 9728K, 0% used [0x00000000e3200000,0x00000000e3200000,0x00000000e3b80000)
  to   space 10752K, 0% used [0x00000000e4880000,0x00000000e4880000,0x00000000e5300000)
 ParOldGen       total 104960K, used 15987K [0x00000000a0000000, 0x00000000a6680000, 0x00000000e0000000)
  object space 104960K, 15% used [0x00000000a0000000,0x00000000a0f9cd70,0x00000000a6680000)
 Metaspace       used 37493K, capacity 38244K, committed 38400K, reserved 1083392K
  class space    used 5127K, capacity 5301K, committed 5376K, reserved 1048576K
Event: 13.900 GC heap after
Heap after GC invocations=12 (full 2):
 PSYoungGen      total 74752K, used 6709K [0x00000000e0000000, 0x00000000e5380000, 0x0000000100000000)
  eden space 64000K, 0% used [0x00000000e0000000,0x00000000e0000000,0x00000000e3e80000)
  from space 10752K, 62% used [0x00000000e4880000,0x00000000e4f0d540,0x00000000e5300000)
  to   space 10240K, 0% used [0x00000000e3e80000,0x00000000e3e80000,0x00000000e4880000)
 ParOldGen       total 104960K, used 15995K [0x00000000a0000000, 0x00000000a6680000, 0x00000000e0000000)
  object space 104960K, 15% used [0x00000000a0000000,0x00000000a0f9ed70,0x00000000a6680000)
 Metaspace       used 37493K, capacity 38244K, committed 38400K, reserved 1083392K
  class space    used 5127K, capacity 5301K, committed 5376K, reserved 1048576K
}
Event: 15.441 GC heap before
{Heap before GC invocations=13 (full 2):
 PSYoungGen      total 74752K, used 70709K [0x00000000e0000000, 0x00000000e5380000, 0x0000000100000000)
  eden space 64000K, 100% used [0x00000000e0000000,0x00000000e3e80000,0x00000000e3e80000)
  from space 10752K, 62% used [0x00000000e4880000,0x00000000e4f0d540,0x00000000e5300000)
  to   space 10240K, 0% used [0x00000000e3e80000,0x00000000e3e80000,0x00000000e4880000)
 ParOldGen       total 104960K, used 15995K [0x00000000a0000000, 0x00000000a6680000, 0x00000000e0000000)
  object space 104960K, 15% used [0x00000000a0000000,0x00000000a0f9ed70,0x00000000a6680000)
 Metaspace       used 43181K, capacity 44090K, committed 44416K, reserved 1087488K
  class space    used 5921K, capacity 6152K, committed 6272K, reserved 1048576K
Event: 15.452 GC heap after
Heap after GC invocations=13 (full 2):
 PSYoungGen      total 74240K, used 10219K [0x00000000e0000000, 0x00000000e6580000, 0x0000000100000000)
  eden space 64000K, 0% used [0x00000000e0000000,0x00000000e0000000,0x00000000e3e80000)
  from space 10240K, 99% used [0x00000000e3e80000,0x00000000e487ae18,0x00000000e4880000)
  to   space 11776K, 0% used [0x00000000e5a00000,0x00000000e5a00000,0x00000000e6580000)
 ParOldGen       total 104960K, used 16422K [0x00000000a0000000, 0x00000000a6680000, 0x00000000e0000000)
  object space 104960K, 15% used [0x00000000a0000000,0x00000000a10099f8,0x00000000a6680000)
 Metaspace       used 43181K, capacity 44090K, committed 44416K, reserved 1087488K
  class space    used 5921K, capacity 6152K, committed 6272K, reserved 1048576K
}
Event: 19.668 GC heap before
{Heap before GC invocations=14 (full 2):
 PSYoungGen      total 74240K, used 74219K [0x00000000e0000000, 0x00000000e6580000, 0x0000000100000000)
  eden space 64000K, 100% used [0x00000000e0000000,0x00000000e3e80000,0x00000000e3e80000)
  from space 10240K, 99% used [0x00000000e3e80000,0x00000000e487ae18,0x00000000e4880000)
  to   space 11776K, 0% used [0x00000000e5a00000,0x00000000e5a00000,0x00000000e6580000)
 ParOldGen       total 104960K, used 16422K [0x00000000a0000000, 0x00000000a6680000, 0x00000000e0000000)
  object space 104960K, 15% used [0x00000000a0000000,0x00000000a10099f8,0x00000000a6680000)
 Metaspace       used 44566K, capacity 45558K, committed 45824K, reserved 1089536K
  class space    used 6067K, capacity 6296K, committed 6400K, reserved 1048576K
Event: 19.681 GC heap after
Heap after GC invocations=14 (full 2):
 PSYoungGen      total 90112K, used 10841K [0x00000000e0000000, 0x00000000e6580000, 0x0000000100000000)
  eden space 78336K, 0% used [0x00000000e0000000,0x00000000e0000000,0x00000000e4c80000)
  from space 11776K, 92% used [0x00000000e5a00000,0x00000000e6496730,0x00000000e6580000)
  to   space 12800K, 0% used [0x00000000e4c80000,0x00000000e4c80000,0x00000000e5900000)
 ParOldGen       total 104960K, used 16430K [0x00000000a0000000, 0x00000000a6680000, 0x00000000e0000000)
  object space 104960K, 15% used [0x00000000a0000000,0x00000000a100b9f8,0x00000000a6680000)
 Metaspace       used 44566K, capacity 45558K, committed 45824K, reserved 1089536K
  class space    used 6067K, capacity 6296K, committed 6400K, reserved 1048576K
}
Event: 20.799 GC heap before
{Heap before GC invocations=15 (full 2):
 PSYoungGen      total 90112K, used 89177K [0x00000000e0000000, 0x00000000e6580000, 0x0000000100000000)
  eden space 78336K, 100% used [0x00000000e0000000,0x00000000e4c80000,0x00000000e4c80000)
  from space 11776K, 92% used [0x00000000e5a00000,0x00000000e6496730,0x00000000e6580000)
  to   space 12800K, 0% used [0x00000000e4c80000,0x00000000e4c80000,0x00000000e5900000)
 ParOldGen       total 104960K, used 16430K [0x00000000a0000000, 0x00000000a6680000, 0x00000000e0000000)
  object space 104960K, 15% used [0x00000000a0000000,0x00000000a100b9f8,0x00000000a6680000)
 Metaspace       used 47487K, capacity 48820K, committed 49152K, reserved 1091584K
  class space    used 6536K, capacity 6801K, committed 6912K, reserved 1048576K
Event: 20.842 GC heap after
Heap after GC invocations=15 (full 2):
 PSYoungGen      total 91136K, used 12771K [0x00000000e0000000, 0x00000000e8180000, 0x0000000100000000)
  eden space 78336K, 0% used [0x00000000e0000000,0x00000000e0000000,0x00000000e4c80000)
  from space 12800K, 99% used [0x00000000e4c80000,0x00000000e58f8c80,0x00000000e5900000)
  to   space 15360K, 0% used [0x00000000e7280000,0x00000000e7280000,0x00000000e8180000)
 ParOldGen       total 104960K, used 19627K [0x00000000a0000000, 0x00000000a6680000, 0x00000000e0000000)
  object space 104960K, 18% used [0x00000000a0000000,0x00000000a132ac28,0x00000000a6680000)
 Metaspace       used 47487K, capacity 48820K, committed 49152K, reserved 1091584K
  class space    used 6536K, capacity 6801K, committed 6912K, reserved 1048576K
}
Event: 25.253 GC heap before
{Heap before GC invocations=16 (full 2):
 PSYoungGen      total 91136K, used 91107K [0x00000000e0000000, 0x00000000e8180000, 0x0000000100000000)
  eden space 78336K, 100% used [0x00000000e0000000,0x00000000e4c80000,0x00000000e4c80000)
  from space 12800K, 99% used [0x00000000e4c80000,0x00000000e58f8c80,0x00000000e5900000)
  to   space 15360K, 0% used [0x00000000e7280000,0x00000000e7280000,0x00000000e8180000)
 ParOldGen       total 104960K, used 19627K [0x00000000a0000000, 0x00000000a6680000, 0x00000000e0000000)
  object space 104960K, 18% used [0x00000000a0000000,0x00000000a132ac28,0x00000000a6680000)
 Metaspace       used 51392K, capacity 52958K, committed 53248K, reserved 1095680K
  class space    used 7055K, capacity 7378K, committed 7424K, reserved 1048576K
Event: 25.282 GC heap after
Heap after GC invocations=16 (full 2):
 PSYoungGen      total 112640K, used 15331K [0x00000000e0000000, 0x00000000e8880000, 0x0000000100000000)
  eden space 97280K, 0% used [0x00000000e0000000,0x00000000e0000000,0x00000000e5f00000)
  from space 15360K, 99% used [0x00000000e7280000,0x00000000e8178c70,0x00000000e8180000)
  to   space 19968K, 0% used [0x00000000e5f00000,0x00000000e5f00000,0x00000000e7280000)
 ParOldGen       total 104960K, used 26257K [0x00000000a0000000, 0x00000000a6680000, 0x00000000e0000000)
  object space 104960K, 25% used [0x00000000a0000000,0x00000000a19a45f8,0x00000000a6680000)
 Metaspace       used 51392K, capacity 52958K, committed 53248K, reserved 1095680K
  class space    used 7055K, capacity 7378K, committed 7424K, reserved 1048576K
}

