# JRE version: Java(TM) SE Runtime Environment (8.0_121-b13) (build 1.8.0_121-b13)
# Java VM: Java HotSpot(TM) 64-Bit Server VM (25.121-b13 mixed mode linux-amd64 compressed oops)
Heap:
 PSYoungGen      total 451584K, used 451572K [0x00000000e0000000, 0x0000000100000000, 0x0000000100000000)
  eden space 413184K, 100% used [0x00000000e0000000,0x00000000f9380000,0x00000000f9380000)
  from space 38400K, 99% used [0x00000000fc700000,0x00000000fec7d2a0,0x00000000fec80000)
  to   space 52736K, 20% used [0x00000000f9380000,0x00000000f9ddb0f8,0x00000000fc700000)
 ParOldGen       total 165888K, used 103336K [0x00000000a0000000, 0x00000000aa200000, 0x00000000e0000000)
  object space 165888K, 62% used [0x00000000a0000000,0x00000000a64ea3e0,0x00000000aa200000)
 Metaspace       used 94632K, capacity 100036K, committed 100184K, reserved 1136640K
  class space    used 12147K, capacity 13091K, committed 13184K, reserved 1048576K
GC Heap History (10 events):
Event: 1827.900 GC heap after
Heap after GC invocations=42 (full 4):
 PSYoungGen      total 381440K, used 0K [0x00000000e0000000, 0x00000000fb700000, 0x0000000100000000)
  eden space 354816K, 0% used [0x00000000e0000000,0x00000000e0000000,0x00000000f5a80000)
  from space 26624K, 0% used [0x00000000f9d00000,0x00000000f9d00000,0x00000000fb700000)
  to   space 41984K, 0% used [0x00000000f6500000,0x00000000f6500000,0x00000000f8e00000)
 ParOldGen       total 165888K, used 82175K [0x00000000a0000000, 0x00000000aa200000, 0x00000000e0000000)
  object space 165888K, 49% used [0x00000000a0000000,0x00000000a503ff70,0x00000000aa200000)
 Metaspace       used 92730K, capacity 97788K, committed 98392K, reserved 1134592K
  class space    used 11964K, capacity 12849K, committed 12928K, reserved 1048576K
}
Event: 1828.318 GC heap before
{Heap before GC invocations=43 (full 4):
 PSYoungGen      total 381440K, used 354065K [0x00000000e0000000, 0x00000000fb700000, 0x0000000100000000)
  eden space 354816K, 99% used [0x00000000e0000000,0x00000000f59c44b8,0x00000000f5a80000)
  from space 26624K, 0% used [0x00000000f9d00000,0x00000000f9d00000,0x00000000fb700000)
  to   space 41984K, 0% used [0x00000000f6500000,0x00000000f6500000,0x00000000f8e00000)
 ParOldGen       total 165888K, used 82175K [0x00000000a0000000, 0x00000000aa200000, 0x00000000e0000000)
  object space 165888K, 49% used [0x00000000a0000000,0x00000000a503ff70,0x00000000aa200000)
 Metaspace       used 92788K, capacity 97796K, committed 98392K, reserved 1134592K
  class space    used 11964K, capacity 12849K, committed 12928K, reserved 1048576K
Event: 1828.324 GC heap after
Heap after GC invocations=43 (full 4):
 PSYoungGen      total 407552K, used 5654K [0x00000000e0000000, 0x00000000fd200000, 0x0000000100000000)
  eden space 365568K, 0% used [0x00000000e0000000,0x00000000e0000000,0x00000000f6500000)
  from space 41984K, 13% used [0x00000000f6500000,0x00000000f6a859a8,0x00000000f8e00000)
  to   space 41472K, 0% used [0x00000000fa980000,0x00000000fa980000,0x00000000fd200000)
 ParOldGen       total 165888K, used 82183K [0x00000000a0000000, 0x00000000aa200000, 0x00000000e0000000)
  object space 165888K, 49% used [0x00000000a0000000,0x00000000a5041f70,0x00000000aa200000)
 Metaspace       used 92788K, capacity 97796K, committed 98392K, reserved 1134592K
  class space    used 11964K, capacity 12849K, committed 12928K, reserved 1048576K
}
Event: 2213.327 GC heap before
{Heap before GC invocations=44 (full 4):
 PSYoungGen      total 407552K, used 371010K [0x00000000e0000000, 0x00000000fd200000, 0x0000000100000000)
  eden space 365568K, 99% used [0x00000000e0000000,0x00000000f64cb070,0x00000000f6500000)
  from space 41984K, 13% used [0x00000000f6500000,0x00000000f6a859a8,0x00000000f8e00000)
  to   space 41472K, 0% used [0x00000000fa980000,0x00000000fa980000,0x00000000fd200000)
 ParOldGen       total 165888K, used 82183K [0x00000000a0000000, 0x00000000aa200000, 0x00000000e0000000)
  object space 165888K, 49% used [0x00000000a0000000,0x00000000a5041f70,0x00000000aa200000)
 Metaspace       used 93259K, capacity 98592K, committed 98776K, reserved 1134592K
  class space    used 12039K, capacity 12937K, committed 13056K, reserved 1048576K
Event: 2213.339 GC heap after
Heap after GC invocations=44 (full 4):
 PSYoungGen      total 436224K, used 6708K [0x00000000e0000000, 0x00000000fd680000, 0x0000000100000000)
  eden space 394752K, 0% used [0x00000000e0000000,0x00000000e0000000,0x00000000f8180000)
  from space 41472K, 16% used [0x00000000fa980000,0x00000000fb00d068,0x00000000fd200000)
  to   space 40960K, 0% used [0x00000000f8180000,0x00000000f8180000,0x00000000fa980000)
 ParOldGen       total 165888K, used 82191K [0x00000000a0000000, 0x00000000aa200000, 0x00000000e0000000)
  object space 165888K, 49% used [0x00000000a0000000,0x00000000a5043f70,0x00000000aa200000)
 Metaspace       used 93259K, capacity 98592K, committed 98776K, reserved 1134592K
  class space    used 12039K, capacity 12937K, committed 13056K, reserved 1048576K
}
Event: 2216.161 GC heap before
{Heap before GC invocations=45 (full 4):
 PSYoungGen      total 436224K, used 401460K [0x00000000e0000000, 0x00000000fd680000, 0x0000000100000000)
  eden space 394752K, 100% used [0x00000000e0000000,0x00000000f8180000,0x00000000f8180000)
  from space 41472K, 16% used [0x00000000fa980000,0x00000000fb00d068,0x00000000fd200000)
  to   space 40960K, 0% used [0x00000000f8180000,0x00000000f8180000,0x00000000fa980000)
 ParOldGen       total 165888K, used 82191K [0x00000000a0000000, 0x00000000aa200000, 0x00000000e0000000)
  object space 165888K, 49% used [0x00000000a0000000,0x00000000a5043f70,0x00000000aa200000)
 Metaspace       used 94530K, capacity 99938K, committed 100184K, reserved 1136640K
  class space    used 12144K, capacity 13058K, committed 13184K, reserved 1048576K
Event: 2216.179 GC heap after
Heap after GC invocations=45 (full 4):
 PSYoungGen      total 435712K, used 14100K [0x00000000e0000000, 0x00000000fec80000, 0x0000000100000000)
  eden space 394752K, 0% used [0x00000000e0000000,0x00000000e0000000,0x00000000f8180000)
  from space 40960K, 34% used [0x00000000f8180000,0x00000000f8f450b0,0x00000000fa980000)
  to   space 38400K, 0% used [0x00000000fc700000,0x00000000fc700000,0x00000000fec80000)
 ParOldGen       total 165888K, used 82199K [0x00000000a0000000, 0x00000000aa200000, 0x00000000e0000000)
  object space 165888K, 49% used [0x00000000a0000000,0x00000000a5045f70,0x00000000aa200000)
 Metaspace       used 94530K, capacity 99938K, committed 100184K, reserved 1136640K
  class space    used 12144K, capacity 13058K, committed 13184K, reserved 1048576K
}
Event: 2217.151 GC heap before
{Heap before GC invocations=46 (full 4):
 PSYoungGen      total 435712K, used 408852K [0x00000000e0000000, 0x00000000fec80000, 0x0000000100000000)
  eden space 394752K, 100% used [0x00000000e0000000,0x00000000f8180000,0x00000000f8180000)
  from space 40960K, 34% used [0x00000000f8180000,0x00000000f8f450b0,0x00000000fa980000)
  to   space 38400K, 0% used [0x00000000fc700000,0x00000000fc700000,0x00000000fec80000)
 ParOldGen       total 165888K, used 82199K [0x00000000a0000000, 0x00000000aa200000, 0x00000000e0000000)
  object space 165888K, 49% used [0x00000000a0000000,0x00000000a5045f70,0x00000000aa200000)
 Metaspace       used 94559K, capacity 100036K, committed 100184K, reserved 1136640K
  class space    used 12145K, capacity 13091K, committed 13184K, reserved 1048576K
Event: 2217.296 GC heap after
Heap after GC invocations=46 (full 4):
 PSYoungGen      total 451584K, used 38388K [0x00000000e0000000, 0x0000000100000000, 0x0000000100000000)
  eden space 413184K, 0% used [0x00000000e0000000,0x00000000e0000000,0x00000000f9380000)
  from space 38400K, 99% used [0x00000000fc700000,0x00000000fec7d2a0,0x00000000fec80000)
  to   space 52736K, 0% used [0x00000000f9380000,0x00000000f9380000,0x00000000fc700000)
 ParOldGen       total 165888K, used 103336K [0x00000000a0000000, 0x00000000aa200000, 0x00000000e0000000)
  object space 165888K, 62% used [0x00000000a0000000,0x00000000a64ea3e0,0x00000000aa200000)
 Metaspace       used 94559K, capacity 100036K, committed 100184K, reserved 1136640K
  class space    used 12145K, capacity 13091K, committed 13184K, reserved 1048576K
}
Event: 2219.965 GC heap before
{Heap before GC invocations=47 (full 4):
 PSYoungGen      total 451584K, used 451572K [0x00000000e0000000, 0x0000000100000000, 0x0000000100000000)
  eden space 413184K, 100% used [0x00000000e0000000,0x00000000f9380000,0x00000000f9380000)
  from space 38400K, 99% used [0x00000000fc700000,0x00000000fec7d2a0,0x00000000fec80000)
  to   space 52736K, 0% used [0x00000000f9380000,0x00000000f9380000,0x00000000fc700000)
 ParOldGen       total 165888K, used 103336K [0x00000000a0000000, 0x00000000aa200000, 0x00000000e0000000)
  object space 165888K, 62% used [0x00000000a0000000,0x00000000a64ea3e0,0x00000000aa200000)
 Metaspace       used 94632K, capacity 100036K, committed 100184K, reserved 1136640K
  class space    used 12147K, capacity 13091K, committed 13184K, reserved 1048576K

