# JRE version: Java(TM) SE Runtime Environment (8.0_121-b13) (build 1.8.0_121-b13)
# Java VM: Java HotSpot(TM) 64-Bit Server VM (25.121-b13 mixed mode linux-amd64 compressed oops)
Heap:
 PSYoungGen      total 53248K, used 47821K [0x00000000e0000000, 0x00000000e3e80000, 0x0000000100000000)
  eden space 43008K, 100% used [0x00000000e0000000,0x00000000e2a00000,0x00000000e2a00000)
  from space 10240K, 47% used [0x00000000e3380000,0x00000000e38335c8,0x00000000e3d80000)
  to   space 9728K, 39% used [0x00000000e2a00000,0x00000000e2dbc020,0x00000000e3380000)
 ParOldGen       total 67072K, used 8494K [0x00000000a0000000, 0x00000000a4180000, 0x00000000e0000000)
  object space 67072K, 12% used [0x00000000a0000000,0x00000000a084b938,0x00000000a4180000)
 Metaspace       used 28612K, capacity 29034K, committed 29184K, reserved 1075200K
  class space    used 3991K, capacity 4088K, committed 4096K, reserved 1048576K
GC Heap History (10 events):
Event: 9.543 GC heap after
Heap after GC invocations=3 (full 0):
 PSYoungGen      total 36864K, used 5101K [0x00000000e0000000, 0x00000000e2900000, 0x0000000100000000)
  eden space 31744K, 0% used [0x00000000e0000000,0x00000000e0000000,0x00000000e1f00000)
  from space 5120K, 99% used [0x00000000e1f00000,0x00000000e23fb698,0x00000000e2400000)
  to   space 5120K, 0% used [0x00000000e2400000,0x00000000e2400000,0x00000000e2900000)
 ParOldGen       total 84992K, used 3252K [0x00000000a0000000, 0x00000000a5300000, 0x00000000e0000000)
  object space 84992K, 3% used [0x00000000a0000000,0x00000000a032d0a8,0x00000000a5300000)
 Metaspace       used 16120K, capacity 16512K, committed 16896K, reserved 1062912K
  class space    used 2303K, capacity 2445K, committed 2560K, reserved 1048576K
}
Event: 12.446 GC heap before
{Heap before GC invocations=4 (full 0):
 PSYoungGen      total 36864K, used 29825K [0x00000000e0000000, 0x00000000e2900000, 0x0000000100000000)
  eden space 31744K, 77% used [0x00000000e0000000,0x00000000e1825020,0x00000000e1f00000)
  from space 5120K, 99% used [0x00000000e1f00000,0x00000000e23fb698,0x00000000e2400000)
  to   space 5120K, 0% used [0x00000000e2400000,0x00000000e2400000,0x00000000e2900000)
 ParOldGen       total 84992K, used 3252K [0x00000000a0000000, 0x00000000a5300000, 0x00000000e0000000)
  object space 84992K, 3% used [0x00000000a0000000,0x00000000a032d0a8,0x00000000a5300000)
 Metaspace       used 20852K, capacity 21188K, committed 21296K, reserved 1067008K
  class space    used 2811K, capacity 2933K, committed 2944K, reserved 1048576K
Event: 12.467 GC heap after
Heap after GC invocations=4 (full 0):
 PSYoungGen      total 36864K, used 5104K [0x00000000e0000000, 0x00000000e2900000, 0x0000000100000000)
  eden space 31744K, 0% used [0x00000000e0000000,0x00000000e0000000,0x00000000e1f00000)
  from space 5120K, 99% used [0x00000000e2400000,0x00000000e28fc040,0x00000000e2900000)
  to   space 5120K, 0% used [0x00000000e1f00000,0x00000000e1f00000,0x00000000e2400000)
 ParOldGen       total 84992K, used 6754K [0x00000000a0000000, 0x00000000a5300000, 0x00000000e0000000)
  object space 84992K, 7% used [0x00000000a0000000,0x00000000a0698bd0,0x00000000a5300000)
 Metaspace       used 20852K, capacity 21188K, committed 21296K, reserved 1067008K
  class space    used 2811K, capacity 2933K, committed 2944K, reserved 1048576K
}
Event: 12.467 GC heap before
{Heap before GC invocations=5 (full 1):
 PSYoungGen      total 36864K, used 5104K [0x00000000e0000000, 0x00000000e2900000, 0x0000000100000000)
  eden space 31744K, 0% used [0x00000000e0000000,0x00000000e0000000,0x00000000e1f00000)
  from space 5120K, 99% used [0x00000000e2400000,0x00000000e28fc040,0x00000000e2900000)
  to   space 5120K, 0% used [0x00000000e1f00000,0x00000000e1f00000,0x00000000e2400000)
 ParOldGen       total 84992K, used 6754K [0x00000000a0000000, 0x00000000a5300000, 0x00000000e0000000)
  object space 84992K, 7% used [0x00000000a0000000,0x00000000a0698bd0,0x00000000a5300000)
 Metaspace       used 20852K, capacity 21188K, committed 21296K, reserved 1067008K
  class space    used 2811K, capacity 2933K, committed 2944K, reserved 1048576K
Event: 12.602 GC heap after
Heap after GC invocations=5 (full 1):
 PSYoungGen      total 36864K, used 0K [0x00000000e0000000, 0x00000000e2900000, 0x0000000100000000)
  eden space 31744K, 0% used [0x00000000e0000000,0x00000000e0000000,0x00000000e1f00000)
  from space 5120K, 0% used [0x00000000e2400000,0x00000000e2400000,0x00000000e2900000)
  to   space 5120K, 0% used [0x00000000e1f00000,0x00000000e1f00000,0x00000000e2400000)
 ParOldGen       total 67072K, used 8406K [0x00000000a0000000, 0x00000000a4180000, 0x00000000e0000000)
  object space 67072K, 12% used [0x00000000a0000000,0x00000000a0835928,0x00000000a4180000)
 Metaspace       used 20852K, capacity 21188K, committed 21296K, reserved 1067008K
  class space    used 2811K, capacity 2933K, committed 2944K, reserved 1048576K
}
Event: 13.851 GC heap before
{Heap before GC invocations=6 (full 1):
 PSYoungGen      total 36864K, used 31744K [0x00000000e0000000, 0x00000000e2900000, 0x0000000100000000)
  eden space 31744K, 100% used [0x00000000e0000000,0x00000000e1f00000,0x00000000e1f00000)
  from space 5120K, 0% used [0x00000000e2400000,0x00000000e2400000,0x00000000e2900000)
  to   space 5120K, 0% used [0x00000000e1f00000,0x00000000e1f00000,0x00000000e2400000)
 ParOldGen       total 67072K, used 8406K [0x00000000a0000000, 0x00000000a4180000, 0x00000000e0000000)
  object space 67072K, 12% used [0x00000000a0000000,0x00000000a0835928,0x00000000a4180000)
 Metaspace       used 23734K, capacity 24148K, committed 24448K, reserved 1071104K
  class space    used 3290K, capacity 3401K, committed 3456K, reserved 1048576K
Event: 13.862 GC heap after
Heap after GC invocations=6 (full 1):
 PSYoungGen      total 36864K, used 4531K [0x00000000e0000000, 0x00000000e3d80000, 0x0000000100000000)
  eden space 31744K, 0% used [0x00000000e0000000,0x00000000e0000000,0x00000000e1f00000)
  from space 5120K, 88% used [0x00000000e1f00000,0x00000000e236cfa8,0x00000000e2400000)
  to   space 10240K, 0% used [0x00000000e3380000,0x00000000e3380000,0x00000000e3d80000)
 ParOldGen       total 67072K, used 8414K [0x00000000a0000000, 0x00000000a4180000, 0x00000000e0000000)
  object space 67072K, 12% used [0x00000000a0000000,0x00000000a0837928,0x00000000a4180000)
 Metaspace       used 23734K, capacity 24148K, committed 24448K, reserved 1071104K
  class space    used 3290K, capacity 3401K, committed 3456K, reserved 1048576K
}
Event: 14.994 GC heap before
{Heap before GC invocations=7 (full 1):
 PSYoungGen      total 36864K, used 36275K [0x00000000e0000000, 0x00000000e3d80000, 0x0000000100000000)
  eden space 31744K, 100% used [0x00000000e0000000,0x00000000e1f00000,0x00000000e1f00000)
  from space 5120K, 88% used [0x00000000e1f00000,0x00000000e236cfa8,0x00000000e2400000)
  to   space 10240K, 0% used [0x00000000e3380000,0x00000000e3380000,0x00000000e3d80000)
 ParOldGen       total 67072K, used 8414K [0x00000000a0000000, 0x00000000a4180000, 0x00000000e0000000)
  object space 67072K, 12% used [0x00000000a0000000,0x00000000a0837928,0x00000000a4180000)
 Metaspace       used 25805K, capacity 26314K, committed 26624K, reserved 1073152K
  class space    used 3662K, capacity 3800K, committed 3840K, reserved 1048576K
Event: 15.008 GC heap after
Heap after GC invocations=7 (full 1):
 PSYoungGen      total 53248K, used 4813K [0x00000000e0000000, 0x00000000e3e80000, 0x0000000100000000)
  eden space 43008K, 0% used [0x00000000e0000000,0x00000000e0000000,0x00000000e2a00000)
  from space 10240K, 47% used [0x00000000e3380000,0x00000000e38335c8,0x00000000e3d80000)
  to   space 9728K, 0% used [0x00000000e2a00000,0x00000000e2a00000,0x00000000e3380000)
 ParOldGen       total 67072K, used 8422K [0x00000000a0000000, 0x00000000a4180000, 0x00000000e0000000)
  object space 67072K, 12% used [0x00000000a0000000,0x00000000a0839928,0x00000000a4180000)
 Metaspace       used 25805K, capacity 26314K, committed 26624K, reserved 1073152K
  class space    used 3662K, capacity 3800K, committed 3840K, reserved 1048576K
}
Event: 17.859 GC heap before
{Heap before GC invocations=8 (full 1):
 PSYoungGen      total 53248K, used 47821K [0x00000000e0000000, 0x00000000e3e80000, 0x0000000100000000)
  eden space 43008K, 100% used [0x00000000e0000000,0x00000000e2a00000,0x00000000e2a00000)
  from space 10240K, 47% used [0x00000000e3380000,0x00000000e38335c8,0x00000000e3d80000)
  to   space 9728K, 0% used [0x00000000e2a00000,0x00000000e2a00000,0x00000000e3380000)
 ParOldGen       total 67072K, used 8422K [0x00000000a0000000, 0x00000000a4180000, 0x00000000e0000000)
  object space 67072K, 12% used [0x00000000a0000000,0x00000000a0839928,0x00000000a4180000)
 Metaspace       used 28612K, capacity 29034K, committed 29184K, reserved 1075200K
  class space    used 3991K, capacity 4088K, committed 4096K, reserved 1048576K

