# JRE version: Java(TM) SE Runtime Environment (8.0_121-b13) (build 1.8.0_121-b13)
# Java VM: Java HotSpot(TM) 64-Bit Server VM (25.121-b13 mixed mode linux-amd64 compressed oops)
Heap:
 PSYoungGen      total 222208K, used 185961K [0x00000000e0000000, 0x00000000f5f00000, 0x0000000100000000)
  eden space 182272K, 80% used [0x00000000e0000000,0x00000000e8e9e550,0x00000000eb200000)
  from space 39936K, 99% used [0x00000000eb200000,0x00000000ed8fc260,0x00000000ed900000)
  to   space 52224K, 0% used [0x00000000f2c00000,0x00000000f2c00000,0x00000000f5f00000)
 ParOldGen       total 155136K, used 80115K [0x00000000a0000000, 0x00000000a9780000, 0x00000000e0000000)
  object space 155136K, 51% used [0x00000000a0000000,0x00000000a4e3cfa0,0x00000000a9780000)
 Metaspace       used 63506K, capacity 65480K, committed 65496K, reserved 1105920K
  class space    used 8315K, capacity 8694K, committed 8704K, reserved 1048576K
GC Heap History (10 events):
Event: 18.097 GC heap before
{Heap before GC invocations=14 (full 2):
 PSYoungGen      total 146432K, used 25012K [0x00000000e0000000, 0x00000000ebd00000, 0x0000000100000000)
  eden space 126464K, 3% used [0x00000000e0000000,0x00000000e04ed830,0x00000000e7b80000)
  from space 19968K, 99% used [0x00000000e7b80000,0x00000000e8eff8e0,0x00000000e8f00000)
  to   space 23552K, 0% used [0x00000000ea600000,0x00000000ea600000,0x00000000ebd00000)
 ParOldGen       total 108544K, used 29739K [0x00000000a0000000, 0x00000000a6a00000, 0x00000000e0000000)
  object space 108544K, 27% used [0x00000000a0000000,0x00000000a1d0ac60,0x00000000a6a00000)
 Metaspace       used 57295K, capacity 59062K, committed 59096K, reserved 1099776K
  class space    used 7785K, capacity 8163K, committed 8192K, reserved 1048576K
Event: 18.127 GC heap after
Heap after GC invocations=14 (full 2):
 PSYoungGen      total 169984K, used 14948K [0x00000000e0000000, 0x00000000ed300000, 0x0000000100000000)
  eden space 146432K, 0% used [0x00000000e0000000,0x00000000e0000000,0x00000000e8f00000)
  from space 23552K, 63% used [0x00000000ea600000,0x00000000eb499328,0x00000000ebd00000)
  to   space 23552K, 0% used [0x00000000e8f00000,0x00000000e8f00000,0x00000000ea600000)
 ParOldGen       total 108544K, used 35169K [0x00000000a0000000, 0x00000000a6a00000, 0x00000000e0000000)
  object space 108544K, 32% used [0x00000000a0000000,0x00000000a2258708,0x00000000a6a00000)
 Metaspace       used 57295K, capacity 59062K, committed 59096K, reserved 1099776K
  class space    used 7785K, capacity 8163K, committed 8192K, reserved 1048576K
}
Event: 18.127 GC heap before
{Heap before GC invocations=15 (full 3):
 PSYoungGen      total 169984K, used 14948K [0x00000000e0000000, 0x00000000ed300000, 0x0000000100000000)
  eden space 146432K, 0% used [0x00000000e0000000,0x00000000e0000000,0x00000000e8f00000)
  from space 23552K, 63% used [0x00000000ea600000,0x00000000eb499328,0x00000000ebd00000)
  to   space 23552K, 0% used [0x00000000e8f00000,0x00000000e8f00000,0x00000000ea600000)
 ParOldGen       total 108544K, used 35169K [0x00000000a0000000, 0x00000000a6a00000, 0x00000000e0000000)
  object space 108544K, 32% used [0x00000000a0000000,0x00000000a2258708,0x00000000a6a00000)
 Metaspace       used 57295K, capacity 59062K, committed 59096K, reserved 1099776K
  class space    used 7785K, capacity 8163K, committed 8192K, reserved 1048576K
Event: 18.364 GC heap after
Heap after GC invocations=15 (full 3):
 PSYoungGen      total 169984K, used 0K [0x00000000e0000000, 0x00000000ed300000, 0x0000000100000000)
  eden space 146432K, 0% used [0x00000000e0000000,0x00000000e0000000,0x00000000e8f00000)
  from space 23552K, 0% used [0x00000000ea600000,0x00000000ea600000,0x00000000ebd00000)
  to   space 23552K, 0% used [0x00000000e8f00000,0x00000000e8f00000,0x00000000ea600000)
 ParOldGen       total 155136K, used 39450K [0x00000000a0000000, 0x00000000a9780000, 0x00000000e0000000)
  object space 155136K, 25% used [0x00000000a0000000,0x00000000a2686ac8,0x00000000a9780000)
 Metaspace       used 57295K, capacity 59062K, committed 59096K, reserved 1099776K
  class space    used 7785K, capacity 8163K, committed 8192K, reserved 1048576K
}
Event: 20.686 GC heap before
{Heap before GC invocations=16 (full 3):
 PSYoungGen      total 169984K, used 146432K [0x00000000e0000000, 0x00000000ed300000, 0x0000000100000000)
  eden space 146432K, 100% used [0x00000000e0000000,0x00000000e8f00000,0x00000000e8f00000)
  from space 23552K, 0% used [0x00000000ea600000,0x00000000ea600000,0x00000000ebd00000)
  to   space 23552K, 0% used [0x00000000e8f00000,0x00000000e8f00000,0x00000000ea600000)
 ParOldGen       total 155136K, used 39450K [0x00000000a0000000, 0x00000000a9780000, 0x00000000e0000000)
  object space 155136K, 25% used [0x00000000a0000000,0x00000000a2686ac8,0x00000000a9780000)
 Metaspace       used 61006K, capacity 62906K, committed 63064K, reserved 1103872K
  class space    used 8150K, capacity 8553K, committed 8576K, reserved 1048576K
Event: 20.717 GC heap after
Heap after GC invocations=16 (full 3):
 PSYoungGen      total 169984K, used 23550K [0x00000000e0000000, 0x00000000ef400000, 0x0000000100000000)
  eden space 146432K, 0% used [0x00000000e0000000,0x00000000e0000000,0x00000000e8f00000)
  from space 23552K, 99% used [0x00000000e8f00000,0x00000000ea5ff998,0x00000000ea600000)
  to   space 27648K, 0% used [0x00000000ed900000,0x00000000ed900000,0x00000000ef400000)
 ParOldGen       total 155136K, used 41175K [0x00000000a0000000, 0x00000000a9780000, 0x00000000e0000000)
  object space 155136K, 26% used [0x00000000a0000000,0x00000000a2835f08,0x00000000a9780000)
 Metaspace       used 61006K, capacity 62906K, committed 63064K, reserved 1103872K
  class space    used 8150K, capacity 8553K, committed 8576K, reserved 1048576K
}
Event: 21.632 GC heap before
{Heap before GC invocations=17 (full 3):
 PSYoungGen      total 169984K, used 169982K [0x00000000e0000000, 0x00000000ef400000, 0x0000000100000000)
  eden space 146432K, 100% used [0x00000000e0000000,0x00000000e8f00000,0x00000000e8f00000)
  from space 23552K, 99% used [0x00000000e8f00000,0x00000000ea5ff998,0x00000000ea600000)
  to   space 27648K, 0% used [0x00000000ed900000,0x00000000ed900000,0x00000000ef400000)
 ParOldGen       total 155136K, used 41175K [0x00000000a0000000, 0x00000000a9780000, 0x00000000e0000000)
  object space 155136K, 26% used [0x00000000a0000000,0x00000000a2835f08,0x00000000a9780000)
 Metaspace       used 61137K, capacity 63034K, committed 63064K, reserved 1103872K
  class space    used 8151K, capacity 8553K, committed 8576K, reserved 1048576K
Event: 21.705 GC heap after
Heap after GC invocations=17 (full 3):
 PSYoungGen      total 209920K, used 27618K [0x00000000e0000000, 0x00000000f1180000, 0x0000000100000000)
  eden space 182272K, 0% used [0x00000000e0000000,0x00000000e0000000,0x00000000eb200000)
  from space 27648K, 99% used [0x00000000ed900000,0x00000000ef3f8a88,0x00000000ef400000)
  to   space 39936K, 0% used [0x00000000eb200000,0x00000000eb200000,0x00000000ed900000)
 ParOldGen       total 155136K, used 63237K [0x00000000a0000000, 0x00000000a9780000, 0x00000000e0000000)
  object space 155136K, 40% used [0x00000000a0000000,0x00000000a3dc15c0,0x00000000a9780000)
 Metaspace       used 61137K, capacity 63034K, committed 63064K, reserved 1103872K
  class space    used 8151K, capacity 8553K, committed 8576K, reserved 1048576K
}
Event: 22.331 GC heap before
{Heap before GC invocations=18 (full 3):
 PSYoungGen      total 209920K, used 209890K [0x00000000e0000000, 0x00000000f1180000, 0x0000000100000000)
  eden space 182272K, 100% used [0x00000000e0000000,0x00000000eb200000,0x00000000eb200000)
  from space 27648K, 99% used [0x00000000ed900000,0x00000000ef3f8a88,0x00000000ef400000)
  to   space 39936K, 0% used [0x00000000eb200000,0x00000000eb200000,0x00000000ed900000)
 ParOldGen       total 155136K, used 63237K [0x00000000a0000000, 0x00000000a9780000, 0x00000000e0000000)
  object space 155136K, 40% used [0x00000000a0000000,0x00000000a3dc15c0,0x00000000a9780000)
 Metaspace       used 61222K, capacity 63098K, committed 63320K, reserved 1103872K
  class space    used 8151K, capacity 8553K, committed 8576K, reserved 1048576K
Event: 22.396 GC heap after
Heap after GC invocations=18 (full 3):
 PSYoungGen      total 222208K, used 39920K [0x00000000e0000000, 0x00000000f5f00000, 0x0000000100000000)
  eden space 182272K, 0% used [0x00000000e0000000,0x00000000e0000000,0x00000000eb200000)
  from space 39936K, 99% used [0x00000000eb200000,0x00000000ed8fc260,0x00000000ed900000)
  to   space 52224K, 0% used [0x00000000f2c00000,0x00000000f2c00000,0x00000000f5f00000)
 ParOldGen       total 155136K, used 80115K [0x00000000a0000000, 0x00000000a9780000, 0x00000000e0000000)
  object space 155136K, 51% used [0x00000000a0000000,0x00000000a4e3cfa0,0x00000000a9780000)
 Metaspace       used 61222K, capacity 63098K, committed 63320K, reserved 1103872K
  class space    used 8151K, capacity 8553K, committed 8576K, reserved 1048576K
}

