# JRE version: Java(TM) SE Runtime Environment (8.0_121-b13) (build 1.8.0_121-b13)
# Java VM: Java HotSpot(TM) 64-Bit Server VM (25.121-b13 mixed mode linux-amd64 compressed oops)
Heap:
 PSYoungGen      total 136192K, used 112142K [0x00000000e0000000, 0x00000000ea000000, 0x0000000100000000)
  eden space 121856K, 80% used [0x00000000e0000000,0x00000000e5f87810,0x00000000e7700000)
  from space 14336K, 99% used [0x00000000e8900000,0x00000000e96fbff0,0x00000000e9700000)
  to   space 18432K, 0% used [0x00000000e7700000,0x00000000e7700000,0x00000000e8900000)
 ParOldGen       total 112128K, used 26606K [0x00000000a0000000, 0x00000000a6d80000, 0x00000000e0000000)
  object space 112128K, 23% used [0x00000000a0000000,0x00000000a19fbb20,0x00000000a6d80000)
 Metaspace       used 53511K, capacity 55758K, committed 55896K, reserved 1097728K
  class space    used 7483K, capacity 7970K, committed 8064K, reserved 1048576K
GC Heap History (10 events):
Event: 5.511 GC heap before
{Heap before GC invocations=8 (full 1):
 PSYoungGen      total 91136K, used 59847K [0x00000000e0000000, 0x00000000e6400000, 0x0000000100000000)
  eden space 81920K, 64% used [0x00000000e0000000,0x00000000e339e880,0x00000000e5000000)
  from space 9216K, 75% used [0x00000000e5b00000,0x00000000e61d3638,0x00000000e6400000)
  to   space 10240K, 0% used [0x00000000e5000000,0x00000000e5000000,0x00000000e5a00000)
 ParOldGen       total 68608K, used 12086K [0x00000000a0000000, 0x00000000a4300000, 0x00000000e0000000)
  object space 68608K, 17% used [0x00000000a0000000,0x00000000a0bcd820,0x00000000a4300000)
 Metaspace       used 34600K, capacity 35384K, committed 35416K, reserved 1079296K
  class space    used 4780K, capacity 4987K, committed 4992K, reserved 1048576K
Event: 5.525 GC heap after
Heap after GC invocations=8 (full 1):
 PSYoungGen      total 92160K, used 10214K [0x00000000e0000000, 0x00000000e7e80000, 0x0000000100000000)
  eden space 81920K, 0% used [0x00000000e0000000,0x00000000e0000000,0x00000000e5000000)
  from space 10240K, 99% used [0x00000000e5000000,0x00000000e59f99f8,0x00000000e5a00000)
  to   space 12288K, 0% used [0x00000000e7280000,0x00000000e7280000,0x00000000e7e80000)
 ParOldGen       total 68608K, used 12972K [0x00000000a0000000, 0x00000000a4300000, 0x00000000e0000000)
  object space 68608K, 18% used [0x00000000a0000000,0x00000000a0cab080,0x00000000a4300000)
 Metaspace       used 34600K, capacity 35384K, committed 35416K, reserved 1079296K
  class space    used 4780K, capacity 4987K, committed 4992K, reserved 1048576K
}
Event: 5.525 GC heap before
{Heap before GC invocations=9 (full 2):
 PSYoungGen      total 92160K, used 10214K [0x00000000e0000000, 0x00000000e7e80000, 0x0000000100000000)
  eden space 81920K, 0% used [0x00000000e0000000,0x00000000e0000000,0x00000000e5000000)
  from space 10240K, 99% used [0x00000000e5000000,0x00000000e59f99f8,0x00000000e5a00000)
  to   space 12288K, 0% used [0x00000000e7280000,0x00000000e7280000,0x00000000e7e80000)
 ParOldGen       total 68608K, used 12972K [0x00000000a0000000, 0x00000000a4300000, 0x00000000e0000000)
  object space 68608K, 18% used [0x00000000a0000000,0x00000000a0cab080,0x00000000a4300000)
 Metaspace       used 34600K, capacity 35384K, committed 35416K, reserved 1079296K
  class space    used 4780K, capacity 4987K, committed 4992K, reserved 1048576K
Event: 5.605 GC heap after
Heap after GC invocations=9 (full 2):
 PSYoungGen      total 92160K, used 0K [0x00000000e0000000, 0x00000000e7e80000, 0x0000000100000000)
  eden space 81920K, 0% used [0x00000000e0000000,0x00000000e0000000,0x00000000e5000000)
  from space 10240K, 0% used [0x00000000e5000000,0x00000000e5000000,0x00000000e5a00000)
  to   space 12288K, 0% used [0x00000000e7280000,0x00000000e7280000,0x00000000e7e80000)
 ParOldGen       total 112128K, used 17188K [0x00000000a0000000, 0x00000000a6d80000, 0x00000000e0000000)
  object space 112128K, 15% used [0x00000000a0000000,0x00000000a10c9298,0x00000000a6d80000)
 Metaspace       used 34600K, capacity 35384K, committed 35416K, reserved 1079296K
  class space    used 4780K, capacity 4987K, committed 4992K, reserved 1048576K
}
Event: 6.451 GC heap before
{Heap before GC invocations=10 (full 2):
 PSYoungGen      total 92160K, used 81920K [0x00000000e0000000, 0x00000000e7e80000, 0x0000000100000000)
  eden space 81920K, 100% used [0x00000000e0000000,0x00000000e5000000,0x00000000e5000000)
  from space 10240K, 0% used [0x00000000e5000000,0x00000000e5000000,0x00000000e5a00000)
  to   space 12288K, 0% used [0x00000000e7280000,0x00000000e7280000,0x00000000e7e80000)
 ParOldGen       total 112128K, used 17188K [0x00000000a0000000, 0x00000000a6d80000, 0x00000000e0000000)
  object space 112128K, 15% used [0x00000000a0000000,0x00000000a10c9298,0x00000000a6d80000)
 Metaspace       used 38190K, capacity 39086K, committed 39256K, reserved 1083392K
  class space    used 5263K, capacity 5501K, committed 5504K, reserved 1048576K
Event: 6.468 GC heap after
Heap after GC invocations=10 (full 2):
 PSYoungGen      total 117760K, used 8570K [0x00000000e0000000, 0x00000000e8180000, 0x0000000100000000)
  eden space 105472K, 0% used [0x00000000e0000000,0x00000000e0000000,0x00000000e6700000)
  from space 12288K, 69% used [0x00000000e7280000,0x00000000e7ade878,0x00000000e7e80000)
  to   space 11776K, 0% used [0x00000000e6700000,0x00000000e6700000,0x00000000e7280000)
 ParOldGen       total 112128K, used 17196K [0x00000000a0000000, 0x00000000a6d80000, 0x00000000e0000000)
  object space 112128K, 15% used [0x00000000a0000000,0x00000000a10cb298,0x00000000a6d80000)
 Metaspace       used 38190K, capacity 39086K, committed 39256K, reserved 1083392K
  class space    used 5263K, capacity 5501K, committed 5504K, reserved 1048576K
}
Event: 7.877 GC heap before
{Heap before GC invocations=11 (full 2):
 PSYoungGen      total 117760K, used 114042K [0x00000000e0000000, 0x00000000e8180000, 0x0000000100000000)
  eden space 105472K, 100% used [0x00000000e0000000,0x00000000e6700000,0x00000000e6700000)
  from space 12288K, 69% used [0x00000000e7280000,0x00000000e7ade878,0x00000000e7e80000)
  to   space 11776K, 0% used [0x00000000e6700000,0x00000000e6700000,0x00000000e7280000)
 ParOldGen       total 112128K, used 17196K [0x00000000a0000000, 0x00000000a6d80000, 0x00000000e0000000)
  object space 112128K, 15% used [0x00000000a0000000,0x00000000a10cb298,0x00000000a6d80000)
 Metaspace       used 45373K, capacity 46566K, committed 46808K, reserved 1089536K
  class space    used 6257K, capacity 6559K, committed 6656K, reserved 1048576K
Event: 7.897 GC heap after
Heap after GC invocations=11 (full 2):
 PSYoungGen      total 117248K, used 11756K [0x00000000e0000000, 0x00000000e9700000, 0x0000000100000000)
  eden space 105472K, 0% used [0x00000000e0000000,0x00000000e0000000,0x00000000e6700000)
  from space 11776K, 99% used [0x00000000e6700000,0x00000000e727b0f8,0x00000000e7280000)
  to   space 14336K, 0% used [0x00000000e8900000,0x00000000e8900000,0x00000000e9700000)
 ParOldGen       total 112128K, used 19687K [0x00000000a0000000, 0x00000000a6d80000, 0x00000000e0000000)
  object space 112128K, 17% used [0x00000000a0000000,0x00000000a1339f80,0x00000000a6d80000)
 Metaspace       used 45373K, capacity 46566K, committed 46808K, reserved 1089536K
  class space    used 6257K, capacity 6559K, committed 6656K, reserved 1048576K
}
Event: 9.396 GC heap before
{Heap before GC invocations=12 (full 2):
 PSYoungGen      total 117248K, used 117228K [0x00000000e0000000, 0x00000000e9700000, 0x0000000100000000)
  eden space 105472K, 100% used [0x00000000e0000000,0x00000000e6700000,0x00000000e6700000)
  from space 11776K, 99% used [0x00000000e6700000,0x00000000e727b0f8,0x00000000e7280000)
  to   space 14336K, 0% used [0x00000000e8900000,0x00000000e8900000,0x00000000e9700000)
 ParOldGen       total 112128K, used 19687K [0x00000000a0000000, 0x00000000a6d80000, 0x00000000e0000000)
  object space 112128K, 17% used [0x00000000a0000000,0x00000000a1339f80,0x00000000a6d80000)
 Metaspace       used 49573K, capacity 51178K, committed 51416K, reserved 1093632K
  class space    used 6948K, capacity 7327K, committed 7424K, reserved 1048576K
Event: 9.428 GC heap after
Heap after GC invocations=12 (full 2):
 PSYoungGen      total 136192K, used 14319K [0x00000000e0000000, 0x00000000ea000000, 0x0000000100000000)
  eden space 121856K, 0% used [0x00000000e0000000,0x00000000e0000000,0x00000000e7700000)
  from space 14336K, 99% used [0x00000000e8900000,0x00000000e96fbff0,0x00000000e9700000)
  to   space 18432K, 0% used [0x00000000e7700000,0x00000000e7700000,0x00000000e8900000)
 ParOldGen       total 112128K, used 26606K [0x00000000a0000000, 0x00000000a6d80000, 0x00000000e0000000)
  object space 112128K, 23% used [0x00000000a0000000,0x00000000a19fbb20,0x00000000a6d80000)
 Metaspace       used 49573K, capacity 51178K, committed 51416K, reserved 1093632K
  class space    used 6948K, capacity 7327K, committed 7424K, reserved 1048576K
}

