# JRE version: Java(TM) SE Runtime Environment (8.0_121-b13) (build 1.8.0_121-b13)
# Java VM: Java HotSpot(TM) 64-Bit Server VM (25.121-b13 mixed mode linux-amd64 compressed oops)
Heap:
 PSYoungGen      total 263168K, used 72297K [0x00000000e0000000, 0x00000000f2100000, 0x0000000100000000)
  eden space 237056K, 30% used [0x00000000e0000000,0x00000000e469a588,0x00000000ee780000)
  from space 26112K, 0% used [0x00000000f0200000,0x00000000f0200000,0x00000000f1b80000)
  to   space 27136K, 0% used [0x00000000ee780000,0x00000000ee780000,0x00000000f0200000)
 ParOldGen       total 168960K, used 47489K [0x00000000a0000000, 0x00000000aa500000, 0x00000000e0000000)
  object space 168960K, 28% used [0x00000000a0000000,0x00000000a2e60458,0x00000000aa500000)
 Metaspace       used 56805K, capacity 59511K, committed 59668K, reserved 1099776K
  class space    used 7895K, capacity 8471K, committed 8576K, reserved 1048576K
GC Heap History (10 events):
Event: 84.321 GC heap before
{Heap before GC invocations=9 (full 2):
 PSYoungGen      total 119808K, used 119296K [0x00000000e0000000, 0x00000000ea100000, 0x0000000100000000)
  eden space 119296K, 100% used [0x00000000e0000000,0x00000000e7480000,0x00000000e7480000)
  from space 512K, 0% used [0x00000000e8100000,0x00000000e8100000,0x00000000e8180000)
  to   space 12800K, 0% used [0x00000000e7480000,0x00000000e7480000,0x00000000e8100000)
 ParOldGen       total 106496K, used 16684K [0x00000000a0000000, 0x00000000a6800000, 0x00000000e0000000)
  object space 106496K, 15% used [0x00000000a0000000,0x00000000a104b2a0,0x00000000a6800000)
 Metaspace       used 43282K, capacity 44517K, committed 44760K, reserved 1087488K
  class space    used 5982K, capacity 6277K, committed 6400K, reserved 1048576K
Event: 84.346 GC heap after
Heap after GC invocations=9 (full 2):
 PSYoungGen      total 132096K, used 11918K [0x00000000e0000000, 0x00000000eca80000, 0x0000000100000000)
  eden space 119296K, 0% used [0x00000000e0000000,0x00000000e0000000,0x00000000e7480000)
  from space 12800K, 93% used [0x00000000e7480000,0x00000000e8023870,0x00000000e8100000)
  to   space 13824K, 0% used [0x00000000ebd00000,0x00000000ebd00000,0x00000000eca80000)
 ParOldGen       total 106496K, used 16692K [0x00000000a0000000, 0x00000000a6800000, 0x00000000e0000000)
  object space 106496K, 15% used [0x00000000a0000000,0x00000000a104d2a0,0x00000000a6800000)
 Metaspace       used 43282K, capacity 44517K, committed 44760K, reserved 1087488K
  class space    used 5982K, capacity 6277K, committed 6400K, reserved 1048576K
}
Event: 86.701 GC heap before
{Heap before GC invocations=10 (full 2):
 PSYoungGen      total 132096K, used 131214K [0x00000000e0000000, 0x00000000eca80000, 0x0000000100000000)
  eden space 119296K, 100% used [0x00000000e0000000,0x00000000e7480000,0x00000000e7480000)
  from space 12800K, 93% used [0x00000000e7480000,0x00000000e8023870,0x00000000e8100000)
  to   space 13824K, 0% used [0x00000000ebd00000,0x00000000ebd00000,0x00000000eca80000)
 ParOldGen       total 106496K, used 16692K [0x00000000a0000000, 0x00000000a6800000, 0x00000000e0000000)
  object space 106496K, 15% used [0x00000000a0000000,0x00000000a104d2a0,0x00000000a6800000)
 Metaspace       used 47897K, capacity 49671K, committed 49880K, reserved 1091584K
  class space    used 6674K, capacity 7056K, committed 7168K, reserved 1048576K
Event: 86.726 GC heap after
Heap after GC invocations=10 (full 2):
 PSYoungGen      total 189952K, used 13811K [0x00000000e0000000, 0x00000000ed100000, 0x0000000100000000)
  eden space 176128K, 0% used [0x00000000e0000000,0x00000000e0000000,0x00000000eac00000)
  from space 13824K, 99% used [0x00000000ebd00000,0x00000000eca7cc90,0x00000000eca80000)
  to   space 17408K, 0% used [0x00000000eac00000,0x00000000eac00000,0x00000000ebd00000)
 ParOldGen       total 106496K, used 20733K [0x00000000a0000000, 0x00000000a6800000, 0x00000000e0000000)
  object space 106496K, 19% used [0x00000000a0000000,0x00000000a143f6f0,0x00000000a6800000)
 Metaspace       used 47897K, capacity 49671K, committed 49880K, reserved 1091584K
  class space    used 6674K, capacity 7056K, committed 7168K, reserved 1048576K
}
Event: 90.208 GC heap before
{Heap before GC invocations=11 (full 2):
 PSYoungGen      total 189952K, used 189939K [0x00000000e0000000, 0x00000000ed100000, 0x0000000100000000)
  eden space 176128K, 100% used [0x00000000e0000000,0x00000000eac00000,0x00000000eac00000)
  from space 13824K, 99% used [0x00000000ebd00000,0x00000000eca7cc90,0x00000000eca80000)
  to   space 17408K, 0% used [0x00000000eac00000,0x00000000eac00000,0x00000000ebd00000)
 ParOldGen       total 106496K, used 20733K [0x00000000a0000000, 0x00000000a6800000, 0x00000000e0000000)
  object space 106496K, 19% used [0x00000000a0000000,0x00000000a143f6f0,0x00000000a6800000)
 Metaspace       used 54053K, capacity 56571K, committed 56792K, reserved 1097728K
  class space    used 7562K, capacity 8077K, committed 8192K, reserved 1048576K
Event: 90.311 GC heap after
Heap after GC invocations=11 (full 2):
 PSYoungGen      total 193536K, used 17376K [0x00000000e0000000, 0x00000000f1b80000, 0x0000000100000000)
  eden space 176128K, 0% used [0x00000000e0000000,0x00000000e0000000,0x00000000eac00000)
  from space 17408K, 99% used [0x00000000eac00000,0x00000000ebcf8208,0x00000000ebd00000)
  to   space 26112K, 0% used [0x00000000f0200000,0x00000000f0200000,0x00000000f1b80000)
 ParOldGen       total 106496K, used 36072K [0x00000000a0000000, 0x00000000a6800000, 0x00000000e0000000)
  object space 106496K, 33% used [0x00000000a0000000,0x00000000a233a1f8,0x00000000a6800000)
 Metaspace       used 54053K, capacity 56571K, committed 56792K, reserved 1097728K
  class space    used 7562K, capacity 8077K, committed 8192K, reserved 1048576K
}
Event: 92.393 GC heap before
{Heap before GC invocations=12 (full 2):
 PSYoungGen      total 193536K, used 71897K [0x00000000e0000000, 0x00000000f1b80000, 0x0000000100000000)
  eden space 176128K, 30% used [0x00000000e0000000,0x00000000e353e508,0x00000000eac00000)
  from space 17408K, 99% used [0x00000000eac00000,0x00000000ebcf8208,0x00000000ebd00000)
  to   space 26112K, 0% used [0x00000000f0200000,0x00000000f0200000,0x00000000f1b80000)
 ParOldGen       total 106496K, used 36072K [0x00000000a0000000, 0x00000000a6800000, 0x00000000e0000000)
  object space 106496K, 33% used [0x00000000a0000000,0x00000000a233a1f8,0x00000000a6800000)
 Metaspace       used 56389K, capacity 58979K, committed 59028K, reserved 1099776K
  class space    used 7864K, capacity 8429K, committed 8448K, reserved 1048576K
Event: 92.449 GC heap after
Heap after GC invocations=12 (full 2):
 PSYoungGen      total 263168K, used 18720K [0x00000000e0000000, 0x00000000f2100000, 0x0000000100000000)
  eden space 237056K, 0% used [0x00000000e0000000,0x00000000e0000000,0x00000000ee780000)
  from space 26112K, 71% used [0x00000000f0200000,0x00000000f1448020,0x00000000f1b80000)
  to   space 27136K, 0% used [0x00000000ee780000,0x00000000ee780000,0x00000000f0200000)
 ParOldGen       total 106496K, used 40160K [0x00000000a0000000, 0x00000000a6800000, 0x00000000e0000000)
  object space 106496K, 37% used [0x00000000a0000000,0x00000000a27383e0,0x00000000a6800000)
 Metaspace       used 56389K, capacity 58979K, committed 59028K, reserved 1099776K
  class space    used 7864K, capacity 8429K, committed 8448K, reserved 1048576K
}
Event: 92.449 GC heap before
{Heap before GC invocations=13 (full 3):
 PSYoungGen      total 263168K, used 18720K [0x00000000e0000000, 0x00000000f2100000, 0x0000000100000000)
  eden space 237056K, 0% used [0x00000000e0000000,0x00000000e0000000,0x00000000ee780000)
  from space 26112K, 71% used [0x00000000f0200000,0x00000000f1448020,0x00000000f1b80000)
  to   space 27136K, 0% used [0x00000000ee780000,0x00000000ee780000,0x00000000f0200000)
 ParOldGen       total 106496K, used 40160K [0x00000000a0000000, 0x00000000a6800000, 0x00000000e0000000)
  object space 106496K, 37% used [0x00000000a0000000,0x00000000a27383e0,0x00000000a6800000)
 Metaspace       used 56389K, capacity 58979K, committed 59028K, reserved 1099776K
  class space    used 7864K, capacity 8429K, committed 8448K, reserved 1048576K
Event: 92.973 GC heap after
Heap after GC invocations=13 (full 3):
 PSYoungGen      total 263168K, used 0K [0x00000000e0000000, 0x00000000f2100000, 0x0000000100000000)
  eden space 237056K, 0% used [0x00000000e0000000,0x00000000e0000000,0x00000000ee780000)
  from space 26112K, 0% used [0x00000000f0200000,0x00000000f0200000,0x00000000f1b80000)
  to   space 27136K, 0% used [0x00000000ee780000,0x00000000ee780000,0x00000000f0200000)
 ParOldGen       total 168960K, used 47489K [0x00000000a0000000, 0x00000000aa500000, 0x00000000e0000000)
  object space 168960K, 28% used [0x00000000a0000000,0x00000000a2e60458,0x00000000aa500000)
 Metaspace       used 56389K, capacity 58979K, committed 59028K, reserved 1099776K
  class space    used 7864K, capacity 8429K, committed 8448K, reserved 1048576K
}

