# JRE version: Java(TM) SE Runtime Environment (8.0_121-b13) (build 1.8.0_121-b13)
# Java VM: Java HotSpot(TM) 64-Bit Server VM (25.121-b13 mixed mode linux-amd64 compressed oops)
Heap:
 PSYoungGen      total 125952K, used 34757K [0x00000000e0000000, 0x00000000eb300000, 0x0000000100000000)
  eden space 119808K, 29% used [0x00000000e0000000,0x00000000e21f1670,0x00000000e7500000)
  from space 6144K, 0% used [0x00000000e8100000,0x00000000e8100000,0x00000000e8700000)
  to   space 12288K, 0% used [0x00000000e7500000,0x00000000e7500000,0x00000000e8100000)
 ParOldGen       total 108032K, used 16231K [0x00000000a0000000, 0x00000000a6980000, 0x00000000e0000000)
  object space 108032K, 15% used [0x00000000a0000000,0x00000000a0fd9d98,0x00000000a6980000)
 Metaspace       used 35202K, capacity 35920K, committed 36056K, reserved 1081344K
  class space    used 4858K, capacity 5019K, committed 5120K, reserved 1048576K
GC Heap History (10 events):
Event: 2.357 GC heap before
{Heap before GC invocations=4 (full 1):
 PSYoungGen      total 68608K, used 5115K [0x00000000e0000000, 0x00000000e8600000, 0x0000000100000000)
  eden space 63488K, 0% used [0x00000000e0000000,0x00000000e0000000,0x00000000e3e00000)
  from space 5120K, 99% used [0x00000000e3e00000,0x00000000e42fefe0,0x00000000e4300000)
  to   space 5120K, 0% used [0x00000000e8100000,0x00000000e8100000,0x00000000e8600000)
 ParOldGen       total 84992K, used 8302K [0x00000000a0000000, 0x00000000a5300000, 0x00000000e0000000)
  object space 84992K, 9% used [0x00000000a0000000,0x00000000a081b960,0x00000000a5300000)
 Metaspace       used 20764K, capacity 21150K, committed 21248K, reserved 1067008K
  class space    used 2831K, capacity 3008K, committed 3072K, reserved 1048576K
Event: 2.427 GC heap after
Heap after GC invocations=4 (full 1):
 PSYoungGen      total 68608K, used 0K [0x00000000e0000000, 0x00000000e8600000, 0x0000000100000000)
  eden space 63488K, 0% used [0x00000000e0000000,0x00000000e0000000,0x00000000e3e00000)
  from space 5120K, 0% used [0x00000000e3e00000,0x00000000e3e00000,0x00000000e4300000)
  to   space 5120K, 0% used [0x00000000e8100000,0x00000000e8100000,0x00000000e8600000)
 ParOldGen       total 74240K, used 12353K [0x00000000a0000000, 0x00000000a4880000, 0x00000000e0000000)
  object space 74240K, 16% used [0x00000000a0000000,0x00000000a0c106e8,0x00000000a4880000)
 Metaspace       used 20764K, capacity 21150K, committed 21248K, reserved 1067008K
  class space    used 2831K, capacity 3008K, committed 3072K, reserved 1048576K
}
Event: 3.615 GC heap before
{Heap before GC invocations=5 (full 1):
 PSYoungGen      total 68608K, used 63488K [0x00000000e0000000, 0x00000000e8600000, 0x0000000100000000)
  eden space 63488K, 100% used [0x00000000e0000000,0x00000000e3e00000,0x00000000e3e00000)
  from space 5120K, 0% used [0x00000000e3e00000,0x00000000e3e00000,0x00000000e4300000)
  to   space 5120K, 0% used [0x00000000e8100000,0x00000000e8100000,0x00000000e8600000)
 ParOldGen       total 74240K, used 12353K [0x00000000a0000000, 0x00000000a4880000, 0x00000000e0000000)
  object space 74240K, 16% used [0x00000000a0000000,0x00000000a0c106e8,0x00000000a4880000)
 Metaspace       used 26166K, capacity 26664K, committed 27008K, reserved 1073152K
  class space    used 3715K, capacity 3851K, committed 3968K, reserved 1048576K
Event: 3.636 GC heap after
Heap after GC invocations=5 (full 1):
 PSYoungGen      total 89600K, used 5106K [0x00000000e0000000, 0x00000000e8600000, 0x0000000100000000)
  eden space 84480K, 0% used [0x00000000e0000000,0x00000000e0000000,0x00000000e5280000)
  from space 5120K, 99% used [0x00000000e8100000,0x00000000e85fc908,0x00000000e8600000)
  to   space 5120K, 0% used [0x00000000e7c00000,0x00000000e7c00000,0x00000000e8100000)
 ParOldGen       total 74240K, used 15103K [0x00000000a0000000, 0x00000000a4880000, 0x00000000e0000000)
  object space 74240K, 20% used [0x00000000a0000000,0x00000000a0ebff80,0x00000000a4880000)
 Metaspace       used 26166K, capacity 26664K, committed 27008K, reserved 1073152K
  class space    used 3715K, capacity 3851K, committed 3968K, reserved 1048576K
}
Event: 5.280 GC heap before
{Heap before GC invocations=6 (full 1):
 PSYoungGen      total 89600K, used 89586K [0x00000000e0000000, 0x00000000e8600000, 0x0000000100000000)
  eden space 84480K, 100% used [0x00000000e0000000,0x00000000e5280000,0x00000000e5280000)
  from space 5120K, 99% used [0x00000000e8100000,0x00000000e85fc908,0x00000000e8600000)
  to   space 5120K, 0% used [0x00000000e7c00000,0x00000000e7c00000,0x00000000e8100000)
 ParOldGen       total 74240K, used 15103K [0x00000000a0000000, 0x00000000a4880000, 0x00000000e0000000)
  object space 74240K, 20% used [0x00000000a0000000,0x00000000a0ebff80,0x00000000a4880000)
 Metaspace       used 30404K, capacity 31064K, committed 31104K, reserved 1075200K
  class space    used 4268K, capacity 4462K, committed 4480K, reserved 1048576K
Event: 5.310 GC heap after
Heap after GC invocations=6 (full 1):
 PSYoungGen      total 118784K, used 5108K [0x00000000e0000000, 0x00000000e8700000, 0x0000000100000000)
  eden space 113664K, 0% used [0x00000000e0000000,0x00000000e0000000,0x00000000e6f00000)
  from space 5120K, 99% used [0x00000000e7c00000,0x00000000e80fd010,0x00000000e8100000)
  to   space 6144K, 0% used [0x00000000e8100000,0x00000000e8100000,0x00000000e8700000)
 ParOldGen       total 74240K, used 18664K [0x00000000a0000000, 0x00000000a4880000, 0x00000000e0000000)
  object space 74240K, 25% used [0x00000000a0000000,0x00000000a123a1c8,0x00000000a4880000)
 Metaspace       used 30404K, capacity 31064K, committed 31104K, reserved 1075200K
  class space    used 4268K, capacity 4462K, committed 4480K, reserved 1048576K
}
Event: 5.718 GC heap before
{Heap before GC invocations=7 (full 1):
 PSYoungGen      total 118784K, used 31187K [0x00000000e0000000, 0x00000000e8700000, 0x0000000100000000)
  eden space 113664K, 22% used [0x00000000e0000000,0x00000000e1977d28,0x00000000e6f00000)
  from space 5120K, 99% used [0x00000000e7c00000,0x00000000e80fd010,0x00000000e8100000)
  to   space 6144K, 0% used [0x00000000e8100000,0x00000000e8100000,0x00000000e8700000)
 ParOldGen       total 74240K, used 18664K [0x00000000a0000000, 0x00000000a4880000, 0x00000000e0000000)
  object space 74240K, 25% used [0x00000000a0000000,0x00000000a123a1c8,0x00000000a4880000)
 Metaspace       used 34505K, capacity 35312K, committed 35416K, reserved 1079296K
  class space    used 4777K, capacity 4987K, committed 4992K, reserved 1048576K
Event: 5.731 GC heap after
Heap after GC invocations=7 (full 1):
 PSYoungGen      total 125952K, used 6144K [0x00000000e0000000, 0x00000000eb300000, 0x0000000100000000)
  eden space 119808K, 0% used [0x00000000e0000000,0x00000000e0000000,0x00000000e7500000)
  from space 6144K, 100% used [0x00000000e8100000,0x00000000e8700000,0x00000000e8700000)
  to   space 12288K, 0% used [0x00000000e7500000,0x00000000e7500000,0x00000000e8100000)
 ParOldGen       total 74240K, used 21281K [0x00000000a0000000, 0x00000000a4880000, 0x00000000e0000000)
  object space 74240K, 28% used [0x00000000a0000000,0x00000000a14c8688,0x00000000a4880000)
 Metaspace       used 34505K, capacity 35312K, committed 35416K, reserved 1079296K
  class space    used 4777K, capacity 4987K, committed 4992K, reserved 1048576K
}
Event: 5.731 GC heap before
{Heap before GC invocations=8 (full 2):
 PSYoungGen      total 125952K, used 6144K [0x00000000e0000000, 0x00000000eb300000, 0x0000000100000000)
  eden space 119808K, 0% used [0x00000000e0000000,0x00000000e0000000,0x00000000e7500000)
  from space 6144K, 100% used [0x00000000e8100000,0x00000000e8700000,0x00000000e8700000)
  to   space 12288K, 0% used [0x00000000e7500000,0x00000000e7500000,0x00000000e8100000)
 ParOldGen       total 74240K, used 21281K [0x00000000a0000000, 0x00000000a4880000, 0x00000000e0000000)
  object space 74240K, 28% used [0x00000000a0000000,0x00000000a14c8688,0x00000000a4880000)
 Metaspace       used 34505K, capacity 35312K, committed 35416K, reserved 1079296K
  class space    used 4777K, capacity 4987K, committed 4992K, reserved 1048576K
Event: 5.815 GC heap after
Heap after GC invocations=8 (full 2):
 PSYoungGen      total 125952K, used 0K [0x00000000e0000000, 0x00000000eb300000, 0x0000000100000000)
  eden space 119808K, 0% used [0x00000000e0000000,0x00000000e0000000,0x00000000e7500000)
  from space 6144K, 0% used [0x00000000e8100000,0x00000000e8100000,0x00000000e8700000)
  to   space 12288K, 0% used [0x00000000e7500000,0x00000000e7500000,0x00000000e8100000)
 ParOldGen       total 108032K, used 16231K [0x00000000a0000000, 0x00000000a6980000, 0x00000000e0000000)
  object space 108032K, 15% used [0x00000000a0000000,0x00000000a0fd9d98,0x00000000a6980000)
 Metaspace       used 34505K, capacity 35312K, committed 35416K, reserved 1079296K
  class space    used 4777K, capacity 4987K, committed 4992K, reserved 1048576K
}

