# JRE version: Java(TM) SE Runtime Environment (8.0_121-b13) (build 1.8.0_121-b13)
# Java VM: Java HotSpot(TM) 64-Bit Server VM (25.121-b13 mixed mode linux-amd64 compressed oops)
Heap:
 PSYoungGen      total 295936K, used 186727K [0x00000000e0000000, 0x00000000f6580000, 0x0000000100000000)
  eden space 263680K, 58% used [0x00000000e0000000,0x00000000e96dc400,0x00000000f0180000)
  from space 32256K, 99% used [0x00000000f2c00000,0x00000000f4b7da78,0x00000000f4b80000)
  to   space 43520K, 0% used [0x00000000f0180000,0x00000000f0180000,0x00000000f2c00000)
 ParOldGen       total 165376K, used 69112K [0x00000000a0000000, 0x00000000aa180000, 0x00000000e0000000)
  object space 165376K, 41% used [0x00000000a0000000,0x00000000a437e050,0x00000000aa180000)
 Metaspace       used 69326K, capacity 72276K, committed 72468K, reserved 1112064K
  class space    used 9158K, capacity 9755K, committed 9788K, reserved 1048576K
GC Heap History (10 events):
Event: 16.231 GC heap before
{Heap before GC invocations=15 (full 3):
 PSYoungGen      total 216576K, used 25584K [0x00000000e0000000, 0x00000000efc80000, 0x0000000100000000)
  eden space 190976K, 0% used [0x00000000e0000000,0x00000000e0000000,0x00000000eba80000)
  from space 25600K, 99% used [0x00000000ed780000,0x00000000ef07c020,0x00000000ef080000)
  to   space 29696K, 0% used [0x00000000eba80000,0x00000000eba80000,0x00000000ed780000)
 ParOldGen       total 99840K, used 38992K [0x00000000a0000000, 0x00000000a6180000, 0x00000000e0000000)
  object space 99840K, 39% used [0x00000000a0000000,0x00000000a26143b0,0x00000000a6180000)
 Metaspace       used 56471K, capacity 58946K, committed 59028K, reserved 1099776K
  class space    used 7810K, capacity 8346K, committed 8380K, reserved 1048576K
Event: 16.787 GC heap after
Heap after GC invocations=15 (full 3):
 PSYoungGen      total 216576K, used 0K [0x00000000e0000000, 0x00000000efc80000, 0x0000000100000000)
  eden space 190976K, 0% used [0x00000000e0000000,0x00000000e0000000,0x00000000eba80000)
  from space 25600K, 0% used [0x00000000ed780000,0x00000000ed780000,0x00000000ef080000)
  to   space 29696K, 0% used [0x00000000eba80000,0x00000000eba80000,0x00000000ed780000)
 ParOldGen       total 165376K, used 50865K [0x00000000a0000000, 0x00000000aa180000, 0x00000000e0000000)
  object space 165376K, 30% used [0x00000000a0000000,0x00000000a31ac698,0x00000000aa180000)
 Metaspace       used 56471K, capacity 58946K, committed 59028K, reserved 1099776K
  class space    used 7810K, capacity 8346K, committed 8380K, reserved 1048576K
}
Event: 35.953 GC heap before
{Heap before GC invocations=16 (full 3):
 PSYoungGen      total 216576K, used 190976K [0x00000000e0000000, 0x00000000efc80000, 0x0000000100000000)
  eden space 190976K, 100% used [0x00000000e0000000,0x00000000eba80000,0x00000000eba80000)
  from space 25600K, 0% used [0x00000000ed780000,0x00000000ed780000,0x00000000ef080000)
  to   space 29696K, 0% used [0x00000000eba80000,0x00000000eba80000,0x00000000ed780000)
 ParOldGen       total 165376K, used 50865K [0x00000000a0000000, 0x00000000aa180000, 0x00000000e0000000)
  object space 165376K, 30% used [0x00000000a0000000,0x00000000a31ac698,0x00000000aa180000)
 Metaspace       used 58751K, capacity 61376K, committed 61588K, reserved 1101824K
  class space    used 8064K, capacity 8605K, committed 8636K, reserved 1048576K
Event: 35.964 GC heap after
Heap after GC invocations=16 (full 3):
 PSYoungGen      total 220672K, used 6756K [0x00000000e0000000, 0x00000000f1d80000, 0x0000000100000000)
  eden space 190976K, 0% used [0x00000000e0000000,0x00000000e0000000,0x00000000eba80000)
  from space 29696K, 22% used [0x00000000eba80000,0x00000000ec1192c0,0x00000000ed780000)
  to   space 29184K, 0% used [0x00000000f0100000,0x00000000f0100000,0x00000000f1d80000)
 ParOldGen       total 165376K, used 50873K [0x00000000a0000000, 0x00000000aa180000, 0x00000000e0000000)
  object space 165376K, 30% used [0x00000000a0000000,0x00000000a31ae698,0x00000000aa180000)
 Metaspace       used 58751K, capacity 61376K, committed 61588K, reserved 1101824K
  class space    used 8064K, capacity 8605K, committed 8636K, reserved 1048576K
}
Event: 38.534 GC heap before
{Heap before GC invocations=17 (full 3):
 PSYoungGen      total 220672K, used 197732K [0x00000000e0000000, 0x00000000f1d80000, 0x0000000100000000)
  eden space 190976K, 100% used [0x00000000e0000000,0x00000000eba80000,0x00000000eba80000)
  from space 29696K, 22% used [0x00000000eba80000,0x00000000ec1192c0,0x00000000ed780000)
  to   space 29184K, 0% used [0x00000000f0100000,0x00000000f0100000,0x00000000f1d80000)
 ParOldGen       total 165376K, used 50873K [0x00000000a0000000, 0x00000000aa180000, 0x00000000e0000000)
  object space 165376K, 30% used [0x00000000a0000000,0x00000000a31ae698,0x00000000aa180000)
 Metaspace       used 63531K, capacity 66308K, committed 66452K, reserved 1105920K
  class space    used 8687K, capacity 9297K, committed 9404K, reserved 1048576K
Event: 38.563 GC heap after
Heap after GC invocations=17 (full 3):
 PSYoungGen      total 253952K, used 13790K [0x00000000e0000000, 0x00000000f1780000, 0x0000000100000000)
  eden space 230912K, 0% used [0x00000000e0000000,0x00000000e0000000,0x00000000ee180000)
  from space 23040K, 59% used [0x00000000f0100000,0x00000000f0e779c8,0x00000000f1780000)
  to   space 27648K, 0% used [0x00000000ee180000,0x00000000ee180000,0x00000000efc80000)
 ParOldGen       total 165376K, used 50881K [0x00000000a0000000, 0x00000000aa180000, 0x00000000e0000000)
  object space 165376K, 30% used [0x00000000a0000000,0x00000000a31b0698,0x00000000aa180000)
 Metaspace       used 63531K, capacity 66308K, committed 66452K, reserved 1105920K
  class space    used 8687K, capacity 9297K, committed 9404K, reserved 1048576K
}
Event: 43.154 GC heap before
{Heap before GC invocations=18 (full 3):
 PSYoungGen      total 253952K, used 244702K [0x00000000e0000000, 0x00000000f1780000, 0x0000000100000000)
  eden space 230912K, 100% used [0x00000000e0000000,0x00000000ee180000,0x00000000ee180000)
  from space 23040K, 59% used [0x00000000f0100000,0x00000000f0e779c8,0x00000000f1780000)
  to   space 27648K, 0% used [0x00000000ee180000,0x00000000ee180000,0x00000000efc80000)
 ParOldGen       total 165376K, used 50881K [0x00000000a0000000, 0x00000000aa180000, 0x00000000e0000000)
  object space 165376K, 30% used [0x00000000a0000000,0x00000000a31b0698,0x00000000aa180000)
 Metaspace       used 68943K, capacity 71892K, committed 71956K, reserved 1112064K
  class space    used 9156K, capacity 9755K, committed 9788K, reserved 1048576K
Event: 43.194 GC heap after
Heap after GC invocations=18 (full 3):
 PSYoungGen      total 258560K, used 27644K [0x00000000e0000000, 0x00000000f4b80000, 0x0000000100000000)
  eden space 230912K, 0% used [0x00000000e0000000,0x00000000e0000000,0x00000000ee180000)
  from space 27648K, 99% used [0x00000000ee180000,0x00000000efc7f280,0x00000000efc80000)
  to   space 32256K, 0% used [0x00000000f2c00000,0x00000000f2c00000,0x00000000f4b80000)
 ParOldGen       total 165376K, used 51860K [0x00000000a0000000, 0x00000000aa180000, 0x00000000e0000000)
  object space 165376K, 31% used [0x00000000a0000000,0x00000000a32a5230,0x00000000aa180000)
 Metaspace       used 68943K, capacity 71892K, committed 71956K, reserved 1112064K
  class space    used 9156K, capacity 9755K, committed 9788K, reserved 1048576K
}
Event: 46.120 GC heap before
{Heap before GC invocations=19 (full 3):
 PSYoungGen      total 258560K, used 258556K [0x00000000e0000000, 0x00000000f4b80000, 0x0000000100000000)
  eden space 230912K, 100% used [0x00000000e0000000,0x00000000ee180000,0x00000000ee180000)
  from space 27648K, 99% used [0x00000000ee180000,0x00000000efc7f280,0x00000000efc80000)
  to   space 32256K, 0% used [0x00000000f2c00000,0x00000000f2c00000,0x00000000f4b80000)
 ParOldGen       total 165376K, used 51860K [0x00000000a0000000, 0x00000000aa180000, 0x00000000e0000000)
  object space 165376K, 31% used [0x00000000a0000000,0x00000000a32a5230,0x00000000aa180000)
 Metaspace       used 69256K, capacity 72212K, committed 72468K, reserved 1112064K
  class space    used 9158K, capacity 9755K, committed 9788K, reserved 1048576K
Event: 46.194 GC heap after
Heap after GC invocations=19 (full 3):
 PSYoungGen      total 295936K, used 32246K [0x00000000e0000000, 0x00000000f6580000, 0x0000000100000000)
  eden space 263680K, 0% used [0x00000000e0000000,0x00000000e0000000,0x00000000f0180000)
  from space 32256K, 99% used [0x00000000f2c00000,0x00000000f4b7da78,0x00000000f4b80000)
  to   space 43520K, 0% used [0x00000000f0180000,0x00000000f0180000,0x00000000f2c00000)
 ParOldGen       total 165376K, used 69112K [0x00000000a0000000, 0x00000000aa180000, 0x00000000e0000000)
  object space 165376K, 41% used [0x00000000a0000000,0x00000000a437e050,0x00000000aa180000)
 Metaspace       used 69256K, capacity 72212K, committed 72468K, reserved 1112064K
  class space    used 9158K, capacity 9755K, committed 9788K, reserved 1048576K
}

