# JRE version: Java(TM) SE Runtime Environment (8.0_121-b13) (build 1.8.0_121-b13)
# Java VM: Java HotSpot(TM) 64-Bit Server VM (25.121-b13 mixed mode linux-amd64 compressed oops)
Heap:
 PSYoungGen      total 471040K, used 360610K [0x00000000e0000000, 0x00000000ffc80000, 0x0000000100000000)
  eden space 428544K, 84% used [0x00000000e0000000,0x00000000f60088d0,0x00000000fa280000)
  from space 42496K, 0% used [0x00000000fd300000,0x00000000fd320000,0x00000000ffc80000)
  to   space 46080K, 0% used [0x00000000fa280000,0x00000000fa280000,0x00000000fcf80000)
 ParOldGen       total 157696K, used 51812K [0x00000000a0000000, 0x00000000a9a00000, 0x00000000e0000000)
  object space 157696K, 32% used [0x00000000a0000000,0x00000000a32992e8,0x00000000a9a00000)
 Metaspace       used 65620K, capacity 67843K, committed 68056K, reserved 1107968K
  class space    used 8511K, capacity 8956K, committed 8960K, reserved 1048576K
GC Heap History (10 events):
Event: 56.830 GC heap before
{Heap before GC invocations=22 (full 3):
 PSYoungGen      total 341504K, used 323584K [0x00000000e0000000, 0x00000000f6400000, 0x0000000100000000)
  eden space 323584K, 100% used [0x00000000e0000000,0x00000000f3c00000,0x00000000f3c00000)
  from space 17920K, 0% used [0x00000000f5280000,0x00000000f5280000,0x00000000f6400000)
  to   space 20480K, 0% used [0x00000000f3c00000,0x00000000f3c00000,0x00000000f5000000)
 ParOldGen       total 121856K, used 40508K [0x00000000a0000000, 0x00000000a7700000, 0x00000000e0000000)
  object space 121856K, 33% used [0x00000000a0000000,0x00000000a278f020,0x00000000a7700000)
 Metaspace       used 60921K, capacity 62987K, committed 63064K, reserved 1103872K
  class space    used 8134K, capacity 8574K, committed 8576K, reserved 1048576K
Event: 56.879 GC heap after
Heap after GC invocations=22 (full 3):
 PSYoungGen      total 344064K, used 20478K [0x00000000e0000000, 0x00000000fed80000, 0x0000000100000000)
  eden space 323584K, 0% used [0x00000000e0000000,0x00000000e0000000,0x00000000f3c00000)
  from space 20480K, 99% used [0x00000000f3c00000,0x00000000f4fff888,0x00000000f5000000)
  to   space 33792K, 0% used [0x00000000fcc80000,0x00000000fcc80000,0x00000000fed80000)
 ParOldGen       total 121856K, used 66904K [0x00000000a0000000, 0x00000000a7700000, 0x00000000e0000000)
  object space 121856K, 54% used [0x00000000a0000000,0x00000000a41561a8,0x00000000a7700000)
 Metaspace       used 60921K, capacity 62987K, committed 63064K, reserved 1103872K
  class space    used 8134K, capacity 8574K, committed 8576K, reserved 1048576K
}
Event: 59.065 GC heap before
{Heap before GC invocations=23 (full 3):
 PSYoungGen      total 344064K, used 344062K [0x00000000e0000000, 0x00000000fed80000, 0x0000000100000000)
  eden space 323584K, 100% used [0x00000000e0000000,0x00000000f3c00000,0x00000000f3c00000)
  from space 20480K, 99% used [0x00000000f3c00000,0x00000000f4fff888,0x00000000f5000000)
  to   space 33792K, 0% used [0x00000000fcc80000,0x00000000fcc80000,0x00000000fed80000)
 ParOldGen       total 121856K, used 66904K [0x00000000a0000000, 0x00000000a7700000, 0x00000000e0000000)
  object space 121856K, 54% used [0x00000000a0000000,0x00000000a41561a8,0x00000000a7700000)
 Metaspace       used 61051K, capacity 63115K, committed 63320K, reserved 1103872K
  class space    used 8134K, capacity 8574K, committed 8576K, reserved 1048576K
Event: 59.142 GC heap after
Heap after GC invocations=23 (full 3):
 PSYoungGen      total 455680K, used 33777K [0x00000000e0000000, 0x0000000100000000, 0x0000000100000000)
  eden space 421888K, 0% used [0x00000000e0000000,0x00000000e0000000,0x00000000f9c00000)
  from space 33792K, 99% used [0x00000000fcc80000,0x00000000fed7c518,0x00000000fed80000)
  to   space 49664K, 0% used [0x00000000f9c00000,0x00000000f9c00000,0x00000000fcc80000)
 ParOldGen       total 121856K, used 93182K [0x00000000a0000000, 0x00000000a7700000, 0x00000000e0000000)
  object space 121856K, 76% used [0x00000000a0000000,0x00000000a5affa20,0x00000000a7700000)
 Metaspace       used 61051K, capacity 63115K, committed 63320K, reserved 1103872K
  class space    used 8134K, capacity 8574K, committed 8576K, reserved 1048576K
}
Event: 61.123 GC heap before
{Heap before GC invocations=24 (full 3):
 PSYoungGen      total 455680K, used 455372K [0x00000000e0000000, 0x0000000100000000, 0x0000000100000000)
  eden space 421888K, 99% used [0x00000000e0000000,0x00000000f9bb6d20,0x00000000f9c00000)
  from space 33792K, 99% used [0x00000000fcc80000,0x00000000fed7c518,0x00000000fed80000)
  to   space 49664K, 0% used [0x00000000f9c00000,0x00000000f9c00000,0x00000000fcc80000)
 ParOldGen       total 121856K, used 93182K [0x00000000a0000000, 0x00000000a7700000, 0x00000000e0000000)
  object space 121856K, 76% used [0x00000000a0000000,0x00000000a5affa20,0x00000000a7700000)
 Metaspace       used 62351K, capacity 64385K, committed 64600K, reserved 1105920K
  class space    used 8282K, capacity 8715K, committed 8832K, reserved 1048576K
Event: 61.165 GC heap after
Heap after GC invocations=24 (full 3):
 PSYoungGen      total 471552K, used 15870K [0x00000000e0000000, 0x0000000100000000, 0x0000000100000000)
  eden space 421888K, 0% used [0x00000000e0000000,0x00000000e0000000,0x00000000f9c00000)
  from space 49664K, 31% used [0x00000000f9c00000,0x00000000fab7f958,0x00000000fcc80000)
  to   space 46080K, 0% used [0x00000000fd300000,0x00000000fd300000,0x0000000100000000)
 ParOldGen       total 121856K, used 111931K [0x00000000a0000000, 0x00000000a7700000, 0x00000000e0000000)
  object space 121856K, 91% used [0x00000000a0000000,0x00000000a6d4ecc0,0x00000000a7700000)
 Metaspace       used 62351K, capacity 64385K, committed 64600K, reserved 1105920K
  class space    used 8282K, capacity 8715K, committed 8832K, reserved 1048576K
}
Event: 61.165 GC heap before
{Heap before GC invocations=25 (full 4):
 PSYoungGen      total 471552K, used 15870K [0x00000000e0000000, 0x0000000100000000, 0x0000000100000000)
  eden space 421888K, 0% used [0x00000000e0000000,0x00000000e0000000,0x00000000f9c00000)
  from space 49664K, 31% used [0x00000000f9c00000,0x00000000fab7f958,0x00000000fcc80000)
  to   space 46080K, 0% used [0x00000000fd300000,0x00000000fd300000,0x0000000100000000)
 ParOldGen       total 121856K, used 111931K [0x00000000a0000000, 0x00000000a7700000, 0x00000000e0000000)
  object space 121856K, 91% used [0x00000000a0000000,0x00000000a6d4ecc0,0x00000000a7700000)
 Metaspace       used 62351K, capacity 64385K, committed 64600K, reserved 1105920K
  class space    used 8282K, capacity 8715K, committed 8832K, reserved 1048576K
Event: 61.312 GC heap after
Heap after GC invocations=25 (full 4):
 PSYoungGen      total 471552K, used 0K [0x00000000e0000000, 0x0000000100000000, 0x0000000100000000)
  eden space 421888K, 0% used [0x00000000e0000000,0x00000000e0000000,0x00000000f9c00000)
  from space 49664K, 0% used [0x00000000f9c00000,0x00000000f9c00000,0x00000000fcc80000)
  to   space 46080K, 0% used [0x00000000fd300000,0x00000000fd300000,0x0000000100000000)
 ParOldGen       total 157696K, used 51812K [0x00000000a0000000, 0x00000000a9a00000, 0x00000000e0000000)
  object space 157696K, 32% used [0x00000000a0000000,0x00000000a32992e8,0x00000000a9a00000)
 Metaspace       used 62260K, capacity 64265K, committed 64600K, reserved 1105920K
  class space    used 8270K, capacity 8675K, committed 8832K, reserved 1048576K
}
Event: 61.378 GC heap before
{Heap before GC invocations=26 (full 4):
 PSYoungGen      total 471552K, used 421444K [0x00000000e0000000, 0x0000000100000000, 0x0000000100000000)
  eden space 421888K, 99% used [0x00000000e0000000,0x00000000f9b91170,0x00000000f9c00000)
  from space 49664K, 0% used [0x00000000f9c00000,0x00000000f9c00000,0x00000000fcc80000)
  to   space 46080K, 0% used [0x00000000fd300000,0x00000000fd300000,0x0000000100000000)
 ParOldGen       total 157696K, used 51812K [0x00000000a0000000, 0x00000000a9a00000, 0x00000000e0000000)
  object space 157696K, 32% used [0x00000000a0000000,0x00000000a32992e8,0x00000000a9a00000)
 Metaspace       used 62260K, capacity 64265K, committed 64600K, reserved 1105920K
  class space    used 8270K, capacity 8675K, committed 8832K, reserved 1048576K
Event: 61.380 GC heap after
Heap after GC invocations=26 (full 4):
 PSYoungGen      total 471040K, used 128K [0x00000000e0000000, 0x00000000ffc80000, 0x0000000100000000)
  eden space 428544K, 0% used [0x00000000e0000000,0x00000000e0000000,0x00000000fa280000)
  from space 42496K, 0% used [0x00000000fd300000,0x00000000fd320000,0x00000000ffc80000)
  to   space 46080K, 0% used [0x00000000fa280000,0x00000000fa280000,0x00000000fcf80000)
 ParOldGen       total 157696K, used 51812K [0x00000000a0000000, 0x00000000a9a00000, 0x00000000e0000000)
  object space 157696K, 32% used [0x00000000a0000000,0x00000000a32992e8,0x00000000a9a00000)
 Metaspace       used 62260K, capacity 64265K, committed 64600K, reserved 1105920K
  class space    used 8270K, capacity 8675K, committed 8832K, reserved 1048576K
}

