# JRE version: Java(TM) SE Runtime Environment (8.0_121-b13) (build 1.8.0_121-b13)
# Java VM: Java HotSpot(TM) 64-Bit Server VM (25.121-b13 mixed mode linux-amd64 compressed oops)
Heap:
 PSYoungGen      total 188416K, used 89227K [0x00000000e0000000, 0x00000000ec380000, 0x0000000100000000)
  eden space 178688K, 48% used [0x00000000e0000000,0x00000000e5512bd8,0x00000000eae80000)
  from space 9728K, 21% used [0x00000000eb800000,0x00000000eba102c0,0x00000000ec180000)
  to   space 9728K, 0% used [0x00000000eae80000,0x00000000eae80000,0x00000000eb800000)
 ParOldGen       total 56832K, used 43006K [0x00000000a0000000, 0x00000000a3780000, 0x00000000e0000000)
  object space 56832K, 75% used [0x00000000a0000000,0x00000000a29ffa38,0x00000000a3780000)
 Metaspace       used 56393K, capacity 58536K, committed 58752K, reserved 1099776K
  class space    used 7631K, capacity 8054K, committed 8064K, reserved 1048576K
GC Heap History (10 events):
Event: 75.632 GC heap before
{Heap before GC invocations=20 (full 2):
 PSYoungGen      total 95232K, used 90535K [0x00000000e0000000, 0x00000000e7b00000, 0x0000000100000000)
  eden space 84992K, 100% used [0x00000000e0000000,0x00000000e5300000,0x00000000e5300000)
  from space 10240K, 54% used [0x00000000e5300000,0x00000000e5869f98,0x00000000e5d00000)
  to   space 9728K, 0% used [0x00000000e7180000,0x00000000e7180000,0x00000000e7b00000)
 ParOldGen       total 56832K, used 30387K [0x00000000a0000000, 0x00000000a3780000, 0x00000000e0000000)
  object space 56832K, 53% used [0x00000000a0000000,0x00000000a1dace20,0x00000000a3780000)
 Metaspace       used 53601K, capacity 55426K, committed 55680K, reserved 1097728K
  class space    used 7428K, capacity 7789K, committed 7808K, reserved 1048576K
Event: 75.650 GC heap after
Heap after GC invocations=20 (full 2):
 PSYoungGen      total 115200K, used 4867K [0x00000000e0000000, 0x00000000e7a80000, 0x0000000100000000)
  eden space 105984K, 0% used [0x00000000e0000000,0x00000000e0000000,0x00000000e6780000)
  from space 9216K, 52% used [0x00000000e7180000,0x00000000e7640fe0,0x00000000e7a80000)
  to   space 9728K, 0% used [0x00000000e6780000,0x00000000e6780000,0x00000000e7100000)
 ParOldGen       total 56832K, used 34319K [0x00000000a0000000, 0x00000000a3780000, 0x00000000e0000000)
  object space 56832K, 60% used [0x00000000a0000000,0x00000000a2183e00,0x00000000a3780000)
 Metaspace       used 53601K, capacity 55426K, committed 55680K, reserved 1097728K
  class space    used 7428K, capacity 7789K, committed 7808K, reserved 1048576K
}
Event: 75.724 GC heap before
{Heap before GC invocations=21 (full 2):
 PSYoungGen      total 115200K, used 110471K [0x00000000e0000000, 0x00000000e7a80000, 0x0000000100000000)
  eden space 105984K, 99% used [0x00000000e0000000,0x00000000e6720ed0,0x00000000e6780000)
  from space 9216K, 52% used [0x00000000e7180000,0x00000000e7640fe0,0x00000000e7a80000)
  to   space 9728K, 0% used [0x00000000e6780000,0x00000000e6780000,0x00000000e7100000)
 ParOldGen       total 56832K, used 34319K [0x00000000a0000000, 0x00000000a3780000, 0x00000000e0000000)
  object space 56832K, 60% used [0x00000000a0000000,0x00000000a2183e00,0x00000000a3780000)
 Metaspace       used 53641K, capacity 55448K, committed 55680K, reserved 1097728K
  class space    used 7435K, capacity 7796K, committed 7808K, reserved 1048576K
Event: 75.734 GC heap after
Heap after GC invocations=21 (full 2):
 PSYoungGen      total 115712K, used 2718K [0x00000000e0000000, 0x00000000e9c80000, 0x0000000100000000)
  eden space 105984K, 0% used [0x00000000e0000000,0x00000000e0000000,0x00000000e6780000)
  from space 9728K, 27% used [0x00000000e6780000,0x00000000e6a27970,0x00000000e7100000)
  to   space 9728K, 0% used [0x00000000e9300000,0x00000000e9300000,0x00000000e9c80000)
 ParOldGen       total 56832K, used 37609K [0x00000000a0000000, 0x00000000a3780000, 0x00000000e0000000)
  object space 56832K, 66% used [0x00000000a0000000,0x00000000a24ba540,0x00000000a3780000)
 Metaspace       used 53641K, capacity 55448K, committed 55680K, reserved 1097728K
  class space    used 7435K, capacity 7796K, committed 7808K, reserved 1048576K
}
Event: 87.823 GC heap before
{Heap before GC invocations=22 (full 2):
 PSYoungGen      total 115712K, used 108702K [0x00000000e0000000, 0x00000000e9c80000, 0x0000000100000000)
  eden space 105984K, 100% used [0x00000000e0000000,0x00000000e6780000,0x00000000e6780000)
  from space 9728K, 27% used [0x00000000e6780000,0x00000000e6a27970,0x00000000e7100000)
  to   space 9728K, 0% used [0x00000000e9300000,0x00000000e9300000,0x00000000e9c80000)
 ParOldGen       total 56832K, used 37609K [0x00000000a0000000, 0x00000000a3780000, 0x00000000e0000000)
  object space 56832K, 66% used [0x00000000a0000000,0x00000000a24ba540,0x00000000a3780000)
 Metaspace       used 55520K, capacity 57424K, committed 57728K, reserved 1099776K
  class space    used 7598K, capacity 8012K, committed 8064K, reserved 1048576K
Event: 87.828 GC heap after
Heap after GC invocations=22 (full 2):
 PSYoungGen      total 146432K, used 1810K [0x00000000e0000000, 0x00000000e9a80000, 0x0000000100000000)
  eden space 138752K, 0% used [0x00000000e0000000,0x00000000e0000000,0x00000000e8780000)
  from space 7680K, 23% used [0x00000000e9300000,0x00000000e94c4ab0,0x00000000e9a80000)
  to   space 9728K, 0% used [0x00000000e8780000,0x00000000e8780000,0x00000000e9100000)
 ParOldGen       total 56832K, used 37665K [0x00000000a0000000, 0x00000000a3780000, 0x00000000e0000000)
  object space 56832K, 66% used [0x00000000a0000000,0x00000000a24c8540,0x00000000a3780000)
 Metaspace       used 55520K, capacity 57424K, committed 57728K, reserved 1099776K
  class space    used 7598K, capacity 8012K, committed 8064K, reserved 1048576K
}
Event: 416.067 GC heap before
{Heap before GC invocations=23 (full 2):
 PSYoungGen      total 146432K, used 140562K [0x00000000e0000000, 0x00000000e9a80000, 0x0000000100000000)
  eden space 138752K, 100% used [0x00000000e0000000,0x00000000e8780000,0x00000000e8780000)
  from space 7680K, 23% used [0x00000000e9300000,0x00000000e94c4ab0,0x00000000e9a80000)
  to   space 9728K, 0% used [0x00000000e8780000,0x00000000e8780000,0x00000000e9100000)
 ParOldGen       total 56832K, used 37665K [0x00000000a0000000, 0x00000000a3780000, 0x00000000e0000000)
  object space 56832K, 66% used [0x00000000a0000000,0x00000000a24c8540,0x00000000a3780000)
 Metaspace       used 56180K, capacity 58236K, committed 58496K, reserved 1099776K
  class space    used 7620K, capacity 8044K, committed 8064K, reserved 1048576K
Event: 416.089 GC heap after
Heap after GC invocations=23 (full 2):
 PSYoungGen      total 148480K, used 5776K [0x00000000e0000000, 0x00000000ec180000, 0x0000000100000000)
  eden space 138752K, 0% used [0x00000000e0000000,0x00000000e0000000,0x00000000e8780000)
  from space 9728K, 59% used [0x00000000e8780000,0x00000000e8d24020,0x00000000e9100000)
  to   space 9728K, 0% used [0x00000000eb800000,0x00000000eb800000,0x00000000ec180000)
 ParOldGen       total 56832K, used 37942K [0x00000000a0000000, 0x00000000a3780000, 0x00000000e0000000)
  object space 56832K, 66% used [0x00000000a0000000,0x00000000a250da08,0x00000000a3780000)
 Metaspace       used 56180K, capacity 58236K, committed 58496K, reserved 1099776K
  class space    used 7620K, capacity 8044K, committed 8064K, reserved 1048576K
}
Event: 416.621 GC heap before
{Heap before GC invocations=24 (full 2):
 PSYoungGen      total 148480K, used 144379K [0x00000000e0000000, 0x00000000ec180000, 0x0000000100000000)
  eden space 138752K, 99% used [0x00000000e0000000,0x00000000e875ad40,0x00000000e8780000)
  from space 9728K, 59% used [0x00000000e8780000,0x00000000e8d24020,0x00000000e9100000)
  to   space 9728K, 0% used [0x00000000eb800000,0x00000000eb800000,0x00000000ec180000)
 ParOldGen       total 56832K, used 37942K [0x00000000a0000000, 0x00000000a3780000, 0x00000000e0000000)
  object space 56832K, 66% used [0x00000000a0000000,0x00000000a250da08,0x00000000a3780000)
 Metaspace       used 56238K, capacity 58304K, committed 58496K, reserved 1099776K
  class space    used 7620K, capacity 8044K, committed 8064K, reserved 1048576K
Event: 416.642 GC heap after
Heap after GC invocations=24 (full 2):
 PSYoungGen      total 188416K, used 2112K [0x00000000e0000000, 0x00000000ec380000, 0x0000000100000000)
  eden space 178688K, 0% used [0x00000000e0000000,0x00000000e0000000,0x00000000eae80000)
  from space 9728K, 21% used [0x00000000eb800000,0x00000000eba102c0,0x00000000ec180000)
  to   space 9728K, 0% used [0x00000000eae80000,0x00000000eae80000,0x00000000eb800000)
 ParOldGen       total 56832K, used 43006K [0x00000000a0000000, 0x00000000a3780000, 0x00000000e0000000)
  object space 56832K, 75% used [0x00000000a0000000,0x00000000a29ffa38,0x00000000a3780000)
 Metaspace       used 56238K, capacity 58304K, committed 58496K, reserved 1099776K
  class space    used 7620K, capacity 8044K, committed 8064K, reserved 1048576K
}

