# JRE version: Java(TM) SE Runtime Environment (8.0_121-b13) (build 1.8.0_121-b13)
# Java VM: Java HotSpot(TM) 64-Bit Server VM (25.121-b13 mixed mode linux-amd64 compressed oops)
Heap:
 PSYoungGen      total 126464K, used 68355K [0x00000000e0000000, 0x00000000eac80000, 0x0000000100000000)
  eden space 119808K, 57% used [0x00000000e0000000,0x00000000e42c0eb0,0x00000000e7500000)
  from space 6656K, 0% used [0x00000000e8100000,0x00000000e8100000,0x00000000e8780000)
  to   space 12288K, 0% used [0x00000000e7500000,0x00000000e7500000,0x00000000e8100000)
 ParOldGen       total 99840K, used 15627K [0x00000000a0000000, 0x00000000a6180000, 0x00000000e0000000)
  object space 99840K, 15% used [0x00000000a0000000,0x00000000a0f42ee0,0x00000000a6180000)
 Metaspace       used 38005K, capacity 38828K, committed 39040K, reserved 1083392K
  class space    used 5189K, capacity 5390K, committed 5504K, reserved 1048576K
GC Heap History (10 events):
Event: 4.636 GC heap before
{Heap before GC invocations=4 (full 1):
 PSYoungGen      total 68608K, used 5104K [0x00000000e0000000, 0x00000000e8600000, 0x0000000100000000)
  eden space 63488K, 0% used [0x00000000e0000000,0x00000000e0000000,0x00000000e3e00000)
  from space 5120K, 99% used [0x00000000e3e00000,0x00000000e42fc020,0x00000000e4300000)
  to   space 5120K, 0% used [0x00000000e8100000,0x00000000e8100000,0x00000000e8600000)
 ParOldGen       total 84992K, used 7421K [0x00000000a0000000, 0x00000000a5300000, 0x00000000e0000000)
  object space 84992K, 8% used [0x00000000a0000000,0x00000000a073f678,0x00000000a5300000)
 Metaspace       used 20810K, capacity 21172K, committed 21296K, reserved 1067008K
  class space    used 2811K, capacity 2933K, committed 2944K, reserved 1048576K
Event: 4.734 GC heap after
Heap after GC invocations=4 (full 1):
 PSYoungGen      total 68608K, used 0K [0x00000000e0000000, 0x00000000e8600000, 0x0000000100000000)
  eden space 63488K, 0% used [0x00000000e0000000,0x00000000e0000000,0x00000000e3e00000)
  from space 5120K, 0% used [0x00000000e3e00000,0x00000000e3e00000,0x00000000e4300000)
  to   space 5120K, 0% used [0x00000000e8100000,0x00000000e8100000,0x00000000e8600000)
 ParOldGen       total 69632K, used 11452K [0x00000000a0000000, 0x00000000a4400000, 0x00000000e0000000)
  object space 69632K, 16% used [0x00000000a0000000,0x00000000a0b2f2c8,0x00000000a4400000)
 Metaspace       used 20810K, capacity 21172K, committed 21296K, reserved 1067008K
  class space    used 2811K, capacity 2933K, committed 2944K, reserved 1048576K
}
Event: 8.932 GC heap before
{Heap before GC invocations=5 (full 1):
 PSYoungGen      total 68608K, used 63488K [0x00000000e0000000, 0x00000000e8600000, 0x0000000100000000)
  eden space 63488K, 100% used [0x00000000e0000000,0x00000000e3e00000,0x00000000e3e00000)
  from space 5120K, 0% used [0x00000000e3e00000,0x00000000e3e00000,0x00000000e4300000)
  to   space 5120K, 0% used [0x00000000e8100000,0x00000000e8100000,0x00000000e8600000)
 ParOldGen       total 69632K, used 11452K [0x00000000a0000000, 0x00000000a4400000, 0x00000000e0000000)
  object space 69632K, 16% used [0x00000000a0000000,0x00000000a0b2f2c8,0x00000000a4400000)
 Metaspace       used 25757K, capacity 26202K, committed 26368K, reserved 1071104K
  class space    used 3654K, capacity 3768K, committed 3840K, reserved 1048576K
Event: 8.950 GC heap after
Heap after GC invocations=5 (full 1):
 PSYoungGen      total 92160K, used 5094K [0x00000000e0000000, 0x00000000e8600000, 0x0000000100000000)
  eden space 87040K, 0% used [0x00000000e0000000,0x00000000e0000000,0x00000000e5500000)
  from space 5120K, 99% used [0x00000000e8100000,0x00000000e85f9878,0x00000000e8600000)
  to   space 5120K, 0% used [0x00000000e7c00000,0x00000000e7c00000,0x00000000e8100000)
 ParOldGen       total 69632K, used 13937K [0x00000000a0000000, 0x00000000a4400000, 0x00000000e0000000)
  object space 69632K, 20% used [0x00000000a0000000,0x00000000a0d9c638,0x00000000a4400000)
 Metaspace       used 25757K, capacity 26202K, committed 26368K, reserved 1071104K
  class space    used 3654K, capacity 3768K, committed 3840K, reserved 1048576K
}
Event: 48.580 GC heap before
{Heap before GC invocations=6 (full 1):
 PSYoungGen      total 92160K, used 92134K [0x00000000e0000000, 0x00000000e8600000, 0x0000000100000000)
  eden space 87040K, 100% used [0x00000000e0000000,0x00000000e5500000,0x00000000e5500000)
  from space 5120K, 99% used [0x00000000e8100000,0x00000000e85f9878,0x00000000e8600000)
  to   space 5120K, 0% used [0x00000000e7c00000,0x00000000e7c00000,0x00000000e8100000)
 ParOldGen       total 69632K, used 13937K [0x00000000a0000000, 0x00000000a4400000, 0x00000000e0000000)
  object space 69632K, 20% used [0x00000000a0000000,0x00000000a0d9c638,0x00000000a4400000)
 Metaspace       used 32069K, capacity 32722K, committed 32896K, reserved 1077248K
  class space    used 4438K, capacity 4647K, committed 4736K, reserved 1048576K
Event: 48.614 GC heap after
Heap after GC invocations=6 (full 1):
 PSYoungGen      total 119296K, used 5108K [0x00000000e0000000, 0x00000000e8780000, 0x0000000100000000)
  eden space 114176K, 0% used [0x00000000e0000000,0x00000000e0000000,0x00000000e6f80000)
  from space 5120K, 99% used [0x00000000e7c00000,0x00000000e80fd020,0x00000000e8100000)
  to   space 6656K, 0% used [0x00000000e8100000,0x00000000e8100000,0x00000000e8780000)
 ParOldGen       total 69632K, used 18074K [0x00000000a0000000, 0x00000000a4400000, 0x00000000e0000000)
  object space 69632K, 25% used [0x00000000a0000000,0x00000000a11a6a78,0x00000000a4400000)
 Metaspace       used 32069K, capacity 32722K, committed 32896K, reserved 1077248K
  class space    used 4438K, capacity 4647K, committed 4736K, reserved 1048576K
}
Event: 50.224 GC heap before
{Heap before GC invocations=7 (full 1):
 PSYoungGen      total 119296K, used 52073K [0x00000000e0000000, 0x00000000e8780000, 0x0000000100000000)
  eden space 114176K, 41% used [0x00000000e0000000,0x00000000e2ddd6d0,0x00000000e6f80000)
  from space 5120K, 99% used [0x00000000e7c00000,0x00000000e80fd020,0x00000000e8100000)
  to   space 6656K, 0% used [0x00000000e8100000,0x00000000e8100000,0x00000000e8780000)
 ParOldGen       total 69632K, used 18074K [0x00000000a0000000, 0x00000000a4400000, 0x00000000e0000000)
  object space 69632K, 25% used [0x00000000a0000000,0x00000000a11a6a78,0x00000000a4400000)
 Metaspace       used 34622K, capacity 35226K, committed 35456K, reserved 1079296K
  class space    used 4742K, capacity 4885K, committed 4992K, reserved 1048576K
Event: 50.246 GC heap after
Heap after GC invocations=7 (full 1):
 PSYoungGen      total 126464K, used 6644K [0x00000000e0000000, 0x00000000eac80000, 0x0000000100000000)
  eden space 119808K, 0% used [0x00000000e0000000,0x00000000e0000000,0x00000000e7500000)
  from space 6656K, 99% used [0x00000000e8100000,0x00000000e877d020,0x00000000e8780000)
  to   space 12288K, 0% used [0x00000000e7500000,0x00000000e7500000,0x00000000e8100000)
 ParOldGen       total 69632K, used 20020K [0x00000000a0000000, 0x00000000a4400000, 0x00000000e0000000)
  object space 69632K, 28% used [0x00000000a0000000,0x00000000a138d108,0x00000000a4400000)
 Metaspace       used 34622K, capacity 35226K, committed 35456K, reserved 1079296K
  class space    used 4742K, capacity 4885K, committed 4992K, reserved 1048576K
}
Event: 50.246 GC heap before
{Heap before GC invocations=8 (full 2):
 PSYoungGen      total 126464K, used 6644K [0x00000000e0000000, 0x00000000eac80000, 0x0000000100000000)
  eden space 119808K, 0% used [0x00000000e0000000,0x00000000e0000000,0x00000000e7500000)
  from space 6656K, 99% used [0x00000000e8100000,0x00000000e877d020,0x00000000e8780000)
  to   space 12288K, 0% used [0x00000000e7500000,0x00000000e7500000,0x00000000e8100000)
 ParOldGen       total 69632K, used 20020K [0x00000000a0000000, 0x00000000a4400000, 0x00000000e0000000)
  object space 69632K, 28% used [0x00000000a0000000,0x00000000a138d108,0x00000000a4400000)
 Metaspace       used 34622K, capacity 35226K, committed 35456K, reserved 1079296K
  class space    used 4742K, capacity 4885K, committed 4992K, reserved 1048576K
Event: 50.369 GC heap after
Heap after GC invocations=8 (full 2):
 PSYoungGen      total 126464K, used 0K [0x00000000e0000000, 0x00000000eac80000, 0x0000000100000000)
  eden space 119808K, 0% used [0x00000000e0000000,0x00000000e0000000,0x00000000e7500000)
  from space 6656K, 0% used [0x00000000e8100000,0x00000000e8100000,0x00000000e8780000)
  to   space 12288K, 0% used [0x00000000e7500000,0x00000000e7500000,0x00000000e8100000)
 ParOldGen       total 99840K, used 15627K [0x00000000a0000000, 0x00000000a6180000, 0x00000000e0000000)
  object space 99840K, 15% used [0x00000000a0000000,0x00000000a0f42ee0,0x00000000a6180000)
 Metaspace       used 34622K, capacity 35226K, committed 35456K, reserved 1079296K
  class space    used 4742K, capacity 4885K, committed 4992K, reserved 1048576K
}

