# JRE version: Java(TM) SE Runtime Environment (8.0_121-b13) (build 1.8.0_121-b13)
# Java VM: Java HotSpot(TM) 64-Bit Server VM (25.121-b13 mixed mode linux-amd64 compressed oops)
Heap:
 PSYoungGen      total 94208K, used 22844K [0x00000000e0000000, 0x00000000e6880000, 0x0000000100000000)
  eden space 86528K, 18% used [0x00000000e0000000,0x00000000e0f4c7f0,0x00000000e5480000)
  from space 7680K, 93% used [0x00000000e6100000,0x00000000e68028d8,0x00000000e6880000)
  to   space 10240K, 0% used [0x00000000e5480000,0x00000000e5480000,0x00000000e5e80000)
 ParOldGen       total 64512K, used 11863K [0x00000000a0000000, 0x00000000a3f00000, 0x00000000e0000000)
  object space 64512K, 18% used [0x00000000a0000000,0x00000000a0b95ee8,0x00000000a3f00000)
 Metaspace       used 30093K, capacity 30792K, committed 31104K, reserved 1075200K
  class space    used 4211K, capacity 4391K, committed 4480K, reserved 1048576K
GC Heap History (10 events):
Event: 1.680 GC heap before
{Heap before GC invocations=3 (full 0):
 PSYoungGen      total 36864K, used 36847K [0x00000000e0000000, 0x00000000e4800000, 0x0000000100000000)
  eden space 31744K, 100% used [0x00000000e0000000,0x00000000e1f00000,0x00000000e1f00000)
  from space 5120K, 99% used [0x00000000e2400000,0x00000000e28fbe10,0x00000000e2900000)
  to   space 5120K, 0% used [0x00000000e1f00000,0x00000000e1f00000,0x00000000e2400000)
 ParOldGen       total 84992K, used 737K [0x00000000a0000000, 0x00000000a5300000, 0x00000000e0000000)
  object space 84992K, 0% used [0x00000000a0000000,0x00000000a00b8580,0x00000000a5300000)
 Metaspace       used 15968K, capacity 16278K, committed 16512K, reserved 1062912K
  class space    used 2291K, capacity 2428K, committed 2432K, reserved 1048576K
Event: 1.691 GC heap after
Heap after GC invocations=3 (full 0):
 PSYoungGen      total 36864K, used 5088K [0x00000000e0000000, 0x00000000e4800000, 0x0000000100000000)
  eden space 31744K, 0% used [0x00000000e0000000,0x00000000e0000000,0x00000000e1f00000)
  from space 5120K, 99% used [0x00000000e1f00000,0x00000000e23f8010,0x00000000e2400000)
  to   space 5120K, 0% used [0x00000000e4300000,0x00000000e4300000,0x00000000e4800000)
 ParOldGen       total 84992K, used 3180K [0x00000000a0000000, 0x00000000a5300000, 0x00000000e0000000)
  object space 84992K, 3% used [0x00000000a0000000,0x00000000a031b3e8,0x00000000a5300000)
 Metaspace       used 15968K, capacity 16278K, committed 16512K, reserved 1062912K
  class space    used 2291K, capacity 2428K, committed 2432K, reserved 1048576K
}
Event: 2.225 GC heap before
{Heap before GC invocations=4 (full 0):
 PSYoungGen      total 36864K, used 28436K [0x00000000e0000000, 0x00000000e4800000, 0x0000000100000000)
  eden space 31744K, 73% used [0x00000000e0000000,0x00000000e16cd370,0x00000000e1f00000)
  from space 5120K, 99% used [0x00000000e1f00000,0x00000000e23f8010,0x00000000e2400000)
  to   space 5120K, 0% used [0x00000000e4300000,0x00000000e4300000,0x00000000e4800000)
 ParOldGen       total 84992K, used 3180K [0x00000000a0000000, 0x00000000a5300000, 0x00000000e0000000)
  object space 84992K, 3% used [0x00000000a0000000,0x00000000a031b3e8,0x00000000a5300000)
 Metaspace       used 20711K, capacity 21122K, committed 21248K, reserved 1067008K
  class space    used 2828K, capacity 2976K, committed 3072K, reserved 1048576K
Event: 2.262 GC heap after
Heap after GC invocations=4 (full 0):
 PSYoungGen      total 68608K, used 5104K [0x00000000e0000000, 0x00000000e4800000, 0x0000000100000000)
  eden space 63488K, 0% used [0x00000000e0000000,0x00000000e0000000,0x00000000e3e00000)
  from space 5120K, 99% used [0x00000000e4300000,0x00000000e47fc020,0x00000000e4800000)
  to   space 5120K, 0% used [0x00000000e3e00000,0x00000000e3e00000,0x00000000e4300000)
 ParOldGen       total 84992K, used 7626K [0x00000000a0000000, 0x00000000a5300000, 0x00000000e0000000)
  object space 84992K, 8% used [0x00000000a0000000,0x00000000a0772aa0,0x00000000a5300000)
 Metaspace       used 20711K, capacity 21122K, committed 21248K, reserved 1067008K
  class space    used 2828K, capacity 2976K, committed 3072K, reserved 1048576K
}
Event: 2.262 GC heap before
{Heap before GC invocations=5 (full 1):
 PSYoungGen      total 68608K, used 5104K [0x00000000e0000000, 0x00000000e4800000, 0x0000000100000000)
  eden space 63488K, 0% used [0x00000000e0000000,0x00000000e0000000,0x00000000e3e00000)
  from space 5120K, 99% used [0x00000000e4300000,0x00000000e47fc020,0x00000000e4800000)
  to   space 5120K, 0% used [0x00000000e3e00000,0x00000000e3e00000,0x00000000e4300000)
 ParOldGen       total 84992K, used 7626K [0x00000000a0000000, 0x00000000a5300000, 0x00000000e0000000)
  object space 84992K, 8% used [0x00000000a0000000,0x00000000a0772aa0,0x00000000a5300000)
 Metaspace       used 20711K, capacity 21122K, committed 21248K, reserved 1067008K
  class space    used 2828K, capacity 2976K, committed 3072K, reserved 1048576K
Event: 2.346 GC heap after
Heap after GC invocations=5 (full 1):
 PSYoungGen      total 68608K, used 0K [0x00000000e0000000, 0x00000000e4800000, 0x0000000100000000)
  eden space 63488K, 0% used [0x00000000e0000000,0x00000000e0000000,0x00000000e3e00000)
  from space 5120K, 0% used [0x00000000e4300000,0x00000000e4300000,0x00000000e4800000)
  to   space 5120K, 0% used [0x00000000e3e00000,0x00000000e3e00000,0x00000000e4300000)
 ParOldGen       total 64512K, used 9381K [0x00000000a0000000, 0x00000000a3f00000, 0x00000000e0000000)
  object space 64512K, 14% used [0x00000000a0000000,0x00000000a09297b8,0x00000000a3f00000)
 Metaspace       used 20711K, capacity 21122K, committed 21248K, reserved 1067008K
  class space    used 2828K, capacity 2976K, committed 3072K, reserved 1048576K
}
Event: 3.590 GC heap before
{Heap before GC invocations=6 (full 1):
 PSYoungGen      total 68608K, used 63488K [0x00000000e0000000, 0x00000000e4800000, 0x0000000100000000)
  eden space 63488K, 100% used [0x00000000e0000000,0x00000000e3e00000,0x00000000e3e00000)
  from space 5120K, 0% used [0x00000000e4300000,0x00000000e4300000,0x00000000e4800000)
  to   space 5120K, 0% used [0x00000000e3e00000,0x00000000e3e00000,0x00000000e4300000)
 ParOldGen       total 64512K, used 9381K [0x00000000a0000000, 0x00000000a3f00000, 0x00000000e0000000)
  object space 64512K, 14% used [0x00000000a0000000,0x00000000a09297b8,0x00000000a3f00000)
 Metaspace       used 26101K, capacity 26600K, committed 27008K, reserved 1073152K
  class space    used 3701K, capacity 3851K, committed 3968K, reserved 1048576K
Event: 3.601 GC heap after
Heap after GC invocations=6 (full 1):
 PSYoungGen      total 68608K, used 5098K [0x00000000e0000000, 0x00000000e6b80000, 0x0000000100000000)
  eden space 63488K, 0% used [0x00000000e0000000,0x00000000e0000000,0x00000000e3e00000)
  from space 5120K, 99% used [0x00000000e3e00000,0x00000000e42fa858,0x00000000e4300000)
  to   space 10752K, 0% used [0x00000000e6100000,0x00000000e6100000,0x00000000e6b80000)
 ParOldGen       total 64512K, used 11855K [0x00000000a0000000, 0x00000000a3f00000, 0x00000000e0000000)
  object space 64512K, 18% used [0x00000000a0000000,0x00000000a0b93ee8,0x00000000a3f00000)
 Metaspace       used 26101K, capacity 26600K, committed 27008K, reserved 1073152K
  class space    used 3701K, capacity 3851K, committed 3968K, reserved 1048576K
}
Event: 4.611 GC heap before
{Heap before GC invocations=7 (full 1):
 PSYoungGen      total 68608K, used 68586K [0x00000000e0000000, 0x00000000e6b80000, 0x0000000100000000)
  eden space 63488K, 100% used [0x00000000e0000000,0x00000000e3e00000,0x00000000e3e00000)
  from space 5120K, 99% used [0x00000000e3e00000,0x00000000e42fa858,0x00000000e4300000)
  to   space 10752K, 0% used [0x00000000e6100000,0x00000000e6100000,0x00000000e6b80000)
 ParOldGen       total 64512K, used 11855K [0x00000000a0000000, 0x00000000a3f00000, 0x00000000e0000000)
  object space 64512K, 18% used [0x00000000a0000000,0x00000000a0b93ee8,0x00000000a3f00000)
 Metaspace       used 29840K, capacity 30482K, committed 30848K, reserved 1075200K
  class space    used 4183K, capacity 4353K, committed 4480K, reserved 1048576K
Event: 4.623 GC heap after
Heap after GC invocations=7 (full 1):
 PSYoungGen      total 94208K, used 7178K [0x00000000e0000000, 0x00000000e6880000, 0x0000000100000000)
  eden space 86528K, 0% used [0x00000000e0000000,0x00000000e0000000,0x00000000e5480000)
  from space 7680K, 93% used [0x00000000e6100000,0x00000000e68028d8,0x00000000e6880000)
  to   space 10240K, 0% used [0x00000000e5480000,0x00000000e5480000,0x00000000e5e80000)
 ParOldGen       total 64512K, used 11863K [0x00000000a0000000, 0x00000000a3f00000, 0x00000000e0000000)
  object space 64512K, 18% used [0x00000000a0000000,0x00000000a0b95ee8,0x00000000a3f00000)
 Metaspace       used 29840K, capacity 30482K, committed 30848K, reserved 1075200K
  class space    used 4183K, capacity 4353K, committed 4480K, reserved 1048576K
}

