# JRE version: Java(TM) SE Runtime Environment (8.0_121-b13) (build 1.8.0_121-b13)
# Java VM: Java HotSpot(TM) 64-Bit Server VM (25.121-b13 mixed mode linux-amd64 compressed oops)
Heap:
 PSYoungGen      total 132096K, used 101920K [0x00000000e0000000, 0x00000000eb500000, 0x0000000100000000)
  eden space 119296K, 76% used [0x00000000e0000000,0x00000000e588b690,0x00000000e7480000)
  from space 12800K, 87% used [0x00000000e7480000,0x00000000e7f7cc20,0x00000000e8100000)
  to   space 13824K, 0% used [0x00000000ea780000,0x00000000ea780000,0x00000000eb500000)
 ParOldGen       total 117760K, used 17344K [0x00000000a0000000, 0x00000000a7300000, 0x00000000e0000000)
  object space 117760K, 14% used [0x00000000a0000000,0x00000000a10f0010,0x00000000a7300000)
 Metaspace       used 47185K, capacity 48692K, committed 48984K, reserved 1091584K
  class space    used 6580K, capacity 6916K, committed 7040K, reserved 1048576K
GC Heap History (10 events):
Event: 3.463 GC heap before
{Heap before GC invocations=5 (full 1):
 PSYoungGen      total 68608K, used 63488K [0x00000000e0000000, 0x00000000e8600000, 0x0000000100000000)
  eden space 63488K, 100% used [0x00000000e0000000,0x00000000e3e00000,0x00000000e3e00000)
  from space 5120K, 0% used [0x00000000e3e00000,0x00000000e3e00000,0x00000000e4300000)
  to   space 5120K, 0% used [0x00000000e8100000,0x00000000e8100000,0x00000000e8600000)
 ParOldGen       total 75264K, used 12300K [0x00000000a0000000, 0x00000000a4980000, 0x00000000e0000000)
  object space 75264K, 16% used [0x00000000a0000000,0x00000000a0c03178,0x00000000a4980000)
 Metaspace       used 26165K, capacity 26632K, committed 27008K, reserved 1073152K
  class space    used 3712K, capacity 3883K, committed 3968K, reserved 1048576K
Event: 3.476 GC heap after
Heap after GC invocations=5 (full 1):
 PSYoungGen      total 86016K, used 5095K [0x00000000e0000000, 0x00000000e8600000, 0x0000000100000000)
  eden space 80896K, 0% used [0x00000000e0000000,0x00000000e0000000,0x00000000e4f00000)
  from space 5120K, 99% used [0x00000000e8100000,0x00000000e85f9f40,0x00000000e8600000)
  to   space 5120K, 0% used [0x00000000e7c00000,0x00000000e7c00000,0x00000000e8100000)
 ParOldGen       total 75264K, used 15084K [0x00000000a0000000, 0x00000000a4980000, 0x00000000e0000000)
  object space 75264K, 20% used [0x00000000a0000000,0x00000000a0ebb1f8,0x00000000a4980000)
 Metaspace       used 26165K, capacity 26632K, committed 27008K, reserved 1073152K
  class space    used 3712K, capacity 3883K, committed 3968K, reserved 1048576K
}
Event: 4.957 GC heap before
{Heap before GC invocations=6 (full 1):
 PSYoungGen      total 86016K, used 85991K [0x00000000e0000000, 0x00000000e8600000, 0x0000000100000000)
  eden space 80896K, 100% used [0x00000000e0000000,0x00000000e4f00000,0x00000000e4f00000)
  from space 5120K, 99% used [0x00000000e8100000,0x00000000e85f9f40,0x00000000e8600000)
  to   space 5120K, 0% used [0x00000000e7c00000,0x00000000e7c00000,0x00000000e8100000)
 ParOldGen       total 75264K, used 15084K [0x00000000a0000000, 0x00000000a4980000, 0x00000000e0000000)
  object space 75264K, 20% used [0x00000000a0000000,0x00000000a0ebb1f8,0x00000000a4980000)
 Metaspace       used 30042K, capacity 30612K, committed 30848K, reserved 1075200K
  class space    used 4218K, capacity 4394K, committed 4480K, reserved 1048576K
Event: 4.970 GC heap after
Heap after GC invocations=6 (full 1):
 PSYoungGen      total 106496K, used 5104K [0x00000000e0000000, 0x00000000e8180000, 0x0000000100000000)
  eden space 101376K, 0% used [0x00000000e0000000,0x00000000e0000000,0x00000000e6300000)
  from space 5120K, 99% used [0x00000000e7c00000,0x00000000e80fc020,0x00000000e8100000)
  to   space 512K, 0% used [0x00000000e8100000,0x00000000e8100000,0x00000000e8180000)
 ParOldGen       total 75264K, used 18277K [0x00000000a0000000, 0x00000000a4980000, 0x00000000e0000000)
  object space 75264K, 24% used [0x00000000a0000000,0x00000000a11d9420,0x00000000a4980000)
 Metaspace       used 30042K, capacity 30612K, committed 30848K, reserved 1075200K
  class space    used 4218K, capacity 4394K, committed 4480K, reserved 1048576K
}
Event: 5.615 GC heap before
{Heap before GC invocations=7 (full 1):
 PSYoungGen      total 106496K, used 49811K [0x00000000e0000000, 0x00000000e8180000, 0x0000000100000000)
  eden space 101376K, 44% used [0x00000000e0000000,0x00000000e2ba8e60,0x00000000e6300000)
  from space 5120K, 99% used [0x00000000e7c00000,0x00000000e80fc020,0x00000000e8100000)
  to   space 512K, 0% used [0x00000000e8100000,0x00000000e8100000,0x00000000e8180000)
 ParOldGen       total 75264K, used 18277K [0x00000000a0000000, 0x00000000a4980000, 0x00000000e0000000)
  object space 75264K, 24% used [0x00000000a0000000,0x00000000a11d9420,0x00000000a4980000)
 Metaspace       used 34689K, capacity 35382K, committed 35416K, reserved 1079296K
  class space    used 4787K, capacity 4988K, committed 4992K, reserved 1048576K
Event: 5.640 GC heap after
Heap after GC invocations=7 (full 1):
 PSYoungGen      total 119808K, used 512K [0x00000000e0000000, 0x00000000e9e80000, 0x0000000100000000)
  eden space 119296K, 0% used [0x00000000e0000000,0x00000000e0000000,0x00000000e7480000)
  from space 512K, 100% used [0x00000000e8100000,0x00000000e8180000,0x00000000e8180000)
  to   space 12800K, 0% used [0x00000000e7480000,0x00000000e7480000,0x00000000e8100000)
 ParOldGen       total 75264K, used 27656K [0x00000000a0000000, 0x00000000a4980000, 0x00000000e0000000)
  object space 75264K, 36% used [0x00000000a0000000,0x00000000a1b021c8,0x00000000a4980000)
 Metaspace       used 34689K, capacity 35382K, committed 35416K, reserved 1079296K
  class space    used 4787K, capacity 4988K, committed 4992K, reserved 1048576K
}
Event: 5.640 GC heap before
{Heap before GC invocations=8 (full 2):
 PSYoungGen      total 119808K, used 512K [0x00000000e0000000, 0x00000000e9e80000, 0x0000000100000000)
  eden space 119296K, 0% used [0x00000000e0000000,0x00000000e0000000,0x00000000e7480000)
  from space 512K, 100% used [0x00000000e8100000,0x00000000e8180000,0x00000000e8180000)
  to   space 12800K, 0% used [0x00000000e7480000,0x00000000e7480000,0x00000000e8100000)
 ParOldGen       total 75264K, used 27656K [0x00000000a0000000, 0x00000000a4980000, 0x00000000e0000000)
  object space 75264K, 36% used [0x00000000a0000000,0x00000000a1b021c8,0x00000000a4980000)
 Metaspace       used 34689K, capacity 35382K, committed 35416K, reserved 1079296K
  class space    used 4787K, capacity 4988K, committed 4992K, reserved 1048576K
Event: 5.748 GC heap after
Heap after GC invocations=8 (full 2):
 PSYoungGen      total 119808K, used 0K [0x00000000e0000000, 0x00000000e9e80000, 0x0000000100000000)
  eden space 119296K, 0% used [0x00000000e0000000,0x00000000e0000000,0x00000000e7480000)
  from space 512K, 0% used [0x00000000e8100000,0x00000000e8100000,0x00000000e8180000)
  to   space 12800K, 0% used [0x00000000e7480000,0x00000000e7480000,0x00000000e8100000)
 ParOldGen       total 117760K, used 17336K [0x00000000a0000000, 0x00000000a7300000, 0x00000000e0000000)
  object space 117760K, 14% used [0x00000000a0000000,0x00000000a10ee010,0x00000000a7300000)
 Metaspace       used 34689K, capacity 35382K, committed 35416K, reserved 1079296K
  class space    used 4787K, capacity 4988K, committed 4992K, reserved 1048576K
}
Event: 7.255 GC heap before
{Heap before GC invocations=9 (full 2):
 PSYoungGen      total 119808K, used 119296K [0x00000000e0000000, 0x00000000e9e80000, 0x0000000100000000)
  eden space 119296K, 100% used [0x00000000e0000000,0x00000000e7480000,0x00000000e7480000)
  from space 512K, 0% used [0x00000000e8100000,0x00000000e8100000,0x00000000e8180000)
  to   space 12800K, 0% used [0x00000000e7480000,0x00000000e7480000,0x00000000e8100000)
 ParOldGen       total 117760K, used 17336K [0x00000000a0000000, 0x00000000a7300000, 0x00000000e0000000)
  object space 117760K, 14% used [0x00000000a0000000,0x00000000a10ee010,0x00000000a7300000)
 Metaspace       used 42985K, capacity 43932K, committed 44120K, reserved 1087488K
  class space    used 5927K, capacity 6192K, committed 6272K, reserved 1048576K
Event: 7.268 GC heap after
Heap after GC invocations=9 (full 2):
 PSYoungGen      total 132096K, used 11251K [0x00000000e0000000, 0x00000000eb500000, 0x0000000100000000)
  eden space 119296K, 0% used [0x00000000e0000000,0x00000000e0000000,0x00000000e7480000)
  from space 12800K, 87% used [0x00000000e7480000,0x00000000e7f7cc20,0x00000000e8100000)
  to   space 13824K, 0% used [0x00000000ea780000,0x00000000ea780000,0x00000000eb500000)
 ParOldGen       total 117760K, used 17344K [0x00000000a0000000, 0x00000000a7300000, 0x00000000e0000000)
  object space 117760K, 14% used [0x00000000a0000000,0x00000000a10f0010,0x00000000a7300000)
 Metaspace       used 42985K, capacity 43932K, committed 44120K, reserved 1087488K
  class space    used 5927K, capacity 6192K, committed 6272K, reserved 1048576K
}

