# JRE version: Java(TM) SE Runtime Environment (8.0_121-b13) (build 1.8.0_121-b13)
# Java VM: Java HotSpot(TM) 64-Bit Server VM (25.121-b13 mixed mode linux-amd64 compressed oops)
Heap:
 PSYoungGen      total 131072K, used 55513K [0x00000000e0000000, 0x00000000eae00000, 0x0000000100000000)
  eden space 118784K, 36% used [0x00000000e0000000,0x00000000e2a3d808,0x00000000e7400000)
  from space 12288K, 99% used [0x00000000e7400000,0x00000000e7ff8c80,0x00000000e8000000)
  to   space 15360K, 0% used [0x00000000e9f00000,0x00000000e9f00000,0x00000000eae00000)
 ParOldGen       total 103936K, used 21844K [0x00000000a0000000, 0x00000000a6580000, 0x00000000e0000000)
  object space 103936K, 21% used [0x00000000a0000000,0x00000000a1555398,0x00000000a6580000)
 Metaspace       used 49000K, capacity 50614K, committed 50776K, reserved 1093632K
  class space    used 6842K, capacity 7222K, committed 7296K, reserved 1048576K
GC Heap History (10 events):
Event: 4.384 GC heap before
{Heap before GC invocations=7 (full 1):
 PSYoungGen      total 68608K, used 68588K [0x00000000e0000000, 0x00000000e6b80000, 0x0000000100000000)
  eden space 63488K, 100% used [0x00000000e0000000,0x00000000e3e00000,0x00000000e3e00000)
  from space 5120K, 99% used [0x00000000e3e00000,0x00000000e42fb048,0x00000000e4300000)
  to   space 10752K, 0% used [0x00000000e6100000,0x00000000e6100000,0x00000000e6b80000)
 ParOldGen       total 65024K, used 12032K [0x00000000a0000000, 0x00000000a3f80000, 0x00000000e0000000)
  object space 65024K, 18% used [0x00000000a0000000,0x00000000a0bc01e0,0x00000000a3f80000)
 Metaspace       used 29550K, capacity 30154K, committed 30464K, reserved 1075200K
  class space    used 4141K, capacity 4285K, committed 4352K, reserved 1048576K
Event: 4.396 GC heap after
Heap after GC invocations=7 (full 1):
 PSYoungGen      total 96256K, used 6934K [0x00000000e0000000, 0x00000000e6980000, 0x0000000100000000)
  eden space 87552K, 0% used [0x00000000e0000000,0x00000000e0000000,0x00000000e5580000)
  from space 8704K, 79% used [0x00000000e6100000,0x00000000e67c5998,0x00000000e6980000)
  to   space 10240K, 0% used [0x00000000e5580000,0x00000000e5580000,0x00000000e5f80000)
 ParOldGen       total 65024K, used 12040K [0x00000000a0000000, 0x00000000a3f80000, 0x00000000e0000000)
  object space 65024K, 18% used [0x00000000a0000000,0x00000000a0bc21e0,0x00000000a3f80000)
 Metaspace       used 29550K, capacity 30154K, committed 30464K, reserved 1075200K
  class space    used 4141K, capacity 4285K, committed 4352K, reserved 1048576K
}
Event: 5.575 GC heap before
{Heap before GC invocations=8 (full 1):
 PSYoungGen      total 96256K, used 60279K [0x00000000e0000000, 0x00000000e6980000, 0x0000000100000000)
  eden space 87552K, 60% used [0x00000000e0000000,0x00000000e3418448,0x00000000e5580000)
  from space 8704K, 79% used [0x00000000e6100000,0x00000000e67c5998,0x00000000e6980000)
  to   space 10240K, 0% used [0x00000000e5580000,0x00000000e5580000,0x00000000e5f80000)
 ParOldGen       total 65024K, used 12040K [0x00000000a0000000, 0x00000000a3f80000, 0x00000000e0000000)
  object space 65024K, 18% used [0x00000000a0000000,0x00000000a0bc21e0,0x00000000a3f80000)
 Metaspace       used 34630K, capacity 35376K, committed 35416K, reserved 1079296K
  class space    used 4783K, capacity 4987K, committed 4992K, reserved 1048576K
Event: 5.589 GC heap after
Heap after GC invocations=8 (full 1):
 PSYoungGen      total 97792K, used 10217K [0x00000000e0000000, 0x00000000e8b80000, 0x0000000100000000)
  eden space 87552K, 0% used [0x00000000e0000000,0x00000000e0000000,0x00000000e5580000)
  from space 10240K, 99% used [0x00000000e5580000,0x00000000e5f7a7d0,0x00000000e5f80000)
  to   space 11776K, 0% used [0x00000000e8000000,0x00000000e8000000,0x00000000e8b80000)
 ParOldGen       total 65024K, used 12955K [0x00000000a0000000, 0x00000000a3f80000, 0x00000000e0000000)
  object space 65024K, 19% used [0x00000000a0000000,0x00000000a0ca6d48,0x00000000a3f80000)
 Metaspace       used 34630K, capacity 35376K, committed 35416K, reserved 1079296K
  class space    used 4783K, capacity 4987K, committed 4992K, reserved 1048576K
}
Event: 5.589 GC heap before
{Heap before GC invocations=9 (full 2):
 PSYoungGen      total 97792K, used 10217K [0x00000000e0000000, 0x00000000e8b80000, 0x0000000100000000)
  eden space 87552K, 0% used [0x00000000e0000000,0x00000000e0000000,0x00000000e5580000)
  from space 10240K, 99% used [0x00000000e5580000,0x00000000e5f7a7d0,0x00000000e5f80000)
  to   space 11776K, 0% used [0x00000000e8000000,0x00000000e8000000,0x00000000e8b80000)
 ParOldGen       total 65024K, used 12955K [0x00000000a0000000, 0x00000000a3f80000, 0x00000000e0000000)
  object space 65024K, 19% used [0x00000000a0000000,0x00000000a0ca6d48,0x00000000a3f80000)
 Metaspace       used 34630K, capacity 35376K, committed 35416K, reserved 1079296K
  class space    used 4783K, capacity 4987K, committed 4992K, reserved 1048576K
Event: 5.673 GC heap after
Heap after GC invocations=9 (full 2):
 PSYoungGen      total 97792K, used 0K [0x00000000e0000000, 0x00000000e8b80000, 0x0000000100000000)
  eden space 87552K, 0% used [0x00000000e0000000,0x00000000e0000000,0x00000000e5580000)
  from space 10240K, 0% used [0x00000000e5580000,0x00000000e5580000,0x00000000e5f80000)
  to   space 11776K, 0% used [0x00000000e8000000,0x00000000e8000000,0x00000000e8b80000)
 ParOldGen       total 103936K, used 17243K [0x00000000a0000000, 0x00000000a6580000, 0x00000000e0000000)
  object space 103936K, 16% used [0x00000000a0000000,0x00000000a10d6ce0,0x00000000a6580000)
 Metaspace       used 34630K, capacity 35376K, committed 35416K, reserved 1079296K
  class space    used 4783K, capacity 4987K, committed 4992K, reserved 1048576K
}
Event: 6.713 GC heap before
{Heap before GC invocations=10 (full 2):
 PSYoungGen      total 97792K, used 87552K [0x00000000e0000000, 0x00000000e8b80000, 0x0000000100000000)
  eden space 87552K, 100% used [0x00000000e0000000,0x00000000e5580000,0x00000000e5580000)
  from space 10240K, 0% used [0x00000000e5580000,0x00000000e5580000,0x00000000e5f80000)
  to   space 11776K, 0% used [0x00000000e8000000,0x00000000e8000000,0x00000000e8b80000)
 ParOldGen       total 103936K, used 17243K [0x00000000a0000000, 0x00000000a6580000, 0x00000000e0000000)
  object space 103936K, 16% used [0x00000000a0000000,0x00000000a10d6ce0,0x00000000a6580000)
 Metaspace       used 39952K, capacity 40842K, committed 41176K, reserved 1085440K
  class space    used 5544K, capacity 5765K, committed 5888K, reserved 1048576K
Event: 6.732 GC heap after
Heap after GC invocations=10 (full 2):
 PSYoungGen      total 130560K, used 9377K [0x00000000e0000000, 0x00000000e8d80000, 0x0000000100000000)
  eden space 118784K, 0% used [0x00000000e0000000,0x00000000e0000000,0x00000000e7400000)
  from space 11776K, 79% used [0x00000000e8000000,0x00000000e8928650,0x00000000e8b80000)
  to   space 12288K, 0% used [0x00000000e7400000,0x00000000e7400000,0x00000000e8000000)
 ParOldGen       total 103936K, used 17251K [0x00000000a0000000, 0x00000000a6580000, 0x00000000e0000000)
  object space 103936K, 16% used [0x00000000a0000000,0x00000000a10d8ce0,0x00000000a6580000)
 Metaspace       used 39952K, capacity 40842K, committed 41176K, reserved 1085440K
  class space    used 5544K, capacity 5765K, committed 5888K, reserved 1048576K
}
Event: 8.375 GC heap before
{Heap before GC invocations=11 (full 2):
 PSYoungGen      total 130560K, used 128161K [0x00000000e0000000, 0x00000000e8d80000, 0x0000000100000000)
  eden space 118784K, 100% used [0x00000000e0000000,0x00000000e7400000,0x00000000e7400000)
  from space 11776K, 79% used [0x00000000e8000000,0x00000000e8928650,0x00000000e8b80000)
  to   space 12288K, 0% used [0x00000000e7400000,0x00000000e7400000,0x00000000e8000000)
 ParOldGen       total 103936K, used 17251K [0x00000000a0000000, 0x00000000a6580000, 0x00000000e0000000)
  object space 103936K, 16% used [0x00000000a0000000,0x00000000a10d8ce0,0x00000000a6580000)
 Metaspace       used 46895K, capacity 48398K, committed 48600K, reserved 1091584K
  class space    used 6519K, capacity 6845K, committed 6912K, reserved 1048576K
Event: 8.411 GC heap after
Heap after GC invocations=11 (full 2):
 PSYoungGen      total 131072K, used 12259K [0x00000000e0000000, 0x00000000eae00000, 0x0000000100000000)
  eden space 118784K, 0% used [0x00000000e0000000,0x00000000e0000000,0x00000000e7400000)
  from space 12288K, 99% used [0x00000000e7400000,0x00000000e7ff8c80,0x00000000e8000000)
  to   space 15360K, 0% used [0x00000000e9f00000,0x00000000e9f00000,0x00000000eae00000)
 ParOldGen       total 103936K, used 21844K [0x00000000a0000000, 0x00000000a6580000, 0x00000000e0000000)
  object space 103936K, 21% used [0x00000000a0000000,0x00000000a1555398,0x00000000a6580000)
 Metaspace       used 46895K, capacity 48398K, committed 48600K, reserved 1091584K
  class space    used 6519K, capacity 6845K, committed 6912K, reserved 1048576K
}

