# JRE version: Java(TM) SE Runtime Environment (8.0_121-b13) (build 1.8.0_121-b13)
# Java VM: Java HotSpot(TM) 64-Bit Server VM (25.121-b13 mixed mode linux-amd64 compressed oops)
Heap:
 PSYoungGen      total 114688K, used 72189K [0x00000000e0000000, 0x00000000e8400000, 0x0000000100000000)
  eden space 102912K, 58% used [0x00000000e0000000,0x00000000e3aff570,0x00000000e6480000)
  from space 11776K, 100% used [0x00000000e7300000,0x00000000e7e80000,0x00000000e7e80000)
  to   space 14848K, 0% used [0x00000000e6480000,0x00000000e6480000,0x00000000e7300000)
 ParOldGen       total 96768K, used 20083K [0x00000000a0000000, 0x00000000a5e80000, 0x00000000e0000000)
  object space 96768K, 20% used [0x00000000a0000000,0x00000000a139cf98,0x00000000a5e80000)
 Metaspace       used 49627K, capacity 51184K, committed 51416K, reserved 1093632K
  class space    used 6955K, capacity 7318K, committed 7424K, reserved 1048576K
GC Heap History (10 events):
Event: 12.962 GC heap before
{Heap before GC invocations=10 (full 1):
 PSYoungGen      total 71680K, used 32772K [0x00000000e0000000, 0x00000000e5100000, 0x0000000100000000)
  eden space 61440K, 39% used [0x00000000e0000000,0x00000000e17ef200,0x00000000e3c00000)
  from space 10240K, 80% used [0x00000000e4700000,0x00000000e4f121e8,0x00000000e5100000)
  to   space 10752K, 0% used [0x00000000e3c00000,0x00000000e3c00000,0x00000000e4680000)
 ParOldGen       total 67072K, used 9478K [0x00000000a0000000, 0x00000000a4180000, 0x00000000e0000000)
  object space 67072K, 14% used [0x00000000a0000000,0x00000000a09418b0,0x00000000a4180000)
 Metaspace       used 34603K, capacity 35386K, committed 35416K, reserved 1079296K
  class space    used 4785K, capacity 4988K, committed 4992K, reserved 1048576K
Event: 12.977 GC heap after
Heap after GC invocations=10 (full 1):
 PSYoungGen      total 72192K, used 9566K [0x00000000e0000000, 0x00000000e6600000, 0x0000000100000000)
  eden space 61440K, 0% used [0x00000000e0000000,0x00000000e0000000,0x00000000e3c00000)
  from space 10752K, 88% used [0x00000000e3c00000,0x00000000e45579e8,0x00000000e4680000)
  to   space 11264K, 0% used [0x00000000e5b00000,0x00000000e5b00000,0x00000000e6600000)
 ParOldGen       total 67072K, used 9486K [0x00000000a0000000, 0x00000000a4180000, 0x00000000e0000000)
  object space 67072K, 14% used [0x00000000a0000000,0x00000000a09438b0,0x00000000a4180000)
 Metaspace       used 34603K, capacity 35386K, committed 35416K, reserved 1079296K
  class space    used 4785K, capacity 4988K, committed 4992K, reserved 1048576K
}
Event: 12.977 GC heap before
{Heap before GC invocations=11 (full 2):
 PSYoungGen      total 72192K, used 9566K [0x00000000e0000000, 0x00000000e6600000, 0x0000000100000000)
  eden space 61440K, 0% used [0x00000000e0000000,0x00000000e0000000,0x00000000e3c00000)
  from space 10752K, 88% used [0x00000000e3c00000,0x00000000e45579e8,0x00000000e4680000)
  to   space 11264K, 0% used [0x00000000e5b00000,0x00000000e5b00000,0x00000000e6600000)
 ParOldGen       total 67072K, used 9486K [0x00000000a0000000, 0x00000000a4180000, 0x00000000e0000000)
  object space 67072K, 14% used [0x00000000a0000000,0x00000000a09438b0,0x00000000a4180000)
 Metaspace       used 34603K, capacity 35386K, committed 35416K, reserved 1079296K
  class space    used 4785K, capacity 4988K, committed 4992K, reserved 1048576K
Event: 13.060 GC heap after
Heap after GC invocations=11 (full 2):
 PSYoungGen      total 72192K, used 0K [0x00000000e0000000, 0x00000000e6600000, 0x0000000100000000)
  eden space 61440K, 0% used [0x00000000e0000000,0x00000000e0000000,0x00000000e3c00000)
  from space 10752K, 0% used [0x00000000e3c00000,0x00000000e3c00000,0x00000000e4680000)
  to   space 11264K, 0% used [0x00000000e5b00000,0x00000000e5b00000,0x00000000e6600000)
 ParOldGen       total 96768K, used 15787K [0x00000000a0000000, 0x00000000a5e80000, 0x00000000e0000000)
  object space 96768K, 16% used [0x00000000a0000000,0x00000000a0f6ac80,0x00000000a5e80000)
 Metaspace       used 34603K, capacity 35386K, committed 35416K, reserved 1079296K
  class space    used 4785K, capacity 4988K, committed 4992K, reserved 1048576K
}
Event: 13.925 GC heap before
{Heap before GC invocations=12 (full 2):
 PSYoungGen      total 72192K, used 61440K [0x00000000e0000000, 0x00000000e6600000, 0x0000000100000000)
  eden space 61440K, 100% used [0x00000000e0000000,0x00000000e3c00000,0x00000000e3c00000)
  from space 10752K, 0% used [0x00000000e3c00000,0x00000000e3c00000,0x00000000e4680000)
  to   space 11264K, 0% used [0x00000000e5b00000,0x00000000e5b00000,0x00000000e6600000)
 ParOldGen       total 96768K, used 15787K [0x00000000a0000000, 0x00000000a5e80000, 0x00000000e0000000)
  object space 96768K, 16% used [0x00000000a0000000,0x00000000a0f6ac80,0x00000000a5e80000)
 Metaspace       used 37801K, capacity 38616K, committed 38744K, reserved 1083392K
  class space    used 5201K, capacity 5432K, committed 5504K, reserved 1048576K
Event: 13.933 GC heap after
Heap after GC invocations=12 (full 2):
 PSYoungGen      total 90112K, used 6691K [0x00000000e0000000, 0x00000000e6480000, 0x0000000100000000)
  eden space 80384K, 0% used [0x00000000e0000000,0x00000000e0000000,0x00000000e4e80000)
  from space 9728K, 68% used [0x00000000e5b00000,0x00000000e6188df8,0x00000000e6480000)
  to   space 11264K, 0% used [0x00000000e4e80000,0x00000000e4e80000,0x00000000e5980000)
 ParOldGen       total 96768K, used 15795K [0x00000000a0000000, 0x00000000a5e80000, 0x00000000e0000000)
  object space 96768K, 16% used [0x00000000a0000000,0x00000000a0f6cc80,0x00000000a5e80000)
 Metaspace       used 37801K, capacity 38616K, committed 38744K, reserved 1083392K
  class space    used 5201K, capacity 5432K, committed 5504K, reserved 1048576K
}
Event: 16.110 GC heap before
{Heap before GC invocations=13 (full 2):
 PSYoungGen      total 90112K, used 87075K [0x00000000e0000000, 0x00000000e6480000, 0x0000000100000000)
  eden space 80384K, 100% used [0x00000000e0000000,0x00000000e4e80000,0x00000000e4e80000)
  from space 9728K, 68% used [0x00000000e5b00000,0x00000000e6188df8,0x00000000e6480000)
  to   space 11264K, 0% used [0x00000000e4e80000,0x00000000e4e80000,0x00000000e5980000)
 ParOldGen       total 96768K, used 15795K [0x00000000a0000000, 0x00000000a5e80000, 0x00000000e0000000)
  object space 96768K, 16% used [0x00000000a0000000,0x00000000a0f6cc80,0x00000000a5e80000)
 Metaspace       used 43096K, capacity 44128K, committed 44376K, reserved 1087488K
  class space    used 5932K, capacity 6192K, committed 6272K, reserved 1048576K
Event: 16.145 GC heap after
Heap after GC invocations=13 (full 2):
 PSYoungGen      total 91648K, used 10417K [0x00000000e0000000, 0x00000000e7e80000, 0x0000000100000000)
  eden space 80384K, 0% used [0x00000000e0000000,0x00000000e0000000,0x00000000e4e80000)
  from space 11264K, 92% used [0x00000000e4e80000,0x00000000e58ac408,0x00000000e5980000)
  to   space 11776K, 0% used [0x00000000e7300000,0x00000000e7300000,0x00000000e7e80000)
 ParOldGen       total 96768K, used 15803K [0x00000000a0000000, 0x00000000a5e80000, 0x00000000e0000000)
  object space 96768K, 16% used [0x00000000a0000000,0x00000000a0f6ec80,0x00000000a5e80000)
 Metaspace       used 43096K, capacity 44128K, committed 44376K, reserved 1087488K
  class space    used 5932K, capacity 6192K, committed 6272K, reserved 1048576K
}
Event: 18.467 GC heap before
{Heap before GC invocations=14 (full 2):
 PSYoungGen      total 91648K, used 90801K [0x00000000e0000000, 0x00000000e7e80000, 0x0000000100000000)
  eden space 80384K, 100% used [0x00000000e0000000,0x00000000e4e80000,0x00000000e4e80000)
  from space 11264K, 92% used [0x00000000e4e80000,0x00000000e58ac408,0x00000000e5980000)
  to   space 11776K, 0% used [0x00000000e7300000,0x00000000e7300000,0x00000000e7e80000)
 ParOldGen       total 96768K, used 15803K [0x00000000a0000000, 0x00000000a5e80000, 0x00000000e0000000)
  object space 96768K, 16% used [0x00000000a0000000,0x00000000a0f6ec80,0x00000000a5e80000)
 Metaspace       used 47404K, capacity 48956K, committed 49240K, reserved 1091584K
  class space    used 6599K, capacity 6954K, committed 7040K, reserved 1048576K
Event: 18.489 GC heap after
Heap after GC invocations=14 (full 2):
 PSYoungGen      total 114688K, used 11776K [0x00000000e0000000, 0x00000000e8400000, 0x0000000100000000)
  eden space 102912K, 0% used [0x00000000e0000000,0x00000000e0000000,0x00000000e6480000)
  from space 11776K, 100% used [0x00000000e7300000,0x00000000e7e80000,0x00000000e7e80000)
  to   space 14848K, 0% used [0x00000000e6480000,0x00000000e6480000,0x00000000e7300000)
 ParOldGen       total 96768K, used 20083K [0x00000000a0000000, 0x00000000a5e80000, 0x00000000e0000000)
  object space 96768K, 20% used [0x00000000a0000000,0x00000000a139cf98,0x00000000a5e80000)
 Metaspace       used 47404K, capacity 48956K, committed 49240K, reserved 1091584K
  class space    used 6599K, capacity 6954K, committed 7040K, reserved 1048576K
}

