# JRE version: Java(TM) SE Runtime Environment (8.0_121-b13) (build 1.8.0_121-b13)
# Java VM: Java HotSpot(TM) 64-Bit Server VM (25.121-b13 mixed mode linux-amd64 compressed oops)
Heap:
 PSYoungGen      total 96768K, used 53124K [0x00000000e0000000, 0x00000000e6d00000, 0x0000000100000000)
  eden space 89088K, 51% used [0x00000000e0000000,0x00000000e2c7f9b8,0x00000000e5700000)
  from space 7680K, 98% used [0x00000000e6580000,0x00000000e6ce1738,0x00000000e6d00000)
  to   space 11264K, 0% used [0x00000000e5700000,0x00000000e5700000,0x00000000e6200000)
 ParOldGen       total 93696K, used 15262K [0x00000000a0000000, 0x00000000a5b80000, 0x00000000e0000000)
  object space 93696K, 16% used [0x00000000a0000000,0x00000000a0ee7850,0x00000000a5b80000)
 Metaspace       used 42767K, capacity 43738K, committed 43864K, reserved 1087488K
  class space    used 5903K, capacity 6149K, committed 6272K, reserved 1048576K
GC Heap History (10 events):
Event: 9.736 GC heap before
{Heap before GC invocations=8 (full 1):
 PSYoungGen      total 56832K, used 52560K [0x00000000e0000000, 0x00000000e4180000, 0x0000000100000000)
  eden space 46592K, 100% used [0x00000000e0000000,0x00000000e2d80000,0x00000000e2d80000)
  from space 10240K, 58% used [0x00000000e3780000,0x00000000e3d543c0,0x00000000e4180000)
  to   space 10240K, 0% used [0x00000000e2d80000,0x00000000e2d80000,0x00000000e3780000)
 ParOldGen       total 65024K, used 9427K [0x00000000a0000000, 0x00000000a3f80000, 0x00000000e0000000)
  object space 65024K, 14% used [0x00000000a0000000,0x00000000a0934c70,0x00000000a3f80000)
 Metaspace       used 29437K, capacity 30026K, committed 30208K, reserved 1075200K
  class space    used 4137K, capacity 4285K, committed 4352K, reserved 1048576K
Event: 9.748 GC heap after
Heap after GC invocations=8 (full 1):
 PSYoungGen      total 56832K, used 6586K [0x00000000e0000000, 0x00000000e5700000, 0x0000000100000000)
  eden space 46592K, 0% used [0x00000000e0000000,0x00000000e0000000,0x00000000e2d80000)
  from space 10240K, 64% used [0x00000000e2d80000,0x00000000e33eeb30,0x00000000e3780000)
  to   space 10240K, 0% used [0x00000000e4d00000,0x00000000e4d00000,0x00000000e5700000)
 ParOldGen       total 65024K, used 9499K [0x00000000a0000000, 0x00000000a3f80000, 0x00000000e0000000)
  object space 65024K, 14% used [0x00000000a0000000,0x00000000a0946c80,0x00000000a3f80000)
 Metaspace       used 29437K, capacity 30026K, committed 30208K, reserved 1075200K
  class space    used 4137K, capacity 4285K, committed 4352K, reserved 1048576K
}
Event: 12.054 GC heap before
{Heap before GC invocations=9 (full 1):
 PSYoungGen      total 56832K, used 53178K [0x00000000e0000000, 0x00000000e5700000, 0x0000000100000000)
  eden space 46592K, 100% used [0x00000000e0000000,0x00000000e2d80000,0x00000000e2d80000)
  from space 10240K, 64% used [0x00000000e2d80000,0x00000000e33eeb30,0x00000000e3780000)
  to   space 10240K, 0% used [0x00000000e4d00000,0x00000000e4d00000,0x00000000e5700000)
 ParOldGen       total 65024K, used 9499K [0x00000000a0000000, 0x00000000a3f80000, 0x00000000e0000000)
  object space 65024K, 14% used [0x00000000a0000000,0x00000000a0946c80,0x00000000a3f80000)
 Metaspace       used 32733K, capacity 33438K, committed 33792K, reserved 1079296K
  class space    used 4547K, capacity 4744K, committed 4864K, reserved 1048576K
Event: 12.065 GC heap after
Heap after GC invocations=9 (full 1):
 PSYoungGen      total 77824K, used 9028K [0x00000000e0000000, 0x00000000e5700000, 0x0000000100000000)
  eden space 67584K, 0% used [0x00000000e0000000,0x00000000e0000000,0x00000000e4200000)
  from space 10240K, 88% used [0x00000000e4d00000,0x00000000e55d11c0,0x00000000e5700000)
  to   space 10752K, 0% used [0x00000000e4200000,0x00000000e4200000,0x00000000e4c80000)
 ParOldGen       total 65024K, used 9507K [0x00000000a0000000, 0x00000000a3f80000, 0x00000000e0000000)
  object space 65024K, 14% used [0x00000000a0000000,0x00000000a0948c80,0x00000000a3f80000)
 Metaspace       used 32733K, capacity 33438K, committed 33792K, reserved 1079296K
  class space    used 4547K, capacity 4744K, committed 4864K, reserved 1048576K
}
Event: 12.389 GC heap before
{Heap before GC invocations=10 (full 1):
 PSYoungGen      total 77824K, used 30818K [0x00000000e0000000, 0x00000000e5700000, 0x0000000100000000)
  eden space 67584K, 32% used [0x00000000e0000000,0x00000000e1547700,0x00000000e4200000)
  from space 10240K, 88% used [0x00000000e4d00000,0x00000000e55d11c0,0x00000000e5700000)
  to   space 10752K, 0% used [0x00000000e4200000,0x00000000e4200000,0x00000000e4c80000)
 ParOldGen       total 65024K, used 9507K [0x00000000a0000000, 0x00000000a3f80000, 0x00000000e0000000)
  object space 65024K, 14% used [0x00000000a0000000,0x00000000a0948c80,0x00000000a3f80000)
 Metaspace       used 34650K, capacity 35382K, committed 35416K, reserved 1079296K
  class space    used 4781K, capacity 4988K, committed 4992K, reserved 1048576K
Event: 12.400 GC heap after
Heap after GC invocations=10 (full 1):
 PSYoungGen      total 78336K, used 8982K [0x00000000e0000000, 0x00000000e7080000, 0x0000000100000000)
  eden space 67584K, 0% used [0x00000000e0000000,0x00000000e0000000,0x00000000e4200000)
  from space 10752K, 83% used [0x00000000e4200000,0x00000000e4ac58f0,0x00000000e4c80000)
  to   space 11264K, 0% used [0x00000000e6580000,0x00000000e6580000,0x00000000e7080000)
 ParOldGen       total 65024K, used 9515K [0x00000000a0000000, 0x00000000a3f80000, 0x00000000e0000000)
  object space 65024K, 14% used [0x00000000a0000000,0x00000000a094ac80,0x00000000a3f80000)
 Metaspace       used 34650K, capacity 35382K, committed 35416K, reserved 1079296K
  class space    used 4781K, capacity 4988K, committed 4992K, reserved 1048576K
}
Event: 12.400 GC heap before
{Heap before GC invocations=11 (full 2):
 PSYoungGen      total 78336K, used 8982K [0x00000000e0000000, 0x00000000e7080000, 0x0000000100000000)
  eden space 67584K, 0% used [0x00000000e0000000,0x00000000e0000000,0x00000000e4200000)
  from space 10752K, 83% used [0x00000000e4200000,0x00000000e4ac58f0,0x00000000e4c80000)
  to   space 11264K, 0% used [0x00000000e6580000,0x00000000e6580000,0x00000000e7080000)
 ParOldGen       total 65024K, used 9515K [0x00000000a0000000, 0x00000000a3f80000, 0x00000000e0000000)
  object space 65024K, 14% used [0x00000000a0000000,0x00000000a094ac80,0x00000000a3f80000)
 Metaspace       used 34650K, capacity 35382K, committed 35416K, reserved 1079296K
  class space    used 4781K, capacity 4988K, committed 4992K, reserved 1048576K
Event: 12.486 GC heap after
Heap after GC invocations=11 (full 2):
 PSYoungGen      total 78336K, used 0K [0x00000000e0000000, 0x00000000e7080000, 0x0000000100000000)
  eden space 67584K, 0% used [0x00000000e0000000,0x00000000e0000000,0x00000000e4200000)
  from space 10752K, 0% used [0x00000000e4200000,0x00000000e4200000,0x00000000e4c80000)
  to   space 11264K, 0% used [0x00000000e6580000,0x00000000e6580000,0x00000000e7080000)
 ParOldGen       total 93696K, used 15254K [0x00000000a0000000, 0x00000000a5b80000, 0x00000000e0000000)
  object space 93696K, 16% used [0x00000000a0000000,0x00000000a0ee5850,0x00000000a5b80000)
 Metaspace       used 34650K, capacity 35382K, committed 35416K, reserved 1079296K
  class space    used 4781K, capacity 4988K, committed 4992K, reserved 1048576K
}
Event: 13.385 GC heap before
{Heap before GC invocations=12 (full 2):
 PSYoungGen      total 78336K, used 67584K [0x00000000e0000000, 0x00000000e7080000, 0x0000000100000000)
  eden space 67584K, 100% used [0x00000000e0000000,0x00000000e4200000,0x00000000e4200000)
  from space 10752K, 0% used [0x00000000e4200000,0x00000000e4200000,0x00000000e4c80000)
  to   space 11264K, 0% used [0x00000000e6580000,0x00000000e6580000,0x00000000e7080000)
 ParOldGen       total 93696K, used 15254K [0x00000000a0000000, 0x00000000a5b80000, 0x00000000e0000000)
  object space 93696K, 16% used [0x00000000a0000000,0x00000000a0ee5850,0x00000000a5b80000)
 Metaspace       used 37861K, capacity 38752K, committed 39000K, reserved 1083392K
  class space    used 5205K, capacity 5436K, committed 5504K, reserved 1048576K
Event: 13.397 GC heap after
Heap after GC invocations=12 (full 2):
 PSYoungGen      total 96768K, used 7557K [0x00000000e0000000, 0x00000000e6d00000, 0x0000000100000000)
  eden space 89088K, 0% used [0x00000000e0000000,0x00000000e0000000,0x00000000e5700000)
  from space 7680K, 98% used [0x00000000e6580000,0x00000000e6ce1738,0x00000000e6d00000)
  to   space 11264K, 0% used [0x00000000e5700000,0x00000000e5700000,0x00000000e6200000)
 ParOldGen       total 93696K, used 15262K [0x00000000a0000000, 0x00000000a5b80000, 0x00000000e0000000)
  object space 93696K, 16% used [0x00000000a0000000,0x00000000a0ee7850,0x00000000a5b80000)
 Metaspace       used 37861K, capacity 38752K, committed 39000K, reserved 1083392K
  class space    used 5205K, capacity 5436K, committed 5504K, reserved 1048576K
}

