# JRE version: Java(TM) SE Runtime Environment (8.0_121-b13) (build 1.8.0_121-b13)
# Java VM: Java HotSpot(TM) 64-Bit Server VM (25.121-b13 mixed mode linux-amd64 compressed oops)
Heap:
 PSYoungGen      total 209408K, used 200936K [0x00000000e0000000, 0x00000000ef000000, 0x0000000100000000)
  eden space 177152K, 100% used [0x00000000e0000000,0x00000000ead00000,0x00000000ead00000)
  from space 32256K, 73% used [0x00000000ed000000,0x00000000ee73a240,0x00000000eef80000)
  to   space 34304K, 44% used [0x00000000ead00000,0x00000000ebc02048,0x00000000ece80000)
 ParOldGen       total 381952K, used 337691K [0x00000000a0000000, 0x00000000b7500000, 0x00000000e0000000)
  object space 381952K, 88% used [0x00000000a0000000,0x00000000b49c6f58,0x00000000b7500000)
 Metaspace       used 54698K, capacity 56330K, committed 56576K, reserved 1097728K
  class space    used 7347K, capacity 7662K, committed 7680K, reserved 1048576K
GC Heap History (10 events):
Event: 20.393 GC heap after
Heap after GC invocations=14 (full 2):
 PSYoungGen      total 118272K, used 12799K [0x00000000e0000000, 0x00000000e8300000, 0x0000000100000000)
  eden space 105472K, 0% used [0x00000000e0000000,0x00000000e0000000,0x00000000e6700000)
  from space 12800K, 99% used [0x00000000e7580000,0x00000000e81ffe40,0x00000000e8200000)
  to   space 14336K, 0% used [0x00000000e6700000,0x00000000e6700000,0x00000000e7500000)
 ParOldGen       total 93184K, used 16678K [0x00000000a0000000, 0x00000000a5b00000, 0x00000000e0000000)
  object space 93184K, 17% used [0x00000000a0000000,0x00000000a1049bf8,0x00000000a5b00000)
 Metaspace       used 45881K, capacity 47016K, committed 47232K, reserved 1089536K
  class space    used 6248K, capacity 6523K, committed 6528K, reserved 1048576K
}
Event: 23.944 GC heap before
{Heap before GC invocations=15 (full 2):
 PSYoungGen      total 118272K, used 118271K [0x00000000e0000000, 0x00000000e8300000, 0x0000000100000000)
  eden space 105472K, 100% used [0x00000000e0000000,0x00000000e6700000,0x00000000e6700000)
  from space 12800K, 99% used [0x00000000e7580000,0x00000000e81ffe40,0x00000000e8200000)
  to   space 14336K, 0% used [0x00000000e6700000,0x00000000e6700000,0x00000000e7500000)
 ParOldGen       total 93184K, used 16678K [0x00000000a0000000, 0x00000000a5b00000, 0x00000000e0000000)
  object space 93184K, 17% used [0x00000000a0000000,0x00000000a1049bf8,0x00000000a5b00000)
 Metaspace       used 51439K, capacity 52978K, committed 53248K, reserved 1095680K
  class space    used 7058K, capacity 7378K, committed 7424K, reserved 1048576K
Event: 23.975 GC heap after
Heap after GC invocations=15 (full 2):
 PSYoungGen      total 119808K, used 14319K [0x00000000e0000000, 0x00000000eaa80000, 0x0000000100000000)
  eden space 105472K, 0% used [0x00000000e0000000,0x00000000e0000000,0x00000000e6700000)
  from space 14336K, 99% used [0x00000000e6700000,0x00000000e74fbff0,0x00000000e7500000)
  to   space 19968K, 0% used [0x00000000e9700000,0x00000000e9700000,0x00000000eaa80000)
 ParOldGen       total 93184K, used 26851K [0x00000000a0000000, 0x00000000a5b00000, 0x00000000e0000000)
  object space 93184K, 28% used [0x00000000a0000000,0x00000000a1a38f38,0x00000000a5b00000)
 Metaspace       used 51439K, capacity 52978K, committed 53248K, reserved 1095680K
  class space    used 7058K, capacity 7378K, committed 7424K, reserved 1048576K
}
Event: 24.773 GC heap before
{Heap before GC invocations=16 (full 2):
 PSYoungGen      total 119808K, used 119791K [0x00000000e0000000, 0x00000000eaa80000, 0x0000000100000000)
  eden space 105472K, 100% used [0x00000000e0000000,0x00000000e6700000,0x00000000e6700000)
  from space 14336K, 99% used [0x00000000e6700000,0x00000000e74fbff0,0x00000000e7500000)
  to   space 19968K, 0% used [0x00000000e9700000,0x00000000e9700000,0x00000000eaa80000)
 ParOldGen       total 93184K, used 26851K [0x00000000a0000000, 0x00000000a5b00000, 0x00000000e0000000)
  object space 93184K, 28% used [0x00000000a0000000,0x00000000a1a38f38,0x00000000a5b00000)
 Metaspace       used 52176K, capacity 53754K, committed 54144K, reserved 1095680K
  class space    used 7114K, capacity 7444K, committed 7552K, reserved 1048576K
Event: 24.810 GC heap after
Heap after GC invocations=16 (full 2):
 PSYoungGen      total 149504K, used 19964K [0x00000000e0000000, 0x00000000ebd00000, 0x0000000100000000)
  eden space 129536K, 0% used [0x00000000e0000000,0x00000000e0000000,0x00000000e7e80000)
  from space 19968K, 99% used [0x00000000e9700000,0x00000000eaa7f0a0,0x00000000eaa80000)
  to   space 25088K, 0% used [0x00000000e7e80000,0x00000000e7e80000,0x00000000e9700000)
 ParOldGen       total 93184K, used 32783K [0x00000000a0000000, 0x00000000a5b00000, 0x00000000e0000000)
  object space 93184K, 35% used [0x00000000a0000000,0x00000000a2003d30,0x00000000a5b00000)
 Metaspace       used 52176K, capacity 53754K, committed 54144K, reserved 1095680K
  class space    used 7114K, capacity 7444K, committed 7552K, reserved 1048576K
}
Event: 26.325 GC heap before
{Heap before GC invocations=17 (full 2):
 PSYoungGen      total 149504K, used 149500K [0x00000000e0000000, 0x00000000ebd00000, 0x0000000100000000)
  eden space 129536K, 100% used [0x00000000e0000000,0x00000000e7e80000,0x00000000e7e80000)
  from space 19968K, 99% used [0x00000000e9700000,0x00000000eaa7f0a0,0x00000000eaa80000)
  to   space 25088K, 0% used [0x00000000e7e80000,0x00000000e7e80000,0x00000000e9700000)
 ParOldGen       total 93184K, used 32783K [0x00000000a0000000, 0x00000000a5b00000, 0x00000000e0000000)
  object space 93184K, 35% used [0x00000000a0000000,0x00000000a2003d30,0x00000000a5b00000)
 Metaspace       used 52675K, capacity 54268K, committed 54400K, reserved 1095680K
  class space    used 7160K, capacity 7479K, committed 7552K, reserved 1048576K
Event: 26.393 GC heap after
Heap after GC invocations=17 (full 2):
 PSYoungGen      total 154624K, used 25069K [0x00000000e0000000, 0x00000000eef80000, 0x0000000100000000)
  eden space 129536K, 0% used [0x00000000e0000000,0x00000000e0000000,0x00000000e7e80000)
  from space 25088K, 99% used [0x00000000e7e80000,0x00000000e96fb420,0x00000000e9700000)
  to   space 32256K, 0% used [0x00000000ed000000,0x00000000ed000000,0x00000000eef80000)
 ParOldGen       total 93184K, used 43019K [0x00000000a0000000, 0x00000000a5b00000, 0x00000000e0000000)
  object space 93184K, 46% used [0x00000000a0000000,0x00000000a2a02d10,0x00000000a5b00000)
 Metaspace       used 52675K, capacity 54268K, committed 54400K, reserved 1095680K
  class space    used 7160K, capacity 7479K, committed 7552K, reserved 1048576K
}
Event: 34.602 GC heap before
{Heap before GC invocations=18 (full 2):
 PSYoungGen      total 154624K, used 154605K [0x00000000e0000000, 0x00000000eef80000, 0x0000000100000000)
  eden space 129536K, 100% used [0x00000000e0000000,0x00000000e7e80000,0x00000000e7e80000)
  from space 25088K, 99% used [0x00000000e7e80000,0x00000000e96fb420,0x00000000e9700000)
  to   space 32256K, 0% used [0x00000000ed000000,0x00000000ed000000,0x00000000eef80000)
 ParOldGen       total 93184K, used 43019K [0x00000000a0000000, 0x00000000a5b00000, 0x00000000e0000000)
  object space 93184K, 46% used [0x00000000a0000000,0x00000000a2a02d10,0x00000000a5b00000)
 Metaspace       used 52911K, capacity 54524K, committed 54656K, reserved 1095680K
  class space    used 7166K, capacity 7479K, committed 7552K, reserved 1048576K
Event: 34.658 GC heap after
Heap after GC invocations=18 (full 2):
 PSYoungGen      total 209408K, used 23784K [0x00000000e0000000, 0x00000000ef000000, 0x0000000100000000)
  eden space 177152K, 0% used [0x00000000e0000000,0x00000000e0000000,0x00000000ead00000)
  from space 32256K, 73% used [0x00000000ed000000,0x00000000ee73a240,0x00000000eef80000)
  to   space 34304K, 0% used [0x00000000ead00000,0x00000000ead00000,0x00000000ece80000)
 ParOldGen       total 93184K, used 45963K [0x00000000a0000000, 0x00000000a5b00000, 0x00000000e0000000)
  object space 93184K, 49% used [0x00000000a0000000,0x00000000a2ce2d10,0x00000000a5b00000)
 Metaspace       used 52911K, capacity 54524K, committed 54656K, reserved 1095680K
  class space    used 7166K, capacity 7479K, committed 7552K, reserved 1048576K
}
Event: 38.002 GC heap before
{Heap before GC invocations=19 (full 2):
 PSYoungGen      total 209408K, used 200936K [0x00000000e0000000, 0x00000000ef000000, 0x0000000100000000)
  eden space 177152K, 100% used [0x00000000e0000000,0x00000000ead00000,0x00000000ead00000)
  from space 32256K, 73% used [0x00000000ed000000,0x00000000ee73a240,0x00000000eef80000)
  to   space 34304K, 0% used [0x00000000ead00000,0x00000000ead00000,0x00000000ece80000)
 ParOldGen       total 93184K, used 45963K [0x00000000a0000000, 0x00000000a5b00000, 0x00000000e0000000)
  object space 93184K, 49% used [0x00000000a0000000,0x00000000a2ce2d10,0x00000000a5b00000)
 Metaspace       used 54698K, capacity 56330K, committed 56576K, reserved 1097728K
  class space    used 7347K, capacity 7662K, committed 7680K, reserved 1048576K

