# JRE version: Java(TM) SE Runtime Environment (8.0_121-b13) (build 1.8.0_121-b13)
# Java VM: Java HotSpot(TM) 64-Bit Server VM (25.121-b13 mixed mode linux-amd64 compressed oops)
Heap:
 PSYoungGen      total 134144K, used 56014K [0x00000000e0000000, 0x00000000e9f00000, 0x0000000100000000)
  eden space 120832K, 35% used [0x00000000e0000000,0x00000000e29b6c08,0x00000000e7600000)
  from space 13312K, 99% used [0x00000000e8780000,0x00000000e947cc90,0x00000000e9480000)
  to   space 17920K, 0% used [0x00000000e7600000,0x00000000e7600000,0x00000000e8780000)
 ParOldGen       total 82432K, used 24709K [0x00000000a0000000, 0x00000000a5080000, 0x00000000e0000000)
  object space 82432K, 29% used [0x00000000a0000000,0x00000000a18216f0,0x00000000a5080000)
 Metaspace       used 51425K, capacity 53062K, committed 53376K, reserved 1095680K
  class space    used 7093K, capacity 7449K, committed 7552K, reserved 1048576K
GC Heap History (10 events):
Event: 31.987 GC heap before
{Heap before GC invocations=10 (full 1):
 PSYoungGen      total 79360K, used 44699K [0x00000000e0000000, 0x00000000e5980000, 0x0000000100000000)
  eden space 70144K, 50% used [0x00000000e0000000,0x00000000e22ae238,0x00000000e4480000)
  from space 9216K, 99% used [0x00000000e5000000,0x00000000e58f8da0,0x00000000e5900000)
  to   space 10752K, 0% used [0x00000000e4480000,0x00000000e4480000,0x00000000e4f00000)
 ParOldGen       total 58880K, used 9061K [0x00000000a0000000, 0x00000000a3980000, 0x00000000e0000000)
  object space 58880K, 15% used [0x00000000a0000000,0x00000000a08d9730,0x00000000a3980000)
 Metaspace       used 34707K, capacity 35274K, committed 35456K, reserved 1079296K
  class space    used 4761K, capacity 4917K, committed 4992K, reserved 1048576K
Event: 32.006 GC heap after
Heap after GC invocations=10 (full 1):
 PSYoungGen      total 80896K, used 7665K [0x00000000e0000000, 0x00000000e7500000, 0x0000000100000000)
  eden space 70144K, 0% used [0x00000000e0000000,0x00000000e0000000,0x00000000e4480000)
  from space 10752K, 71% used [0x00000000e4480000,0x00000000e4bfc770,0x00000000e4f00000)
  to   space 10752K, 0% used [0x00000000e6a80000,0x00000000e6a80000,0x00000000e7500000)
 ParOldGen       total 58880K, used 9069K [0x00000000a0000000, 0x00000000a3980000, 0x00000000e0000000)
  object space 58880K, 15% used [0x00000000a0000000,0x00000000a08db730,0x00000000a3980000)
 Metaspace       used 34707K, capacity 35274K, committed 35456K, reserved 1079296K
  class space    used 4761K, capacity 4917K, committed 4992K, reserved 1048576K
}
Event: 32.006 GC heap before
{Heap before GC invocations=11 (full 2):
 PSYoungGen      total 80896K, used 7665K [0x00000000e0000000, 0x00000000e7500000, 0x0000000100000000)
  eden space 70144K, 0% used [0x00000000e0000000,0x00000000e0000000,0x00000000e4480000)
  from space 10752K, 71% used [0x00000000e4480000,0x00000000e4bfc770,0x00000000e4f00000)
  to   space 10752K, 0% used [0x00000000e6a80000,0x00000000e6a80000,0x00000000e7500000)
 ParOldGen       total 58880K, used 9069K [0x00000000a0000000, 0x00000000a3980000, 0x00000000e0000000)
  object space 58880K, 15% used [0x00000000a0000000,0x00000000a08db730,0x00000000a3980000)
 Metaspace       used 34707K, capacity 35274K, committed 35456K, reserved 1079296K
  class space    used 4761K, capacity 4917K, committed 4992K, reserved 1048576K
Event: 32.193 GC heap after
Heap after GC invocations=11 (full 2):
 PSYoungGen      total 80896K, used 0K [0x00000000e0000000, 0x00000000e7500000, 0x0000000100000000)
  eden space 70144K, 0% used [0x00000000e0000000,0x00000000e0000000,0x00000000e4480000)
  from space 10752K, 0% used [0x00000000e4480000,0x00000000e4480000,0x00000000e4f00000)
  to   space 10752K, 0% used [0x00000000e6a80000,0x00000000e6a80000,0x00000000e7500000)
 ParOldGen       total 82432K, used 14259K [0x00000000a0000000, 0x00000000a5080000, 0x00000000e0000000)
  object space 82432K, 17% used [0x00000000a0000000,0x00000000a0decd58,0x00000000a5080000)
 Metaspace       used 34707K, capacity 35274K, committed 35456K, reserved 1079296K
  class space    used 4761K, capacity 4917K, committed 4992K, reserved 1048576K
}
Event: 33.444 GC heap before
{Heap before GC invocations=12 (full 2):
 PSYoungGen      total 80896K, used 70144K [0x00000000e0000000, 0x00000000e7500000, 0x0000000100000000)
  eden space 70144K, 100% used [0x00000000e0000000,0x00000000e4480000,0x00000000e4480000)
  from space 10752K, 0% used [0x00000000e4480000,0x00000000e4480000,0x00000000e4f00000)
  to   space 10752K, 0% used [0x00000000e6a80000,0x00000000e6a80000,0x00000000e7500000)
 ParOldGen       total 82432K, used 14259K [0x00000000a0000000, 0x00000000a5080000, 0x00000000e0000000)
  object space 82432K, 17% used [0x00000000a0000000,0x00000000a0decd58,0x00000000a5080000)
 Metaspace       used 38425K, capacity 39246K, committed 39552K, reserved 1083392K
  class space    used 5260K, capacity 5459K, committed 5504K, reserved 1048576K
Event: 33.455 GC heap after
Heap after GC invocations=12 (full 2):
 PSYoungGen      total 103424K, used 9148K [0x00000000e0000000, 0x00000000e7380000, 0x0000000100000000)
  eden space 94208K, 0% used [0x00000000e0000000,0x00000000e0000000,0x00000000e5c00000)
  from space 9216K, 99% used [0x00000000e6a80000,0x00000000e736f180,0x00000000e7380000)
  to   space 11264K, 0% used [0x00000000e5d80000,0x00000000e5d80000,0x00000000e6880000)
 ParOldGen       total 82432K, used 14267K [0x00000000a0000000, 0x00000000a5080000, 0x00000000e0000000)
  object space 82432K, 17% used [0x00000000a0000000,0x00000000a0deed58,0x00000000a5080000)
 Metaspace       used 38425K, capacity 39246K, committed 39552K, reserved 1083392K
  class space    used 5260K, capacity 5459K, committed 5504K, reserved 1048576K
}
Event: 38.101 GC heap before
{Heap before GC invocations=13 (full 2):
 PSYoungGen      total 103424K, used 103356K [0x00000000e0000000, 0x00000000e7380000, 0x0000000100000000)
  eden space 94208K, 100% used [0x00000000e0000000,0x00000000e5c00000,0x00000000e5c00000)
  from space 9216K, 99% used [0x00000000e6a80000,0x00000000e736f180,0x00000000e7380000)
  to   space 11264K, 0% used [0x00000000e5d80000,0x00000000e5d80000,0x00000000e6880000)
 ParOldGen       total 82432K, used 14267K [0x00000000a0000000, 0x00000000a5080000, 0x00000000e0000000)
  object space 82432K, 17% used [0x00000000a0000000,0x00000000a0deed58,0x00000000a5080000)
 Metaspace       used 45211K, capacity 46208K, committed 46464K, reserved 1089536K
  class space    used 6191K, capacity 6438K, committed 6528K, reserved 1048576K
Event: 38.134 GC heap after
Heap after GC invocations=13 (full 2):
 PSYoungGen      total 107008K, used 11242K [0x00000000e0000000, 0x00000000e9480000, 0x0000000100000000)
  eden space 95744K, 0% used [0x00000000e0000000,0x00000000e0000000,0x00000000e5d80000)
  from space 11264K, 99% used [0x00000000e5d80000,0x00000000e687abe8,0x00000000e6880000)
  to   space 13312K, 0% used [0x00000000e8780000,0x00000000e8780000,0x00000000e9480000)
 ParOldGen       total 82432K, used 16452K [0x00000000a0000000, 0x00000000a5080000, 0x00000000e0000000)
  object space 82432K, 19% used [0x00000000a0000000,0x00000000a1011260,0x00000000a5080000)
 Metaspace       used 45211K, capacity 46208K, committed 46464K, reserved 1089536K
  class space    used 6191K, capacity 6438K, committed 6528K, reserved 1048576K
}
Event: 41.756 GC heap before
{Heap before GC invocations=14 (full 2):
 PSYoungGen      total 107008K, used 106986K [0x00000000e0000000, 0x00000000e9480000, 0x0000000100000000)
  eden space 95744K, 100% used [0x00000000e0000000,0x00000000e5d80000,0x00000000e5d80000)
  from space 11264K, 99% used [0x00000000e5d80000,0x00000000e687abe8,0x00000000e6880000)
  to   space 13312K, 0% used [0x00000000e8780000,0x00000000e8780000,0x00000000e9480000)
 ParOldGen       total 82432K, used 16452K [0x00000000a0000000, 0x00000000a5080000, 0x00000000e0000000)
  object space 82432K, 19% used [0x00000000a0000000,0x00000000a1011260,0x00000000a5080000)
 Metaspace       used 50815K, capacity 52420K, committed 52480K, reserved 1093632K
  class space    used 7034K, capacity 7384K, committed 7424K, reserved 1048576K
Event: 41.785 GC heap after
Heap after GC invocations=14 (full 2):
 PSYoungGen      total 134144K, used 13299K [0x00000000e0000000, 0x00000000e9f00000, 0x0000000100000000)
  eden space 120832K, 0% used [0x00000000e0000000,0x00000000e0000000,0x00000000e7600000)
  from space 13312K, 99% used [0x00000000e8780000,0x00000000e947cc90,0x00000000e9480000)
  to   space 17920K, 0% used [0x00000000e7600000,0x00000000e7600000,0x00000000e8780000)
 ParOldGen       total 82432K, used 24709K [0x00000000a0000000, 0x00000000a5080000, 0x00000000e0000000)
  object space 82432K, 29% used [0x00000000a0000000,0x00000000a18216f0,0x00000000a5080000)
 Metaspace       used 50815K, capacity 52420K, committed 52480K, reserved 1093632K
  class space    used 7034K, capacity 7384K, committed 7424K, reserved 1048576K
}

