# JRE version: Java(TM) SE Runtime Environment (8.0_121-b13) (build 1.8.0_121-b13)
# Java VM: Java HotSpot(TM) 64-Bit Server VM (25.121-b13 mixed mode linux-amd64 compressed oops)
Heap:
 PSYoungGen      total 193536K, used 193145K [0x00000000e0000000, 0x00000000ef800000, 0x0000000100000000)
  eden space 185344K, 100% used [0x00000000e0000000,0x00000000eb500000,0x00000000eb500000)
  from space 8192K, 95% used [0x00000000eba80000,0x00000000ec21e560,0x00000000ec280000)
  to   space 34304K, 0% used [0x00000000ed680000,0x00000000ed680000,0x00000000ef800000)
 ParOldGen       total 171520K, used 57655K [0x00000000a0000000, 0x00000000aa780000, 0x00000000e0000000)
  object space 171520K, 33% used [0x00000000a0000000,0x00000000a384df88,0x00000000aa780000)
 Metaspace       used 70020K, capacity 75292K, committed 75480K, reserved 1116160K
  class space    used 8920K, capacity 9611K, committed 9728K, reserved 1048576K
GC Heap History (10 events):
Event: 1836.707 GC heap before
{Heap before GC invocations=44 (full 3):
 PSYoungGen      total 243200K, used 232584K [0x00000000e0000000, 0x00000000f1880000, 0x0000000100000000)
  eden space 215552K, 98% used [0x00000000e0000000,0x00000000ecf74de0,0x00000000ed280000)
  from space 27648K, 72% used [0x00000000efd80000,0x00000000f112d5f0,0x00000000f1880000)
  to   space 35840K, 0% used [0x00000000ed280000,0x00000000ed280000,0x00000000ef580000)
 ParOldGen       total 171520K, used 56963K [0x00000000a0000000, 0x00000000aa780000, 0x00000000e0000000)
  object space 171520K, 33% used [0x00000000a0000000,0x00000000a37a0f78,0x00000000aa780000)
 Metaspace       used 68872K, capacity 72690K, committed 72792K, reserved 1112064K
  class space    used 8710K, capacity 9254K, committed 9344K, reserved 1048576K
Event: 1836.719 GC heap after
Heap after GC invocations=44 (full 3):
 PSYoungGen      total 220672K, used 11774K [0x00000000e0000000, 0x00000000f1100000, 0x0000000100000000)
  eden space 208896K, 0% used [0x00000000e0000000,0x00000000e0000000,0x00000000ecc00000)
  from space 11776K, 99% used [0x00000000ed280000,0x00000000eddff918,0x00000000ede00000)
  to   space 35328K, 0% used [0x00000000eee80000,0x00000000eee80000,0x00000000f1100000)
 ParOldGen       total 171520K, used 57127K [0x00000000a0000000, 0x00000000aa780000, 0x00000000e0000000)
  object space 171520K, 33% used [0x00000000a0000000,0x00000000a37c9f88,0x00000000aa780000)
 Metaspace       used 68872K, capacity 72690K, committed 72792K, reserved 1112064K
  class space    used 8710K, capacity 9254K, committed 9344K, reserved 1048576K
}
Event: 2174.627 GC heap before
{Heap before GC invocations=45 (full 3):
 PSYoungGen      total 220672K, used 220670K [0x00000000e0000000, 0x00000000f1100000, 0x0000000100000000)
  eden space 208896K, 100% used [0x00000000e0000000,0x00000000ecc00000,0x00000000ecc00000)
  from space 11776K, 99% used [0x00000000ed280000,0x00000000eddff918,0x00000000ede00000)
  to   space 35328K, 0% used [0x00000000eee80000,0x00000000eee80000,0x00000000f1100000)
 ParOldGen       total 171520K, used 57127K [0x00000000a0000000, 0x00000000aa780000, 0x00000000e0000000)
  object space 171520K, 33% used [0x00000000a0000000,0x00000000a37c9f88,0x00000000aa780000)
 Metaspace       used 69765K, capacity 74770K, committed 74840K, reserved 1114112K
  class space    used 8896K, capacity 9582K, committed 9600K, reserved 1048576K
Event: 2174.657 GC heap after
Heap after GC invocations=45 (full 3):
 PSYoungGen      total 230912K, used 14114K [0x00000000e0000000, 0x00000000f0a00000, 0x0000000100000000)
  eden space 202752K, 0% used [0x00000000e0000000,0x00000000e0000000,0x00000000ec600000)
  from space 28160K, 50% used [0x00000000eee80000,0x00000000efc48920,0x00000000f0a00000)
  to   space 34816K, 0% used [0x00000000ec600000,0x00000000ec600000,0x00000000ee800000)
 ParOldGen       total 171520K, used 57159K [0x00000000a0000000, 0x00000000aa780000, 0x00000000e0000000)
  object space 171520K, 33% used [0x00000000a0000000,0x00000000a37d1f88,0x00000000aa780000)
 Metaspace       used 69765K, capacity 74770K, committed 74840K, reserved 1114112K
  class space    used 8896K, capacity 9582K, committed 9600K, reserved 1048576K
}
Event: 2241.612 GC heap before
{Heap before GC invocations=46 (full 3):
 PSYoungGen      total 230912K, used 216866K [0x00000000e0000000, 0x00000000f0a00000, 0x0000000100000000)
  eden space 202752K, 100% used [0x00000000e0000000,0x00000000ec600000,0x00000000ec600000)
  from space 28160K, 50% used [0x00000000eee80000,0x00000000efc48920,0x00000000f0a00000)
  to   space 34816K, 0% used [0x00000000ec600000,0x00000000ec600000,0x00000000ee800000)
 ParOldGen       total 171520K, used 57159K [0x00000000a0000000, 0x00000000aa780000, 0x00000000e0000000)
  object space 171520K, 33% used [0x00000000a0000000,0x00000000a37d1f88,0x00000000aa780000)
 Metaspace       used 69819K, capacity 74806K, committed 74840K, reserved 1114112K
  class space    used 8901K, capacity 9590K, committed 9600K, reserved 1048576K
Event: 2241.621 GC heap after
Heap after GC invocations=46 (full 3):
 PSYoungGen      total 204288K, used 7538K [0x00000000e0000000, 0x00000000f0500000, 0x0000000100000000)
  eden space 196608K, 0% used [0x00000000e0000000,0x00000000e0000000,0x00000000ec000000)
  from space 7680K, 98% used [0x00000000ec600000,0x00000000ecd5cbf0,0x00000000ecd80000)
  to   space 35328K, 0% used [0x00000000ee280000,0x00000000ee280000,0x00000000f0500000)
 ParOldGen       total 171520K, used 57423K [0x00000000a0000000, 0x00000000aa780000, 0x00000000e0000000)
  object space 171520K, 33% used [0x00000000a0000000,0x00000000a3813f88,0x00000000aa780000)
 Metaspace       used 69819K, capacity 74806K, committed 74840K, reserved 1114112K
  class space    used 8901K, capacity 9590K, committed 9600K, reserved 1048576K
}
Event: 2243.030 GC heap before
{Heap before GC invocations=47 (full 3):
 PSYoungGen      total 204288K, used 204146K [0x00000000e0000000, 0x00000000f0500000, 0x0000000100000000)
  eden space 196608K, 100% used [0x00000000e0000000,0x00000000ec000000,0x00000000ec000000)
  from space 7680K, 98% used [0x00000000ec600000,0x00000000ecd5cbf0,0x00000000ecd80000)
  to   space 35328K, 0% used [0x00000000ee280000,0x00000000ee280000,0x00000000f0500000)
 ParOldGen       total 171520K, used 57423K [0x00000000a0000000, 0x00000000aa780000, 0x00000000e0000000)
  object space 171520K, 33% used [0x00000000a0000000,0x00000000a3813f88,0x00000000aa780000)
 Metaspace       used 69899K, capacity 74994K, committed 75096K, reserved 1114112K
  class space    used 8909K, capacity 9600K, committed 9600K, reserved 1048576K
Event: 2243.054 GC heap after
Heap after GC invocations=47 (full 3):
 PSYoungGen      total 218624K, used 11064K [0x00000000e0000000, 0x00000000efd80000, 0x0000000100000000)
  eden space 190976K, 0% used [0x00000000e0000000,0x00000000e0000000,0x00000000eba80000)
  from space 27648K, 40% used [0x00000000ee280000,0x00000000eed4e150,0x00000000efd80000)
  to   space 34304K, 0% used [0x00000000eba80000,0x00000000eba80000,0x00000000edc00000)
 ParOldGen       total 171520K, used 57455K [0x00000000a0000000, 0x00000000aa780000, 0x00000000e0000000)
  object space 171520K, 33% used [0x00000000a0000000,0x00000000a381bf88,0x00000000aa780000)
 Metaspace       used 69899K, capacity 74994K, committed 75096K, reserved 1114112K
  class space    used 8909K, capacity 9600K, committed 9600K, reserved 1048576K
}
Event: 2350.457 GC heap before
{Heap before GC invocations=48 (full 3):
 PSYoungGen      total 218624K, used 202040K [0x00000000e0000000, 0x00000000efd80000, 0x0000000100000000)
  eden space 190976K, 100% used [0x00000000e0000000,0x00000000eba80000,0x00000000eba80000)
  from space 27648K, 40% used [0x00000000ee280000,0x00000000eed4e150,0x00000000efd80000)
  to   space 34304K, 0% used [0x00000000eba80000,0x00000000eba80000,0x00000000edc00000)
 ParOldGen       total 171520K, used 57455K [0x00000000a0000000, 0x00000000aa780000, 0x00000000e0000000)
  object space 171520K, 33% used [0x00000000a0000000,0x00000000a381bf88,0x00000000aa780000)
 Metaspace       used 69970K, capacity 75164K, committed 75480K, reserved 1116160K
  class space    used 8919K, capacity 9611K, committed 9728K, reserved 1048576K
Event: 2350.470 GC heap after
Heap after GC invocations=48 (full 3):
 PSYoungGen      total 193536K, used 7801K [0x00000000e0000000, 0x00000000ef800000, 0x0000000100000000)
  eden space 185344K, 0% used [0x00000000e0000000,0x00000000e0000000,0x00000000eb500000)
  from space 8192K, 95% used [0x00000000eba80000,0x00000000ec21e560,0x00000000ec280000)
  to   space 34304K, 0% used [0x00000000ed680000,0x00000000ed680000,0x00000000ef800000)
 ParOldGen       total 171520K, used 57655K [0x00000000a0000000, 0x00000000aa780000, 0x00000000e0000000)
  object space 171520K, 33% used [0x00000000a0000000,0x00000000a384df88,0x00000000aa780000)
 Metaspace       used 69970K, capacity 75164K, committed 75480K, reserved 1116160K
  class space    used 8919K, capacity 9611K, committed 9728K, reserved 1048576K
}

