# JRE version: Java(TM) SE Runtime Environment (8.0_121-b13) (build 1.8.0_121-b13)
# Java VM: Java HotSpot(TM) 64-Bit Server VM (25.121-b13 mixed mode linux-amd64 compressed oops)
Heap:
 PSYoungGen      total 89088K, used 41429K [0x00000000e0000000, 0x00000000e8600000, 0x0000000100000000)
  eden space 83968K, 43% used [0x00000000e0000000,0x00000000e2376288,0x00000000e5200000)
  from space 5120K, 99% used [0x00000000e8100000,0x00000000e85ff3c0,0x00000000e8600000)
  to   space 5120K, 0% used [0x00000000e7c00000,0x00000000e7c00000,0x00000000e8100000)
 ParOldGen       total 71168K, used 13809K [0x00000000a0000000, 0x00000000a4580000, 0x00000000e0000000)
  object space 71168K, 19% used [0x00000000a0000000,0x00000000a0d7c6b8,0x00000000a4580000)
 Metaspace       used 28720K, capacity 29250K, committed 29568K, reserved 1075200K
  class space    used 4024K, capacity 4188K, committed 4224K, reserved 1048576K
GC Heap History (10 events):
Event: 0.529 GC heap before
{Heap before GC invocations=1 (full 0):
 PSYoungGen      total 36864K, used 31744K [0x00000000e0000000, 0x00000000e2900000, 0x0000000100000000)
  eden space 31744K, 100% used [0x00000000e0000000,0x00000000e1f00000,0x00000000e1f00000)
  from space 5120K, 0% used [0x00000000e2400000,0x00000000e2400000,0x00000000e2900000)
  to   space 5120K, 0% used [0x00000000e1f00000,0x00000000e1f00000,0x00000000e2400000)
 ParOldGen       total 84992K, used 0K [0x00000000a0000000, 0x00000000a5300000, 0x00000000e0000000)
  object space 84992K, 0% used [0x00000000a0000000,0x00000000a0000000,0x00000000a5300000)
 Metaspace       used 6807K, capacity 6940K, committed 7040K, reserved 1056768K
  class space    used 861K, capacity 888K, committed 896K, reserved 1048576K
Event: 0.536 GC heap after
Heap after GC invocations=1 (full 0):
 PSYoungGen      total 36864K, used 4079K [0x00000000e0000000, 0x00000000e4800000, 0x0000000100000000)
  eden space 31744K, 0% used [0x00000000e0000000,0x00000000e0000000,0x00000000e1f00000)
  from space 5120K, 79% used [0x00000000e1f00000,0x00000000e22fbff8,0x00000000e2400000)
  to   space 5120K, 0% used [0x00000000e4300000,0x00000000e4300000,0x00000000e4800000)
 ParOldGen       total 84992K, used 8K [0x00000000a0000000, 0x00000000a5300000, 0x00000000e0000000)
  object space 84992K, 0% used [0x00000000a0000000,0x00000000a0002000,0x00000000a5300000)
 Metaspace       used 6807K, capacity 6940K, committed 7040K, reserved 1056768K
  class space    used 861K, capacity 888K, committed 896K, reserved 1048576K
}
Event: 1.039 GC heap before
{Heap before GC invocations=2 (full 0):
 PSYoungGen      total 36864K, used 35823K [0x00000000e0000000, 0x00000000e4800000, 0x0000000100000000)
  eden space 31744K, 99% used [0x00000000e0000000,0x00000000e1effdb0,0x00000000e1f00000)
  from space 5120K, 79% used [0x00000000e1f00000,0x00000000e22fbff8,0x00000000e2400000)
  to   space 5120K, 0% used [0x00000000e4300000,0x00000000e4300000,0x00000000e4800000)
 ParOldGen       total 84992K, used 8K [0x00000000a0000000, 0x00000000a5300000, 0x00000000e0000000)
  object space 84992K, 0% used [0x00000000a0000000,0x00000000a0002000,0x00000000a5300000)
 Metaspace       used 12693K, capacity 13020K, committed 13184K, reserved 1060864K
  class space    used 1746K, capacity 1865K, committed 1920K, reserved 1048576K
Event: 1.049 GC heap after
Heap after GC invocations=2 (full 0):
 PSYoungGen      total 68608K, used 5097K [0x00000000e0000000, 0x00000000e4800000, 0x0000000100000000)
  eden space 63488K, 0% used [0x00000000e0000000,0x00000000e0000000,0x00000000e3e00000)
  from space 5120K, 99% used [0x00000000e4300000,0x00000000e47fa5c0,0x00000000e4800000)
  to   space 5120K, 0% used [0x00000000e3e00000,0x00000000e3e00000,0x00000000e4300000)
 ParOldGen       total 84992K, used 751K [0x00000000a0000000, 0x00000000a5300000, 0x00000000e0000000)
  object space 84992K, 0% used [0x00000000a0000000,0x00000000a00bbde0,0x00000000a5300000)
 Metaspace       used 12693K, capacity 13020K, committed 13184K, reserved 1060864K
  class space    used 1746K, capacity 1865K, committed 1920K, reserved 1048576K
}
Event: 1.971 GC heap before
{Heap before GC invocations=3 (full 0):
 PSYoungGen      total 68608K, used 62836K [0x00000000e0000000, 0x00000000e4800000, 0x0000000100000000)
  eden space 63488K, 90% used [0x00000000e0000000,0x00000000e3862af0,0x00000000e3e00000)
  from space 5120K, 99% used [0x00000000e4300000,0x00000000e47fa5c0,0x00000000e4800000)
  to   space 5120K, 0% used [0x00000000e3e00000,0x00000000e3e00000,0x00000000e4300000)
 ParOldGen       total 84992K, used 751K [0x00000000a0000000, 0x00000000a5300000, 0x00000000e0000000)
  object space 84992K, 0% used [0x00000000a0000000,0x00000000a00bbde0,0x00000000a5300000)
 Metaspace       used 20804K, capacity 21112K, committed 21296K, reserved 1067008K
  class space    used 2814K, capacity 2933K, committed 2944K, reserved 1048576K
Event: 2.010 GC heap after
Heap after GC invocations=3 (full 0):
 PSYoungGen      total 68608K, used 5088K [0x00000000e0000000, 0x00000000e8600000, 0x0000000100000000)
  eden space 63488K, 0% used [0x00000000e0000000,0x00000000e0000000,0x00000000e3e00000)
  from space 5120K, 99% used [0x00000000e3e00000,0x00000000e42f8020,0x00000000e4300000)
  to   space 5120K, 0% used [0x00000000e8100000,0x00000000e8100000,0x00000000e8600000)
 ParOldGen       total 84992K, used 7390K [0x00000000a0000000, 0x00000000a5300000, 0x00000000e0000000)
  object space 84992K, 8% used [0x00000000a0000000,0x00000000a0737b38,0x00000000a5300000)
 Metaspace       used 20804K, capacity 21112K, committed 21296K, reserved 1067008K
  class space    used 2814K, capacity 2933K, committed 2944K, reserved 1048576K
}
Event: 2.010 GC heap before
{Heap before GC invocations=4 (full 1):
 PSYoungGen      total 68608K, used 5088K [0x00000000e0000000, 0x00000000e8600000, 0x0000000100000000)
  eden space 63488K, 0% used [0x00000000e0000000,0x00000000e0000000,0x00000000e3e00000)
  from space 5120K, 99% used [0x00000000e3e00000,0x00000000e42f8020,0x00000000e4300000)
  to   space 5120K, 0% used [0x00000000e8100000,0x00000000e8100000,0x00000000e8600000)
 ParOldGen       total 84992K, used 7390K [0x00000000a0000000, 0x00000000a5300000, 0x00000000e0000000)
  object space 84992K, 8% used [0x00000000a0000000,0x00000000a0737b38,0x00000000a5300000)
 Metaspace       used 20804K, capacity 21112K, committed 21296K, reserved 1067008K
  class space    used 2814K, capacity 2933K, committed 2944K, reserved 1048576K
Event: 2.106 GC heap after
Heap after GC invocations=4 (full 1):
 PSYoungGen      total 68608K, used 0K [0x00000000e0000000, 0x00000000e8600000, 0x0000000100000000)
  eden space 63488K, 0% used [0x00000000e0000000,0x00000000e0000000,0x00000000e3e00000)
  from space 5120K, 0% used [0x00000000e3e00000,0x00000000e3e00000,0x00000000e4300000)
  to   space 5120K, 0% used [0x00000000e8100000,0x00000000e8100000,0x00000000e8600000)
 ParOldGen       total 71168K, used 11413K [0x00000000a0000000, 0x00000000a4580000, 0x00000000e0000000)
  object space 71168K, 16% used [0x00000000a0000000,0x00000000a0b25500,0x00000000a4580000)
 Metaspace       used 20804K, capacity 21112K, committed 21296K, reserved 1067008K
  class space    used 2814K, capacity 2933K, committed 2944K, reserved 1048576K
}
Event: 3.048 GC heap before
{Heap before GC invocations=5 (full 1):
 PSYoungGen      total 68608K, used 63488K [0x00000000e0000000, 0x00000000e8600000, 0x0000000100000000)
  eden space 63488K, 100% used [0x00000000e0000000,0x00000000e3e00000,0x00000000e3e00000)
  from space 5120K, 0% used [0x00000000e3e00000,0x00000000e3e00000,0x00000000e4300000)
  to   space 5120K, 0% used [0x00000000e8100000,0x00000000e8100000,0x00000000e8600000)
 ParOldGen       total 71168K, used 11413K [0x00000000a0000000, 0x00000000a4580000, 0x00000000e0000000)
  object space 71168K, 16% used [0x00000000a0000000,0x00000000a0b25500,0x00000000a4580000)
 Metaspace       used 25727K, capacity 26142K, committed 26368K, reserved 1071104K
  class space    used 3654K, capacity 3768K, committed 3840K, reserved 1048576K
Event: 3.061 GC heap after
Heap after GC invocations=5 (full 1):
 PSYoungGen      total 89088K, used 5116K [0x00000000e0000000, 0x00000000e8600000, 0x0000000100000000)
  eden space 83968K, 0% used [0x00000000e0000000,0x00000000e0000000,0x00000000e5200000)
  from space 5120K, 99% used [0x00000000e8100000,0x00000000e85ff3c0,0x00000000e8600000)
  to   space 5120K, 0% used [0x00000000e7c00000,0x00000000e7c00000,0x00000000e8100000)
 ParOldGen       total 71168K, used 13809K [0x00000000a0000000, 0x00000000a4580000, 0x00000000e0000000)
  object space 71168K, 19% used [0x00000000a0000000,0x00000000a0d7c6b8,0x00000000a4580000)
 Metaspace       used 25727K, capacity 26142K, committed 26368K, reserved 1071104K
  class space    used 3654K, capacity 3768K, committed 3840K, reserved 1048576K
}

