# JRE version: Java(TM) SE Runtime Environment (8.0_121-b13) (build 1.8.0_121-b13)
# Java VM: Java HotSpot(TM) 64-Bit Server VM (25.121-b13 mixed mode linux-amd64 compressed oops)
Heap:
 PSYoungGen      total 169472K, used 28960K [0x00000000e0000000, 0x00000000ec000000, 0x0000000100000000)
  eden space 147456K, 5% used [0x00000000e0000000,0x00000000e07cbc00,0x00000000e9000000)
  from space 22016K, 95% used [0x00000000ea800000,0x00000000ebc7c5c0,0x00000000ebd80000)
  to   space 24576K, 32% used [0x00000000e9000000,0x00000000e97c0010,0x00000000ea800000)
 ParOldGen       total 391168K, used 332626K [0x00000000a0000000, 0x00000000b7e00000, 0x00000000e0000000)
  object space 391168K, 85% used [0x00000000a0000000,0x00000000b44d4a30,0x00000000b7e00000)
 Metaspace       used 56417K, capacity 58850K, committed 59028K, reserved 1099776K
  class space    used 7828K, capacity 8356K, committed 8448K, reserved 1048576K
GC Heap History (10 events):
Event: 14.892 GC heap after
Heap after GC invocations=12 (full 2):
 PSYoungGen      total 94208K, used 7481K [0x00000000e0000000, 0x00000000e6a00000, 0x0000000100000000)
  eden space 86016K, 0% used [0x00000000e0000000,0x00000000e0000000,0x00000000e5400000)
  from space 8192K, 91% used [0x00000000e6200000,0x00000000e694e4f8,0x00000000e6a00000)
  to   space 11264K, 0% used [0x00000000e5400000,0x00000000e5400000,0x00000000e5f00000)
 ParOldGen       total 98304K, used 16065K [0x00000000a0000000, 0x00000000a6000000, 0x00000000e0000000)
  object space 98304K, 16% used [0x00000000a0000000,0x00000000a0fb0488,0x00000000a6000000)
 Metaspace       used 37870K, capacity 38768K, committed 39000K, reserved 1083392K
  class space    used 5213K, capacity 5436K, committed 5504K, reserved 1048576K
}
Event: 16.948 GC heap before
{Heap before GC invocations=13 (full 2):
 PSYoungGen      total 94208K, used 93497K [0x00000000e0000000, 0x00000000e6a00000, 0x0000000100000000)
  eden space 86016K, 100% used [0x00000000e0000000,0x00000000e5400000,0x00000000e5400000)
  from space 8192K, 91% used [0x00000000e6200000,0x00000000e694e4f8,0x00000000e6a00000)
  to   space 11264K, 0% used [0x00000000e5400000,0x00000000e5400000,0x00000000e5f00000)
 ParOldGen       total 98304K, used 16065K [0x00000000a0000000, 0x00000000a6000000, 0x00000000e0000000)
  object space 98304K, 16% used [0x00000000a0000000,0x00000000a0fb0488,0x00000000a6000000)
 Metaspace       used 44292K, capacity 45288K, committed 45528K, reserved 1089536K
  class space    used 6089K, capacity 6334K, committed 6400K, reserved 1048576K
Event: 16.965 GC heap after
Heap after GC invocations=13 (full 2):
 PSYoungGen      total 97280K, used 11256K [0x00000000e0000000, 0x00000000e8600000, 0x0000000100000000)
  eden space 86016K, 0% used [0x00000000e0000000,0x00000000e0000000,0x00000000e5400000)
  from space 11264K, 99% used [0x00000000e5400000,0x00000000e5efe078,0x00000000e5f00000)
  to   space 12800K, 0% used [0x00000000e7980000,0x00000000e7980000,0x00000000e8600000)
 ParOldGen       total 98304K, used 16515K [0x00000000a0000000, 0x00000000a6000000, 0x00000000e0000000)
  object space 98304K, 16% used [0x00000000a0000000,0x00000000a1020f10,0x00000000a6000000)
 Metaspace       used 44292K, capacity 45288K, committed 45528K, reserved 1089536K
  class space    used 6089K, capacity 6334K, committed 6400K, reserved 1048576K
}
Event: 19.179 GC heap before
{Heap before GC invocations=14 (full 2):
 PSYoungGen      total 97280K, used 97272K [0x00000000e0000000, 0x00000000e8600000, 0x0000000100000000)
  eden space 86016K, 100% used [0x00000000e0000000,0x00000000e5400000,0x00000000e5400000)
  from space 11264K, 99% used [0x00000000e5400000,0x00000000e5efe078,0x00000000e5f00000)
  to   space 12800K, 0% used [0x00000000e7980000,0x00000000e7980000,0x00000000e8600000)
 ParOldGen       total 98304K, used 16515K [0x00000000a0000000, 0x00000000a6000000, 0x00000000e0000000)
  object space 98304K, 16% used [0x00000000a0000000,0x00000000a1020f10,0x00000000a6000000)
 Metaspace       used 48626K, capacity 50220K, committed 50520K, reserved 1093632K
  class space    used 6788K, capacity 7191K, committed 7296K, reserved 1048576K
Event: 19.206 GC heap after
Heap after GC invocations=14 (full 2):
 PSYoungGen      total 121344K, used 12787K [0x00000000e0000000, 0x00000000e8c80000, 0x0000000100000000)
  eden space 108544K, 0% used [0x00000000e0000000,0x00000000e0000000,0x00000000e6a00000)
  from space 12800K, 99% used [0x00000000e7980000,0x00000000e85fcc90,0x00000000e8600000)
  to   space 15872K, 0% used [0x00000000e6a00000,0x00000000e6a00000,0x00000000e7980000)
 ParOldGen       total 98304K, used 21065K [0x00000000a0000000, 0x00000000a6000000, 0x00000000e0000000)
  object space 98304K, 21% used [0x00000000a0000000,0x00000000a1492650,0x00000000a6000000)
 Metaspace       used 48626K, capacity 50220K, committed 50520K, reserved 1093632K
  class space    used 6788K, capacity 7191K, committed 7296K, reserved 1048576K
}
Event: 20.290 GC heap before
{Heap before GC invocations=15 (full 2):
 PSYoungGen      total 121344K, used 121331K [0x00000000e0000000, 0x00000000e8c80000, 0x0000000100000000)
  eden space 108544K, 100% used [0x00000000e0000000,0x00000000e6a00000,0x00000000e6a00000)
  from space 12800K, 99% used [0x00000000e7980000,0x00000000e85fcc90,0x00000000e8600000)
  to   space 15872K, 0% used [0x00000000e6a00000,0x00000000e6a00000,0x00000000e7980000)
 ParOldGen       total 98304K, used 21065K [0x00000000a0000000, 0x00000000a6000000, 0x00000000e0000000)
  object space 98304K, 21% used [0x00000000a0000000,0x00000000a1492650,0x00000000a6000000)
 Metaspace       used 51164K, capacity 53170K, committed 53336K, reserved 1095680K
  class space    used 7271K, capacity 7724K, committed 7808K, reserved 1048576K
Event: 20.341 GC heap after
Heap after GC invocations=15 (full 2):
 PSYoungGen      total 124416K, used 15859K [0x00000000e0000000, 0x00000000ebd80000, 0x0000000100000000)
  eden space 108544K, 0% used [0x00000000e0000000,0x00000000e0000000,0x00000000e6a00000)
  from space 15872K, 99% used [0x00000000e6a00000,0x00000000e797cc90,0x00000000e7980000)
  to   space 22016K, 0% used [0x00000000ea800000,0x00000000ea800000,0x00000000ebd80000)
 ParOldGen       total 98304K, used 31584K [0x00000000a0000000, 0x00000000a6000000, 0x00000000e0000000)
  object space 98304K, 32% used [0x00000000a0000000,0x00000000a1ed8228,0x00000000a6000000)
 Metaspace       used 51164K, capacity 53170K, committed 53336K, reserved 1095680K
  class space    used 7271K, capacity 7724K, committed 7808K, reserved 1048576K
}
Event: 26.750 GC heap before
{Heap before GC invocations=16 (full 2):
 PSYoungGen      total 124416K, used 124403K [0x00000000e0000000, 0x00000000ebd80000, 0x0000000100000000)
  eden space 108544K, 100% used [0x00000000e0000000,0x00000000e6a00000,0x00000000e6a00000)
  from space 15872K, 99% used [0x00000000e6a00000,0x00000000e797cc90,0x00000000e7980000)
  to   space 22016K, 0% used [0x00000000ea800000,0x00000000ea800000,0x00000000ebd80000)
 ParOldGen       total 98304K, used 31584K [0x00000000a0000000, 0x00000000a6000000, 0x00000000e0000000)
  object space 98304K, 32% used [0x00000000a0000000,0x00000000a1ed8228,0x00000000a6000000)
 Metaspace       used 56057K, capacity 58496K, committed 58840K, reserved 1099776K
  class space    used 7787K, capacity 8323K, committed 8448K, reserved 1048576K
Event: 26.800 GC heap after
Heap after GC invocations=16 (full 2):
 PSYoungGen      total 169472K, used 20977K [0x00000000e0000000, 0x00000000ec000000, 0x0000000100000000)
  eden space 147456K, 0% used [0x00000000e0000000,0x00000000e0000000,0x00000000e9000000)
  from space 22016K, 95% used [0x00000000ea800000,0x00000000ebc7c5c0,0x00000000ebd80000)
  to   space 24576K, 0% used [0x00000000e9000000,0x00000000e9000000,0x00000000ea800000)
 ParOldGen       total 98304K, used 35711K [0x00000000a0000000, 0x00000000a6000000, 0x00000000e0000000)
  object space 98304K, 36% used [0x00000000a0000000,0x00000000a22dffb8,0x00000000a6000000)
 Metaspace       used 56057K, capacity 58496K, committed 58840K, reserved 1099776K
  class space    used 7787K, capacity 8323K, committed 8448K, reserved 1048576K
}
Event: 27.199 GC heap before
{Heap before GC invocations=17 (full 2):
 PSYoungGen      total 169472K, used 28960K [0x00000000e0000000, 0x00000000ec000000, 0x0000000100000000)
  eden space 147456K, 5% used [0x00000000e0000000,0x00000000e07cbc00,0x00000000e9000000)
  from space 22016K, 95% used [0x00000000ea800000,0x00000000ebc7c5c0,0x00000000ebd80000)
  to   space 24576K, 0% used [0x00000000e9000000,0x00000000e9000000,0x00000000ea800000)
 ParOldGen       total 98304K, used 35711K [0x00000000a0000000, 0x00000000a6000000, 0x00000000e0000000)
  object space 98304K, 36% used [0x00000000a0000000,0x00000000a22dffb8,0x00000000a6000000)
 Metaspace       used 56417K, capacity 58850K, committed 59028K, reserved 1099776K
  class space    used 7828K, capacity 8356K, committed 8448K, reserved 1048576K

