# JRE version: Java(TM) SE Runtime Environment (8.0_121-b13) (build 1.8.0_121-b13)
# Java VM: Java HotSpot(TM) 64-Bit Server VM (25.121-b13 mixed mode linux-amd64 compressed oops)
Heap:
 PSYoungGen      total 107520K, used 16759K [0x00000000e0000000, 0x00000000e8180000, 0x0000000100000000)
  eden space 102400K, 11% used [0x00000000e0000000,0x00000000e0b65df8,0x00000000e6400000)
  from space 5120K, 99% used [0x00000000e7c00000,0x00000000e80f8020,0x00000000e8100000)
  to   space 512K, 0% used [0x00000000e8100000,0x00000000e8100000,0x00000000e8180000)
 ParOldGen       total 74240K, used 21443K [0x00000000a0000000, 0x00000000a4880000, 0x00000000e0000000)
  object space 74240K, 28% used [0x00000000a0000000,0x00000000a14f0ce0,0x00000000a4880000)
 Metaspace       used 32840K, capacity 33484K, committed 33664K, reserved 1079296K
  class space    used 4518K, capacity 4713K, committed 4736K, reserved 1048576K
GC Heap History (10 events):
Event: 1.158 GC heap before
{Heap before GC invocations=2 (full 0):
 PSYoungGen      total 36864K, used 35922K [0x00000000e0000000, 0x00000000e4800000, 0x0000000100000000)
  eden space 31744K, 100% used [0x00000000e0000000,0x00000000e1f00000,0x00000000e1f00000)
  from space 5120K, 81% used [0x00000000e1f00000,0x00000000e23149f8,0x00000000e2400000)
  to   space 5120K, 0% used [0x00000000e4300000,0x00000000e4300000,0x00000000e4800000)
 ParOldGen       total 84992K, used 8K [0x00000000a0000000, 0x00000000a5300000, 0x00000000e0000000)
  object space 84992K, 0% used [0x00000000a0000000,0x00000000a0002000,0x00000000a5300000)
 Metaspace       used 12715K, capacity 13046K, committed 13184K, reserved 1060864K
  class space    used 1742K, capacity 1870K, committed 1920K, reserved 1048576K
Event: 1.166 GC heap after
Heap after GC invocations=2 (full 0):
 PSYoungGen      total 68608K, used 5113K [0x00000000e0000000, 0x00000000e4800000, 0x0000000100000000)
  eden space 63488K, 0% used [0x00000000e0000000,0x00000000e0000000,0x00000000e3e00000)
  from space 5120K, 99% used [0x00000000e4300000,0x00000000e47fe430,0x00000000e4800000)
  to   space 5120K, 0% used [0x00000000e3e00000,0x00000000e3e00000,0x00000000e4300000)
 ParOldGen       total 84992K, used 737K [0x00000000a0000000, 0x00000000a5300000, 0x00000000e0000000)
  object space 84992K, 0% used [0x00000000a0000000,0x00000000a00b8580,0x00000000a5300000)
 Metaspace       used 12715K, capacity 13046K, committed 13184K, reserved 1060864K
  class space    used 1742K, capacity 1870K, committed 1920K, reserved 1048576K
}
Event: 2.769 GC heap before
{Heap before GC invocations=3 (full 0):
 PSYoungGen      total 68608K, used 62159K [0x00000000e0000000, 0x00000000e4800000, 0x0000000100000000)
  eden space 63488K, 89% used [0x00000000e0000000,0x00000000e37b59a8,0x00000000e3e00000)
  from space 5120K, 99% used [0x00000000e4300000,0x00000000e47fe430,0x00000000e4800000)
  to   space 5120K, 0% used [0x00000000e3e00000,0x00000000e3e00000,0x00000000e4300000)
 ParOldGen       total 84992K, used 737K [0x00000000a0000000, 0x00000000a5300000, 0x00000000e0000000)
  object space 84992K, 0% used [0x00000000a0000000,0x00000000a00b8580,0x00000000a5300000)
 Metaspace       used 20706K, capacity 21150K, committed 21248K, reserved 1067008K
  class space    used 2827K, capacity 3008K, committed 3072K, reserved 1048576K
Event: 2.798 GC heap after
Heap after GC invocations=3 (full 0):
 PSYoungGen      total 68608K, used 5099K [0x00000000e0000000, 0x00000000e8600000, 0x0000000100000000)
  eden space 63488K, 0% used [0x00000000e0000000,0x00000000e0000000,0x00000000e3e00000)
  from space 5120K, 99% used [0x00000000e3e00000,0x00000000e42fafd0,0x00000000e4300000)
  to   space 5120K, 0% used [0x00000000e8100000,0x00000000e8100000,0x00000000e8600000)
 ParOldGen       total 84992K, used 8288K [0x00000000a0000000, 0x00000000a5300000, 0x00000000e0000000)
  object space 84992K, 9% used [0x00000000a0000000,0x00000000a0818330,0x00000000a5300000)
 Metaspace       used 20706K, capacity 21150K, committed 21248K, reserved 1067008K
  class space    used 2827K, capacity 3008K, committed 3072K, reserved 1048576K
}
Event: 2.798 GC heap before
{Heap before GC invocations=4 (full 1):
 PSYoungGen      total 68608K, used 5099K [0x00000000e0000000, 0x00000000e8600000, 0x0000000100000000)
  eden space 63488K, 0% used [0x00000000e0000000,0x00000000e0000000,0x00000000e3e00000)
  from space 5120K, 99% used [0x00000000e3e00000,0x00000000e42fafd0,0x00000000e4300000)
  to   space 5120K, 0% used [0x00000000e8100000,0x00000000e8100000,0x00000000e8600000)
 ParOldGen       total 84992K, used 8288K [0x00000000a0000000, 0x00000000a5300000, 0x00000000e0000000)
  object space 84992K, 9% used [0x00000000a0000000,0x00000000a0818330,0x00000000a5300000)
 Metaspace       used 20706K, capacity 21150K, committed 21248K, reserved 1067008K
  class space    used 2827K, capacity 3008K, committed 3072K, reserved 1048576K
Event: 2.890 GC heap after
Heap after GC invocations=4 (full 1):
 PSYoungGen      total 68608K, used 0K [0x00000000e0000000, 0x00000000e8600000, 0x0000000100000000)
  eden space 63488K, 0% used [0x00000000e0000000,0x00000000e0000000,0x00000000e3e00000)
  from space 5120K, 0% used [0x00000000e3e00000,0x00000000e3e00000,0x00000000e4300000)
  to   space 5120K, 0% used [0x00000000e8100000,0x00000000e8100000,0x00000000e8600000)
 ParOldGen       total 74240K, used 12293K [0x00000000a0000000, 0x00000000a4880000, 0x00000000e0000000)
  object space 74240K, 16% used [0x00000000a0000000,0x00000000a0c01498,0x00000000a4880000)
 Metaspace       used 20706K, capacity 21150K, committed 21248K, reserved 1067008K
  class space    used 2827K, capacity 3008K, committed 3072K, reserved 1048576K
}
Event: 4.631 GC heap before
{Heap before GC invocations=5 (full 1):
 PSYoungGen      total 68608K, used 63488K [0x00000000e0000000, 0x00000000e8600000, 0x0000000100000000)
  eden space 63488K, 100% used [0x00000000e0000000,0x00000000e3e00000,0x00000000e3e00000)
  from space 5120K, 0% used [0x00000000e3e00000,0x00000000e3e00000,0x00000000e4300000)
  to   space 5120K, 0% used [0x00000000e8100000,0x00000000e8100000,0x00000000e8600000)
 ParOldGen       total 74240K, used 12293K [0x00000000a0000000, 0x00000000a4880000, 0x00000000e0000000)
  object space 74240K, 16% used [0x00000000a0000000,0x00000000a0c01498,0x00000000a4880000)
 Metaspace       used 27202K, capacity 27708K, committed 28032K, reserved 1073152K
  class space    used 3706K, capacity 3858K, committed 3968K, reserved 1048576K
Event: 4.642 GC heap after
Heap after GC invocations=5 (full 1):
 PSYoungGen      total 86528K, used 5107K [0x00000000e0000000, 0x00000000e8600000, 0x0000000100000000)
  eden space 81408K, 0% used [0x00000000e0000000,0x00000000e0000000,0x00000000e4f80000)
  from space 5120K, 99% used [0x00000000e8100000,0x00000000e85fcd40,0x00000000e8600000)
  to   space 5120K, 0% used [0x00000000e7c00000,0x00000000e7c00000,0x00000000e8100000)
 ParOldGen       total 74240K, used 15969K [0x00000000a0000000, 0x00000000a4880000, 0x00000000e0000000)
  object space 74240K, 21% used [0x00000000a0000000,0x00000000a0f98768,0x00000000a4880000)
 Metaspace       used 27202K, capacity 27708K, committed 28032K, reserved 1073152K
  class space    used 3706K, capacity 3858K, committed 3968K, reserved 1048576K
}
Event: 6.352 GC heap before
{Heap before GC invocations=6 (full 1):
 PSYoungGen      total 86528K, used 86515K [0x00000000e0000000, 0x00000000e8600000, 0x0000000100000000)
  eden space 81408K, 100% used [0x00000000e0000000,0x00000000e4f80000,0x00000000e4f80000)
  from space 5120K, 99% used [0x00000000e8100000,0x00000000e85fcd40,0x00000000e8600000)
  to   space 5120K, 0% used [0x00000000e7c00000,0x00000000e7c00000,0x00000000e8100000)
 ParOldGen       total 74240K, used 15969K [0x00000000a0000000, 0x00000000a4880000, 0x00000000e0000000)
  object space 74240K, 21% used [0x00000000a0000000,0x00000000a0f98768,0x00000000a4880000)
 Metaspace       used 32663K, capacity 33324K, committed 33408K, reserved 1077248K
  class space    used 4497K, capacity 4681K, committed 4736K, reserved 1048576K
Event: 6.364 GC heap after
Heap after GC invocations=6 (full 1):
 PSYoungGen      total 107520K, used 5088K [0x00000000e0000000, 0x00000000e8180000, 0x0000000100000000)
  eden space 102400K, 0% used [0x00000000e0000000,0x00000000e0000000,0x00000000e6400000)
  from space 5120K, 99% used [0x00000000e7c00000,0x00000000e80f8020,0x00000000e8100000)
  to   space 512K, 0% used [0x00000000e8100000,0x00000000e8100000,0x00000000e8180000)
 ParOldGen       total 74240K, used 21443K [0x00000000a0000000, 0x00000000a4880000, 0x00000000e0000000)
  object space 74240K, 28% used [0x00000000a0000000,0x00000000a14f0ce0,0x00000000a4880000)
 Metaspace       used 32663K, capacity 33324K, committed 33408K, reserved 1077248K
  class space    used 4497K, capacity 4681K, committed 4736K, reserved 1048576K
}

