# JRE version: Java(TM) SE Runtime Environment (8.0_121-b13) (build 1.8.0_121-b13)
# Java VM: Java HotSpot(TM) 64-Bit Server VM (25.121-b13 mixed mode linux-amd64 compressed oops)
Heap:
 PSYoungGen      total 432640K, used 38901K [0x00000000e0000000, 0x0000000100000000, 0x0000000100000000)
  eden space 393728K, 0% used [0x00000000e0000000,0x00000000e0000000,0x00000000f8080000)
  from space 38912K, 99% used [0x00000000f8080000,0x00000000fa67d5b8,0x00000000fa680000)
  to   space 50176K, 0% used [0x00000000fcf00000,0x00000000fcf00000,0x0000000100000000)
 ParOldGen       total 165376K, used 147019K [0x00000000a0000000, 0x00000000aa180000, 0x00000000e0000000)
  object space 165376K, 88% used [0x00000000a0000000,0x00000000a8f92c70,0x00000000aa180000)
 Metaspace       used 69245K, capacity 71706K, committed 72024K, reserved 1112064K
  class space    used 8774K, capacity 9210K, committed 9304K, reserved 1048576K
GC Heap History (10 events):
Event: 1424.932 GC heap after
Heap after GC invocations=28 (full 3):
 PSYoungGen      total 332800K, used 11245K [0x00000000e0000000, 0x00000000f7e00000, 0x0000000100000000)
  eden space 321536K, 0% used [0x00000000e0000000,0x00000000e0000000,0x00000000f3a00000)
  from space 11264K, 99% used [0x00000000f4680000,0x00000000f517b5c0,0x00000000f5180000)
  to   space 34816K, 0% used [0x00000000f5c00000,0x00000000f5c00000,0x00000000f7e00000)
 ParOldGen       total 165376K, used 123645K [0x00000000a0000000, 0x00000000aa180000, 0x00000000e0000000)
  object space 165376K, 74% used [0x00000000a0000000,0x00000000a78bf4f8,0x00000000aa180000)
 Metaspace       used 65548K, capacity 67838K, committed 68056K, reserved 1107968K
  class space    used 8428K, capacity 8806K, committed 8920K, reserved 1048576K
}
Event: 1424.992 GC heap before
{Heap before GC invocations=29 (full 3):
 PSYoungGen      total 332800K, used 332292K [0x00000000e0000000, 0x00000000f7e00000, 0x0000000100000000)
  eden space 321536K, 99% used [0x00000000e0000000,0x00000000f3985b78,0x00000000f3a00000)
  from space 11264K, 99% used [0x00000000f4680000,0x00000000f517b5c0,0x00000000f5180000)
  to   space 34816K, 0% used [0x00000000f5c00000,0x00000000f5c00000,0x00000000f7e00000)
 ParOldGen       total 165376K, used 123645K [0x00000000a0000000, 0x00000000aa180000, 0x00000000e0000000)
  object space 165376K, 74% used [0x00000000a0000000,0x00000000a78bf4f8,0x00000000aa180000)
 Metaspace       used 65556K, capacity 67838K, committed 68056K, reserved 1107968K
  class space    used 8428K, capacity 8806K, committed 8920K, reserved 1048576K
Event: 1425.005 GC heap after
Heap after GC invocations=29 (full 3):
 PSYoungGen      total 356864K, used 9632K [0x00000000e0000000, 0x00000000fc880000, 0x0000000100000000)
  eden space 322048K, 0% used [0x00000000e0000000,0x00000000e0000000,0x00000000f3a80000)
  from space 34816K, 27% used [0x00000000f5c00000,0x00000000f65681c0,0x00000000f7e00000)
  to   space 34304K, 0% used [0x00000000f3a80000,0x00000000f3a80000,0x00000000f5c00000)
 ParOldGen       total 165376K, used 123653K [0x00000000a0000000, 0x00000000aa180000, 0x00000000e0000000)
  object space 165376K, 74% used [0x00000000a0000000,0x00000000a78c14f8,0x00000000aa180000)
 Metaspace       used 65556K, capacity 67838K, committed 68056K, reserved 1107968K
  class space    used 8428K, capacity 8806K, committed 8920K, reserved 1048576K
}
Event: 1427.436 GC heap before
{Heap before GC invocations=30 (full 3):
 PSYoungGen      total 356864K, used 331680K [0x00000000e0000000, 0x00000000fc880000, 0x0000000100000000)
  eden space 322048K, 100% used [0x00000000e0000000,0x00000000f3a80000,0x00000000f3a80000)
  from space 34816K, 27% used [0x00000000f5c00000,0x00000000f65681c0,0x00000000f7e00000)
  to   space 34304K, 0% used [0x00000000f3a80000,0x00000000f3a80000,0x00000000f5c00000)
 ParOldGen       total 165376K, used 123653K [0x00000000a0000000, 0x00000000aa180000, 0x00000000e0000000)
  object space 165376K, 74% used [0x00000000a0000000,0x00000000a78c14f8,0x00000000aa180000)
 Metaspace       used 66353K, capacity 68798K, committed 68952K, reserved 1110016K
  class space    used 8512K, capacity 8936K, committed 9048K, reserved 1048576K
Event: 1427.515 GC heap after
Heap after GC invocations=30 (full 3):
 PSYoungGen      total 356352K, used 3416K [0x00000000e0000000, 0x00000000fc880000, 0x0000000100000000)
  eden space 322048K, 0% used [0x00000000e0000000,0x00000000e0000000,0x00000000f3a80000)
  from space 34304K, 9% used [0x00000000f3a80000,0x00000000f3dd6118,0x00000000f5c00000)
  to   space 34816K, 0% used [0x00000000fa680000,0x00000000fa680000,0x00000000fc880000)
 ParOldGen       total 165376K, used 130915K [0x00000000a0000000, 0x00000000aa180000, 0x00000000e0000000)
  object space 165376K, 79% used [0x00000000a0000000,0x00000000a7fd8c68,0x00000000aa180000)
 Metaspace       used 66353K, capacity 68798K, committed 68952K, reserved 1110016K
  class space    used 8512K, capacity 8936K, committed 9048K, reserved 1048576K
}
Event: 1438.700 GC heap before
{Heap before GC invocations=31 (full 3):
 PSYoungGen      total 356352K, used 325464K [0x00000000e0000000, 0x00000000fc880000, 0x0000000100000000)
  eden space 322048K, 100% used [0x00000000e0000000,0x00000000f3a80000,0x00000000f3a80000)
  from space 34304K, 9% used [0x00000000f3a80000,0x00000000f3dd6118,0x00000000f5c00000)
  to   space 34816K, 0% used [0x00000000fa680000,0x00000000fa680000,0x00000000fc880000)
 ParOldGen       total 165376K, used 130915K [0x00000000a0000000, 0x00000000aa180000, 0x00000000e0000000)
  object space 165376K, 79% used [0x00000000a0000000,0x00000000a7fd8c68,0x00000000aa180000)
 Metaspace       used 69040K, capacity 71514K, committed 71768K, reserved 1112064K
  class space    used 8773K, capacity 9210K, committed 9304K, reserved 1048576K
Event: 1438.785 GC heap after
Heap after GC invocations=31 (full 3):
 PSYoungGen      total 428544K, used 31103K [0x00000000e0000000, 0x00000000fcc80000, 0x0000000100000000)
  eden space 393728K, 0% used [0x00000000e0000000,0x00000000e0000000,0x00000000f8080000)
  from space 34816K, 89% used [0x00000000fa680000,0x00000000fc4dfed8,0x00000000fc880000)
  to   space 38912K, 0% used [0x00000000f8080000,0x00000000f8080000,0x00000000fa680000)
 ParOldGen       total 165376K, used 132031K [0x00000000a0000000, 0x00000000aa180000, 0x00000000e0000000)
  object space 165376K, 79% used [0x00000000a0000000,0x00000000a80efcc8,0x00000000aa180000)
 Metaspace       used 69040K, capacity 71514K, committed 71768K, reserved 1112064K
  class space    used 8773K, capacity 9210K, committed 9304K, reserved 1048576K
}
Event: 1441.350 GC heap before
{Heap before GC invocations=32 (full 3):
 PSYoungGen      total 428544K, used 424831K [0x00000000e0000000, 0x00000000fcc80000, 0x0000000100000000)
  eden space 393728K, 100% used [0x00000000e0000000,0x00000000f8080000,0x00000000f8080000)
  from space 34816K, 89% used [0x00000000fa680000,0x00000000fc4dfed8,0x00000000fc880000)
  to   space 38912K, 0% used [0x00000000f8080000,0x00000000f8080000,0x00000000fa680000)
 ParOldGen       total 165376K, used 132031K [0x00000000a0000000, 0x00000000aa180000, 0x00000000e0000000)
  object space 165376K, 79% used [0x00000000a0000000,0x00000000a80efcc8,0x00000000aa180000)
 Metaspace       used 69245K, capacity 71706K, committed 72024K, reserved 1112064K
  class space    used 8774K, capacity 9210K, committed 9304K, reserved 1048576K
Event: 1441.480 GC heap after
Heap after GC invocations=32 (full 3):
 PSYoungGen      total 432640K, used 38901K [0x00000000e0000000, 0x0000000100000000, 0x0000000100000000)
  eden space 393728K, 0% used [0x00000000e0000000,0x00000000e0000000,0x00000000f8080000)
  from space 38912K, 99% used [0x00000000f8080000,0x00000000fa67d5b8,0x00000000fa680000)
  to   space 50176K, 0% used [0x00000000fcf00000,0x00000000fcf00000,0x0000000100000000)
 ParOldGen       total 165376K, used 147019K [0x00000000a0000000, 0x00000000aa180000, 0x00000000e0000000)
  object space 165376K, 88% used [0x00000000a0000000,0x00000000a8f92c70,0x00000000aa180000)
 Metaspace       used 69245K, capacity 71706K, committed 72024K, reserved 1112064K
  class space    used 8774K, capacity 9210K, committed 9304K, reserved 1048576K
}
Event: 1441.480 GC heap before
{Heap before GC invocations=33 (full 4):
 PSYoungGen      total 432640K, used 38901K [0x00000000e0000000, 0x0000000100000000, 0x0000000100000000)
  eden space 393728K, 0% used [0x00000000e0000000,0x00000000e0000000,0x00000000f8080000)
  from space 38912K, 99% used [0x00000000f8080000,0x00000000fa67d5b8,0x00000000fa680000)
  to   space 50176K, 0% used [0x00000000fcf00000,0x00000000fcf00000,0x0000000100000000)
 ParOldGen       total 165376K, used 147019K [0x00000000a0000000, 0x00000000aa180000, 0x00000000e0000000)
  object space 165376K, 88% used [0x00000000a0000000,0x00000000a8f92c70,0x00000000aa180000)
 Metaspace       used 69245K, capacity 71706K, committed 72024K, reserved 1112064K
  class space    used 8774K, capacity 9210K, committed 9304K, reserved 1048576K

