# JRE version: Java(TM) SE Runtime Environment (8.0_121-b13) (build 1.8.0_121-b13)
# Java VM: Java HotSpot(TM) 64-Bit Server VM (25.121-b13 mixed mode linux-amd64 compressed oops)
Heap:
 PSYoungGen      total 257024K, used 203550K [0x00000000e0000000, 0x00000000f2700000, 0x0000000100000000)
  eden space 232960K, 77% used [0x00000000e0000000,0x00000000eaf4e3b0,0x00000000ee380000)
  from space 24064K, 99% used [0x00000000efe80000,0x00000000f15f97a8,0x00000000f1600000)
  to   space 27648K, 0% used [0x00000000ee380000,0x00000000ee380000,0x00000000efe80000)
 ParOldGen       total 147456K, used 51915K [0x00000000a0000000, 0x00000000a9000000, 0x00000000e0000000)
  object space 147456K, 35% used [0x00000000a0000000,0x00000000a32b2c00,0x00000000a9000000)
 Metaspace       used 65622K, capacity 68746K, committed 68952K, reserved 1107968K
  class space    used 8839K, capacity 9479K, committed 9600K, reserved 1048576K
GC Heap History (10 events):
Event: 24.973 GC heap before
{Heap before GC invocations=17 (full 3):
 PSYoungGen      total 192512K, used 23022K [0x00000000e0000000, 0x00000000eda80000, 0x0000000100000000)
  eden space 169472K, 0% used [0x00000000e0000000,0x00000000e0000000,0x00000000ea580000)
  from space 23040K, 99% used [0x00000000ebf80000,0x00000000ed5fb9e8,0x00000000ed600000)
  to   space 26624K, 0% used [0x00000000ea580000,0x00000000ea580000,0x00000000ebf80000)
 ParOldGen       total 87040K, used 36134K [0x00000000a0000000, 0x00000000a5500000, 0x00000000e0000000)
  object space 87040K, 41% used [0x00000000a0000000,0x00000000a2349930,0x00000000a5500000)
 Metaspace       used 56631K, capacity 59018K, committed 59028K, reserved 1099776K
  class space    used 7862K, capacity 8439K, committed 8448K, reserved 1048576K
Event: 25.256 GC heap after
Heap after GC invocations=17 (full 3):
 PSYoungGen      total 192512K, used 0K [0x00000000e0000000, 0x00000000eda80000, 0x0000000100000000)
  eden space 169472K, 0% used [0x00000000e0000000,0x00000000e0000000,0x00000000ea580000)
  from space 23040K, 0% used [0x00000000ebf80000,0x00000000ebf80000,0x00000000ed600000)
  to   space 26624K, 0% used [0x00000000ea580000,0x00000000ea580000,0x00000000ebf80000)
 ParOldGen       total 147456K, used 50658K [0x00000000a0000000, 0x00000000a9000000, 0x00000000e0000000)
  object space 147456K, 34% used [0x00000000a0000000,0x00000000a3178ba0,0x00000000a9000000)
 Metaspace       used 56631K, capacity 59018K, committed 59028K, reserved 1099776K
  class space    used 7862K, capacity 8439K, committed 8448K, reserved 1048576K
}
Event: 48.664 GC heap before
{Heap before GC invocations=18 (full 3):
 PSYoungGen      total 192512K, used 169472K [0x00000000e0000000, 0x00000000eda80000, 0x0000000100000000)
  eden space 169472K, 100% used [0x00000000e0000000,0x00000000ea580000,0x00000000ea580000)
  from space 23040K, 0% used [0x00000000ebf80000,0x00000000ebf80000,0x00000000ed600000)
  to   space 26624K, 0% used [0x00000000ea580000,0x00000000ea580000,0x00000000ebf80000)
 ParOldGen       total 147456K, used 50658K [0x00000000a0000000, 0x00000000a9000000, 0x00000000e0000000)
  object space 147456K, 34% used [0x00000000a0000000,0x00000000a3178ba0,0x00000000a9000000)
 Metaspace       used 57922K, capacity 60596K, committed 60888K, reserved 1101824K
  class space    used 7996K, capacity 8590K, committed 8704K, reserved 1048576K
Event: 48.681 GC heap after
Heap after GC invocations=18 (full 3):
 PSYoungGen      total 196096K, used 10071K [0x00000000e0000000, 0x00000000f0400000, 0x0000000100000000)
  eden space 169472K, 0% used [0x00000000e0000000,0x00000000e0000000,0x00000000ea580000)
  from space 26624K, 37% used [0x00000000ea580000,0x00000000eaf55f78,0x00000000ebf80000)
  to   space 25600K, 0% used [0x00000000eeb00000,0x00000000eeb00000,0x00000000f0400000)
 ParOldGen       total 147456K, used 50666K [0x00000000a0000000, 0x00000000a9000000, 0x00000000e0000000)
  object space 147456K, 34% used [0x00000000a0000000,0x00000000a317aba0,0x00000000a9000000)
 Metaspace       used 57922K, capacity 60596K, committed 60888K, reserved 1101824K
  class space    used 7996K, capacity 8590K, committed 8704K, reserved 1048576K
}
Event: 98.465 GC heap before
{Heap before GC invocations=19 (full 3):
 PSYoungGen      total 196096K, used 179543K [0x00000000e0000000, 0x00000000f0400000, 0x0000000100000000)
  eden space 169472K, 100% used [0x00000000e0000000,0x00000000ea580000,0x00000000ea580000)
  from space 26624K, 37% used [0x00000000ea580000,0x00000000eaf55f78,0x00000000ebf80000)
  to   space 25600K, 0% used [0x00000000eeb00000,0x00000000eeb00000,0x00000000f0400000)
 ParOldGen       total 147456K, used 50666K [0x00000000a0000000, 0x00000000a9000000, 0x00000000e0000000)
  object space 147456K, 34% used [0x00000000a0000000,0x00000000a317aba0,0x00000000a9000000)
 Metaspace       used 63343K, capacity 66294K, committed 66392K, reserved 1105920K
  class space    used 8666K, capacity 9277K, committed 9344K, reserved 1048576K
Event: 98.485 GC heap after
Heap after GC invocations=19 (full 3):
 PSYoungGen      total 225280K, used 10726K [0x00000000e0000000, 0x00000000efb80000, 0x0000000100000000)
  eden space 208384K, 0% used [0x00000000e0000000,0x00000000e0000000,0x00000000ecb80000)
  from space 16896K, 63% used [0x00000000eeb00000,0x00000000ef579ba8,0x00000000efb80000)
  to   space 24576K, 0% used [0x00000000ecb80000,0x00000000ecb80000,0x00000000ee380000)
 ParOldGen       total 147456K, used 50674K [0x00000000a0000000, 0x00000000a9000000, 0x00000000e0000000)
  object space 147456K, 34% used [0x00000000a0000000,0x00000000a317cba0,0x00000000a9000000)
 Metaspace       used 63343K, capacity 66294K, committed 66392K, reserved 1105920K
  class space    used 8666K, capacity 9277K, committed 9344K, reserved 1048576K
}
Event: 105.390 GC heap before
{Heap before GC invocations=20 (full 3):
 PSYoungGen      total 225280K, used 219110K [0x00000000e0000000, 0x00000000efb80000, 0x0000000100000000)
  eden space 208384K, 100% used [0x00000000e0000000,0x00000000ecb80000,0x00000000ecb80000)
  from space 16896K, 63% used [0x00000000eeb00000,0x00000000ef579ba8,0x00000000efb80000)
  to   space 24576K, 0% used [0x00000000ecb80000,0x00000000ecb80000,0x00000000ee380000)
 ParOldGen       total 147456K, used 50674K [0x00000000a0000000, 0x00000000a9000000, 0x00000000e0000000)
  object space 147456K, 34% used [0x00000000a0000000,0x00000000a317cba0,0x00000000a9000000)
 Metaspace       used 64618K, capacity 67566K, committed 67800K, reserved 1107968K
  class space    used 8781K, capacity 9413K, committed 9472K, reserved 1048576K
Event: 105.409 GC heap after
Heap after GC invocations=20 (full 3):
 PSYoungGen      total 232960K, used 13855K [0x00000000e0000000, 0x00000000f1600000, 0x0000000100000000)
  eden space 208384K, 0% used [0x00000000e0000000,0x00000000e0000000,0x00000000ecb80000)
  from space 24576K, 56% used [0x00000000ecb80000,0x00000000ed907c78,0x00000000ee380000)
  to   space 24064K, 0% used [0x00000000efe80000,0x00000000efe80000,0x00000000f1600000)
 ParOldGen       total 147456K, used 50682K [0x00000000a0000000, 0x00000000a9000000, 0x00000000e0000000)
  object space 147456K, 34% used [0x00000000a0000000,0x00000000a317eba0,0x00000000a9000000)
 Metaspace       used 64618K, capacity 67566K, committed 67800K, reserved 1107968K
  class space    used 8781K, capacity 9413K, committed 9472K, reserved 1048576K
}
Event: 106.818 GC heap before
{Heap before GC invocations=21 (full 3):
 PSYoungGen      total 232960K, used 222239K [0x00000000e0000000, 0x00000000f1600000, 0x0000000100000000)
  eden space 208384K, 100% used [0x00000000e0000000,0x00000000ecb80000,0x00000000ecb80000)
  from space 24576K, 56% used [0x00000000ecb80000,0x00000000ed907c78,0x00000000ee380000)
  to   space 24064K, 0% used [0x00000000efe80000,0x00000000efe80000,0x00000000f1600000)
 ParOldGen       total 147456K, used 50682K [0x00000000a0000000, 0x00000000a9000000, 0x00000000e0000000)
  object space 147456K, 34% used [0x00000000a0000000,0x00000000a317eba0,0x00000000a9000000)
 Metaspace       used 65197K, capacity 68110K, committed 68312K, reserved 1107968K
  class space    used 8814K, capacity 9445K, committed 9472K, reserved 1048576K
Event: 106.856 GC heap after
Heap after GC invocations=21 (full 3):
 PSYoungGen      total 257024K, used 24037K [0x00000000e0000000, 0x00000000f2700000, 0x0000000100000000)
  eden space 232960K, 0% used [0x00000000e0000000,0x00000000e0000000,0x00000000ee380000)
  from space 24064K, 99% used [0x00000000efe80000,0x00000000f15f97a8,0x00000000f1600000)
  to   space 27648K, 0% used [0x00000000ee380000,0x00000000ee380000,0x00000000efe80000)
 ParOldGen       total 147456K, used 51915K [0x00000000a0000000, 0x00000000a9000000, 0x00000000e0000000)
  object space 147456K, 35% used [0x00000000a0000000,0x00000000a32b2c00,0x00000000a9000000)
 Metaspace       used 65197K, capacity 68110K, committed 68312K, reserved 1107968K
  class space    used 8814K, capacity 9445K, committed 9472K, reserved 1048576K
}

