# JRE version: Java(TM) SE Runtime Environment (8.0_121-b13) (build 1.8.0_121-b13)
# Java VM: Java HotSpot(TM) 64-Bit Server VM (25.121-b13 mixed mode linux-amd64 compressed oops)
Heap:
 PSYoungGen      total 308224K, used 175396K [0x00000000e0000000, 0x00000000f7b80000, 0x0000000100000000)
  eden space 250880K, 47% used [0x00000000e0000000,0x00000000e7349810,0x00000000ef500000)
  from space 57344K, 99% used [0x00000000f3480000,0x00000000f6c7fba8,0x00000000f6c80000)
  to   space 65024K, 0% used [0x00000000ef500000,0x00000000ef500000,0x00000000f3480000)
 ParOldGen       total 206848K, used 84050K [0x00000000a0000000, 0x00000000aca00000, 0x00000000e0000000)
  object space 206848K, 40% used [0x00000000a0000000,0x00000000a52149a0,0x00000000aca00000)
 Metaspace       used 67704K, capacity 70044K, committed 70232K, reserved 1110016K
  class space    used 8589K, capacity 9014K, committed 9088K, reserved 1048576K
GC Heap History (10 events):
Event: 227.557 GC heap before
{Heap before GC invocations=27 (full 3):
 PSYoungGen      total 229376K, used 210509K [0x00000000e0000000, 0x00000000f3200000, 0x0000000100000000)
  eden space 176640K, 100% used [0x00000000e0000000,0x00000000eac80000,0x00000000eac80000)
  from space 52736K, 64% used [0x00000000eac80000,0x00000000ecd93630,0x00000000ee000000)
  to   space 53760K, 0% used [0x00000000efd80000,0x00000000efd80000,0x00000000f3200000)
 ParOldGen       total 206848K, used 84010K [0x00000000a0000000, 0x00000000aca00000, 0x00000000e0000000)
  object space 206848K, 40% used [0x00000000a0000000,0x00000000a520a9a0,0x00000000aca00000)
 Metaspace       used 66728K, capacity 68760K, committed 68952K, reserved 1110016K
  class space    used 8556K, capacity 8968K, committed 9088K, reserved 1048576K
Event: 227.591 GC heap after
Heap after GC invocations=27 (full 3):
 PSYoungGen      total 253952K, used 48384K [0x00000000e0000000, 0x00000000f3880000, 0x0000000100000000)
  eden space 200192K, 0% used [0x00000000e0000000,0x00000000e0000000,0x00000000ec380000)
  from space 53760K, 90% used [0x00000000efd80000,0x00000000f2cc00e0,0x00000000f3200000)
  to   space 59392K, 0% used [0x00000000ec380000,0x00000000ec380000,0x00000000efd80000)
 ParOldGen       total 206848K, used 84018K [0x00000000a0000000, 0x00000000aca00000, 0x00000000e0000000)
  object space 206848K, 40% used [0x00000000a0000000,0x00000000a520c9a0,0x00000000aca00000)
 Metaspace       used 66728K, capacity 68760K, committed 68952K, reserved 1110016K
  class space    used 8556K, capacity 8968K, committed 9088K, reserved 1048576K
}
Event: 228.974 GC heap before
{Heap before GC invocations=28 (full 3):
 PSYoungGen      total 253952K, used 248576K [0x00000000e0000000, 0x00000000f3880000, 0x0000000100000000)
  eden space 200192K, 100% used [0x00000000e0000000,0x00000000ec380000,0x00000000ec380000)
  from space 53760K, 90% used [0x00000000efd80000,0x00000000f2cc00e0,0x00000000f3200000)
  to   space 59392K, 0% used [0x00000000ec380000,0x00000000ec380000,0x00000000efd80000)
 ParOldGen       total 206848K, used 84018K [0x00000000a0000000, 0x00000000aca00000, 0x00000000e0000000)
  object space 206848K, 40% used [0x00000000a0000000,0x00000000a520c9a0,0x00000000aca00000)
 Metaspace       used 66977K, capacity 69114K, committed 69464K, reserved 1110016K
  class space    used 8560K, capacity 8973K, committed 9088K, reserved 1048576K
Event: 229.015 GC heap after
Heap after GC invocations=28 (full 3):
 PSYoungGen      total 259584K, used 37029K [0x00000000e0000000, 0x00000000f5200000, 0x0000000100000000)
  eden space 200192K, 0% used [0x00000000e0000000,0x00000000e0000000,0x00000000ec380000)
  from space 59392K, 62% used [0x00000000ec380000,0x00000000ee7a9570,0x00000000efd80000)
  to   space 59904K, 0% used [0x00000000f1780000,0x00000000f1780000,0x00000000f5200000)
 ParOldGen       total 206848K, used 84026K [0x00000000a0000000, 0x00000000aca00000, 0x00000000e0000000)
  object space 206848K, 40% used [0x00000000a0000000,0x00000000a520e9a0,0x00000000aca00000)
 Metaspace       used 66977K, capacity 69114K, committed 69464K, reserved 1110016K
  class space    used 8560K, capacity 8973K, committed 9088K, reserved 1048576K
}
Event: 230.737 GC heap before
{Heap before GC invocations=29 (full 3):
 PSYoungGen      total 259584K, used 237221K [0x00000000e0000000, 0x00000000f5200000, 0x0000000100000000)
  eden space 200192K, 100% used [0x00000000e0000000,0x00000000ec380000,0x00000000ec380000)
  from space 59392K, 62% used [0x00000000ec380000,0x00000000ee7a9570,0x00000000efd80000)
  to   space 59904K, 0% used [0x00000000f1780000,0x00000000f1780000,0x00000000f5200000)
 ParOldGen       total 206848K, used 84026K [0x00000000a0000000, 0x00000000aca00000, 0x00000000e0000000)
  object space 206848K, 40% used [0x00000000a0000000,0x00000000a520e9a0,0x00000000aca00000)
 Metaspace       used 67019K, capacity 69178K, committed 69464K, reserved 1110016K
  class space    used 8561K, capacity 8973K, committed 9088K, reserved 1048576K
Event: 230.764 GC heap after
Heap after GC invocations=29 (full 3):
 PSYoungGen      total 281088K, used 26539K [0x00000000e0000000, 0x00000000f4d00000, 0x0000000100000000)
  eden space 226304K, 0% used [0x00000000e0000000,0x00000000e0000000,0x00000000edd00000)
  from space 54784K, 48% used [0x00000000f1780000,0x00000000f316af20,0x00000000f4d00000)
  to   space 57344K, 0% used [0x00000000edd00000,0x00000000edd00000,0x00000000f1500000)
 ParOldGen       total 206848K, used 84034K [0x00000000a0000000, 0x00000000aca00000, 0x00000000e0000000)
  object space 206848K, 40% used [0x00000000a0000000,0x00000000a52109a0,0x00000000aca00000)
 Metaspace       used 67019K, capacity 69178K, committed 69464K, reserved 1110016K
  class space    used 8561K, capacity 8973K, committed 9088K, reserved 1048576K
}
Event: 232.448 GC heap before
{Heap before GC invocations=30 (full 3):
 PSYoungGen      total 281088K, used 252843K [0x00000000e0000000, 0x00000000f4d00000, 0x0000000100000000)
  eden space 226304K, 100% used [0x00000000e0000000,0x00000000edd00000,0x00000000edd00000)
  from space 54784K, 48% used [0x00000000f1780000,0x00000000f316af20,0x00000000f4d00000)
  to   space 57344K, 0% used [0x00000000edd00000,0x00000000edd00000,0x00000000f1500000)
 ParOldGen       total 206848K, used 84034K [0x00000000a0000000, 0x00000000aca00000, 0x00000000e0000000)
  object space 206848K, 40% used [0x00000000a0000000,0x00000000a52109a0,0x00000000aca00000)
 Metaspace       used 67131K, capacity 69278K, committed 69464K, reserved 1110016K
  class space    used 8564K, capacity 8979K, committed 9088K, reserved 1048576K
Event: 232.491 GC heap after
Heap after GC invocations=30 (full 3):
 PSYoungGen      total 283648K, used 35765K [0x00000000e0000000, 0x00000000f6c80000, 0x0000000100000000)
  eden space 226304K, 0% used [0x00000000e0000000,0x00000000e0000000,0x00000000edd00000)
  from space 57344K, 62% used [0x00000000edd00000,0x00000000effed7b8,0x00000000f1500000)
  to   space 57344K, 0% used [0x00000000f3480000,0x00000000f3480000,0x00000000f6c80000)
 ParOldGen       total 206848K, used 84042K [0x00000000a0000000, 0x00000000aca00000, 0x00000000e0000000)
  object space 206848K, 40% used [0x00000000a0000000,0x00000000a52129a0,0x00000000aca00000)
 Metaspace       used 67131K, capacity 69278K, committed 69464K, reserved 1110016K
  class space    used 8564K, capacity 8979K, committed 9088K, reserved 1048576K
}
Event: 235.260 GC heap before
{Heap before GC invocations=31 (full 3):
 PSYoungGen      total 283648K, used 262069K [0x00000000e0000000, 0x00000000f6c80000, 0x0000000100000000)
  eden space 226304K, 100% used [0x00000000e0000000,0x00000000edd00000,0x00000000edd00000)
  from space 57344K, 62% used [0x00000000edd00000,0x00000000effed7b8,0x00000000f1500000)
  to   space 57344K, 0% used [0x00000000f3480000,0x00000000f3480000,0x00000000f6c80000)
 ParOldGen       total 206848K, used 84042K [0x00000000a0000000, 0x00000000aca00000, 0x00000000e0000000)
  object space 206848K, 40% used [0x00000000a0000000,0x00000000a52129a0,0x00000000aca00000)
 Metaspace       used 67488K, capacity 69626K, committed 69976K, reserved 1110016K
  class space    used 8567K, capacity 8983K, committed 9088K, reserved 1048576K
Event: 235.311 GC heap after
Heap after GC invocations=31 (full 3):
 PSYoungGen      total 308224K, used 57342K [0x00000000e0000000, 0x00000000f7b80000, 0x0000000100000000)
  eden space 250880K, 0% used [0x00000000e0000000,0x00000000e0000000,0x00000000ef500000)
  from space 57344K, 99% used [0x00000000f3480000,0x00000000f6c7fba8,0x00000000f6c80000)
  to   space 65024K, 0% used [0x00000000ef500000,0x00000000ef500000,0x00000000f3480000)
 ParOldGen       total 206848K, used 84050K [0x00000000a0000000, 0x00000000aca00000, 0x00000000e0000000)
  object space 206848K, 40% used [0x00000000a0000000,0x00000000a52149a0,0x00000000aca00000)
 Metaspace       used 67488K, capacity 69626K, committed 69976K, reserved 1110016K
  class space    used 8567K, capacity 8983K, committed 9088K, reserved 1048576K
}

