# JRE version: OpenJDK Runtime Environment (8.0_112-b06) (build 1.8.0_112-release-b06)
# Java VM: OpenJDK 64-Bit Server VM (25.112-b06 mixed mode linux-amd64 compressed oops)
Heap:
 PSYoungGen      total 153600K, used 109422K [0x00000000e0000000, 0x00000000ec800000, 0x0000000100000000)
  eden space 136704K, 67% used [0x00000000e0000000,0x00000000e5a60438,0x00000000e8580000)
  from space 16896K, 99% used [0x00000000e9c00000,0x00000000eac7b7b0,0x00000000eac80000)
  to   space 23040K, 0% used [0x00000000e8580000,0x00000000e8580000,0x00000000e9c00000)
 ParOldGen       total 105984K, used 35469K [0x00000000a0000000, 0x00000000a6780000, 0x00000000e0000000)
  object space 105984K, 33% used [0x00000000a0000000,0x00000000a22a3638,0x00000000a6780000)
 Metaspace       used 55811K, capacity 58202K, committed 58368K, reserved 1099776K
  class space    used 7598K, capacity 8094K, committed 8192K, reserved 1048576K
GC Heap History (10 events):
Event: 5.996 GC heap before
{Heap before GC invocations=8 (full 1):
 PSYoungGen      total 101888K, used 83496K [0x00000000e0000000, 0x00000000e6d80000, 0x0000000100000000)
  eden space 91648K, 83% used [0x00000000e0000000,0x00000000e4abdda8,0x00000000e5980000)
  from space 10240K, 67% used [0x00000000e6380000,0x00000000e6a4c638,0x00000000e6d80000)
  to   space 10240K, 0% used [0x00000000e5980000,0x00000000e5980000,0x00000000e6380000)
 ParOldGen       total 62976K, used 11362K [0x00000000a0000000, 0x00000000a3d80000, 0x00000000e0000000)
  object space 62976K, 18% used [0x00000000a0000000,0x00000000a0b18840,0x00000000a3d80000)
 Metaspace       used 34661K, capacity 35376K, committed 35496K, reserved 1079296K
  class space    used 4673K, capacity 4853K, committed 4864K, reserved 1048576K
Event: 6.023 GC heap after
Heap after GC invocations=8 (full 1):
 PSYoungGen      total 101888K, used 10236K [0x00000000e0000000, 0x00000000e9c80000, 0x0000000100000000)
  eden space 91648K, 0% used [0x00000000e0000000,0x00000000e0000000,0x00000000e5980000)
  from space 10240K, 99% used [0x00000000e5980000,0x00000000e637f348,0x00000000e6380000)
  to   space 12288K, 0% used [0x00000000e9080000,0x00000000e9080000,0x00000000e9c80000)
 ParOldGen       total 62976K, used 13224K [0x00000000a0000000, 0x00000000a3d80000, 0x00000000e0000000)
  object space 62976K, 20% used [0x00000000a0000000,0x00000000a0cea3a0,0x00000000a3d80000)
 Metaspace       used 34661K, capacity 35376K, committed 35496K, reserved 1079296K
  class space    used 4673K, capacity 4853K, committed 4864K, reserved 1048576K
}
Event: 6.023 GC heap before
{Heap before GC invocations=9 (full 2):
 PSYoungGen      total 101888K, used 10236K [0x00000000e0000000, 0x00000000e9c80000, 0x0000000100000000)
  eden space 91648K, 0% used [0x00000000e0000000,0x00000000e0000000,0x00000000e5980000)
  from space 10240K, 99% used [0x00000000e5980000,0x00000000e637f348,0x00000000e6380000)
  to   space 12288K, 0% used [0x00000000e9080000,0x00000000e9080000,0x00000000e9c80000)
 ParOldGen       total 62976K, used 13224K [0x00000000a0000000, 0x00000000a3d80000, 0x00000000e0000000)
  object space 62976K, 20% used [0x00000000a0000000,0x00000000a0cea3a0,0x00000000a3d80000)
 Metaspace       used 34661K, capacity 35376K, committed 35496K, reserved 1079296K
  class space    used 4673K, capacity 4853K, committed 4864K, reserved 1048576K
Event: 6.161 GC heap after
Heap after GC invocations=9 (full 2):
 PSYoungGen      total 101888K, used 0K [0x00000000e0000000, 0x00000000e9c80000, 0x0000000100000000)
  eden space 91648K, 0% used [0x00000000e0000000,0x00000000e0000000,0x00000000e5980000)
  from space 10240K, 0% used [0x00000000e5980000,0x00000000e5980000,0x00000000e6380000)
  to   space 12288K, 0% used [0x00000000e9080000,0x00000000e9080000,0x00000000e9c80000)
 ParOldGen       total 105984K, used 18239K [0x00000000a0000000, 0x00000000a6780000, 0x00000000e0000000)
  object space 105984K, 17% used [0x00000000a0000000,0x00000000a11cfda8,0x00000000a6780000)
 Metaspace       used 34661K, capacity 35376K, committed 35496K, reserved 1079296K
  class space    used 4673K, capacity 4853K, committed 4864K, reserved 1048576K
}
Event: 7.414 GC heap before
{Heap before GC invocations=10 (full 2):
 PSYoungGen      total 101888K, used 91648K [0x00000000e0000000, 0x00000000e9c80000, 0x0000000100000000)
  eden space 91648K, 100% used [0x00000000e0000000,0x00000000e5980000,0x00000000e5980000)
  from space 10240K, 0% used [0x00000000e5980000,0x00000000e5980000,0x00000000e6380000)
  to   space 12288K, 0% used [0x00000000e9080000,0x00000000e9080000,0x00000000e9c80000)
 ParOldGen       total 105984K, used 18239K [0x00000000a0000000, 0x00000000a6780000, 0x00000000e0000000)
  object space 105984K, 17% used [0x00000000a0000000,0x00000000a11cfda8,0x00000000a6780000)
 Metaspace       used 42471K, capacity 43380K, committed 43648K, reserved 1087488K
  class space    used 5738K, capacity 5982K, committed 6016K, reserved 1048576K
Event: 7.425 GC heap after
Heap after GC invocations=10 (full 2):
 PSYoungGen      total 130560K, used 10149K [0x00000000e0000000, 0x00000000e9a80000, 0x0000000100000000)
  eden space 120320K, 0% used [0x00000000e0000000,0x00000000e0000000,0x00000000e7580000)
  from space 10240K, 99% used [0x00000000e9080000,0x00000000e9a69530,0x00000000e9a80000)
  to   space 12800K, 0% used [0x00000000e8180000,0x00000000e8180000,0x00000000e8e00000)
 ParOldGen       total 105984K, used 18247K [0x00000000a0000000, 0x00000000a6780000, 0x00000000e0000000)
  object space 105984K, 17% used [0x00000000a0000000,0x00000000a11d1da8,0x00000000a6780000)
 Metaspace       used 42471K, capacity 43380K, committed 43648K, reserved 1087488K
  class space    used 5738K, capacity 5982K, committed 6016K, reserved 1048576K
}
Event: 9.007 GC heap before
{Heap before GC invocations=11 (full 2):
 PSYoungGen      total 130560K, used 130469K [0x00000000e0000000, 0x00000000e9a80000, 0x0000000100000000)
  eden space 120320K, 100% used [0x00000000e0000000,0x00000000e7580000,0x00000000e7580000)
  from space 10240K, 99% used [0x00000000e9080000,0x00000000e9a69530,0x00000000e9a80000)
  to   space 12800K, 0% used [0x00000000e8180000,0x00000000e8180000,0x00000000e8e00000)
 ParOldGen       total 105984K, used 18247K [0x00000000a0000000, 0x00000000a6780000, 0x00000000e0000000)
  object space 105984K, 17% used [0x00000000a0000000,0x00000000a11d1da8,0x00000000a6780000)
 Metaspace       used 48291K, capacity 49868K, committed 50048K, reserved 1091584K
  class space    used 6613K, capacity 6991K, committed 7040K, reserved 1048576K
Event: 9.029 GC heap after
Heap after GC invocations=11 (full 2):
 PSYoungGen      total 145408K, used 12787K [0x00000000e0000000, 0x00000000eac80000, 0x0000000100000000)
  eden space 132608K, 0% used [0x00000000e0000000,0x00000000e0000000,0x00000000e8180000)
  from space 12800K, 99% used [0x00000000e8180000,0x00000000e8dfcc90,0x00000000e8e00000)
  to   space 16896K, 0% used [0x00000000e9c00000,0x00000000e9c00000,0x00000000eac80000)
 ParOldGen       total 105984K, used 23932K [0x00000000a0000000, 0x00000000a6780000, 0x00000000e0000000)
  object space 105984K, 22% used [0x00000000a0000000,0x00000000a175f2a0,0x00000000a6780000)
 Metaspace       used 48291K, capacity 49868K, committed 50048K, reserved 1091584K
  class space    used 6613K, capacity 6991K, committed 7040K, reserved 1048576K
}
Event: 11.430 GC heap before
{Heap before GC invocations=12 (full 2):
 PSYoungGen      total 145408K, used 145395K [0x00000000e0000000, 0x00000000eac80000, 0x0000000100000000)
  eden space 132608K, 100% used [0x00000000e0000000,0x00000000e8180000,0x00000000e8180000)
  from space 12800K, 99% used [0x00000000e8180000,0x00000000e8dfcc90,0x00000000e8e00000)
  to   space 16896K, 0% used [0x00000000e9c00000,0x00000000e9c00000,0x00000000eac80000)
 ParOldGen       total 105984K, used 23932K [0x00000000a0000000, 0x00000000a6780000, 0x00000000e0000000)
  object space 105984K, 22% used [0x00000000a0000000,0x00000000a175f2a0,0x00000000a6780000)
 Metaspace       used 53010K, capacity 55270K, committed 55424K, reserved 1097728K
  class space    used 7273K, capacity 7763K, committed 7808K, reserved 1048576K
Event: 11.478 GC heap after
Heap after GC invocations=12 (full 2):
 PSYoungGen      total 153600K, used 16877K [0x00000000e0000000, 0x00000000ec800000, 0x0000000100000000)
  eden space 136704K, 0% used [0x00000000e0000000,0x00000000e0000000,0x00000000e8580000)
  from space 16896K, 99% used [0x00000000e9c00000,0x00000000eac7b7b0,0x00000000eac80000)
  to   space 23040K, 0% used [0x00000000e8580000,0x00000000e8580000,0x00000000e9c00000)
 ParOldGen       total 105984K, used 35469K [0x00000000a0000000, 0x00000000a6780000, 0x00000000e0000000)
  object space 105984K, 33% used [0x00000000a0000000,0x00000000a22a3638,0x00000000a6780000)
 Metaspace       used 53010K, capacity 55270K, committed 55424K, reserved 1097728K
  class space    used 7273K, capacity 7763K, committed 7808K, reserved 1048576K
}

