# JRE version: Java(TM) SE Runtime Environment (8.0_121-b13) (build 1.8.0_121-b13)
# Java VM: Java HotSpot(TM) 64-Bit Server VM (25.121-b13 mixed mode linux-amd64 compressed oops)
Heap:
 PSYoungGen      total 35840K, used 23098K [0x00000000e0000000, 0x00000000e2f80000, 0x0000000100000000)
  eden space 30208K, 58% used [0x00000000e0000000,0x00000000e112ac80,0x00000000e1d80000)
  from space 5632K, 98% used [0x00000000e1e00000,0x00000000e2363ee8,0x00000000e2380000)
  to   space 9216K, 0% used [0x00000000e2680000,0x00000000e2680000,0x00000000e2f80000)
 ParOldGen       total 44032K, used 8242K [0x00000000a0000000, 0x00000000a2b00000, 0x00000000e0000000)
  object space 44032K, 18% used [0x00000000a0000000,0x00000000a080ca78,0x00000000a2b00000)
 Metaspace       used 28906K, capacity 29438K, committed 29568K, reserved 1075200K
  class space    used 4036K, capacity 4188K, committed 4224K, reserved 1048576K
GC Heap History (10 events):
Event: 28.207 GC heap before
{Heap before GC invocations=4 (full 0):
 PSYoungGen      total 36864K, used 28175K [0x00000000e0000000, 0x00000000e2900000, 0x0000000100000000)
  eden space 31744K, 72% used [0x00000000e0000000,0x00000000e168a598,0x00000000e1f00000)
  from space 5120K, 99% used [0x00000000e1f00000,0x00000000e23f9a50,0x00000000e2400000)
  to   space 5120K, 0% used [0x00000000e2400000,0x00000000e2400000,0x00000000e2900000)
 ParOldGen       total 84992K, used 3176K [0x00000000a0000000, 0x00000000a5300000, 0x00000000e0000000)
  object space 84992K, 3% used [0x00000000a0000000,0x00000000a031a310,0x00000000a5300000)
 Metaspace       used 20796K, capacity 21148K, committed 21296K, reserved 1067008K
  class space    used 2808K, capacity 2929K, committed 2944K, reserved 1048576K
Event: 28.219 GC heap after
Heap after GC invocations=4 (full 0):
 PSYoungGen      total 36864K, used 5104K [0x00000000e0000000, 0x00000000e2900000, 0x0000000100000000)
  eden space 31744K, 0% used [0x00000000e0000000,0x00000000e0000000,0x00000000e1f00000)
  from space 5120K, 99% used [0x00000000e2400000,0x00000000e28fc020,0x00000000e2900000)
  to   space 5120K, 0% used [0x00000000e1f00000,0x00000000e1f00000,0x00000000e2400000)
 ParOldGen       total 84992K, used 6395K [0x00000000a0000000, 0x00000000a5300000, 0x00000000e0000000)
  object space 84992K, 7% used [0x00000000a0000000,0x00000000a063ee90,0x00000000a5300000)
 Metaspace       used 20796K, capacity 21148K, committed 21296K, reserved 1067008K
  class space    used 2808K, capacity 2929K, committed 2944K, reserved 1048576K
}
Event: 28.219 GC heap before
{Heap before GC invocations=5 (full 1):
 PSYoungGen      total 36864K, used 5104K [0x00000000e0000000, 0x00000000e2900000, 0x0000000100000000)
  eden space 31744K, 0% used [0x00000000e0000000,0x00000000e0000000,0x00000000e1f00000)
  from space 5120K, 99% used [0x00000000e2400000,0x00000000e28fc020,0x00000000e2900000)
  to   space 5120K, 0% used [0x00000000e1f00000,0x00000000e1f00000,0x00000000e2400000)
 ParOldGen       total 84992K, used 6395K [0x00000000a0000000, 0x00000000a5300000, 0x00000000e0000000)
  object space 84992K, 7% used [0x00000000a0000000,0x00000000a063ee90,0x00000000a5300000)
 Metaspace       used 20796K, capacity 21148K, committed 21296K, reserved 1067008K
  class space    used 2808K, capacity 2929K, committed 2944K, reserved 1048576K
Event: 28.269 GC heap after
Heap after GC invocations=5 (full 1):
 PSYoungGen      total 36864K, used 0K [0x00000000e0000000, 0x00000000e2900000, 0x0000000100000000)
  eden space 31744K, 0% used [0x00000000e0000000,0x00000000e0000000,0x00000000e1f00000)
  from space 5120K, 0% used [0x00000000e2400000,0x00000000e2400000,0x00000000e2900000)
  to   space 5120K, 0% used [0x00000000e1f00000,0x00000000e1f00000,0x00000000e2400000)
 ParOldGen       total 44032K, used 8154K [0x00000000a0000000, 0x00000000a2b00000, 0x00000000e0000000)
  object space 44032K, 18% used [0x00000000a0000000,0x00000000a07f6a68,0x00000000a2b00000)
 Metaspace       used 20796K, capacity 21148K, committed 21296K, reserved 1067008K
  class space    used 2808K, capacity 2929K, committed 2944K, reserved 1048576K
}
Event: 30.068 GC heap before
{Heap before GC invocations=6 (full 1):
 PSYoungGen      total 36864K, used 31744K [0x00000000e0000000, 0x00000000e2900000, 0x0000000100000000)
  eden space 31744K, 100% used [0x00000000e0000000,0x00000000e1f00000,0x00000000e1f00000)
  from space 5120K, 0% used [0x00000000e2400000,0x00000000e2400000,0x00000000e2900000)
  to   space 5120K, 0% used [0x00000000e1f00000,0x00000000e1f00000,0x00000000e2400000)
 ParOldGen       total 44032K, used 8154K [0x00000000a0000000, 0x00000000a2b00000, 0x00000000e0000000)
  object space 44032K, 18% used [0x00000000a0000000,0x00000000a07f6a68,0x00000000a2b00000)
 Metaspace       used 23514K, capacity 23908K, committed 24192K, reserved 1071104K
  class space    used 3267K, capacity 3369K, committed 3456K, reserved 1048576K
Event: 30.073 GC heap after
Heap after GC invocations=6 (full 1):
 PSYoungGen      total 36352K, used 4570K [0x00000000e0000000, 0x00000000e3180000, 0x0000000100000000)
  eden space 31232K, 0% used [0x00000000e0000000,0x00000000e0000000,0x00000000e1e80000)
  from space 5120K, 89% used [0x00000000e1f00000,0x00000000e2376870,0x00000000e2400000)
  to   space 9728K, 0% used [0x00000000e2800000,0x00000000e2800000,0x00000000e3180000)
 ParOldGen       total 44032K, used 8162K [0x00000000a0000000, 0x00000000a2b00000, 0x00000000e0000000)
  object space 44032K, 18% used [0x00000000a0000000,0x00000000a07f8a68,0x00000000a2b00000)
 Metaspace       used 23514K, capacity 23908K, committed 24192K, reserved 1071104K
  class space    used 3267K, capacity 3369K, committed 3456K, reserved 1048576K
}
Event: 31.146 GC heap before
{Heap before GC invocations=7 (full 1):
 PSYoungGen      total 36352K, used 35802K [0x00000000e0000000, 0x00000000e3180000, 0x0000000100000000)
  eden space 31232K, 100% used [0x00000000e0000000,0x00000000e1e80000,0x00000000e1e80000)
  from space 5120K, 89% used [0x00000000e1f00000,0x00000000e2376870,0x00000000e2400000)
  to   space 9728K, 0% used [0x00000000e2800000,0x00000000e2800000,0x00000000e3180000)
 ParOldGen       total 44032K, used 8162K [0x00000000a0000000, 0x00000000a2b00000, 0x00000000e0000000)
  object space 44032K, 18% used [0x00000000a0000000,0x00000000a07f8a68,0x00000000a2b00000)
 Metaspace       used 25684K, capacity 26138K, committed 26368K, reserved 1071104K
  class space    used 3644K, capacity 3768K, committed 3840K, reserved 1048576K
Event: 31.154 GC heap after
Heap after GC invocations=7 (full 1):
 PSYoungGen      total 39936K, used 5100K [0x00000000e0000000, 0x00000000e3100000, 0x0000000100000000)
  eden space 30720K, 0% used [0x00000000e0000000,0x00000000e0000000,0x00000000e1e00000)
  from space 9216K, 55% used [0x00000000e2800000,0x00000000e2cfb190,0x00000000e3100000)
  to   space 9728K, 0% used [0x00000000e1e00000,0x00000000e1e00000,0x00000000e2780000)
 ParOldGen       total 44032K, used 8170K [0x00000000a0000000, 0x00000000a2b00000, 0x00000000e0000000)
  object space 44032K, 18% used [0x00000000a0000000,0x00000000a07faa68,0x00000000a2b00000)
 Metaspace       used 25684K, capacity 26138K, committed 26368K, reserved 1071104K
  class space    used 3644K, capacity 3768K, committed 3840K, reserved 1048576K
}
Event: 33.592 GC heap before
{Heap before GC invocations=8 (full 1):
 PSYoungGen      total 39936K, used 35820K [0x00000000e0000000, 0x00000000e3100000, 0x0000000100000000)
  eden space 30720K, 100% used [0x00000000e0000000,0x00000000e1e00000,0x00000000e1e00000)
  from space 9216K, 55% used [0x00000000e2800000,0x00000000e2cfb190,0x00000000e3100000)
  to   space 9728K, 0% used [0x00000000e1e00000,0x00000000e1e00000,0x00000000e2780000)
 ParOldGen       total 44032K, used 8170K [0x00000000a0000000, 0x00000000a2b00000, 0x00000000e0000000)
  object space 44032K, 18% used [0x00000000a0000000,0x00000000a07faa68,0x00000000a2b00000)
 Metaspace       used 28753K, capacity 29310K, committed 29568K, reserved 1075200K
  class space    used 4032K, capacity 4188K, committed 4224K, reserved 1048576K
Event: 33.602 GC heap after
Heap after GC invocations=8 (full 1):
 PSYoungGen      total 35840K, used 5519K [0x00000000e0000000, 0x00000000e2f80000, 0x0000000100000000)
  eden space 30208K, 0% used [0x00000000e0000000,0x00000000e0000000,0x00000000e1d80000)
  from space 5632K, 98% used [0x00000000e1e00000,0x00000000e2363ee8,0x00000000e2380000)
  to   space 9216K, 0% used [0x00000000e2680000,0x00000000e2680000,0x00000000e2f80000)
 ParOldGen       total 44032K, used 8242K [0x00000000a0000000, 0x00000000a2b00000, 0x00000000e0000000)
  object space 44032K, 18% used [0x00000000a0000000,0x00000000a080ca78,0x00000000a2b00000)
 Metaspace       used 28753K, capacity 29310K, committed 29568K, reserved 1075200K
  class space    used 4032K, capacity 4188K, committed 4224K, reserved 1048576K
}

