# JRE version: Java(TM) SE Runtime Environment (8.0_121-b13) (build 1.8.0_121-b13)
# Java VM: Java HotSpot(TM) 64-Bit Server VM (25.121-b13 mixed mode linux-amd64 compressed oops)
Heap:
 PSYoungGen      total 120832K, used 105027K [0x00000000e0000000, 0x00000000ead80000, 0x0000000100000000)
  eden space 119808K, 87% used [0x00000000e0000000,0x00000000e6690e08,0x00000000e7500000)
  from space 1024K, 0% used [0x00000000e8100000,0x00000000e8100000,0x00000000e8200000)
  to   space 12288K, 0% used [0x00000000e7500000,0x00000000e7500000,0x00000000e8100000)
 ParOldGen       total 107520K, used 16330K [0x00000000a0000000, 0x00000000a6900000, 0x00000000e0000000)
  object space 107520K, 15% used [0x00000000a0000000,0x00000000a0ff2b88,0x00000000a6900000)
 Metaspace       used 39086K, capacity 39932K, committed 40152K, reserved 1083392K
  class space    used 5378K, capacity 5593K, committed 5632K, reserved 1048576K
GC Heap History (10 events):
Event: 2.792 GC heap before
{Heap before GC invocations=4 (full 1):
 PSYoungGen      total 68608K, used 5099K [0x00000000e0000000, 0x00000000e8600000, 0x0000000100000000)
  eden space 63488K, 0% used [0x00000000e0000000,0x00000000e0000000,0x00000000e3e00000)
  from space 5120K, 99% used [0x00000000e3e00000,0x00000000e42fafd0,0x00000000e4300000)
  to   space 5120K, 0% used [0x00000000e8100000,0x00000000e8100000,0x00000000e8600000)
 ParOldGen       total 84992K, used 8286K [0x00000000a0000000, 0x00000000a5300000, 0x00000000e0000000)
  object space 84992K, 9% used [0x00000000a0000000,0x00000000a0817a70,0x00000000a5300000)
 Metaspace       used 20770K, capacity 21126K, committed 21248K, reserved 1067008K
  class space    used 2829K, capacity 2976K, committed 3072K, reserved 1048576K
Event: 2.873 GC heap after
Heap after GC invocations=4 (full 1):
 PSYoungGen      total 68608K, used 0K [0x00000000e0000000, 0x00000000e8600000, 0x0000000100000000)
  eden space 63488K, 0% used [0x00000000e0000000,0x00000000e0000000,0x00000000e3e00000)
  from space 5120K, 0% used [0x00000000e3e00000,0x00000000e3e00000,0x00000000e4300000)
  to   space 5120K, 0% used [0x00000000e8100000,0x00000000e8100000,0x00000000e8600000)
 ParOldGen       total 73216K, used 12311K [0x00000000a0000000, 0x00000000a4780000, 0x00000000e0000000)
  object space 73216K, 16% used [0x00000000a0000000,0x00000000a0c05c80,0x00000000a4780000)
 Metaspace       used 20770K, capacity 21126K, committed 21248K, reserved 1067008K
  class space    used 2829K, capacity 2976K, committed 3072K, reserved 1048576K
}
Event: 4.601 GC heap before
{Heap before GC invocations=5 (full 1):
 PSYoungGen      total 68608K, used 63488K [0x00000000e0000000, 0x00000000e8600000, 0x0000000100000000)
  eden space 63488K, 100% used [0x00000000e0000000,0x00000000e3e00000,0x00000000e3e00000)
  from space 5120K, 0% used [0x00000000e3e00000,0x00000000e3e00000,0x00000000e4300000)
  to   space 5120K, 0% used [0x00000000e8100000,0x00000000e8100000,0x00000000e8600000)
 ParOldGen       total 73216K, used 12311K [0x00000000a0000000, 0x00000000a4780000, 0x00000000e0000000)
  object space 73216K, 16% used [0x00000000a0000000,0x00000000a0c05c80,0x00000000a4780000)
 Metaspace       used 26170K, capacity 26608K, committed 27008K, reserved 1073152K
  class space    used 3715K, capacity 3851K, committed 3968K, reserved 1048576K
Event: 4.619 GC heap after
Heap after GC invocations=5 (full 1):
 PSYoungGen      total 89088K, used 5099K [0x00000000e0000000, 0x00000000e8600000, 0x0000000100000000)
  eden space 83968K, 0% used [0x00000000e0000000,0x00000000e0000000,0x00000000e5200000)
  from space 5120K, 99% used [0x00000000e8100000,0x00000000e85fae98,0x00000000e8600000)
  to   space 5120K, 0% used [0x00000000e7c00000,0x00000000e7c00000,0x00000000e8100000)
 ParOldGen       total 73216K, used 15063K [0x00000000a0000000, 0x00000000a4780000, 0x00000000e0000000)
  object space 73216K, 20% used [0x00000000a0000000,0x00000000a0eb5f20,0x00000000a4780000)
 Metaspace       used 26170K, capacity 26608K, committed 27008K, reserved 1073152K
  class space    used 3715K, capacity 3851K, committed 3968K, reserved 1048576K
}
Event: 7.241 GC heap before
{Heap before GC invocations=6 (full 1):
 PSYoungGen      total 89088K, used 89067K [0x00000000e0000000, 0x00000000e8600000, 0x0000000100000000)
  eden space 83968K, 100% used [0x00000000e0000000,0x00000000e5200000,0x00000000e5200000)
  from space 5120K, 99% used [0x00000000e8100000,0x00000000e85fae98,0x00000000e8600000)
  to   space 5120K, 0% used [0x00000000e7c00000,0x00000000e7c00000,0x00000000e8100000)
 ParOldGen       total 73216K, used 15063K [0x00000000a0000000, 0x00000000a4780000, 0x00000000e0000000)
  object space 73216K, 20% used [0x00000000a0000000,0x00000000a0eb5f20,0x00000000a4780000)
 Metaspace       used 30386K, capacity 31128K, committed 31360K, reserved 1077248K
  class space    used 4261K, capacity 4458K, committed 4480K, reserved 1048576K
Event: 7.257 GC heap after
Heap after GC invocations=6 (full 1):
 PSYoungGen      total 113664K, used 5104K [0x00000000e0000000, 0x00000000e8200000, 0x0000000100000000)
  eden space 108544K, 0% used [0x00000000e0000000,0x00000000e0000000,0x00000000e6a00000)
  from space 5120K, 99% used [0x00000000e7c00000,0x00000000e80fc020,0x00000000e8100000)
  to   space 1024K, 0% used [0x00000000e8100000,0x00000000e8100000,0x00000000e8200000)
 ParOldGen       total 73216K, used 18608K [0x00000000a0000000, 0x00000000a4780000, 0x00000000e0000000)
  object space 73216K, 25% used [0x00000000a0000000,0x00000000a122c030,0x00000000a4780000)
 Metaspace       used 30386K, capacity 31128K, committed 31360K, reserved 1077248K
  class space    used 4261K, capacity 4458K, committed 4480K, reserved 1048576K
}
Event: 7.765 GC heap before
{Heap before GC invocations=7 (full 1):
 PSYoungGen      total 113664K, used 31753K [0x00000000e0000000, 0x00000000e8200000, 0x0000000100000000)
  eden space 108544K, 24% used [0x00000000e0000000,0x00000000e1a06680,0x00000000e6a00000)
  from space 5120K, 99% used [0x00000000e7c00000,0x00000000e80fc020,0x00000000e8100000)
  to   space 1024K, 0% used [0x00000000e8100000,0x00000000e8100000,0x00000000e8200000)
 ParOldGen       total 73216K, used 18608K [0x00000000a0000000, 0x00000000a4780000, 0x00000000e0000000)
  object space 73216K, 25% used [0x00000000a0000000,0x00000000a122c030,0x00000000a4780000)
 Metaspace       used 34563K, capacity 35320K, committed 35416K, reserved 1079296K
  class space    used 4783K, capacity 4987K, committed 4992K, reserved 1048576K
Event: 7.789 GC heap after
Heap after GC invocations=7 (full 1):
 PSYoungGen      total 120832K, used 1024K [0x00000000e0000000, 0x00000000ead80000, 0x0000000100000000)
  eden space 119808K, 0% used [0x00000000e0000000,0x00000000e0000000,0x00000000e7500000)
  from space 1024K, 100% used [0x00000000e8100000,0x00000000e8200000,0x00000000e8200000)
  to   space 12288K, 0% used [0x00000000e7500000,0x00000000e7500000,0x00000000e8100000)
 ParOldGen       total 73216K, used 26388K [0x00000000a0000000, 0x00000000a4780000, 0x00000000e0000000)
  object space 73216K, 36% used [0x00000000a0000000,0x00000000a19c51e0,0x00000000a4780000)
 Metaspace       used 34563K, capacity 35320K, committed 35416K, reserved 1079296K
  class space    used 4783K, capacity 4987K, committed 4992K, reserved 1048576K
}
Event: 7.789 GC heap before
{Heap before GC invocations=8 (full 2):
 PSYoungGen      total 120832K, used 1024K [0x00000000e0000000, 0x00000000ead80000, 0x0000000100000000)
  eden space 119808K, 0% used [0x00000000e0000000,0x00000000e0000000,0x00000000e7500000)
  from space 1024K, 100% used [0x00000000e8100000,0x00000000e8200000,0x00000000e8200000)
  to   space 12288K, 0% used [0x00000000e7500000,0x00000000e7500000,0x00000000e8100000)
 ParOldGen       total 73216K, used 26388K [0x00000000a0000000, 0x00000000a4780000, 0x00000000e0000000)
  object space 73216K, 36% used [0x00000000a0000000,0x00000000a19c51e0,0x00000000a4780000)
 Metaspace       used 34563K, capacity 35320K, committed 35416K, reserved 1079296K
  class space    used 4783K, capacity 4987K, committed 4992K, reserved 1048576K
Event: 7.901 GC heap after
Heap after GC invocations=8 (full 2):
 PSYoungGen      total 120832K, used 0K [0x00000000e0000000, 0x00000000ead80000, 0x0000000100000000)
  eden space 119808K, 0% used [0x00000000e0000000,0x00000000e0000000,0x00000000e7500000)
  from space 1024K, 0% used [0x00000000e8100000,0x00000000e8100000,0x00000000e8200000)
  to   space 12288K, 0% used [0x00000000e7500000,0x00000000e7500000,0x00000000e8100000)
 ParOldGen       total 107520K, used 16330K [0x00000000a0000000, 0x00000000a6900000, 0x00000000e0000000)
  object space 107520K, 15% used [0x00000000a0000000,0x00000000a0ff2b88,0x00000000a6900000)
 Metaspace       used 34563K, capacity 35320K, committed 35416K, reserved 1079296K
  class space    used 4783K, capacity 4987K, committed 4992K, reserved 1048576K
}

