# JRE version: Java(TM) SE Runtime Environment (8.0_121-b13) (build 1.8.0_121-b13)
# Java VM: Java HotSpot(TM) 64-Bit Server VM (25.121-b13 mixed mode linux-amd64 compressed oops)
Heap:
 PSYoungGen      total 88576K, used 18654K [0x00000000e0000000, 0x00000000e7480000, 0x0000000100000000)
  eden space 78848K, 23% used [0x00000000e0000000,0x00000000e12379f8,0x00000000e4d00000)
  from space 9728K, 0% used [0x00000000e4d00000,0x00000000e4d00000,0x00000000e5680000)
  to   space 11776K, 0% used [0x00000000e6900000,0x00000000e6900000,0x00000000e7480000)
 ParOldGen       total 113664K, used 17440K [0x00000000a0000000, 0x00000000a6f00000, 0x00000000e0000000)
  object space 113664K, 15% used [0x00000000a0000000,0x00000000a1108068,0x00000000a6f00000)
 Metaspace       used 36550K, capacity 37168K, committed 37504K, reserved 1081344K
  class space    used 4977K, capacity 5156K, committed 5248K, reserved 1048576K
GC Heap History (10 events):
Event: 2.136 GC heap before
{Heap before GC invocations=5 (full 1):
 PSYoungGen      total 68608K, used 5088K [0x00000000e0000000, 0x00000000e4800000, 0x0000000100000000)
  eden space 63488K, 0% used [0x00000000e0000000,0x00000000e0000000,0x00000000e3e00000)
  from space 5120K, 99% used [0x00000000e4300000,0x00000000e47f8010,0x00000000e4800000)
  to   space 5120K, 0% used [0x00000000e3e00000,0x00000000e3e00000,0x00000000e4300000)
 ParOldGen       total 84992K, used 6783K [0x00000000a0000000, 0x00000000a5300000, 0x00000000e0000000)
  object space 84992K, 7% used [0x00000000a0000000,0x00000000a069fd60,0x00000000a5300000)
 Metaspace       used 20824K, capacity 21182K, committed 21296K, reserved 1067008K
  class space    used 2811K, capacity 2934K, committed 2944K, reserved 1048576K
Event: 2.254 GC heap after
Heap after GC invocations=5 (full 1):
 PSYoungGen      total 68608K, used 0K [0x00000000e0000000, 0x00000000e4800000, 0x0000000100000000)
  eden space 63488K, 0% used [0x00000000e0000000,0x00000000e0000000,0x00000000e3e00000)
  from space 5120K, 0% used [0x00000000e4300000,0x00000000e4300000,0x00000000e4800000)
  to   space 5120K, 0% used [0x00000000e3e00000,0x00000000e3e00000,0x00000000e4300000)
 ParOldGen       total 67072K, used 8481K [0x00000000a0000000, 0x00000000a4180000, 0x00000000e0000000)
  object space 67072K, 12% used [0x00000000a0000000,0x00000000a0848530,0x00000000a4180000)
 Metaspace       used 20824K, capacity 21182K, committed 21296K, reserved 1067008K
  class space    used 2811K, capacity 2934K, committed 2944K, reserved 1048576K
}
Event: 3.447 GC heap before
{Heap before GC invocations=6 (full 1):
 PSYoungGen      total 68608K, used 63488K [0x00000000e0000000, 0x00000000e4800000, 0x0000000100000000)
  eden space 63488K, 100% used [0x00000000e0000000,0x00000000e3e00000,0x00000000e3e00000)
  from space 5120K, 0% used [0x00000000e4300000,0x00000000e4300000,0x00000000e4800000)
  to   space 5120K, 0% used [0x00000000e3e00000,0x00000000e3e00000,0x00000000e4300000)
 ParOldGen       total 67072K, used 8481K [0x00000000a0000000, 0x00000000a4180000, 0x00000000e0000000)
  object space 67072K, 12% used [0x00000000a0000000,0x00000000a0848530,0x00000000a4180000)
 Metaspace       used 25706K, capacity 26046K, committed 26368K, reserved 1071104K
  class space    used 3647K, capacity 3736K, committed 3840K, reserved 1048576K
Event: 3.460 GC heap after
Heap after GC invocations=6 (full 1):
 PSYoungGen      total 68608K, used 5094K [0x00000000e0000000, 0x00000000e6400000, 0x0000000100000000)
  eden space 63488K, 0% used [0x00000000e0000000,0x00000000e0000000,0x00000000e3e00000)
  from space 5120K, 99% used [0x00000000e3e00000,0x00000000e42f98b0,0x00000000e4300000)
  to   space 10240K, 0% used [0x00000000e5a00000,0x00000000e5a00000,0x00000000e6400000)
 ParOldGen       total 67072K, used 10880K [0x00000000a0000000, 0x00000000a4180000, 0x00000000e0000000)
  object space 67072K, 16% used [0x00000000a0000000,0x00000000a0aa01e8,0x00000000a4180000)
 Metaspace       used 25706K, capacity 26046K, committed 26368K, reserved 1071104K
  class space    used 3647K, capacity 3736K, committed 3840K, reserved 1048576K
}
Event: 6.864 GC heap before
{Heap before GC invocations=7 (full 1):
 PSYoungGen      total 68608K, used 68582K [0x00000000e0000000, 0x00000000e6400000, 0x0000000100000000)
  eden space 63488K, 100% used [0x00000000e0000000,0x00000000e3e00000,0x00000000e3e00000)
  from space 5120K, 99% used [0x00000000e3e00000,0x00000000e42f98b0,0x00000000e4300000)
  to   space 10240K, 0% used [0x00000000e5a00000,0x00000000e5a00000,0x00000000e6400000)
 ParOldGen       total 67072K, used 10880K [0x00000000a0000000, 0x00000000a4180000, 0x00000000e0000000)
  object space 67072K, 16% used [0x00000000a0000000,0x00000000a0aa01e8,0x00000000a4180000)
 Metaspace       used 29153K, capacity 29666K, committed 29824K, reserved 1075200K
  class space    used 4064K, capacity 4220K, committed 4224K, reserved 1048576K
Event: 6.873 GC heap after
Heap after GC invocations=7 (full 1):
 PSYoungGen      total 84992K, used 5717K [0x00000000e0000000, 0x00000000e6000000, 0x0000000100000000)
  eden space 78848K, 0% used [0x00000000e0000000,0x00000000e0000000,0x00000000e4d00000)
  from space 6144K, 93% used [0x00000000e5a00000,0x00000000e5f956c8,0x00000000e6000000)
  to   space 9728K, 0% used [0x00000000e4d00000,0x00000000e4d00000,0x00000000e5680000)
 ParOldGen       total 67072K, used 10952K [0x00000000a0000000, 0x00000000a4180000, 0x00000000e0000000)
  object space 67072K, 16% used [0x00000000a0000000,0x00000000a0ab21f8,0x00000000a4180000)
 Metaspace       used 29153K, capacity 29666K, committed 29824K, reserved 1075200K
  class space    used 4064K, capacity 4220K, committed 4224K, reserved 1048576K
}
Event: 9.927 GC heap before
{Heap before GC invocations=8 (full 1):
 PSYoungGen      total 84992K, used 77863K [0x00000000e0000000, 0x00000000e6000000, 0x0000000100000000)
  eden space 78848K, 91% used [0x00000000e0000000,0x00000000e46748f0,0x00000000e4d00000)
  from space 6144K, 93% used [0x00000000e5a00000,0x00000000e5f956c8,0x00000000e6000000)
  to   space 9728K, 0% used [0x00000000e4d00000,0x00000000e4d00000,0x00000000e5680000)
 ParOldGen       total 67072K, used 10952K [0x00000000a0000000, 0x00000000a4180000, 0x00000000e0000000)
  object space 67072K, 16% used [0x00000000a0000000,0x00000000a0ab21f8,0x00000000a4180000)
 Metaspace       used 34601K, capacity 35230K, committed 35456K, reserved 1079296K
  class space    used 4739K, capacity 4885K, committed 4992K, reserved 1048576K
Event: 9.950 GC heap after
Heap after GC invocations=8 (full 1):
 PSYoungGen      total 88576K, used 9707K [0x00000000e0000000, 0x00000000e7480000, 0x0000000100000000)
  eden space 78848K, 0% used [0x00000000e0000000,0x00000000e0000000,0x00000000e4d00000)
  from space 9728K, 99% used [0x00000000e4d00000,0x00000000e567acd0,0x00000000e5680000)
  to   space 11776K, 0% used [0x00000000e6900000,0x00000000e6900000,0x00000000e7480000)
 ParOldGen       total 67072K, used 12214K [0x00000000a0000000, 0x00000000a4180000, 0x00000000e0000000)
  object space 67072K, 18% used [0x00000000a0000000,0x00000000a0beda00,0x00000000a4180000)
 Metaspace       used 34601K, capacity 35230K, committed 35456K, reserved 1079296K
  class space    used 4739K, capacity 4885K, committed 4992K, reserved 1048576K
}
Event: 9.950 GC heap before
{Heap before GC invocations=9 (full 2):
 PSYoungGen      total 88576K, used 9707K [0x00000000e0000000, 0x00000000e7480000, 0x0000000100000000)
  eden space 78848K, 0% used [0x00000000e0000000,0x00000000e0000000,0x00000000e4d00000)
  from space 9728K, 99% used [0x00000000e4d00000,0x00000000e567acd0,0x00000000e5680000)
  to   space 11776K, 0% used [0x00000000e6900000,0x00000000e6900000,0x00000000e7480000)
 ParOldGen       total 67072K, used 12214K [0x00000000a0000000, 0x00000000a4180000, 0x00000000e0000000)
  object space 67072K, 18% used [0x00000000a0000000,0x00000000a0beda00,0x00000000a4180000)
 Metaspace       used 34601K, capacity 35230K, committed 35456K, reserved 1079296K
  class space    used 4739K, capacity 4885K, committed 4992K, reserved 1048576K
Event: 10.078 GC heap after
Heap after GC invocations=9 (full 2):
 PSYoungGen      total 88576K, used 0K [0x00000000e0000000, 0x00000000e7480000, 0x0000000100000000)
  eden space 78848K, 0% used [0x00000000e0000000,0x00000000e0000000,0x00000000e4d00000)
  from space 9728K, 0% used [0x00000000e4d00000,0x00000000e4d00000,0x00000000e5680000)
  to   space 11776K, 0% used [0x00000000e6900000,0x00000000e6900000,0x00000000e7480000)
 ParOldGen       total 113664K, used 17440K [0x00000000a0000000, 0x00000000a6f00000, 0x00000000e0000000)
  object space 113664K, 15% used [0x00000000a0000000,0x00000000a1108068,0x00000000a6f00000)
 Metaspace       used 34601K, capacity 35230K, committed 35456K, reserved 1079296K
  class space    used 4739K, capacity 4885K, committed 4992K, reserved 1048576K
}

