# JRE version: Java(TM) SE Runtime Environment (8.0_121-b13) (build 1.8.0_121-b13)
# Java VM: Java HotSpot(TM) 64-Bit Server VM (25.121-b13 mixed mode linux-amd64 compressed oops)
Heap:
 PSYoungGen      total 188928K, used 23008K [0x00000000e0000000, 0x00000000edb00000, 0x0000000100000000)
  eden space 165888K, 0% used [0x00000000e0000000,0x00000000e0000000,0x00000000ea200000)
  from space 23040K, 99% used [0x00000000ebc80000,0x00000000ed2f8040,0x00000000ed300000)
  to   space 27136K, 0% used [0x00000000ea200000,0x00000000ea200000,0x00000000ebc80000)
 ParOldGen       total 88576K, used 36186K [0x00000000a0000000, 0x00000000a5680000, 0x00000000e0000000)
  object space 88576K, 40% used [0x00000000a0000000,0x00000000a2356be0,0x00000000a5680000)
 Metaspace       used 56491K, capacity 58852K, committed 59028K, reserved 1099776K
  class space    used 7837K, capacity 8355K, committed 8448K, reserved 1048576K
GC Heap History (10 events):
Event: 15.013 GC heap after
Heap after GC invocations=12 (full 2):
 PSYoungGen      total 100864K, used 7515K [0x00000000e0000000, 0x00000000e7100000, 0x0000000100000000)
  eden space 93184K, 0% used [0x00000000e0000000,0x00000000e0000000,0x00000000e5b00000)
  from space 7680K, 97% used [0x00000000e6980000,0x00000000e70d6cc0,0x00000000e7100000)
  to   space 11264K, 0% used [0x00000000e5b00000,0x00000000e5b00000,0x00000000e6600000)
 ParOldGen       total 88576K, used 15598K [0x00000000a0000000, 0x00000000a5680000, 0x00000000e0000000)
  object space 88576K, 17% used [0x00000000a0000000,0x00000000a0f3bb18,0x00000000a5680000)
 Metaspace       used 37905K, capacity 38768K, committed 39000K, reserved 1083392K
  class space    used 5209K, capacity 5436K, committed 5504K, reserved 1048576K
}
Event: 17.448 GC heap before
{Heap before GC invocations=13 (full 2):
 PSYoungGen      total 100864K, used 100699K [0x00000000e0000000, 0x00000000e7100000, 0x0000000100000000)
  eden space 93184K, 100% used [0x00000000e0000000,0x00000000e5b00000,0x00000000e5b00000)
  from space 7680K, 97% used [0x00000000e6980000,0x00000000e70d6cc0,0x00000000e7100000)
  to   space 11264K, 0% used [0x00000000e5b00000,0x00000000e5b00000,0x00000000e6600000)
 ParOldGen       total 88576K, used 15598K [0x00000000a0000000, 0x00000000a5680000, 0x00000000e0000000)
  object space 88576K, 17% used [0x00000000a0000000,0x00000000a0f3bb18,0x00000000a5680000)
 Metaspace       used 44677K, capacity 45684K, committed 45784K, reserved 1089536K
  class space    used 6138K, capacity 6400K, committed 6400K, reserved 1048576K
Event: 17.463 GC heap after
Heap after GC invocations=13 (full 2):
 PSYoungGen      total 104448K, used 11247K [0x00000000e0000000, 0x00000000e9480000, 0x0000000100000000)
  eden space 93184K, 0% used [0x00000000e0000000,0x00000000e0000000,0x00000000e5b00000)
  from space 11264K, 99% used [0x00000000e5b00000,0x00000000e65fbd78,0x00000000e6600000)
  to   space 12800K, 0% used [0x00000000e8800000,0x00000000e8800000,0x00000000e9480000)
 ParOldGen       total 88576K, used 16565K [0x00000000a0000000, 0x00000000a5680000, 0x00000000e0000000)
  object space 88576K, 18% used [0x00000000a0000000,0x00000000a102d4b0,0x00000000a5680000)
 Metaspace       used 44677K, capacity 45684K, committed 45784K, reserved 1089536K
  class space    used 6138K, capacity 6400K, committed 6400K, reserved 1048576K
}
Event: 19.429 GC heap before
{Heap before GC invocations=14 (full 2):
 PSYoungGen      total 104448K, used 104431K [0x00000000e0000000, 0x00000000e9480000, 0x0000000100000000)
  eden space 93184K, 100% used [0x00000000e0000000,0x00000000e5b00000,0x00000000e5b00000)
  from space 11264K, 99% used [0x00000000e5b00000,0x00000000e65fbd78,0x00000000e6600000)
  to   space 12800K, 0% used [0x00000000e8800000,0x00000000e8800000,0x00000000e9480000)
 ParOldGen       total 88576K, used 16565K [0x00000000a0000000, 0x00000000a5680000, 0x00000000e0000000)
  object space 88576K, 18% used [0x00000000a0000000,0x00000000a102d4b0,0x00000000a5680000)
 Metaspace       used 49425K, capacity 50936K, committed 51032K, reserved 1093632K
  class space    used 6911K, capacity 7257K, committed 7296K, reserved 1048576K
Event: 19.458 GC heap after
Heap after GC invocations=14 (full 2):
 PSYoungGen      total 135680K, used 12771K [0x00000000e0000000, 0x00000000e9b80000, 0x0000000100000000)
  eden space 122880K, 0% used [0x00000000e0000000,0x00000000e0000000,0x00000000e7800000)
  from space 12800K, 99% used [0x00000000e8800000,0x00000000e9478c80,0x00000000e9480000)
  to   space 16384K, 0% used [0x00000000e7800000,0x00000000e7800000,0x00000000e8800000)
 ParOldGen       total 88576K, used 22024K [0x00000000a0000000, 0x00000000a5680000, 0x00000000e0000000)
  object space 88576K, 24% used [0x00000000a0000000,0x00000000a1582048,0x00000000a5680000)
 Metaspace       used 49425K, capacity 50936K, committed 51032K, reserved 1093632K
  class space    used 6911K, capacity 7257K, committed 7296K, reserved 1048576K
}
Event: 22.420 GC heap before
{Heap before GC invocations=15 (full 2):
 PSYoungGen      total 135680K, used 135651K [0x00000000e0000000, 0x00000000e9b80000, 0x0000000100000000)
  eden space 122880K, 100% used [0x00000000e0000000,0x00000000e7800000,0x00000000e7800000)
  from space 12800K, 99% used [0x00000000e8800000,0x00000000e9478c80,0x00000000e9480000)
  to   space 16384K, 0% used [0x00000000e7800000,0x00000000e7800000,0x00000000e8800000)
 ParOldGen       total 88576K, used 22024K [0x00000000a0000000, 0x00000000a5680000, 0x00000000e0000000)
  object space 88576K, 24% used [0x00000000a0000000,0x00000000a1582048,0x00000000a5680000)
 Metaspace       used 53543K, capacity 55826K, committed 56152K, reserved 1097728K
  class space    used 7477K, capacity 7968K, committed 8064K, reserved 1048576K
Event: 22.493 GC heap after
Heap after GC invocations=15 (full 2):
 PSYoungGen      total 139264K, used 16368K [0x00000000e0000000, 0x00000000ed300000, 0x0000000100000000)
  eden space 122880K, 0% used [0x00000000e0000000,0x00000000e0000000,0x00000000e7800000)
  from space 16384K, 99% used [0x00000000e7800000,0x00000000e87fc050,0x00000000e8800000)
  to   space 23040K, 0% used [0x00000000ebc80000,0x00000000ebc80000,0x00000000ed300000)
 ParOldGen       total 88576K, used 33576K [0x00000000a0000000, 0x00000000a5680000, 0x00000000e0000000)
  object space 88576K, 37% used [0x00000000a0000000,0x00000000a20ca238,0x00000000a5680000)
 Metaspace       used 53543K, capacity 55826K, committed 56152K, reserved 1097728K
  class space    used 7477K, capacity 7968K, committed 8064K, reserved 1048576K
}
Event: 25.185 GC heap before
{Heap before GC invocations=16 (full 2):
 PSYoungGen      total 139264K, used 104326K [0x00000000e0000000, 0x00000000ed300000, 0x0000000100000000)
  eden space 122880K, 71% used [0x00000000e0000000,0x00000000e55e5a80,0x00000000e7800000)
  from space 16384K, 99% used [0x00000000e7800000,0x00000000e87fc050,0x00000000e8800000)
  to   space 23040K, 0% used [0x00000000ebc80000,0x00000000ebc80000,0x00000000ed300000)
 ParOldGen       total 88576K, used 33576K [0x00000000a0000000, 0x00000000a5680000, 0x00000000e0000000)
  object space 88576K, 37% used [0x00000000a0000000,0x00000000a20ca238,0x00000000a5680000)
 Metaspace       used 56491K, capacity 58852K, committed 59028K, reserved 1099776K
  class space    used 7837K, capacity 8355K, committed 8448K, reserved 1048576K
Event: 25.231 GC heap after
Heap after GC invocations=16 (full 2):
 PSYoungGen      total 188928K, used 23008K [0x00000000e0000000, 0x00000000edb00000, 0x0000000100000000)
  eden space 165888K, 0% used [0x00000000e0000000,0x00000000e0000000,0x00000000ea200000)
  from space 23040K, 99% used [0x00000000ebc80000,0x00000000ed2f8040,0x00000000ed300000)
  to   space 27136K, 0% used [0x00000000ea200000,0x00000000ea200000,0x00000000ebc80000)
 ParOldGen       total 88576K, used 36186K [0x00000000a0000000, 0x00000000a5680000, 0x00000000e0000000)
  object space 88576K, 40% used [0x00000000a0000000,0x00000000a2356be0,0x00000000a5680000)
 Metaspace       used 56491K, capacity 58852K, committed 59028K, reserved 1099776K
  class space    used 7837K, capacity 8355K, committed 8448K, reserved 1048576K
}
Event: 25.231 GC heap before
{Heap before GC invocations=17 (full 3):
 PSYoungGen      total 188928K, used 23008K [0x00000000e0000000, 0x00000000edb00000, 0x0000000100000000)
  eden space 165888K, 0% used [0x00000000e0000000,0x00000000e0000000,0x00000000ea200000)
  from space 23040K, 99% used [0x00000000ebc80000,0x00000000ed2f8040,0x00000000ed300000)
  to   space 27136K, 0% used [0x00000000ea200000,0x00000000ea200000,0x00000000ebc80000)
 ParOldGen       total 88576K, used 36186K [0x00000000a0000000, 0x00000000a5680000, 0x00000000e0000000)
  object space 88576K, 40% used [0x00000000a0000000,0x00000000a2356be0,0x00000000a5680000)
 Metaspace       used 56491K, capacity 58852K, committed 59028K, reserved 1099776K
  class space    used 7837K, capacity 8355K, committed 8448K, reserved 1048576K

