# JRE version: Java(TM) SE Runtime Environment (8.0_121-b13) (build 1.8.0_121-b13)
# Java VM: Java HotSpot(TM) 64-Bit Server VM (25.121-b13 mixed mode linux-amd64 compressed oops)
Heap:
 PSYoungGen      total 171520K, used 165730K [0x00000000e0000000, 0x00000000ebe80000, 0x0000000100000000)
  eden space 158208K, 96% used [0x00000000e0000000,0x00000000e94d8898,0x00000000e9a80000)
  from space 13312K, 100% used [0x00000000eab80000,0x00000000eb880000,0x00000000eb880000)
  to   space 17408K, 0% used [0x00000000e9a80000,0x00000000e9a80000,0x00000000eab80000)
 ParOldGen       total 111616K, used 23631K [0x00000000a0000000, 0x00000000a6d00000, 0x00000000e0000000)
  object space 111616K, 21% used [0x00000000a0000000,0x00000000a1713dc0,0x00000000a6d00000)
 Metaspace       used 53417K, capacity 55734K, committed 55896K, reserved 1097728K
  class space    used 7484K, capacity 7968K, committed 8064K, reserved 1048576K
GC Heap History (10 events):
Event: 5.069 GC heap before
{Heap before GC invocations=6 (full 1):
 PSYoungGen      total 89088K, used 89075K [0x00000000e0000000, 0x00000000e8600000, 0x0000000100000000)
  eden space 83968K, 100% used [0x00000000e0000000,0x00000000e5200000,0x00000000e5200000)
  from space 5120K, 99% used [0x00000000e8100000,0x00000000e85fcca0,0x00000000e8600000)
  to   space 5120K, 0% used [0x00000000e7c00000,0x00000000e7c00000,0x00000000e8100000)
 ParOldGen       total 73728K, used 15063K [0x00000000a0000000, 0x00000000a4800000, 0x00000000e0000000)
  object space 73728K, 20% used [0x00000000a0000000,0x00000000a0eb5d18,0x00000000a4800000)
 Metaspace       used 30216K, capacity 30974K, committed 31104K, reserved 1075200K
  class space    used 4232K, capacity 4432K, committed 4480K, reserved 1048576K
Event: 5.084 GC heap after
Heap after GC invocations=6 (full 1):
 PSYoungGen      total 114688K, used 5101K [0x00000000e0000000, 0x00000000e8300000, 0x0000000100000000)
  eden space 109568K, 0% used [0x00000000e0000000,0x00000000e0000000,0x00000000e6b00000)
  from space 5120K, 99% used [0x00000000e7c00000,0x00000000e80fb448,0x00000000e8100000)
  to   space 2048K, 0% used [0x00000000e8100000,0x00000000e8100000,0x00000000e8300000)
 ParOldGen       total 73728K, used 18379K [0x00000000a0000000, 0x00000000a4800000, 0x00000000e0000000)
  object space 73728K, 24% used [0x00000000a0000000,0x00000000a11f2e18,0x00000000a4800000)
 Metaspace       used 30216K, capacity 30974K, committed 31104K, reserved 1075200K
  class space    used 4232K, capacity 4432K, committed 4480K, reserved 1048576K
}
Event: 5.522 GC heap before
{Heap before GC invocations=7 (full 1):
 PSYoungGen      total 114688K, used 40834K [0x00000000e0000000, 0x00000000e8300000, 0x0000000100000000)
  eden space 109568K, 32% used [0x00000000e0000000,0x00000000e22e55d8,0x00000000e6b00000)
  from space 5120K, 99% used [0x00000000e7c00000,0x00000000e80fb448,0x00000000e8100000)
  to   space 2048K, 0% used [0x00000000e8100000,0x00000000e8100000,0x00000000e8300000)
 ParOldGen       total 73728K, used 18379K [0x00000000a0000000, 0x00000000a4800000, 0x00000000e0000000)
  object space 73728K, 24% used [0x00000000a0000000,0x00000000a11f2e18,0x00000000a4800000)
 Metaspace       used 34626K, capacity 35382K, committed 35416K, reserved 1079296K
  class space    used 4782K, capacity 4988K, committed 4992K, reserved 1048576K
Event: 5.540 GC heap after
Heap after GC invocations=7 (full 1):
 PSYoungGen      total 121856K, used 2048K [0x00000000e0000000, 0x00000000eae80000, 0x0000000100000000)
  eden space 119808K, 0% used [0x00000000e0000000,0x00000000e0000000,0x00000000e7500000)
  from space 2048K, 100% used [0x00000000e8100000,0x00000000e8300000,0x00000000e8300000)
  to   space 12288K, 0% used [0x00000000e7500000,0x00000000e7500000,0x00000000e8100000)
 ParOldGen       total 73728K, used 25682K [0x00000000a0000000, 0x00000000a4800000, 0x00000000e0000000)
  object space 73728K, 34% used [0x00000000a0000000,0x00000000a1914b80,0x00000000a4800000)
 Metaspace       used 34626K, capacity 35382K, committed 35416K, reserved 1079296K
  class space    used 4782K, capacity 4988K, committed 4992K, reserved 1048576K
}
Event: 5.540 GC heap before
{Heap before GC invocations=8 (full 2):
 PSYoungGen      total 121856K, used 2048K [0x00000000e0000000, 0x00000000eae80000, 0x0000000100000000)
  eden space 119808K, 0% used [0x00000000e0000000,0x00000000e0000000,0x00000000e7500000)
  from space 2048K, 100% used [0x00000000e8100000,0x00000000e8300000,0x00000000e8300000)
  to   space 12288K, 0% used [0x00000000e7500000,0x00000000e7500000,0x00000000e8100000)
 ParOldGen       total 73728K, used 25682K [0x00000000a0000000, 0x00000000a4800000, 0x00000000e0000000)
  object space 73728K, 34% used [0x00000000a0000000,0x00000000a1914b80,0x00000000a4800000)
 Metaspace       used 34626K, capacity 35382K, committed 35416K, reserved 1079296K
  class space    used 4782K, capacity 4988K, committed 4992K, reserved 1048576K
Event: 5.643 GC heap after
Heap after GC invocations=8 (full 2):
 PSYoungGen      total 121856K, used 0K [0x00000000e0000000, 0x00000000eae80000, 0x0000000100000000)
  eden space 119808K, 0% used [0x00000000e0000000,0x00000000e0000000,0x00000000e7500000)
  from space 2048K, 0% used [0x00000000e8100000,0x00000000e8100000,0x00000000e8300000)
  to   space 12288K, 0% used [0x00000000e7500000,0x00000000e7500000,0x00000000e8100000)
 ParOldGen       total 111616K, used 17407K [0x00000000a0000000, 0x00000000a6d00000, 0x00000000e0000000)
  object space 111616K, 15% used [0x00000000a0000000,0x00000000a10ffed8,0x00000000a6d00000)
 Metaspace       used 34626K, capacity 35382K, committed 35416K, reserved 1079296K
  class space    used 4782K, capacity 4988K, committed 4992K, reserved 1048576K
}
Event: 7.213 GC heap before
{Heap before GC invocations=9 (full 2):
 PSYoungGen      total 121856K, used 119808K [0x00000000e0000000, 0x00000000eae80000, 0x0000000100000000)
  eden space 119808K, 100% used [0x00000000e0000000,0x00000000e7500000,0x00000000e7500000)
  from space 2048K, 0% used [0x00000000e8100000,0x00000000e8100000,0x00000000e8300000)
  to   space 12288K, 0% used [0x00000000e7500000,0x00000000e7500000,0x00000000e8100000)
 ParOldGen       total 111616K, used 17407K [0x00000000a0000000, 0x00000000a6d00000, 0x00000000e0000000)
  object space 111616K, 15% used [0x00000000a0000000,0x00000000a10ffed8,0x00000000a6d00000)
 Metaspace       used 42932K, capacity 43932K, committed 44120K, reserved 1087488K
  class space    used 5923K, capacity 6192K, committed 6272K, reserved 1048576K
Event: 7.227 GC heap after
Heap after GC invocations=9 (full 2):
 PSYoungGen      total 132096K, used 11182K [0x00000000e0000000, 0x00000000eb880000, 0x0000000100000000)
  eden space 119808K, 0% used [0x00000000e0000000,0x00000000e0000000,0x00000000e7500000)
  from space 12288K, 91% used [0x00000000e7500000,0x00000000e7feb908,0x00000000e8100000)
  to   space 13312K, 0% used [0x00000000eab80000,0x00000000eab80000,0x00000000eb880000)
 ParOldGen       total 111616K, used 17415K [0x00000000a0000000, 0x00000000a6d00000, 0x00000000e0000000)
  object space 111616K, 15% used [0x00000000a0000000,0x00000000a1101ed8,0x00000000a6d00000)
 Metaspace       used 42932K, capacity 43932K, committed 44120K, reserved 1087488K
  class space    used 5923K, capacity 6192K, committed 6272K, reserved 1048576K
}
Event: 9.568 GC heap before
{Heap before GC invocations=10 (full 2):
 PSYoungGen      total 132096K, used 130990K [0x00000000e0000000, 0x00000000eb880000, 0x0000000100000000)
  eden space 119808K, 100% used [0x00000000e0000000,0x00000000e7500000,0x00000000e7500000)
  from space 12288K, 91% used [0x00000000e7500000,0x00000000e7feb908,0x00000000e8100000)
  to   space 13312K, 0% used [0x00000000eab80000,0x00000000eab80000,0x00000000eb880000)
 ParOldGen       total 111616K, used 17415K [0x00000000a0000000, 0x00000000a6d00000, 0x00000000e0000000)
  object space 111616K, 15% used [0x00000000a0000000,0x00000000a1101ed8,0x00000000a6d00000)
 Metaspace       used 48513K, capacity 50122K, committed 50264K, reserved 1091584K
  class space    used 6788K, capacity 7190K, committed 7296K, reserved 1048576K
Event: 9.594 GC heap after
Heap after GC invocations=10 (full 2):
 PSYoungGen      total 171520K, used 13312K [0x00000000e0000000, 0x00000000ebe80000, 0x0000000100000000)
  eden space 158208K, 0% used [0x00000000e0000000,0x00000000e0000000,0x00000000e9a80000)
  from space 13312K, 100% used [0x00000000eab80000,0x00000000eb880000,0x00000000eb880000)
  to   space 17408K, 0% used [0x00000000e9a80000,0x00000000e9a80000,0x00000000eab80000)
 ParOldGen       total 111616K, used 23631K [0x00000000a0000000, 0x00000000a6d00000, 0x00000000e0000000)
  object space 111616K, 21% used [0x00000000a0000000,0x00000000a1713dc0,0x00000000a6d00000)
 Metaspace       used 48513K, capacity 50122K, committed 50264K, reserved 1091584K
  class space    used 6788K, capacity 7190K, committed 7296K, reserved 1048576K
}

