# JRE version: Java(TM) SE Runtime Environment (8.0_121-b13) (build 1.8.0_121-b13)
# Java VM: Java HotSpot(TM) 64-Bit Server VM (25.121-b13 mixed mode linux-amd64 compressed oops)
Heap:
 PSYoungGen      total 163840K, used 163549K [0x00000000e0000000, 0x00000000eb500000, 0x0000000100000000)
  eden space 158208K, 100% used [0x00000000e0000000,0x00000000e9a80000,0x00000000e9a80000)
  from space 5632K, 94% used [0x00000000ea500000,0x00000000eaa375e8,0x00000000eaa80000)
  to   space 10240K, 50% used [0x00000000eab00000,0x00000000eb014030,0x00000000eb500000)
 ParOldGen       total 1048576K, used 56499K [0x00000000a0000000, 0x00000000e0000000, 0x00000000e0000000)
  object space 1048576K, 5% used [0x00000000a0000000,0x00000000a372cec0,0x00000000e0000000)
 Metaspace       used 65046K, capacity 67664K, committed 67928K, reserved 1107968K
  class space    used 8542K, capacity 8986K, committed 9048K, reserved 1048576K
GC Heap History (10 events):
Event: 1040.188 GC heap after
Heap after GC invocations=24 (full 3):
 PSYoungGen      total 153088K, used 7137K [0x00000000e0000000, 0x00000000ec480000, 0x0000000100000000)
  eden space 141824K, 0% used [0x00000000e0000000,0x00000000e0000000,0x00000000e8a80000)
  from space 11264K, 63% used [0x00000000e8a80000,0x00000000e91787c8,0x00000000e9580000)
  to   space 11776K, 0% used [0x00000000eb900000,0x00000000eb900000,0x00000000ec480000)
 ParOldGen       total 92160K, used 42270K [0x00000000a0000000, 0x00000000a5a00000, 0x00000000e0000000)
  object space 92160K, 45% used [0x00000000a0000000,0x00000000a2947b10,0x00000000a5a00000)
 Metaspace       used 59444K, capacity 61344K, committed 61656K, reserved 1101824K
  class space    used 7914K, capacity 8288K, committed 8408K, reserved 1048576K
}
Event: 1042.173 GC heap before
{Heap before GC invocations=25 (full 3):
 PSYoungGen      total 153088K, used 148961K [0x00000000e0000000, 0x00000000ec480000, 0x0000000100000000)
  eden space 141824K, 100% used [0x00000000e0000000,0x00000000e8a80000,0x00000000e8a80000)
  from space 11264K, 63% used [0x00000000e8a80000,0x00000000e91787c8,0x00000000e9580000)
  to   space 11776K, 0% used [0x00000000eb900000,0x00000000eb900000,0x00000000ec480000)
 ParOldGen       total 92160K, used 42270K [0x00000000a0000000, 0x00000000a5a00000, 0x00000000e0000000)
  object space 92160K, 45% used [0x00000000a0000000,0x00000000a2947b10,0x00000000a5a00000)
 Metaspace       used 60480K, capacity 62612K, committed 62808K, reserved 1103872K
  class space    used 8054K, capacity 8484K, committed 8536K, reserved 1048576K
Event: 1042.192 GC heap after
Heap after GC invocations=25 (full 3):
 PSYoungGen      total 188416K, used 2509K [0x00000000e0000000, 0x00000000ec380000, 0x0000000100000000)
  eden space 177664K, 0% used [0x00000000e0000000,0x00000000e0000000,0x00000000ead80000)
  from space 10752K, 23% used [0x00000000eb900000,0x00000000ebb73468,0x00000000ec380000)
  to   space 11264K, 0% used [0x00000000ead80000,0x00000000ead80000,0x00000000eb880000)
 ParOldGen       total 92160K, used 46398K [0x00000000a0000000, 0x00000000a5a00000, 0x00000000e0000000)
  object space 92160K, 50% used [0x00000000a0000000,0x00000000a2d4fa70,0x00000000a5a00000)
 Metaspace       used 60480K, capacity 62612K, committed 62808K, reserved 1103872K
  class space    used 8054K, capacity 8484K, committed 8536K, reserved 1048576K
}
Event: 1094.309 GC heap before
{Heap before GC invocations=26 (full 3):
 PSYoungGen      total 188416K, used 180173K [0x00000000e0000000, 0x00000000ec380000, 0x0000000100000000)
  eden space 177664K, 100% used [0x00000000e0000000,0x00000000ead80000,0x00000000ead80000)
  from space 10752K, 23% used [0x00000000eb900000,0x00000000ebb73468,0x00000000ec380000)
  to   space 11264K, 0% used [0x00000000ead80000,0x00000000ead80000,0x00000000eb880000)
 ParOldGen       total 92160K, used 46398K [0x00000000a0000000, 0x00000000a5a00000, 0x00000000e0000000)
  object space 92160K, 50% used [0x00000000a0000000,0x00000000a2d4fa70,0x00000000a5a00000)
 Metaspace       used 61977K, capacity 64236K, committed 64472K, reserved 1105920K
  class space    used 8237K, capacity 8644K, committed 8664K, reserved 1048576K
Event: 1094.330 GC heap after
Heap after GC invocations=26 (full 3):
 PSYoungGen      total 178176K, used 6679K [0x00000000e0000000, 0x00000000ebd00000, 0x0000000100000000)
  eden space 171008K, 0% used [0x00000000e0000000,0x00000000e0000000,0x00000000ea700000)
  from space 7168K, 93% used [0x00000000ead80000,0x00000000eb405cf8,0x00000000eb480000)
  to   space 8704K, 0% used [0x00000000eb480000,0x00000000eb480000,0x00000000ebd00000)
 ParOldGen       total 92160K, used 48170K [0x00000000a0000000, 0x00000000a5a00000, 0x00000000e0000000)
  object space 92160K, 52% used [0x00000000a0000000,0x00000000a2f0aa80,0x00000000a5a00000)
 Metaspace       used 61977K, capacity 64236K, committed 64472K, reserved 1105920K
  class space    used 8237K, capacity 8644K, committed 8664K, reserved 1048576K
}
Event: 1096.388 GC heap before
{Heap before GC invocations=27 (full 3):
 PSYoungGen      total 178176K, used 177687K [0x00000000e0000000, 0x00000000ebd00000, 0x0000000100000000)
  eden space 171008K, 100% used [0x00000000e0000000,0x00000000ea700000,0x00000000ea700000)
  from space 7168K, 93% used [0x00000000ead80000,0x00000000eb405cf8,0x00000000eb480000)
  to   space 8704K, 0% used [0x00000000eb480000,0x00000000eb480000,0x00000000ebd00000)
 ParOldGen       total 92160K, used 48170K [0x00000000a0000000, 0x00000000a5a00000, 0x00000000e0000000)
  object space 92160K, 52% used [0x00000000a0000000,0x00000000a2f0aa80,0x00000000a5a00000)
 Metaspace       used 64327K, capacity 66640K, committed 66776K, reserved 1107968K
  class space    used 8494K, capacity 8920K, committed 8920K, reserved 1048576K
Event: 1096.408 GC heap after
Heap after GC invocations=27 (full 3):
 PSYoungGen      total 169984K, used 5138K [0x00000000e0000000, 0x00000000eba00000, 0x0000000100000000)
  eden space 164352K, 0% used [0x00000000e0000000,0x00000000e0000000,0x00000000ea080000)
  from space 5632K, 91% used [0x00000000eb480000,0x00000000eb984a20,0x00000000eba00000)
  to   space 10752K, 0% used [0x00000000ea500000,0x00000000ea500000,0x00000000eaf80000)
 ParOldGen       total 92160K, used 53370K [0x00000000a0000000, 0x00000000a5a00000, 0x00000000e0000000)
  object space 92160K, 57% used [0x00000000a0000000,0x00000000a341ea20,0x00000000a5a00000)
 Metaspace       used 64327K, capacity 66640K, committed 66776K, reserved 1107968K
  class space    used 8494K, capacity 8920K, committed 8920K, reserved 1048576K
}
Event: 1746.425 GC heap before
{Heap before GC invocations=28 (full 3):
 PSYoungGen      total 169984K, used 169490K [0x00000000e0000000, 0x00000000eba00000, 0x0000000100000000)
  eden space 164352K, 100% used [0x00000000e0000000,0x00000000ea080000,0x00000000ea080000)
  from space 5632K, 91% used [0x00000000eb480000,0x00000000eb984a20,0x00000000eba00000)
  to   space 10752K, 0% used [0x00000000ea500000,0x00000000ea500000,0x00000000eaf80000)
 ParOldGen       total 92160K, used 53370K [0x00000000a0000000, 0x00000000a5a00000, 0x00000000e0000000)
  object space 92160K, 57% used [0x00000000a0000000,0x00000000a341ea20,0x00000000a5a00000)
 Metaspace       used 64640K, capacity 66994K, committed 67160K, reserved 1107968K
  class space    used 8514K, capacity 8949K, committed 9048K, reserved 1048576K
Event: 1746.461 GC heap after
Heap after GC invocations=28 (full 3):
 PSYoungGen      total 163840K, used 5341K [0x00000000e0000000, 0x00000000eb500000, 0x0000000100000000)
  eden space 158208K, 0% used [0x00000000e0000000,0x00000000e0000000,0x00000000e9a80000)
  from space 5632K, 94% used [0x00000000ea500000,0x00000000eaa375e8,0x00000000eaa80000)
  to   space 10240K, 0% used [0x00000000eab00000,0x00000000eab00000,0x00000000eb500000)
 ParOldGen       total 92160K, used 56211K [0x00000000a0000000, 0x00000000a5a00000, 0x00000000e0000000)
  object space 92160K, 60% used [0x00000000a0000000,0x00000000a36e4e70,0x00000000a5a00000)
 Metaspace       used 64640K, capacity 66994K, committed 67160K, reserved 1107968K
  class space    used 8514K, capacity 8949K, committed 9048K, reserved 1048576K
}
Event: 1773.236 GC heap before
{Heap before GC invocations=29 (full 3):
 PSYoungGen      total 163840K, used 163549K [0x00000000e0000000, 0x00000000eb500000, 0x0000000100000000)
  eden space 158208K, 100% used [0x00000000e0000000,0x00000000e9a80000,0x00000000e9a80000)
  from space 5632K, 94% used [0x00000000ea500000,0x00000000eaa375e8,0x00000000eaa80000)
  to   space 10240K, 0% used [0x00000000eab00000,0x00000000eab00000,0x00000000eb500000)
 ParOldGen       total 92160K, used 56211K [0x00000000a0000000, 0x00000000a5a00000, 0x00000000e0000000)
  object space 92160K, 60% used [0x00000000a0000000,0x00000000a36e4e70,0x00000000a5a00000)
 Metaspace       used 65046K, capacity 67664K, committed 67928K, reserved 1107968K
  class space    used 8542K, capacity 8986K, committed 9048K, reserved 1048576K

