# JRE version: Java(TM) SE Runtime Environment (8.0_121-b13) (build 1.8.0_121-b13)
# Java VM: Java HotSpot(TM) 64-Bit Server VM (25.121-b13 mixed mode linux-amd64 compressed oops)
Heap:
 PSYoungGen      total 285184K, used 260755K [0x00000000e0000000, 0x00000000f7e00000, 0x0000000100000000)
  eden space 231936K, 89% used [0x00000000e0000000,0x00000000ecaa77f8,0x00000000ee280000)
  from space 53248K, 99% used [0x00000000ee280000,0x00000000f167d5e0,0x00000000f1680000)
  to   space 66048K, 0% used [0x00000000f3d80000,0x00000000f3d80000,0x00000000f7e00000)
 ParOldGen       total 188416K, used 97437K [0x00000000a0000000, 0x00000000ab800000, 0x00000000e0000000)
  object space 188416K, 51% used [0x00000000a0000000,0x00000000a5f27468,0x00000000ab800000)
 Metaspace       used 74816K, capacity 78038K, committed 78296K, reserved 1118208K
  class space    used 9847K, capacity 10462K, committed 10496K, reserved 1048576K
GC Heap History (10 events):
Event: 79.609 GC heap before
{Heap before GC invocations=16 (full 3):
 PSYoungGen      total 218112K, used 214313K [0x00000000e0000000, 0x00000000ef180000, 0x0000000100000000)
  eden space 198144K, 100% used [0x00000000e0000000,0x00000000ec180000,0x00000000ec180000)
  from space 19968K, 80% used [0x00000000ede00000,0x00000000eedca4e0,0x00000000ef180000)
  to   space 24576K, 0% used [0x00000000ec180000,0x00000000ec180000,0x00000000ed980000)
 ParOldGen       total 188416K, used 45887K [0x00000000a0000000, 0x00000000ab800000, 0x00000000e0000000)
  object space 188416K, 24% used [0x00000000a0000000,0x00000000a2ccfc20,0x00000000ab800000)
 Metaspace       used 62727K, capacity 65568K, committed 65752K, reserved 1105920K
  class space    used 8517K, capacity 9145K, committed 9216K, reserved 1048576K
Event: 79.633 GC heap after
Heap after GC invocations=16 (full 3):
 PSYoungGen      total 222720K, used 16404K [0x00000000e0000000, 0x00000000f0a00000, 0x0000000100000000)
  eden space 198144K, 0% used [0x00000000e0000000,0x00000000e0000000,0x00000000ec180000)
  from space 24576K, 66% used [0x00000000ec180000,0x00000000ed185140,0x00000000ed980000)
  to   space 25088K, 0% used [0x00000000ef180000,0x00000000ef180000,0x00000000f0a00000)
 ParOldGen       total 188416K, used 45895K [0x00000000a0000000, 0x00000000ab800000, 0x00000000e0000000)
  object space 188416K, 24% used [0x00000000a0000000,0x00000000a2cd1c20,0x00000000ab800000)
 Metaspace       used 62727K, capacity 65568K, committed 65752K, reserved 1105920K
  class space    used 8517K, capacity 9145K, committed 9216K, reserved 1048576K
}
Event: 93.952 GC heap before
{Heap before GC invocations=17 (full 3):
 PSYoungGen      total 222720K, used 214548K [0x00000000e0000000, 0x00000000f0a00000, 0x0000000100000000)
  eden space 198144K, 100% used [0x00000000e0000000,0x00000000ec180000,0x00000000ec180000)
  from space 24576K, 66% used [0x00000000ec180000,0x00000000ed185140,0x00000000ed980000)
  to   space 25088K, 0% used [0x00000000ef180000,0x00000000ef180000,0x00000000f0a00000)
 ParOldGen       total 188416K, used 45895K [0x00000000a0000000, 0x00000000ab800000, 0x00000000e0000000)
  object space 188416K, 24% used [0x00000000a0000000,0x00000000a2cd1c20,0x00000000ab800000)
 Metaspace       used 69280K, capacity 72138K, committed 72280K, reserved 1112064K
  class space    used 9264K, capacity 9832K, committed 9856K, reserved 1048576K
Event: 93.992 GC heap after
Heap after GC invocations=17 (full 3):
 PSYoungGen      total 243712K, used 25080K [0x00000000e0000000, 0x00000000f0c80000, 0x0000000100000000)
  eden space 218624K, 0% used [0x00000000e0000000,0x00000000e0000000,0x00000000ed580000)
  from space 25088K, 99% used [0x00000000ef180000,0x00000000f09fe128,0x00000000f0a00000)
  to   space 28160K, 0% used [0x00000000ed580000,0x00000000ed580000,0x00000000ef100000)
 ParOldGen       total 188416K, used 46137K [0x00000000a0000000, 0x00000000ab800000, 0x00000000e0000000)
  object space 188416K, 24% used [0x00000000a0000000,0x00000000a2d0e4c0,0x00000000ab800000)
 Metaspace       used 69280K, capacity 72138K, committed 72280K, reserved 1112064K
  class space    used 9264K, capacity 9832K, committed 9856K, reserved 1048576K
}
Event: 101.037 GC heap before
{Heap before GC invocations=18 (full 3):
 PSYoungGen      total 243712K, used 243704K [0x00000000e0000000, 0x00000000f0c80000, 0x0000000100000000)
  eden space 218624K, 100% used [0x00000000e0000000,0x00000000ed580000,0x00000000ed580000)
  from space 25088K, 99% used [0x00000000ef180000,0x00000000f09fe128,0x00000000f0a00000)
  to   space 28160K, 0% used [0x00000000ed580000,0x00000000ed580000,0x00000000ef100000)
 ParOldGen       total 188416K, used 46137K [0x00000000a0000000, 0x00000000ab800000, 0x00000000e0000000)
  object space 188416K, 24% used [0x00000000a0000000,0x00000000a2d0e4c0,0x00000000ab800000)
 Metaspace       used 72942K, capacity 76008K, committed 76376K, reserved 1116160K
  class space    used 9648K, capacity 10259K, committed 10368K, reserved 1048576K
Event: 101.119 GC heap after
Heap after GC invocations=18 (full 3):
 PSYoungGen      total 246784K, used 28142K [0x00000000e0000000, 0x00000000f3f80000, 0x0000000100000000)
  eden space 218624K, 0% used [0x00000000e0000000,0x00000000e0000000,0x00000000ed580000)
  from space 28160K, 99% used [0x00000000ed580000,0x00000000ef0fb9b0,0x00000000ef100000)
  to   space 41984K, 0% used [0x00000000f1680000,0x00000000f1680000,0x00000000f3f80000)
 ParOldGen       total 188416K, used 73176K [0x00000000a0000000, 0x00000000ab800000, 0x00000000e0000000)
  object space 188416K, 38% used [0x00000000a0000000,0x00000000a47760f8,0x00000000ab800000)
 Metaspace       used 72942K, capacity 76008K, committed 76376K, reserved 1116160K
  class space    used 9648K, capacity 10259K, committed 10368K, reserved 1048576K
}
Event: 105.290 GC heap before
{Heap before GC invocations=19 (full 3):
 PSYoungGen      total 246784K, used 246766K [0x00000000e0000000, 0x00000000f3f80000, 0x0000000100000000)
  eden space 218624K, 100% used [0x00000000e0000000,0x00000000ed580000,0x00000000ed580000)
  from space 28160K, 99% used [0x00000000ed580000,0x00000000ef0fb9b0,0x00000000ef100000)
  to   space 41984K, 0% used [0x00000000f1680000,0x00000000f1680000,0x00000000f3f80000)
 ParOldGen       total 188416K, used 73176K [0x00000000a0000000, 0x00000000ab800000, 0x00000000e0000000)
  object space 188416K, 38% used [0x00000000a0000000,0x00000000a47760f8,0x00000000ab800000)
 Metaspace       used 73059K, capacity 76136K, committed 76376K, reserved 1116160K
  class space    used 9648K, capacity 10259K, committed 10368K, reserved 1048576K
Event: 105.375 GC heap after
Heap after GC invocations=19 (full 3):
 PSYoungGen      total 273920K, used 41974K [0x00000000e0000000, 0x00000000f5a80000, 0x0000000100000000)
  eden space 231936K, 0% used [0x00000000e0000000,0x00000000e0000000,0x00000000ee280000)
  from space 41984K, 99% used [0x00000000f1680000,0x00000000f3f7d9e0,0x00000000f3f80000)
  to   space 53248K, 0% used [0x00000000ee280000,0x00000000ee280000,0x00000000f1680000)
 ParOldGen       total 188416K, used 86361K [0x00000000a0000000, 0x00000000ab800000, 0x00000000e0000000)
  object space 188416K, 45% used [0x00000000a0000000,0x00000000a5456490,0x00000000ab800000)
 Metaspace       used 73059K, capacity 76136K, committed 76376K, reserved 1116160K
  class space    used 9648K, capacity 10259K, committed 10368K, reserved 1048576K
}
Event: 108.070 GC heap before
{Heap before GC invocations=20 (full 3):
 PSYoungGen      total 273920K, used 273910K [0x00000000e0000000, 0x00000000f5a80000, 0x0000000100000000)
  eden space 231936K, 100% used [0x00000000e0000000,0x00000000ee280000,0x00000000ee280000)
  from space 41984K, 99% used [0x00000000f1680000,0x00000000f3f7d9e0,0x00000000f3f80000)
  to   space 53248K, 0% used [0x00000000ee280000,0x00000000ee280000,0x00000000f1680000)
 ParOldGen       total 188416K, used 86361K [0x00000000a0000000, 0x00000000ab800000, 0x00000000e0000000)
  object space 188416K, 45% used [0x00000000a0000000,0x00000000a5456490,0x00000000ab800000)
 Metaspace       used 73138K, capacity 76200K, committed 76376K, reserved 1116160K
  class space    used 9648K, capacity 10259K, committed 10368K, reserved 1048576K
Event: 108.155 GC heap after
Heap after GC invocations=20 (full 3):
 PSYoungGen      total 285184K, used 53237K [0x00000000e0000000, 0x00000000f7e00000, 0x0000000100000000)
  eden space 231936K, 0% used [0x00000000e0000000,0x00000000e0000000,0x00000000ee280000)
  from space 53248K, 99% used [0x00000000ee280000,0x00000000f167d5e0,0x00000000f1680000)
  to   space 66048K, 0% used [0x00000000f3d80000,0x00000000f3d80000,0x00000000f7e00000)
 ParOldGen       total 188416K, used 97437K [0x00000000a0000000, 0x00000000ab800000, 0x00000000e0000000)
  object space 188416K, 51% used [0x00000000a0000000,0x00000000a5f27468,0x00000000ab800000)
 Metaspace       used 73138K, capacity 76200K, committed 76376K, reserved 1116160K
  class space    used 9648K, capacity 10259K, committed 10368K, reserved 1048576K
}

