# JRE version: Java(TM) SE Runtime Environment (8.0_121-b13) (build 1.8.0_121-b13)
# Java VM: Java HotSpot(TM) 64-Bit Server VM (25.121-b13 mixed mode linux-amd64 compressed oops)
Heap:
 PSYoungGen      total 203776K, used 60001K [0x00000000e0000000, 0x00000000f0280000, 0x0000000100000000)
  eden space 169472K, 15% used [0x00000000e0000000,0x00000000e191b158,0x00000000ea580000)
  from space 34304K, 99% used [0x00000000ea580000,0x00000000ec6fd310,0x00000000ec700000)
  to   space 38912K, 0% used [0x00000000edc80000,0x00000000edc80000,0x00000000f0280000)
 ParOldGen       total 196608K, used 52470K [0x00000000a0000000, 0x00000000ac000000, 0x00000000e0000000)
  object space 196608K, 26% used [0x00000000a0000000,0x00000000a333d900,0x00000000ac000000)
 Metaspace       used 60411K, capacity 62920K, committed 63064K, reserved 1103872K
  class space    used 8187K, capacity 8727K, committed 8832K, reserved 1048576K
GC Heap History (10 events):
Event: 16.898 GC heap before
{Heap before GC invocations=16 (full 3):
 PSYoungGen      total 147968K, used 22628K [0x00000000e0000000, 0x00000000ec900000, 0x0000000100000000)
  eden space 122368K, 0% used [0x00000000e0000000,0x00000000e0000000,0x00000000e7780000)
  from space 25600K, 88% used [0x00000000e7780000,0x00000000e8d99398,0x00000000e9080000)
  to   space 28160K, 0% used [0x00000000ead80000,0x00000000ead80000,0x00000000ec900000)
 ParOldGen       total 120832K, used 40219K [0x00000000a0000000, 0x00000000a7600000, 0x00000000e0000000)
  object space 120832K, 33% used [0x00000000a0000000,0x00000000a2746d18,0x00000000a7600000)
 Metaspace       used 56535K, capacity 58896K, committed 59028K, reserved 1099776K
  class space    used 7814K, capacity 8345K, committed 8448K, reserved 1048576K
Event: 17.459 GC heap after
Heap after GC invocations=16 (full 3):
 PSYoungGen      total 147968K, used 0K [0x00000000e0000000, 0x00000000ec900000, 0x0000000100000000)
  eden space 122368K, 0% used [0x00000000e0000000,0x00000000e0000000,0x00000000e7780000)
  from space 25600K, 0% used [0x00000000e7780000,0x00000000e7780000,0x00000000e9080000)
  to   space 28160K, 0% used [0x00000000ead80000,0x00000000ead80000,0x00000000ec900000)
 ParOldGen       total 196608K, used 50277K [0x00000000a0000000, 0x00000000ac000000, 0x00000000e0000000)
  object space 196608K, 25% used [0x00000000a0000000,0x00000000a3119538,0x00000000ac000000)
 Metaspace       used 56535K, capacity 58896K, committed 59028K, reserved 1099776K
  class space    used 7814K, capacity 8345K, committed 8448K, reserved 1048576K
}
Event: 19.091 GC heap before
{Heap before GC invocations=17 (full 3):
 PSYoungGen      total 147968K, used 122368K [0x00000000e0000000, 0x00000000ec900000, 0x0000000100000000)
  eden space 122368K, 100% used [0x00000000e0000000,0x00000000e7780000,0x00000000e7780000)
  from space 25600K, 0% used [0x00000000e7780000,0x00000000e7780000,0x00000000e9080000)
  to   space 28160K, 0% used [0x00000000ead80000,0x00000000ead80000,0x00000000ec900000)
 ParOldGen       total 196608K, used 50277K [0x00000000a0000000, 0x00000000ac000000, 0x00000000e0000000)
  object space 196608K, 25% used [0x00000000a0000000,0x00000000a3119538,0x00000000ac000000)
 Metaspace       used 57876K, capacity 60350K, committed 60504K, reserved 1101824K
  class space    used 7942K, capacity 8508K, committed 8576K, reserved 1048576K
Event: 19.118 GC heap after
Heap after GC invocations=17 (full 3):
 PSYoungGen      total 169472K, used 13548K [0x00000000e0000000, 0x00000000ec400000, 0x0000000100000000)
  eden space 146432K, 0% used [0x00000000e0000000,0x00000000e0000000,0x00000000e8f00000)
  from space 23040K, 58% used [0x00000000ead80000,0x00000000ebabb078,0x00000000ec400000)
  to   space 27136K, 0% used [0x00000000e8f00000,0x00000000e8f00000,0x00000000ea980000)
 ParOldGen       total 196608K, used 50285K [0x00000000a0000000, 0x00000000ac000000, 0x00000000e0000000)
  object space 196608K, 25% used [0x00000000a0000000,0x00000000a311b538,0x00000000ac000000)
 Metaspace       used 57876K, capacity 60350K, committed 60504K, reserved 1101824K
  class space    used 7942K, capacity 8508K, committed 8576K, reserved 1048576K
}
Event: 22.150 GC heap before
{Heap before GC invocations=18 (full 3):
 PSYoungGen      total 169472K, used 159980K [0x00000000e0000000, 0x00000000ec400000, 0x0000000100000000)
  eden space 146432K, 100% used [0x00000000e0000000,0x00000000e8f00000,0x00000000e8f00000)
  from space 23040K, 58% used [0x00000000ead80000,0x00000000ebabb078,0x00000000ec400000)
  to   space 27136K, 0% used [0x00000000e8f00000,0x00000000e8f00000,0x00000000ea980000)
 ParOldGen       total 196608K, used 50285K [0x00000000a0000000, 0x00000000ac000000, 0x00000000e0000000)
  object space 196608K, 25% used [0x00000000a0000000,0x00000000a311b538,0x00000000ac000000)
 Metaspace       used 58456K, capacity 60986K, committed 61272K, reserved 1101824K
  class space    used 7993K, capacity 8544K, committed 8576K, reserved 1048576K
Event: 22.189 GC heap after
Heap after GC invocations=18 (full 3):
 PSYoungGen      total 173568K, used 27118K [0x00000000e0000000, 0x00000000ee700000, 0x0000000100000000)
  eden space 146432K, 0% used [0x00000000e0000000,0x00000000e0000000,0x00000000e8f00000)
  from space 27136K, 99% used [0x00000000e8f00000,0x00000000ea97b938,0x00000000ea980000)
  to   space 31744K, 0% used [0x00000000ec800000,0x00000000ec800000,0x00000000ee700000)
 ParOldGen       total 196608K, used 52438K [0x00000000a0000000, 0x00000000ac000000, 0x00000000e0000000)
  object space 196608K, 26% used [0x00000000a0000000,0x00000000a3335900,0x00000000ac000000)
 Metaspace       used 58456K, capacity 60986K, committed 61272K, reserved 1101824K
  class space    used 7993K, capacity 8544K, committed 8576K, reserved 1048576K
}
Event: 29.752 GC heap before
{Heap before GC invocations=19 (full 3):
 PSYoungGen      total 173568K, used 173550K [0x00000000e0000000, 0x00000000ee700000, 0x0000000100000000)
  eden space 146432K, 100% used [0x00000000e0000000,0x00000000e8f00000,0x00000000e8f00000)
  from space 27136K, 99% used [0x00000000e8f00000,0x00000000ea97b938,0x00000000ea980000)
  to   space 31744K, 0% used [0x00000000ec800000,0x00000000ec800000,0x00000000ee700000)
 ParOldGen       total 196608K, used 52438K [0x00000000a0000000, 0x00000000ac000000, 0x00000000e0000000)
  object space 196608K, 26% used [0x00000000a0000000,0x00000000a3335900,0x00000000ac000000)
 Metaspace       used 59021K, capacity 61442K, committed 61656K, reserved 1101824K
  class space    used 8055K, capacity 8610K, committed 8704K, reserved 1048576K
Event: 29.789 GC heap after
Heap after GC invocations=19 (full 3):
 PSYoungGen      total 201216K, used 26003K [0x00000000e0000000, 0x00000000ee880000, 0x0000000100000000)
  eden space 169472K, 0% used [0x00000000e0000000,0x00000000e0000000,0x00000000ea580000)
  from space 31744K, 81% used [0x00000000ec800000,0x00000000ee164d20,0x00000000ee700000)
  to   space 34304K, 0% used [0x00000000ea580000,0x00000000ea580000,0x00000000ec700000)
 ParOldGen       total 196608K, used 52446K [0x00000000a0000000, 0x00000000ac000000, 0x00000000e0000000)
  object space 196608K, 26% used [0x00000000a0000000,0x00000000a3337900,0x00000000ac000000)
 Metaspace       used 59021K, capacity 61442K, committed 61656K, reserved 1101824K
  class space    used 8055K, capacity 8610K, committed 8704K, reserved 1048576K
}
Event: 32.475 GC heap before
{Heap before GC invocations=20 (full 3):
 PSYoungGen      total 201216K, used 195475K [0x00000000e0000000, 0x00000000ee880000, 0x0000000100000000)
  eden space 169472K, 100% used [0x00000000e0000000,0x00000000ea580000,0x00000000ea580000)
  from space 31744K, 81% used [0x00000000ec800000,0x00000000ee164d20,0x00000000ee700000)
  to   space 34304K, 0% used [0x00000000ea580000,0x00000000ea580000,0x00000000ec700000)
 ParOldGen       total 196608K, used 52446K [0x00000000a0000000, 0x00000000ac000000, 0x00000000e0000000)
  object space 196608K, 26% used [0x00000000a0000000,0x00000000a3337900,0x00000000ac000000)
 Metaspace       used 60410K, capacity 62920K, committed 63064K, reserved 1103872K
  class space    used 8187K, capacity 8727K, committed 8832K, reserved 1048576K
Event: 32.512 GC heap after
Heap after GC invocations=20 (full 3):
 PSYoungGen      total 203776K, used 34292K [0x00000000e0000000, 0x00000000f0280000, 0x0000000100000000)
  eden space 169472K, 0% used [0x00000000e0000000,0x00000000e0000000,0x00000000ea580000)
  from space 34304K, 99% used [0x00000000ea580000,0x00000000ec6fd310,0x00000000ec700000)
  to   space 38912K, 0% used [0x00000000edc80000,0x00000000edc80000,0x00000000f0280000)
 ParOldGen       total 196608K, used 52470K [0x00000000a0000000, 0x00000000ac000000, 0x00000000e0000000)
  object space 196608K, 26% used [0x00000000a0000000,0x00000000a333d900,0x00000000ac000000)
 Metaspace       used 60410K, capacity 62920K, committed 63064K, reserved 1103872K
  class space    used 8187K, capacity 8727K, committed 8832K, reserved 1048576K
}

