# JRE version: Java(TM) SE Runtime Environment (8.0_121-b13) (build 1.8.0_121-b13)
# Java VM: Java HotSpot(TM) 64-Bit Server VM (25.121-b13 mixed mode linux-amd64 compressed oops)
Heap:
 PSYoungGen      total 68608K, used 55160K [0x00000000e0000000, 0x00000000e8600000, 0x0000000100000000)
  eden space 63488K, 86% used [0x00000000e0000000,0x00000000e35de0f0,0x00000000e3e00000)
  from space 5120K, 0% used [0x00000000e3e00000,0x00000000e3e00000,0x00000000e4300000)
  to   space 5120K, 0% used [0x00000000e8100000,0x00000000e8100000,0x00000000e8600000)
 ParOldGen       total 75264K, used 12314K [0x00000000a0000000, 0x00000000a4980000, 0x00000000e0000000)
  object space 75264K, 16% used [0x00000000a0000000,0x00000000a0c06a88,0x00000000a4980000)
 Metaspace       used 24913K, capacity 25442K, committed 25728K, reserved 1071104K
  class space    used 3502K, capacity 3658K, committed 3712K, reserved 1048576K
GC Heap History (8 events):
Event: 0.544 GC heap before
{Heap before GC invocations=1 (full 0):
 PSYoungGen      total 36864K, used 31744K [0x00000000e0000000, 0x00000000e2900000, 0x0000000100000000)
  eden space 31744K, 100% used [0x00000000e0000000,0x00000000e1f00000,0x00000000e1f00000)
  from space 5120K, 0% used [0x00000000e2400000,0x00000000e2400000,0x00000000e2900000)
  to   space 5120K, 0% used [0x00000000e1f00000,0x00000000e1f00000,0x00000000e2400000)
 ParOldGen       total 84992K, used 0K [0x00000000a0000000, 0x00000000a5300000, 0x00000000e0000000)
  object space 84992K, 0% used [0x00000000a0000000,0x00000000a0000000,0x00000000a5300000)
 Metaspace       used 6789K, capacity 6876K, committed 7040K, reserved 1056768K
  class space    used 860K, capacity 888K, committed 896K, reserved 1048576K
Event: 0.550 GC heap after
Heap after GC invocations=1 (full 0):
 PSYoungGen      total 36864K, used 4032K [0x00000000e0000000, 0x00000000e4800000, 0x0000000100000000)
  eden space 31744K, 0% used [0x00000000e0000000,0x00000000e0000000,0x00000000e1f00000)
  from space 5120K, 78% used [0x00000000e1f00000,0x00000000e22f0008,0x00000000e2400000)
  to   space 5120K, 0% used [0x00000000e4300000,0x00000000e4300000,0x00000000e4800000)
 ParOldGen       total 84992K, used 8K [0x00000000a0000000, 0x00000000a5300000, 0x00000000e0000000)
  object space 84992K, 0% used [0x00000000a0000000,0x00000000a0002000,0x00000000a5300000)
 Metaspace       used 6789K, capacity 6876K, committed 7040K, reserved 1056768K
  class space    used 860K, capacity 888K, committed 896K, reserved 1048576K
}
Event: 1.042 GC heap before
{Heap before GC invocations=2 (full 0):
 PSYoungGen      total 36864K, used 35776K [0x00000000e0000000, 0x00000000e4800000, 0x0000000100000000)
  eden space 31744K, 100% used [0x00000000e0000000,0x00000000e1f00000,0x00000000e1f00000)
  from space 5120K, 78% used [0x00000000e1f00000,0x00000000e22f0008,0x00000000e2400000)
  to   space 5120K, 0% used [0x00000000e4300000,0x00000000e4300000,0x00000000e4800000)
 ParOldGen       total 84992K, used 8K [0x00000000a0000000, 0x00000000a5300000, 0x00000000e0000000)
  object space 84992K, 0% used [0x00000000a0000000,0x00000000a0002000,0x00000000a5300000)
 Metaspace       used 12656K, capacity 13050K, committed 13184K, reserved 1060864K
  class space    used 1736K, capacity 1870K, committed 1920K, reserved 1048576K
Event: 1.050 GC heap after
Heap after GC invocations=2 (full 0):
 PSYoungGen      total 68608K, used 5097K [0x00000000e0000000, 0x00000000e4800000, 0x0000000100000000)
  eden space 63488K, 0% used [0x00000000e0000000,0x00000000e0000000,0x00000000e3e00000)
  from space 5120K, 99% used [0x00000000e4300000,0x00000000e47fa420,0x00000000e4800000)
  to   space 5120K, 0% used [0x00000000e3e00000,0x00000000e3e00000,0x00000000e4300000)
 ParOldGen       total 84992K, used 690K [0x00000000a0000000, 0x00000000a5300000, 0x00000000e0000000)
  object space 84992K, 0% used [0x00000000a0000000,0x00000000a00aca10,0x00000000a5300000)
 Metaspace       used 12656K, capacity 13050K, committed 13184K, reserved 1060864K
  class space    used 1736K, capacity 1870K, committed 1920K, reserved 1048576K
}
Event: 2.258 GC heap before
{Heap before GC invocations=3 (full 0):
 PSYoungGen      total 68608K, used 61073K [0x00000000e0000000, 0x00000000e4800000, 0x0000000100000000)
  eden space 63488K, 88% used [0x00000000e0000000,0x00000000e36aa2a8,0x00000000e3e00000)
  from space 5120K, 99% used [0x00000000e4300000,0x00000000e47fa420,0x00000000e4800000)
  to   space 5120K, 0% used [0x00000000e3e00000,0x00000000e3e00000,0x00000000e4300000)
 ParOldGen       total 84992K, used 690K [0x00000000a0000000, 0x00000000a5300000, 0x00000000e0000000)
  object space 84992K, 0% used [0x00000000a0000000,0x00000000a00aca10,0x00000000a5300000)
 Metaspace       used 20713K, capacity 21122K, committed 21248K, reserved 1067008K
  class space    used 2828K, capacity 2976K, committed 3072K, reserved 1048576K
Event: 2.282 GC heap after
Heap after GC invocations=3 (full 0):
 PSYoungGen      total 68608K, used 5115K [0x00000000e0000000, 0x00000000e8600000, 0x0000000100000000)
  eden space 63488K, 0% used [0x00000000e0000000,0x00000000e0000000,0x00000000e3e00000)
  from space 5120K, 99% used [0x00000000e3e00000,0x00000000e42fefe0,0x00000000e4300000)
  to   space 5120K, 0% used [0x00000000e8100000,0x00000000e8100000,0x00000000e8600000)
 ParOldGen       total 84992K, used 8242K [0x00000000a0000000, 0x00000000a5300000, 0x00000000e0000000)
  object space 84992K, 9% used [0x00000000a0000000,0x00000000a080c898,0x00000000a5300000)
 Metaspace       used 20713K, capacity 21122K, committed 21248K, reserved 1067008K
  class space    used 2828K, capacity 2976K, committed 3072K, reserved 1048576K
}
Event: 2.282 GC heap before
{Heap before GC invocations=4 (full 1):
 PSYoungGen      total 68608K, used 5115K [0x00000000e0000000, 0x00000000e8600000, 0x0000000100000000)
  eden space 63488K, 0% used [0x00000000e0000000,0x00000000e0000000,0x00000000e3e00000)
  from space 5120K, 99% used [0x00000000e3e00000,0x00000000e42fefe0,0x00000000e4300000)
  to   space 5120K, 0% used [0x00000000e8100000,0x00000000e8100000,0x00000000e8600000)
 ParOldGen       total 84992K, used 8242K [0x00000000a0000000, 0x00000000a5300000, 0x00000000e0000000)
  object space 84992K, 9% used [0x00000000a0000000,0x00000000a080c898,0x00000000a5300000)
 Metaspace       used 20713K, capacity 21122K, committed 21248K, reserved 1067008K
  class space    used 2828K, capacity 2976K, committed 3072K, reserved 1048576K
Event: 2.373 GC heap after
Heap after GC invocations=4 (full 1):
 PSYoungGen      total 68608K, used 0K [0x00000000e0000000, 0x00000000e8600000, 0x0000000100000000)
  eden space 63488K, 0% used [0x00000000e0000000,0x00000000e0000000,0x00000000e3e00000)
  from space 5120K, 0% used [0x00000000e3e00000,0x00000000e3e00000,0x00000000e4300000)
  to   space 5120K, 0% used [0x00000000e8100000,0x00000000e8100000,0x00000000e8600000)
 ParOldGen       total 75264K, used 12314K [0x00000000a0000000, 0x00000000a4980000, 0x00000000e0000000)
  object space 75264K, 16% used [0x00000000a0000000,0x00000000a0c06a88,0x00000000a4980000)
 Metaspace       used 20713K, capacity 21122K, committed 21248K, reserved 1067008K
  class space    used 2828K, capacity 2976K, committed 3072K, reserved 1048576K
}

