# JRE version: Java(TM) SE Runtime Environment (8.0_121-b13) (build 1.8.0_121-b13)
# Java VM: Java HotSpot(TM) 64-Bit Server VM (25.121-b13 mixed mode linux-amd64 compressed oops)
Heap:
 PSYoungGen      total 466432K, used 408908K [0x00000000e0000000, 0x0000000100000000, 0x0000000100000000)
  eden space 415744K, 90% used [0x00000000e0000000,0x00000000f6f13420,0x00000000f9600000)
  from space 50688K, 65% used [0x00000000fc900000,0x00000000fe93ff68,0x00000000ffa80000)
  to   space 52224K, 0% used [0x00000000f9600000,0x00000000f9600000,0x00000000fc900000)
 ParOldGen       total 170496K, used 128000K [0x00000000a0000000, 0x00000000aa680000, 0x00000000e0000000)
  object space 170496K, 75% used [0x00000000a0000000,0x00000000a7d00220,0x00000000aa680000)
 Metaspace       used 69269K, capacity 71842K, committed 71896K, reserved 1112064K
  class space    used 8773K, capacity 9210K, committed 9216K, reserved 1048576K
GC Heap History (10 events):
Event: 44.658 GC heap before
{Heap before GC invocations=21 (full 3):
 PSYoungGen      total 342016K, used 300460K [0x00000000e0000000, 0x00000000fb180000, 0x0000000100000000)
  eden space 286720K, 100% used [0x00000000e0000000,0x00000000f1800000,0x00000000f1800000)
  from space 55296K, 24% used [0x00000000f1800000,0x00000000f256b228,0x00000000f4e00000)
  to   space 53248K, 0% used [0x00000000f7d80000,0x00000000f7d80000,0x00000000fb180000)
 ParOldGen       total 170496K, used 119494K [0x00000000a0000000, 0x00000000aa680000, 0x00000000e0000000)
  object space 170496K, 70% used [0x00000000a0000000,0x00000000a74b18e0,0x00000000aa680000)
 Metaspace       used 63191K, capacity 65118K, committed 65368K, reserved 1105920K
  class space    used 8179K, capacity 8530K, committed 8576K, reserved 1048576K
Event: 44.701 GC heap after
Heap after GC invocations=21 (full 3):
 PSYoungGen      total 386048K, used 42525K [0x00000000e0000000, 0x00000000fb980000, 0x0000000100000000)
  eden space 332800K, 0% used [0x00000000e0000000,0x00000000e0000000,0x00000000f4500000)
  from space 53248K, 79% used [0x00000000f7d80000,0x00000000fa7075a8,0x00000000fb180000)
  to   space 57856K, 0% used [0x00000000f4500000,0x00000000f4500000,0x00000000f7d80000)
 ParOldGen       total 170496K, used 119502K [0x00000000a0000000, 0x00000000aa680000, 0x00000000e0000000)
  object space 170496K, 70% used [0x00000000a0000000,0x00000000a74b38e0,0x00000000aa680000)
 Metaspace       used 63191K, capacity 65118K, committed 65368K, reserved 1105920K
  class space    used 8179K, capacity 8530K, committed 8576K, reserved 1048576K
}
Event: 57.734 GC heap before
{Heap before GC invocations=22 (full 3):
 PSYoungGen      total 386048K, used 375325K [0x00000000e0000000, 0x00000000fb980000, 0x0000000100000000)
  eden space 332800K, 100% used [0x00000000e0000000,0x00000000f4500000,0x00000000f4500000)
  from space 53248K, 79% used [0x00000000f7d80000,0x00000000fa7075a8,0x00000000fb180000)
  to   space 57856K, 0% used [0x00000000f4500000,0x00000000f4500000,0x00000000f7d80000)
 ParOldGen       total 170496K, used 119502K [0x00000000a0000000, 0x00000000aa680000, 0x00000000e0000000)
  object space 170496K, 70% used [0x00000000a0000000,0x00000000a74b38e0,0x00000000aa680000)
 Metaspace       used 64217K, capacity 66292K, committed 66520K, reserved 1107968K
  class space    used 8259K, capacity 8609K, committed 8704K, reserved 1048576K
Event: 57.761 GC heap after
Heap after GC invocations=22 (full 3):
 PSYoungGen      total 390656K, used 20026K [0x00000000e0000000, 0x00000000fe180000, 0x0000000100000000)
  eden space 332800K, 0% used [0x00000000e0000000,0x00000000e0000000,0x00000000f4500000)
  from space 57856K, 34% used [0x00000000f4500000,0x00000000f588eb18,0x00000000f7d80000)
  to   space 55296K, 0% used [0x00000000fab80000,0x00000000fab80000,0x00000000fe180000)
 ParOldGen       total 170496K, used 119510K [0x00000000a0000000, 0x00000000aa680000, 0x00000000e0000000)
  object space 170496K, 70% used [0x00000000a0000000,0x00000000a74b58e0,0x00000000aa680000)
 Metaspace       used 64217K, capacity 66292K, committed 66520K, reserved 1107968K
  class space    used 8259K, capacity 8609K, committed 8704K, reserved 1048576K
}
Event: 58.743 GC heap before
{Heap before GC invocations=23 (full 3):
 PSYoungGen      total 390656K, used 352271K [0x00000000e0000000, 0x00000000fe180000, 0x0000000100000000)
  eden space 332800K, 99% used [0x00000000e0000000,0x00000000f4475458,0x00000000f4500000)
  from space 57856K, 34% used [0x00000000f4500000,0x00000000f588eb18,0x00000000f7d80000)
  to   space 55296K, 0% used [0x00000000fab80000,0x00000000fab80000,0x00000000fe180000)
 ParOldGen       total 170496K, used 119510K [0x00000000a0000000, 0x00000000aa680000, 0x00000000e0000000)
  object space 170496K, 70% used [0x00000000a0000000,0x00000000a74b58e0,0x00000000aa680000)
 Metaspace       used 65376K, capacity 67654K, committed 67928K, reserved 1107968K
  class space    used 8427K, capacity 8806K, committed 8832K, reserved 1048576K
Event: 58.767 GC heap after
Heap after GC invocations=23 (full 3):
 PSYoungGen      total 439296K, used 18938K [0x00000000e0000000, 0x00000000fe080000, 0x0000000100000000)
  eden space 385024K, 0% used [0x00000000e0000000,0x00000000e0000000,0x00000000f7800000)
  from space 54272K, 34% used [0x00000000fab80000,0x00000000fbdfeb48,0x00000000fe080000)
  to   space 52736K, 0% used [0x00000000f7800000,0x00000000f7800000,0x00000000fab80000)
 ParOldGen       total 170496K, used 119518K [0x00000000a0000000, 0x00000000aa680000, 0x00000000e0000000)
  object space 170496K, 70% used [0x00000000a0000000,0x00000000a74b78e0,0x00000000aa680000)
 Metaspace       used 65376K, capacity 67654K, committed 67928K, reserved 1107968K
  class space    used 8427K, capacity 8806K, committed 8832K, reserved 1048576K
}
Event: 58.843 GC heap before
{Heap before GC invocations=24 (full 3):
 PSYoungGen      total 439296K, used 403962K [0x00000000e0000000, 0x00000000fe080000, 0x0000000100000000)
  eden space 385024K, 100% used [0x00000000e0000000,0x00000000f7800000,0x00000000f7800000)
  from space 54272K, 34% used [0x00000000fab80000,0x00000000fbdfeb48,0x00000000fe080000)
  to   space 52736K, 0% used [0x00000000f7800000,0x00000000f7800000,0x00000000fab80000)
 ParOldGen       total 170496K, used 119518K [0x00000000a0000000, 0x00000000aa680000, 0x00000000e0000000)
  object space 170496K, 70% used [0x00000000a0000000,0x00000000a74b78e0,0x00000000aa680000)
 Metaspace       used 65408K, capacity 67672K, committed 67928K, reserved 1107968K
  class space    used 8433K, capacity 8811K, committed 8832K, reserved 1048576K
Event: 58.862 GC heap after
Heap after GC invocations=24 (full 3):
 PSYoungGen      total 437760K, used 15710K [0x00000000e0000000, 0x00000000ffa80000, 0x0000000100000000)
  eden space 385024K, 0% used [0x00000000e0000000,0x00000000e0000000,0x00000000f7800000)
  from space 52736K, 29% used [0x00000000f7800000,0x00000000f8757ad0,0x00000000fab80000)
  to   space 50688K, 0% used [0x00000000fc900000,0x00000000fc900000,0x00000000ffa80000)
 ParOldGen       total 170496K, used 119526K [0x00000000a0000000, 0x00000000aa680000, 0x00000000e0000000)
  object space 170496K, 70% used [0x00000000a0000000,0x00000000a74b98e0,0x00000000aa680000)
 Metaspace       used 65408K, capacity 67672K, committed 67928K, reserved 1107968K
  class space    used 8433K, capacity 8811K, committed 8832K, reserved 1048576K
}
Event: 69.066 GC heap before
{Heap before GC invocations=25 (full 3):
 PSYoungGen      total 437760K, used 400734K [0x00000000e0000000, 0x00000000ffa80000, 0x0000000100000000)
  eden space 385024K, 100% used [0x00000000e0000000,0x00000000f7800000,0x00000000f7800000)
  from space 52736K, 29% used [0x00000000f7800000,0x00000000f8757ad0,0x00000000fab80000)
  to   space 50688K, 0% used [0x00000000fc900000,0x00000000fc900000,0x00000000ffa80000)
 ParOldGen       total 170496K, used 119526K [0x00000000a0000000, 0x00000000aa680000, 0x00000000e0000000)
  object space 170496K, 70% used [0x00000000a0000000,0x00000000a74b98e0,0x00000000aa680000)
 Metaspace       used 69093K, capacity 71586K, committed 71640K, reserved 1112064K
  class space    used 8773K, capacity 9210K, committed 9216K, reserved 1048576K
Event: 69.154 GC heap after
Heap after GC invocations=25 (full 3):
 PSYoungGen      total 466432K, used 33023K [0x00000000e0000000, 0x0000000100000000, 0x0000000100000000)
  eden space 415744K, 0% used [0x00000000e0000000,0x00000000e0000000,0x00000000f9600000)
  from space 50688K, 65% used [0x00000000fc900000,0x00000000fe93ff68,0x00000000ffa80000)
  to   space 52224K, 0% used [0x00000000f9600000,0x00000000f9600000,0x00000000fc900000)
 ParOldGen       total 170496K, used 128000K [0x00000000a0000000, 0x00000000aa680000, 0x00000000e0000000)
  object space 170496K, 75% used [0x00000000a0000000,0x00000000a7d00220,0x00000000aa680000)
 Metaspace       used 69093K, capacity 71586K, committed 71640K, reserved 1112064K
  class space    used 8773K, capacity 9210K, committed 9216K, reserved 1048576K
}

