# JRE version: Java(TM) SE Runtime Environment (8.0_121-b13) (build 1.8.0_121-b13)
# Java VM: Java HotSpot(TM) 64-Bit Server VM (25.121-b13 mixed mode linux-amd64 compressed oops)
Heap:
 PSYoungGen      total 218624K, used 78597K [0x00000000e0000000, 0x00000000ef500000, 0x0000000100000000)
  eden space 193536K, 40% used [0x00000000e0000000,0x00000000e4cc1718,0x00000000ebd00000)
  from space 25088K, 0% used [0x00000000ed980000,0x00000000ed980000,0x00000000ef200000)
  to   space 28672K, 0% used [0x00000000ebd00000,0x00000000ebd00000,0x00000000ed900000)
 ParOldGen       total 180736K, used 45610K [0x00000000a0000000, 0x00000000ab080000, 0x00000000e0000000)
  object space 180736K, 25% used [0x00000000a0000000,0x00000000a2c8abd8,0x00000000ab080000)
 Metaspace       used 57767K, capacity 60192K, committed 60504K, reserved 1101824K
  class space    used 7937K, capacity 8481K, committed 8576K, reserved 1048576K
GC Heap History (10 events):
Event: 7.034 GC heap before
{Heap before GC invocations=9 (full 2):
 PSYoungGen      total 119808K, used 119296K [0x00000000e0000000, 0x00000000ea180000, 0x0000000100000000)
  eden space 119296K, 100% used [0x00000000e0000000,0x00000000e7480000,0x00000000e7480000)
  from space 512K, 0% used [0x00000000e8100000,0x00000000e8100000,0x00000000e8180000)
  to   space 12800K, 0% used [0x00000000e7480000,0x00000000e7480000,0x00000000e8100000)
 ParOldGen       total 116736K, used 17833K [0x00000000a0000000, 0x00000000a7200000, 0x00000000e0000000)
  object space 116736K, 15% used [0x00000000a0000000,0x00000000a116a688,0x00000000a7200000)
 Metaspace       used 42980K, capacity 44064K, committed 44376K, reserved 1087488K
  class space    used 5921K, capacity 6192K, committed 6272K, reserved 1048576K
Event: 7.059 GC heap after
Heap after GC invocations=9 (full 2):
 PSYoungGen      total 132096K, used 11358K [0x00000000e0000000, 0x00000000eb900000, 0x0000000100000000)
  eden space 119296K, 0% used [0x00000000e0000000,0x00000000e0000000,0x00000000e7480000)
  from space 12800K, 88% used [0x00000000e7480000,0x00000000e7f978a0,0x00000000e8100000)
  to   space 13824K, 0% used [0x00000000eab80000,0x00000000eab80000,0x00000000eb900000)
 ParOldGen       total 116736K, used 17841K [0x00000000a0000000, 0x00000000a7200000, 0x00000000e0000000)
  object space 116736K, 15% used [0x00000000a0000000,0x00000000a116c688,0x00000000a7200000)
 Metaspace       used 42980K, capacity 44064K, committed 44376K, reserved 1087488K
  class space    used 5921K, capacity 6192K, committed 6272K, reserved 1048576K
}
Event: 8.745 GC heap before
{Heap before GC invocations=10 (full 2):
 PSYoungGen      total 132096K, used 130654K [0x00000000e0000000, 0x00000000eb900000, 0x0000000100000000)
  eden space 119296K, 100% used [0x00000000e0000000,0x00000000e7480000,0x00000000e7480000)
  from space 12800K, 88% used [0x00000000e7480000,0x00000000e7f978a0,0x00000000e8100000)
  to   space 13824K, 0% used [0x00000000eab80000,0x00000000eab80000,0x00000000eb900000)
 ParOldGen       total 116736K, used 17841K [0x00000000a0000000, 0x00000000a7200000, 0x00000000e0000000)
  object space 116736K, 15% used [0x00000000a0000000,0x00000000a116c688,0x00000000a7200000)
 Metaspace       used 48747K, capacity 50336K, committed 50520K, reserved 1093632K
  class space    used 6802K, capacity 7191K, committed 7296K, reserved 1048576K
Event: 8.789 GC heap after
Heap after GC invocations=10 (full 2):
 PSYoungGen      total 172032K, used 13824K [0x00000000e0000000, 0x00000000ec480000, 0x0000000100000000)
  eden space 158208K, 0% used [0x00000000e0000000,0x00000000e0000000,0x00000000e9a80000)
  from space 13824K, 100% used [0x00000000eab80000,0x00000000eb900000,0x00000000eb900000)
  to   space 17408K, 0% used [0x00000000e9a80000,0x00000000e9a80000,0x00000000eab80000)
 ParOldGen       total 116736K, used 22982K [0x00000000a0000000, 0x00000000a7200000, 0x00000000e0000000)
  object space 116736K, 19% used [0x00000000a0000000,0x00000000a16719b8,0x00000000a7200000)
 Metaspace       used 48747K, capacity 50336K, committed 50520K, reserved 1093632K
  class space    used 6802K, capacity 7191K, committed 7296K, reserved 1048576K
}
Event: 11.837 GC heap before
{Heap before GC invocations=11 (full 2):
 PSYoungGen      total 172032K, used 172032K [0x00000000e0000000, 0x00000000ec480000, 0x0000000100000000)
  eden space 158208K, 100% used [0x00000000e0000000,0x00000000e9a80000,0x00000000e9a80000)
  from space 13824K, 100% used [0x00000000eab80000,0x00000000eb900000,0x00000000eb900000)
  to   space 17408K, 0% used [0x00000000e9a80000,0x00000000e9a80000,0x00000000eab80000)
 ParOldGen       total 116736K, used 22982K [0x00000000a0000000, 0x00000000a7200000, 0x00000000e0000000)
  object space 116736K, 19% used [0x00000000a0000000,0x00000000a16719b8,0x00000000a7200000)
 Metaspace       used 53570K, capacity 55884K, committed 56152K, reserved 1097728K
  class space    used 7483K, capacity 7969K, committed 8064K, reserved 1048576K
Event: 11.910 GC heap after
Heap after GC invocations=11 (full 2):
 PSYoungGen      total 175616K, used 17376K [0x00000000e0000000, 0x00000000ef200000, 0x0000000100000000)
  eden space 158208K, 0% used [0x00000000e0000000,0x00000000e0000000,0x00000000e9a80000)
  from space 17408K, 99% used [0x00000000e9a80000,0x00000000eab78228,0x00000000eab80000)
  to   space 25088K, 0% used [0x00000000ed980000,0x00000000ed980000,0x00000000ef200000)
 ParOldGen       total 116736K, used 35804K [0x00000000a0000000, 0x00000000a7200000, 0x00000000e0000000)
  object space 116736K, 30% used [0x00000000a0000000,0x00000000a22f71c8,0x00000000a7200000)
 Metaspace       used 53570K, capacity 55884K, committed 56152K, reserved 1097728K
  class space    used 7483K, capacity 7969K, committed 8064K, reserved 1048576K
}
Event: 19.380 GC heap before
{Heap before GC invocations=12 (full 2):
 PSYoungGen      total 175616K, used 154215K [0x00000000e0000000, 0x00000000ef200000, 0x0000000100000000)
  eden space 158208K, 86% used [0x00000000e0000000,0x00000000e85a1ad8,0x00000000e9a80000)
  from space 17408K, 99% used [0x00000000e9a80000,0x00000000eab78228,0x00000000eab80000)
  to   space 25088K, 0% used [0x00000000ed980000,0x00000000ed980000,0x00000000ef200000)
 ParOldGen       total 116736K, used 35804K [0x00000000a0000000, 0x00000000a7200000, 0x00000000e0000000)
  object space 116736K, 30% used [0x00000000a0000000,0x00000000a22f71c8,0x00000000a7200000)
 Metaspace       used 56390K, capacity 58926K, committed 59028K, reserved 1099776K
  class space    used 7811K, capacity 8346K, committed 8448K, reserved 1048576K
Event: 19.431 GC heap after
Heap after GC invocations=12 (full 2):
 PSYoungGen      total 218624K, used 25056K [0x00000000e0000000, 0x00000000ef500000, 0x0000000100000000)
  eden space 193536K, 0% used [0x00000000e0000000,0x00000000e0000000,0x00000000ebd00000)
  from space 25088K, 99% used [0x00000000ed980000,0x00000000ef1f8238,0x00000000ef200000)
  to   space 28672K, 0% used [0x00000000ebd00000,0x00000000ebd00000,0x00000000ed900000)
 ParOldGen       total 116736K, used 36392K [0x00000000a0000000, 0x00000000a7200000, 0x00000000e0000000)
  object space 116736K, 31% used [0x00000000a0000000,0x00000000a238a140,0x00000000a7200000)
 Metaspace       used 56390K, capacity 58926K, committed 59028K, reserved 1099776K
  class space    used 7811K, capacity 8346K, committed 8448K, reserved 1048576K
}
Event: 19.431 GC heap before
{Heap before GC invocations=13 (full 3):
 PSYoungGen      total 218624K, used 25056K [0x00000000e0000000, 0x00000000ef500000, 0x0000000100000000)
  eden space 193536K, 0% used [0x00000000e0000000,0x00000000e0000000,0x00000000ebd00000)
  from space 25088K, 99% used [0x00000000ed980000,0x00000000ef1f8238,0x00000000ef200000)
  to   space 28672K, 0% used [0x00000000ebd00000,0x00000000ebd00000,0x00000000ed900000)
 ParOldGen       total 116736K, used 36392K [0x00000000a0000000, 0x00000000a7200000, 0x00000000e0000000)
  object space 116736K, 31% used [0x00000000a0000000,0x00000000a238a140,0x00000000a7200000)
 Metaspace       used 56390K, capacity 58926K, committed 59028K, reserved 1099776K
  class space    used 7811K, capacity 8346K, committed 8448K, reserved 1048576K
Event: 19.714 GC heap after
Heap after GC invocations=13 (full 3):
 PSYoungGen      total 218624K, used 0K [0x00000000e0000000, 0x00000000ef500000, 0x0000000100000000)
  eden space 193536K, 0% used [0x00000000e0000000,0x00000000e0000000,0x00000000ebd00000)
  from space 25088K, 0% used [0x00000000ed980000,0x00000000ed980000,0x00000000ef200000)
  to   space 28672K, 0% used [0x00000000ebd00000,0x00000000ebd00000,0x00000000ed900000)
 ParOldGen       total 180736K, used 45610K [0x00000000a0000000, 0x00000000ab080000, 0x00000000e0000000)
  object space 180736K, 25% used [0x00000000a0000000,0x00000000a2c8abd8,0x00000000ab080000)
 Metaspace       used 56390K, capacity 58926K, committed 59028K, reserved 1099776K
  class space    used 7811K, capacity 8346K, committed 8448K, reserved 1048576K
}

