# JRE version: Java(TM) SE Runtime Environment (8.0_121-b13) (build 1.8.0_121-b13)
# Java VM: Java HotSpot(TM) 64-Bit Server VM (25.121-b13 mixed mode linux-amd64 compressed oops)
Heap:
 PSYoungGen      total 173056K, used 60997K [0x00000000e0000000, 0x00000000ee980000, 0x0000000100000000)
  eden space 155648K, 28% used [0x00000000e0000000,0x00000000e2a99470,0x00000000e9800000)
  from space 17408K, 99% used [0x00000000e9800000,0x00000000ea8f8208,0x00000000ea900000)
  to   space 25088K, 0% used [0x00000000ed100000,0x00000000ed100000,0x00000000ee980000)
 ParOldGen       total 107008K, used 35505K [0x00000000a0000000, 0x00000000a6880000, 0x00000000e0000000)
  object space 107008K, 33% used [0x00000000a0000000,0x00000000a22ac4f8,0x00000000a6880000)
 Metaspace       used 53913K, capacity 56192K, committed 56408K, reserved 1097728K
  class space    used 7500K, capacity 7977K, committed 8064K, reserved 1048576K
GC Heap History (10 events):
Event: 5.271 GC heap before
{Heap before GC invocations=7 (full 1):
 PSYoungGen      total 118272K, used 34747K [0x00000000e0000000, 0x00000000e8680000, 0x0000000100000000)
  eden space 113152K, 26% used [0x00000000e0000000,0x00000000e1cf1c30,0x00000000e6e80000)
  from space 5120K, 99% used [0x00000000e7c00000,0x00000000e80fd040,0x00000000e8100000)
  to   space 5632K, 0% used [0x00000000e8100000,0x00000000e8100000,0x00000000e8680000)
 ParOldGen       total 72192K, used 18296K [0x00000000a0000000, 0x00000000a4680000, 0x00000000e0000000)
  object space 72192K, 25% used [0x00000000a0000000,0x00000000a11de318,0x00000000a4680000)
 Metaspace       used 34460K, capacity 35192K, committed 35416K, reserved 1079296K
  class space    used 4787K, capacity 4987K, committed 4992K, reserved 1048576K
Event: 5.280 GC heap after
Heap after GC invocations=7 (full 1):
 PSYoungGen      total 125440K, used 5604K [0x00000000e0000000, 0x00000000ead00000, 0x0000000100000000)
  eden space 119808K, 0% used [0x00000000e0000000,0x00000000e0000000,0x00000000e7500000)
  from space 5632K, 99% used [0x00000000e8100000,0x00000000e8679030,0x00000000e8680000)
  to   space 12288K, 0% used [0x00000000e7500000,0x00000000e7500000,0x00000000e8100000)
 ParOldGen       total 72192K, used 21535K [0x00000000a0000000, 0x00000000a4680000, 0x00000000e0000000)
  object space 72192K, 29% used [0x00000000a0000000,0x00000000a1507fb8,0x00000000a4680000)
 Metaspace       used 34460K, capacity 35192K, committed 35416K, reserved 1079296K
  class space    used 4787K, capacity 4987K, committed 4992K, reserved 1048576K
}
Event: 5.280 GC heap before
{Heap before GC invocations=8 (full 2):
 PSYoungGen      total 125440K, used 5604K [0x00000000e0000000, 0x00000000ead00000, 0x0000000100000000)
  eden space 119808K, 0% used [0x00000000e0000000,0x00000000e0000000,0x00000000e7500000)
  from space 5632K, 99% used [0x00000000e8100000,0x00000000e8679030,0x00000000e8680000)
  to   space 12288K, 0% used [0x00000000e7500000,0x00000000e7500000,0x00000000e8100000)
 ParOldGen       total 72192K, used 21535K [0x00000000a0000000, 0x00000000a4680000, 0x00000000e0000000)
  object space 72192K, 29% used [0x00000000a0000000,0x00000000a1507fb8,0x00000000a4680000)
 Metaspace       used 34460K, capacity 35192K, committed 35416K, reserved 1079296K
  class space    used 4787K, capacity 4987K, committed 4992K, reserved 1048576K
Event: 5.361 GC heap after
Heap after GC invocations=8 (full 2):
 PSYoungGen      total 125440K, used 0K [0x00000000e0000000, 0x00000000ead00000, 0x0000000100000000)
  eden space 119808K, 0% used [0x00000000e0000000,0x00000000e0000000,0x00000000e7500000)
  from space 5632K, 0% used [0x00000000e8100000,0x00000000e8100000,0x00000000e8680000)
  to   space 12288K, 0% used [0x00000000e7500000,0x00000000e7500000,0x00000000e8100000)
 ParOldGen       total 107008K, used 16360K [0x00000000a0000000, 0x00000000a6880000, 0x00000000e0000000)
  object space 107008K, 15% used [0x00000000a0000000,0x00000000a0ffa3d0,0x00000000a6880000)
 Metaspace       used 34460K, capacity 35192K, committed 35416K, reserved 1079296K
  class space    used 4787K, capacity 4987K, committed 4992K, reserved 1048576K
}
Event: 7.539 GC heap before
{Heap before GC invocations=9 (full 2):
 PSYoungGen      total 125440K, used 119808K [0x00000000e0000000, 0x00000000ead00000, 0x0000000100000000)
  eden space 119808K, 100% used [0x00000000e0000000,0x00000000e7500000,0x00000000e7500000)
  from space 5632K, 0% used [0x00000000e8100000,0x00000000e8100000,0x00000000e8680000)
  to   space 12288K, 0% used [0x00000000e7500000,0x00000000e7500000,0x00000000e8100000)
 ParOldGen       total 107008K, used 16360K [0x00000000a0000000, 0x00000000a6880000, 0x00000000e0000000)
  object space 107008K, 15% used [0x00000000a0000000,0x00000000a0ffa3d0,0x00000000a6880000)
 Metaspace       used 42761K, capacity 43746K, committed 44120K, reserved 1087488K
  class space    used 5910K, capacity 6149K, committed 6272K, reserved 1048576K
Event: 7.553 GC heap after
Heap after GC invocations=9 (full 2):
 PSYoungGen      total 132096K, used 11422K [0x00000000e0000000, 0x00000000eb600000, 0x0000000100000000)
  eden space 119808K, 0% used [0x00000000e0000000,0x00000000e0000000,0x00000000e7500000)
  from space 12288K, 92% used [0x00000000e7500000,0x00000000e8027ae0,0x00000000e8100000)
  to   space 13312K, 0% used [0x00000000ea900000,0x00000000ea900000,0x00000000eb600000)
 ParOldGen       total 107008K, used 16368K [0x00000000a0000000, 0x00000000a6880000, 0x00000000e0000000)
  object space 107008K, 15% used [0x00000000a0000000,0x00000000a0ffc3d0,0x00000000a6880000)
 Metaspace       used 42761K, capacity 43746K, committed 44120K, reserved 1087488K
  class space    used 5910K, capacity 6149K, committed 6272K, reserved 1048576K
}
Event: 9.960 GC heap before
{Heap before GC invocations=10 (full 2):
 PSYoungGen      total 132096K, used 131230K [0x00000000e0000000, 0x00000000eb600000, 0x0000000100000000)
  eden space 119808K, 100% used [0x00000000e0000000,0x00000000e7500000,0x00000000e7500000)
  from space 12288K, 92% used [0x00000000e7500000,0x00000000e8027ae0,0x00000000e8100000)
  to   space 13312K, 0% used [0x00000000ea900000,0x00000000ea900000,0x00000000eb600000)
 ParOldGen       total 107008K, used 16368K [0x00000000a0000000, 0x00000000a6880000, 0x00000000e0000000)
  object space 107008K, 15% used [0x00000000a0000000,0x00000000a0ffc3d0,0x00000000a6880000)
 Metaspace       used 48254K, capacity 49758K, committed 49880K, reserved 1091584K
  class space    used 6728K, capacity 7061K, committed 7168K, reserved 1048576K
Event: 9.989 GC heap after
Heap after GC invocations=10 (full 2):
 PSYoungGen      total 168960K, used 13283K [0x00000000e0000000, 0x00000000ebd00000, 0x0000000100000000)
  eden space 155648K, 0% used [0x00000000e0000000,0x00000000e0000000,0x00000000e9800000)
  from space 13312K, 99% used [0x00000000ea900000,0x00000000eb5f8c80,0x00000000eb600000)
  to   space 17408K, 0% used [0x00000000e9800000,0x00000000e9800000,0x00000000ea900000)
 ParOldGen       total 107008K, used 22315K [0x00000000a0000000, 0x00000000a6880000, 0x00000000e0000000)
  object space 107008K, 20% used [0x00000000a0000000,0x00000000a15cac70,0x00000000a6880000)
 Metaspace       used 48254K, capacity 49758K, committed 49880K, reserved 1091584K
  class space    used 6728K, capacity 7061K, committed 7168K, reserved 1048576K
}
Event: 13.440 GC heap before
{Heap before GC invocations=11 (full 2):
 PSYoungGen      total 168960K, used 168931K [0x00000000e0000000, 0x00000000ebd00000, 0x0000000100000000)
  eden space 155648K, 100% used [0x00000000e0000000,0x00000000e9800000,0x00000000e9800000)
  from space 13312K, 99% used [0x00000000ea900000,0x00000000eb5f8c80,0x00000000eb600000)
  to   space 17408K, 0% used [0x00000000e9800000,0x00000000e9800000,0x00000000ea900000)
 ParOldGen       total 107008K, used 22315K [0x00000000a0000000, 0x00000000a6880000, 0x00000000e0000000)
  object space 107008K, 20% used [0x00000000a0000000,0x00000000a15cac70,0x00000000a6880000)
 Metaspace       used 53565K, capacity 55880K, committed 56152K, reserved 1097728K
  class space    used 7493K, capacity 7969K, committed 8064K, reserved 1048576K
Event: 13.517 GC heap after
Heap after GC invocations=11 (full 2):
 PSYoungGen      total 173056K, used 17376K [0x00000000e0000000, 0x00000000ee980000, 0x0000000100000000)
  eden space 155648K, 0% used [0x00000000e0000000,0x00000000e0000000,0x00000000e9800000)
  from space 17408K, 99% used [0x00000000e9800000,0x00000000ea8f8208,0x00000000ea900000)
  to   space 25088K, 0% used [0x00000000ed100000,0x00000000ed100000,0x00000000ee980000)
 ParOldGen       total 107008K, used 35505K [0x00000000a0000000, 0x00000000a6880000, 0x00000000e0000000)
  object space 107008K, 33% used [0x00000000a0000000,0x00000000a22ac4f8,0x00000000a6880000)
 Metaspace       used 53565K, capacity 55880K, committed 56152K, reserved 1097728K
  class space    used 7493K, capacity 7969K, committed 8064K, reserved 1048576K
}

