# JRE version: Java(TM) SE Runtime Environment (8.0_121-b13) (build 1.8.0_121-b13)
# Java VM: Java HotSpot(TM) 64-Bit Server VM (25.121-b13 mixed mode linux-amd64 compressed oops)
Heap:
 PSYoungGen      total 364544K, used 325810K [0x00000000e0000000, 0x00000000fd800000, 0x0000000100000000)
  eden space 304128K, 100% used [0x00000000e0000000,0x00000000f2900000,0x00000000f2900000)
  from space 60416K, 35% used [0x00000000f2900000,0x00000000f3e2ca20,0x00000000f6400000)
  to   space 57344K, 56% used [0x00000000fa000000,0x00000000fbf5de28,0x00000000fd800000)
 ParOldGen       total 147456K, used 117886K [0x00000000a0000000, 0x00000000a9000000, 0x00000000e0000000)
  object space 147456K, 79% used [0x00000000a0000000,0x00000000a731fba8,0x00000000a9000000)
 Metaspace       used 74829K, capacity 78270K, committed 78356K, reserved 1118208K
  class space    used 9804K, capacity 10503K, committed 10556K, reserved 1048576K
GC Heap History (10 events):
Event: 100.388 GC heap after
Heap after GC invocations=22 (full 3):
 PSYoungGen      total 252928K, used 34289K [0x00000000e0000000, 0x00000000f6400000, 0x0000000100000000)
  eden space 218624K, 0% used [0x00000000e0000000,0x00000000e0000000,0x00000000ed580000)
  from space 34304K, 99% used [0x00000000ed580000,0x00000000ef6fc668,0x00000000ef700000)
  to   space 49152K, 0% used [0x00000000f3400000,0x00000000f3400000,0x00000000f6400000)
 ParOldGen       total 147456K, used 80920K [0x00000000a0000000, 0x00000000a9000000, 0x00000000e0000000)
  object space 147456K, 54% used [0x00000000a0000000,0x00000000a4f06398,0x00000000a9000000)
 Metaspace       used 71742K, capacity 74664K, committed 74900K, reserved 1114112K
  class space    used 9466K, capacity 10118K, committed 10172K, reserved 1048576K
}
Event: 288.450 GC heap before
{Heap before GC invocations=23 (full 3):
 PSYoungGen      total 252928K, used 252913K [0x00000000e0000000, 0x00000000f6400000, 0x0000000100000000)
  eden space 218624K, 100% used [0x00000000e0000000,0x00000000ed580000,0x00000000ed580000)
  from space 34304K, 99% used [0x00000000ed580000,0x00000000ef6fc668,0x00000000ef700000)
  to   space 49152K, 0% used [0x00000000f3400000,0x00000000f3400000,0x00000000f6400000)
 ParOldGen       total 147456K, used 80920K [0x00000000a0000000, 0x00000000a9000000, 0x00000000e0000000)
  object space 147456K, 54% used [0x00000000a0000000,0x00000000a4f06398,0x00000000a9000000)
 Metaspace       used 74022K, capacity 77292K, committed 77588K, reserved 1116160K
  class space    used 9769K, capacity 10448K, committed 10556K, reserved 1048576K
Event: 288.512 GC heap after
Heap after GC invocations=23 (full 3):
 PSYoungGen      total 300032K, used 13155K [0x00000000e0000000, 0x00000000f5b00000, 0x0000000100000000)
  eden space 260096K, 0% used [0x00000000e0000000,0x00000000e0000000,0x00000000efe00000)
  from space 39936K, 32% used [0x00000000f3400000,0x00000000f40d8cb0,0x00000000f5b00000)
  to   space 47616K, 0% used [0x00000000efe00000,0x00000000efe00000,0x00000000f2c80000)
 ParOldGen       total 147456K, used 91966K [0x00000000a0000000, 0x00000000a9000000, 0x00000000e0000000)
  object space 147456K, 62% used [0x00000000a0000000,0x00000000a59cf890,0x00000000a9000000)
 Metaspace       used 74022K, capacity 77292K, committed 77588K, reserved 1116160K
  class space    used 9769K, capacity 10448K, committed 10556K, reserved 1048576K
}
Event: 289.928 GC heap before
{Heap before GC invocations=24 (full 3):
 PSYoungGen      total 300032K, used 273251K [0x00000000e0000000, 0x00000000f5b00000, 0x0000000100000000)
  eden space 260096K, 100% used [0x00000000e0000000,0x00000000efe00000,0x00000000efe00000)
  from space 39936K, 32% used [0x00000000f3400000,0x00000000f40d8cb0,0x00000000f5b00000)
  to   space 47616K, 0% used [0x00000000efe00000,0x00000000efe00000,0x00000000f2c80000)
 ParOldGen       total 147456K, used 91966K [0x00000000a0000000, 0x00000000a9000000, 0x00000000e0000000)
  object space 147456K, 62% used [0x00000000a0000000,0x00000000a59cf890,0x00000000a9000000)
 Metaspace       used 74354K, capacity 77576K, committed 77844K, reserved 1116160K
  class space    used 9784K, capacity 10472K, committed 10556K, reserved 1048576K
Event: 289.986 GC heap after
Heap after GC invocations=24 (full 3):
 PSYoungGen      total 307712K, used 40804K [0x00000000e0000000, 0x00000000f9780000, 0x0000000100000000)
  eden space 260096K, 0% used [0x00000000e0000000,0x00000000e0000000,0x00000000efe00000)
  from space 47616K, 85% used [0x00000000efe00000,0x00000000f25d9290,0x00000000f2c80000)
  to   space 52736K, 0% used [0x00000000f6400000,0x00000000f6400000,0x00000000f9780000)
 ParOldGen       total 147456K, used 91974K [0x00000000a0000000, 0x00000000a9000000, 0x00000000e0000000)
  object space 147456K, 62% used [0x00000000a0000000,0x00000000a59d1890,0x00000000a9000000)
 Metaspace       used 74354K, capacity 77576K, committed 77844K, reserved 1116160K
  class space    used 9784K, capacity 10472K, committed 10556K, reserved 1048576K
}
Event: 290.702 GC heap before
{Heap before GC invocations=25 (full 3):
 PSYoungGen      total 307712K, used 300900K [0x00000000e0000000, 0x00000000f9780000, 0x0000000100000000)
  eden space 260096K, 100% used [0x00000000e0000000,0x00000000efe00000,0x00000000efe00000)
  from space 47616K, 85% used [0x00000000efe00000,0x00000000f25d9290,0x00000000f2c80000)
  to   space 52736K, 0% used [0x00000000f6400000,0x00000000f6400000,0x00000000f9780000)
 ParOldGen       total 147456K, used 91974K [0x00000000a0000000, 0x00000000a9000000, 0x00000000e0000000)
  object space 147456K, 62% used [0x00000000a0000000,0x00000000a59d1890,0x00000000a9000000)
 Metaspace       used 74371K, capacity 77704K, committed 77844K, reserved 1116160K
  class space    used 9784K, capacity 10472K, committed 10556K, reserved 1048576K
Event: 290.778 GC heap after
Heap after GC invocations=25 (full 3):
 PSYoungGen      total 356864K, used 51174K [0x00000000e0000000, 0x00000000fb100000, 0x0000000100000000)
  eden space 304128K, 0% used [0x00000000e0000000,0x00000000e0000000,0x00000000f2900000)
  from space 52736K, 97% used [0x00000000f6400000,0x00000000f95f9a00,0x00000000f9780000)
  to   space 60416K, 0% used [0x00000000f2900000,0x00000000f2900000,0x00000000f6400000)
 ParOldGen       total 147456K, used 103175K [0x00000000a0000000, 0x00000000a9000000, 0x00000000e0000000)
  object space 147456K, 69% used [0x00000000a0000000,0x00000000a64c1e38,0x00000000a9000000)
 Metaspace       used 74371K, capacity 77704K, committed 77844K, reserved 1116160K
  class space    used 9784K, capacity 10472K, committed 10556K, reserved 1048576K
}
Event: 326.358 GC heap before
{Heap before GC invocations=26 (full 3):
 PSYoungGen      total 356864K, used 355302K [0x00000000e0000000, 0x00000000fb100000, 0x0000000100000000)
  eden space 304128K, 100% used [0x00000000e0000000,0x00000000f2900000,0x00000000f2900000)
  from space 52736K, 97% used [0x00000000f6400000,0x00000000f95f9a00,0x00000000f9780000)
  to   space 60416K, 0% used [0x00000000f2900000,0x00000000f2900000,0x00000000f6400000)
 ParOldGen       total 147456K, used 103175K [0x00000000a0000000, 0x00000000a9000000, 0x00000000e0000000)
  object space 147456K, 69% used [0x00000000a0000000,0x00000000a64c1e38,0x00000000a9000000)
 Metaspace       used 74795K, capacity 78206K, committed 78356K, reserved 1118208K
  class space    used 9804K, capacity 10503K, committed 10556K, reserved 1048576K
Event: 326.394 GC heap after
Heap after GC invocations=26 (full 3):
 PSYoungGen      total 364544K, used 21682K [0x00000000e0000000, 0x00000000fd800000, 0x0000000100000000)
  eden space 304128K, 0% used [0x00000000e0000000,0x00000000e0000000,0x00000000f2900000)
  from space 60416K, 35% used [0x00000000f2900000,0x00000000f3e2ca20,0x00000000f6400000)
  to   space 57344K, 0% used [0x00000000fa000000,0x00000000fa000000,0x00000000fd800000)
 ParOldGen       total 147456K, used 105943K [0x00000000a0000000, 0x00000000a9000000, 0x00000000e0000000)
  object space 147456K, 71% used [0x00000000a0000000,0x00000000a6775cc8,0x00000000a9000000)
 Metaspace       used 74795K, capacity 78206K, committed 78356K, reserved 1118208K
  class space    used 9804K, capacity 10503K, committed 10556K, reserved 1048576K
}
Event: 327.144 GC heap before
{Heap before GC invocations=27 (full 3):
 PSYoungGen      total 364544K, used 325810K [0x00000000e0000000, 0x00000000fd800000, 0x0000000100000000)
  eden space 304128K, 100% used [0x00000000e0000000,0x00000000f2900000,0x00000000f2900000)
  from space 60416K, 35% used [0x00000000f2900000,0x00000000f3e2ca20,0x00000000f6400000)
  to   space 57344K, 0% used [0x00000000fa000000,0x00000000fa000000,0x00000000fd800000)
 ParOldGen       total 147456K, used 105943K [0x00000000a0000000, 0x00000000a9000000, 0x00000000e0000000)
  object space 147456K, 71% used [0x00000000a0000000,0x00000000a6775cc8,0x00000000a9000000)
 Metaspace       used 74829K, capacity 78270K, committed 78356K, reserved 1118208K
  class space    used 9804K, capacity 10503K, committed 10556K, reserved 1048576K

