# JRE version: Java(TM) SE Runtime Environment (8.0_121-b13) (build 1.8.0_121-b13)
# Java VM: Java HotSpot(TM) 64-Bit Server VM (25.121-b13 mixed mode linux-amd64 compressed oops)
Heap:
 PSYoungGen      total 144384K, used 106257K [0x00000000e0000000, 0x00000000ea180000, 0x0000000100000000)
  eden space 131584K, 72% used [0x00000000e0000000,0x00000000e5ca3248,0x00000000e8080000)
  from space 12800K, 89% used [0x00000000e8e00000,0x00000000e9921298,0x00000000e9a80000)
  to   space 13824K, 0% used [0x00000000e8080000,0x00000000e8080000,0x00000000e8e00000)
 ParOldGen       total 82432K, used 24509K [0x00000000a0000000, 0x00000000a5080000, 0x00000000e0000000)
  object space 82432K, 29% used [0x00000000a0000000,0x00000000a17ef4c0,0x00000000a5080000)
 Metaspace       used 52100K, capacity 53788K, committed 53888K, reserved 1095680K
  class space    used 7152K, capacity 7502K, committed 7552K, reserved 1048576K
GC Heap History (10 events):
Event: 15.608 GC heap before
{Heap before GC invocations=10 (full 1):
 PSYoungGen      total 82432K, used 44876K [0x00000000e0000000, 0x00000000e5c80000, 0x0000000100000000)
  eden space 73216K, 48% used [0x00000000e0000000,0x00000000e22d7120,0x00000000e4780000)
  from space 9216K, 99% used [0x00000000e5280000,0x00000000e5b7bfc8,0x00000000e5b80000)
  to   space 10752K, 0% used [0x00000000e4780000,0x00000000e4780000,0x00000000e5200000)
 ParOldGen       total 59904K, used 8716K [0x00000000a0000000, 0x00000000a3a80000, 0x00000000e0000000)
  object space 59904K, 14% used [0x00000000a0000000,0x00000000a08830a0,0x00000000a3a80000)
 Metaspace       used 34695K, capacity 35242K, committed 35456K, reserved 1079296K
  class space    used 4755K, capacity 4885K, committed 4992K, reserved 1048576K
Event: 15.650 GC heap after
Heap after GC invocations=10 (full 1):
 PSYoungGen      total 83968K, used 6161K [0x00000000e0000000, 0x00000000e7c80000, 0x0000000100000000)
  eden space 73216K, 0% used [0x00000000e0000000,0x00000000e0000000,0x00000000e4780000)
  from space 10752K, 57% used [0x00000000e4780000,0x00000000e4d84770,0x00000000e5200000)
  to   space 10240K, 0% used [0x00000000e7280000,0x00000000e7280000,0x00000000e7c80000)
 ParOldGen       total 59904K, used 10376K [0x00000000a0000000, 0x00000000a3a80000, 0x00000000e0000000)
  object space 59904K, 17% used [0x00000000a0000000,0x00000000a0a223c0,0x00000000a3a80000)
 Metaspace       used 34695K, capacity 35242K, committed 35456K, reserved 1079296K
  class space    used 4755K, capacity 4885K, committed 4992K, reserved 1048576K
}
Event: 15.650 GC heap before
{Heap before GC invocations=11 (full 2):
 PSYoungGen      total 83968K, used 6161K [0x00000000e0000000, 0x00000000e7c80000, 0x0000000100000000)
  eden space 73216K, 0% used [0x00000000e0000000,0x00000000e0000000,0x00000000e4780000)
  from space 10752K, 57% used [0x00000000e4780000,0x00000000e4d84770,0x00000000e5200000)
  to   space 10240K, 0% used [0x00000000e7280000,0x00000000e7280000,0x00000000e7c80000)
 ParOldGen       total 59904K, used 10376K [0x00000000a0000000, 0x00000000a3a80000, 0x00000000e0000000)
  object space 59904K, 17% used [0x00000000a0000000,0x00000000a0a223c0,0x00000000a3a80000)
 Metaspace       used 34695K, capacity 35242K, committed 35456K, reserved 1079296K
  class space    used 4755K, capacity 4885K, committed 4992K, reserved 1048576K
Event: 15.836 GC heap after
Heap after GC invocations=11 (full 2):
 PSYoungGen      total 83968K, used 0K [0x00000000e0000000, 0x00000000e7c80000, 0x0000000100000000)
  eden space 73216K, 0% used [0x00000000e0000000,0x00000000e0000000,0x00000000e4780000)
  from space 10752K, 0% used [0x00000000e4780000,0x00000000e4780000,0x00000000e5200000)
  to   space 10240K, 0% used [0x00000000e7280000,0x00000000e7280000,0x00000000e7c80000)
 ParOldGen       total 82432K, used 14268K [0x00000000a0000000, 0x00000000a5080000, 0x00000000e0000000)
  object space 82432K, 17% used [0x00000000a0000000,0x00000000a0def108,0x00000000a5080000)
 Metaspace       used 34695K, capacity 35242K, committed 35456K, reserved 1079296K
  class space    used 4755K, capacity 4885K, committed 4992K, reserved 1048576K
}
Event: 16.986 GC heap before
{Heap before GC invocations=12 (full 2):
 PSYoungGen      total 83968K, used 73216K [0x00000000e0000000, 0x00000000e7c80000, 0x0000000100000000)
  eden space 73216K, 100% used [0x00000000e0000000,0x00000000e4780000,0x00000000e4780000)
  from space 10752K, 0% used [0x00000000e4780000,0x00000000e4780000,0x00000000e5200000)
  to   space 10240K, 0% used [0x00000000e7280000,0x00000000e7280000,0x00000000e7c80000)
 ParOldGen       total 82432K, used 14268K [0x00000000a0000000, 0x00000000a5080000, 0x00000000e0000000)
  object space 82432K, 17% used [0x00000000a0000000,0x00000000a0def108,0x00000000a5080000)
 Metaspace       used 38695K, capacity 39450K, committed 39680K, reserved 1083392K
  class space    used 5308K, capacity 5525K, committed 5632K, reserved 1048576K
Event: 17.001 GC heap after
Heap after GC invocations=12 (full 2):
 PSYoungGen      total 109568K, used 9475K [0x00000000e0000000, 0x00000000e7c00000, 0x0000000100000000)
  eden space 99840K, 0% used [0x00000000e0000000,0x00000000e0000000,0x00000000e6180000)
  from space 9728K, 97% used [0x00000000e7280000,0x00000000e7bc0ff0,0x00000000e7c00000)
  to   space 10752K, 0% used [0x00000000e6700000,0x00000000e6700000,0x00000000e7180000)
 ParOldGen       total 82432K, used 14276K [0x00000000a0000000, 0x00000000a5080000, 0x00000000e0000000)
  object space 82432K, 17% used [0x00000000a0000000,0x00000000a0df1108,0x00000000a5080000)
 Metaspace       used 38695K, capacity 39450K, committed 39680K, reserved 1083392K
  class space    used 5308K, capacity 5525K, committed 5632K, reserved 1048576K
}
Event: 22.285 GC heap before
{Heap before GC invocations=13 (full 2):
 PSYoungGen      total 109568K, used 109315K [0x00000000e0000000, 0x00000000e7c00000, 0x0000000100000000)
  eden space 99840K, 100% used [0x00000000e0000000,0x00000000e6180000,0x00000000e6180000)
  from space 9728K, 97% used [0x00000000e7280000,0x00000000e7bc0ff0,0x00000000e7c00000)
  to   space 10752K, 0% used [0x00000000e6700000,0x00000000e6700000,0x00000000e7180000)
 ParOldGen       total 82432K, used 14276K [0x00000000a0000000, 0x00000000a5080000, 0x00000000e0000000)
  object space 82432K, 17% used [0x00000000a0000000,0x00000000a0df1108,0x00000000a5080000)
 Metaspace       used 44505K, capacity 45412K, committed 45440K, reserved 1089536K
  class space    used 6063K, capacity 6262K, committed 6272K, reserved 1048576K
Event: 22.303 GC heap after
Heap after GC invocations=13 (full 2):
 PSYoungGen      total 116224K, used 10746K [0x00000000e0000000, 0x00000000e9a80000, 0x0000000100000000)
  eden space 105472K, 0% used [0x00000000e0000000,0x00000000e0000000,0x00000000e6700000)
  from space 10752K, 99% used [0x00000000e6700000,0x00000000e717ea08,0x00000000e7180000)
  to   space 12800K, 0% used [0x00000000e8e00000,0x00000000e8e00000,0x00000000e9a80000)
 ParOldGen       total 82432K, used 15820K [0x00000000a0000000, 0x00000000a5080000, 0x00000000e0000000)
  object space 82432K, 19% used [0x00000000a0000000,0x00000000a0f73298,0x00000000a5080000)
 Metaspace       used 44505K, capacity 45412K, committed 45440K, reserved 1089536K
  class space    used 6063K, capacity 6262K, committed 6272K, reserved 1048576K
}
Event: 25.172 GC heap before
{Heap before GC invocations=14 (full 2):
 PSYoungGen      total 116224K, used 116218K [0x00000000e0000000, 0x00000000e9a80000, 0x0000000100000000)
  eden space 105472K, 100% used [0x00000000e0000000,0x00000000e6700000,0x00000000e6700000)
  from space 10752K, 99% used [0x00000000e6700000,0x00000000e717ea08,0x00000000e7180000)
  to   space 12800K, 0% used [0x00000000e8e00000,0x00000000e8e00000,0x00000000e9a80000)
 ParOldGen       total 82432K, used 15820K [0x00000000a0000000, 0x00000000a5080000, 0x00000000e0000000)
  object space 82432K, 19% used [0x00000000a0000000,0x00000000a0f73298,0x00000000a5080000)
 Metaspace       used 49182K, capacity 50738K, committed 50944K, reserved 1093632K
  class space    used 6799K, capacity 7123K, committed 7168K, reserved 1048576K
Event: 25.197 GC heap after
Heap after GC invocations=14 (full 2):
 PSYoungGen      total 144384K, used 11396K [0x00000000e0000000, 0x00000000ea180000, 0x0000000100000000)
  eden space 131584K, 0% used [0x00000000e0000000,0x00000000e0000000,0x00000000e8080000)
  from space 12800K, 89% used [0x00000000e8e00000,0x00000000e9921298,0x00000000e9a80000)
  to   space 13824K, 0% used [0x00000000e8080000,0x00000000e8080000,0x00000000e8e00000)
 ParOldGen       total 82432K, used 24509K [0x00000000a0000000, 0x00000000a5080000, 0x00000000e0000000)
  object space 82432K, 29% used [0x00000000a0000000,0x00000000a17ef4c0,0x00000000a5080000)
 Metaspace       used 49182K, capacity 50738K, committed 50944K, reserved 1093632K
  class space    used 6799K, capacity 7123K, committed 7168K, reserved 1048576K
}

