# JRE version: Java(TM) SE Runtime Environment (8.0_121-b13) (build 1.8.0_121-b13)
# Java VM: Java HotSpot(TM) 64-Bit Server VM (25.121-b13 mixed mode linux-amd64 compressed oops)
Heap:
 PSYoungGen      total 38400K, used 26677K [0x00000000e0000000, 0x00000000e2f00000, 0x0000000100000000)
  eden space 29696K, 75% used [0x00000000e0000000,0x00000000e15c86e0,0x00000000e1d00000)
  from space 8704K, 50% used [0x00000000e2680000,0x00000000e2ac5040,0x00000000e2f00000)
  to   space 9216K, 0% used [0x00000000e1d00000,0x00000000e1d00000,0x00000000e2600000)
 ParOldGen       total 44032K, used 8192K [0x00000000a0000000, 0x00000000a2b00000, 0x00000000e0000000)
  object space 44032K, 18% used [0x00000000a0000000,0x00000000a08003e8,0x00000000a2b00000)
 Metaspace       used 31004K, capacity 31582K, committed 31872K, reserved 1077248K
  class space    used 4298K, capacity 4477K, committed 4480K, reserved 1048576K
GC Heap History (10 events):
Event: 28.278 GC heap before
{Heap before GC invocations=5 (full 1):
 PSYoungGen      total 36864K, used 5088K [0x00000000e0000000, 0x00000000e2900000, 0x0000000100000000)
  eden space 31744K, 0% used [0x00000000e0000000,0x00000000e0000000,0x00000000e1f00000)
  from space 5120K, 99% used [0x00000000e2400000,0x00000000e28f8030,0x00000000e2900000)
  to   space 5120K, 0% used [0x00000000e1f00000,0x00000000e1f00000,0x00000000e2400000)
 ParOldGen       total 84992K, used 6311K [0x00000000a0000000, 0x00000000a5300000, 0x00000000e0000000)
  object space 84992K, 7% used [0x00000000a0000000,0x00000000a0629d28,0x00000000a5300000)
 Metaspace       used 20788K, capacity 21088K, committed 21296K, reserved 1067008K
  class space    used 2812K, capacity 2929K, committed 2944K, reserved 1048576K
Event: 28.325 GC heap after
Heap after GC invocations=5 (full 1):
 PSYoungGen      total 36864K, used 0K [0x00000000e0000000, 0x00000000e2900000, 0x0000000100000000)
  eden space 31744K, 0% used [0x00000000e0000000,0x00000000e0000000,0x00000000e1f00000)
  from space 5120K, 0% used [0x00000000e2400000,0x00000000e2400000,0x00000000e2900000)
  to   space 5120K, 0% used [0x00000000e1f00000,0x00000000e1f00000,0x00000000e2400000)
 ParOldGen       total 44032K, used 8096K [0x00000000a0000000, 0x00000000a2b00000, 0x00000000e0000000)
  object space 44032K, 18% used [0x00000000a0000000,0x00000000a07e83d8,0x00000000a2b00000)
 Metaspace       used 20788K, capacity 21088K, committed 21296K, reserved 1067008K
  class space    used 2812K, capacity 2929K, committed 2944K, reserved 1048576K
}
Event: 29.628 GC heap before
{Heap before GC invocations=6 (full 1):
 PSYoungGen      total 36864K, used 31744K [0x00000000e0000000, 0x00000000e2900000, 0x0000000100000000)
  eden space 31744K, 100% used [0x00000000e0000000,0x00000000e1f00000,0x00000000e1f00000)
  from space 5120K, 0% used [0x00000000e2400000,0x00000000e2400000,0x00000000e2900000)
  to   space 5120K, 0% used [0x00000000e1f00000,0x00000000e1f00000,0x00000000e2400000)
 ParOldGen       total 44032K, used 8096K [0x00000000a0000000, 0x00000000a2b00000, 0x00000000e0000000)
  object space 44032K, 18% used [0x00000000a0000000,0x00000000a07e83d8,0x00000000a2b00000)
 Metaspace       used 23519K, capacity 23848K, committed 24192K, reserved 1071104K
  class space    used 3271K, capacity 3369K, committed 3456K, reserved 1048576K
Event: 29.634 GC heap after
Heap after GC invocations=6 (full 1):
 PSYoungGen      total 36352K, used 4495K [0x00000000e0000000, 0x00000000e3180000, 0x0000000100000000)
  eden space 31232K, 0% used [0x00000000e0000000,0x00000000e0000000,0x00000000e1e80000)
  from space 5120K, 87% used [0x00000000e1f00000,0x00000000e2363f50,0x00000000e2400000)
  to   space 9728K, 0% used [0x00000000e2800000,0x00000000e2800000,0x00000000e3180000)
 ParOldGen       total 44032K, used 8104K [0x00000000a0000000, 0x00000000a2b00000, 0x00000000e0000000)
  object space 44032K, 18% used [0x00000000a0000000,0x00000000a07ea3d8,0x00000000a2b00000)
 Metaspace       used 23519K, capacity 23848K, committed 24192K, reserved 1071104K
  class space    used 3271K, capacity 3369K, committed 3456K, reserved 1048576K
}
Event: 30.837 GC heap before
{Heap before GC invocations=7 (full 1):
 PSYoungGen      total 36352K, used 35727K [0x00000000e0000000, 0x00000000e3180000, 0x0000000100000000)
  eden space 31232K, 100% used [0x00000000e0000000,0x00000000e1e80000,0x00000000e1e80000)
  from space 5120K, 87% used [0x00000000e1f00000,0x00000000e2363f50,0x00000000e2400000)
  to   space 9728K, 0% used [0x00000000e2800000,0x00000000e2800000,0x00000000e3180000)
 ParOldGen       total 44032K, used 8104K [0x00000000a0000000, 0x00000000a2b00000, 0x00000000e0000000)
  object space 44032K, 18% used [0x00000000a0000000,0x00000000a07ea3d8,0x00000000a2b00000)
 Metaspace       used 25633K, capacity 26174K, committed 26368K, reserved 1071104K
  class space    used 3641K, capacity 3800K, committed 3840K, reserved 1048576K
Event: 30.843 GC heap after
Heap after GC invocations=7 (full 1):
 PSYoungGen      total 39936K, used 5035K [0x00000000e0000000, 0x00000000e3100000, 0x0000000100000000)
  eden space 30720K, 0% used [0x00000000e0000000,0x00000000e0000000,0x00000000e1e00000)
  from space 9216K, 54% used [0x00000000e2800000,0x00000000e2cead08,0x00000000e3100000)
  to   space 9728K, 0% used [0x00000000e1e00000,0x00000000e1e00000,0x00000000e2780000)
 ParOldGen       total 44032K, used 8112K [0x00000000a0000000, 0x00000000a2b00000, 0x00000000e0000000)
  object space 44032K, 18% used [0x00000000a0000000,0x00000000a07ec3d8,0x00000000a2b00000)
 Metaspace       used 25633K, capacity 26174K, committed 26368K, reserved 1071104K
  class space    used 3641K, capacity 3800K, committed 3840K, reserved 1048576K
}
Event: 32.844 GC heap before
{Heap before GC invocations=8 (full 1):
 PSYoungGen      total 39936K, used 35755K [0x00000000e0000000, 0x00000000e3100000, 0x0000000100000000)
  eden space 30720K, 100% used [0x00000000e0000000,0x00000000e1e00000,0x00000000e1e00000)
  from space 9216K, 54% used [0x00000000e2800000,0x00000000e2cead08,0x00000000e3100000)
  to   space 9728K, 0% used [0x00000000e1e00000,0x00000000e1e00000,0x00000000e2780000)
 ParOldGen       total 44032K, used 8112K [0x00000000a0000000, 0x00000000a2b00000, 0x00000000e0000000)
  object space 44032K, 18% used [0x00000000a0000000,0x00000000a07ec3d8,0x00000000a2b00000)
 Metaspace       used 28721K, capacity 29218K, committed 29568K, reserved 1075200K
  class space    used 4034K, capacity 4156K, committed 4224K, reserved 1048576K
Event: 32.853 GC heap after
Heap after GC invocations=8 (full 1):
 PSYoungGen      total 36352K, used 5741K [0x00000000e0000000, 0x00000000e2f80000, 0x0000000100000000)
  eden space 30208K, 0% used [0x00000000e0000000,0x00000000e0000000,0x00000000e1d80000)
  from space 6144K, 93% used [0x00000000e1e00000,0x00000000e239b400,0x00000000e2400000)
  to   space 9216K, 0% used [0x00000000e2680000,0x00000000e2680000,0x00000000e2f80000)
 ParOldGen       total 44032K, used 8120K [0x00000000a0000000, 0x00000000a2b00000, 0x00000000e0000000)
  object space 44032K, 18% used [0x00000000a0000000,0x00000000a07ee3d8,0x00000000a2b00000)
 Metaspace       used 28721K, capacity 29218K, committed 29568K, reserved 1075200K
  class space    used 4034K, capacity 4156K, committed 4224K, reserved 1048576K
}
Event: 34.729 GC heap before
{Heap before GC invocations=9 (full 1):
 PSYoungGen      total 36352K, used 35949K [0x00000000e0000000, 0x00000000e2f80000, 0x0000000100000000)
  eden space 30208K, 100% used [0x00000000e0000000,0x00000000e1d80000,0x00000000e1d80000)
  from space 6144K, 93% used [0x00000000e1e00000,0x00000000e239b400,0x00000000e2400000)
  to   space 9216K, 0% used [0x00000000e2680000,0x00000000e2680000,0x00000000e2f80000)
 ParOldGen       total 44032K, used 8120K [0x00000000a0000000, 0x00000000a2b00000, 0x00000000e0000000)
  object space 44032K, 18% used [0x00000000a0000000,0x00000000a07ee3d8,0x00000000a2b00000)
 Metaspace       used 29051K, capacity 29570K, committed 29824K, reserved 1075200K
  class space    used 4053K, capacity 4188K, committed 4224K, reserved 1048576K
Event: 34.737 GC heap after
Heap after GC invocations=9 (full 1):
 PSYoungGen      total 38400K, used 4372K [0x00000000e0000000, 0x00000000e2f00000, 0x0000000100000000)
  eden space 29696K, 0% used [0x00000000e0000000,0x00000000e0000000,0x00000000e1d00000)
  from space 8704K, 50% used [0x00000000e2680000,0x00000000e2ac5040,0x00000000e2f00000)
  to   space 9216K, 0% used [0x00000000e1d00000,0x00000000e1d00000,0x00000000e2600000)
 ParOldGen       total 44032K, used 8192K [0x00000000a0000000, 0x00000000a2b00000, 0x00000000e0000000)
  object space 44032K, 18% used [0x00000000a0000000,0x00000000a08003e8,0x00000000a2b00000)
 Metaspace       used 29051K, capacity 29570K, committed 29824K, reserved 1075200K
  class space    used 4053K, capacity 4188K, committed 4224K, reserved 1048576K
}

