# JRE version: Java(TM) SE Runtime Environment (8.0_121-b13) (build 1.8.0_121-b13)
# Java VM: Java HotSpot(TM) 64-Bit Server VM (25.121-b13 mixed mode linux-amd64 compressed oops)
Heap:
 PSYoungGen      total 105472K, used 105468K [0x00000000e0000000, 0x00000000e9c00000, 0x0000000100000000)
  eden space 94720K, 100% used [0x00000000e0000000,0x00000000e5c80000,0x00000000e5c80000)
  from space 10752K, 99% used [0x00000000e5c80000,0x00000000e66ff0e8,0x00000000e6700000)
  to   space 12288K, 86% used [0x00000000e9000000,0x00000000e9a6bfe0,0x00000000e9c00000)
 ParOldGen       total 79360K, used 16430K [0x00000000a0000000, 0x00000000a4d80000, 0x00000000e0000000)
  object space 79360K, 20% used [0x00000000a0000000,0x00000000a100b830,0x00000000a4d80000)
 Metaspace       used 49081K, capacity 50814K, committed 51072K, reserved 1093632K
  class space    used 6839K, capacity 7222K, committed 7296K, reserved 1048576K
GC Heap History (10 events):
Event: 43.164 GC heap after
Heap after GC invocations=9 (full 1):
 PSYoungGen      total 76800K, used 8383K [0x00000000e0000000, 0x00000000e5580000, 0x0000000100000000)
  eden space 67072K, 0% used [0x00000000e0000000,0x00000000e0000000,0x00000000e4180000)
  from space 9728K, 86% used [0x00000000e4c00000,0x00000000e542ffd0,0x00000000e5580000)
  to   space 10240K, 0% used [0x00000000e4180000,0x00000000e4180000,0x00000000e4b80000)
 ParOldGen       total 60928K, used 8361K [0x00000000a0000000, 0x00000000a3b80000, 0x00000000e0000000)
  object space 60928K, 13% used [0x00000000a0000000,0x00000000a082a490,0x00000000a3b80000)
 Metaspace       used 32135K, capacity 32920K, committed 33152K, reserved 1077248K
  class space    used 4451K, capacity 4675K, committed 4736K, reserved 1048576K
}
Event: 43.496 GC heap before
{Heap before GC invocations=10 (full 1):
 PSYoungGen      total 76800K, used 26020K [0x00000000e0000000, 0x00000000e5580000, 0x0000000100000000)
  eden space 67072K, 26% used [0x00000000e0000000,0x00000000e11390d0,0x00000000e4180000)
  from space 9728K, 86% used [0x00000000e4c00000,0x00000000e542ffd0,0x00000000e5580000)
  to   space 10240K, 0% used [0x00000000e4180000,0x00000000e4180000,0x00000000e4b80000)
 ParOldGen       total 60928K, used 8361K [0x00000000a0000000, 0x00000000a3b80000, 0x00000000e0000000)
  object space 60928K, 13% used [0x00000000a0000000,0x00000000a082a490,0x00000000a3b80000)
 Metaspace       used 34549K, capacity 35284K, committed 35456K, reserved 1079296K
  class space    used 4766K, capacity 4951K, committed 4992K, reserved 1048576K
Event: 43.514 GC heap after
Heap after GC invocations=10 (full 1):
 PSYoungGen      total 77312K, used 9447K [0x00000000e0000000, 0x00000000e7200000, 0x0000000100000000)
  eden space 67072K, 0% used [0x00000000e0000000,0x00000000e0000000,0x00000000e4180000)
  from space 10240K, 92% used [0x00000000e4180000,0x00000000e4ab9d88,0x00000000e4b80000)
  to   space 11264K, 0% used [0x00000000e6700000,0x00000000e6700000,0x00000000e7200000)
 ParOldGen       total 60928K, used 8369K [0x00000000a0000000, 0x00000000a3b80000, 0x00000000e0000000)
  object space 60928K, 13% used [0x00000000a0000000,0x00000000a082c490,0x00000000a3b80000)
 Metaspace       used 34549K, capacity 35284K, committed 35456K, reserved 1079296K
  class space    used 4766K, capacity 4951K, committed 4992K, reserved 1048576K
}
Event: 43.514 GC heap before
{Heap before GC invocations=11 (full 2):
 PSYoungGen      total 77312K, used 9447K [0x00000000e0000000, 0x00000000e7200000, 0x0000000100000000)
  eden space 67072K, 0% used [0x00000000e0000000,0x00000000e0000000,0x00000000e4180000)
  from space 10240K, 92% used [0x00000000e4180000,0x00000000e4ab9d88,0x00000000e4b80000)
  to   space 11264K, 0% used [0x00000000e6700000,0x00000000e6700000,0x00000000e7200000)
 ParOldGen       total 60928K, used 8369K [0x00000000a0000000, 0x00000000a3b80000, 0x00000000e0000000)
  object space 60928K, 13% used [0x00000000a0000000,0x00000000a082c490,0x00000000a3b80000)
 Metaspace       used 34549K, capacity 35284K, committed 35456K, reserved 1079296K
  class space    used 4766K, capacity 4951K, committed 4992K, reserved 1048576K
Event: 43.596 GC heap after
Heap after GC invocations=11 (full 2):
 PSYoungGen      total 77312K, used 0K [0x00000000e0000000, 0x00000000e7200000, 0x0000000100000000)
  eden space 67072K, 0% used [0x00000000e0000000,0x00000000e0000000,0x00000000e4180000)
  from space 10240K, 0% used [0x00000000e4180000,0x00000000e4180000,0x00000000e4b80000)
  to   space 11264K, 0% used [0x00000000e6700000,0x00000000e6700000,0x00000000e7200000)
 ParOldGen       total 79360K, used 15566K [0x00000000a0000000, 0x00000000a4d80000, 0x00000000e0000000)
  object space 79360K, 19% used [0x00000000a0000000,0x00000000a0f33b98,0x00000000a4d80000)
 Metaspace       used 34549K, capacity 35284K, committed 35456K, reserved 1079296K
  class space    used 4766K, capacity 4951K, committed 4992K, reserved 1048576K
}
Event: 44.449 GC heap before
{Heap before GC invocations=12 (full 2):
 PSYoungGen      total 77312K, used 67072K [0x00000000e0000000, 0x00000000e7200000, 0x0000000100000000)
  eden space 67072K, 100% used [0x00000000e0000000,0x00000000e4180000,0x00000000e4180000)
  from space 10240K, 0% used [0x00000000e4180000,0x00000000e4180000,0x00000000e4b80000)
  to   space 11264K, 0% used [0x00000000e6700000,0x00000000e6700000,0x00000000e7200000)
 ParOldGen       total 79360K, used 15566K [0x00000000a0000000, 0x00000000a4d80000, 0x00000000e0000000)
  object space 79360K, 19% used [0x00000000a0000000,0x00000000a0f33b98,0x00000000a4d80000)
 Metaspace       used 37838K, capacity 38694K, committed 39040K, reserved 1083392K
  class space    used 5171K, capacity 5394K, committed 5504K, reserved 1048576K
Event: 44.458 GC heap after
Heap after GC invocations=12 (full 2):
 PSYoungGen      total 105984K, used 6519K [0x00000000e0000000, 0x00000000e7400000, 0x0000000100000000)
  eden space 94720K, 0% used [0x00000000e0000000,0x00000000e0000000,0x00000000e5c80000)
  from space 11264K, 57% used [0x00000000e6700000,0x00000000e6d5dd28,0x00000000e7200000)
  to   space 10752K, 0% used [0x00000000e5c80000,0x00000000e5c80000,0x00000000e6700000)
 ParOldGen       total 79360K, used 15574K [0x00000000a0000000, 0x00000000a4d80000, 0x00000000e0000000)
  object space 79360K, 19% used [0x00000000a0000000,0x00000000a0f35b98,0x00000000a4d80000)
 Metaspace       used 37838K, capacity 38694K, committed 39040K, reserved 1083392K
  class space    used 5171K, capacity 5394K, committed 5504K, reserved 1048576K
}
Event: 46.197 GC heap before
{Heap before GC invocations=13 (full 2):
 PSYoungGen      total 105984K, used 101239K [0x00000000e0000000, 0x00000000e7400000, 0x0000000100000000)
  eden space 94720K, 100% used [0x00000000e0000000,0x00000000e5c80000,0x00000000e5c80000)
  from space 11264K, 57% used [0x00000000e6700000,0x00000000e6d5dd28,0x00000000e7200000)
  to   space 10752K, 0% used [0x00000000e5c80000,0x00000000e5c80000,0x00000000e6700000)
 ParOldGen       total 79360K, used 15574K [0x00000000a0000000, 0x00000000a4d80000, 0x00000000e0000000)
  object space 79360K, 19% used [0x00000000a0000000,0x00000000a0f35b98,0x00000000a4d80000)
 Metaspace       used 43797K, capacity 44858K, committed 44928K, reserved 1087488K
  class space    used 6003K, capacity 6239K, committed 6272K, reserved 1048576K
Event: 46.210 GC heap after
Heap after GC invocations=13 (full 2):
 PSYoungGen      total 105472K, used 10748K [0x00000000e0000000, 0x00000000e9c00000, 0x0000000100000000)
  eden space 94720K, 0% used [0x00000000e0000000,0x00000000e0000000,0x00000000e5c80000)
  from space 10752K, 99% used [0x00000000e5c80000,0x00000000e66ff0e8,0x00000000e6700000)
  to   space 12288K, 0% used [0x00000000e9000000,0x00000000e9000000,0x00000000e9c00000)
 ParOldGen       total 79360K, used 16430K [0x00000000a0000000, 0x00000000a4d80000, 0x00000000e0000000)
  object space 79360K, 20% used [0x00000000a0000000,0x00000000a100b830,0x00000000a4d80000)
 Metaspace       used 43797K, capacity 44858K, committed 44928K, reserved 1087488K
  class space    used 6003K, capacity 6239K, committed 6272K, reserved 1048576K
}
Event: 48.784 GC heap before
{Heap before GC invocations=14 (full 2):
 PSYoungGen      total 105472K, used 105468K [0x00000000e0000000, 0x00000000e9c00000, 0x0000000100000000)
  eden space 94720K, 100% used [0x00000000e0000000,0x00000000e5c80000,0x00000000e5c80000)
  from space 10752K, 99% used [0x00000000e5c80000,0x00000000e66ff0e8,0x00000000e6700000)
  to   space 12288K, 0% used [0x00000000e9000000,0x00000000e9000000,0x00000000e9c00000)
 ParOldGen       total 79360K, used 16430K [0x00000000a0000000, 0x00000000a4d80000, 0x00000000e0000000)
  object space 79360K, 20% used [0x00000000a0000000,0x00000000a100b830,0x00000000a4d80000)
 Metaspace       used 49081K, capacity 50814K, committed 51072K, reserved 1093632K
  class space    used 6839K, capacity 7222K, committed 7296K, reserved 1048576K

