# JRE version: Java(TM) SE Runtime Environment (8.0_121-b13) (build 1.8.0_121-b13)
# Java VM: Java HotSpot(TM) 64-Bit Server VM (25.121-b13 mixed mode linux-amd64 compressed oops)
Heap:
 PSYoungGen      total 125440K, used 120440K [0x00000000e0000000, 0x00000000e8780000, 0x0000000100000000)
  eden space 114176K, 96% used [0x00000000e0000000,0x00000000e6c0f088,0x00000000e6f80000)
  from space 11264K, 86% used [0x00000000e7c80000,0x00000000e860f2f8,0x00000000e8780000)
  to   space 12288K, 0% used [0x00000000e6f80000,0x00000000e6f80000,0x00000000e7b80000)
 ParOldGen       total 107520K, used 17643K [0x00000000a0000000, 0x00000000a6900000, 0x00000000e0000000)
  object space 107520K, 16% used [0x00000000a0000000,0x00000000a113aee8,0x00000000a6900000)
 Metaspace       used 46265K, capacity 47730K, committed 47960K, reserved 1091584K
  class space    used 6425K, capacity 6769K, committed 6784K, reserved 1048576K
GC Heap History (10 events):
Event: 3.425 GC heap before
{Heap before GC invocations=6 (full 1):
 PSYoungGen      total 68608K, used 63488K [0x00000000e0000000, 0x00000000e4800000, 0x0000000100000000)
  eden space 63488K, 100% used [0x00000000e0000000,0x00000000e3e00000,0x00000000e3e00000)
  from space 5120K, 0% used [0x00000000e4300000,0x00000000e4300000,0x00000000e4800000)
  to   space 5120K, 0% used [0x00000000e3e00000,0x00000000e3e00000,0x00000000e4300000)
 ParOldGen       total 66048K, used 9378K [0x00000000a0000000, 0x00000000a4080000, 0x00000000e0000000)
  object space 66048K, 14% used [0x00000000a0000000,0x00000000a09289d0,0x00000000a4080000)
 Metaspace       used 26091K, capacity 26596K, committed 27008K, reserved 1073152K
  class space    used 3698K, capacity 3851K, committed 3968K, reserved 1048576K
Event: 3.440 GC heap after
Heap after GC invocations=6 (full 1):
 PSYoungGen      total 68608K, used 5110K [0x00000000e0000000, 0x00000000e6a00000, 0x0000000100000000)
  eden space 63488K, 0% used [0x00000000e0000000,0x00000000e0000000,0x00000000e3e00000)
  from space 5120K, 99% used [0x00000000e3e00000,0x00000000e42fd848,0x00000000e4300000)
  to   space 10752K, 0% used [0x00000000e5f80000,0x00000000e5f80000,0x00000000e6a00000)
 ParOldGen       total 66048K, used 11848K [0x00000000a0000000, 0x00000000a4080000, 0x00000000e0000000)
  object space 66048K, 17% used [0x00000000a0000000,0x00000000a0b92188,0x00000000a4080000)
 Metaspace       used 26091K, capacity 26596K, committed 27008K, reserved 1073152K
  class space    used 3698K, capacity 3851K, committed 3968K, reserved 1048576K
}
Event: 4.478 GC heap before
{Heap before GC invocations=7 (full 1):
 PSYoungGen      total 68608K, used 68598K [0x00000000e0000000, 0x00000000e6a00000, 0x0000000100000000)
  eden space 63488K, 100% used [0x00000000e0000000,0x00000000e3e00000,0x00000000e3e00000)
  from space 5120K, 99% used [0x00000000e3e00000,0x00000000e42fd848,0x00000000e4300000)
  to   space 10752K, 0% used [0x00000000e5f80000,0x00000000e5f80000,0x00000000e6a00000)
 ParOldGen       total 66048K, used 11848K [0x00000000a0000000, 0x00000000a4080000, 0x00000000e0000000)
  object space 66048K, 17% used [0x00000000a0000000,0x00000000a0b92188,0x00000000a4080000)
 Metaspace       used 29542K, capacity 30154K, committed 30464K, reserved 1075200K
  class space    used 4139K, capacity 4285K, committed 4352K, reserved 1048576K
Event: 4.490 GC heap after
Heap after GC invocations=7 (full 1):
 PSYoungGen      total 93696K, used 7080K [0x00000000e0000000, 0x00000000e6780000, 0x0000000100000000)
  eden space 85504K, 0% used [0x00000000e0000000,0x00000000e0000000,0x00000000e5380000)
  from space 8192K, 86% used [0x00000000e5f80000,0x00000000e666a058,0x00000000e6780000)
  to   space 10240K, 0% used [0x00000000e5380000,0x00000000e5380000,0x00000000e5d80000)
 ParOldGen       total 66048K, used 11856K [0x00000000a0000000, 0x00000000a4080000, 0x00000000e0000000)
  object space 66048K, 17% used [0x00000000a0000000,0x00000000a0b94188,0x00000000a4080000)
 Metaspace       used 29542K, capacity 30154K, committed 30464K, reserved 1075200K
  class space    used 4139K, capacity 4285K, committed 4352K, reserved 1048576K
}
Event: 5.548 GC heap before
{Heap before GC invocations=8 (full 1):
 PSYoungGen      total 93696K, used 68982K [0x00000000e0000000, 0x00000000e6780000, 0x0000000100000000)
  eden space 85504K, 72% used [0x00000000e0000000,0x00000000e3c73af0,0x00000000e5380000)
  from space 8192K, 86% used [0x00000000e5f80000,0x00000000e666a058,0x00000000e6780000)
  to   space 10240K, 0% used [0x00000000e5380000,0x00000000e5380000,0x00000000e5d80000)
 ParOldGen       total 66048K, used 11856K [0x00000000a0000000, 0x00000000a4080000, 0x00000000e0000000)
  object space 66048K, 17% used [0x00000000a0000000,0x00000000a0b94188,0x00000000a4080000)
 Metaspace       used 34684K, capacity 35376K, committed 35416K, reserved 1079296K
  class space    used 4789K, capacity 4987K, committed 4992K, reserved 1048576K
Event: 5.566 GC heap after
Heap after GC invocations=8 (full 1):
 PSYoungGen      total 95744K, used 10230K [0x00000000e0000000, 0x00000000e8880000, 0x0000000100000000)
  eden space 85504K, 0% used [0x00000000e0000000,0x00000000e0000000,0x00000000e5380000)
  from space 10240K, 99% used [0x00000000e5380000,0x00000000e5d7d840,0x00000000e5d80000)
  to   space 12288K, 0% used [0x00000000e7c80000,0x00000000e7c80000,0x00000000e8880000)
 ParOldGen       total 66048K, used 13159K [0x00000000a0000000, 0x00000000a4080000, 0x00000000e0000000)
  object space 66048K, 19% used [0x00000000a0000000,0x00000000a0cd9de0,0x00000000a4080000)
 Metaspace       used 34684K, capacity 35376K, committed 35416K, reserved 1079296K
  class space    used 4789K, capacity 4987K, committed 4992K, reserved 1048576K
}
Event: 5.566 GC heap before
{Heap before GC invocations=9 (full 2):
 PSYoungGen      total 95744K, used 10230K [0x00000000e0000000, 0x00000000e8880000, 0x0000000100000000)
  eden space 85504K, 0% used [0x00000000e0000000,0x00000000e0000000,0x00000000e5380000)
  from space 10240K, 99% used [0x00000000e5380000,0x00000000e5d7d840,0x00000000e5d80000)
  to   space 12288K, 0% used [0x00000000e7c80000,0x00000000e7c80000,0x00000000e8880000)
 ParOldGen       total 66048K, used 13159K [0x00000000a0000000, 0x00000000a4080000, 0x00000000e0000000)
  object space 66048K, 19% used [0x00000000a0000000,0x00000000a0cd9de0,0x00000000a4080000)
 Metaspace       used 34684K, capacity 35376K, committed 35416K, reserved 1079296K
  class space    used 4789K, capacity 4987K, committed 4992K, reserved 1048576K
Event: 5.670 GC heap after
Heap after GC invocations=9 (full 2):
 PSYoungGen      total 95744K, used 0K [0x00000000e0000000, 0x00000000e8880000, 0x0000000100000000)
  eden space 85504K, 0% used [0x00000000e0000000,0x00000000e0000000,0x00000000e5380000)
  from space 10240K, 0% used [0x00000000e5380000,0x00000000e5380000,0x00000000e5d80000)
  to   space 12288K, 0% used [0x00000000e7c80000,0x00000000e7c80000,0x00000000e8880000)
 ParOldGen       total 107520K, used 17635K [0x00000000a0000000, 0x00000000a6900000, 0x00000000e0000000)
  object space 107520K, 16% used [0x00000000a0000000,0x00000000a1138ee8,0x00000000a6900000)
 Metaspace       used 34684K, capacity 35376K, committed 35416K, reserved 1079296K
  class space    used 4789K, capacity 4987K, committed 4992K, reserved 1048576K
}
Event: 6.942 GC heap before
{Heap before GC invocations=10 (full 2):
 PSYoungGen      total 95744K, used 85504K [0x00000000e0000000, 0x00000000e8880000, 0x0000000100000000)
  eden space 85504K, 100% used [0x00000000e0000000,0x00000000e5380000,0x00000000e5380000)
  from space 10240K, 0% used [0x00000000e5380000,0x00000000e5380000,0x00000000e5d80000)
  to   space 12288K, 0% used [0x00000000e7c80000,0x00000000e7c80000,0x00000000e8880000)
 ParOldGen       total 107520K, used 17635K [0x00000000a0000000, 0x00000000a6900000, 0x00000000e0000000)
  object space 107520K, 16% used [0x00000000a0000000,0x00000000a1138ee8,0x00000000a6900000)
 Metaspace       used 42500K, capacity 43442K, committed 43736K, reserved 1087488K
  class space    used 5889K, capacity 6105K, committed 6144K, reserved 1048576K
Event: 6.961 GC heap after
Heap after GC invocations=10 (full 2):
 PSYoungGen      total 125440K, used 9788K [0x00000000e0000000, 0x00000000e8780000, 0x0000000100000000)
  eden space 114176K, 0% used [0x00000000e0000000,0x00000000e0000000,0x00000000e6f80000)
  from space 11264K, 86% used [0x00000000e7c80000,0x00000000e860f2f8,0x00000000e8780000)
  to   space 12288K, 0% used [0x00000000e6f80000,0x00000000e6f80000,0x00000000e7b80000)
 ParOldGen       total 107520K, used 17643K [0x00000000a0000000, 0x00000000a6900000, 0x00000000e0000000)
  object space 107520K, 16% used [0x00000000a0000000,0x00000000a113aee8,0x00000000a6900000)
 Metaspace       used 42500K, capacity 43442K, committed 43736K, reserved 1087488K
  class space    used 5889K, capacity 6105K, committed 6144K, reserved 1048576K
}

