# JRE version: Java(TM) SE Runtime Environment (8.0_121-b13) (build 1.8.0_121-b13)
# Java VM: Java HotSpot(TM) 64-Bit Server VM (25.121-b13 mixed mode linux-amd64 compressed oops)
Heap:
 PSYoungGen      total 171008K, used 68183K [0x00000000e0000000, 0x00000000ee780000, 0x0000000100000000)
  eden space 153600K, 33% used [0x00000000e0000000,0x00000000e319dd98,0x00000000e9600000)
  from space 17408K, 99% used [0x00000000e9600000,0x00000000ea6f8040,0x00000000ea700000)
  to   space 25088K, 0% used [0x00000000ecf00000,0x00000000ecf00000,0x00000000ee780000)
 ParOldGen       total 115712K, used 35559K [0x00000000a0000000, 0x00000000a7100000, 0x00000000e0000000)
  object space 115712K, 30% used [0x00000000a0000000,0x00000000a22b9c88,0x00000000a7100000)
 Metaspace       used 53977K, capacity 56344K, committed 56664K, reserved 1097728K
  class space    used 7497K, capacity 7979K, committed 8064K, reserved 1048576K
GC Heap History (10 events):
Event: 5.379 GC heap before
{Heap before GC invocations=7 (full 1):
 PSYoungGen      total 110080K, used 40703K [0x00000000e0000000, 0x00000000e8180000, 0x0000000100000000)
  eden space 104960K, 33% used [0x00000000e0000000,0x00000000e22c7c68,0x00000000e6680000)
  from space 5120K, 99% used [0x00000000e7c00000,0x00000000e80f8030,0x00000000e8100000)
  to   space 512K, 0% used [0x00000000e8100000,0x00000000e8100000,0x00000000e8180000)
 ParOldGen       total 74240K, used 18282K [0x00000000a0000000, 0x00000000a4880000, 0x00000000e0000000)
  object space 74240K, 24% used [0x00000000a0000000,0x00000000a11dabd0,0x00000000a4880000)
 Metaspace       used 34625K, capacity 35392K, committed 35416K, reserved 1079296K
  class space    used 4781K, capacity 4987K, committed 4992K, reserved 1048576K
Event: 5.398 GC heap after
Heap after GC invocations=7 (full 1):
 PSYoungGen      total 120320K, used 480K [0x00000000e0000000, 0x00000000ea200000, 0x0000000100000000)
  eden space 119808K, 0% used [0x00000000e0000000,0x00000000e0000000,0x00000000e7500000)
  from space 512K, 93% used [0x00000000e8100000,0x00000000e8178010,0x00000000e8180000)
  to   space 12288K, 0% used [0x00000000e7500000,0x00000000e7500000,0x00000000e8100000)
 ParOldGen       total 74240K, used 27199K [0x00000000a0000000, 0x00000000a4880000, 0x00000000e0000000)
  object space 74240K, 36% used [0x00000000a0000000,0x00000000a1a8fc90,0x00000000a4880000)
 Metaspace       used 34625K, capacity 35392K, committed 35416K, reserved 1079296K
  class space    used 4781K, capacity 4987K, committed 4992K, reserved 1048576K
}
Event: 5.398 GC heap before
{Heap before GC invocations=8 (full 2):
 PSYoungGen      total 120320K, used 480K [0x00000000e0000000, 0x00000000ea200000, 0x0000000100000000)
  eden space 119808K, 0% used [0x00000000e0000000,0x00000000e0000000,0x00000000e7500000)
  from space 512K, 93% used [0x00000000e8100000,0x00000000e8178010,0x00000000e8180000)
  to   space 12288K, 0% used [0x00000000e7500000,0x00000000e7500000,0x00000000e8100000)
 ParOldGen       total 74240K, used 27199K [0x00000000a0000000, 0x00000000a4880000, 0x00000000e0000000)
  object space 74240K, 36% used [0x00000000a0000000,0x00000000a1a8fc90,0x00000000a4880000)
 Metaspace       used 34625K, capacity 35392K, committed 35416K, reserved 1079296K
  class space    used 4781K, capacity 4987K, committed 4992K, reserved 1048576K
Event: 5.506 GC heap after
Heap after GC invocations=8 (full 2):
 PSYoungGen      total 120320K, used 0K [0x00000000e0000000, 0x00000000ea200000, 0x0000000100000000)
  eden space 119808K, 0% used [0x00000000e0000000,0x00000000e0000000,0x00000000e7500000)
  from space 512K, 0% used [0x00000000e8100000,0x00000000e8100000,0x00000000e8180000)
  to   space 12288K, 0% used [0x00000000e7500000,0x00000000e7500000,0x00000000e8100000)
 ParOldGen       total 115712K, used 16862K [0x00000000a0000000, 0x00000000a7100000, 0x00000000e0000000)
  object space 115712K, 14% used [0x00000000a0000000,0x00000000a10779e0,0x00000000a7100000)
 Metaspace       used 34625K, capacity 35392K, committed 35416K, reserved 1079296K
  class space    used 4781K, capacity 4987K, committed 4992K, reserved 1048576K
}
Event: 6.922 GC heap before
{Heap before GC invocations=9 (full 2):
 PSYoungGen      total 120320K, used 119808K [0x00000000e0000000, 0x00000000ea200000, 0x0000000100000000)
  eden space 119808K, 100% used [0x00000000e0000000,0x00000000e7500000,0x00000000e7500000)
  from space 512K, 0% used [0x00000000e8100000,0x00000000e8100000,0x00000000e8180000)
  to   space 12288K, 0% used [0x00000000e7500000,0x00000000e7500000,0x00000000e8100000)
 ParOldGen       total 115712K, used 16862K [0x00000000a0000000, 0x00000000a7100000, 0x00000000e0000000)
  object space 115712K, 14% used [0x00000000a0000000,0x00000000a10779e0,0x00000000a7100000)
 Metaspace       used 42745K, capacity 43812K, committed 44120K, reserved 1087488K
  class space    used 5896K, capacity 6148K, committed 6272K, reserved 1048576K
Event: 6.936 GC heap after
Heap after GC invocations=9 (full 2):
 PSYoungGen      total 132096K, used 11114K [0x00000000e0000000, 0x00000000eb400000, 0x0000000100000000)
  eden space 119808K, 0% used [0x00000000e0000000,0x00000000e0000000,0x00000000e7500000)
  from space 12288K, 90% used [0x00000000e7500000,0x00000000e7fda8f0,0x00000000e8100000)
  to   space 13312K, 0% used [0x00000000ea700000,0x00000000ea700000,0x00000000eb400000)
 ParOldGen       total 115712K, used 16870K [0x00000000a0000000, 0x00000000a7100000, 0x00000000e0000000)
  object space 115712K, 14% used [0x00000000a0000000,0x00000000a10799e0,0x00000000a7100000)
 Metaspace       used 42745K, capacity 43812K, committed 44120K, reserved 1087488K
  class space    used 5896K, capacity 6148K, committed 6272K, reserved 1048576K
}
Event: 8.669 GC heap before
{Heap before GC invocations=10 (full 2):
 PSYoungGen      total 132096K, used 130922K [0x00000000e0000000, 0x00000000eb400000, 0x0000000100000000)
  eden space 119808K, 100% used [0x00000000e0000000,0x00000000e7500000,0x00000000e7500000)
  from space 12288K, 90% used [0x00000000e7500000,0x00000000e7fda8f0,0x00000000e8100000)
  to   space 13312K, 0% used [0x00000000ea700000,0x00000000ea700000,0x00000000eb400000)
 ParOldGen       total 115712K, used 16870K [0x00000000a0000000, 0x00000000a7100000, 0x00000000e0000000)
  object space 115712K, 14% used [0x00000000a0000000,0x00000000a10799e0,0x00000000a7100000)
 Metaspace       used 48155K, capacity 49766K, committed 49880K, reserved 1091584K
  class space    used 6709K, capacity 7061K, committed 7168K, reserved 1048576K
Event: 8.692 GC heap after
Heap after GC invocations=10 (full 2):
 PSYoungGen      total 166912K, used 13283K [0x00000000e0000000, 0x00000000ebb80000, 0x0000000100000000)
  eden space 153600K, 0% used [0x00000000e0000000,0x00000000e0000000,0x00000000e9600000)
  from space 13312K, 99% used [0x00000000ea700000,0x00000000eb3f8c80,0x00000000eb400000)
  to   space 17408K, 0% used [0x00000000e9600000,0x00000000e9600000,0x00000000ea700000)
 ParOldGen       total 115712K, used 22323K [0x00000000a0000000, 0x00000000a7100000, 0x00000000e0000000)
  object space 115712K, 19% used [0x00000000a0000000,0x00000000a15ccdc8,0x00000000a7100000)
 Metaspace       used 48155K, capacity 49766K, committed 49880K, reserved 1091584K
  class space    used 6709K, capacity 7061K, committed 7168K, reserved 1048576K
}
Event: 11.820 GC heap before
{Heap before GC invocations=11 (full 2):
 PSYoungGen      total 166912K, used 166883K [0x00000000e0000000, 0x00000000ebb80000, 0x0000000100000000)
  eden space 153600K, 100% used [0x00000000e0000000,0x00000000e9600000,0x00000000e9600000)
  from space 13312K, 99% used [0x00000000ea700000,0x00000000eb3f8c80,0x00000000eb400000)
  to   space 17408K, 0% used [0x00000000e9600000,0x00000000e9600000,0x00000000ea700000)
 ParOldGen       total 115712K, used 22323K [0x00000000a0000000, 0x00000000a7100000, 0x00000000e0000000)
  object space 115712K, 19% used [0x00000000a0000000,0x00000000a15ccdc8,0x00000000a7100000)
 Metaspace       used 53522K, capacity 55838K, committed 56152K, reserved 1097728K
  class space    used 7485K, capacity 7970K, committed 8064K, reserved 1048576K
Event: 11.908 GC heap after
Heap after GC invocations=11 (full 2):
 PSYoungGen      total 171008K, used 17376K [0x00000000e0000000, 0x00000000ee780000, 0x0000000100000000)
  eden space 153600K, 0% used [0x00000000e0000000,0x00000000e0000000,0x00000000e9600000)
  from space 17408K, 99% used [0x00000000e9600000,0x00000000ea6f8040,0x00000000ea700000)
  to   space 25088K, 0% used [0x00000000ecf00000,0x00000000ecf00000,0x00000000ee780000)
 ParOldGen       total 115712K, used 35559K [0x00000000a0000000, 0x00000000a7100000, 0x00000000e0000000)
  object space 115712K, 30% used [0x00000000a0000000,0x00000000a22b9c88,0x00000000a7100000)
 Metaspace       used 53522K, capacity 55838K, committed 56152K, reserved 1097728K
  class space    used 7485K, capacity 7970K, committed 8064K, reserved 1048576K
}

