# JRE version: Java(TM) SE Runtime Environment (8.0_121-b13) (build 1.8.0_121-b13)
# Java VM: Java HotSpot(TM) 64-Bit Server VM (25.121-b13 mixed mode linux-amd64 compressed oops)
Heap:
 PSYoungGen      total 458752K, used 416155K [0x00000000e0000000, 0x0000000100000000, 0x0000000100000000)
  eden space 393216K, 100% used [0x00000000e0000000,0x00000000f8000000,0x00000000f8000000)
  from space 65536K, 35% used [0x00000000f8000000,0x00000000f9666c58,0x00000000fc000000)
  to   space 62464K, 45% used [0x00000000fc300000,0x00000000fdeb44e0,0x0000000100000000)
 ParOldGen       total 169472K, used 110420K [0x00000000a0000000, 0x00000000aa580000, 0x00000000e0000000)
  object space 169472K, 65% used [0x00000000a0000000,0x00000000a6bd5040,0x00000000aa580000)
 Metaspace       used 70599K, capacity 73434K, committed 73728K, reserved 1114112K
  class space    used 8905K, capacity 9386K, committed 9472K, reserved 1048576K
GC Heap History (10 events):
Event: 1606.752 GC heap after
Heap after GC invocations=43 (full 5):
 PSYoungGen      total 433664K, used 17149K [0x00000000e0000000, 0x00000000fe500000, 0x0000000100000000)
  eden space 382976K, 0% used [0x00000000e0000000,0x00000000e0000000,0x00000000f7600000)
  from space 50688K, 33% used [0x00000000fb380000,0x00000000fc43f4c8,0x00000000fe500000)
  to   space 56832K, 0% used [0x00000000f7600000,0x00000000f7600000,0x00000000fad80000)
 ParOldGen       total 200704K, used 158841K [0x00000000a0000000, 0x00000000ac400000, 0x00000000e0000000)
  object space 200704K, 79% used [0x00000000a0000000,0x00000000a9b1e598,0x00000000ac400000)
 Metaspace       used 69825K, capacity 72458K, committed 72704K, reserved 1112064K
  class space    used 8877K, capacity 9346K, committed 9472K, reserved 1048576K
}
Event: 1608.691 GC heap before
{Heap before GC invocations=44 (full 5):
 PSYoungGen      total 433664K, used 400125K [0x00000000e0000000, 0x00000000fe500000, 0x0000000100000000)
  eden space 382976K, 100% used [0x00000000e0000000,0x00000000f7600000,0x00000000f7600000)
  from space 50688K, 33% used [0x00000000fb380000,0x00000000fc43f4c8,0x00000000fe500000)
  to   space 56832K, 0% used [0x00000000f7600000,0x00000000f7600000,0x00000000fad80000)
 ParOldGen       total 200704K, used 158841K [0x00000000a0000000, 0x00000000ac400000, 0x00000000e0000000)
  object space 200704K, 79% used [0x00000000a0000000,0x00000000a9b1e598,0x00000000ac400000)
 Metaspace       used 70084K, capacity 72796K, committed 72960K, reserved 1112064K
  class space    used 8880K, capacity 9349K, committed 9472K, reserved 1048576K
Event: 1608.764 GC heap after
Heap after GC invocations=44 (full 5):
 PSYoungGen      total 439808K, used 27674K [0x00000000e0000000, 0x0000000100000000, 0x0000000100000000)
  eden space 382976K, 0% used [0x00000000e0000000,0x00000000e0000000,0x00000000f7600000)
  from space 56832K, 48% used [0x00000000f7600000,0x00000000f9106b18,0x00000000fad80000)
  to   space 55296K, 0% used [0x00000000fca00000,0x00000000fca00000,0x0000000100000000)
 ParOldGen       total 200704K, used 175140K [0x00000000a0000000, 0x00000000ac400000, 0x00000000e0000000)
  object space 200704K, 87% used [0x00000000a0000000,0x00000000aab09148,0x00000000ac400000)
 Metaspace       used 70084K, capacity 72796K, committed 72960K, reserved 1112064K
  class space    used 8880K, capacity 9349K, committed 9472K, reserved 1048576K
}
Event: 1608.764 GC heap before
{Heap before GC invocations=45 (full 6):
 PSYoungGen      total 439808K, used 27674K [0x00000000e0000000, 0x0000000100000000, 0x0000000100000000)
  eden space 382976K, 0% used [0x00000000e0000000,0x00000000e0000000,0x00000000f7600000)
  from space 56832K, 48% used [0x00000000f7600000,0x00000000f9106b18,0x00000000fad80000)
  to   space 55296K, 0% used [0x00000000fca00000,0x00000000fca00000,0x0000000100000000)
 ParOldGen       total 200704K, used 175140K [0x00000000a0000000, 0x00000000ac400000, 0x00000000e0000000)
  object space 200704K, 87% used [0x00000000a0000000,0x00000000aab09148,0x00000000ac400000)
 Metaspace       used 70084K, capacity 72796K, committed 72960K, reserved 1112064K
  class space    used 8880K, capacity 9349K, committed 9472K, reserved 1048576K
Event: 1609.036 GC heap after
Heap after GC invocations=45 (full 6):
 PSYoungGen      total 439808K, used 0K [0x00000000e0000000, 0x0000000100000000, 0x0000000100000000)
  eden space 382976K, 0% used [0x00000000e0000000,0x00000000e0000000,0x00000000f7600000)
  from space 56832K, 0% used [0x00000000f7600000,0x00000000f7600000,0x00000000fad80000)
  to   space 55296K, 0% used [0x00000000fca00000,0x00000000fca00000,0x0000000100000000)
 ParOldGen       total 169472K, used 74282K [0x00000000a0000000, 0x00000000aa580000, 0x00000000e0000000)
  object space 169472K, 43% used [0x00000000a0000000,0x00000000a488a808,0x00000000aa580000)
 Metaspace       used 69956K, capacity 72590K, committed 72960K, reserved 1112064K
  class space    used 8858K, capacity 9309K, committed 9472K, reserved 1048576K
}
Event: 1609.969 GC heap before
{Heap before GC invocations=46 (full 6):
 PSYoungGen      total 439808K, used 382976K [0x00000000e0000000, 0x0000000100000000, 0x0000000100000000)
  eden space 382976K, 100% used [0x00000000e0000000,0x00000000f7600000,0x00000000f7600000)
  from space 56832K, 0% used [0x00000000f7600000,0x00000000f7600000,0x00000000fad80000)
  to   space 55296K, 0% used [0x00000000fca00000,0x00000000fca00000,0x0000000100000000)
 ParOldGen       total 169472K, used 74282K [0x00000000a0000000, 0x00000000aa580000, 0x00000000e0000000)
  object space 169472K, 43% used [0x00000000a0000000,0x00000000a488a808,0x00000000aa580000)
 Metaspace       used 69960K, capacity 72590K, committed 72960K, reserved 1112064K
  class space    used 8858K, capacity 9309K, committed 9472K, reserved 1048576K
Event: 1610.076 GC heap after
Heap after GC invocations=46 (full 6):
 PSYoungGen      total 448512K, used 55285K [0x00000000e0000000, 0x0000000100000000, 0x0000000100000000)
  eden space 393216K, 0% used [0x00000000e0000000,0x00000000e0000000,0x00000000f8000000)
  from space 55296K, 99% used [0x00000000fca00000,0x00000000ffffd4b8,0x0000000100000000)
  to   space 65536K, 0% used [0x00000000f8000000,0x00000000f8000000,0x00000000fc000000)
 ParOldGen       total 169472K, used 78871K [0x00000000a0000000, 0x00000000aa580000, 0x00000000e0000000)
  object space 169472K, 46% used [0x00000000a0000000,0x00000000a4d05e28,0x00000000aa580000)
 Metaspace       used 69960K, capacity 72590K, committed 72960K, reserved 1112064K
  class space    used 8858K, capacity 9309K, committed 9472K, reserved 1048576K
}
Event: 2227.534 GC heap before
{Heap before GC invocations=47 (full 6):
 PSYoungGen      total 448512K, used 448501K [0x00000000e0000000, 0x0000000100000000, 0x0000000100000000)
  eden space 393216K, 100% used [0x00000000e0000000,0x00000000f8000000,0x00000000f8000000)
  from space 55296K, 99% used [0x00000000fca00000,0x00000000ffffd4b8,0x0000000100000000)
  to   space 65536K, 0% used [0x00000000f8000000,0x00000000f8000000,0x00000000fc000000)
 ParOldGen       total 169472K, used 78871K [0x00000000a0000000, 0x00000000aa580000, 0x00000000e0000000)
  object space 169472K, 46% used [0x00000000a0000000,0x00000000a4d05e28,0x00000000aa580000)
 Metaspace       used 70380K, capacity 73274K, committed 73472K, reserved 1114112K
  class space    used 8903K, capacity 9381K, committed 9472K, reserved 1048576K
Event: 2227.583 GC heap after
Heap after GC invocations=47 (full 6):
 PSYoungGen      total 458752K, used 22939K [0x00000000e0000000, 0x0000000100000000, 0x0000000100000000)
  eden space 393216K, 0% used [0x00000000e0000000,0x00000000e0000000,0x00000000f8000000)
  from space 65536K, 35% used [0x00000000f8000000,0x00000000f9666c58,0x00000000fc000000)
  to   space 62464K, 0% used [0x00000000fc300000,0x00000000fc300000,0x0000000100000000)
 ParOldGen       total 169472K, used 96179K [0x00000000a0000000, 0x00000000aa580000, 0x00000000e0000000)
  object space 169472K, 56% used [0x00000000a0000000,0x00000000a5decd98,0x00000000aa580000)
 Metaspace       used 70380K, capacity 73274K, committed 73472K, reserved 1114112K
  class space    used 8903K, capacity 9381K, committed 9472K, reserved 1048576K
}
Event: 2229.123 GC heap before
{Heap before GC invocations=48 (full 6):
 PSYoungGen      total 458752K, used 416155K [0x00000000e0000000, 0x0000000100000000, 0x0000000100000000)
  eden space 393216K, 100% used [0x00000000e0000000,0x00000000f8000000,0x00000000f8000000)
  from space 65536K, 35% used [0x00000000f8000000,0x00000000f9666c58,0x00000000fc000000)
  to   space 62464K, 0% used [0x00000000fc300000,0x00000000fc300000,0x0000000100000000)
 ParOldGen       total 169472K, used 96179K [0x00000000a0000000, 0x00000000aa580000, 0x00000000e0000000)
  object space 169472K, 56% used [0x00000000a0000000,0x00000000a5decd98,0x00000000aa580000)
 Metaspace       used 70599K, capacity 73434K, committed 73728K, reserved 1114112K
  class space    used 8905K, capacity 9386K, committed 9472K, reserved 1048576K

