# JRE version: Java(TM) SE Runtime Environment (8.0_121-b13) (build 1.8.0_121-b13)
# Java VM: Java HotSpot(TM) 64-Bit Server VM (25.121-b13 mixed mode linux-amd64 compressed oops)
Heap:
 PSYoungGen      total 107520K, used 72373K [0x00000000e0000000, 0x00000000e7d00000, 0x0000000100000000)
  eden space 95744K, 63% used [0x00000000e0000000,0x00000000e3b31420,0x00000000e5d80000)
  from space 11776K, 99% used [0x00000000e6b80000,0x00000000e76fbff0,0x00000000e7700000)
  to   space 14336K, 0% used [0x00000000e5d80000,0x00000000e5d80000,0x00000000e6b80000)
 ParOldGen       total 97280K, used 18955K [0x00000000a0000000, 0x00000000a5f00000, 0x00000000e0000000)
  object space 97280K, 19% used [0x00000000a0000000,0x00000000a1282c70,0x00000000a5f00000)
 Metaspace       used 50929K, capacity 52394K, committed 52736K, reserved 1095680K
  class space    used 7032K, capacity 7356K, committed 7424K, reserved 1048576K
GC Heap History (10 events):
Event: 28.959 GC heap before
{Heap before GC invocations=10 (full 1):
 PSYoungGen      total 64512K, used 55265K [0x00000000e0000000, 0x00000000e4980000, 0x0000000100000000)
  eden space 55808K, 84% used [0x00000000e0000000,0x00000000e2e3b598,0x00000000e3680000)
  from space 8704K, 91% used [0x00000000e4100000,0x00000000e48bd100,0x00000000e4980000)
  to   space 9728K, 0% used [0x00000000e3680000,0x00000000e3680000,0x00000000e4000000)
 ParOldGen       total 66048K, used 8430K [0x00000000a0000000, 0x00000000a4080000, 0x00000000e0000000)
  object space 66048K, 12% used [0x00000000a0000000,0x00000000a083bb30,0x00000000a4080000)
 Metaspace       used 34586K, capacity 35174K, committed 35456K, reserved 1079296K
  class space    used 4746K, capacity 4887K, committed 4992K, reserved 1048576K
Event: 28.982 GC heap after
Heap after GC invocations=10 (full 1):
 PSYoungGen      total 65536K, used 9195K [0x00000000e0000000, 0x00000000e5e00000, 0x0000000100000000)
  eden space 55808K, 0% used [0x00000000e0000000,0x00000000e0000000,0x00000000e3680000)
  from space 9728K, 94% used [0x00000000e3680000,0x00000000e3f7aef0,0x00000000e4000000)
  to   space 10752K, 0% used [0x00000000e5380000,0x00000000e5380000,0x00000000e5e00000)
 ParOldGen       total 66048K, used 8438K [0x00000000a0000000, 0x00000000a4080000, 0x00000000e0000000)
  object space 66048K, 12% used [0x00000000a0000000,0x00000000a083db30,0x00000000a4080000)
 Metaspace       used 34586K, capacity 35174K, committed 35456K, reserved 1079296K
  class space    used 4746K, capacity 4887K, committed 4992K, reserved 1048576K
}
Event: 28.982 GC heap before
{Heap before GC invocations=11 (full 2):
 PSYoungGen      total 65536K, used 9195K [0x00000000e0000000, 0x00000000e5e00000, 0x0000000100000000)
  eden space 55808K, 0% used [0x00000000e0000000,0x00000000e0000000,0x00000000e3680000)
  from space 9728K, 94% used [0x00000000e3680000,0x00000000e3f7aef0,0x00000000e4000000)
  to   space 10752K, 0% used [0x00000000e5380000,0x00000000e5380000,0x00000000e5e00000)
 ParOldGen       total 66048K, used 8438K [0x00000000a0000000, 0x00000000a4080000, 0x00000000e0000000)
  object space 66048K, 12% used [0x00000000a0000000,0x00000000a083db30,0x00000000a4080000)
 Metaspace       used 34586K, capacity 35174K, committed 35456K, reserved 1079296K
  class space    used 4746K, capacity 4887K, committed 4992K, reserved 1048576K
Event: 29.135 GC heap after
Heap after GC invocations=11 (full 2):
 PSYoungGen      total 65536K, used 0K [0x00000000e0000000, 0x00000000e5e00000, 0x0000000100000000)
  eden space 55808K, 0% used [0x00000000e0000000,0x00000000e0000000,0x00000000e3680000)
  from space 9728K, 0% used [0x00000000e3680000,0x00000000e3680000,0x00000000e4000000)
  to   space 10752K, 0% used [0x00000000e5380000,0x00000000e5380000,0x00000000e5e00000)
 ParOldGen       total 97280K, used 15646K [0x00000000a0000000, 0x00000000a5f00000, 0x00000000e0000000)
  object space 97280K, 16% used [0x00000000a0000000,0x00000000a0f47a80,0x00000000a5f00000)
 Metaspace       used 34586K, capacity 35174K, committed 35456K, reserved 1079296K
  class space    used 4746K, capacity 4887K, committed 4992K, reserved 1048576K
}
Event: 30.156 GC heap before
{Heap before GC invocations=12 (full 2):
 PSYoungGen      total 65536K, used 55808K [0x00000000e0000000, 0x00000000e5e00000, 0x0000000100000000)
  eden space 55808K, 100% used [0x00000000e0000000,0x00000000e3680000,0x00000000e3680000)
  from space 9728K, 0% used [0x00000000e3680000,0x00000000e3680000,0x00000000e4000000)
  to   space 10752K, 0% used [0x00000000e5380000,0x00000000e5380000,0x00000000e5e00000)
 ParOldGen       total 97280K, used 15646K [0x00000000a0000000, 0x00000000a5f00000, 0x00000000e0000000)
  object space 97280K, 16% used [0x00000000a0000000,0x00000000a0f47a80,0x00000000a5f00000)
 Metaspace       used 37710K, capacity 38422K, committed 38784K, reserved 1083392K
  class space    used 5176K, capacity 5400K, committed 5504K, reserved 1048576K
Event: 30.167 GC heap after
Heap after GC invocations=12 (full 2):
 PSYoungGen      total 84480K, used 7127K [0x00000000e0000000, 0x00000000e5d80000, 0x0000000100000000)
  eden space 74240K, 0% used [0x00000000e0000000,0x00000000e0000000,0x00000000e4880000)
  from space 10240K, 69% used [0x00000000e5380000,0x00000000e5a75d50,0x00000000e5d80000)
  to   space 10752K, 0% used [0x00000000e4880000,0x00000000e4880000,0x00000000e5300000)
 ParOldGen       total 97280K, used 15654K [0x00000000a0000000, 0x00000000a5f00000, 0x00000000e0000000)
  object space 97280K, 16% used [0x00000000a0000000,0x00000000a0f49a80,0x00000000a5f00000)
 Metaspace       used 37710K, capacity 38422K, committed 38784K, reserved 1083392K
  class space    used 5176K, capacity 5400K, committed 5504K, reserved 1048576K
}
Event: 32.472 GC heap before
{Heap before GC invocations=13 (full 2):
 PSYoungGen      total 84480K, used 81367K [0x00000000e0000000, 0x00000000e5d80000, 0x0000000100000000)
  eden space 74240K, 100% used [0x00000000e0000000,0x00000000e4880000,0x00000000e4880000)
  from space 10240K, 69% used [0x00000000e5380000,0x00000000e5a75d50,0x00000000e5d80000)
  to   space 10752K, 0% used [0x00000000e4880000,0x00000000e4880000,0x00000000e5300000)
 ParOldGen       total 97280K, used 15654K [0x00000000a0000000, 0x00000000a5f00000, 0x00000000e0000000)
  object space 97280K, 16% used [0x00000000a0000000,0x00000000a0f49a80,0x00000000a5f00000)
 Metaspace       used 43624K, capacity 44514K, committed 44672K, reserved 1087488K
  class space    used 5969K, capacity 6200K, committed 6272K, reserved 1048576K
Event: 32.495 GC heap after
Heap after GC invocations=13 (full 2):
 PSYoungGen      total 84992K, used 10505K [0x00000000e0000000, 0x00000000e7700000, 0x0000000100000000)
  eden space 74240K, 0% used [0x00000000e0000000,0x00000000e0000000,0x00000000e4880000)
  from space 10752K, 97% used [0x00000000e4880000,0x00000000e52c2578,0x00000000e5300000)
  to   space 11776K, 0% used [0x00000000e6b80000,0x00000000e6b80000,0x00000000e7700000)
 ParOldGen       total 97280K, used 15662K [0x00000000a0000000, 0x00000000a5f00000, 0x00000000e0000000)
  object space 97280K, 16% used [0x00000000a0000000,0x00000000a0f4ba80,0x00000000a5f00000)
 Metaspace       used 43624K, capacity 44514K, committed 44672K, reserved 1087488K
  class space    used 5969K, capacity 6200K, committed 6272K, reserved 1048576K
}
Event: 34.495 GC heap before
{Heap before GC invocations=14 (full 2):
 PSYoungGen      total 84992K, used 84745K [0x00000000e0000000, 0x00000000e7700000, 0x0000000100000000)
  eden space 74240K, 100% used [0x00000000e0000000,0x00000000e4880000,0x00000000e4880000)
  from space 10752K, 97% used [0x00000000e4880000,0x00000000e52c2578,0x00000000e5300000)
  to   space 11776K, 0% used [0x00000000e6b80000,0x00000000e6b80000,0x00000000e7700000)
 ParOldGen       total 97280K, used 15662K [0x00000000a0000000, 0x00000000a5f00000, 0x00000000e0000000)
  object space 97280K, 16% used [0x00000000a0000000,0x00000000a0f4ba80,0x00000000a5f00000)
 Metaspace       used 47244K, capacity 48638K, committed 48896K, reserved 1091584K
  class space    used 6552K, capacity 6830K, committed 6912K, reserved 1048576K
Event: 34.521 GC heap after
Heap after GC invocations=14 (full 2):
 PSYoungGen      total 107520K, used 11759K [0x00000000e0000000, 0x00000000e7d00000, 0x0000000100000000)
  eden space 95744K, 0% used [0x00000000e0000000,0x00000000e0000000,0x00000000e5d80000)
  from space 11776K, 99% used [0x00000000e6b80000,0x00000000e76fbff0,0x00000000e7700000)
  to   space 14336K, 0% used [0x00000000e5d80000,0x00000000e5d80000,0x00000000e6b80000)
 ParOldGen       total 97280K, used 18955K [0x00000000a0000000, 0x00000000a5f00000, 0x00000000e0000000)
  object space 97280K, 19% used [0x00000000a0000000,0x00000000a1282c70,0x00000000a5f00000)
 Metaspace       used 47244K, capacity 48638K, committed 48896K, reserved 1091584K
  class space    used 6552K, capacity 6830K, committed 6912K, reserved 1048576K
}

