# JRE version: Java(TM) SE Runtime Environment (8.0_121-b13) (build 1.8.0_121-b13)
# Java VM: Java HotSpot(TM) 64-Bit Server VM (25.121-b13 mixed mode linux-amd64 compressed oops)
Heap:
 PSYoungGen      total 132096K, used 89407K [0x00000000e0000000, 0x00000000eb500000, 0x0000000100000000)
  eden space 119808K, 65% used [0x00000000e0000000,0x00000000e4c2d2d0,0x00000000e7500000)
  from space 12288K, 92% used [0x00000000e7500000,0x00000000e8022cc0,0x00000000e8100000)
  to   space 13312K, 0% used [0x00000000ea800000,0x00000000ea800000,0x00000000eb500000)
 ParOldGen       total 117760K, used 18862K [0x00000000a0000000, 0x00000000a7300000, 0x00000000e0000000)
  object space 117760K, 16% used [0x00000000a0000000,0x00000000a126b9a8,0x00000000a7300000)
 Metaspace       used 46504K, capacity 47930K, committed 48088K, reserved 1091584K
  class space    used 6482K, capacity 6799K, committed 6912K, reserved 1048576K
GC Heap History (10 events):
Event: 3.738 GC heap before
{Heap before GC invocations=5 (full 1):
 PSYoungGen      total 68608K, used 63488K [0x00000000e0000000, 0x00000000e8600000, 0x0000000100000000)
  eden space 63488K, 100% used [0x00000000e0000000,0x00000000e3e00000,0x00000000e3e00000)
  from space 5120K, 0% used [0x00000000e3e00000,0x00000000e3e00000,0x00000000e4300000)
  to   space 5120K, 0% used [0x00000000e8100000,0x00000000e8100000,0x00000000e8600000)
 ParOldGen       total 74752K, used 12298K [0x00000000a0000000, 0x00000000a4900000, 0x00000000e0000000)
  object space 74752K, 16% used [0x00000000a0000000,0x00000000a0c02bd8,0x00000000a4900000)
 Metaspace       used 26092K, capacity 26612K, committed 27008K, reserved 1073152K
  class space    used 3703K, capacity 3851K, committed 3968K, reserved 1048576K
Event: 3.750 GC heap after
Heap after GC invocations=5 (full 1):
 PSYoungGen      total 86528K, used 5101K [0x00000000e0000000, 0x00000000e8600000, 0x0000000100000000)
  eden space 81408K, 0% used [0x00000000e0000000,0x00000000e0000000,0x00000000e4f80000)
  from space 5120K, 99% used [0x00000000e8100000,0x00000000e85fb6f8,0x00000000e8600000)
  to   space 5120K, 0% used [0x00000000e7c00000,0x00000000e7c00000,0x00000000e8100000)
 ParOldGen       total 74752K, used 14791K [0x00000000a0000000, 0x00000000a4900000, 0x00000000e0000000)
  object space 74752K, 19% used [0x00000000a0000000,0x00000000a0e71fb0,0x00000000a4900000)
 Metaspace       used 26092K, capacity 26612K, committed 27008K, reserved 1073152K
  class space    used 3703K, capacity 3851K, committed 3968K, reserved 1048576K
}
Event: 6.899 GC heap before
{Heap before GC invocations=6 (full 1):
 PSYoungGen      total 86528K, used 86509K [0x00000000e0000000, 0x00000000e8600000, 0x0000000100000000)
  eden space 81408K, 100% used [0x00000000e0000000,0x00000000e4f80000,0x00000000e4f80000)
  from space 5120K, 99% used [0x00000000e8100000,0x00000000e85fb6f8,0x00000000e8600000)
  to   space 5120K, 0% used [0x00000000e7c00000,0x00000000e7c00000,0x00000000e8100000)
 ParOldGen       total 74752K, used 14791K [0x00000000a0000000, 0x00000000a4900000, 0x00000000e0000000)
  object space 74752K, 19% used [0x00000000a0000000,0x00000000a0e71fb0,0x00000000a4900000)
 Metaspace       used 30003K, capacity 30608K, committed 30848K, reserved 1075200K
  class space    used 4213K, capacity 4387K, committed 4480K, reserved 1048576K
Event: 6.910 GC heap after
Heap after GC invocations=6 (full 1):
 PSYoungGen      total 105984K, used 5088K [0x00000000e0000000, 0x00000000e8180000, 0x0000000100000000)
  eden space 100864K, 0% used [0x00000000e0000000,0x00000000e0000000,0x00000000e6280000)
  from space 5120K, 99% used [0x00000000e7c00000,0x00000000e80f8010,0x00000000e8100000)
  to   space 512K, 0% used [0x00000000e8100000,0x00000000e8100000,0x00000000e8180000)
 ParOldGen       total 74752K, used 17829K [0x00000000a0000000, 0x00000000a4900000, 0x00000000e0000000)
  object space 74752K, 23% used [0x00000000a0000000,0x00000000a1169700,0x00000000a4900000)
 Metaspace       used 30003K, capacity 30608K, committed 30848K, reserved 1075200K
  class space    used 4213K, capacity 4387K, committed 4480K, reserved 1048576K
}
Event: 7.617 GC heap before
{Heap before GC invocations=7 (full 1):
 PSYoungGen      total 105984K, used 42636K [0x00000000e0000000, 0x00000000e8180000, 0x0000000100000000)
  eden space 100864K, 37% used [0x00000000e0000000,0x00000000e24ab3c0,0x00000000e6280000)
  from space 5120K, 99% used [0x00000000e7c00000,0x00000000e80f8010,0x00000000e8100000)
  to   space 512K, 0% used [0x00000000e8100000,0x00000000e8100000,0x00000000e8180000)
 ParOldGen       total 74752K, used 17829K [0x00000000a0000000, 0x00000000a4900000, 0x00000000e0000000)
  object space 74752K, 23% used [0x00000000a0000000,0x00000000a1169700,0x00000000a4900000)
 Metaspace       used 34646K, capacity 35398K, committed 35416K, reserved 1079296K
  class space    used 4787K, capacity 4988K, committed 4992K, reserved 1048576K
Event: 7.633 GC heap after
Heap after GC invocations=7 (full 1):
 PSYoungGen      total 120320K, used 512K [0x00000000e0000000, 0x00000000e9680000, 0x0000000100000000)
  eden space 119808K, 0% used [0x00000000e0000000,0x00000000e0000000,0x00000000e7500000)
  from space 512K, 100% used [0x00000000e8100000,0x00000000e8180000,0x00000000e8180000)
  to   space 12288K, 0% used [0x00000000e7500000,0x00000000e7500000,0x00000000e8100000)
 ParOldGen       total 74752K, used 27082K [0x00000000a0000000, 0x00000000a4900000, 0x00000000e0000000)
  object space 74752K, 36% used [0x00000000a0000000,0x00000000a1a72948,0x00000000a4900000)
 Metaspace       used 34646K, capacity 35398K, committed 35416K, reserved 1079296K
  class space    used 4787K, capacity 4988K, committed 4992K, reserved 1048576K
}
Event: 7.633 GC heap before
{Heap before GC invocations=8 (full 2):
 PSYoungGen      total 120320K, used 512K [0x00000000e0000000, 0x00000000e9680000, 0x0000000100000000)
  eden space 119808K, 0% used [0x00000000e0000000,0x00000000e0000000,0x00000000e7500000)
  from space 512K, 100% used [0x00000000e8100000,0x00000000e8180000,0x00000000e8180000)
  to   space 12288K, 0% used [0x00000000e7500000,0x00000000e7500000,0x00000000e8100000)
 ParOldGen       total 74752K, used 27082K [0x00000000a0000000, 0x00000000a4900000, 0x00000000e0000000)
  object space 74752K, 36% used [0x00000000a0000000,0x00000000a1a72948,0x00000000a4900000)
 Metaspace       used 34646K, capacity 35398K, committed 35416K, reserved 1079296K
  class space    used 4787K, capacity 4988K, committed 4992K, reserved 1048576K
Event: 7.715 GC heap after
Heap after GC invocations=8 (full 2):
 PSYoungGen      total 120320K, used 0K [0x00000000e0000000, 0x00000000e9680000, 0x0000000100000000)
  eden space 119808K, 0% used [0x00000000e0000000,0x00000000e0000000,0x00000000e7500000)
  from space 512K, 0% used [0x00000000e8100000,0x00000000e8100000,0x00000000e8180000)
  to   space 12288K, 0% used [0x00000000e7500000,0x00000000e7500000,0x00000000e8100000)
 ParOldGen       total 117760K, used 18854K [0x00000000a0000000, 0x00000000a7300000, 0x00000000e0000000)
  object space 117760K, 16% used [0x00000000a0000000,0x00000000a12699a8,0x00000000a7300000)
 Metaspace       used 34646K, capacity 35398K, committed 35416K, reserved 1079296K
  class space    used 4787K, capacity 4988K, committed 4992K, reserved 1048576K
}
Event: 9.371 GC heap before
{Heap before GC invocations=9 (full 2):
 PSYoungGen      total 120320K, used 119808K [0x00000000e0000000, 0x00000000e9680000, 0x0000000100000000)
  eden space 119808K, 100% used [0x00000000e0000000,0x00000000e7500000,0x00000000e7500000)
  from space 512K, 0% used [0x00000000e8100000,0x00000000e8100000,0x00000000e8180000)
  to   space 12288K, 0% used [0x00000000e7500000,0x00000000e7500000,0x00000000e8100000)
 ParOldGen       total 117760K, used 18854K [0x00000000a0000000, 0x00000000a7300000, 0x00000000e0000000)
  object space 117760K, 16% used [0x00000000a0000000,0x00000000a12699a8,0x00000000a7300000)
 Metaspace       used 42922K, capacity 43820K, committed 44120K, reserved 1087488K
  class space    used 5925K, capacity 6192K, committed 6272K, reserved 1048576K
Event: 9.383 GC heap after
Heap after GC invocations=9 (full 2):
 PSYoungGen      total 132096K, used 11403K [0x00000000e0000000, 0x00000000eb500000, 0x0000000100000000)
  eden space 119808K, 0% used [0x00000000e0000000,0x00000000e0000000,0x00000000e7500000)
  from space 12288K, 92% used [0x00000000e7500000,0x00000000e8022cc0,0x00000000e8100000)
  to   space 13312K, 0% used [0x00000000ea800000,0x00000000ea800000,0x00000000eb500000)
 ParOldGen       total 117760K, used 18862K [0x00000000a0000000, 0x00000000a7300000, 0x00000000e0000000)
  object space 117760K, 16% used [0x00000000a0000000,0x00000000a126b9a8,0x00000000a7300000)
 Metaspace       used 42922K, capacity 43820K, committed 44120K, reserved 1087488K
  class space    used 5925K, capacity 6192K, committed 6272K, reserved 1048576K
}

