# JRE version: Java(TM) SE Runtime Environment (8.0_121-b13) (build 1.8.0_121-b13)
# Java VM: Java HotSpot(TM) 64-Bit Server VM (25.121-b13 mixed mode linux-amd64 compressed oops)
Heap:
 PSYoungGen      total 120320K, used 79489K [0x00000000e0000000, 0x00000000ea480000, 0x0000000100000000)
  eden space 119808K, 66% used [0x00000000e0000000,0x00000000e4da05c8,0x00000000e7500000)
  from space 512K, 0% used [0x00000000e8100000,0x00000000e8100000,0x00000000e8180000)
  to   space 12288K, 0% used [0x00000000e7500000,0x00000000e7500000,0x00000000e8100000)
 ParOldGen       total 112640K, used 16342K [0x00000000a0000000, 0x00000000a6e00000, 0x00000000e0000000)
  object space 112640K, 14% used [0x00000000a0000000,0x00000000a0ff5900,0x00000000a6e00000)
 Metaspace       used 40593K, capacity 41422K, committed 41728K, reserved 1085440K
  class space    used 5606K, capacity 5832K, committed 5888K, reserved 1048576K
GC Heap History (10 events):
Event: 2.114 GC heap before
{Heap before GC invocations=4 (full 1):
 PSYoungGen      total 68608K, used 5104K [0x00000000e0000000, 0x00000000e8600000, 0x0000000100000000)
  eden space 63488K, 0% used [0x00000000e0000000,0x00000000e0000000,0x00000000e3e00000)
  from space 5120K, 99% used [0x00000000e3e00000,0x00000000e42fc030,0x00000000e4300000)
  to   space 5120K, 0% used [0x00000000e8100000,0x00000000e8100000,0x00000000e8600000)
 ParOldGen       total 84992K, used 7417K [0x00000000a0000000, 0x00000000a5300000, 0x00000000e0000000)
  object space 84992K, 8% used [0x00000000a0000000,0x00000000a073e6c0,0x00000000a5300000)
 Metaspace       used 20809K, capacity 21176K, committed 21296K, reserved 1067008K
  class space    used 2811K, capacity 2933K, committed 2944K, reserved 1048576K
Event: 2.193 GC heap after
Heap after GC invocations=4 (full 1):
 PSYoungGen      total 68608K, used 0K [0x00000000e0000000, 0x00000000e8600000, 0x0000000100000000)
  eden space 63488K, 0% used [0x00000000e0000000,0x00000000e0000000,0x00000000e3e00000)
  from space 5120K, 0% used [0x00000000e3e00000,0x00000000e3e00000,0x00000000e4300000)
  to   space 5120K, 0% used [0x00000000e8100000,0x00000000e8100000,0x00000000e8600000)
 ParOldGen       total 72192K, used 11439K [0x00000000a0000000, 0x00000000a4680000, 0x00000000e0000000)
  object space 72192K, 15% used [0x00000000a0000000,0x00000000a0b2bde0,0x00000000a4680000)
 Metaspace       used 20809K, capacity 21176K, committed 21296K, reserved 1067008K
  class space    used 2811K, capacity 2933K, committed 2944K, reserved 1048576K
}
Event: 3.161 GC heap before
{Heap before GC invocations=5 (full 1):
 PSYoungGen      total 68608K, used 63488K [0x00000000e0000000, 0x00000000e8600000, 0x0000000100000000)
  eden space 63488K, 100% used [0x00000000e0000000,0x00000000e3e00000,0x00000000e3e00000)
  from space 5120K, 0% used [0x00000000e3e00000,0x00000000e3e00000,0x00000000e4300000)
  to   space 5120K, 0% used [0x00000000e8100000,0x00000000e8100000,0x00000000e8600000)
 ParOldGen       total 72192K, used 11439K [0x00000000a0000000, 0x00000000a4680000, 0x00000000e0000000)
  object space 72192K, 15% used [0x00000000a0000000,0x00000000a0b2bde0,0x00000000a4680000)
 Metaspace       used 25703K, capacity 26110K, committed 26368K, reserved 1071104K
  class space    used 3643K, capacity 3736K, committed 3840K, reserved 1048576K
Event: 3.172 GC heap after
Heap after GC invocations=5 (full 1):
 PSYoungGen      total 88576K, used 5101K [0x00000000e0000000, 0x00000000e8600000, 0x0000000100000000)
  eden space 83456K, 0% used [0x00000000e0000000,0x00000000e0000000,0x00000000e5180000)
  from space 5120K, 99% used [0x00000000e8100000,0x00000000e85fb4c8,0x00000000e8600000)
  to   space 5120K, 0% used [0x00000000e7c00000,0x00000000e7c00000,0x00000000e8100000)
 ParOldGen       total 72192K, used 13782K [0x00000000a0000000, 0x00000000a4680000, 0x00000000e0000000)
  object space 72192K, 19% used [0x00000000a0000000,0x00000000a0d75a68,0x00000000a4680000)
 Metaspace       used 25703K, capacity 26110K, committed 26368K, reserved 1071104K
  class space    used 3643K, capacity 3736K, committed 3840K, reserved 1048576K
}
Event: 4.948 GC heap before
{Heap before GC invocations=6 (full 1):
 PSYoungGen      total 88576K, used 88557K [0x00000000e0000000, 0x00000000e8600000, 0x0000000100000000)
  eden space 83456K, 100% used [0x00000000e0000000,0x00000000e5180000,0x00000000e5180000)
  from space 5120K, 99% used [0x00000000e8100000,0x00000000e85fb4c8,0x00000000e8600000)
  to   space 5120K, 0% used [0x00000000e7c00000,0x00000000e7c00000,0x00000000e8100000)
 ParOldGen       total 72192K, used 13782K [0x00000000a0000000, 0x00000000a4680000, 0x00000000e0000000)
  object space 72192K, 19% used [0x00000000a0000000,0x00000000a0d75a68,0x00000000a4680000)
 Metaspace       used 30961K, capacity 31490K, committed 31616K, reserved 1077248K
  class space    used 4286K, capacity 4447K, committed 4480K, reserved 1048576K
Event: 4.966 GC heap after
Heap after GC invocations=6 (full 1):
 PSYoungGen      total 112640K, used 5108K [0x00000000e0000000, 0x00000000e8180000, 0x0000000100000000)
  eden space 107520K, 0% used [0x00000000e0000000,0x00000000e0000000,0x00000000e6900000)
  from space 5120K, 99% used [0x00000000e7c00000,0x00000000e80fd020,0x00000000e8100000)
  to   space 512K, 0% used [0x00000000e8100000,0x00000000e8100000,0x00000000e8180000)
 ParOldGen       total 72192K, used 17183K [0x00000000a0000000, 0x00000000a4680000, 0x00000000e0000000)
  object space 72192K, 23% used [0x00000000a0000000,0x00000000a10c7cc0,0x00000000a4680000)
 Metaspace       used 30961K, capacity 31490K, committed 31616K, reserved 1077248K
  class space    used 4286K, capacity 4447K, committed 4480K, reserved 1048576K
}
Event: 5.541 GC heap before
{Heap before GC invocations=7 (full 1):
 PSYoungGen      total 112640K, used 60095K [0x00000000e0000000, 0x00000000e8180000, 0x0000000100000000)
  eden space 107520K, 51% used [0x00000000e0000000,0x00000000e35b2dd8,0x00000000e6900000)
  from space 5120K, 99% used [0x00000000e7c00000,0x00000000e80fd020,0x00000000e8100000)
  to   space 512K, 0% used [0x00000000e8100000,0x00000000e8100000,0x00000000e8180000)
 ParOldGen       total 72192K, used 17183K [0x00000000a0000000, 0x00000000a4680000, 0x00000000e0000000)
  object space 72192K, 23% used [0x00000000a0000000,0x00000000a10c7cc0,0x00000000a4680000)
 Metaspace       used 34733K, capacity 35306K, committed 35456K, reserved 1079296K
  class space    used 4763K, capacity 4951K, committed 4992K, reserved 1048576K
Event: 5.559 GC heap after
Heap after GC invocations=7 (full 1):
 PSYoungGen      total 120320K, used 512K [0x00000000e0000000, 0x00000000ea480000, 0x0000000100000000)
  eden space 119808K, 0% used [0x00000000e0000000,0x00000000e0000000,0x00000000e7500000)
  from space 512K, 100% used [0x00000000e8100000,0x00000000e8180000,0x00000000e8180000)
  to   space 12288K, 0% used [0x00000000e7500000,0x00000000e7500000,0x00000000e8100000)
 ParOldGen       total 72192K, used 26209K [0x00000000a0000000, 0x00000000a4680000, 0x00000000e0000000)
  object space 72192K, 36% used [0x00000000a0000000,0x00000000a1998468,0x00000000a4680000)
 Metaspace       used 34733K, capacity 35306K, committed 35456K, reserved 1079296K
  class space    used 4763K, capacity 4951K, committed 4992K, reserved 1048576K
}
Event: 5.559 GC heap before
{Heap before GC invocations=8 (full 2):
 PSYoungGen      total 120320K, used 512K [0x00000000e0000000, 0x00000000ea480000, 0x0000000100000000)
  eden space 119808K, 0% used [0x00000000e0000000,0x00000000e0000000,0x00000000e7500000)
  from space 512K, 100% used [0x00000000e8100000,0x00000000e8180000,0x00000000e8180000)
  to   space 12288K, 0% used [0x00000000e7500000,0x00000000e7500000,0x00000000e8100000)
 ParOldGen       total 72192K, used 26209K [0x00000000a0000000, 0x00000000a4680000, 0x00000000e0000000)
  object space 72192K, 36% used [0x00000000a0000000,0x00000000a1998468,0x00000000a4680000)
 Metaspace       used 34733K, capacity 35306K, committed 35456K, reserved 1079296K
  class space    used 4763K, capacity 4951K, committed 4992K, reserved 1048576K
Event: 5.654 GC heap after
Heap after GC invocations=8 (full 2):
 PSYoungGen      total 120320K, used 0K [0x00000000e0000000, 0x00000000ea480000, 0x0000000100000000)
  eden space 119808K, 0% used [0x00000000e0000000,0x00000000e0000000,0x00000000e7500000)
  from space 512K, 0% used [0x00000000e8100000,0x00000000e8100000,0x00000000e8180000)
  to   space 12288K, 0% used [0x00000000e7500000,0x00000000e7500000,0x00000000e8100000)
 ParOldGen       total 112640K, used 16342K [0x00000000a0000000, 0x00000000a6e00000, 0x00000000e0000000)
  object space 112640K, 14% used [0x00000000a0000000,0x00000000a0ff5900,0x00000000a6e00000)
 Metaspace       used 34733K, capacity 35306K, committed 35456K, reserved 1079296K
  class space    used 4763K, capacity 4951K, committed 4992K, reserved 1048576K
}

