# JRE version: Java(TM) SE Runtime Environment (8.0_121-b13) (build 1.8.0_121-b13)
# Java VM: Java HotSpot(TM) 64-Bit Server VM (25.121-b13 mixed mode linux-amd64 compressed oops)
Heap:
 PSYoungGen      total 305152K, used 15209K [0x00000000e0000000, 0x00000000f4b00000, 0x0000000100000000)
  eden space 283648K, 1% used [0x00000000e0000000,0x00000000e0314088,0x00000000f1500000)
  from space 21504K, 56% used [0x00000000f3600000,0x00000000f41c66f0,0x00000000f4b00000)
  to   space 27648K, 0% used [0x00000000f1500000,0x00000000f1500000,0x00000000f3000000)
 ParOldGen       total 135168K, used 46220K [0x00000000a0000000, 0x00000000a8400000, 0x00000000e0000000)
  object space 135168K, 34% used [0x00000000a0000000,0x00000000a2d233e0,0x00000000a8400000)
 Metaspace       used 60218K, capacity 63052K, committed 63320K, reserved 1103872K
  class space    used 8163K, capacity 8725K, committed 8832K, reserved 1048576K
GC Heap History (10 events):
Event: 37.403 GC heap before
{Heap before GC invocations=17 (full 2):
 PSYoungGen      total 182272K, used 63078K [0x00000000e0000000, 0x00000000ecd00000, 0x0000000100000000)
  eden space 159744K, 26% used [0x00000000e0000000,0x00000000e29dcc80,0x00000000e9c00000)
  from space 22528K, 89% used [0x00000000eb600000,0x00000000ec9bcea8,0x00000000ecc00000)
  to   space 25088K, 0% used [0x00000000e9c00000,0x00000000e9c00000,0x00000000eb480000)
 ParOldGen       total 91648K, used 32907K [0x00000000a0000000, 0x00000000a5980000, 0x00000000e0000000)
  object space 91648K, 35% used [0x00000000a0000000,0x00000000a2022ce8,0x00000000a5980000)
 Metaspace       used 56431K, capacity 58926K, committed 59028K, reserved 1099776K
  class space    used 7802K, capacity 8346K, committed 8448K, reserved 1048576K
Event: 37.435 GC heap after
Heap after GC invocations=17 (full 2):
 PSYoungGen      total 184832K, used 16720K [0x00000000e0000000, 0x00000000f1500000, 0x0000000100000000)
  eden space 159744K, 0% used [0x00000000e0000000,0x00000000e0000000,0x00000000e9c00000)
  from space 25088K, 66% used [0x00000000e9c00000,0x00000000eac54040,0x00000000eb480000)
  to   space 25600K, 0% used [0x00000000efc00000,0x00000000efc00000,0x00000000f1500000)
 ParOldGen       total 91648K, used 37147K [0x00000000a0000000, 0x00000000a5980000, 0x00000000e0000000)
  object space 91648K, 40% used [0x00000000a0000000,0x00000000a2446f90,0x00000000a5980000)
 Metaspace       used 56431K, capacity 58926K, committed 59028K, reserved 1099776K
  class space    used 7802K, capacity 8346K, committed 8448K, reserved 1048576K
}
Event: 37.435 GC heap before
{Heap before GC invocations=18 (full 3):
 PSYoungGen      total 184832K, used 16720K [0x00000000e0000000, 0x00000000f1500000, 0x0000000100000000)
  eden space 159744K, 0% used [0x00000000e0000000,0x00000000e0000000,0x00000000e9c00000)
  from space 25088K, 66% used [0x00000000e9c00000,0x00000000eac54040,0x00000000eb480000)
  to   space 25600K, 0% used [0x00000000efc00000,0x00000000efc00000,0x00000000f1500000)
 ParOldGen       total 91648K, used 37147K [0x00000000a0000000, 0x00000000a5980000, 0x00000000e0000000)
  object space 91648K, 40% used [0x00000000a0000000,0x00000000a2446f90,0x00000000a5980000)
 Metaspace       used 56431K, capacity 58926K, committed 59028K, reserved 1099776K
  class space    used 7802K, capacity 8346K, committed 8448K, reserved 1048576K
Event: 37.700 GC heap after
Heap after GC invocations=18 (full 3):
 PSYoungGen      total 184832K, used 0K [0x00000000e0000000, 0x00000000f1500000, 0x0000000100000000)
  eden space 159744K, 0% used [0x00000000e0000000,0x00000000e0000000,0x00000000e9c00000)
  from space 25088K, 0% used [0x00000000e9c00000,0x00000000e9c00000,0x00000000eb480000)
  to   space 25600K, 0% used [0x00000000efc00000,0x00000000efc00000,0x00000000f1500000)
 ParOldGen       total 135168K, used 44237K [0x00000000a0000000, 0x00000000a8400000, 0x00000000e0000000)
  object space 135168K, 32% used [0x00000000a0000000,0x00000000a2b33520,0x00000000a8400000)
 Metaspace       used 56431K, capacity 58926K, committed 59028K, reserved 1099776K
  class space    used 7802K, capacity 8346K, committed 8448K, reserved 1048576K
}
Event: 44.184 GC heap before
{Heap before GC invocations=19 (full 3):
 PSYoungGen      total 184832K, used 159744K [0x00000000e0000000, 0x00000000f1500000, 0x0000000100000000)
  eden space 159744K, 100% used [0x00000000e0000000,0x00000000e9c00000,0x00000000e9c00000)
  from space 25088K, 0% used [0x00000000e9c00000,0x00000000e9c00000,0x00000000eb480000)
  to   space 25600K, 0% used [0x00000000efc00000,0x00000000efc00000,0x00000000f1500000)
 ParOldGen       total 135168K, used 44237K [0x00000000a0000000, 0x00000000a8400000, 0x00000000e0000000)
  object space 135168K, 32% used [0x00000000a0000000,0x00000000a2b33520,0x00000000a8400000)
 Metaspace       used 59013K, capacity 61578K, committed 61912K, reserved 1101824K
  class space    used 8082K, capacity 8592K, committed 8704K, reserved 1048576K
Event: 44.196 GC heap after
Heap after GC invocations=19 (full 3):
 PSYoungGen      total 246784K, used 7002K [0x00000000e0000000, 0x00000000f0f00000, 0x0000000100000000)
  eden space 227328K, 0% used [0x00000000e0000000,0x00000000e0000000,0x00000000ede00000)
  from space 19456K, 35% used [0x00000000efc00000,0x00000000f02d69e0,0x00000000f0f00000)
  to   space 25088K, 0% used [0x00000000ede00000,0x00000000ede00000,0x00000000ef680000)
 ParOldGen       total 135168K, used 44245K [0x00000000a0000000, 0x00000000a8400000, 0x00000000e0000000)
  object space 135168K, 32% used [0x00000000a0000000,0x00000000a2b35520,0x00000000a8400000)
 Metaspace       used 59013K, capacity 61578K, committed 61912K, reserved 1101824K
  class space    used 8082K, capacity 8592K, committed 8704K, reserved 1048576K
}
Event: 46.262 GC heap before
{Heap before GC invocations=20 (full 3):
 PSYoungGen      total 246784K, used 234330K [0x00000000e0000000, 0x00000000f0f00000, 0x0000000100000000)
  eden space 227328K, 100% used [0x00000000e0000000,0x00000000ede00000,0x00000000ede00000)
  from space 19456K, 35% used [0x00000000efc00000,0x00000000f02d69e0,0x00000000f0f00000)
  to   space 25088K, 0% used [0x00000000ede00000,0x00000000ede00000,0x00000000ef680000)
 ParOldGen       total 135168K, used 44245K [0x00000000a0000000, 0x00000000a8400000, 0x00000000e0000000)
  object space 135168K, 32% used [0x00000000a0000000,0x00000000a2b35520,0x00000000a8400000)
 Metaspace       used 59611K, capacity 62180K, committed 62424K, reserved 1103872K
  class space    used 8119K, capacity 8661K, committed 8704K, reserved 1048576K
Event: 46.287 GC heap after
Heap after GC invocations=20 (full 3):
 PSYoungGen      total 252416K, used 25083K [0x00000000e0000000, 0x00000000f5200000, 0x0000000100000000)
  eden space 227328K, 0% used [0x00000000e0000000,0x00000000e0000000,0x00000000ede00000)
  from space 25088K, 99% used [0x00000000ede00000,0x00000000ef67ee50,0x00000000ef680000)
  to   space 28672K, 0% used [0x00000000f3600000,0x00000000f3600000,0x00000000f5200000)
 ParOldGen       total 135168K, used 44253K [0x00000000a0000000, 0x00000000a8400000, 0x00000000e0000000)
  object space 135168K, 32% used [0x00000000a0000000,0x00000000a2b37520,0x00000000a8400000)
 Metaspace       used 59611K, capacity 62180K, committed 62424K, reserved 1103872K
  class space    used 8119K, capacity 8661K, committed 8704K, reserved 1048576K
}
Event: 56.265 GC heap before
{Heap before GC invocations=21 (full 3):
 PSYoungGen      total 252416K, used 252411K [0x00000000e0000000, 0x00000000f5200000, 0x0000000100000000)
  eden space 227328K, 100% used [0x00000000e0000000,0x00000000ede00000,0x00000000ede00000)
  from space 25088K, 99% used [0x00000000ede00000,0x00000000ef67ee50,0x00000000ef680000)
  to   space 28672K, 0% used [0x00000000f3600000,0x00000000f3600000,0x00000000f5200000)
 ParOldGen       total 135168K, used 44253K [0x00000000a0000000, 0x00000000a8400000, 0x00000000e0000000)
  object space 135168K, 32% used [0x00000000a0000000,0x00000000a2b37520,0x00000000a8400000)
 Metaspace       used 60218K, capacity 63052K, committed 63320K, reserved 1103872K
  class space    used 8163K, capacity 8725K, committed 8832K, reserved 1048576K
Event: 56.298 GC heap after
Heap after GC invocations=21 (full 3):
 PSYoungGen      total 305152K, used 12057K [0x00000000e0000000, 0x00000000f4b00000, 0x0000000100000000)
  eden space 283648K, 0% used [0x00000000e0000000,0x00000000e0000000,0x00000000f1500000)
  from space 21504K, 56% used [0x00000000f3600000,0x00000000f41c66f0,0x00000000f4b00000)
  to   space 27648K, 0% used [0x00000000f1500000,0x00000000f1500000,0x00000000f3000000)
 ParOldGen       total 135168K, used 46220K [0x00000000a0000000, 0x00000000a8400000, 0x00000000e0000000)
  object space 135168K, 34% used [0x00000000a0000000,0x00000000a2d233e0,0x00000000a8400000)
 Metaspace       used 60218K, capacity 63052K, committed 63320K, reserved 1103872K
  class space    used 8163K, capacity 8725K, committed 8832K, reserved 1048576K
}

