# JRE version: Java(TM) SE Runtime Environment (8.0_121-b13) (build 1.8.0_121-b13)
# Java VM: Java HotSpot(TM) 64-Bit Server VM (25.121-b13 mixed mode linux-amd64 compressed oops)
Heap:
 PSYoungGen      total 120320K, used 480K [0x00000000e0000000, 0x00000000e9900000, 0x0000000100000000)
  eden space 119808K, 0% used [0x00000000e0000000,0x00000000e0000000,0x00000000e7500000)
  from space 512K, 93% used [0x00000000e8100000,0x00000000e8178010,0x00000000e8180000)
  to   space 12288K, 0% used [0x00000000e7500000,0x00000000e7500000,0x00000000e8100000)
 ParOldGen       total 73216K, used 26147K [0x00000000a0000000, 0x00000000a4780000, 0x00000000e0000000)
  object space 73216K, 35% used [0x00000000a0000000,0x00000000a1988f30,0x00000000a4780000)
 Metaspace       used 34607K, capacity 35174K, committed 35456K, reserved 1079296K
  class space    used 4741K, capacity 4887K, committed 4992K, reserved 1048576K
GC Heap History (10 events):
Event: 2.056 GC heap after
Heap after GC invocations=3 (full 0):
 PSYoungGen      total 68608K, used 5088K [0x00000000e0000000, 0x00000000e8600000, 0x0000000100000000)
  eden space 63488K, 0% used [0x00000000e0000000,0x00000000e0000000,0x00000000e3e00000)
  from space 5120K, 99% used [0x00000000e3e00000,0x00000000e42f8010,0x00000000e4300000)
  to   space 5120K, 0% used [0x00000000e8100000,0x00000000e8100000,0x00000000e8600000)
 ParOldGen       total 84992K, used 7348K [0x00000000a0000000, 0x00000000a5300000, 0x00000000e0000000)
  object space 84992K, 8% used [0x00000000a0000000,0x00000000a072d210,0x00000000a5300000)
 Metaspace       used 20812K, capacity 21148K, committed 21296K, reserved 1067008K
  class space    used 2808K, capacity 2929K, committed 2944K, reserved 1048576K
}
Event: 2.056 GC heap before
{Heap before GC invocations=4 (full 1):
 PSYoungGen      total 68608K, used 5088K [0x00000000e0000000, 0x00000000e8600000, 0x0000000100000000)
  eden space 63488K, 0% used [0x00000000e0000000,0x00000000e0000000,0x00000000e3e00000)
  from space 5120K, 99% used [0x00000000e3e00000,0x00000000e42f8010,0x00000000e4300000)
  to   space 5120K, 0% used [0x00000000e8100000,0x00000000e8100000,0x00000000e8600000)
 ParOldGen       total 84992K, used 7348K [0x00000000a0000000, 0x00000000a5300000, 0x00000000e0000000)
  object space 84992K, 8% used [0x00000000a0000000,0x00000000a072d210,0x00000000a5300000)
 Metaspace       used 20812K, capacity 21148K, committed 21296K, reserved 1067008K
  class space    used 2808K, capacity 2929K, committed 2944K, reserved 1048576K
Event: 2.139 GC heap after
Heap after GC invocations=4 (full 1):
 PSYoungGen      total 68608K, used 0K [0x00000000e0000000, 0x00000000e8600000, 0x0000000100000000)
  eden space 63488K, 0% used [0x00000000e0000000,0x00000000e0000000,0x00000000e3e00000)
  from space 5120K, 0% used [0x00000000e3e00000,0x00000000e3e00000,0x00000000e4300000)
  to   space 5120K, 0% used [0x00000000e8100000,0x00000000e8100000,0x00000000e8600000)
 ParOldGen       total 73216K, used 11357K [0x00000000a0000000, 0x00000000a4780000, 0x00000000e0000000)
  object space 73216K, 15% used [0x00000000a0000000,0x00000000a0b17508,0x00000000a4780000)
 Metaspace       used 20812K, capacity 21148K, committed 21296K, reserved 1067008K
  class space    used 2808K, capacity 2929K, committed 2944K, reserved 1048576K
}
Event: 3.098 GC heap before
{Heap before GC invocations=5 (full 1):
 PSYoungGen      total 68608K, used 63488K [0x00000000e0000000, 0x00000000e8600000, 0x0000000100000000)
  eden space 63488K, 100% used [0x00000000e0000000,0x00000000e3e00000,0x00000000e3e00000)
  from space 5120K, 0% used [0x00000000e3e00000,0x00000000e3e00000,0x00000000e4300000)
  to   space 5120K, 0% used [0x00000000e8100000,0x00000000e8100000,0x00000000e8600000)
 ParOldGen       total 73216K, used 11357K [0x00000000a0000000, 0x00000000a4780000, 0x00000000e0000000)
  object space 73216K, 15% used [0x00000000a0000000,0x00000000a0b17508,0x00000000a4780000)
 Metaspace       used 25721K, capacity 26170K, committed 26368K, reserved 1071104K
  class space    used 3645K, capacity 3736K, committed 3840K, reserved 1048576K
Event: 3.108 GC heap after
Heap after GC invocations=5 (full 1):
 PSYoungGen      total 85504K, used 5113K [0x00000000e0000000, 0x00000000e8600000, 0x0000000100000000)
  eden space 80384K, 0% used [0x00000000e0000000,0x00000000e0000000,0x00000000e4e80000)
  from space 5120K, 99% used [0x00000000e8100000,0x00000000e85fe6a8,0x00000000e8600000)
  to   space 5120K, 0% used [0x00000000e7c00000,0x00000000e7c00000,0x00000000e8100000)
 ParOldGen       total 73216K, used 13834K [0x00000000a0000000, 0x00000000a4780000, 0x00000000e0000000)
  object space 73216K, 18% used [0x00000000a0000000,0x00000000a0d82958,0x00000000a4780000)
 Metaspace       used 25721K, capacity 26170K, committed 26368K, reserved 1071104K
  class space    used 3645K, capacity 3736K, committed 3840K, reserved 1048576K
}
Event: 4.821 GC heap before
{Heap before GC invocations=6 (full 1):
 PSYoungGen      total 85504K, used 85497K [0x00000000e0000000, 0x00000000e8600000, 0x0000000100000000)
  eden space 80384K, 100% used [0x00000000e0000000,0x00000000e4e80000,0x00000000e4e80000)
  from space 5120K, 99% used [0x00000000e8100000,0x00000000e85fe6a8,0x00000000e8600000)
  to   space 5120K, 0% used [0x00000000e7c00000,0x00000000e7c00000,0x00000000e8100000)
 ParOldGen       total 73216K, used 13834K [0x00000000a0000000, 0x00000000a4780000, 0x00000000e0000000)
  object space 73216K, 18% used [0x00000000a0000000,0x00000000a0d82958,0x00000000a4780000)
 Metaspace       used 30624K, capacity 31092K, committed 31360K, reserved 1077248K
  class space    used 4239K, capacity 4376K, committed 4480K, reserved 1048576K
Event: 4.839 GC heap after
Heap after GC invocations=6 (full 1):
 PSYoungGen      total 105984K, used 5104K [0x00000000e0000000, 0x00000000e8180000, 0x0000000100000000)
  eden space 100864K, 0% used [0x00000000e0000000,0x00000000e0000000,0x00000000e6280000)
  from space 5120K, 99% used [0x00000000e7c00000,0x00000000e80fc020,0x00000000e8100000)
  to   space 512K, 0% used [0x00000000e8100000,0x00000000e8100000,0x00000000e8180000)
 ParOldGen       total 73216K, used 16903K [0x00000000a0000000, 0x00000000a4780000, 0x00000000e0000000)
  object space 73216K, 23% used [0x00000000a0000000,0x00000000a1081f38,0x00000000a4780000)
 Metaspace       used 30624K, capacity 31092K, committed 31360K, reserved 1077248K
  class space    used 4239K, capacity 4376K, committed 4480K, reserved 1048576K
}
Event: 5.544 GC heap before
{Heap before GC invocations=7 (full 1):
 PSYoungGen      total 105984K, used 61655K [0x00000000e0000000, 0x00000000e8180000, 0x0000000100000000)
  eden space 100864K, 56% used [0x00000000e0000000,0x00000000e3739f90,0x00000000e6280000)
  from space 5120K, 99% used [0x00000000e7c00000,0x00000000e80fc020,0x00000000e8100000)
  to   space 512K, 0% used [0x00000000e8100000,0x00000000e8100000,0x00000000e8180000)
 ParOldGen       total 73216K, used 16903K [0x00000000a0000000, 0x00000000a4780000, 0x00000000e0000000)
  object space 73216K, 23% used [0x00000000a0000000,0x00000000a1081f38,0x00000000a4780000)
 Metaspace       used 34607K, capacity 35174K, committed 35456K, reserved 1079296K
  class space    used 4741K, capacity 4887K, committed 4992K, reserved 1048576K
Event: 5.566 GC heap after
Heap after GC invocations=7 (full 1):
 PSYoungGen      total 120320K, used 480K [0x00000000e0000000, 0x00000000e9900000, 0x0000000100000000)
  eden space 119808K, 0% used [0x00000000e0000000,0x00000000e0000000,0x00000000e7500000)
  from space 512K, 93% used [0x00000000e8100000,0x00000000e8178010,0x00000000e8180000)
  to   space 12288K, 0% used [0x00000000e7500000,0x00000000e7500000,0x00000000e8100000)
 ParOldGen       total 73216K, used 26147K [0x00000000a0000000, 0x00000000a4780000, 0x00000000e0000000)
  object space 73216K, 35% used [0x00000000a0000000,0x00000000a1988f30,0x00000000a4780000)
 Metaspace       used 34607K, capacity 35174K, committed 35456K, reserved 1079296K
  class space    used 4741K, capacity 4887K, committed 4992K, reserved 1048576K
}
Event: 5.566 GC heap before
{Heap before GC invocations=8 (full 2):
 PSYoungGen      total 120320K, used 480K [0x00000000e0000000, 0x00000000e9900000, 0x0000000100000000)
  eden space 119808K, 0% used [0x00000000e0000000,0x00000000e0000000,0x00000000e7500000)
  from space 512K, 93% used [0x00000000e8100000,0x00000000e8178010,0x00000000e8180000)
  to   space 12288K, 0% used [0x00000000e7500000,0x00000000e7500000,0x00000000e8100000)
 ParOldGen       total 73216K, used 26147K [0x00000000a0000000, 0x00000000a4780000, 0x00000000e0000000)
  object space 73216K, 35% used [0x00000000a0000000,0x00000000a1988f30,0x00000000a4780000)
 Metaspace       used 34607K, capacity 35174K, committed 35456K, reserved 1079296K
  class space    used 4741K, capacity 4887K, committed 4992K, reserved 1048576K

