# JRE version: Java(TM) SE Runtime Environment (8.0_121-b13) (build 1.8.0_121-b13)
# Java VM: Java HotSpot(TM) 64-Bit Server VM (25.121-b13 mixed mode linux-amd64 compressed oops)
Heap:
 PSYoungGen      total 126464K, used 62547K [0x00000000e0000000, 0x00000000ea400000, 0x0000000100000000)
  eden space 114176K, 44% used [0x00000000e0000000,0x00000000e311c910,0x00000000e6f80000)
  from space 12288K, 99% used [0x00000000e6f80000,0x00000000e7b785c8,0x00000000e7b80000)
  to   space 14848K, 0% used [0x00000000e9580000,0x00000000e9580000,0x00000000ea400000)
 ParOldGen       total 107008K, used 20479K [0x00000000a0000000, 0x00000000a6880000, 0x00000000e0000000)
  object space 107008K, 19% used [0x00000000a0000000,0x00000000a13ffde0,0x00000000a6880000)
 Metaspace       used 48558K, capacity 50188K, committed 50392K, reserved 1093632K
  class space    used 6777K, capacity 7159K, committed 7168K, reserved 1048576K
GC Heap History (10 events):
Event: 4.431 GC heap before
{Heap before GC invocations=7 (full 1):
 PSYoungGen      total 68608K, used 68593K [0x00000000e0000000, 0x00000000e6980000, 0x0000000100000000)
  eden space 63488K, 100% used [0x00000000e0000000,0x00000000e3e00000,0x00000000e3e00000)
  from space 5120K, 99% used [0x00000000e3e00000,0x00000000e42fc580,0x00000000e4300000)
  to   space 10752K, 0% used [0x00000000e5f00000,0x00000000e5f00000,0x00000000e6980000)
 ParOldGen       total 66048K, used 11947K [0x00000000a0000000, 0x00000000a4080000, 0x00000000e0000000)
  object space 66048K, 18% used [0x00000000a0000000,0x00000000a0baaf58,0x00000000a4080000)
 Metaspace       used 29579K, capacity 30170K, committed 30464K, reserved 1075200K
  class space    used 4145K, capacity 4285K, committed 4352K, reserved 1048576K
Event: 4.444 GC heap after
Heap after GC invocations=7 (full 1):
 PSYoungGen      total 94208K, used 6888K [0x00000000e0000000, 0x00000000e6780000, 0x0000000100000000)
  eden space 85504K, 0% used [0x00000000e0000000,0x00000000e0000000,0x00000000e5380000)
  from space 8704K, 79% used [0x00000000e5f00000,0x00000000e65ba268,0x00000000e6780000)
  to   space 10240K, 0% used [0x00000000e5380000,0x00000000e5380000,0x00000000e5d80000)
 ParOldGen       total 66048K, used 11955K [0x00000000a0000000, 0x00000000a4080000, 0x00000000e0000000)
  object space 66048K, 18% used [0x00000000a0000000,0x00000000a0bacf58,0x00000000a4080000)
 Metaspace       used 29579K, capacity 30170K, committed 30464K, reserved 1075200K
  class space    used 4145K, capacity 4285K, committed 4352K, reserved 1048576K
}
Event: 5.496 GC heap before
{Heap before GC invocations=8 (full 1):
 PSYoungGen      total 94208K, used 63817K [0x00000000e0000000, 0x00000000e6780000, 0x0000000100000000)
  eden space 85504K, 66% used [0x00000000e0000000,0x00000000e3798380,0x00000000e5380000)
  from space 8704K, 79% used [0x00000000e5f00000,0x00000000e65ba268,0x00000000e6780000)
  to   space 10240K, 0% used [0x00000000e5380000,0x00000000e5380000,0x00000000e5d80000)
 ParOldGen       total 66048K, used 11955K [0x00000000a0000000, 0x00000000a4080000, 0x00000000e0000000)
  object space 66048K, 18% used [0x00000000a0000000,0x00000000a0bacf58,0x00000000a4080000)
 Metaspace       used 34679K, capacity 35392K, committed 35416K, reserved 1079296K
  class space    used 4787K, capacity 4987K, committed 4992K, reserved 1048576K
Event: 5.512 GC heap after
Heap after GC invocations=8 (full 1):
 PSYoungGen      total 95744K, used 10210K [0x00000000e0000000, 0x00000000e8700000, 0x0000000100000000)
  eden space 85504K, 0% used [0x00000000e0000000,0x00000000e0000000,0x00000000e5380000)
  from space 10240K, 99% used [0x00000000e5380000,0x00000000e5d78890,0x00000000e5d80000)
  to   space 11776K, 0% used [0x00000000e7b80000,0x00000000e7b80000,0x00000000e8700000)
 ParOldGen       total 66048K, used 12978K [0x00000000a0000000, 0x00000000a4080000, 0x00000000e0000000)
  object space 66048K, 19% used [0x00000000a0000000,0x00000000a0cacb70,0x00000000a4080000)
 Metaspace       used 34679K, capacity 35392K, committed 35416K, reserved 1079296K
  class space    used 4787K, capacity 4987K, committed 4992K, reserved 1048576K
}
Event: 5.512 GC heap before
{Heap before GC invocations=9 (full 2):
 PSYoungGen      total 95744K, used 10210K [0x00000000e0000000, 0x00000000e8700000, 0x0000000100000000)
  eden space 85504K, 0% used [0x00000000e0000000,0x00000000e0000000,0x00000000e5380000)
  from space 10240K, 99% used [0x00000000e5380000,0x00000000e5d78890,0x00000000e5d80000)
  to   space 11776K, 0% used [0x00000000e7b80000,0x00000000e7b80000,0x00000000e8700000)
 ParOldGen       total 66048K, used 12978K [0x00000000a0000000, 0x00000000a4080000, 0x00000000e0000000)
  object space 66048K, 19% used [0x00000000a0000000,0x00000000a0cacb70,0x00000000a4080000)
 Metaspace       used 34679K, capacity 35392K, committed 35416K, reserved 1079296K
  class space    used 4787K, capacity 4987K, committed 4992K, reserved 1048576K
Event: 5.595 GC heap after
Heap after GC invocations=9 (full 2):
 PSYoungGen      total 95744K, used 0K [0x00000000e0000000, 0x00000000e8700000, 0x0000000100000000)
  eden space 85504K, 0% used [0x00000000e0000000,0x00000000e0000000,0x00000000e5380000)
  from space 10240K, 0% used [0x00000000e5380000,0x00000000e5380000,0x00000000e5d80000)
  to   space 11776K, 0% used [0x00000000e7b80000,0x00000000e7b80000,0x00000000e8700000)
 ParOldGen       total 107008K, used 17363K [0x00000000a0000000, 0x00000000a6880000, 0x00000000e0000000)
  object space 107008K, 16% used [0x00000000a0000000,0x00000000a10f4e80,0x00000000a6880000)
 Metaspace       used 34679K, capacity 35392K, committed 35416K, reserved 1079296K
  class space    used 4787K, capacity 4987K, committed 4992K, reserved 1048576K
}
Event: 6.506 GC heap before
{Heap before GC invocations=10 (full 2):
 PSYoungGen      total 95744K, used 85504K [0x00000000e0000000, 0x00000000e8700000, 0x0000000100000000)
  eden space 85504K, 100% used [0x00000000e0000000,0x00000000e5380000,0x00000000e5380000)
  from space 10240K, 0% used [0x00000000e5380000,0x00000000e5380000,0x00000000e5d80000)
  to   space 11776K, 0% used [0x00000000e7b80000,0x00000000e7b80000,0x00000000e8700000)
 ParOldGen       total 107008K, used 17363K [0x00000000a0000000, 0x00000000a6880000, 0x00000000e0000000)
  object space 107008K, 16% used [0x00000000a0000000,0x00000000a10f4e80,0x00000000a6880000)
 Metaspace       used 39008K, capacity 39950K, committed 40280K, reserved 1083392K
  class space    used 5388K, capacity 5635K, committed 5760K, reserved 1048576K
Event: 6.519 GC heap after
Heap after GC invocations=10 (full 2):
 PSYoungGen      total 125952K, used 9036K [0x00000000e0000000, 0x00000000e8900000, 0x0000000100000000)
  eden space 114176K, 0% used [0x00000000e0000000,0x00000000e0000000,0x00000000e6f80000)
  from space 11776K, 76% used [0x00000000e7b80000,0x00000000e8453358,0x00000000e8700000)
  to   space 12288K, 0% used [0x00000000e6f80000,0x00000000e6f80000,0x00000000e7b80000)
 ParOldGen       total 107008K, used 17371K [0x00000000a0000000, 0x00000000a6880000, 0x00000000e0000000)
  object space 107008K, 16% used [0x00000000a0000000,0x00000000a10f6e80,0x00000000a6880000)
 Metaspace       used 39008K, capacity 39950K, committed 40280K, reserved 1083392K
  class space    used 5388K, capacity 5635K, committed 5760K, reserved 1048576K
}
Event: 7.948 GC heap before
{Heap before GC invocations=11 (full 2):
 PSYoungGen      total 125952K, used 123212K [0x00000000e0000000, 0x00000000e8900000, 0x0000000100000000)
  eden space 114176K, 100% used [0x00000000e0000000,0x00000000e6f80000,0x00000000e6f80000)
  from space 11776K, 76% used [0x00000000e7b80000,0x00000000e8453358,0x00000000e8700000)
  to   space 12288K, 0% used [0x00000000e6f80000,0x00000000e6f80000,0x00000000e7b80000)
 ParOldGen       total 107008K, used 17371K [0x00000000a0000000, 0x00000000a6880000, 0x00000000e0000000)
  object space 107008K, 16% used [0x00000000a0000000,0x00000000a10f6e80,0x00000000a6880000)
 Metaspace       used 46082K, capacity 47422K, committed 47704K, reserved 1089536K
  class space    used 6384K, capacity 6663K, committed 6784K, reserved 1048576K
Event: 7.971 GC heap after
Heap after GC invocations=11 (full 2):
 PSYoungGen      total 126464K, used 12257K [0x00000000e0000000, 0x00000000ea400000, 0x0000000100000000)
  eden space 114176K, 0% used [0x00000000e0000000,0x00000000e0000000,0x00000000e6f80000)
  from space 12288K, 99% used [0x00000000e6f80000,0x00000000e7b785c8,0x00000000e7b80000)
  to   space 14848K, 0% used [0x00000000e9580000,0x00000000e9580000,0x00000000ea400000)
 ParOldGen       total 107008K, used 20479K [0x00000000a0000000, 0x00000000a6880000, 0x00000000e0000000)
  object space 107008K, 19% used [0x00000000a0000000,0x00000000a13ffde0,0x00000000a6880000)
 Metaspace       used 46082K, capacity 47422K, committed 47704K, reserved 1089536K
  class space    used 6384K, capacity 6663K, committed 6784K, reserved 1048576K
}

