# JRE version: Java(TM) SE Runtime Environment (8.0_121-b13) (build 1.8.0_121-b13)
# Java VM: Java HotSpot(TM) 64-Bit Server VM (25.121-b13 mixed mode linux-amd64 compressed oops)
Heap:
 PSYoungGen      total 121856K, used 121839K [0x00000000e0000000, 0x00000000eb200000, 0x0000000100000000)
  eden space 107520K, 100% used [0x00000000e0000000,0x00000000e6900000,0x00000000e6900000)
  from space 14336K, 99% used [0x00000000e6900000,0x00000000e76fbff0,0x00000000e7700000)
  to   space 19456K, 99% used [0x00000000e9f00000,0x00000000eb1f8e08,0x00000000eb200000)
 ParOldGen       total 95744K, used 29534K [0x00000000a0000000, 0x00000000a5d80000, 0x00000000e0000000)
  object space 95744K, 30% used [0x00000000a0000000,0x00000000a1cd7b50,0x00000000a5d80000)
 Metaspace       used 53515K, capacity 55784K, committed 55896K, reserved 1097728K
  class space    used 7500K, capacity 8061K, committed 8064K, reserved 1048576K
GC Heap History (10 events):
Event: 13.946 GC heap after
Heap after GC invocations=11 (full 2):
 PSYoungGen      total 73728K, used 0K [0x00000000e0000000, 0x00000000e6880000, 0x0000000100000000)
  eden space 62976K, 0% used [0x00000000e0000000,0x00000000e0000000,0x00000000e3d80000)
  from space 10752K, 0% used [0x00000000e3d80000,0x00000000e3d80000,0x00000000e4800000)
  to   space 11264K, 0% used [0x00000000e5d80000,0x00000000e5d80000,0x00000000e6880000)
 ParOldGen       total 95744K, used 15381K [0x00000000a0000000, 0x00000000a5d80000, 0x00000000e0000000)
  object space 95744K, 16% used [0x00000000a0000000,0x00000000a0f05530,0x00000000a5d80000)
 Metaspace       used 34532K, capacity 35312K, committed 35416K, reserved 1079296K
  class space    used 4783K, capacity 4987K, committed 4992K, reserved 1048576K
}
Event: 14.930 GC heap before
{Heap before GC invocations=12 (full 2):
 PSYoungGen      total 73728K, used 62976K [0x00000000e0000000, 0x00000000e6880000, 0x0000000100000000)
  eden space 62976K, 100% used [0x00000000e0000000,0x00000000e3d80000,0x00000000e3d80000)
  from space 10752K, 0% used [0x00000000e3d80000,0x00000000e3d80000,0x00000000e4800000)
  to   space 11264K, 0% used [0x00000000e5d80000,0x00000000e5d80000,0x00000000e6880000)
 ParOldGen       total 95744K, used 15381K [0x00000000a0000000, 0x00000000a5d80000, 0x00000000e0000000)
  object space 95744K, 16% used [0x00000000a0000000,0x00000000a0f05530,0x00000000a5d80000)
 Metaspace       used 37710K, capacity 38536K, committed 38744K, reserved 1083392K
  class space    used 5168K, capacity 5387K, committed 5504K, reserved 1048576K
Event: 14.942 GC heap after
Heap after GC invocations=12 (full 2):
 PSYoungGen      total 92672K, used 6036K [0x00000000e0000000, 0x00000000e6700000, 0x0000000100000000)
  eden space 82944K, 0% used [0x00000000e0000000,0x00000000e0000000,0x00000000e5100000)
  from space 9728K, 62% used [0x00000000e5d80000,0x00000000e63653a8,0x00000000e6700000)
  to   space 11264K, 0% used [0x00000000e5100000,0x00000000e5100000,0x00000000e5c00000)
 ParOldGen       total 95744K, used 15389K [0x00000000a0000000, 0x00000000a5d80000, 0x00000000e0000000)
  object space 95744K, 16% used [0x00000000a0000000,0x00000000a0f07530,0x00000000a5d80000)
 Metaspace       used 37710K, capacity 38536K, committed 38744K, reserved 1083392K
  class space    used 5168K, capacity 5387K, committed 5504K, reserved 1048576K
}
Event: 16.735 GC heap before
{Heap before GC invocations=13 (full 2):
 PSYoungGen      total 92672K, used 88980K [0x00000000e0000000, 0x00000000e6700000, 0x0000000100000000)
  eden space 82944K, 100% used [0x00000000e0000000,0x00000000e5100000,0x00000000e5100000)
  from space 9728K, 62% used [0x00000000e5d80000,0x00000000e63653a8,0x00000000e6700000)
  to   space 11264K, 0% used [0x00000000e5100000,0x00000000e5100000,0x00000000e5c00000)
 ParOldGen       total 95744K, used 15389K [0x00000000a0000000, 0x00000000a5d80000, 0x00000000e0000000)
  object space 95744K, 16% used [0x00000000a0000000,0x00000000a0f07530,0x00000000a5d80000)
 Metaspace       used 43836K, capacity 44932K, committed 45272K, reserved 1087488K
  class space    used 6042K, capacity 6315K, committed 6400K, reserved 1048576K
Event: 16.753 GC heap after
Heap after GC invocations=13 (full 2):
 PSYoungGen      total 94208K, used 11262K [0x00000000e0000000, 0x00000000e8380000, 0x0000000100000000)
  eden space 82944K, 0% used [0x00000000e0000000,0x00000000e0000000,0x00000000e5100000)
  from space 11264K, 99% used [0x00000000e5100000,0x00000000e5bffbe8,0x00000000e5c00000)
  to   space 12800K, 0% used [0x00000000e7700000,0x00000000e7700000,0x00000000e8380000)
 ParOldGen       total 95744K, used 16303K [0x00000000a0000000, 0x00000000a5d80000, 0x00000000e0000000)
  object space 95744K, 17% used [0x00000000a0000000,0x00000000a0febed8,0x00000000a5d80000)
 Metaspace       used 43836K, capacity 44932K, committed 45272K, reserved 1087488K
  class space    used 6042K, capacity 6315K, committed 6400K, reserved 1048576K
}
Event: 21.704 GC heap before
{Heap before GC invocations=14 (full 2):
 PSYoungGen      total 94208K, used 94206K [0x00000000e0000000, 0x00000000e8380000, 0x0000000100000000)
  eden space 82944K, 100% used [0x00000000e0000000,0x00000000e5100000,0x00000000e5100000)
  from space 11264K, 99% used [0x00000000e5100000,0x00000000e5bffbe8,0x00000000e5c00000)
  to   space 12800K, 0% used [0x00000000e7700000,0x00000000e7700000,0x00000000e8380000)
 ParOldGen       total 95744K, used 16303K [0x00000000a0000000, 0x00000000a5d80000, 0x00000000e0000000)
  object space 95744K, 17% used [0x00000000a0000000,0x00000000a0febed8,0x00000000a5d80000)
 Metaspace       used 45929K, capacity 47012K, committed 47320K, reserved 1089536K
  class space    used 6274K, capacity 6571K, committed 6656K, reserved 1048576K
Event: 21.729 GC heap after
Heap after GC invocations=14 (full 2):
 PSYoungGen      total 120320K, used 12774K [0x00000000e0000000, 0x00000000e8500000, 0x0000000100000000)
  eden space 107520K, 0% used [0x00000000e0000000,0x00000000e0000000,0x00000000e6900000)
  from space 12800K, 99% used [0x00000000e7700000,0x00000000e8379840,0x00000000e8380000)
  to   space 14336K, 0% used [0x00000000e6900000,0x00000000e6900000,0x00000000e7700000)
 ParOldGen       total 95744K, used 17222K [0x00000000a0000000, 0x00000000a5d80000, 0x00000000e0000000)
  object space 95744K, 17% used [0x00000000a0000000,0x00000000a10d1b58,0x00000000a5d80000)
 Metaspace       used 45929K, capacity 47012K, committed 47320K, reserved 1089536K
  class space    used 6274K, capacity 6571K, committed 6656K, reserved 1048576K
}
Event: 23.627 GC heap before
{Heap before GC invocations=15 (full 2):
 PSYoungGen      total 120320K, used 120294K [0x00000000e0000000, 0x00000000e8500000, 0x0000000100000000)
  eden space 107520K, 100% used [0x00000000e0000000,0x00000000e6900000,0x00000000e6900000)
  from space 12800K, 99% used [0x00000000e7700000,0x00000000e8379840,0x00000000e8380000)
  to   space 14336K, 0% used [0x00000000e6900000,0x00000000e6900000,0x00000000e7700000)
 ParOldGen       total 95744K, used 17222K [0x00000000a0000000, 0x00000000a5d80000, 0x00000000e0000000)
  object space 95744K, 17% used [0x00000000a0000000,0x00000000a10d1b58,0x00000000a5d80000)
 Metaspace       used 50214K, capacity 51826K, committed 51928K, reserved 1093632K
  class space    used 6978K, capacity 7351K, committed 7424K, reserved 1048576K
Event: 23.668 GC heap after
Heap after GC invocations=15 (full 2):
 PSYoungGen      total 121856K, used 14319K [0x00000000e0000000, 0x00000000eb200000, 0x0000000100000000)
  eden space 107520K, 0% used [0x00000000e0000000,0x00000000e0000000,0x00000000e6900000)
  from space 14336K, 99% used [0x00000000e6900000,0x00000000e76fbff0,0x00000000e7700000)
  to   space 19456K, 0% used [0x00000000e9f00000,0x00000000e9f00000,0x00000000eb200000)
 ParOldGen       total 95744K, used 25301K [0x00000000a0000000, 0x00000000a5d80000, 0x00000000e0000000)
  object space 95744K, 26% used [0x00000000a0000000,0x00000000a18b5500,0x00000000a5d80000)
 Metaspace       used 50214K, capacity 51826K, committed 51928K, reserved 1093632K
  class space    used 6978K, capacity 7351K, committed 7424K, reserved 1048576K
}
Event: 25.041 GC heap before
{Heap before GC invocations=16 (full 2):
 PSYoungGen      total 121856K, used 121839K [0x00000000e0000000, 0x00000000eb200000, 0x0000000100000000)
  eden space 107520K, 100% used [0x00000000e0000000,0x00000000e6900000,0x00000000e6900000)
  from space 14336K, 99% used [0x00000000e6900000,0x00000000e76fbff0,0x00000000e7700000)
  to   space 19456K, 0% used [0x00000000e9f00000,0x00000000e9f00000,0x00000000eb200000)
 ParOldGen       total 95744K, used 25301K [0x00000000a0000000, 0x00000000a5d80000, 0x00000000e0000000)
  object space 95744K, 26% used [0x00000000a0000000,0x00000000a18b5500,0x00000000a5d80000)
 Metaspace       used 53515K, capacity 55784K, committed 55896K, reserved 1097728K
  class space    used 7500K, capacity 8061K, committed 8064K, reserved 1048576K

