# JRE version: Java(TM) SE Runtime Environment (8.0_121-b13) (build 1.8.0_121-b13)
# Java VM: Java HotSpot(TM) 64-Bit Server VM (25.121-b13 mixed mode linux-amd64 compressed oops)
Heap:
 PSYoungGen      total 451584K, used 284442K [0x00000000e0000000, 0x0000000100000000, 0x0000000100000000)
  eden space 378880K, 55% used [0x00000000e0000000,0x00000000eced48d8,0x00000000f7200000)
  from space 72704K, 99% used [0x00000000f7200000,0x00000000fb8f22e8,0x00000000fb900000)
  to   space 72704K, 0% used [0x00000000fb900000,0x00000000fb900000,0x0000000100000000)
 ParOldGen       total 215040K, used 180330K [0x00000000a0000000, 0x00000000ad200000, 0x00000000e0000000)
  object space 215040K, 83% used [0x00000000a0000000,0x00000000ab01a978,0x00000000ad200000)
 Metaspace       used 73636K, capacity 76374K, committed 76632K, reserved 1116160K
  class space    used 9311K, capacity 9780K, committed 9856K, reserved 1048576K
GC Heap History (10 events):
Event: 1208.089 GC heap before
{Heap before GC invocations=23 (full 4):
 PSYoungGen      total 444928K, used 395264K [0x00000000e0000000, 0x0000000100000000, 0x0000000100000000)
  eden space 395264K, 100% used [0x00000000e0000000,0x00000000f8200000,0x00000000f8200000)
  from space 49664K, 0% used [0x00000000fcf80000,0x00000000fcf80000,0x0000000100000000)
  to   space 64512K, 0% used [0x00000000f8200000,0x00000000f8200000,0x00000000fc100000)
 ParOldGen       total 215040K, used 104057K [0x00000000a0000000, 0x00000000ad200000, 0x00000000e0000000)
  object space 215040K, 48% used [0x00000000a0000000,0x00000000a659e440,0x00000000ad200000)
 Metaspace       used 72172K, capacity 74454K, committed 74712K, reserved 1114112K
  class space    used 9245K, capacity 9657K, committed 9728K, reserved 1048576K
Event: 1208.124 GC heap after
Heap after GC invocations=23 (full 4):
 PSYoungGen      total 459776K, used 21903K [0x00000000e0000000, 0x0000000100000000, 0x0000000100000000)
  eden space 395264K, 0% used [0x00000000e0000000,0x00000000e0000000,0x00000000f8200000)
  from space 64512K, 33% used [0x00000000f8200000,0x00000000f9763f08,0x00000000fc100000)
  to   space 61440K, 0% used [0x00000000fc400000,0x00000000fc400000,0x0000000100000000)
 ParOldGen       total 215040K, used 104065K [0x00000000a0000000, 0x00000000ad200000, 0x00000000e0000000)
  object space 215040K, 48% used [0x00000000a0000000,0x00000000a65a0440,0x00000000ad200000)
 Metaspace       used 72172K, capacity 74454K, committed 74712K, reserved 1114112K
  class space    used 9245K, capacity 9657K, committed 9728K, reserved 1048576K
}
Event: 1212.756 GC heap before
{Heap before GC invocations=24 (full 4):
 PSYoungGen      total 459776K, used 417167K [0x00000000e0000000, 0x0000000100000000, 0x0000000100000000)
  eden space 395264K, 100% used [0x00000000e0000000,0x00000000f8200000,0x00000000f8200000)
  from space 64512K, 33% used [0x00000000f8200000,0x00000000f9763f08,0x00000000fc100000)
  to   space 61440K, 0% used [0x00000000fc400000,0x00000000fc400000,0x0000000100000000)
 ParOldGen       total 215040K, used 104065K [0x00000000a0000000, 0x00000000ad200000, 0x00000000e0000000)
  object space 215040K, 48% used [0x00000000a0000000,0x00000000a65a0440,0x00000000ad200000)
 Metaspace       used 72847K, capacity 75176K, committed 75480K, reserved 1116160K
  class space    used 9262K, capacity 9679K, committed 9728K, reserved 1048576K
Event: 1212.820 GC heap after
Heap after GC invocations=24 (full 4):
 PSYoungGen      total 456704K, used 43746K [0x00000000e0000000, 0x0000000100000000, 0x0000000100000000)
  eden space 395264K, 0% used [0x00000000e0000000,0x00000000e0000000,0x00000000f8200000)
  from space 61440K, 71% used [0x00000000fc400000,0x00000000feeb8ac8,0x0000000100000000)
  to   space 64512K, 0% used [0x00000000f8200000,0x00000000f8200000,0x00000000fc100000)
 ParOldGen       total 215040K, used 125062K [0x00000000a0000000, 0x00000000ad200000, 0x00000000e0000000)
  object space 215040K, 58% used [0x00000000a0000000,0x00000000a7a21818,0x00000000ad200000)
 Metaspace       used 72847K, capacity 75176K, committed 75480K, reserved 1116160K
  class space    used 9262K, capacity 9679K, committed 9728K, reserved 1048576K
}
Event: 1213.879 GC heap before
{Heap before GC invocations=25 (full 4):
 PSYoungGen      total 456704K, used 439010K [0x00000000e0000000, 0x0000000100000000, 0x0000000100000000)
  eden space 395264K, 100% used [0x00000000e0000000,0x00000000f8200000,0x00000000f8200000)
  from space 61440K, 71% used [0x00000000fc400000,0x00000000feeb8ac8,0x0000000100000000)
  to   space 64512K, 0% used [0x00000000f8200000,0x00000000f8200000,0x00000000fc100000)
 ParOldGen       total 215040K, used 125062K [0x00000000a0000000, 0x00000000ad200000, 0x00000000e0000000)
  object space 215040K, 58% used [0x00000000a0000000,0x00000000a7a21818,0x00000000ad200000)
 Metaspace       used 72869K, capacity 75240K, committed 75480K, reserved 1116160K
  class space    used 9262K, capacity 9679K, committed 9728K, reserved 1048576K
Event: 1213.977 GC heap after
Heap after GC invocations=25 (full 4):
 PSYoungGen      total 448512K, used 52935K [0x00000000e0000000, 0x0000000100000000, 0x0000000100000000)
  eden space 395264K, 0% used [0x00000000e0000000,0x00000000e0000000,0x00000000f8200000)
  from space 53248K, 99% used [0x00000000f8200000,0x00000000fb5b1f70,0x00000000fb600000)
  to   space 70144K, 0% used [0x00000000fbb80000,0x00000000fbb80000,0x0000000100000000)
 ParOldGen       total 215040K, used 144094K [0x00000000a0000000, 0x00000000ad200000, 0x00000000e0000000)
  object space 215040K, 67% used [0x00000000a0000000,0x00000000a8cb7b50,0x00000000ad200000)
 Metaspace       used 72869K, capacity 75240K, committed 75480K, reserved 1116160K
  class space    used 9262K, capacity 9679K, committed 9728K, reserved 1048576K
}
Event: 1375.062 GC heap before
{Heap before GC invocations=26 (full 4):
 PSYoungGen      total 448512K, used 448199K [0x00000000e0000000, 0x0000000100000000, 0x0000000100000000)
  eden space 395264K, 100% used [0x00000000e0000000,0x00000000f8200000,0x00000000f8200000)
  from space 53248K, 99% used [0x00000000f8200000,0x00000000fb5b1f70,0x00000000fb600000)
  to   space 70144K, 0% used [0x00000000fbb80000,0x00000000fbb80000,0x0000000100000000)
 ParOldGen       total 215040K, used 144094K [0x00000000a0000000, 0x00000000ad200000, 0x00000000e0000000)
  object space 215040K, 67% used [0x00000000a0000000,0x00000000a8cb7b50,0x00000000ad200000)
 Metaspace       used 73436K, capacity 76118K, committed 76248K, reserved 1116160K
  class space    used 9295K, capacity 9728K, committed 9728K, reserved 1048576K
Event: 1375.127 GC heap after
Heap after GC invocations=26 (full 4):
 PSYoungGen      total 449024K, used 46827K [0x00000000e0000000, 0x0000000100000000, 0x0000000100000000)
  eden space 378880K, 0% used [0x00000000e0000000,0x00000000e0000000,0x00000000f7200000)
  from space 70144K, 66% used [0x00000000fbb80000,0x00000000fe93afa8,0x0000000100000000)
  to   space 72704K, 0% used [0x00000000f7200000,0x00000000f7200000,0x00000000fb900000)
 ParOldGen       total 215040K, used 162203K [0x00000000a0000000, 0x00000000ad200000, 0x00000000e0000000)
  object space 215040K, 75% used [0x00000000a0000000,0x00000000a9e66e48,0x00000000ad200000)
 Metaspace       used 73436K, capacity 76118K, committed 76248K, reserved 1116160K
  class space    used 9295K, capacity 9728K, committed 9728K, reserved 1048576K
}
Event: 1375.950 GC heap before
{Heap before GC invocations=27 (full 4):
 PSYoungGen      total 449024K, used 425707K [0x00000000e0000000, 0x0000000100000000, 0x0000000100000000)
  eden space 378880K, 100% used [0x00000000e0000000,0x00000000f7200000,0x00000000f7200000)
  from space 70144K, 66% used [0x00000000fbb80000,0x00000000fe93afa8,0x0000000100000000)
  to   space 72704K, 0% used [0x00000000f7200000,0x00000000f7200000,0x00000000fb900000)
 ParOldGen       total 215040K, used 162203K [0x00000000a0000000, 0x00000000ad200000, 0x00000000e0000000)
  object space 215040K, 75% used [0x00000000a0000000,0x00000000a9e66e48,0x00000000ad200000)
 Metaspace       used 73447K, capacity 76118K, committed 76248K, reserved 1116160K
  class space    used 9295K, capacity 9728K, committed 9728K, reserved 1048576K
Event: 1376.060 GC heap after
Heap after GC invocations=27 (full 4):
 PSYoungGen      total 451584K, used 72648K [0x00000000e0000000, 0x0000000100000000, 0x0000000100000000)
  eden space 378880K, 0% used [0x00000000e0000000,0x00000000e0000000,0x00000000f7200000)
  from space 72704K, 99% used [0x00000000f7200000,0x00000000fb8f22e8,0x00000000fb900000)
  to   space 72704K, 0% used [0x00000000fb900000,0x00000000fb900000,0x0000000100000000)
 ParOldGen       total 215040K, used 180330K [0x00000000a0000000, 0x00000000ad200000, 0x00000000e0000000)
  object space 215040K, 83% used [0x00000000a0000000,0x00000000ab01a978,0x00000000ad200000)
 Metaspace       used 73447K, capacity 76118K, committed 76248K, reserved 1116160K
  class space    used 9295K, capacity 9728K, committed 9728K, reserved 1048576K
}

