# JRE version: Java(TM) SE Runtime Environment (8.0_121-b13) (build 1.8.0_121-b13)
# Java VM: Java HotSpot(TM) 64-Bit Server VM (25.121-b13 mixed mode linux-amd64 compressed oops)
Heap:
 PSYoungGen      total 235520K, used 144253K [0x00000000e0000000, 0x00000000f2780000, 0x0000000100000000)
  eden space 209920K, 63% used [0x00000000e0000000,0x00000000e813c040,0x00000000ecd00000)
  from space 25600K, 46% used [0x00000000ecd00000,0x00000000ed8a3520,0x00000000ee600000)
  to   space 24576K, 0% used [0x00000000f0f80000,0x00000000f0f80000,0x00000000f2780000)
 ParOldGen       total 178176K, used 47987K [0x00000000a0000000, 0x00000000aae00000, 0x00000000e0000000)
  object space 178176K, 26% used [0x00000000a0000000,0x00000000a2edce98,0x00000000aae00000)
 Metaspace       used 59771K, capacity 62436K, committed 62808K, reserved 1103872K
  class space    used 8158K, capacity 8749K, committed 8832K, reserved 1048576K
GC Heap History (10 events):
Event: 9.104 GC heap before
{Heap before GC invocations=10 (full 2):
 PSYoungGen      total 132096K, used 132074K [0x00000000e0000000, 0x00000000ebe80000, 0x0000000100000000)
  eden space 119808K, 100% used [0x00000000e0000000,0x00000000e7500000,0x00000000e7500000)
  from space 12288K, 99% used [0x00000000e7500000,0x00000000e80fab68,0x00000000e8100000)
  to   space 14336K, 0% used [0x00000000eb080000,0x00000000eb080000,0x00000000ebe80000)
 ParOldGen       total 111616K, used 17411K [0x00000000a0000000, 0x00000000a6d00000, 0x00000000e0000000)
  object space 111616K, 15% used [0x00000000a0000000,0x00000000a1100d20,0x00000000a6d00000)
 Metaspace       used 47636K, capacity 49122K, committed 49240K, reserved 1091584K
  class space    used 6619K, capacity 6933K, committed 7040K, reserved 1048576K
Event: 9.135 GC heap after
Heap after GC invocations=10 (full 2):
 PSYoungGen      total 177152K, used 14336K [0x00000000e0000000, 0x00000000ec880000, 0x0000000100000000)
  eden space 162816K, 0% used [0x00000000e0000000,0x00000000e0000000,0x00000000e9f00000)
  from space 14336K, 100% used [0x00000000eb080000,0x00000000ebe80000,0x00000000ebe80000)
  to   space 17920K, 0% used [0x00000000e9f00000,0x00000000e9f00000,0x00000000eb080000)
 ParOldGen       total 111616K, used 21330K [0x00000000a0000000, 0x00000000a6d00000, 0x00000000e0000000)
  object space 111616K, 19% used [0x00000000a0000000,0x00000000a14d49c8,0x00000000a6d00000)
 Metaspace       used 47636K, capacity 49122K, committed 49240K, reserved 1091584K
  class space    used 6619K, capacity 6933K, committed 7040K, reserved 1048576K
}
Event: 12.718 GC heap before
{Heap before GC invocations=11 (full 2):
 PSYoungGen      total 177152K, used 177152K [0x00000000e0000000, 0x00000000ec880000, 0x0000000100000000)
  eden space 162816K, 100% used [0x00000000e0000000,0x00000000e9f00000,0x00000000e9f00000)
  from space 14336K, 100% used [0x00000000eb080000,0x00000000ebe80000,0x00000000ebe80000)
  to   space 17920K, 0% used [0x00000000e9f00000,0x00000000e9f00000,0x00000000eb080000)
 ParOldGen       total 111616K, used 21330K [0x00000000a0000000, 0x00000000a6d00000, 0x00000000e0000000)
  object space 111616K, 19% used [0x00000000a0000000,0x00000000a14d49c8,0x00000000a6d00000)
 Metaspace       used 53976K, capacity 56214K, committed 56536K, reserved 1097728K
  class space    used 7538K, capacity 8108K, committed 8192K, reserved 1048576K
Event: 12.839 GC heap after
Heap after GC invocations=11 (full 2):
 PSYoungGen      total 180736K, used 17917K [0x00000000e0000000, 0x00000000f0000000, 0x0000000100000000)
  eden space 162816K, 0% used [0x00000000e0000000,0x00000000e0000000,0x00000000e9f00000)
  from space 17920K, 99% used [0x00000000e9f00000,0x00000000eb07f5a0,0x00000000eb080000)
  to   space 26624K, 0% used [0x00000000ee600000,0x00000000ee600000,0x00000000f0000000)
 ParOldGen       total 111616K, used 36793K [0x00000000a0000000, 0x00000000a6d00000, 0x00000000e0000000)
  object space 111616K, 32% used [0x00000000a0000000,0x00000000a23ee750,0x00000000a6d00000)
 Metaspace       used 53976K, capacity 56214K, committed 56536K, reserved 1097728K
  class space    used 7538K, capacity 8108K, committed 8192K, reserved 1048576K
}
Event: 15.294 GC heap before
{Heap before GC invocations=12 (full 2):
 PSYoungGen      total 180736K, used 104129K [0x00000000e0000000, 0x00000000f0000000, 0x0000000100000000)
  eden space 162816K, 52% used [0x00000000e0000000,0x00000000e5430f88,0x00000000e9f00000)
  from space 17920K, 99% used [0x00000000e9f00000,0x00000000eb07f5a0,0x00000000eb080000)
  to   space 26624K, 0% used [0x00000000ee600000,0x00000000ee600000,0x00000000f0000000)
 ParOldGen       total 111616K, used 36793K [0x00000000a0000000, 0x00000000a6d00000, 0x00000000e0000000)
  object space 111616K, 32% used [0x00000000a0000000,0x00000000a23ee750,0x00000000a6d00000)
 Metaspace       used 56632K, capacity 58934K, committed 59028K, reserved 1099776K
  class space    used 7853K, capacity 8408K, committed 8448K, reserved 1048576K
Event: 15.358 GC heap after
Heap after GC invocations=12 (full 2):
 PSYoungGen      total 236032K, used 14318K [0x00000000e0000000, 0x00000000eff80000, 0x0000000100000000)
  eden space 209920K, 0% used [0x00000000e0000000,0x00000000e0000000,0x00000000ecd00000)
  from space 26112K, 54% used [0x00000000ee600000,0x00000000ef3fbbd8,0x00000000eff80000)
  to   space 25600K, 0% used [0x00000000ecd00000,0x00000000ecd00000,0x00000000ee600000)
 ParOldGen       total 111616K, used 46419K [0x00000000a0000000, 0x00000000a6d00000, 0x00000000e0000000)
  object space 111616K, 41% used [0x00000000a0000000,0x00000000a2d54fc0,0x00000000a6d00000)
 Metaspace       used 56632K, capacity 58934K, committed 59028K, reserved 1099776K
  class space    used 7853K, capacity 8408K, committed 8448K, reserved 1048576K
}
Event: 15.358 GC heap before
{Heap before GC invocations=13 (full 3):
 PSYoungGen      total 236032K, used 14318K [0x00000000e0000000, 0x00000000eff80000, 0x0000000100000000)
  eden space 209920K, 0% used [0x00000000e0000000,0x00000000e0000000,0x00000000ecd00000)
  from space 26112K, 54% used [0x00000000ee600000,0x00000000ef3fbbd8,0x00000000eff80000)
  to   space 25600K, 0% used [0x00000000ecd00000,0x00000000ecd00000,0x00000000ee600000)
 ParOldGen       total 111616K, used 46419K [0x00000000a0000000, 0x00000000a6d00000, 0x00000000e0000000)
  object space 111616K, 41% used [0x00000000a0000000,0x00000000a2d54fc0,0x00000000a6d00000)
 Metaspace       used 56632K, capacity 58934K, committed 59028K, reserved 1099776K
  class space    used 7853K, capacity 8408K, committed 8448K, reserved 1048576K
Event: 15.823 GC heap after
Heap after GC invocations=13 (full 3):
 PSYoungGen      total 236032K, used 0K [0x00000000e0000000, 0x00000000eff80000, 0x0000000100000000)
  eden space 209920K, 0% used [0x00000000e0000000,0x00000000e0000000,0x00000000ecd00000)
  from space 26112K, 0% used [0x00000000ee600000,0x00000000ee600000,0x00000000eff80000)
  to   space 25600K, 0% used [0x00000000ecd00000,0x00000000ecd00000,0x00000000ee600000)
 ParOldGen       total 178176K, used 47979K [0x00000000a0000000, 0x00000000aae00000, 0x00000000e0000000)
  object space 178176K, 26% used [0x00000000a0000000,0x00000000a2edae98,0x00000000aae00000)
 Metaspace       used 56632K, capacity 58934K, committed 59028K, reserved 1099776K
  class space    used 7853K, capacity 8408K, committed 8448K, reserved 1048576K
}
Event: 71.165 GC heap before
{Heap before GC invocations=14 (full 3):
 PSYoungGen      total 236032K, used 209920K [0x00000000e0000000, 0x00000000eff80000, 0x0000000100000000)
  eden space 209920K, 100% used [0x00000000e0000000,0x00000000ecd00000,0x00000000ecd00000)
  from space 26112K, 0% used [0x00000000ee600000,0x00000000ee600000,0x00000000eff80000)
  to   space 25600K, 0% used [0x00000000ecd00000,0x00000000ecd00000,0x00000000ee600000)
 ParOldGen       total 178176K, used 47979K [0x00000000a0000000, 0x00000000aae00000, 0x00000000e0000000)
  object space 178176K, 26% used [0x00000000a0000000,0x00000000a2edae98,0x00000000aae00000)
 Metaspace       used 59133K, capacity 61770K, committed 61912K, reserved 1101824K
  class space    used 8116K, capacity 8682K, committed 8704K, reserved 1048576K
Event: 71.192 GC heap after
Heap after GC invocations=14 (full 3):
 PSYoungGen      total 235520K, used 11917K [0x00000000e0000000, 0x00000000f2780000, 0x0000000100000000)
  eden space 209920K, 0% used [0x00000000e0000000,0x00000000e0000000,0x00000000ecd00000)
  from space 25600K, 46% used [0x00000000ecd00000,0x00000000ed8a3520,0x00000000ee600000)
  to   space 24576K, 0% used [0x00000000f0f80000,0x00000000f0f80000,0x00000000f2780000)
 ParOldGen       total 178176K, used 47987K [0x00000000a0000000, 0x00000000aae00000, 0x00000000e0000000)
  object space 178176K, 26% used [0x00000000a0000000,0x00000000a2edce98,0x00000000aae00000)
 Metaspace       used 59133K, capacity 61770K, committed 61912K, reserved 1101824K
  class space    used 8116K, capacity 8682K, committed 8704K, reserved 1048576K
}

