# JRE version: Java(TM) SE Runtime Environment (8.0_121-b13) (build 1.8.0_121-b13)
# Java VM: Java HotSpot(TM) 64-Bit Server VM (25.121-b13 mixed mode linux-amd64 compressed oops)
Heap:
 PSYoungGen      total 92160K, used 81920K [0x00000000e0000000, 0x00000000e7f80000, 0x0000000100000000)
  eden space 81920K, 100% used [0x00000000e0000000,0x00000000e5000000,0x00000000e5000000)
  from space 10240K, 0% used [0x00000000e5000000,0x00000000e5000000,0x00000000e5a00000)
  to   space 12288K, 53% used [0x00000000e7380000,0x00000000e79f0c00,0x00000000e7f80000)
 ParOldGen       total 114688K, used 17753K [0x00000000a0000000, 0x00000000a7000000, 0x00000000e0000000)
  object space 114688K, 15% used [0x00000000a0000000,0x00000000a11565d8,0x00000000a7000000)
 Metaspace       used 40318K, capacity 41232K, committed 41432K, reserved 1085440K
  class space    used 5604K, capacity 5840K, committed 5888K, reserved 1048576K
GC Heap History (10 events):
Event: 2.251 GC heap after
Heap after GC invocations=5 (full 1):
 PSYoungGen      total 68608K, used 0K [0x00000000e0000000, 0x00000000e4800000, 0x0000000100000000)
  eden space 63488K, 0% used [0x00000000e0000000,0x00000000e0000000,0x00000000e3e00000)
  from space 5120K, 0% used [0x00000000e4300000,0x00000000e4300000,0x00000000e4800000)
  to   space 5120K, 0% used [0x00000000e3e00000,0x00000000e3e00000,0x00000000e4300000)
 ParOldGen       total 69120K, used 9488K [0x00000000a0000000, 0x00000000a4380000, 0x00000000e0000000)
  object space 69120K, 13% used [0x00000000a0000000,0x00000000a0944088,0x00000000a4380000)
 Metaspace       used 20712K, capacity 21154K, committed 21248K, reserved 1067008K
  class space    used 2827K, capacity 3008K, committed 3072K, reserved 1048576K
}
Event: 3.197 GC heap before
{Heap before GC invocations=6 (full 1):
 PSYoungGen      total 68608K, used 63488K [0x00000000e0000000, 0x00000000e4800000, 0x0000000100000000)
  eden space 63488K, 100% used [0x00000000e0000000,0x00000000e3e00000,0x00000000e3e00000)
  from space 5120K, 0% used [0x00000000e4300000,0x00000000e4300000,0x00000000e4800000)
  to   space 5120K, 0% used [0x00000000e3e00000,0x00000000e3e00000,0x00000000e4300000)
 ParOldGen       total 69120K, used 9488K [0x00000000a0000000, 0x00000000a4380000, 0x00000000e0000000)
  object space 69120K, 13% used [0x00000000a0000000,0x00000000a0944088,0x00000000a4380000)
 Metaspace       used 26043K, capacity 26536K, committed 26752K, reserved 1073152K
  class space    used 3693K, capacity 3851K, committed 3968K, reserved 1048576K
Event: 3.211 GC heap after
Heap after GC invocations=6 (full 1):
 PSYoungGen      total 68608K, used 5094K [0x00000000e0000000, 0x00000000e6580000, 0x0000000100000000)
  eden space 63488K, 0% used [0x00000000e0000000,0x00000000e0000000,0x00000000e3e00000)
  from space 5120K, 99% used [0x00000000e3e00000,0x00000000e42f9ad0,0x00000000e4300000)
  to   space 10752K, 0% used [0x00000000e5b00000,0x00000000e5b00000,0x00000000e6580000)
 ParOldGen       total 69120K, used 11893K [0x00000000a0000000, 0x00000000a4380000, 0x00000000e0000000)
  object space 69120K, 17% used [0x00000000a0000000,0x00000000a0b9d5f8,0x00000000a4380000)
 Metaspace       used 26043K, capacity 26536K, committed 26752K, reserved 1073152K
  class space    used 3693K, capacity 3851K, committed 3968K, reserved 1048576K
}
Event: 4.097 GC heap before
{Heap before GC invocations=7 (full 1):
 PSYoungGen      total 68608K, used 68582K [0x00000000e0000000, 0x00000000e6580000, 0x0000000100000000)
  eden space 63488K, 100% used [0x00000000e0000000,0x00000000e3e00000,0x00000000e3e00000)
  from space 5120K, 99% used [0x00000000e3e00000,0x00000000e42f9ad0,0x00000000e4300000)
  to   space 10752K, 0% used [0x00000000e5b00000,0x00000000e5b00000,0x00000000e6580000)
 ParOldGen       total 69120K, used 11893K [0x00000000a0000000, 0x00000000a4380000, 0x00000000e0000000)
  object space 69120K, 17% used [0x00000000a0000000,0x00000000a0b9d5f8,0x00000000a4380000)
 Metaspace       used 29499K, capacity 30094K, committed 30208K, reserved 1075200K
  class space    used 4139K, capacity 4285K, committed 4352K, reserved 1048576K
Event: 4.109 GC heap after
Heap after GC invocations=7 (full 1):
 PSYoungGen      total 91136K, used 7016K [0x00000000e0000000, 0x00000000e6400000, 0x0000000100000000)
  eden space 81920K, 0% used [0x00000000e0000000,0x00000000e0000000,0x00000000e5000000)
  from space 9216K, 76% used [0x00000000e5b00000,0x00000000e61da038,0x00000000e6400000)
  to   space 10240K, 0% used [0x00000000e5000000,0x00000000e5000000,0x00000000e5a00000)
 ParOldGen       total 69120K, used 11901K [0x00000000a0000000, 0x00000000a4380000, 0x00000000e0000000)
  object space 69120K, 17% used [0x00000000a0000000,0x00000000a0b9f5f8,0x00000000a4380000)
 Metaspace       used 29499K, capacity 30094K, committed 30208K, reserved 1075200K
  class space    used 4139K, capacity 4285K, committed 4352K, reserved 1048576K
}
Event: 5.158 GC heap before
{Heap before GC invocations=8 (full 1):
 PSYoungGen      total 91136K, used 71340K [0x00000000e0000000, 0x00000000e6400000, 0x0000000100000000)
  eden space 81920K, 78% used [0x00000000e0000000,0x00000000e3ed1040,0x00000000e5000000)
  from space 9216K, 76% used [0x00000000e5b00000,0x00000000e61da038,0x00000000e6400000)
  to   space 10240K, 0% used [0x00000000e5000000,0x00000000e5000000,0x00000000e5a00000)
 ParOldGen       total 69120K, used 11901K [0x00000000a0000000, 0x00000000a4380000, 0x00000000e0000000)
  object space 69120K, 17% used [0x00000000a0000000,0x00000000a0b9f5f8,0x00000000a4380000)
 Metaspace       used 34692K, capacity 35380K, committed 35416K, reserved 1079296K
  class space    used 4791K, capacity 4987K, committed 4992K, reserved 1048576K
Event: 5.177 GC heap after
Heap after GC invocations=8 (full 1):
 PSYoungGen      total 92160K, used 10227K [0x00000000e0000000, 0x00000000e7f80000, 0x0000000100000000)
  eden space 81920K, 0% used [0x00000000e0000000,0x00000000e0000000,0x00000000e5000000)
  from space 10240K, 99% used [0x00000000e5000000,0x00000000e59fcfb0,0x00000000e5a00000)
  to   space 12288K, 0% used [0x00000000e7380000,0x00000000e7380000,0x00000000e7f80000)
 ParOldGen       total 69120K, used 13271K [0x00000000a0000000, 0x00000000a4380000, 0x00000000e0000000)
  object space 69120K, 19% used [0x00000000a0000000,0x00000000a0cf5e28,0x00000000a4380000)
 Metaspace       used 34692K, capacity 35380K, committed 35416K, reserved 1079296K
  class space    used 4791K, capacity 4987K, committed 4992K, reserved 1048576K
}
Event: 5.177 GC heap before
{Heap before GC invocations=9 (full 2):
 PSYoungGen      total 92160K, used 10227K [0x00000000e0000000, 0x00000000e7f80000, 0x0000000100000000)
  eden space 81920K, 0% used [0x00000000e0000000,0x00000000e0000000,0x00000000e5000000)
  from space 10240K, 99% used [0x00000000e5000000,0x00000000e59fcfb0,0x00000000e5a00000)
  to   space 12288K, 0% used [0x00000000e7380000,0x00000000e7380000,0x00000000e7f80000)
 ParOldGen       total 69120K, used 13271K [0x00000000a0000000, 0x00000000a4380000, 0x00000000e0000000)
  object space 69120K, 19% used [0x00000000a0000000,0x00000000a0cf5e28,0x00000000a4380000)
 Metaspace       used 34692K, capacity 35380K, committed 35416K, reserved 1079296K
  class space    used 4791K, capacity 4987K, committed 4992K, reserved 1048576K
Event: 5.275 GC heap after
Heap after GC invocations=9 (full 2):
 PSYoungGen      total 92160K, used 0K [0x00000000e0000000, 0x00000000e7f80000, 0x0000000100000000)
  eden space 81920K, 0% used [0x00000000e0000000,0x00000000e0000000,0x00000000e5000000)
  from space 10240K, 0% used [0x00000000e5000000,0x00000000e5000000,0x00000000e5a00000)
  to   space 12288K, 0% used [0x00000000e7380000,0x00000000e7380000,0x00000000e7f80000)
 ParOldGen       total 114688K, used 17745K [0x00000000a0000000, 0x00000000a7000000, 0x00000000e0000000)
  object space 114688K, 15% used [0x00000000a0000000,0x00000000a11545d8,0x00000000a7000000)
 Metaspace       used 34692K, capacity 35380K, committed 35416K, reserved 1079296K
  class space    used 4791K, capacity 4987K, committed 4992K, reserved 1048576K
}
Event: 6.191 GC heap before
{Heap before GC invocations=10 (full 2):
 PSYoungGen      total 92160K, used 81920K [0x00000000e0000000, 0x00000000e7f80000, 0x0000000100000000)
  eden space 81920K, 100% used [0x00000000e0000000,0x00000000e5000000,0x00000000e5000000)
  from space 10240K, 0% used [0x00000000e5000000,0x00000000e5000000,0x00000000e5a00000)
  to   space 12288K, 0% used [0x00000000e7380000,0x00000000e7380000,0x00000000e7f80000)
 ParOldGen       total 114688K, used 17745K [0x00000000a0000000, 0x00000000a7000000, 0x00000000e0000000)
  object space 114688K, 15% used [0x00000000a0000000,0x00000000a11545d8,0x00000000a7000000)
 Metaspace       used 40318K, capacity 41232K, committed 41432K, reserved 1085440K
  class space    used 5604K, capacity 5840K, committed 5888K, reserved 1048576K

