# JRE version: Java(TM) SE Runtime Environment (8.0_121-b13) (build 1.8.0_121-b13)
# Java VM: Java HotSpot(TM) 64-Bit Server VM (25.121-b13 mixed mode linux-amd64 compressed oops)
Heap:
 PSYoungGen      total 71168K, used 41505K [0x00000000e0000000, 0x00000000e6880000, 0x0000000100000000)
  eden space 60416K, 57% used [0x00000000e0000000,0x00000000e21f3358,0x00000000e3b00000)
  from space 10752K, 62% used [0x00000000e3b00000,0x00000000e41952b0,0x00000000e4580000)
  to   space 10240K, 0% used [0x00000000e5e80000,0x00000000e5e80000,0x00000000e6880000)
 ParOldGen       total 56832K, used 20124K [0x00000000a0000000, 0x00000000a3780000, 0x00000000e0000000)
  object space 56832K, 35% used [0x00000000a0000000,0x00000000a13a7070,0x00000000a3780000)
 Metaspace       used 47550K, capacity 48942K, committed 49280K, reserved 1091584K
  class space    used 6597K, capacity 6928K, committed 7040K, reserved 1048576K
GC Heap History (10 events):
Event: 36.905 GC heap before
{Heap before GC invocations=13 (full 2):
 PSYoungGen      total 38912K, used 5931K [0x00000000e0000000, 0x00000000e3f00000, 0x0000000100000000)
  eden space 28672K, 0% used [0x00000000e0000000,0x00000000e0000000,0x00000000e1c00000)
  from space 10240K, 57% used [0x00000000e1c00000,0x00000000e21caf30,0x00000000e2600000)
  to   space 9728K, 0% used [0x00000000e3580000,0x00000000e3580000,0x00000000e3f00000)
 ParOldGen       total 44032K, used 10016K [0x00000000a0000000, 0x00000000a2b00000, 0x00000000e0000000)
  object space 44032K, 22% used [0x00000000a0000000,0x00000000a09c8078,0x00000000a2b00000)
 Metaspace       used 34594K, capacity 35214K, committed 35456K, reserved 1079296K
  class space    used 4752K, capacity 4919K, committed 4992K, reserved 1048576K
Event: 37.143 GC heap after
Heap after GC invocations=13 (full 2):
 PSYoungGen      total 38912K, used 0K [0x00000000e0000000, 0x00000000e3f00000, 0x0000000100000000)
  eden space 28672K, 0% used [0x00000000e0000000,0x00000000e0000000,0x00000000e1c00000)
  from space 10240K, 0% used [0x00000000e1c00000,0x00000000e1c00000,0x00000000e2600000)
  to   space 9728K, 0% used [0x00000000e3580000,0x00000000e3580000,0x00000000e3f00000)
 ParOldGen       total 56832K, used 14060K [0x00000000a0000000, 0x00000000a3780000, 0x00000000e0000000)
  object space 56832K, 24% used [0x00000000a0000000,0x00000000a0dbb0d8,0x00000000a3780000)
 Metaspace       used 34594K, capacity 35214K, committed 35456K, reserved 1079296K
  class space    used 4752K, capacity 4919K, committed 4992K, reserved 1048576K
}
Event: 37.902 GC heap before
{Heap before GC invocations=14 (full 2):
 PSYoungGen      total 38912K, used 28672K [0x00000000e0000000, 0x00000000e3f00000, 0x0000000100000000)
  eden space 28672K, 100% used [0x00000000e0000000,0x00000000e1c00000,0x00000000e1c00000)
  from space 10240K, 0% used [0x00000000e1c00000,0x00000000e1c00000,0x00000000e2600000)
  to   space 9728K, 0% used [0x00000000e3580000,0x00000000e3580000,0x00000000e3f00000)
 ParOldGen       total 56832K, used 14060K [0x00000000a0000000, 0x00000000a3780000, 0x00000000e0000000)
  object space 56832K, 24% used [0x00000000a0000000,0x00000000a0dbb0d8,0x00000000a3780000)
 Metaspace       used 36742K, capacity 37338K, committed 37760K, reserved 1081344K
  class space    used 5005K, capacity 5189K, committed 5248K, reserved 1048576K
Event: 37.916 GC heap after
Heap after GC invocations=14 (full 2):
 PSYoungGen      total 48640K, used 4220K [0x00000000e0000000, 0x00000000e3c00000, 0x0000000100000000)
  eden space 41984K, 0% used [0x00000000e0000000,0x00000000e0000000,0x00000000e2900000)
  from space 6656K, 63% used [0x00000000e3580000,0x00000000e399f158,0x00000000e3c00000)
  to   space 9728K, 0% used [0x00000000e2900000,0x00000000e2900000,0x00000000e3280000)
 ParOldGen       total 56832K, used 14068K [0x00000000a0000000, 0x00000000a3780000, 0x00000000e0000000)
  object space 56832K, 24% used [0x00000000a0000000,0x00000000a0dbd0d8,0x00000000a3780000)
 Metaspace       used 36742K, capacity 37338K, committed 37760K, reserved 1081344K
  class space    used 5005K, capacity 5189K, committed 5248K, reserved 1048576K
}
Event: 39.763 GC heap before
{Heap before GC invocations=15 (full 2):
 PSYoungGen      total 48640K, used 46204K [0x00000000e0000000, 0x00000000e3c00000, 0x0000000100000000)
  eden space 41984K, 100% used [0x00000000e0000000,0x00000000e2900000,0x00000000e2900000)
  from space 6656K, 63% used [0x00000000e3580000,0x00000000e399f158,0x00000000e3c00000)
  to   space 9728K, 0% used [0x00000000e2900000,0x00000000e2900000,0x00000000e3280000)
 ParOldGen       total 56832K, used 14068K [0x00000000a0000000, 0x00000000a3780000, 0x00000000e0000000)
  object space 56832K, 24% used [0x00000000a0000000,0x00000000a0dbd0d8,0x00000000a3780000)
 Metaspace       used 41967K, capacity 42730K, committed 42880K, reserved 1085440K
  class space    used 5782K, capacity 6004K, committed 6016K, reserved 1048576K
Event: 39.777 GC heap after
Heap after GC invocations=15 (full 2):
 PSYoungGen      total 51712K, used 7512K [0x00000000e0000000, 0x00000000e4f80000, 0x0000000100000000)
  eden space 41984K, 0% used [0x00000000e0000000,0x00000000e0000000,0x00000000e2900000)
  from space 9728K, 77% used [0x00000000e2900000,0x00000000e30563a8,0x00000000e3280000)
  to   space 10240K, 0% used [0x00000000e4580000,0x00000000e4580000,0x00000000e4f80000)
 ParOldGen       total 56832K, used 14076K [0x00000000a0000000, 0x00000000a3780000, 0x00000000e0000000)
  object space 56832K, 24% used [0x00000000a0000000,0x00000000a0dbf0d8,0x00000000a3780000)
 Metaspace       used 41967K, capacity 42730K, committed 42880K, reserved 1085440K
  class space    used 5782K, capacity 6004K, committed 6016K, reserved 1048576K
}
Event: 40.375 GC heap before
{Heap before GC invocations=16 (full 2):
 PSYoungGen      total 51712K, used 49496K [0x00000000e0000000, 0x00000000e4f80000, 0x0000000100000000)
  eden space 41984K, 100% used [0x00000000e0000000,0x00000000e2900000,0x00000000e2900000)
  from space 9728K, 77% used [0x00000000e2900000,0x00000000e30563a8,0x00000000e3280000)
  to   space 10240K, 0% used [0x00000000e4580000,0x00000000e4580000,0x00000000e4f80000)
 ParOldGen       total 56832K, used 14076K [0x00000000a0000000, 0x00000000a3780000, 0x00000000e0000000)
  object space 56832K, 24% used [0x00000000a0000000,0x00000000a0dbf0d8,0x00000000a3780000)
 Metaspace       used 42415K, capacity 43246K, committed 43520K, reserved 1087488K
  class space    used 5815K, capacity 6058K, committed 6144K, reserved 1048576K
Event: 40.397 GC heap after
Heap after GC invocations=16 (full 2):
 PSYoungGen      total 70656K, used 8136K [0x00000000e0000000, 0x00000000e5100000, 0x0000000100000000)
  eden space 60416K, 0% used [0x00000000e0000000,0x00000000e0000000,0x00000000e3b00000)
  from space 10240K, 79% used [0x00000000e4580000,0x00000000e4d72270,0x00000000e4f80000)
  to   space 10752K, 0% used [0x00000000e3b00000,0x00000000e3b00000,0x00000000e4580000)
 ParOldGen       total 56832K, used 14084K [0x00000000a0000000, 0x00000000a3780000, 0x00000000e0000000)
  object space 56832K, 24% used [0x00000000a0000000,0x00000000a0dc10d8,0x00000000a3780000)
 Metaspace       used 42415K, capacity 43246K, committed 43520K, reserved 1087488K
  class space    used 5815K, capacity 6058K, committed 6144K, reserved 1048576K
}
Event: 43.398 GC heap before
{Heap before GC invocations=17 (full 2):
 PSYoungGen      total 70656K, used 68552K [0x00000000e0000000, 0x00000000e5100000, 0x0000000100000000)
  eden space 60416K, 100% used [0x00000000e0000000,0x00000000e3b00000,0x00000000e3b00000)
  from space 10240K, 79% used [0x00000000e4580000,0x00000000e4d72270,0x00000000e4f80000)
  to   space 10752K, 0% used [0x00000000e3b00000,0x00000000e3b00000,0x00000000e4580000)
 ParOldGen       total 56832K, used 14084K [0x00000000a0000000, 0x00000000a3780000, 0x00000000e0000000)
  object space 56832K, 24% used [0x00000000a0000000,0x00000000a0dc10d8,0x00000000a3780000)
 Metaspace       used 45818K, capacity 47050K, committed 47104K, reserved 1089536K
  class space    used 6344K, capacity 6636K, committed 6656K, reserved 1048576K
Event: 43.430 GC heap after
Heap after GC invocations=17 (full 2):
 PSYoungGen      total 71168K, used 6740K [0x00000000e0000000, 0x00000000e6880000, 0x0000000100000000)
  eden space 60416K, 0% used [0x00000000e0000000,0x00000000e0000000,0x00000000e3b00000)
  from space 10752K, 62% used [0x00000000e3b00000,0x00000000e41952b0,0x00000000e4580000)
  to   space 10240K, 0% used [0x00000000e5e80000,0x00000000e5e80000,0x00000000e6880000)
 ParOldGen       total 56832K, used 20124K [0x00000000a0000000, 0x00000000a3780000, 0x00000000e0000000)
  object space 56832K, 35% used [0x00000000a0000000,0x00000000a13a7070,0x00000000a3780000)
 Metaspace       used 45818K, capacity 47050K, committed 47104K, reserved 1089536K
  class space    used 6344K, capacity 6636K, committed 6656K, reserved 1048576K
}

