# JRE version: Java(TM) SE Runtime Environment (8.0_121-b13) (build 1.8.0_121-b13)
# Java VM: Java HotSpot(TM) 64-Bit Server VM (25.121-b13 mixed mode linux-amd64 compressed oops)
Heap:
 PSYoungGen      total 97792K, used 51991K [0x00000000e0000000, 0x00000000e8880000, 0x0000000100000000)
  eden space 86528K, 47% used [0x00000000e0000000,0x00000000e27e8a50,0x00000000e5480000)
  from space 11264K, 98% used [0x00000000e5480000,0x00000000e5f5d1d8,0x00000000e5f80000)
  to   space 12288K, 0% used [0x00000000e7c80000,0x00000000e7c80000,0x00000000e8880000)
 ParOldGen       total 94208K, used 15596K [0x00000000a0000000, 0x00000000a5c00000, 0x00000000e0000000)
  object space 94208K, 16% used [0x00000000a0000000,0x00000000a0f3b0c8,0x00000000a5c00000)
 Metaspace       used 45991K, capacity 47258K, committed 47448K, reserved 1089536K
  class space    used 6366K, capacity 6685K, committed 6784K, reserved 1048576K
GC Heap History (10 events):
Event: 12.850 GC heap before
{Heap before GC invocations=9 (full 1):
 PSYoungGen      total 55296K, used 51867K [0x00000000e0000000, 0x00000000e5400000, 0x0000000100000000)
  eden space 45056K, 100% used [0x00000000e0000000,0x00000000e2c00000,0x00000000e2c00000)
  from space 10240K, 66% used [0x00000000e2c00000,0x00000000e32a6c78,0x00000000e3600000)
  to   space 10240K, 0% used [0x00000000e4a00000,0x00000000e4a00000,0x00000000e5400000)
 ParOldGen       total 66048K, used 9418K [0x00000000a0000000, 0x00000000a4080000, 0x00000000e0000000)
  object space 66048K, 14% used [0x00000000a0000000,0x00000000a0932a88,0x00000000a4080000)
 Metaspace       used 32326K, capacity 33030K, committed 33152K, reserved 1077248K
  class space    used 4495K, capacity 4712K, committed 4736K, reserved 1048576K
Event: 12.864 GC heap after
Heap after GC invocations=9 (full 1):
 PSYoungGen      total 74752K, used 8515K [0x00000000e0000000, 0x00000000e5400000, 0x0000000100000000)
  eden space 64512K, 0% used [0x00000000e0000000,0x00000000e0000000,0x00000000e3f00000)
  from space 10240K, 83% used [0x00000000e4a00000,0x00000000e5250f90,0x00000000e5400000)
  to   space 10752K, 0% used [0x00000000e3f00000,0x00000000e3f00000,0x00000000e4980000)
 ParOldGen       total 66048K, used 9490K [0x00000000a0000000, 0x00000000a4080000, 0x00000000e0000000)
  object space 66048K, 14% used [0x00000000a0000000,0x00000000a0944a98,0x00000000a4080000)
 Metaspace       used 32326K, capacity 33030K, committed 33152K, reserved 1077248K
  class space    used 4495K, capacity 4712K, committed 4736K, reserved 1048576K
}
Event: 13.260 GC heap before
{Heap before GC invocations=10 (full 1):
 PSYoungGen      total 74752K, used 30581K [0x00000000e0000000, 0x00000000e5400000, 0x0000000100000000)
  eden space 64512K, 34% used [0x00000000e0000000,0x00000000e158c5d0,0x00000000e3f00000)
  from space 10240K, 83% used [0x00000000e4a00000,0x00000000e5250f90,0x00000000e5400000)
  to   space 10752K, 0% used [0x00000000e3f00000,0x00000000e3f00000,0x00000000e4980000)
 ParOldGen       total 66048K, used 9490K [0x00000000a0000000, 0x00000000a4080000, 0x00000000e0000000)
  object space 66048K, 14% used [0x00000000a0000000,0x00000000a0944a98,0x00000000a4080000)
 Metaspace       used 34626K, capacity 35384K, committed 35416K, reserved 1079296K
  class space    used 4786K, capacity 4987K, committed 4992K, reserved 1048576K
Event: 13.274 GC heap after
Heap after GC invocations=10 (full 1):
 PSYoungGen      total 75264K, used 9364K [0x00000000e0000000, 0x00000000e6b80000, 0x0000000100000000)
  eden space 64512K, 0% used [0x00000000e0000000,0x00000000e0000000,0x00000000e3f00000)
  from space 10752K, 87% used [0x00000000e3f00000,0x00000000e48253a0,0x00000000e4980000)
  to   space 11264K, 0% used [0x00000000e6080000,0x00000000e6080000,0x00000000e6b80000)
 ParOldGen       total 66048K, used 9498K [0x00000000a0000000, 0x00000000a4080000, 0x00000000e0000000)
  object space 66048K, 14% used [0x00000000a0000000,0x00000000a0946a98,0x00000000a4080000)
 Metaspace       used 34626K, capacity 35384K, committed 35416K, reserved 1079296K
  class space    used 4786K, capacity 4987K, committed 4992K, reserved 1048576K
}
Event: 13.274 GC heap before
{Heap before GC invocations=11 (full 2):
 PSYoungGen      total 75264K, used 9364K [0x00000000e0000000, 0x00000000e6b80000, 0x0000000100000000)
  eden space 64512K, 0% used [0x00000000e0000000,0x00000000e0000000,0x00000000e3f00000)
  from space 10752K, 87% used [0x00000000e3f00000,0x00000000e48253a0,0x00000000e4980000)
  to   space 11264K, 0% used [0x00000000e6080000,0x00000000e6080000,0x00000000e6b80000)
 ParOldGen       total 66048K, used 9498K [0x00000000a0000000, 0x00000000a4080000, 0x00000000e0000000)
  object space 66048K, 14% used [0x00000000a0000000,0x00000000a0946a98,0x00000000a4080000)
 Metaspace       used 34626K, capacity 35384K, committed 35416K, reserved 1079296K
  class space    used 4786K, capacity 4987K, committed 4992K, reserved 1048576K
Event: 13.362 GC heap after
Heap after GC invocations=11 (full 2):
 PSYoungGen      total 75264K, used 0K [0x00000000e0000000, 0x00000000e6b80000, 0x0000000100000000)
  eden space 64512K, 0% used [0x00000000e0000000,0x00000000e0000000,0x00000000e3f00000)
  from space 10752K, 0% used [0x00000000e3f00000,0x00000000e3f00000,0x00000000e4980000)
  to   space 11264K, 0% used [0x00000000e6080000,0x00000000e6080000,0x00000000e6b80000)
 ParOldGen       total 94208K, used 15580K [0x00000000a0000000, 0x00000000a5c00000, 0x00000000e0000000)
  object space 94208K, 16% used [0x00000000a0000000,0x00000000a0f370c8,0x00000000a5c00000)
 Metaspace       used 34626K, capacity 35384K, committed 35416K, reserved 1079296K
  class space    used 4786K, capacity 4987K, committed 4992K, reserved 1048576K
}
Event: 14.306 GC heap before
{Heap before GC invocations=12 (full 2):
 PSYoungGen      total 75264K, used 64512K [0x00000000e0000000, 0x00000000e6b80000, 0x0000000100000000)
  eden space 64512K, 100% used [0x00000000e0000000,0x00000000e3f00000,0x00000000e3f00000)
  from space 10752K, 0% used [0x00000000e3f00000,0x00000000e3f00000,0x00000000e4980000)
  to   space 11264K, 0% used [0x00000000e6080000,0x00000000e6080000,0x00000000e6b80000)
 ParOldGen       total 94208K, used 15580K [0x00000000a0000000, 0x00000000a5c00000, 0x00000000e0000000)
  object space 94208K, 16% used [0x00000000a0000000,0x00000000a0f370c8,0x00000000a5c00000)
 Metaspace       used 37814K, capacity 38560K, committed 38744K, reserved 1083392K
  class space    used 5200K, capacity 5433K, committed 5504K, reserved 1048576K
Event: 14.321 GC heap after
Heap after GC invocations=12 (full 2):
 PSYoungGen      total 96768K, used 7263K [0x00000000e0000000, 0x00000000e6a80000, 0x0000000100000000)
  eden space 86528K, 0% used [0x00000000e0000000,0x00000000e0000000,0x00000000e5480000)
  from space 10240K, 70% used [0x00000000e6080000,0x00000000e6797de8,0x00000000e6a80000)
  to   space 11264K, 0% used [0x00000000e5480000,0x00000000e5480000,0x00000000e5f80000)
 ParOldGen       total 94208K, used 15588K [0x00000000a0000000, 0x00000000a5c00000, 0x00000000e0000000)
  object space 94208K, 16% used [0x00000000a0000000,0x00000000a0f390c8,0x00000000a5c00000)
 Metaspace       used 37814K, capacity 38560K, committed 38744K, reserved 1083392K
  class space    used 5200K, capacity 5433K, committed 5504K, reserved 1048576K
}
Event: 15.969 GC heap before
{Heap before GC invocations=13 (full 2):
 PSYoungGen      total 96768K, used 93791K [0x00000000e0000000, 0x00000000e6a80000, 0x0000000100000000)
  eden space 86528K, 100% used [0x00000000e0000000,0x00000000e5480000,0x00000000e5480000)
  from space 10240K, 70% used [0x00000000e6080000,0x00000000e6797de8,0x00000000e6a80000)
  to   space 11264K, 0% used [0x00000000e5480000,0x00000000e5480000,0x00000000e5f80000)
 ParOldGen       total 94208K, used 15588K [0x00000000a0000000, 0x00000000a5c00000, 0x00000000e0000000)
  object space 94208K, 16% used [0x00000000a0000000,0x00000000a0f390c8,0x00000000a5c00000)
 Metaspace       used 43478K, capacity 44510K, committed 44632K, reserved 1087488K
  class space    used 5970K, capacity 6207K, committed 6272K, reserved 1048576K
Event: 15.990 GC heap after
Heap after GC invocations=13 (full 2):
 PSYoungGen      total 97792K, used 11124K [0x00000000e0000000, 0x00000000e8880000, 0x0000000100000000)
  eden space 86528K, 0% used [0x00000000e0000000,0x00000000e0000000,0x00000000e5480000)
  from space 11264K, 98% used [0x00000000e5480000,0x00000000e5f5d1d8,0x00000000e5f80000)
  to   space 12288K, 0% used [0x00000000e7c80000,0x00000000e7c80000,0x00000000e8880000)
 ParOldGen       total 94208K, used 15596K [0x00000000a0000000, 0x00000000a5c00000, 0x00000000e0000000)
  object space 94208K, 16% used [0x00000000a0000000,0x00000000a0f3b0c8,0x00000000a5c00000)
 Metaspace       used 43478K, capacity 44510K, committed 44632K, reserved 1087488K
  class space    used 5970K, capacity 6207K, committed 6272K, reserved 1048576K
}

