# JRE version: Java(TM) SE Runtime Environment (8.0_121-b13) (build 1.8.0_121-b13)
# Java VM: Java HotSpot(TM) 64-Bit Server VM (25.121-b13 mixed mode linux-amd64 compressed oops)
Heap:
 PSYoungGen      total 394752K, used 374003K [0x00000000e0000000, 0x00000000fb500000, 0x0000000100000000)
  eden space 360448K, 100% used [0x00000000e0000000,0x00000000f6000000,0x00000000f6000000)
  from space 34304K, 39% used [0x00000000f9380000,0x00000000fa0bcf60,0x00000000fb500000)
  to   space 43520K, 96% used [0x00000000f6000000,0x00000000f88f71a8,0x00000000f8a80000)
 ParOldGen       total 151040K, used 111365K [0x00000000a0000000, 0x00000000a9380000, 0x00000000e0000000)
  object space 151040K, 73% used [0x00000000a0000000,0x00000000a6cc17d0,0x00000000a9380000)
 Metaspace       used 66923K, capacity 69260K, committed 69504K, reserved 1110016K
  class space    used 8781K, capacity 9255K, committed 9344K, reserved 1048576K
GC Heap History (10 events):
Event: 33.008 GC heap after
Heap after GC invocations=21 (full 3):
 PSYoungGen      total 248832K, used 26594K [0x00000000e0000000, 0x00000000f2580000, 0x0000000100000000)
  eden space 222208K, 0% used [0x00000000e0000000,0x00000000e0000000,0x00000000ed900000)
  from space 26624K, 99% used [0x00000000efc00000,0x00000000f15f8b88,0x00000000f1600000)
  to   space 35840K, 0% used [0x00000000ed900000,0x00000000ed900000,0x00000000efc00000)
 ParOldGen       total 151040K, used 60486K [0x00000000a0000000, 0x00000000a9380000, 0x00000000e0000000)
  object space 151040K, 40% used [0x00000000a0000000,0x00000000a3b11be0,0x00000000a9380000)
 Metaspace       used 62449K, capacity 64560K, committed 64768K, reserved 1105920K
  class space    used 8413K, capacity 8855K, committed 8960K, reserved 1048576K
}
Event: 35.880 GC heap before
{Heap before GC invocations=22 (full 3):
 PSYoungGen      total 248832K, used 248802K [0x00000000e0000000, 0x00000000f2580000, 0x0000000100000000)
  eden space 222208K, 100% used [0x00000000e0000000,0x00000000ed900000,0x00000000ed900000)
  from space 26624K, 99% used [0x00000000efc00000,0x00000000f15f8b88,0x00000000f1600000)
  to   space 35840K, 0% used [0x00000000ed900000,0x00000000ed900000,0x00000000efc00000)
 ParOldGen       total 151040K, used 60486K [0x00000000a0000000, 0x00000000a9380000, 0x00000000e0000000)
  object space 151040K, 40% used [0x00000000a0000000,0x00000000a3b11be0,0x00000000a9380000)
 Metaspace       used 62630K, capacity 64752K, committed 65024K, reserved 1105920K
  class space    used 8414K, capacity 8855K, committed 8960K, reserved 1048576K
Event: 35.949 GC heap after
Heap after GC invocations=22 (full 3):
 PSYoungGen      total 258048K, used 35816K [0x00000000e0000000, 0x00000000f7180000, 0x0000000100000000)
  eden space 222208K, 0% used [0x00000000e0000000,0x00000000e0000000,0x00000000ed900000)
  from space 35840K, 99% used [0x00000000ed900000,0x00000000efbfa1a8,0x00000000efc00000)
  to   space 48640K, 0% used [0x00000000f4200000,0x00000000f4200000,0x00000000f7180000)
 ParOldGen       total 151040K, used 78141K [0x00000000a0000000, 0x00000000a9380000, 0x00000000e0000000)
  object space 151040K, 51% used [0x00000000a0000000,0x00000000a4c4f518,0x00000000a9380000)
 Metaspace       used 62630K, capacity 64752K, committed 65024K, reserved 1105920K
  class space    used 8414K, capacity 8855K, committed 8960K, reserved 1048576K
}
Event: 37.682 GC heap before
{Heap before GC invocations=23 (full 3):
 PSYoungGen      total 258048K, used 258024K [0x00000000e0000000, 0x00000000f7180000, 0x0000000100000000)
  eden space 222208K, 100% used [0x00000000e0000000,0x00000000ed900000,0x00000000ed900000)
  from space 35840K, 99% used [0x00000000ed900000,0x00000000efbfa1a8,0x00000000efc00000)
  to   space 48640K, 0% used [0x00000000f4200000,0x00000000f4200000,0x00000000f7180000)
 ParOldGen       total 151040K, used 78141K [0x00000000a0000000, 0x00000000a9380000, 0x00000000e0000000)
  object space 151040K, 51% used [0x00000000a0000000,0x00000000a4c4f518,0x00000000a9380000)
 Metaspace       used 64197K, capacity 66396K, committed 66688K, reserved 1107968K
  class space    used 8602K, capacity 9059K, committed 9088K, reserved 1048576K
Event: 37.733 GC heap after
Heap after GC invocations=23 (full 3):
 PSYoungGen      total 325632K, used 20175K [0x00000000e0000000, 0x00000000f6d80000, 0x0000000100000000)
  eden space 281088K, 0% used [0x00000000e0000000,0x00000000e0000000,0x00000000f1280000)
  from space 44544K, 45% used [0x00000000f4200000,0x00000000f55b3ed0,0x00000000f6d80000)
  to   space 46592K, 0% used [0x00000000f1280000,0x00000000f1280000,0x00000000f4000000)
 ParOldGen       total 151040K, used 88351K [0x00000000a0000000, 0x00000000a9380000, 0x00000000e0000000)
  object space 151040K, 58% used [0x00000000a0000000,0x00000000a5647f10,0x00000000a9380000)
 Metaspace       used 64197K, capacity 66396K, committed 66688K, reserved 1107968K
  class space    used 8602K, capacity 9059K, committed 9088K, reserved 1048576K
}
Event: 37.981 GC heap before
{Heap before GC invocations=24 (full 3):
 PSYoungGen      total 325632K, used 300693K [0x00000000e0000000, 0x00000000f6d80000, 0x0000000100000000)
  eden space 281088K, 99% used [0x00000000e0000000,0x00000000f11f18e0,0x00000000f1280000)
  from space 44544K, 45% used [0x00000000f4200000,0x00000000f55b3ed0,0x00000000f6d80000)
  to   space 46592K, 0% used [0x00000000f1280000,0x00000000f1280000,0x00000000f4000000)
 ParOldGen       total 151040K, used 88351K [0x00000000a0000000, 0x00000000a9380000, 0x00000000e0000000)
  object space 151040K, 58% used [0x00000000a0000000,0x00000000a5647f10,0x00000000a9380000)
 Metaspace       used 64282K, capacity 66412K, committed 66688K, reserved 1107968K
  class space    used 8604K, capacity 9061K, committed 9088K, reserved 1048576K
Event: 38.009 GC heap after
Heap after GC invocations=24 (full 3):
 PSYoungGen      total 327680K, used 2181K [0x00000000e0000000, 0x00000000fc100000, 0x0000000100000000)
  eden space 281088K, 0% used [0x00000000e0000000,0x00000000e0000000,0x00000000f1280000)
  from space 46592K, 4% used [0x00000000f1280000,0x00000000f14a1538,0x00000000f4000000)
  to   space 46592K, 0% used [0x00000000f9380000,0x00000000f9380000,0x00000000fc100000)
 ParOldGen       total 151040K, used 107125K [0x00000000a0000000, 0x00000000a9380000, 0x00000000e0000000)
  object space 151040K, 70% used [0x00000000a0000000,0x00000000a689d7b0,0x00000000a9380000)
 Metaspace       used 64282K, capacity 66412K, committed 66688K, reserved 1107968K
  class space    used 8604K, capacity 9061K, committed 9088K, reserved 1048576K
}
Event: 577.621 GC heap before
{Heap before GC invocations=25 (full 3):
 PSYoungGen      total 327680K, used 283269K [0x00000000e0000000, 0x00000000fc100000, 0x0000000100000000)
  eden space 281088K, 100% used [0x00000000e0000000,0x00000000f1280000,0x00000000f1280000)
  from space 46592K, 4% used [0x00000000f1280000,0x00000000f14a1538,0x00000000f4000000)
  to   space 46592K, 0% used [0x00000000f9380000,0x00000000f9380000,0x00000000fc100000)
 ParOldGen       total 151040K, used 107125K [0x00000000a0000000, 0x00000000a9380000, 0x00000000e0000000)
  object space 151040K, 70% used [0x00000000a0000000,0x00000000a689d7b0,0x00000000a9380000)
 Metaspace       used 66722K, capacity 69000K, committed 69248K, reserved 1110016K
  class space    used 8772K, capacity 9217K, committed 9344K, reserved 1048576K
Event: 577.654 GC heap after
Heap after GC invocations=25 (full 3):
 PSYoungGen      total 394752K, used 13555K [0x00000000e0000000, 0x00000000fb500000, 0x0000000100000000)
  eden space 360448K, 0% used [0x00000000e0000000,0x00000000e0000000,0x00000000f6000000)
  from space 34304K, 39% used [0x00000000f9380000,0x00000000fa0bcf60,0x00000000fb500000)
  to   space 43520K, 0% used [0x00000000f6000000,0x00000000f6000000,0x00000000f8a80000)
 ParOldGen       total 151040K, used 107381K [0x00000000a0000000, 0x00000000a9380000, 0x00000000e0000000)
  object space 151040K, 71% used [0x00000000a0000000,0x00000000a68dd7b0,0x00000000a9380000)
 Metaspace       used 66722K, capacity 69000K, committed 69248K, reserved 1110016K
  class space    used 8772K, capacity 9217K, committed 9344K, reserved 1048576K
}
Event: 579.546 GC heap before
{Heap before GC invocations=26 (full 3):
 PSYoungGen      total 394752K, used 374003K [0x00000000e0000000, 0x00000000fb500000, 0x0000000100000000)
  eden space 360448K, 100% used [0x00000000e0000000,0x00000000f6000000,0x00000000f6000000)
  from space 34304K, 39% used [0x00000000f9380000,0x00000000fa0bcf60,0x00000000fb500000)
  to   space 43520K, 0% used [0x00000000f6000000,0x00000000f6000000,0x00000000f8a80000)
 ParOldGen       total 151040K, used 107381K [0x00000000a0000000, 0x00000000a9380000, 0x00000000e0000000)
  object space 151040K, 71% used [0x00000000a0000000,0x00000000a68dd7b0,0x00000000a9380000)
 Metaspace       used 66923K, capacity 69260K, committed 69504K, reserved 1110016K
  class space    used 8781K, capacity 9255K, committed 9344K, reserved 1048576K

