# JRE version: Java(TM) SE Runtime Environment (8.0_121-b13) (build 1.8.0_121-b13)
# Java VM: Java HotSpot(TM) 64-Bit Server VM (25.121-b13 mixed mode linux-amd64 compressed oops)
Heap:
 PSYoungGen      total 440320K, used 294975K [0x00000000e0000000, 0x00000000fff00000, 0x0000000100000000)
  eden space 358400K, 78% used [0x00000000e0000000,0x00000000f1202f50,0x00000000f5e00000)
  from space 81920K, 17% used [0x00000000faf00000,0x00000000fbd0cd10,0x00000000fff00000)
  to   space 82432K, 0% used [0x00000000f5e00000,0x00000000f5e00000,0x00000000fae80000)
 ParOldGen       total 247808K, used 124265K [0x00000000a0000000, 0x00000000af200000, 0x00000000e0000000)
  object space 247808K, 50% used [0x00000000a0000000,0x00000000a795a520,0x00000000af200000)
 Metaspace       used 69744K, capacity 73248K, committed 73472K, reserved 1114112K
  class space    used 8879K, capacity 9395K, committed 9472K, reserved 1048576K
GC Heap History (10 events):
Event: 1999.024 GC heap before
{Heap before GC invocations=28 (full 4):
 PSYoungGen      total 415744K, used 33768K [0x00000000e0000000, 0x00000000ff300000, 0x0000000100000000)
  eden space 335872K, 0% used [0x00000000e0000000,0x00000000e0000000,0x00000000f4800000)
  from space 79872K, 42% used [0x00000000fa500000,0x00000000fc5fa1f0,0x00000000ff300000)
  to   space 87552K, 0% used [0x00000000f4800000,0x00000000f4800000,0x00000000f9d80000)
 ParOldGen       total 240640K, used 221089K [0x00000000a0000000, 0x00000000aeb00000, 0x00000000e0000000)
  object space 240640K, 91% used [0x00000000a0000000,0x00000000ad7e8430,0x00000000aeb00000)
 Metaspace       used 69126K, capacity 71990K, committed 72064K, reserved 1112064K
  class space    used 8807K, capacity 9282K, committed 9344K, reserved 1048576K
Event: 1999.472 GC heap after
Heap after GC invocations=28 (full 4):
 PSYoungGen      total 415744K, used 0K [0x00000000e0000000, 0x00000000ff300000, 0x0000000100000000)
  eden space 335872K, 0% used [0x00000000e0000000,0x00000000e0000000,0x00000000f4800000)
  from space 79872K, 0% used [0x00000000fa500000,0x00000000fa500000,0x00000000ff300000)
  to   space 87552K, 0% used [0x00000000f4800000,0x00000000f4800000,0x00000000f9d80000)
 ParOldGen       total 247808K, used 75530K [0x00000000a0000000, 0x00000000af200000, 0x00000000e0000000)
  object space 247808K, 30% used [0x00000000a0000000,0x00000000a49c2b08,0x00000000af200000)
 Metaspace       used 68938K, capacity 71696K, committed 72064K, reserved 1112064K
  class space    used 8779K, capacity 9229K, committed 9344K, reserved 1048576K
}
Event: 2000.342 GC heap before
{Heap before GC invocations=29 (full 4):
 PSYoungGen      total 415744K, used 335872K [0x00000000e0000000, 0x00000000ff300000, 0x0000000100000000)
  eden space 335872K, 100% used [0x00000000e0000000,0x00000000f4800000,0x00000000f4800000)
  from space 79872K, 0% used [0x00000000fa500000,0x00000000fa500000,0x00000000ff300000)
  to   space 87552K, 0% used [0x00000000f4800000,0x00000000f4800000,0x00000000f9d80000)
 ParOldGen       total 247808K, used 75530K [0x00000000a0000000, 0x00000000af200000, 0x00000000e0000000)
  object space 247808K, 30% used [0x00000000a0000000,0x00000000a49c2b08,0x00000000af200000)
 Metaspace       used 68938K, capacity 71696K, committed 72064K, reserved 1112064K
  class space    used 8779K, capacity 9229K, committed 9344K, reserved 1048576K
Event: 2000.424 GC heap after
Heap after GC invocations=29 (full 4):
 PSYoungGen      total 423424K, used 50007K [0x00000000e0000000, 0x0000000100000000, 0x0000000100000000)
  eden space 335872K, 0% used [0x00000000e0000000,0x00000000e0000000,0x00000000f4800000)
  from space 87552K, 57% used [0x00000000f4800000,0x00000000f78d5eb8,0x00000000f9d80000)
  to   space 88064K, 0% used [0x00000000faa00000,0x00000000faa00000,0x0000000100000000)
 ParOldGen       total 247808K, used 75530K [0x00000000a0000000, 0x00000000af200000, 0x00000000e0000000)
  object space 247808K, 30% used [0x00000000a0000000,0x00000000a49c2b08,0x00000000af200000)
 Metaspace       used 68938K, capacity 71696K, committed 72064K, reserved 1112064K
  class space    used 8779K, capacity 9229K, committed 9344K, reserved 1048576K
}
Event: 2195.407 GC heap before
{Heap before GC invocations=30 (full 4):
 PSYoungGen      total 423424K, used 385879K [0x00000000e0000000, 0x0000000100000000, 0x0000000100000000)
  eden space 335872K, 100% used [0x00000000e0000000,0x00000000f4800000,0x00000000f4800000)
  from space 87552K, 57% used [0x00000000f4800000,0x00000000f78d5eb8,0x00000000f9d80000)
  to   space 88064K, 0% used [0x00000000faa00000,0x00000000faa00000,0x0000000100000000)
 ParOldGen       total 247808K, used 75530K [0x00000000a0000000, 0x00000000af200000, 0x00000000e0000000)
  object space 247808K, 30% used [0x00000000a0000000,0x00000000a49c2b08,0x00000000af200000)
 Metaspace       used 69551K, capacity 72896K, committed 73216K, reserved 1114112K
  class space    used 8865K, capacity 9378K, committed 9472K, reserved 1048576K
Event: 2195.458 GC heap after
Heap after GC invocations=30 (full 4):
 PSYoungGen      total 427008K, used 37692K [0x00000000e0000000, 0x00000000ff680000, 0x0000000100000000)
  eden space 348672K, 0% used [0x00000000e0000000,0x00000000e0000000,0x00000000f5480000)
  from space 78336K, 48% used [0x00000000faa00000,0x00000000fcecf350,0x00000000ff680000)
  to   space 82944K, 0% used [0x00000000f5480000,0x00000000f5480000,0x00000000fa580000)
 ParOldGen       total 247808K, used 91391K [0x00000000a0000000, 0x00000000af200000, 0x00000000e0000000)
  object space 247808K, 36% used [0x00000000a0000000,0x00000000a593fe10,0x00000000af200000)
 Metaspace       used 69551K, capacity 72896K, committed 73216K, reserved 1114112K
  class space    used 8865K, capacity 9378K, committed 9472K, reserved 1048576K
}
Event: 2196.348 GC heap before
{Heap before GC invocations=31 (full 4):
 PSYoungGen      total 427008K, used 386364K [0x00000000e0000000, 0x00000000ff680000, 0x0000000100000000)
  eden space 348672K, 100% used [0x00000000e0000000,0x00000000f5480000,0x00000000f5480000)
  from space 78336K, 48% used [0x00000000faa00000,0x00000000fcecf350,0x00000000ff680000)
  to   space 82944K, 0% used [0x00000000f5480000,0x00000000f5480000,0x00000000fa580000)
 ParOldGen       total 247808K, used 91391K [0x00000000a0000000, 0x00000000af200000, 0x00000000e0000000)
  object space 247808K, 36% used [0x00000000a0000000,0x00000000a593fe10,0x00000000af200000)
 Metaspace       used 69555K, capacity 72896K, committed 73216K, reserved 1114112K
  class space    used 8866K, capacity 9378K, committed 9472K, reserved 1048576K
Event: 2196.427 GC heap after
Heap after GC invocations=31 (full 4):
 PSYoungGen      total 431616K, used 48774K [0x00000000e0000000, 0x0000000100000000, 0x0000000100000000)
  eden space 348672K, 0% used [0x00000000e0000000,0x00000000e0000000,0x00000000f5480000)
  from space 82944K, 58% used [0x00000000f5480000,0x00000000f8421aa8,0x00000000fa580000)
  to   space 82944K, 0% used [0x00000000faf00000,0x00000000faf00000,0x0000000100000000)
 ParOldGen       total 247808K, used 107171K [0x00000000a0000000, 0x00000000af200000, 0x00000000e0000000)
  object space 247808K, 43% used [0x00000000a0000000,0x00000000a68a8fb0,0x00000000af200000)
 Metaspace       used 69555K, capacity 72896K, committed 73216K, reserved 1114112K
  class space    used 8866K, capacity 9378K, committed 9472K, reserved 1048576K
}
Event: 2488.241 GC heap before
{Heap before GC invocations=32 (full 4):
 PSYoungGen      total 431616K, used 397446K [0x00000000e0000000, 0x0000000100000000, 0x0000000100000000)
  eden space 348672K, 100% used [0x00000000e0000000,0x00000000f5480000,0x00000000f5480000)
  from space 82944K, 58% used [0x00000000f5480000,0x00000000f8421aa8,0x00000000fa580000)
  to   space 82944K, 0% used [0x00000000faf00000,0x00000000faf00000,0x0000000100000000)
 ParOldGen       total 247808K, used 107171K [0x00000000a0000000, 0x00000000af200000, 0x00000000e0000000)
  object space 247808K, 43% used [0x00000000a0000000,0x00000000a68a8fb0,0x00000000af200000)
 Metaspace       used 69744K, capacity 73248K, committed 73472K, reserved 1114112K
  class space    used 8879K, capacity 9395K, committed 9472K, reserved 1048576K
Event: 2488.285 GC heap after
Heap after GC invocations=32 (full 4):
 PSYoungGen      total 440320K, used 14387K [0x00000000e0000000, 0x00000000fff00000, 0x0000000100000000)
  eden space 358400K, 0% used [0x00000000e0000000,0x00000000e0000000,0x00000000f5e00000)
  from space 81920K, 17% used [0x00000000faf00000,0x00000000fbd0cd10,0x00000000fff00000)
  to   space 82432K, 0% used [0x00000000f5e00000,0x00000000f5e00000,0x00000000fae80000)
 ParOldGen       total 247808K, used 124265K [0x00000000a0000000, 0x00000000af200000, 0x00000000e0000000)
  object space 247808K, 50% used [0x00000000a0000000,0x00000000a795a520,0x00000000af200000)
 Metaspace       used 69744K, capacity 73248K, committed 73472K, reserved 1114112K
  class space    used 8879K, capacity 9395K, committed 9472K, reserved 1048576K
}

