# JRE version: Java(TM) SE Runtime Environment (8.0_121-b13) (build 1.8.0_121-b13)
# Java VM: Java HotSpot(TM) 64-Bit Server VM (25.121-b13 mixed mode linux-amd64 compressed oops)
Heap:
 PSYoungGen      total 121856K, used 27095K [0x00000000e0000000, 0x00000000e9d00000, 0x0000000100000000)
  eden space 109568K, 13% used [0x00000000e0000000,0x00000000e0e79e18,0x00000000e6b00000)
  from space 12288K, 99% used [0x00000000e6b00000,0x00000000e76fc1d8,0x00000000e7700000)
  to   space 14848K, 0% used [0x00000000e8e80000,0x00000000e8e80000,0x00000000e9d00000)
 ParOldGen       total 109568K, used 20718K [0x00000000a0000000, 0x00000000a6b00000, 0x00000000e0000000)
  object space 109568K, 18% used [0x00000000a0000000,0x00000000a143bab8,0x00000000a6b00000)
 Metaspace       used 46932K, capacity 48464K, committed 48600K, reserved 1091584K
  class space    used 6538K, capacity 6846K, committed 6912K, reserved 1048576K
GC Heap History (10 events):
Event: 4.436 GC heap before
{Heap before GC invocations=7 (full 1):
 PSYoungGen      total 68608K, used 68582K [0x00000000e0000000, 0x00000000e6780000, 0x0000000100000000)
  eden space 63488K, 100% used [0x00000000e0000000,0x00000000e3e00000,0x00000000e3e00000)
  from space 5120K, 99% used [0x00000000e3e00000,0x00000000e42f9b48,0x00000000e4300000)
  to   space 10752K, 0% used [0x00000000e5d00000,0x00000000e5d00000,0x00000000e6780000)
 ParOldGen       total 67072K, used 11805K [0x00000000a0000000, 0x00000000a4180000, 0x00000000e0000000)
  object space 67072K, 17% used [0x00000000a0000000,0x00000000a0b87760,0x00000000a4180000)
 Metaspace       used 29572K, capacity 30154K, committed 30464K, reserved 1075200K
  class space    used 4144K, capacity 4285K, committed 4352K, reserved 1048576K
Event: 4.453 GC heap after
Heap after GC invocations=7 (full 1):
 PSYoungGen      total 93184K, used 7211K [0x00000000e0000000, 0x00000000e6600000, 0x0000000100000000)
  eden space 83968K, 0% used [0x00000000e0000000,0x00000000e0000000,0x00000000e5200000)
  from space 9216K, 78% used [0x00000000e5d00000,0x00000000e640af88,0x00000000e6600000)
  to   space 10240K, 0% used [0x00000000e5200000,0x00000000e5200000,0x00000000e5c00000)
 ParOldGen       total 67072K, used 11813K [0x00000000a0000000, 0x00000000a4180000, 0x00000000e0000000)
  object space 67072K, 17% used [0x00000000a0000000,0x00000000a0b89760,0x00000000a4180000)
 Metaspace       used 29572K, capacity 30154K, committed 30464K, reserved 1075200K
  class space    used 4144K, capacity 4285K, committed 4352K, reserved 1048576K
}
Event: 5.561 GC heap before
{Heap before GC invocations=8 (full 1):
 PSYoungGen      total 93184K, used 64931K [0x00000000e0000000, 0x00000000e6600000, 0x0000000100000000)
  eden space 83968K, 68% used [0x00000000e0000000,0x00000000e385dd80,0x00000000e5200000)
  from space 9216K, 78% used [0x00000000e5d00000,0x00000000e640af88,0x00000000e6600000)
  to   space 10240K, 0% used [0x00000000e5200000,0x00000000e5200000,0x00000000e5c00000)
 ParOldGen       total 67072K, used 11813K [0x00000000a0000000, 0x00000000a4180000, 0x00000000e0000000)
  object space 67072K, 17% used [0x00000000a0000000,0x00000000a0b89760,0x00000000a4180000)
 Metaspace       used 34676K, capacity 35382K, committed 35416K, reserved 1079296K
  class space    used 4792K, capacity 4988K, committed 4992K, reserved 1048576K
Event: 5.575 GC heap after
Heap after GC invocations=8 (full 1):
 PSYoungGen      total 94208K, used 10219K [0x00000000e0000000, 0x00000000e8300000, 0x0000000100000000)
  eden space 83968K, 0% used [0x00000000e0000000,0x00000000e0000000,0x00000000e5200000)
  from space 10240K, 99% used [0x00000000e5200000,0x00000000e5bfaf80,0x00000000e5c00000)
  to   space 12288K, 0% used [0x00000000e7700000,0x00000000e7700000,0x00000000e8300000)
 ParOldGen       total 67072K, used 12844K [0x00000000a0000000, 0x00000000a4180000, 0x00000000e0000000)
  object space 67072K, 19% used [0x00000000a0000000,0x00000000a0c8b098,0x00000000a4180000)
 Metaspace       used 34676K, capacity 35382K, committed 35416K, reserved 1079296K
  class space    used 4792K, capacity 4988K, committed 4992K, reserved 1048576K
}
Event: 5.575 GC heap before
{Heap before GC invocations=9 (full 2):
 PSYoungGen      total 94208K, used 10219K [0x00000000e0000000, 0x00000000e8300000, 0x0000000100000000)
  eden space 83968K, 0% used [0x00000000e0000000,0x00000000e0000000,0x00000000e5200000)
  from space 10240K, 99% used [0x00000000e5200000,0x00000000e5bfaf80,0x00000000e5c00000)
  to   space 12288K, 0% used [0x00000000e7700000,0x00000000e7700000,0x00000000e8300000)
 ParOldGen       total 67072K, used 12844K [0x00000000a0000000, 0x00000000a4180000, 0x00000000e0000000)
  object space 67072K, 19% used [0x00000000a0000000,0x00000000a0c8b098,0x00000000a4180000)
 Metaspace       used 34676K, capacity 35382K, committed 35416K, reserved 1079296K
  class space    used 4792K, capacity 4988K, committed 4992K, reserved 1048576K
Event: 5.665 GC heap after
Heap after GC invocations=9 (full 2):
 PSYoungGen      total 94208K, used 0K [0x00000000e0000000, 0x00000000e8300000, 0x0000000100000000)
  eden space 83968K, 0% used [0x00000000e0000000,0x00000000e0000000,0x00000000e5200000)
  from space 10240K, 0% used [0x00000000e5200000,0x00000000e5200000,0x00000000e5c00000)
  to   space 12288K, 0% used [0x00000000e7700000,0x00000000e7700000,0x00000000e8300000)
 ParOldGen       total 109568K, used 17291K [0x00000000a0000000, 0x00000000a6b00000, 0x00000000e0000000)
  object space 109568K, 15% used [0x00000000a0000000,0x00000000a10e2f70,0x00000000a6b00000)
 Metaspace       used 34676K, capacity 35382K, committed 35416K, reserved 1079296K
  class space    used 4792K, capacity 4988K, committed 4992K, reserved 1048576K
}
Event: 6.575 GC heap before
{Heap before GC invocations=10 (full 2):
 PSYoungGen      total 94208K, used 83968K [0x00000000e0000000, 0x00000000e8300000, 0x0000000100000000)
  eden space 83968K, 100% used [0x00000000e0000000,0x00000000e5200000,0x00000000e5200000)
  from space 10240K, 0% used [0x00000000e5200000,0x00000000e5200000,0x00000000e5c00000)
  to   space 12288K, 0% used [0x00000000e7700000,0x00000000e7700000,0x00000000e8300000)
 ParOldGen       total 109568K, used 17291K [0x00000000a0000000, 0x00000000a6b00000, 0x00000000e0000000)
  object space 109568K, 15% used [0x00000000a0000000,0x00000000a10e2f70,0x00000000a6b00000)
 Metaspace       used 38910K, capacity 39844K, committed 39896K, reserved 1083392K
  class space    used 5377K, capacity 5604K, committed 5632K, reserved 1048576K
Event: 6.587 GC heap after
Heap after GC invocations=10 (full 2):
 PSYoungGen      total 121856K, used 9036K [0x00000000e0000000, 0x00000000e8480000, 0x0000000100000000)
  eden space 109568K, 0% used [0x00000000e0000000,0x00000000e0000000,0x00000000e6b00000)
  from space 12288K, 73% used [0x00000000e7700000,0x00000000e7fd33c0,0x00000000e8300000)
  to   space 12288K, 0% used [0x00000000e6b00000,0x00000000e6b00000,0x00000000e7700000)
 ParOldGen       total 109568K, used 17299K [0x00000000a0000000, 0x00000000a6b00000, 0x00000000e0000000)
  object space 109568K, 15% used [0x00000000a0000000,0x00000000a10e4f70,0x00000000a6b00000)
 Metaspace       used 38910K, capacity 39844K, committed 39896K, reserved 1083392K
  class space    used 5377K, capacity 5604K, committed 5632K, reserved 1048576K
}
Event: 8.148 GC heap before
{Heap before GC invocations=11 (full 2):
 PSYoungGen      total 121856K, used 118604K [0x00000000e0000000, 0x00000000e8480000, 0x0000000100000000)
  eden space 109568K, 100% used [0x00000000e0000000,0x00000000e6b00000,0x00000000e6b00000)
  from space 12288K, 73% used [0x00000000e7700000,0x00000000e7fd33c0,0x00000000e8300000)
  to   space 12288K, 0% used [0x00000000e6b00000,0x00000000e6b00000,0x00000000e7700000)
 ParOldGen       total 109568K, used 17299K [0x00000000a0000000, 0x00000000a6b00000, 0x00000000e0000000)
  object space 109568K, 15% used [0x00000000a0000000,0x00000000a10e4f70,0x00000000a6b00000)
 Metaspace       used 46390K, capacity 47786K, committed 47960K, reserved 1091584K
  class space    used 6454K, capacity 6769K, committed 6784K, reserved 1048576K
Event: 8.173 GC heap after
Heap after GC invocations=11 (full 2):
 PSYoungGen      total 121856K, used 12272K [0x00000000e0000000, 0x00000000e9d00000, 0x0000000100000000)
  eden space 109568K, 0% used [0x00000000e0000000,0x00000000e0000000,0x00000000e6b00000)
  from space 12288K, 99% used [0x00000000e6b00000,0x00000000e76fc1d8,0x00000000e7700000)
  to   space 14848K, 0% used [0x00000000e8e80000,0x00000000e8e80000,0x00000000e9d00000)
 ParOldGen       total 109568K, used 20718K [0x00000000a0000000, 0x00000000a6b00000, 0x00000000e0000000)
  object space 109568K, 18% used [0x00000000a0000000,0x00000000a143bab8,0x00000000a6b00000)
 Metaspace       used 46390K, capacity 47786K, committed 47960K, reserved 1091584K
  class space    used 6454K, capacity 6769K, committed 6784K, reserved 1048576K
}

