# JRE version: Java(TM) SE Runtime Environment (8.0_121-b13) (build 1.8.0_121-b13)
# Java VM: Java HotSpot(TM) 64-Bit Server VM (25.121-b13 mixed mode linux-amd64 compressed oops)
Heap:
 PSYoungGen      total 111104K, used 23775K [0x00000000e0000000, 0x00000000e8f00000, 0x0000000100000000)
  eden space 98816K, 11% used [0x00000000e0000000,0x00000000e0b3ce90,0x00000000e6080000)
  from space 12288K, 99% used [0x00000000e6080000,0x00000000e6c7b0a0,0x00000000e6c80000)
  to   space 14336K, 0% used [0x00000000e8100000,0x00000000e8100000,0x00000000e8f00000)
 ParOldGen       total 115200K, used 19185K [0x00000000a0000000, 0x00000000a7080000, 0x00000000e0000000)
  object space 115200K, 16% used [0x00000000a0000000,0x00000000a12bc540,0x00000000a7080000)
 Metaspace       used 45704K, capacity 46762K, committed 47104K, reserved 1089536K
  class space    used 6274K, capacity 6535K, committed 6656K, reserved 1048576K
GC Heap History (10 events):
Event: 4.900 GC heap before
{Heap before GC invocations=7 (full 1):
 PSYoungGen      total 68608K, used 68603K [0x00000000e0000000, 0x00000000e6400000, 0x0000000100000000)
  eden space 63488K, 100% used [0x00000000e0000000,0x00000000e3e00000,0x00000000e3e00000)
  from space 5120K, 99% used [0x00000000e3e00000,0x00000000e42feca8,0x00000000e4300000)
  to   space 10240K, 0% used [0x00000000e5a00000,0x00000000e5a00000,0x00000000e6400000)
 ParOldGen       total 67584K, used 10735K [0x00000000a0000000, 0x00000000a4200000, 0x00000000e0000000)
  object space 67584K, 15% used [0x00000000a0000000,0x00000000a0a7bc50,0x00000000a4200000)
 Metaspace       used 29196K, capacity 29730K, committed 29824K, reserved 1075200K
  class space    used 4069K, capacity 4220K, committed 4224K, reserved 1048576K
Event: 4.908 GC heap after
Heap after GC invocations=7 (full 1):
 PSYoungGen      total 87040K, used 5788K [0x00000000e0000000, 0x00000000e6100000, 0x0000000100000000)
  eden space 79872K, 0% used [0x00000000e0000000,0x00000000e0000000,0x00000000e4e00000)
  from space 7168K, 80% used [0x00000000e5a00000,0x00000000e5fa71f0,0x00000000e6100000)
  to   space 9728K, 0% used [0x00000000e4e00000,0x00000000e4e00000,0x00000000e5780000)
 ParOldGen       total 67584K, used 10815K [0x00000000a0000000, 0x00000000a4200000, 0x00000000e0000000)
  object space 67584K, 16% used [0x00000000a0000000,0x00000000a0a8fc60,0x00000000a4200000)
 Metaspace       used 29196K, capacity 29730K, committed 29824K, reserved 1075200K
  class space    used 4069K, capacity 4220K, committed 4224K, reserved 1048576K
}
Event: 6.079 GC heap before
{Heap before GC invocations=8 (full 1):
 PSYoungGen      total 87040K, used 80400K [0x00000000e0000000, 0x00000000e6100000, 0x0000000100000000)
  eden space 79872K, 93% used [0x00000000e0000000,0x00000000e48dcf78,0x00000000e4e00000)
  from space 7168K, 80% used [0x00000000e5a00000,0x00000000e5fa71f0,0x00000000e6100000)
  to   space 9728K, 0% used [0x00000000e4e00000,0x00000000e4e00000,0x00000000e5780000)
 ParOldGen       total 67584K, used 10815K [0x00000000a0000000, 0x00000000a4200000, 0x00000000e0000000)
  object space 67584K, 16% used [0x00000000a0000000,0x00000000a0a8fc60,0x00000000a4200000)
 Metaspace       used 34676K, capacity 35262K, committed 35456K, reserved 1079296K
  class space    used 4754K, capacity 4917K, committed 4992K, reserved 1048576K
Event: 6.097 GC heap after
Heap after GC invocations=8 (full 1):
 PSYoungGen      total 89600K, used 9708K [0x00000000e0000000, 0x00000000e7800000, 0x0000000100000000)
  eden space 79872K, 0% used [0x00000000e0000000,0x00000000e0000000,0x00000000e4e00000)
  from space 9728K, 99% used [0x00000000e4e00000,0x00000000e577b1d8,0x00000000e5780000)
  to   space 11776K, 0% used [0x00000000e6c80000,0x00000000e6c80000,0x00000000e7800000)
 ParOldGen       total 67584K, used 12121K [0x00000000a0000000, 0x00000000a4200000, 0x00000000e0000000)
  object space 67584K, 17% used [0x00000000a0000000,0x00000000a0bd6698,0x00000000a4200000)
 Metaspace       used 34676K, capacity 35262K, committed 35456K, reserved 1079296K
  class space    used 4754K, capacity 4917K, committed 4992K, reserved 1048576K
}
Event: 6.097 GC heap before
{Heap before GC invocations=9 (full 2):
 PSYoungGen      total 89600K, used 9708K [0x00000000e0000000, 0x00000000e7800000, 0x0000000100000000)
  eden space 79872K, 0% used [0x00000000e0000000,0x00000000e0000000,0x00000000e4e00000)
  from space 9728K, 99% used [0x00000000e4e00000,0x00000000e577b1d8,0x00000000e5780000)
  to   space 11776K, 0% used [0x00000000e6c80000,0x00000000e6c80000,0x00000000e7800000)
 ParOldGen       total 67584K, used 12121K [0x00000000a0000000, 0x00000000a4200000, 0x00000000e0000000)
  object space 67584K, 17% used [0x00000000a0000000,0x00000000a0bd6698,0x00000000a4200000)
 Metaspace       used 34676K, capacity 35262K, committed 35456K, reserved 1079296K
  class space    used 4754K, capacity 4917K, committed 4992K, reserved 1048576K
Event: 6.202 GC heap after
Heap after GC invocations=9 (full 2):
 PSYoungGen      total 89600K, used 0K [0x00000000e0000000, 0x00000000e7800000, 0x0000000100000000)
  eden space 79872K, 0% used [0x00000000e0000000,0x00000000e0000000,0x00000000e4e00000)
  from space 9728K, 0% used [0x00000000e4e00000,0x00000000e4e00000,0x00000000e5780000)
  to   space 11776K, 0% used [0x00000000e6c80000,0x00000000e6c80000,0x00000000e7800000)
 ParOldGen       total 115200K, used 17476K [0x00000000a0000000, 0x00000000a7080000, 0x00000000e0000000)
  object space 115200K, 15% used [0x00000000a0000000,0x00000000a1111358,0x00000000a7080000)
 Metaspace       used 34676K, capacity 35262K, committed 35456K, reserved 1079296K
  class space    used 4754K, capacity 4917K, committed 4992K, reserved 1048576K
}
Event: 7.056 GC heap before
{Heap before GC invocations=10 (full 2):
 PSYoungGen      total 89600K, used 79872K [0x00000000e0000000, 0x00000000e7800000, 0x0000000100000000)
  eden space 79872K, 100% used [0x00000000e0000000,0x00000000e4e00000,0x00000000e4e00000)
  from space 9728K, 0% used [0x00000000e4e00000,0x00000000e4e00000,0x00000000e5780000)
  to   space 11776K, 0% used [0x00000000e6c80000,0x00000000e6c80000,0x00000000e7800000)
 ParOldGen       total 115200K, used 17476K [0x00000000a0000000, 0x00000000a7080000, 0x00000000e0000000)
  object space 115200K, 15% used [0x00000000a0000000,0x00000000a1111358,0x00000000a7080000)
 Metaspace       used 40436K, capacity 41256K, committed 41472K, reserved 1085440K
  class space    used 5584K, capacity 5798K, committed 5888K, reserved 1048576K
Event: 7.077 GC heap after
Heap after GC invocations=10 (full 2):
 PSYoungGen      total 110592K, used 10054K [0x00000000e0000000, 0x00000000e7e00000, 0x0000000100000000)
  eden space 98816K, 0% used [0x00000000e0000000,0x00000000e0000000,0x00000000e6080000)
  from space 11776K, 85% used [0x00000000e6c80000,0x00000000e7651a20,0x00000000e7800000)
  to   space 12288K, 0% used [0x00000000e6080000,0x00000000e6080000,0x00000000e6c80000)
 ParOldGen       total 115200K, used 17484K [0x00000000a0000000, 0x00000000a7080000, 0x00000000e0000000)
  object space 115200K, 15% used [0x00000000a0000000,0x00000000a1113358,0x00000000a7080000)
 Metaspace       used 40436K, capacity 41256K, committed 41472K, reserved 1085440K
  class space    used 5584K, capacity 5798K, committed 5888K, reserved 1048576K
}
Event: 8.347 GC heap before
{Heap before GC invocations=11 (full 2):
 PSYoungGen      total 110592K, used 108870K [0x00000000e0000000, 0x00000000e7e00000, 0x0000000100000000)
  eden space 98816K, 100% used [0x00000000e0000000,0x00000000e6080000,0x00000000e6080000)
  from space 11776K, 85% used [0x00000000e6c80000,0x00000000e7651a20,0x00000000e7800000)
  to   space 12288K, 0% used [0x00000000e6080000,0x00000000e6080000,0x00000000e6c80000)
 ParOldGen       total 115200K, used 17484K [0x00000000a0000000, 0x00000000a7080000, 0x00000000e0000000)
  object space 115200K, 15% used [0x00000000a0000000,0x00000000a1113358,0x00000000a7080000)
 Metaspace       used 45334K, capacity 46422K, committed 46720K, reserved 1089536K
  class space    used 6210K, capacity 6481K, committed 6528K, reserved 1048576K
Event: 8.373 GC heap after
Heap after GC invocations=11 (full 2):
 PSYoungGen      total 111104K, used 12268K [0x00000000e0000000, 0x00000000e8f00000, 0x0000000100000000)
  eden space 98816K, 0% used [0x00000000e0000000,0x00000000e0000000,0x00000000e6080000)
  from space 12288K, 99% used [0x00000000e6080000,0x00000000e6c7b0a0,0x00000000e6c80000)
  to   space 14336K, 0% used [0x00000000e8100000,0x00000000e8100000,0x00000000e8f00000)
 ParOldGen       total 115200K, used 19185K [0x00000000a0000000, 0x00000000a7080000, 0x00000000e0000000)
  object space 115200K, 16% used [0x00000000a0000000,0x00000000a12bc540,0x00000000a7080000)
 Metaspace       used 45334K, capacity 46422K, committed 46720K, reserved 1089536K
  class space    used 6210K, capacity 6481K, committed 6528K, reserved 1048576K
}

