# JRE version: OpenJDK Runtime Environment (8.0_112-b06) (build 1.8.0_112-release-b06)
# Java VM: OpenJDK 64-Bit Server VM (25.112-b06 mixed mode linux-amd64 compressed oops)
Heap:
 PSYoungGen      total 265728K, used 228841K [0x00000000e0000000, 0x00000000f3580000, 0x0000000100000000)
  eden space 228352K, 85% used [0x00000000e0000000,0x00000000ebe60318,0x00000000edf00000)
  from space 37376K, 90% used [0x00000000f0780000,0x00000000f289a1c0,0x00000000f2c00000)
  to   space 41472K, 0% used [0x00000000edf00000,0x00000000edf00000,0x00000000f0780000)
 ParOldGen       total 211968K, used 60362K [0x00000000a0000000, 0x00000000acf00000, 0x00000000e0000000)
  object space 211968K, 28% used [0x00000000a0000000,0x00000000a3af2a40,0x00000000acf00000)
 Metaspace       used 67490K, capacity 70384K, committed 70552K, reserved 1110016K
  class space    used 8835K, capacity 9384K, committed 9392K, reserved 1048576K
GC Heap History (10 events):
Event: 16.460 GC heap before
{Heap before GC invocations=13 (full 2):
 PSYoungGen      total 192000K, used 162419K [0x00000000e0000000, 0x00000000ee300000, 0x0000000100000000)
  eden space 168448K, 82% used [0x00000000e0000000,0x00000000e87a0bc8,0x00000000ea480000)
  from space 23552K, 99% used [0x00000000ebf00000,0x00000000ed5fc120,0x00000000ed600000)
  to   space 27136K, 0% used [0x00000000ea480000,0x00000000ea480000,0x00000000ebf00000)
 ParOldGen       total 122880K, used 32750K [0x00000000a0000000, 0x00000000a7800000, 0x00000000e0000000)
  object space 122880K, 26% used [0x00000000a0000000,0x00000000a1ffbab8,0x00000000a7800000)
 Metaspace       used 57480K, capacity 59060K, committed 59160K, reserved 1099776K
  class space    used 7614K, capacity 7979K, committed 7984K, reserved 1048576K
Event: 16.516 GC heap after
Heap after GC invocations=13 (full 2):
 PSYoungGen      total 195584K, used 27121K [0x00000000e0000000, 0x00000000f0f80000, 0x0000000100000000)
  eden space 168448K, 0% used [0x00000000e0000000,0x00000000e0000000,0x00000000ea480000)
  from space 27136K, 99% used [0x00000000ea480000,0x00000000ebefc708,0x00000000ebf00000)
  to   space 37888K, 0% used [0x00000000eea80000,0x00000000eea80000,0x00000000f0f80000)
 ParOldGen       total 122880K, used 51211K [0x00000000a0000000, 0x00000000a7800000, 0x00000000e0000000)
  object space 122880K, 41% used [0x00000000a0000000,0x00000000a3202fc8,0x00000000a7800000)
 Metaspace       used 57480K, capacity 59060K, committed 59160K, reserved 1099776K
  class space    used 7614K, capacity 7979K, committed 7984K, reserved 1048576K
}
Event: 16.516 GC heap before
{Heap before GC invocations=14 (full 3):
 PSYoungGen      total 195584K, used 27121K [0x00000000e0000000, 0x00000000f0f80000, 0x0000000100000000)
  eden space 168448K, 0% used [0x00000000e0000000,0x00000000e0000000,0x00000000ea480000)
  from space 27136K, 99% used [0x00000000ea480000,0x00000000ebefc708,0x00000000ebf00000)
  to   space 37888K, 0% used [0x00000000eea80000,0x00000000eea80000,0x00000000f0f80000)
 ParOldGen       total 122880K, used 51211K [0x00000000a0000000, 0x00000000a7800000, 0x00000000e0000000)
  object space 122880K, 41% used [0x00000000a0000000,0x00000000a3202fc8,0x00000000a7800000)
 Metaspace       used 57480K, capacity 59060K, committed 59160K, reserved 1099776K
  class space    used 7614K, capacity 7979K, committed 7984K, reserved 1048576K
Event: 16.854 GC heap after
Heap after GC invocations=14 (full 3):
 PSYoungGen      total 195584K, used 0K [0x00000000e0000000, 0x00000000f0f80000, 0x0000000100000000)
  eden space 168448K, 0% used [0x00000000e0000000,0x00000000e0000000,0x00000000ea480000)
  from space 27136K, 0% used [0x00000000ea480000,0x00000000ea480000,0x00000000ebf00000)
  to   space 37888K, 0% used [0x00000000eea80000,0x00000000eea80000,0x00000000f0f80000)
 ParOldGen       total 211968K, used 60346K [0x00000000a0000000, 0x00000000acf00000, 0x00000000e0000000)
  object space 211968K, 28% used [0x00000000a0000000,0x00000000a3aeea40,0x00000000acf00000)
 Metaspace       used 57478K, capacity 59054K, committed 59160K, reserved 1099776K
  class space    used 7613K, capacity 7978K, committed 7984K, reserved 1048576K
}
Event: 150.938 GC heap before
{Heap before GC invocations=15 (full 3):
 PSYoungGen      total 195584K, used 168448K [0x00000000e0000000, 0x00000000f0f80000, 0x0000000100000000)
  eden space 168448K, 100% used [0x00000000e0000000,0x00000000ea480000,0x00000000ea480000)
  from space 27136K, 0% used [0x00000000ea480000,0x00000000ea480000,0x00000000ebf00000)
  to   space 37888K, 0% used [0x00000000eea80000,0x00000000eea80000,0x00000000f0f80000)
 ParOldGen       total 211968K, used 60346K [0x00000000a0000000, 0x00000000acf00000, 0x00000000e0000000)
  object space 211968K, 28% used [0x00000000a0000000,0x00000000a3aeea40,0x00000000acf00000)
 Metaspace       used 63593K, capacity 65680K, committed 65816K, reserved 1105920K
  class space    used 8252K, capacity 8666K, committed 8752K, reserved 1048576K
Event: 150.963 GC heap after
Heap after GC invocations=15 (full 3):
 PSYoungGen      total 226816K, used 16179K [0x00000000e0000000, 0x00000000f0700000, 0x0000000100000000)
  eden space 197632K, 0% used [0x00000000e0000000,0x00000000e0000000,0x00000000ec100000)
  from space 29184K, 55% used [0x00000000eea80000,0x00000000efa4cfb8,0x00000000f0700000)
  to   space 35840K, 0% used [0x00000000ec100000,0x00000000ec100000,0x00000000ee400000)
 ParOldGen       total 211968K, used 60346K [0x00000000a0000000, 0x00000000acf00000, 0x00000000e0000000)
  object space 211968K, 28% used [0x00000000a0000000,0x00000000a3aeea40,0x00000000acf00000)
 Metaspace       used 63593K, capacity 65680K, committed 65816K, reserved 1105920K
  class space    used 8252K, capacity 8666K, committed 8752K, reserved 1048576K
}
Event: 155.585 GC heap before
{Heap before GC invocations=16 (full 3):
 PSYoungGen      total 226816K, used 213811K [0x00000000e0000000, 0x00000000f0700000, 0x0000000100000000)
  eden space 197632K, 100% used [0x00000000e0000000,0x00000000ec100000,0x00000000ec100000)
  from space 29184K, 55% used [0x00000000eea80000,0x00000000efa4cfb8,0x00000000f0700000)
  to   space 35840K, 0% used [0x00000000ec100000,0x00000000ec100000,0x00000000ee400000)
 ParOldGen       total 211968K, used 60346K [0x00000000a0000000, 0x00000000acf00000, 0x00000000e0000000)
  object space 211968K, 28% used [0x00000000a0000000,0x00000000a3aeea40,0x00000000acf00000)
 Metaspace       used 66982K, capacity 69712K, committed 69784K, reserved 1110016K
  class space    used 8815K, capacity 9354K, committed 9392K, reserved 1048576K
Event: 155.664 GC heap after
Heap after GC invocations=16 (full 3):
 PSYoungGen      total 233472K, used 25543K [0x00000000e0000000, 0x00000000f2c00000, 0x0000000100000000)
  eden space 197632K, 0% used [0x00000000e0000000,0x00000000e0000000,0x00000000ec100000)
  from space 35840K, 71% used [0x00000000ec100000,0x00000000ed9f1d88,0x00000000ee400000)
  to   space 37376K, 0% used [0x00000000f0780000,0x00000000f0780000,0x00000000f2c00000)
 ParOldGen       total 211968K, used 60354K [0x00000000a0000000, 0x00000000acf00000, 0x00000000e0000000)
  object space 211968K, 28% used [0x00000000a0000000,0x00000000a3af0a40,0x00000000acf00000)
 Metaspace       used 66982K, capacity 69712K, committed 69784K, reserved 1110016K
  class space    used 8815K, capacity 9354K, committed 9392K, reserved 1048576K
}
Event: 158.858 GC heap before
{Heap before GC invocations=17 (full 3):
 PSYoungGen      total 233472K, used 223175K [0x00000000e0000000, 0x00000000f2c00000, 0x0000000100000000)
  eden space 197632K, 100% used [0x00000000e0000000,0x00000000ec100000,0x00000000ec100000)
  from space 35840K, 71% used [0x00000000ec100000,0x00000000ed9f1d88,0x00000000ee400000)
  to   space 37376K, 0% used [0x00000000f0780000,0x00000000f0780000,0x00000000f2c00000)
 ParOldGen       total 211968K, used 60354K [0x00000000a0000000, 0x00000000acf00000, 0x00000000e0000000)
  object space 211968K, 28% used [0x00000000a0000000,0x00000000a3af0a40,0x00000000acf00000)
 Metaspace       used 67171K, capacity 69946K, committed 70040K, reserved 1110016K
  class space    used 8819K, capacity 9361K, committed 9392K, reserved 1048576K
Event: 158.923 GC heap after
Heap after GC invocations=17 (full 3):
 PSYoungGen      total 265728K, used 33896K [0x00000000e0000000, 0x00000000f3580000, 0x0000000100000000)
  eden space 228352K, 0% used [0x00000000e0000000,0x00000000e0000000,0x00000000edf00000)
  from space 37376K, 90% used [0x00000000f0780000,0x00000000f289a1c0,0x00000000f2c00000)
  to   space 41472K, 0% used [0x00000000edf00000,0x00000000edf00000,0x00000000f0780000)
 ParOldGen       total 211968K, used 60362K [0x00000000a0000000, 0x00000000acf00000, 0x00000000e0000000)
  object space 211968K, 28% used [0x00000000a0000000,0x00000000a3af2a40,0x00000000acf00000)
 Metaspace       used 67171K, capacity 69946K, committed 70040K, reserved 1110016K
  class space    used 8819K, capacity 9361K, committed 9392K, reserved 1048576K
}

