# JRE version: Java(TM) SE Runtime Environment (8.0_121-b13) (build 1.8.0_121-b13)
# Java VM: Java HotSpot(TM) 64-Bit Server VM (25.121-b13 mixed mode linux-amd64 compressed oops)
Heap:
 PSYoungGen      total 36352K, used 14301K [0x00000000e0000000, 0x00000000e3180000, 0x0000000100000000)
  eden space 31232K, 31% used [0x00000000e0000000,0x00000000e0989358,0x00000000e1e80000)
  from space 5120K, 88% used [0x00000000e1f00000,0x00000000e236e428,0x00000000e2400000)
  to   space 9728K, 0% used [0x00000000e2800000,0x00000000e2800000,0x00000000e3180000)
 ParOldGen       total 44032K, used 8164K [0x00000000a0000000, 0x00000000a2b00000, 0x00000000e0000000)
  object space 44032K, 18% used [0x00000000a0000000,0x00000000a07f9008,0x00000000a2b00000)
 Metaspace       used 24046K, capacity 24476K, committed 24832K, reserved 1071104K
  class space    used 3351K, capacity 3468K, committed 3584K, reserved 1048576K
GC Heap History (10 events):
Event: 19.595 GC heap before
{Heap before GC invocations=2 (full 0):
 PSYoungGen      total 36864K, used 35832K [0x00000000e0000000, 0x00000000e2900000, 0x0000000100000000)
  eden space 31744K, 100% used [0x00000000e0000000,0x00000000e1f00000,0x00000000e1f00000)
  from space 5120K, 79% used [0x00000000e1f00000,0x00000000e22fe030,0x00000000e2400000)
  to   space 5120K, 0% used [0x00000000e2400000,0x00000000e2400000,0x00000000e2900000)
 ParOldGen       total 84992K, used 8K [0x00000000a0000000, 0x00000000a5300000, 0x00000000e0000000)
  object space 84992K, 0% used [0x00000000a0000000,0x00000000a0002000,0x00000000a5300000)
 Metaspace       used 12748K, capacity 13032K, committed 13184K, reserved 1060864K
  class space    used 1739K, capacity 1865K, committed 1920K, reserved 1048576K
Event: 19.605 GC heap after
Heap after GC invocations=2 (full 0):
 PSYoungGen      total 36864K, used 5099K [0x00000000e0000000, 0x00000000e2900000, 0x0000000100000000)
  eden space 31744K, 0% used [0x00000000e0000000,0x00000000e0000000,0x00000000e1f00000)
  from space 5120K, 99% used [0x00000000e2400000,0x00000000e28fad48,0x00000000e2900000)
  to   space 5120K, 0% used [0x00000000e1f00000,0x00000000e1f00000,0x00000000e2400000)
 ParOldGen       total 84992K, used 648K [0x00000000a0000000, 0x00000000a5300000, 0x00000000e0000000)
  object space 84992K, 0% used [0x00000000a0000000,0x00000000a00a21e8,0x00000000a5300000)
 Metaspace       used 12748K, capacity 13032K, committed 13184K, reserved 1060864K
  class space    used 1739K, capacity 1865K, committed 1920K, reserved 1048576K
}
Event: 26.014 GC heap before
{Heap before GC invocations=3 (full 0):
 PSYoungGen      total 36864K, used 36843K [0x00000000e0000000, 0x00000000e2900000, 0x0000000100000000)
  eden space 31744K, 100% used [0x00000000e0000000,0x00000000e1f00000,0x00000000e1f00000)
  from space 5120K, 99% used [0x00000000e2400000,0x00000000e28fad48,0x00000000e2900000)
  to   space 5120K, 0% used [0x00000000e1f00000,0x00000000e1f00000,0x00000000e2400000)
 ParOldGen       total 84992K, used 648K [0x00000000a0000000, 0x00000000a5300000, 0x00000000e0000000)
  object space 84992K, 0% used [0x00000000a0000000,0x00000000a00a21e8,0x00000000a5300000)
 Metaspace       used 16110K, capacity 16416K, committed 16512K, reserved 1062912K
  class space    used 2300K, capacity 2413K, committed 2432K, reserved 1048576K
Event: 26.023 GC heap after
Heap after GC invocations=3 (full 0):
 PSYoungGen      total 36864K, used 5104K [0x00000000e0000000, 0x00000000e2900000, 0x0000000100000000)
  eden space 31744K, 0% used [0x00000000e0000000,0x00000000e0000000,0x00000000e1f00000)
  from space 5120K, 99% used [0x00000000e1f00000,0x00000000e23fc0a8,0x00000000e2400000)
  to   space 5120K, 0% used [0x00000000e2400000,0x00000000e2400000,0x00000000e2900000)
 ParOldGen       total 84992K, used 3115K [0x00000000a0000000, 0x00000000a5300000, 0x00000000e0000000)
  object space 84992K, 3% used [0x00000000a0000000,0x00000000a030ad78,0x00000000a5300000)
 Metaspace       used 16110K, capacity 16416K, committed 16512K, reserved 1062912K
  class space    used 2300K, capacity 2413K, committed 2432K, reserved 1048576K
}
Event: 29.403 GC heap before
{Heap before GC invocations=4 (full 0):
 PSYoungGen      total 36864K, used 28485K [0x00000000e0000000, 0x00000000e2900000, 0x0000000100000000)
  eden space 31744K, 73% used [0x00000000e0000000,0x00000000e16d56c0,0x00000000e1f00000)
  from space 5120K, 99% used [0x00000000e1f00000,0x00000000e23fc0a8,0x00000000e2400000)
  to   space 5120K, 0% used [0x00000000e2400000,0x00000000e2400000,0x00000000e2900000)
 ParOldGen       total 84992K, used 3115K [0x00000000a0000000, 0x00000000a5300000, 0x00000000e0000000)
  object space 84992K, 3% used [0x00000000a0000000,0x00000000a030ad78,0x00000000a5300000)
 Metaspace       used 20830K, capacity 21164K, committed 21296K, reserved 1067008K
  class space    used 2808K, capacity 2929K, committed 2944K, reserved 1048576K
Event: 29.420 GC heap after
Heap after GC invocations=4 (full 0):
 PSYoungGen      total 36864K, used 5104K [0x00000000e0000000, 0x00000000e2900000, 0x0000000100000000)
  eden space 31744K, 0% used [0x00000000e0000000,0x00000000e0000000,0x00000000e1f00000)
  from space 5120K, 99% used [0x00000000e2400000,0x00000000e28fc020,0x00000000e2900000)
  to   space 5120K, 0% used [0x00000000e1f00000,0x00000000e1f00000,0x00000000e2400000)
 ParOldGen       total 84992K, used 6335K [0x00000000a0000000, 0x00000000a5300000, 0x00000000e0000000)
  object space 84992K, 7% used [0x00000000a0000000,0x00000000a062fd70,0x00000000a5300000)
 Metaspace       used 20830K, capacity 21164K, committed 21296K, reserved 1067008K
  class space    used 2808K, capacity 2929K, committed 2944K, reserved 1048576K
}
Event: 29.420 GC heap before
{Heap before GC invocations=5 (full 1):
 PSYoungGen      total 36864K, used 5104K [0x00000000e0000000, 0x00000000e2900000, 0x0000000100000000)
  eden space 31744K, 0% used [0x00000000e0000000,0x00000000e0000000,0x00000000e1f00000)
  from space 5120K, 99% used [0x00000000e2400000,0x00000000e28fc020,0x00000000e2900000)
  to   space 5120K, 0% used [0x00000000e1f00000,0x00000000e1f00000,0x00000000e2400000)
 ParOldGen       total 84992K, used 6335K [0x00000000a0000000, 0x00000000a5300000, 0x00000000e0000000)
  object space 84992K, 7% used [0x00000000a0000000,0x00000000a062fd70,0x00000000a5300000)
 Metaspace       used 20830K, capacity 21164K, committed 21296K, reserved 1067008K
  class space    used 2808K, capacity 2929K, committed 2944K, reserved 1048576K
Event: 29.481 GC heap after
Heap after GC invocations=5 (full 1):
 PSYoungGen      total 36864K, used 0K [0x00000000e0000000, 0x00000000e2900000, 0x0000000100000000)
  eden space 31744K, 0% used [0x00000000e0000000,0x00000000e0000000,0x00000000e1f00000)
  from space 5120K, 0% used [0x00000000e2400000,0x00000000e2400000,0x00000000e2900000)
  to   space 5120K, 0% used [0x00000000e1f00000,0x00000000e1f00000,0x00000000e2400000)
 ParOldGen       total 44032K, used 8156K [0x00000000a0000000, 0x00000000a2b00000, 0x00000000e0000000)
  object space 44032K, 18% used [0x00000000a0000000,0x00000000a07f7008,0x00000000a2b00000)
 Metaspace       used 20830K, capacity 21164K, committed 21296K, reserved 1067008K
  class space    used 2808K, capacity 2929K, committed 2944K, reserved 1048576K
}
Event: 30.782 GC heap before
{Heap before GC invocations=6 (full 1):
 PSYoungGen      total 36864K, used 31744K [0x00000000e0000000, 0x00000000e2900000, 0x0000000100000000)
  eden space 31744K, 100% used [0x00000000e0000000,0x00000000e1f00000,0x00000000e1f00000)
  from space 5120K, 0% used [0x00000000e2400000,0x00000000e2400000,0x00000000e2900000)
  to   space 5120K, 0% used [0x00000000e1f00000,0x00000000e1f00000,0x00000000e2400000)
 ParOldGen       total 44032K, used 8156K [0x00000000a0000000, 0x00000000a2b00000, 0x00000000e0000000)
  object space 44032K, 18% used [0x00000000a0000000,0x00000000a07f7008,0x00000000a2b00000)
 Metaspace       used 23570K, capacity 23988K, committed 24192K, reserved 1071104K
  class space    used 3267K, capacity 3369K, committed 3456K, reserved 1048576K
Event: 30.802 GC heap after
Heap after GC invocations=6 (full 1):
 PSYoungGen      total 36352K, used 4537K [0x00000000e0000000, 0x00000000e3180000, 0x0000000100000000)
  eden space 31232K, 0% used [0x00000000e0000000,0x00000000e0000000,0x00000000e1e80000)
  from space 5120K, 88% used [0x00000000e1f00000,0x00000000e236e428,0x00000000e2400000)
  to   space 9728K, 0% used [0x00000000e2800000,0x00000000e2800000,0x00000000e3180000)
 ParOldGen       total 44032K, used 8164K [0x00000000a0000000, 0x00000000a2b00000, 0x00000000e0000000)
  object space 44032K, 18% used [0x00000000a0000000,0x00000000a07f9008,0x00000000a2b00000)
 Metaspace       used 23570K, capacity 23988K, committed 24192K, reserved 1071104K
  class space    used 3267K, capacity 3369K, committed 3456K, reserved 1048576K
}

