# JRE version: Java(TM) SE Runtime Environment (8.0_121-b13) (build 1.8.0_121-b13)
# Java VM: Java HotSpot(TM) 64-Bit Server VM (25.121-b13 mixed mode linux-amd64 compressed oops)
Heap:
 PSYoungGen      total 292864K, used 251012K [0x00000000e0000000, 0x00000000f3e80000, 0x0000000100000000)
  eden space 260096K, 89% used [0x00000000e0000000,0x00000000ee217628,0x00000000efe00000)
  from space 32768K, 59% used [0x00000000f1e00000,0x00000000f3109be0,0x00000000f3e00000)
  to   space 32768K, 0% used [0x00000000efe00000,0x00000000efe00000,0x00000000f1e00000)
 ParOldGen       total 182784K, used 48575K [0x00000000a0000000, 0x00000000ab280000, 0x00000000e0000000)
  object space 182784K, 26% used [0x00000000a0000000,0x00000000a2f6fe80,0x00000000ab280000)
 Metaspace       used 65493K, capacity 68376K, committed 68568K, reserved 1107968K
  class space    used 8800K, capacity 9409K, committed 9472K, reserved 1048576K
GC Heap History (10 events):
Event: 14.855 GC heap before
{Heap before GC invocations=13 (full 3):
 PSYoungGen      total 215552K, used 25083K [0x00000000e0000000, 0x00000000ef680000, 0x0000000100000000)
  eden space 190464K, 0% used [0x00000000e0000000,0x00000000e0000000,0x00000000eba00000)
  from space 25088K, 99% used [0x00000000ed600000,0x00000000eee7efa0,0x00000000eee80000)
  to   space 28672K, 0% used [0x00000000eba00000,0x00000000eba00000,0x00000000ed600000)
 ParOldGen       total 115200K, used 35497K [0x00000000a0000000, 0x00000000a7080000, 0x00000000e0000000)
  object space 115200K, 30% used [0x00000000a0000000,0x00000000a22aa5b8,0x00000000a7080000)
 Metaspace       used 56471K, capacity 58874K, committed 59028K, reserved 1099776K
  class space    used 7850K, capacity 8388K, committed 8448K, reserved 1048576K
Event: 15.239 GC heap after
Heap after GC invocations=13 (full 3):
 PSYoungGen      total 215552K, used 0K [0x00000000e0000000, 0x00000000ef680000, 0x0000000100000000)
  eden space 190464K, 0% used [0x00000000e0000000,0x00000000e0000000,0x00000000eba00000)
  from space 25088K, 0% used [0x00000000ed600000,0x00000000ed600000,0x00000000eee80000)
  to   space 28672K, 0% used [0x00000000eba00000,0x00000000eba00000,0x00000000ed600000)
 ParOldGen       total 182784K, used 47792K [0x00000000a0000000, 0x00000000ab280000, 0x00000000e0000000)
  object space 182784K, 26% used [0x00000000a0000000,0x00000000a2eac070,0x00000000ab280000)
 Metaspace       used 56471K, capacity 58874K, committed 59028K, reserved 1099776K
  class space    used 7850K, capacity 8388K, committed 8448K, reserved 1048576K
}
Event: 29.932 GC heap before
{Heap before GC invocations=14 (full 3):
 PSYoungGen      total 215552K, used 190464K [0x00000000e0000000, 0x00000000ef680000, 0x0000000100000000)
  eden space 190464K, 100% used [0x00000000e0000000,0x00000000eba00000,0x00000000eba00000)
  from space 25088K, 0% used [0x00000000ed600000,0x00000000ed600000,0x00000000eee80000)
  to   space 28672K, 0% used [0x00000000eba00000,0x00000000eba00000,0x00000000ed600000)
 ParOldGen       total 182784K, used 47792K [0x00000000a0000000, 0x00000000ab280000, 0x00000000e0000000)
  object space 182784K, 26% used [0x00000000a0000000,0x00000000a2eac070,0x00000000ab280000)
 Metaspace       used 57999K, capacity 60462K, committed 60760K, reserved 1101824K
  class space    used 7997K, capacity 8528K, committed 8576K, reserved 1048576K
Event: 29.951 GC heap after
Heap after GC invocations=14 (full 3):
 PSYoungGen      total 219136K, used 9254K [0x00000000e0000000, 0x00000000f1400000, 0x0000000100000000)
  eden space 190464K, 0% used [0x00000000e0000000,0x00000000e0000000,0x00000000eba00000)
  from space 28672K, 32% used [0x00000000eba00000,0x00000000ec309940,0x00000000ed600000)
  to   space 27648K, 0% used [0x00000000ef900000,0x00000000ef900000,0x00000000f1400000)
 ParOldGen       total 182784K, used 47800K [0x00000000a0000000, 0x00000000ab280000, 0x00000000e0000000)
  object space 182784K, 26% used [0x00000000a0000000,0x00000000a2eae070,0x00000000ab280000)
 Metaspace       used 57999K, capacity 60462K, committed 60760K, reserved 1101824K
  class space    used 7997K, capacity 8528K, committed 8576K, reserved 1048576K
}
Event: 32.759 GC heap before
{Heap before GC invocations=15 (full 3):
 PSYoungGen      total 219136K, used 199718K [0x00000000e0000000, 0x00000000f1400000, 0x0000000100000000)
  eden space 190464K, 100% used [0x00000000e0000000,0x00000000eba00000,0x00000000eba00000)
  from space 28672K, 32% used [0x00000000eba00000,0x00000000ec309940,0x00000000ed600000)
  to   space 27648K, 0% used [0x00000000ef900000,0x00000000ef900000,0x00000000f1400000)
 ParOldGen       total 182784K, used 47800K [0x00000000a0000000, 0x00000000ab280000, 0x00000000e0000000)
  object space 182784K, 26% used [0x00000000a0000000,0x00000000a2eae070,0x00000000ab280000)
 Metaspace       used 59455K, capacity 62104K, committed 62424K, reserved 1103872K
  class space    used 8120K, capacity 8635K, committed 8704K, reserved 1048576K
Event: 32.787 GC heap after
Heap after GC invocations=15 (full 3):
 PSYoungGen      total 251904K, used 18669K [0x00000000e0000000, 0x00000000f1300000, 0x0000000100000000)
  eden space 225280K, 0% used [0x00000000e0000000,0x00000000e0000000,0x00000000edc00000)
  from space 26624K, 70% used [0x00000000ef900000,0x00000000f0b3b720,0x00000000f1300000)
  to   space 28160K, 0% used [0x00000000edc00000,0x00000000edc00000,0x00000000ef780000)
 ParOldGen       total 182784K, used 47808K [0x00000000a0000000, 0x00000000ab280000, 0x00000000e0000000)
  object space 182784K, 26% used [0x00000000a0000000,0x00000000a2eb0070,0x00000000ab280000)
 Metaspace       used 59455K, capacity 62104K, committed 62424K, reserved 1103872K
  class space    used 8120K, capacity 8635K, committed 8704K, reserved 1048576K
}
Event: 42.459 GC heap before
{Heap before GC invocations=16 (full 3):
 PSYoungGen      total 251904K, used 243949K [0x00000000e0000000, 0x00000000f1300000, 0x0000000100000000)
  eden space 225280K, 100% used [0x00000000e0000000,0x00000000edc00000,0x00000000edc00000)
  from space 26624K, 70% used [0x00000000ef900000,0x00000000f0b3b720,0x00000000f1300000)
  to   space 28160K, 0% used [0x00000000edc00000,0x00000000edc00000,0x00000000ef780000)
 ParOldGen       total 182784K, used 47808K [0x00000000a0000000, 0x00000000ab280000, 0x00000000e0000000)
  object space 182784K, 26% used [0x00000000a0000000,0x00000000a2eb0070,0x00000000ab280000)
 Metaspace       used 59681K, capacity 62410K, committed 62680K, reserved 1103872K
  class space    used 8144K, capacity 8668K, committed 8704K, reserved 1048576K
Event: 42.482 GC heap after
Heap after GC invocations=16 (full 3):
 PSYoungGen      total 253440K, used 28131K [0x00000000e0000000, 0x00000000f3e00000, 0x0000000100000000)
  eden space 225280K, 0% used [0x00000000e0000000,0x00000000e0000000,0x00000000edc00000)
  from space 28160K, 99% used [0x00000000edc00000,0x00000000ef778e40,0x00000000ef780000)
  to   space 32768K, 0% used [0x00000000f1e00000,0x00000000f1e00000,0x00000000f3e00000)
 ParOldGen       total 182784K, used 48567K [0x00000000a0000000, 0x00000000ab280000, 0x00000000e0000000)
  object space 182784K, 26% used [0x00000000a0000000,0x00000000a2f6de80,0x00000000ab280000)
 Metaspace       used 59681K, capacity 62410K, committed 62680K, reserved 1103872K
  class space    used 8144K, capacity 8668K, committed 8704K, reserved 1048576K
}
Event: 44.737 GC heap before
{Heap before GC invocations=17 (full 3):
 PSYoungGen      total 253440K, used 253411K [0x00000000e0000000, 0x00000000f3e00000, 0x0000000100000000)
  eden space 225280K, 100% used [0x00000000e0000000,0x00000000edc00000,0x00000000edc00000)
  from space 28160K, 99% used [0x00000000edc00000,0x00000000ef778e40,0x00000000ef780000)
  to   space 32768K, 0% used [0x00000000f1e00000,0x00000000f1e00000,0x00000000f3e00000)
 ParOldGen       total 182784K, used 48567K [0x00000000a0000000, 0x00000000ab280000, 0x00000000e0000000)
  object space 182784K, 26% used [0x00000000a0000000,0x00000000a2f6de80,0x00000000ab280000)
 Metaspace       used 60127K, capacity 62974K, committed 63320K, reserved 1103872K
  class space    used 8160K, capacity 8724K, committed 8832K, reserved 1048576K
Event: 44.766 GC heap after
Heap after GC invocations=17 (full 3):
 PSYoungGen      total 292864K, used 19494K [0x00000000e0000000, 0x00000000f3e80000, 0x0000000100000000)
  eden space 260096K, 0% used [0x00000000e0000000,0x00000000e0000000,0x00000000efe00000)
  from space 32768K, 59% used [0x00000000f1e00000,0x00000000f3109be0,0x00000000f3e00000)
  to   space 32768K, 0% used [0x00000000efe00000,0x00000000efe00000,0x00000000f1e00000)
 ParOldGen       total 182784K, used 48575K [0x00000000a0000000, 0x00000000ab280000, 0x00000000e0000000)
  object space 182784K, 26% used [0x00000000a0000000,0x00000000a2f6fe80,0x00000000ab280000)
 Metaspace       used 60127K, capacity 62974K, committed 63320K, reserved 1103872K
  class space    used 8160K, capacity 8724K, committed 8832K, reserved 1048576K
}

