# JRE version: Java(TM) SE Runtime Environment (8.0_121-b13) (build 1.8.0_121-b13)
# Java VM: Java HotSpot(TM) 64-Bit Server VM (25.121-b13 mixed mode linux-amd64 compressed oops)
Heap:
 PSYoungGen      total 163840K, used 134969K [0x00000000e0000000, 0x00000000eb980000, 0x0000000100000000)
  eden space 150528K, 80% used [0x00000000e0000000,0x00000000e76d58c0,0x00000000e9300000)
  from space 13312K, 99% used [0x00000000ea400000,0x00000000eb0f8c80,0x00000000eb100000)
  to   space 17408K, 0% used [0x00000000e9300000,0x00000000e9300000,0x00000000ea400000)
 ParOldGen       total 121344K, used 24805K [0x00000000a0000000, 0x00000000a7680000, 0x00000000e0000000)
  object space 121344K, 20% used [0x00000000a0000000,0x00000000a1839568,0x00000000a7680000)
 Metaspace       used 52815K, capacity 54996K, committed 55256K, reserved 1097728K
  class space    used 7426K, capacity 7883K, committed 7936K, reserved 1048576K
GC Heap History (10 events):
Event: 4.845 GC heap before
{Heap before GC invocations=6 (full 1):
 PSYoungGen      total 84480K, used 84459K [0x00000000e0000000, 0x00000000e8600000, 0x0000000100000000)
  eden space 79360K, 100% used [0x00000000e0000000,0x00000000e4d80000,0x00000000e4d80000)
  from space 5120K, 99% used [0x00000000e8100000,0x00000000e85fad28,0x00000000e8600000)
  to   space 5120K, 0% used [0x00000000e7c00000,0x00000000e7c00000,0x00000000e8100000)
 ParOldGen       total 75776K, used 14730K [0x00000000a0000000, 0x00000000a4a00000, 0x00000000e0000000)
  object space 75776K, 19% used [0x00000000a0000000,0x00000000a0e62800,0x00000000a4a00000)
 Metaspace       used 30020K, capacity 30660K, committed 30848K, reserved 1075200K
  class space    used 4211K, capacity 4387K, committed 4480K, reserved 1048576K
Event: 4.857 GC heap after
Heap after GC invocations=6 (full 1):
 PSYoungGen      total 102912K, used 5092K [0x00000000e0000000, 0x00000000e8180000, 0x0000000100000000)
  eden space 97792K, 0% used [0x00000000e0000000,0x00000000e0000000,0x00000000e5f80000)
  from space 5120K, 99% used [0x00000000e7c00000,0x00000000e80f9050,0x00000000e8100000)
  to   space 512K, 0% used [0x00000000e8100000,0x00000000e8100000,0x00000000e8180000)
 ParOldGen       total 75776K, used 17607K [0x00000000a0000000, 0x00000000a4a00000, 0x00000000e0000000)
  object space 75776K, 23% used [0x00000000a0000000,0x00000000a1131de8,0x00000000a4a00000)
 Metaspace       used 30020K, capacity 30660K, committed 30848K, reserved 1075200K
  class space    used 4211K, capacity 4387K, committed 4480K, reserved 1048576K
}
Event: 5.455 GC heap before
{Heap before GC invocations=7 (full 1):
 PSYoungGen      total 102912K, used 44896K [0x00000000e0000000, 0x00000000e8180000, 0x0000000100000000)
  eden space 97792K, 40% used [0x00000000e0000000,0x00000000e26df030,0x00000000e5f80000)
  from space 5120K, 99% used [0x00000000e7c00000,0x00000000e80f9050,0x00000000e8100000)
  to   space 512K, 0% used [0x00000000e8100000,0x00000000e8100000,0x00000000e8180000)
 ParOldGen       total 75776K, used 17607K [0x00000000a0000000, 0x00000000a4a00000, 0x00000000e0000000)
  object space 75776K, 23% used [0x00000000a0000000,0x00000000a1131de8,0x00000000a4a00000)
 Metaspace       used 34644K, capacity 35386K, committed 35416K, reserved 1079296K
  class space    used 4783K, capacity 4988K, committed 4992K, reserved 1048576K
Event: 5.475 GC heap after
Heap after GC invocations=7 (full 1):
 PSYoungGen      total 120320K, used 512K [0x00000000e0000000, 0x00000000e9400000, 0x0000000100000000)
  eden space 119808K, 0% used [0x00000000e0000000,0x00000000e0000000,0x00000000e7500000)
  from space 512K, 100% used [0x00000000e8100000,0x00000000e8180000,0x00000000e8180000)
  to   space 12288K, 0% used [0x00000000e7500000,0x00000000e7500000,0x00000000e8100000)
 ParOldGen       total 75776K, used 26949K [0x00000000a0000000, 0x00000000a4a00000, 0x00000000e0000000)
  object space 75776K, 35% used [0x00000000a0000000,0x00000000a1a51680,0x00000000a4a00000)
 Metaspace       used 34644K, capacity 35386K, committed 35416K, reserved 1079296K
  class space    used 4783K, capacity 4988K, committed 4992K, reserved 1048576K
}
Event: 5.475 GC heap before
{Heap before GC invocations=8 (full 2):
 PSYoungGen      total 120320K, used 512K [0x00000000e0000000, 0x00000000e9400000, 0x0000000100000000)
  eden space 119808K, 0% used [0x00000000e0000000,0x00000000e0000000,0x00000000e7500000)
  from space 512K, 100% used [0x00000000e8100000,0x00000000e8180000,0x00000000e8180000)
  to   space 12288K, 0% used [0x00000000e7500000,0x00000000e7500000,0x00000000e8100000)
 ParOldGen       total 75776K, used 26949K [0x00000000a0000000, 0x00000000a4a00000, 0x00000000e0000000)
  object space 75776K, 35% used [0x00000000a0000000,0x00000000a1a51680,0x00000000a4a00000)
 Metaspace       used 34644K, capacity 35386K, committed 35416K, reserved 1079296K
  class space    used 4783K, capacity 4988K, committed 4992K, reserved 1048576K
Event: 5.579 GC heap after
Heap after GC invocations=8 (full 2):
 PSYoungGen      total 120320K, used 0K [0x00000000e0000000, 0x00000000e9400000, 0x0000000100000000)
  eden space 119808K, 0% used [0x00000000e0000000,0x00000000e0000000,0x00000000e7500000)
  from space 512K, 0% used [0x00000000e8100000,0x00000000e8100000,0x00000000e8180000)
  to   space 12288K, 0% used [0x00000000e7500000,0x00000000e7500000,0x00000000e8100000)
 ParOldGen       total 121344K, used 18763K [0x00000000a0000000, 0x00000000a7680000, 0x00000000e0000000)
  object space 121344K, 15% used [0x00000000a0000000,0x00000000a1252e88,0x00000000a7680000)
 Metaspace       used 34644K, capacity 35386K, committed 35416K, reserved 1079296K
  class space    used 4783K, capacity 4988K, committed 4992K, reserved 1048576K
}
Event: 7.226 GC heap before
{Heap before GC invocations=9 (full 2):
 PSYoungGen      total 120320K, used 119808K [0x00000000e0000000, 0x00000000e9400000, 0x0000000100000000)
  eden space 119808K, 100% used [0x00000000e0000000,0x00000000e7500000,0x00000000e7500000)
  from space 512K, 0% used [0x00000000e8100000,0x00000000e8100000,0x00000000e8180000)
  to   space 12288K, 0% used [0x00000000e7500000,0x00000000e7500000,0x00000000e8100000)
 ParOldGen       total 121344K, used 18763K [0x00000000a0000000, 0x00000000a7680000, 0x00000000e0000000)
  object space 121344K, 15% used [0x00000000a0000000,0x00000000a1252e88,0x00000000a7680000)
 Metaspace       used 42951K, capacity 43936K, committed 44120K, reserved 1087488K
  class space    used 5920K, capacity 6192K, committed 6272K, reserved 1048576K
Event: 7.239 GC heap after
Heap after GC invocations=9 (full 2):
 PSYoungGen      total 132096K, used 11191K [0x00000000e0000000, 0x00000000eb100000, 0x0000000100000000)
  eden space 119808K, 0% used [0x00000000e0000000,0x00000000e0000000,0x00000000e7500000)
  from space 12288K, 91% used [0x00000000e7500000,0x00000000e7fedc18,0x00000000e8100000)
  to   space 13312K, 0% used [0x00000000ea400000,0x00000000ea400000,0x00000000eb100000)
 ParOldGen       total 121344K, used 18771K [0x00000000a0000000, 0x00000000a7680000, 0x00000000e0000000)
  object space 121344K, 15% used [0x00000000a0000000,0x00000000a1254e88,0x00000000a7680000)
 Metaspace       used 42951K, capacity 43936K, committed 44120K, reserved 1087488K
  class space    used 5920K, capacity 6192K, committed 6272K, reserved 1048576K
}
Event: 9.572 GC heap before
{Heap before GC invocations=10 (full 2):
 PSYoungGen      total 132096K, used 130999K [0x00000000e0000000, 0x00000000eb100000, 0x0000000100000000)
  eden space 119808K, 100% used [0x00000000e0000000,0x00000000e7500000,0x00000000e7500000)
  from space 12288K, 91% used [0x00000000e7500000,0x00000000e7fedc18,0x00000000e8100000)
  to   space 13312K, 0% used [0x00000000ea400000,0x00000000ea400000,0x00000000eb100000)
 ParOldGen       total 121344K, used 18771K [0x00000000a0000000, 0x00000000a7680000, 0x00000000e0000000)
  object space 121344K, 15% used [0x00000000a0000000,0x00000000a1254e88,0x00000000a7680000)
 Metaspace       used 48437K, capacity 50038K, committed 50136K, reserved 1091584K
  class space    used 6769K, capacity 7158K, committed 7168K, reserved 1048576K
Event: 9.608 GC heap after
Heap after GC invocations=10 (full 2):
 PSYoungGen      total 163840K, used 13283K [0x00000000e0000000, 0x00000000eb980000, 0x0000000100000000)
  eden space 150528K, 0% used [0x00000000e0000000,0x00000000e0000000,0x00000000e9300000)
  from space 13312K, 99% used [0x00000000ea400000,0x00000000eb0f8c80,0x00000000eb100000)
  to   space 17408K, 0% used [0x00000000e9300000,0x00000000e9300000,0x00000000ea400000)
 ParOldGen       total 121344K, used 24805K [0x00000000a0000000, 0x00000000a7680000, 0x00000000e0000000)
  object space 121344K, 20% used [0x00000000a0000000,0x00000000a1839568,0x00000000a7680000)
 Metaspace       used 48437K, capacity 50038K, committed 50136K, reserved 1091584K
  class space    used 6769K, capacity 7158K, committed 7168K, reserved 1048576K
}

