# JRE version: Java(TM) SE Runtime Environment (8.0_121-b13) (build 1.8.0_121-b13)
# Java VM: Java HotSpot(TM) 64-Bit Server VM (25.121-b13 mixed mode linux-amd64 compressed oops)
Heap:
 PSYoungGen      total 449024K, used 143303K [0x00000000e0000000, 0x0000000100000000, 0x0000000100000000)
  eden space 373760K, 36% used [0x00000000e0000000,0x00000000e8448540,0x00000000f6d00000)
  from space 75264K, 10% used [0x00000000f6d00000,0x00000000f74a9a20,0x00000000fb680000)
  to   space 72704K, 0% used [0x00000000fb900000,0x00000000fb900000,0x0000000100000000)
 ParOldGen       total 218112K, used 192271K [0x00000000a0000000, 0x00000000ad500000, 0x00000000e0000000)
  object space 218112K, 88% used [0x00000000a0000000,0x00000000abbc3f60,0x00000000ad500000)
 Metaspace       used 70594K, capacity 74668K, committed 74880K, reserved 1114112K
  class space    used 9099K, capacity 9746K, committed 9856K, reserved 1048576K
GC Heap History (10 events):
Event: 185.870 GC heap before
{Heap before GC invocations=28 (full 3):
 PSYoungGen      total 450560K, used 444601K [0x00000000e0000000, 0x0000000100000000, 0x0000000100000000)
  eden space 394240K, 99% used [0x00000000e0000000,0x00000000f8028918,0x00000000f8100000)
  from space 56320K, 90% used [0x00000000fc900000,0x00000000ffb05c68,0x0000000100000000)
  to   space 65024K, 0% used [0x00000000f8100000,0x00000000f8100000,0x00000000fc080000)
 ParOldGen       total 218112K, used 156581K [0x00000000a0000000, 0x00000000ad500000, 0x00000000e0000000)
  object space 218112K, 71% used [0x00000000a0000000,0x00000000a98e96d0,0x00000000ad500000)
 Metaspace       used 63680K, capacity 66680K, committed 66944K, reserved 1107968K
  class space    used 8226K, capacity 8767K, committed 8832K, reserved 1048576K
Event: 185.883 GC heap after
Heap after GC invocations=28 (full 3):
 PSYoungGen      total 459264K, used 2965K [0x00000000e0000000, 0x0000000100000000, 0x0000000100000000)
  eden space 394240K, 0% used [0x00000000e0000000,0x00000000e0000000,0x00000000f8100000)
  from space 65024K, 4% used [0x00000000f8100000,0x00000000f83e57c8,0x00000000fc080000)
  to   space 63488K, 0% used [0x00000000fc200000,0x00000000fc200000,0x0000000100000000)
 ParOldGen       total 218112K, used 159224K [0x00000000a0000000, 0x00000000ad500000, 0x00000000e0000000)
  object space 218112K, 73% used [0x00000000a0000000,0x00000000a9b7e268,0x00000000ad500000)
 Metaspace       used 63680K, capacity 66680K, committed 66944K, reserved 1107968K
  class space    used 8226K, capacity 8767K, committed 8832K, reserved 1048576K
}
Event: 1163.703 GC heap before
{Heap before GC invocations=29 (full 3):
 PSYoungGen      total 459264K, used 397205K [0x00000000e0000000, 0x0000000100000000, 0x0000000100000000)
  eden space 394240K, 100% used [0x00000000e0000000,0x00000000f8100000,0x00000000f8100000)
  from space 65024K, 4% used [0x00000000f8100000,0x00000000f83e57c8,0x00000000fc080000)
  to   space 63488K, 0% used [0x00000000fc200000,0x00000000fc200000,0x0000000100000000)
 ParOldGen       total 218112K, used 159224K [0x00000000a0000000, 0x00000000ad500000, 0x00000000e0000000)
  object space 218112K, 73% used [0x00000000a0000000,0x00000000a9b7e268,0x00000000ad500000)
 Metaspace       used 64404K, capacity 68070K, committed 68352K, reserved 1107968K
  class space    used 8325K, capacity 8930K, committed 8960K, reserved 1048576K
Event: 1163.781 GC heap after
Heap after GC invocations=29 (full 3):
 PSYoungGen      total 453632K, used 4352K [0x00000000e0000000, 0x00000000ffa80000, 0x0000000100000000)
  eden space 395776K, 0% used [0x00000000e0000000,0x00000000e0000000,0x00000000f8280000)
  from space 57856K, 7% used [0x00000000fc200000,0x00000000fc640030,0x00000000ffa80000)
  to   space 61440K, 0% used [0x00000000f8280000,0x00000000f8280000,0x00000000fbe80000)
 ParOldGen       total 218112K, used 159451K [0x00000000a0000000, 0x00000000ad500000, 0x00000000e0000000)
  object space 218112K, 73% used [0x00000000a0000000,0x00000000a9bb6e90,0x00000000ad500000)
 Metaspace       used 64404K, capacity 68070K, committed 68352K, reserved 1107968K
  class space    used 8325K, capacity 8930K, committed 8960K, reserved 1048576K
}
Event: 1564.222 GC heap before
{Heap before GC invocations=30 (full 3):
 PSYoungGen      total 453632K, used 400128K [0x00000000e0000000, 0x00000000ffa80000, 0x0000000100000000)
  eden space 395776K, 100% used [0x00000000e0000000,0x00000000f8280000,0x00000000f8280000)
  from space 57856K, 7% used [0x00000000fc200000,0x00000000fc640030,0x00000000ffa80000)
  to   space 61440K, 0% used [0x00000000f8280000,0x00000000f8280000,0x00000000fbe80000)
 ParOldGen       total 218112K, used 159451K [0x00000000a0000000, 0x00000000ad500000, 0x00000000e0000000)
  object space 218112K, 73% used [0x00000000a0000000,0x00000000a9bb6e90,0x00000000ad500000)
 Metaspace       used 69534K, capacity 73410K, committed 73728K, reserved 1114112K
  class space    used 8993K, capacity 9631K, committed 9728K, reserved 1048576K
Event: 1564.253 GC heap after
Heap after GC invocations=30 (full 3):
 PSYoungGen      total 457216K, used 25770K [0x00000000e0000000, 0x0000000100000000, 0x0000000100000000)
  eden space 395776K, 0% used [0x00000000e0000000,0x00000000e0000000,0x00000000f8280000)
  from space 61440K, 41% used [0x00000000f8280000,0x00000000f9baab60,0x00000000fbe80000)
  to   space 60416K, 0% used [0x00000000fc500000,0x00000000fc500000,0x0000000100000000)
 ParOldGen       total 218112K, used 159967K [0x00000000a0000000, 0x00000000ad500000, 0x00000000e0000000)
  object space 218112K, 73% used [0x00000000a0000000,0x00000000a9c37ea0,0x00000000ad500000)
 Metaspace       used 69534K, capacity 73410K, committed 73728K, reserved 1114112K
  class space    used 8993K, capacity 9631K, committed 9728K, reserved 1048576K
}
Event: 1565.276 GC heap before
{Heap before GC invocations=31 (full 3):
 PSYoungGen      total 457216K, used 421546K [0x00000000e0000000, 0x0000000100000000, 0x0000000100000000)
  eden space 395776K, 100% used [0x00000000e0000000,0x00000000f8280000,0x00000000f8280000)
  from space 61440K, 41% used [0x00000000f8280000,0x00000000f9baab60,0x00000000fbe80000)
  to   space 60416K, 0% used [0x00000000fc500000,0x00000000fc500000,0x0000000100000000)
 ParOldGen       total 218112K, used 159967K [0x00000000a0000000, 0x00000000ad500000, 0x00000000e0000000)
  object space 218112K, 73% used [0x00000000a0000000,0x00000000a9c37ea0,0x00000000ad500000)
 Metaspace       used 69538K, capacity 73410K, committed 73728K, reserved 1114112K
  class space    used 8993K, capacity 9631K, committed 9728K, reserved 1048576K
Event: 1565.366 GC heap after
Heap after GC invocations=31 (full 3):
 PSYoungGen      total 434176K, used 60398K [0x00000000e0000000, 0x0000000100000000, 0x0000000100000000)
  eden space 373760K, 0% used [0x00000000e0000000,0x00000000e0000000,0x00000000f6d00000)
  from space 60416K, 99% used [0x00000000fc500000,0x00000000ffffb9b8,0x0000000100000000)
  to   space 75264K, 0% used [0x00000000f6d00000,0x00000000f6d00000,0x00000000fb680000)
 ParOldGen       total 218112K, used 169032K [0x00000000a0000000, 0x00000000ad500000, 0x00000000e0000000)
  object space 218112K, 77% used [0x00000000a0000000,0x00000000aa512330,0x00000000ad500000)
 Metaspace       used 69538K, capacity 73410K, committed 73728K, reserved 1114112K
  class space    used 8993K, capacity 9631K, committed 9728K, reserved 1048576K
}
Event: 1958.273 GC heap before
{Heap before GC invocations=32 (full 3):
 PSYoungGen      total 434176K, used 434158K [0x00000000e0000000, 0x0000000100000000, 0x0000000100000000)
  eden space 373760K, 100% used [0x00000000e0000000,0x00000000f6d00000,0x00000000f6d00000)
  from space 60416K, 99% used [0x00000000fc500000,0x00000000ffffb9b8,0x0000000100000000)
  to   space 75264K, 0% used [0x00000000f6d00000,0x00000000f6d00000,0x00000000fb680000)
 ParOldGen       total 218112K, used 169032K [0x00000000a0000000, 0x00000000ad500000, 0x00000000e0000000)
  object space 218112K, 77% used [0x00000000a0000000,0x00000000aa512330,0x00000000ad500000)
 Metaspace       used 70544K, capacity 74658K, committed 74880K, reserved 1114112K
  class space    used 9099K, capacity 9745K, committed 9856K, reserved 1048576K
Event: 1958.446 GC heap after
Heap after GC invocations=32 (full 3):
 PSYoungGen      total 449024K, used 7846K [0x00000000e0000000, 0x0000000100000000, 0x0000000100000000)
  eden space 373760K, 0% used [0x00000000e0000000,0x00000000e0000000,0x00000000f6d00000)
  from space 75264K, 10% used [0x00000000f6d00000,0x00000000f74a9a20,0x00000000fb680000)
  to   space 72704K, 0% used [0x00000000fb900000,0x00000000fb900000,0x0000000100000000)
 ParOldGen       total 218112K, used 192271K [0x00000000a0000000, 0x00000000ad500000, 0x00000000e0000000)
  object space 218112K, 88% used [0x00000000a0000000,0x00000000abbc3f60,0x00000000ad500000)
 Metaspace       used 70544K, capacity 74658K, committed 74880K, reserved 1114112K
  class space    used 9099K, capacity 9745K, committed 9856K, reserved 1048576K
}

