# JRE version: Java(TM) SE Runtime Environment (8.0_121-b13) (build 1.8.0_121-b13)
# Java VM: Java HotSpot(TM) 64-Bit Server VM (25.121-b13 mixed mode linux-amd64 compressed oops)
Heap:
 PSYoungGen      total 94720K, used 4704K [0x00000000e0000000, 0x00000000e8780000, 0x0000000100000000)
  eden space 84992K, 5% used [0x00000000e0000000,0x00000000e0498290,0x00000000e5300000)
  from space 9728K, 0% used [0x00000000e5300000,0x00000000e5300000,0x00000000e5c80000)
  to   space 11776K, 0% used [0x00000000e7c00000,0x00000000e7c00000,0x00000000e8780000)
 ParOldGen       total 107008K, used 17568K [0x00000000a0000000, 0x00000000a6880000, 0x00000000e0000000)
  object space 107008K, 16% used [0x00000000a0000000,0x00000000a1128108,0x00000000a6880000)
 Metaspace       used 35171K, capacity 35804K, committed 35968K, reserved 1081344K
  class space    used 4829K, capacity 4984K, committed 4992K, reserved 1048576K
GC Heap History (10 events):
Event: 2.321 GC heap before
{Heap before GC invocations=5 (full 1):
 PSYoungGen      total 68608K, used 5088K [0x00000000e0000000, 0x00000000e4800000, 0x0000000100000000)
  eden space 63488K, 0% used [0x00000000e0000000,0x00000000e0000000,0x00000000e3e00000)
  from space 5120K, 99% used [0x00000000e4300000,0x00000000e47f8020,0x00000000e4800000)
  to   space 5120K, 0% used [0x00000000e3e00000,0x00000000e3e00000,0x00000000e4300000)
 ParOldGen       total 84992K, used 6691K [0x00000000a0000000, 0x00000000a5300000, 0x00000000e0000000)
  object space 84992K, 7% used [0x00000000a0000000,0x00000000a0688d10,0x00000000a5300000)
 Metaspace       used 20831K, capacity 21188K, committed 21296K, reserved 1067008K
  class space    used 2814K, capacity 2933K, committed 2944K, reserved 1048576K
Event: 2.400 GC heap after
Heap after GC invocations=5 (full 1):
 PSYoungGen      total 68608K, used 0K [0x00000000e0000000, 0x00000000e4800000, 0x0000000100000000)
  eden space 63488K, 0% used [0x00000000e0000000,0x00000000e0000000,0x00000000e3e00000)
  from space 5120K, 0% used [0x00000000e4300000,0x00000000e4300000,0x00000000e4800000)
  to   space 5120K, 0% used [0x00000000e3e00000,0x00000000e3e00000,0x00000000e4300000)
 ParOldGen       total 63488K, used 8234K [0x00000000a0000000, 0x00000000a3e00000, 0x00000000e0000000)
  object space 63488K, 12% used [0x00000000a0000000,0x00000000a080aa98,0x00000000a3e00000)
 Metaspace       used 20831K, capacity 21188K, committed 21296K, reserved 1067008K
  class space    used 2814K, capacity 2933K, committed 2944K, reserved 1048576K
}
Event: 3.272 GC heap before
{Heap before GC invocations=6 (full 1):
 PSYoungGen      total 68608K, used 63488K [0x00000000e0000000, 0x00000000e4800000, 0x0000000100000000)
  eden space 63488K, 100% used [0x00000000e0000000,0x00000000e3e00000,0x00000000e3e00000)
  from space 5120K, 0% used [0x00000000e4300000,0x00000000e4300000,0x00000000e4800000)
  to   space 5120K, 0% used [0x00000000e3e00000,0x00000000e3e00000,0x00000000e4300000)
 ParOldGen       total 63488K, used 8234K [0x00000000a0000000, 0x00000000a3e00000, 0x00000000e0000000)
  object space 63488K, 12% used [0x00000000a0000000,0x00000000a080aa98,0x00000000a3e00000)
 Metaspace       used 25740K, capacity 26154K, committed 26368K, reserved 1071104K
  class space    used 3653K, capacity 3768K, committed 3840K, reserved 1048576K
Event: 3.282 GC heap after
Heap after GC invocations=6 (full 1):
 PSYoungGen      total 68608K, used 5103K [0x00000000e0000000, 0x00000000e6a00000, 0x0000000100000000)
  eden space 63488K, 0% used [0x00000000e0000000,0x00000000e0000000,0x00000000e3e00000)
  from space 5120K, 99% used [0x00000000e3e00000,0x00000000e42fbeb8,0x00000000e4300000)
  to   space 10240K, 0% used [0x00000000e6000000,0x00000000e6000000,0x00000000e6a00000)
 ParOldGen       total 63488K, used 10650K [0x00000000a0000000, 0x00000000a3e00000, 0x00000000e0000000)
  object space 63488K, 16% used [0x00000000a0000000,0x00000000a0a66a18,0x00000000a3e00000)
 Metaspace       used 25740K, capacity 26154K, committed 26368K, reserved 1071104K
  class space    used 3653K, capacity 3768K, committed 3840K, reserved 1048576K
}
Event: 4.687 GC heap before
{Heap before GC invocations=7 (full 1):
 PSYoungGen      total 68608K, used 68591K [0x00000000e0000000, 0x00000000e6a00000, 0x0000000100000000)
  eden space 63488K, 100% used [0x00000000e0000000,0x00000000e3e00000,0x00000000e3e00000)
  from space 5120K, 99% used [0x00000000e3e00000,0x00000000e42fbeb8,0x00000000e4300000)
  to   space 10240K, 0% used [0x00000000e6000000,0x00000000e6000000,0x00000000e6a00000)
 ParOldGen       total 63488K, used 10650K [0x00000000a0000000, 0x00000000a3e00000, 0x00000000e0000000)
  object space 63488K, 16% used [0x00000000a0000000,0x00000000a0a66a18,0x00000000a3e00000)
 Metaspace       used 29203K, capacity 29678K, committed 29824K, reserved 1075200K
  class space    used 4069K, capacity 4220K, committed 4224K, reserved 1048576K
Event: 4.695 GC heap after
Heap after GC invocations=7 (full 1):
 PSYoungGen      total 91136K, used 5785K [0x00000000e0000000, 0x00000000e6600000, 0x0000000100000000)
  eden space 84992K, 0% used [0x00000000e0000000,0x00000000e0000000,0x00000000e5300000)
  from space 6144K, 94% used [0x00000000e6000000,0x00000000e65a64e8,0x00000000e6600000)
  to   space 9728K, 0% used [0x00000000e5300000,0x00000000e5300000,0x00000000e5c80000)
 ParOldGen       total 63488K, used 10730K [0x00000000a0000000, 0x00000000a3e00000, 0x00000000e0000000)
  object space 63488K, 16% used [0x00000000a0000000,0x00000000a0a7aa28,0x00000000a3e00000)
 Metaspace       used 29203K, capacity 29678K, committed 29824K, reserved 1075200K
  class space    used 4069K, capacity 4220K, committed 4224K, reserved 1048576K
}
Event: 5.735 GC heap before
{Heap before GC invocations=8 (full 1):
 PSYoungGen      total 91136K, used 79761K [0x00000000e0000000, 0x00000000e6600000, 0x0000000100000000)
  eden space 84992K, 87% used [0x00000000e0000000,0x00000000e483e120,0x00000000e5300000)
  from space 6144K, 94% used [0x00000000e6000000,0x00000000e65a64e8,0x00000000e6600000)
  to   space 9728K, 0% used [0x00000000e5300000,0x00000000e5300000,0x00000000e5c80000)
 ParOldGen       total 63488K, used 10730K [0x00000000a0000000, 0x00000000a3e00000, 0x00000000e0000000)
  object space 63488K, 16% used [0x00000000a0000000,0x00000000a0a7aa28,0x00000000a3e00000)
 Metaspace       used 34745K, capacity 35318K, committed 35456K, reserved 1079296K
  class space    used 4767K, capacity 4951K, committed 4992K, reserved 1048576K
Event: 5.759 GC heap after
Heap after GC invocations=8 (full 1):
 PSYoungGen      total 94720K, used 9725K [0x00000000e0000000, 0x00000000e8780000, 0x0000000100000000)
  eden space 84992K, 0% used [0x00000000e0000000,0x00000000e0000000,0x00000000e5300000)
  from space 9728K, 99% used [0x00000000e5300000,0x00000000e5c7f6a0,0x00000000e5c80000)
  to   space 11776K, 0% used [0x00000000e7c00000,0x00000000e7c00000,0x00000000e8780000)
 ParOldGen       total 63488K, used 12127K [0x00000000a0000000, 0x00000000a3e00000, 0x00000000e0000000)
  object space 63488K, 19% used [0x00000000a0000000,0x00000000a0bd7e48,0x00000000a3e00000)
 Metaspace       used 34745K, capacity 35318K, committed 35456K, reserved 1079296K
  class space    used 4767K, capacity 4951K, committed 4992K, reserved 1048576K
}
Event: 5.759 GC heap before
{Heap before GC invocations=9 (full 2):
 PSYoungGen      total 94720K, used 9725K [0x00000000e0000000, 0x00000000e8780000, 0x0000000100000000)
  eden space 84992K, 0% used [0x00000000e0000000,0x00000000e0000000,0x00000000e5300000)
  from space 9728K, 99% used [0x00000000e5300000,0x00000000e5c7f6a0,0x00000000e5c80000)
  to   space 11776K, 0% used [0x00000000e7c00000,0x00000000e7c00000,0x00000000e8780000)
 ParOldGen       total 63488K, used 12127K [0x00000000a0000000, 0x00000000a3e00000, 0x00000000e0000000)
  object space 63488K, 19% used [0x00000000a0000000,0x00000000a0bd7e48,0x00000000a3e00000)
 Metaspace       used 34745K, capacity 35318K, committed 35456K, reserved 1079296K
  class space    used 4767K, capacity 4951K, committed 4992K, reserved 1048576K
Event: 5.897 GC heap after
Heap after GC invocations=9 (full 2):
 PSYoungGen      total 94720K, used 0K [0x00000000e0000000, 0x00000000e8780000, 0x0000000100000000)
  eden space 84992K, 0% used [0x00000000e0000000,0x00000000e0000000,0x00000000e5300000)
  from space 9728K, 0% used [0x00000000e5300000,0x00000000e5300000,0x00000000e5c80000)
  to   space 11776K, 0% used [0x00000000e7c00000,0x00000000e7c00000,0x00000000e8780000)
 ParOldGen       total 107008K, used 17568K [0x00000000a0000000, 0x00000000a6880000, 0x00000000e0000000)
  object space 107008K, 16% used [0x00000000a0000000,0x00000000a1128108,0x00000000a6880000)
 Metaspace       used 34745K, capacity 35318K, committed 35456K, reserved 1079296K
  class space    used 4767K, capacity 4951K, committed 4992K, reserved 1048576K
}

