# JRE version: Java(TM) SE Runtime Environment (8.0_121-b13) (build 1.8.0_121-b13)
# Java VM: Java HotSpot(TM) 64-Bit Server VM (25.121-b13 mixed mode linux-amd64 compressed oops)
Heap:
 PSYoungGen      total 133120K, used 49242K [0x00000000e0000000, 0x00000000eaf80000, 0x0000000100000000)
  eden space 120832K, 30% used [0x00000000e0000000,0x00000000e2418760,0x00000000e7600000)
  from space 12288K, 99% used [0x00000000e7600000,0x00000000e81fe0c8,0x00000000e8200000)
  to   space 15360K, 0% used [0x00000000ea080000,0x00000000ea080000,0x00000000eaf80000)
 ParOldGen       total 107008K, used 21358K [0x00000000a0000000, 0x00000000a6880000, 0x00000000e0000000)
  object space 107008K, 19% used [0x00000000a0000000,0x00000000a14dbb98,0x00000000a6880000)
 Metaspace       used 48364K, capacity 49990K, committed 50136K, reserved 1091584K
  class space    used 6758K, capacity 7158K, committed 7168K, reserved 1048576K
GC Heap History (10 events):
Event: 5.058 GC heap before
{Heap before GC invocations=7 (full 1):
 PSYoungGen      total 68608K, used 68600K [0x00000000e0000000, 0x00000000e6c00000, 0x0000000100000000)
  eden space 63488K, 100% used [0x00000000e0000000,0x00000000e3e00000,0x00000000e3e00000)
  from space 5120K, 99% used [0x00000000e3e00000,0x00000000e42fe038,0x00000000e4300000)
  to   space 10752K, 0% used [0x00000000e6180000,0x00000000e6180000,0x00000000e6c00000)
 ParOldGen       total 67072K, used 11841K [0x00000000a0000000, 0x00000000a4180000, 0x00000000e0000000)
  object space 67072K, 17% used [0x00000000a0000000,0x00000000a0b90600,0x00000000a4180000)
 Metaspace       used 29572K, capacity 30170K, committed 30464K, reserved 1075200K
  class space    used 4139K, capacity 4285K, committed 4352K, reserved 1048576K
Event: 5.074 GC heap after
Heap after GC invocations=7 (full 1):
 PSYoungGen      total 96768K, used 7128K [0x00000000e0000000, 0x00000000e6a00000, 0x0000000100000000)
  eden space 88064K, 0% used [0x00000000e0000000,0x00000000e0000000,0x00000000e5600000)
  from space 8704K, 81% used [0x00000000e6180000,0x00000000e6876048,0x00000000e6a00000)
  to   space 10240K, 0% used [0x00000000e5600000,0x00000000e5600000,0x00000000e6000000)
 ParOldGen       total 67072K, used 11841K [0x00000000a0000000, 0x00000000a4180000, 0x00000000e0000000)
  object space 67072K, 17% used [0x00000000a0000000,0x00000000a0b90600,0x00000000a4180000)
 Metaspace       used 29572K, capacity 30170K, committed 30464K, reserved 1075200K
  class space    used 4139K, capacity 4285K, committed 4352K, reserved 1048576K
}
Event: 6.028 GC heap before
{Heap before GC invocations=8 (full 1):
 PSYoungGen      total 96768K, used 60706K [0x00000000e0000000, 0x00000000e6a00000, 0x0000000100000000)
  eden space 88064K, 60% used [0x00000000e0000000,0x00000000e3452aa0,0x00000000e5600000)
  from space 8704K, 81% used [0x00000000e6180000,0x00000000e6876048,0x00000000e6a00000)
  to   space 10240K, 0% used [0x00000000e5600000,0x00000000e5600000,0x00000000e6000000)
 ParOldGen       total 67072K, used 11841K [0x00000000a0000000, 0x00000000a4180000, 0x00000000e0000000)
  object space 67072K, 17% used [0x00000000a0000000,0x00000000a0b90600,0x00000000a4180000)
 Metaspace       used 34624K, capacity 35398K, committed 35416K, reserved 1079296K
  class space    used 4784K, capacity 4988K, committed 4992K, reserved 1048576K
Event: 6.041 GC heap after
Heap after GC invocations=8 (full 1):
 PSYoungGen      total 98304K, used 10223K [0x00000000e0000000, 0x00000000e8d80000, 0x0000000100000000)
  eden space 88064K, 0% used [0x00000000e0000000,0x00000000e0000000,0x00000000e5600000)
  from space 10240K, 99% used [0x00000000e5600000,0x00000000e5ffbff8,0x00000000e6000000)
  to   space 11776K, 0% used [0x00000000e8200000,0x00000000e8200000,0x00000000e8d80000)
 ParOldGen       total 67072K, used 12716K [0x00000000a0000000, 0x00000000a4180000, 0x00000000e0000000)
  object space 67072K, 18% used [0x00000000a0000000,0x00000000a0c6b1c0,0x00000000a4180000)
 Metaspace       used 34624K, capacity 35398K, committed 35416K, reserved 1079296K
  class space    used 4784K, capacity 4988K, committed 4992K, reserved 1048576K
}
Event: 6.041 GC heap before
{Heap before GC invocations=9 (full 2):
 PSYoungGen      total 98304K, used 10223K [0x00000000e0000000, 0x00000000e8d80000, 0x0000000100000000)
  eden space 88064K, 0% used [0x00000000e0000000,0x00000000e0000000,0x00000000e5600000)
  from space 10240K, 99% used [0x00000000e5600000,0x00000000e5ffbff8,0x00000000e6000000)
  to   space 11776K, 0% used [0x00000000e8200000,0x00000000e8200000,0x00000000e8d80000)
 ParOldGen       total 67072K, used 12716K [0x00000000a0000000, 0x00000000a4180000, 0x00000000e0000000)
  object space 67072K, 18% used [0x00000000a0000000,0x00000000a0c6b1c0,0x00000000a4180000)
 Metaspace       used 34624K, capacity 35398K, committed 35416K, reserved 1079296K
  class space    used 4784K, capacity 4988K, committed 4992K, reserved 1048576K
Event: 6.134 GC heap after
Heap after GC invocations=9 (full 2):
 PSYoungGen      total 98304K, used 0K [0x00000000e0000000, 0x00000000e8d80000, 0x0000000100000000)
  eden space 88064K, 0% used [0x00000000e0000000,0x00000000e0000000,0x00000000e5600000)
  from space 10240K, 0% used [0x00000000e5600000,0x00000000e5600000,0x00000000e6000000)
  to   space 11776K, 0% used [0x00000000e8200000,0x00000000e8200000,0x00000000e8d80000)
 ParOldGen       total 107008K, used 17238K [0x00000000a0000000, 0x00000000a6880000, 0x00000000e0000000)
  object space 107008K, 16% used [0x00000000a0000000,0x00000000a10d5980,0x00000000a6880000)
 Metaspace       used 34624K, capacity 35398K, committed 35416K, reserved 1079296K
  class space    used 4784K, capacity 4988K, committed 4992K, reserved 1048576K
}
Event: 7.004 GC heap before
{Heap before GC invocations=10 (full 2):
 PSYoungGen      total 98304K, used 88064K [0x00000000e0000000, 0x00000000e8d80000, 0x0000000100000000)
  eden space 88064K, 100% used [0x00000000e0000000,0x00000000e5600000,0x00000000e5600000)
  from space 10240K, 0% used [0x00000000e5600000,0x00000000e5600000,0x00000000e6000000)
  to   space 11776K, 0% used [0x00000000e8200000,0x00000000e8200000,0x00000000e8d80000)
 ParOldGen       total 107008K, used 17238K [0x00000000a0000000, 0x00000000a6880000, 0x00000000e0000000)
  object space 107008K, 16% used [0x00000000a0000000,0x00000000a10d5980,0x00000000a6880000)
 Metaspace       used 39921K, capacity 40864K, committed 41176K, reserved 1085440K
  class space    used 5545K, capacity 5766K, committed 5888K, reserved 1048576K
Event: 7.022 GC heap after
Heap after GC invocations=10 (full 2):
 PSYoungGen      total 132608K, used 9387K [0x00000000e0000000, 0x00000000e8f00000, 0x0000000100000000)
  eden space 120832K, 0% used [0x00000000e0000000,0x00000000e0000000,0x00000000e7600000)
  from space 11776K, 79% used [0x00000000e8200000,0x00000000e8b2ad78,0x00000000e8d80000)
  to   space 12288K, 0% used [0x00000000e7600000,0x00000000e7600000,0x00000000e8200000)
 ParOldGen       total 107008K, used 17246K [0x00000000a0000000, 0x00000000a6880000, 0x00000000e0000000)
  object space 107008K, 16% used [0x00000000a0000000,0x00000000a10d7980,0x00000000a6880000)
 Metaspace       used 39921K, capacity 40864K, committed 41176K, reserved 1085440K
  class space    used 5545K, capacity 5766K, committed 5888K, reserved 1048576K
}
Event: 8.549 GC heap before
{Heap before GC invocations=11 (full 2):
 PSYoungGen      total 132608K, used 130219K [0x00000000e0000000, 0x00000000e8f00000, 0x0000000100000000)
  eden space 120832K, 100% used [0x00000000e0000000,0x00000000e7600000,0x00000000e7600000)
  from space 11776K, 79% used [0x00000000e8200000,0x00000000e8b2ad78,0x00000000e8d80000)
  to   space 12288K, 0% used [0x00000000e7600000,0x00000000e7600000,0x00000000e8200000)
 ParOldGen       total 107008K, used 17246K [0x00000000a0000000, 0x00000000a6880000, 0x00000000e0000000)
  object space 107008K, 16% used [0x00000000a0000000,0x00000000a10d7980,0x00000000a6880000)
 Metaspace       used 46660K, capacity 48158K, committed 48344K, reserved 1091584K
  class space    used 6492K, capacity 6831K, committed 6912K, reserved 1048576K
Event: 8.576 GC heap after
Heap after GC invocations=11 (full 2):
 PSYoungGen      total 133120K, used 12280K [0x00000000e0000000, 0x00000000eaf80000, 0x0000000100000000)
  eden space 120832K, 0% used [0x00000000e0000000,0x00000000e0000000,0x00000000e7600000)
  from space 12288K, 99% used [0x00000000e7600000,0x00000000e81fe0c8,0x00000000e8200000)
  to   space 15360K, 0% used [0x00000000ea080000,0x00000000ea080000,0x00000000eaf80000)
 ParOldGen       total 107008K, used 21358K [0x00000000a0000000, 0x00000000a6880000, 0x00000000e0000000)
  object space 107008K, 19% used [0x00000000a0000000,0x00000000a14dbb98,0x00000000a6880000)
 Metaspace       used 46660K, capacity 48158K, committed 48344K, reserved 1091584K
  class space    used 6492K, capacity 6831K, committed 6912K, reserved 1048576K
}

