# JRE version: Java(TM) SE Runtime Environment (8.0_121-b13) (build 1.8.0_121-b13)
# Java VM: Java HotSpot(TM) 64-Bit Server VM (25.121-b13 mixed mode linux-amd64 compressed oops)
Heap:
 PSYoungGen      total 137728K, used 82231K [0x00000000e0000000, 0x00000000ed480000, 0x0000000100000000)
  eden space 121344K, 54% used [0x00000000e0000000,0x00000000e4051e90,0x00000000e7680000)
  from space 16384K, 99% used [0x00000000e7680000,0x00000000e867bff0,0x00000000e8680000)
  to   space 22528K, 0% used [0x00000000ebe80000,0x00000000ebe80000,0x00000000ed480000)
 ParOldGen       total 84992K, used 32720K [0x00000000a0000000, 0x00000000a5300000, 0x00000000e0000000)
  object space 84992K, 38% used [0x00000000a0000000,0x00000000a1ff4100,0x00000000a5300000)
 Metaspace       used 54330K, capacity 56682K, committed 56792K, reserved 1097728K
  class space    used 7567K, capacity 8115K, committed 8192K, reserved 1048576K
GC Heap History (10 events):
Event: 13.895 GC heap before
{Heap before GC invocations=11 (full 2):
 PSYoungGen      total 78336K, used 8894K [0x00000000e0000000, 0x00000000e7180000, 0x0000000100000000)
  eden space 67584K, 0% used [0x00000000e0000000,0x00000000e0000000,0x00000000e4200000)
  from space 10752K, 82% used [0x00000000e4200000,0x00000000e4aaf8f8,0x00000000e4c80000)
  to   space 11264K, 0% used [0x00000000e6680000,0x00000000e6680000,0x00000000e7180000)
 ParOldGen       total 62464K, used 9476K [0x00000000a0000000, 0x00000000a3d00000, 0x00000000e0000000)
  object space 62464K, 15% used [0x00000000a0000000,0x00000000a0941228,0x00000000a3d00000)
 Metaspace       used 34538K, capacity 35320K, committed 35416K, reserved 1079296K
  class space    used 4779K, capacity 4987K, committed 4992K, reserved 1048576K
Event: 13.978 GC heap after
Heap after GC invocations=11 (full 2):
 PSYoungGen      total 78336K, used 0K [0x00000000e0000000, 0x00000000e7180000, 0x0000000100000000)
  eden space 67584K, 0% used [0x00000000e0000000,0x00000000e0000000,0x00000000e4200000)
  from space 10752K, 0% used [0x00000000e4200000,0x00000000e4200000,0x00000000e4c80000)
  to   space 11264K, 0% used [0x00000000e6680000,0x00000000e6680000,0x00000000e7180000)
 ParOldGen       total 84992K, used 15120K [0x00000000a0000000, 0x00000000a5300000, 0x00000000e0000000)
  object space 84992K, 17% used [0x00000000a0000000,0x00000000a0ec4088,0x00000000a5300000)
 Metaspace       used 34538K, capacity 35320K, committed 35416K, reserved 1079296K
  class space    used 4779K, capacity 4987K, committed 4992K, reserved 1048576K
}
Event: 14.894 GC heap before
{Heap before GC invocations=12 (full 2):
 PSYoungGen      total 78336K, used 67584K [0x00000000e0000000, 0x00000000e7180000, 0x0000000100000000)
  eden space 67584K, 100% used [0x00000000e0000000,0x00000000e4200000,0x00000000e4200000)
  from space 10752K, 0% used [0x00000000e4200000,0x00000000e4200000,0x00000000e4c80000)
  to   space 11264K, 0% used [0x00000000e6680000,0x00000000e6680000,0x00000000e7180000)
 ParOldGen       total 84992K, used 15120K [0x00000000a0000000, 0x00000000a5300000, 0x00000000e0000000)
  object space 84992K, 17% used [0x00000000a0000000,0x00000000a0ec4088,0x00000000a5300000)
 Metaspace       used 38004K, capacity 38838K, committed 39000K, reserved 1083392K
  class space    used 5225K, capacity 5463K, committed 5504K, reserved 1048576K
Event: 14.905 GC heap after
Heap after GC invocations=12 (full 2):
 PSYoungGen      total 102912K, used 6808K [0x00000000e0000000, 0x00000000e7080000, 0x0000000100000000)
  eden space 92672K, 0% used [0x00000000e0000000,0x00000000e0000000,0x00000000e5a80000)
  from space 10240K, 66% used [0x00000000e6680000,0x00000000e6d26280,0x00000000e7080000)
  to   space 11264K, 0% used [0x00000000e5a80000,0x00000000e5a80000,0x00000000e6580000)
 ParOldGen       total 84992K, used 15128K [0x00000000a0000000, 0x00000000a5300000, 0x00000000e0000000)
  object space 84992K, 17% used [0x00000000a0000000,0x00000000a0ec6088,0x00000000a5300000)
 Metaspace       used 38004K, capacity 38838K, committed 39000K, reserved 1083392K
  class space    used 5225K, capacity 5463K, committed 5504K, reserved 1048576K
}
Event: 16.646 GC heap before
{Heap before GC invocations=13 (full 2):
 PSYoungGen      total 102912K, used 99480K [0x00000000e0000000, 0x00000000e7080000, 0x0000000100000000)
  eden space 92672K, 100% used [0x00000000e0000000,0x00000000e5a80000,0x00000000e5a80000)
  from space 10240K, 66% used [0x00000000e6680000,0x00000000e6d26280,0x00000000e7080000)
  to   space 11264K, 0% used [0x00000000e5a80000,0x00000000e5a80000,0x00000000e6580000)
 ParOldGen       total 84992K, used 15128K [0x00000000a0000000, 0x00000000a5300000, 0x00000000e0000000)
  object space 84992K, 17% used [0x00000000a0000000,0x00000000a0ec6088,0x00000000a5300000)
 Metaspace       used 43917K, capacity 45008K, committed 45272K, reserved 1087488K
  class space    used 6038K, capacity 6315K, committed 6400K, reserved 1048576K
Event: 16.660 GC heap after
Heap after GC invocations=13 (full 2):
 PSYoungGen      total 103936K, used 11248K [0x00000000e0000000, 0x00000000e9300000, 0x0000000100000000)
  eden space 92672K, 0% used [0x00000000e0000000,0x00000000e0000000,0x00000000e5a80000)
  from space 11264K, 99% used [0x00000000e5a80000,0x00000000e657c120,0x00000000e6580000)
  to   space 12800K, 0% used [0x00000000e8680000,0x00000000e8680000,0x00000000e9300000)
 ParOldGen       total 84992K, used 16216K [0x00000000a0000000, 0x00000000a5300000, 0x00000000e0000000)
  object space 84992K, 19% used [0x00000000a0000000,0x00000000a0fd6398,0x00000000a5300000)
 Metaspace       used 43917K, capacity 45008K, committed 45272K, reserved 1087488K
  class space    used 6038K, capacity 6315K, committed 6400K, reserved 1048576K
}
Event: 18.530 GC heap before
{Heap before GC invocations=14 (full 2):
 PSYoungGen      total 103936K, used 103920K [0x00000000e0000000, 0x00000000e9300000, 0x0000000100000000)
  eden space 92672K, 100% used [0x00000000e0000000,0x00000000e5a80000,0x00000000e5a80000)
  from space 11264K, 99% used [0x00000000e5a80000,0x00000000e657c120,0x00000000e6580000)
  to   space 12800K, 0% used [0x00000000e8680000,0x00000000e8680000,0x00000000e9300000)
 ParOldGen       total 84992K, used 16216K [0x00000000a0000000, 0x00000000a5300000, 0x00000000e0000000)
  object space 84992K, 19% used [0x00000000a0000000,0x00000000a0fd6398,0x00000000a5300000)
 Metaspace       used 48312K, capacity 49910K, committed 50136K, reserved 1091584K
  class space    used 6706K, capacity 7074K, committed 7168K, reserved 1048576K
Event: 18.557 GC heap after
Heap after GC invocations=14 (full 2):
 PSYoungGen      total 134144K, used 12768K [0x00000000e0000000, 0x00000000e9a80000, 0x0000000100000000)
  eden space 121344K, 0% used [0x00000000e0000000,0x00000000e0000000,0x00000000e7680000)
  from space 12800K, 99% used [0x00000000e8680000,0x00000000e92f80b0,0x00000000e9300000)
  to   space 16384K, 0% used [0x00000000e7680000,0x00000000e7680000,0x00000000e8680000)
 ParOldGen       total 84992K, used 21863K [0x00000000a0000000, 0x00000000a5300000, 0x00000000e0000000)
  object space 84992K, 25% used [0x00000000a0000000,0x00000000a1559e70,0x00000000a5300000)
 Metaspace       used 48312K, capacity 49910K, committed 50136K, reserved 1091584K
  class space    used 6706K, capacity 7074K, committed 7168K, reserved 1048576K
}
Event: 19.788 GC heap before
{Heap before GC invocations=15 (full 2):
 PSYoungGen      total 134144K, used 134112K [0x00000000e0000000, 0x00000000e9a80000, 0x0000000100000000)
  eden space 121344K, 100% used [0x00000000e0000000,0x00000000e7680000,0x00000000e7680000)
  from space 12800K, 99% used [0x00000000e8680000,0x00000000e92f80b0,0x00000000e9300000)
  to   space 16384K, 0% used [0x00000000e7680000,0x00000000e7680000,0x00000000e8680000)
 ParOldGen       total 84992K, used 21863K [0x00000000a0000000, 0x00000000a5300000, 0x00000000e0000000)
  object space 84992K, 25% used [0x00000000a0000000,0x00000000a1559e70,0x00000000a5300000)
 Metaspace       used 51271K, capacity 53098K, committed 53336K, reserved 1095680K
  class space    used 7249K, capacity 7724K, committed 7808K, reserved 1048576K
Event: 19.851 GC heap after
Heap after GC invocations=15 (full 2):
 PSYoungGen      total 137728K, used 16367K [0x00000000e0000000, 0x00000000ed480000, 0x0000000100000000)
  eden space 121344K, 0% used [0x00000000e0000000,0x00000000e0000000,0x00000000e7680000)
  from space 16384K, 99% used [0x00000000e7680000,0x00000000e867bff0,0x00000000e8680000)
  to   space 22528K, 0% used [0x00000000ebe80000,0x00000000ebe80000,0x00000000ed480000)
 ParOldGen       total 84992K, used 32720K [0x00000000a0000000, 0x00000000a5300000, 0x00000000e0000000)
  object space 84992K, 38% used [0x00000000a0000000,0x00000000a1ff4100,0x00000000a5300000)
 Metaspace       used 51271K, capacity 53098K, committed 53336K, reserved 1095680K
  class space    used 7249K, capacity 7724K, committed 7808K, reserved 1048576K
}

