# JRE version: Java(TM) SE Runtime Environment (8.0_121-b13) (build 1.8.0_121-b13)
# Java VM: Java HotSpot(TM) 64-Bit Server VM (25.121-b13 mixed mode linux-amd64 compressed oops)
Heap:
 PSYoungGen      total 78336K, used 29520K [0x00000000e0000000, 0x00000000e6900000, 0x0000000100000000)
  eden space 67584K, 27% used [0x00000000e0000000,0x00000000e125a610,0x00000000e4200000)
  from space 10752K, 99% used [0x00000000e4200000,0x00000000e4c79b78,0x00000000e4c80000)
  to   space 11776K, 0% used [0x00000000e5d80000,0x00000000e5d80000,0x00000000e6900000)
 ParOldGen       total 105984K, used 15779K [0x00000000a0000000, 0x00000000a6780000, 0x00000000e0000000)
  object space 105984K, 14% used [0x00000000a0000000,0x00000000a0f68c70,0x00000000a6780000)
 Metaspace       used 43478K, capacity 44324K, committed 44672K, reserved 1087488K
  class space    used 5937K, capacity 6163K, committed 6272K, reserved 1048576K
GC Heap History (10 events):
Event: 12.927 GC heap before
{Heap before GC invocations=9 (full 1):
 PSYoungGen      total 51712K, used 47325K [0x00000000e0000000, 0x00000000e4900000, 0x0000000100000000)
  eden space 41984K, 100% used [0x00000000e0000000,0x00000000e2900000,0x00000000e2900000)
  from space 9728K, 54% used [0x00000000e2900000,0x00000000e2e37508,0x00000000e3280000)
  to   space 9216K, 0% used [0x00000000e4000000,0x00000000e4000000,0x00000000e4900000)
 ParOldGen       total 67072K, used 8551K [0x00000000a0000000, 0x00000000a4180000, 0x00000000e0000000)
  object space 67072K, 12% used [0x00000000a0000000,0x00000000a0859e00,0x00000000a4180000)
 Metaspace       used 31853K, capacity 32452K, committed 32768K, reserved 1077248K
  class space    used 4401K, capacity 4578K, committed 4608K, reserved 1048576K
Event: 12.937 GC heap after
Heap after GC invocations=9 (full 1):
 PSYoungGen      total 63488K, used 7515K [0x00000000e0000000, 0x00000000e4880000, 0x0000000100000000)
  eden space 54784K, 0% used [0x00000000e0000000,0x00000000e0000000,0x00000000e3580000)
  from space 8704K, 86% used [0x00000000e4000000,0x00000000e4756d00,0x00000000e4880000)
  to   space 9728K, 0% used [0x00000000e3580000,0x00000000e3580000,0x00000000e3f00000)
 ParOldGen       total 67072K, used 8559K [0x00000000a0000000, 0x00000000a4180000, 0x00000000e0000000)
  object space 67072K, 12% used [0x00000000a0000000,0x00000000a085be00,0x00000000a4180000)
 Metaspace       used 31853K, capacity 32452K, committed 32768K, reserved 1077248K
  class space    used 4401K, capacity 4578K, committed 4608K, reserved 1048576K
}
Event: 13.480 GC heap before
{Heap before GC invocations=10 (full 1):
 PSYoungGen      total 63488K, used 55547K [0x00000000e0000000, 0x00000000e4880000, 0x0000000100000000)
  eden space 54784K, 87% used [0x00000000e0000000,0x00000000e2ee8218,0x00000000e3580000)
  from space 8704K, 86% used [0x00000000e4000000,0x00000000e4756d00,0x00000000e4880000)
  to   space 9728K, 0% used [0x00000000e3580000,0x00000000e3580000,0x00000000e3f00000)
 ParOldGen       total 67072K, used 8559K [0x00000000a0000000, 0x00000000a4180000, 0x00000000e0000000)
  object space 67072K, 12% used [0x00000000a0000000,0x00000000a085be00,0x00000000a4180000)
 Metaspace       used 34628K, capacity 35226K, committed 35456K, reserved 1079296K
  class space    used 4743K, capacity 4885K, committed 4992K, reserved 1048576K
Event: 13.491 GC heap after
Heap after GC invocations=10 (full 1):
 PSYoungGen      total 64512K, used 9289K [0x00000000e0000000, 0x00000000e5700000, 0x0000000100000000)
  eden space 54784K, 0% used [0x00000000e0000000,0x00000000e0000000,0x00000000e3580000)
  from space 9728K, 95% used [0x00000000e3580000,0x00000000e3e927c0,0x00000000e3f00000)
  to   space 10752K, 0% used [0x00000000e4c80000,0x00000000e4c80000,0x00000000e5700000)
 ParOldGen       total 67072K, used 8567K [0x00000000a0000000, 0x00000000a4180000, 0x00000000e0000000)
  object space 67072K, 12% used [0x00000000a0000000,0x00000000a085de00,0x00000000a4180000)
 Metaspace       used 34628K, capacity 35226K, committed 35456K, reserved 1079296K
  class space    used 4743K, capacity 4885K, committed 4992K, reserved 1048576K
}
Event: 13.491 GC heap before
{Heap before GC invocations=11 (full 2):
 PSYoungGen      total 64512K, used 9289K [0x00000000e0000000, 0x00000000e5700000, 0x0000000100000000)
  eden space 54784K, 0% used [0x00000000e0000000,0x00000000e0000000,0x00000000e3580000)
  from space 9728K, 95% used [0x00000000e3580000,0x00000000e3e927c0,0x00000000e3f00000)
  to   space 10752K, 0% used [0x00000000e4c80000,0x00000000e4c80000,0x00000000e5700000)
 ParOldGen       total 67072K, used 8567K [0x00000000a0000000, 0x00000000a4180000, 0x00000000e0000000)
  object space 67072K, 12% used [0x00000000a0000000,0x00000000a085de00,0x00000000a4180000)
 Metaspace       used 34628K, capacity 35226K, committed 35456K, reserved 1079296K
  class space    used 4743K, capacity 4885K, committed 4992K, reserved 1048576K
Event: 13.608 GC heap after
Heap after GC invocations=11 (full 2):
 PSYoungGen      total 64512K, used 0K [0x00000000e0000000, 0x00000000e5700000, 0x0000000100000000)
  eden space 54784K, 0% used [0x00000000e0000000,0x00000000e0000000,0x00000000e3580000)
  from space 9728K, 0% used [0x00000000e3580000,0x00000000e3580000,0x00000000e3f00000)
  to   space 10752K, 0% used [0x00000000e4c80000,0x00000000e4c80000,0x00000000e5700000)
 ParOldGen       total 105984K, used 15763K [0x00000000a0000000, 0x00000000a6780000, 0x00000000e0000000)
  object space 105984K, 14% used [0x00000000a0000000,0x00000000a0f64c70,0x00000000a6780000)
 Metaspace       used 34628K, capacity 35226K, committed 35456K, reserved 1079296K
  class space    used 4743K, capacity 4885K, committed 4992K, reserved 1048576K
}
Event: 14.366 GC heap before
{Heap before GC invocations=12 (full 2):
 PSYoungGen      total 64512K, used 54784K [0x00000000e0000000, 0x00000000e5700000, 0x0000000100000000)
  eden space 54784K, 100% used [0x00000000e0000000,0x00000000e3580000,0x00000000e3580000)
  from space 9728K, 0% used [0x00000000e3580000,0x00000000e3580000,0x00000000e3f00000)
  to   space 10752K, 0% used [0x00000000e4c80000,0x00000000e4c80000,0x00000000e5700000)
 ParOldGen       total 105984K, used 15763K [0x00000000a0000000, 0x00000000a6780000, 0x00000000e0000000)
  object space 105984K, 14% used [0x00000000a0000000,0x00000000a0f64c70,0x00000000a6780000)
 Metaspace       used 37545K, capacity 38326K, committed 38656K, reserved 1083392K
  class space    used 5128K, capacity 5304K, committed 5376K, reserved 1048576K
Event: 14.377 GC heap after
Heap after GC invocations=12 (full 2):
 PSYoungGen      total 78336K, used 7080K [0x00000000e0000000, 0x00000000e5800000, 0x0000000100000000)
  eden space 67584K, 0% used [0x00000000e0000000,0x00000000e0000000,0x00000000e4200000)
  from space 10752K, 65% used [0x00000000e4c80000,0x00000000e536a148,0x00000000e5700000)
  to   space 10752K, 0% used [0x00000000e4200000,0x00000000e4200000,0x00000000e4c80000)
 ParOldGen       total 105984K, used 15771K [0x00000000a0000000, 0x00000000a6780000, 0x00000000e0000000)
  object space 105984K, 14% used [0x00000000a0000000,0x00000000a0f66c70,0x00000000a6780000)
 Metaspace       used 37545K, capacity 38326K, committed 38656K, reserved 1083392K
  class space    used 5128K, capacity 5304K, committed 5376K, reserved 1048576K
}
Event: 15.993 GC heap before
{Heap before GC invocations=13 (full 2):
 PSYoungGen      total 78336K, used 74664K [0x00000000e0000000, 0x00000000e5800000, 0x0000000100000000)
  eden space 67584K, 100% used [0x00000000e0000000,0x00000000e4200000,0x00000000e4200000)
  from space 10752K, 65% used [0x00000000e4c80000,0x00000000e536a148,0x00000000e5700000)
  to   space 10752K, 0% used [0x00000000e4200000,0x00000000e4200000,0x00000000e4c80000)
 ParOldGen       total 105984K, used 15771K [0x00000000a0000000, 0x00000000a6780000, 0x00000000e0000000)
  object space 105984K, 14% used [0x00000000a0000000,0x00000000a0f66c70,0x00000000a6780000)
 Metaspace       used 43204K, capacity 44090K, committed 44416K, reserved 1087488K
  class space    used 5916K, capacity 6152K, committed 6272K, reserved 1048576K
Event: 16.006 GC heap after
Heap after GC invocations=13 (full 2):
 PSYoungGen      total 78336K, used 10726K [0x00000000e0000000, 0x00000000e6900000, 0x0000000100000000)
  eden space 67584K, 0% used [0x00000000e0000000,0x00000000e0000000,0x00000000e4200000)
  from space 10752K, 99% used [0x00000000e4200000,0x00000000e4c79b78,0x00000000e4c80000)
  to   space 11776K, 0% used [0x00000000e5d80000,0x00000000e5d80000,0x00000000e6900000)
 ParOldGen       total 105984K, used 15779K [0x00000000a0000000, 0x00000000a6780000, 0x00000000e0000000)
  object space 105984K, 14% used [0x00000000a0000000,0x00000000a0f68c70,0x00000000a6780000)
 Metaspace       used 43204K, capacity 44090K, committed 44416K, reserved 1087488K
  class space    used 5916K, capacity 6152K, committed 6272K, reserved 1048576K
}

