# JRE version: Java(TM) SE Runtime Environment (8.0_121-b13) (build 1.8.0_121-b13)
# Java VM: Java HotSpot(TM) 64-Bit Server VM (25.121-b13 mixed mode linux-amd64 compressed oops)
Heap:
 PSYoungGen      total 481792K, used 471488K [0x00000000e0000000, 0x00000000fff80000, 0x0000000100000000)
  eden space 455168K, 100% used [0x00000000e0000000,0x00000000fbc80000,0x00000000fbc80000)
  from space 26624K, 61% used [0x00000000fd600000,0x00000000fe5f0070,0x00000000ff000000)
  to   space 26112K, 99% used [0x00000000fbc80000,0x00000000fd5fd3e8,0x00000000fd600000)
 ParOldGen       total 171520K, used 79422K [0x00000000a0000000, 0x00000000aa780000, 0x00000000e0000000)
  object space 171520K, 46% used [0x00000000a0000000,0x00000000a4d8f830,0x00000000aa780000)
 Metaspace       used 68154K, capacity 71886K, committed 72024K, reserved 1112064K
  class space    used 9015K, capacity 9758K, committed 9856K, reserved 1048576K
GC Heap History (10 events):
Event: 77.397 GC heap after
Heap after GC invocations=19 (full 3):
 PSYoungGen      total 394752K, used 18738K [0x00000000e0000000, 0x00000000fa080000, 0x0000000100000000)
  eden space 368128K, 0% used [0x00000000e0000000,0x00000000e0000000,0x00000000f6780000)
  from space 26624K, 70% used [0x00000000f8280000,0x00000000f94cc8c0,0x00000000f9c80000)
  to   space 27648K, 0% used [0x00000000f6780000,0x00000000f6780000,0x00000000f8280000)
 ParOldGen       total 171520K, used 48712K [0x00000000a0000000, 0x00000000aa780000, 0x00000000e0000000)
  object space 171520K, 28% used [0x00000000a0000000,0x00000000a2f923b0,0x00000000aa780000)
 Metaspace       used 63029K, capacity 66002K, committed 66264K, reserved 1105920K
  class space    used 8571K, capacity 9186K, committed 9216K, reserved 1048576K
}
Event: 111.298 GC heap before
{Heap before GC invocations=20 (full 3):
 PSYoungGen      total 394752K, used 386866K [0x00000000e0000000, 0x00000000fa080000, 0x0000000100000000)
  eden space 368128K, 100% used [0x00000000e0000000,0x00000000f6780000,0x00000000f6780000)
  from space 26624K, 70% used [0x00000000f8280000,0x00000000f94cc8c0,0x00000000f9c80000)
  to   space 27648K, 0% used [0x00000000f6780000,0x00000000f6780000,0x00000000f8280000)
 ParOldGen       total 171520K, used 48712K [0x00000000a0000000, 0x00000000aa780000, 0x00000000e0000000)
  object space 171520K, 28% used [0x00000000a0000000,0x00000000a2f923b0,0x00000000aa780000)
 Metaspace       used 63527K, capacity 66686K, committed 66904K, reserved 1107968K
  class space    used 8619K, capacity 9256K, committed 9344K, reserved 1048576K
Event: 111.325 GC heap after
Heap after GC invocations=20 (full 3):
 PSYoungGen      total 395776K, used 16167K [0x00000000e0000000, 0x00000000fcd00000, 0x0000000100000000)
  eden space 368128K, 0% used [0x00000000e0000000,0x00000000e0000000,0x00000000f6780000)
  from space 27648K, 58% used [0x00000000f6780000,0x00000000f7749fe8,0x00000000f8280000)
  to   space 27136K, 0% used [0x00000000fb280000,0x00000000fb280000,0x00000000fcd00000)
 ParOldGen       total 171520K, used 48720K [0x00000000a0000000, 0x00000000aa780000, 0x00000000e0000000)
  object space 171520K, 28% used [0x00000000a0000000,0x00000000a2f943b0,0x00000000aa780000)
 Metaspace       used 63527K, capacity 66686K, committed 66904K, reserved 1107968K
  class space    used 8619K, capacity 9256K, committed 9344K, reserved 1048576K
}
Event: 430.849 GC heap before
{Heap before GC invocations=21 (full 3):
 PSYoungGen      total 395776K, used 384295K [0x00000000e0000000, 0x00000000fcd00000, 0x0000000100000000)
  eden space 368128K, 100% used [0x00000000e0000000,0x00000000f6780000,0x00000000f6780000)
  from space 27648K, 58% used [0x00000000f6780000,0x00000000f7749fe8,0x00000000f8280000)
  to   space 27136K, 0% used [0x00000000fb280000,0x00000000fb280000,0x00000000fcd00000)
 ParOldGen       total 171520K, used 48720K [0x00000000a0000000, 0x00000000aa780000, 0x00000000e0000000)
  object space 171520K, 28% used [0x00000000a0000000,0x00000000a2f943b0,0x00000000aa780000)
 Metaspace       used 64278K, capacity 67882K, committed 68056K, reserved 1107968K
  class space    used 8688K, capacity 9358K, committed 9472K, reserved 1048576K
Event: 430.867 GC heap after
Heap after GC invocations=21 (full 3):
 PSYoungGen      total 424448K, used 11280K [0x00000000e0000000, 0x00000000fc200000, 0x0000000100000000)
  eden space 408576K, 0% used [0x00000000e0000000,0x00000000e0000000,0x00000000f8f00000)
  from space 15872K, 71% used [0x00000000fb280000,0x00000000fbd84060,0x00000000fc200000)
  to   space 26112K, 0% used [0x00000000f8f00000,0x00000000f8f00000,0x00000000fa880000)
 ParOldGen       total 171520K, used 48728K [0x00000000a0000000, 0x00000000aa780000, 0x00000000e0000000)
  object space 171520K, 28% used [0x00000000a0000000,0x00000000a2f963b0,0x00000000aa780000)
 Metaspace       used 64278K, capacity 67882K, committed 68056K, reserved 1107968K
  class space    used 8688K, capacity 9358K, committed 9472K, reserved 1048576K
}
Event: 432.694 GC heap before
{Heap before GC invocations=22 (full 3):
 PSYoungGen      total 424448K, used 419430K [0x00000000e0000000, 0x00000000fc200000, 0x0000000100000000)
  eden space 408576K, 99% used [0x00000000e0000000,0x00000000f8e95808,0x00000000f8f00000)
  from space 15872K, 71% used [0x00000000fb280000,0x00000000fbd84060,0x00000000fc200000)
  to   space 26112K, 0% used [0x00000000f8f00000,0x00000000f8f00000,0x00000000fa880000)
 ParOldGen       total 171520K, used 48728K [0x00000000a0000000, 0x00000000aa780000, 0x00000000e0000000)
  object space 171520K, 28% used [0x00000000a0000000,0x00000000a2f963b0,0x00000000aa780000)
 Metaspace       used 64472K, capacity 68088K, committed 68312K, reserved 1107968K
  class space    used 8700K, capacity 9379K, committed 9472K, reserved 1048576K
Event: 432.720 GC heap after
Heap after GC invocations=22 (full 3):
 PSYoungGen      total 434688K, used 18327K [0x00000000e0000000, 0x00000000ff000000, 0x0000000100000000)
  eden space 408576K, 0% used [0x00000000e0000000,0x00000000e0000000,0x00000000f8f00000)
  from space 26112K, 70% used [0x00000000f8f00000,0x00000000fa0e5da8,0x00000000fa880000)
  to   space 26624K, 0% used [0x00000000fd600000,0x00000000fd600000,0x00000000ff000000)
 ParOldGen       total 171520K, used 48736K [0x00000000a0000000, 0x00000000aa780000, 0x00000000e0000000)
  object space 171520K, 28% used [0x00000000a0000000,0x00000000a2f983b0,0x00000000aa780000)
 Metaspace       used 64472K, capacity 68088K, committed 68312K, reserved 1107968K
  class space    used 8700K, capacity 9379K, committed 9472K, reserved 1048576K
}
Event: 432.869 GC heap before
{Heap before GC invocations=23 (full 3):
 PSYoungGen      total 434688K, used 426903K [0x00000000e0000000, 0x00000000ff000000, 0x0000000100000000)
  eden space 408576K, 100% used [0x00000000e0000000,0x00000000f8f00000,0x00000000f8f00000)
  from space 26112K, 70% used [0x00000000f8f00000,0x00000000fa0e5da8,0x00000000fa880000)
  to   space 26624K, 0% used [0x00000000fd600000,0x00000000fd600000,0x00000000ff000000)
 ParOldGen       total 171520K, used 48736K [0x00000000a0000000, 0x00000000aa780000, 0x00000000e0000000)
  object space 171520K, 28% used [0x00000000a0000000,0x00000000a2f983b0,0x00000000aa780000)
 Metaspace       used 64484K, capacity 68160K, committed 68312K, reserved 1107968K
  class space    used 8700K, capacity 9379K, committed 9472K, reserved 1048576K
Event: 432.894 GC heap after
Heap after GC invocations=23 (full 3):
 PSYoungGen      total 481792K, used 16320K [0x00000000e0000000, 0x00000000fff80000, 0x0000000100000000)
  eden space 455168K, 0% used [0x00000000e0000000,0x00000000e0000000,0x00000000fbc80000)
  from space 26624K, 61% used [0x00000000fd600000,0x00000000fe5f0070,0x00000000ff000000)
  to   space 26112K, 0% used [0x00000000fbc80000,0x00000000fbc80000,0x00000000fd600000)
 ParOldGen       total 171520K, used 48744K [0x00000000a0000000, 0x00000000aa780000, 0x00000000e0000000)
  object space 171520K, 28% used [0x00000000a0000000,0x00000000a2f9a3b0,0x00000000aa780000)
 Metaspace       used 64484K, capacity 68160K, committed 68312K, reserved 1107968K
  class space    used 8700K, capacity 9379K, committed 9472K, reserved 1048576K
}
Event: 437.736 GC heap before
{Heap before GC invocations=24 (full 3):
 PSYoungGen      total 481792K, used 471488K [0x00000000e0000000, 0x00000000fff80000, 0x0000000100000000)
  eden space 455168K, 100% used [0x00000000e0000000,0x00000000fbc80000,0x00000000fbc80000)
  from space 26624K, 61% used [0x00000000fd600000,0x00000000fe5f0070,0x00000000ff000000)
  to   space 26112K, 0% used [0x00000000fbc80000,0x00000000fbc80000,0x00000000fd600000)
 ParOldGen       total 171520K, used 48744K [0x00000000a0000000, 0x00000000aa780000, 0x00000000e0000000)
  object space 171520K, 28% used [0x00000000a0000000,0x00000000a2f9a3b0,0x00000000aa780000)
 Metaspace       used 68154K, capacity 71886K, committed 72024K, reserved 1112064K
  class space    used 9015K, capacity 9758K, committed 9856K, reserved 1048576K

