# JRE version: Java(TM) SE Runtime Environment (8.0_121-b13) (build 1.8.0_121-b13)
# Java VM: Java HotSpot(TM) 64-Bit Server VM (25.121-b13 mixed mode linux-amd64 compressed oops)
Heap:
 PSYoungGen      total 229376K, used 84027K [0x00000000e0000000, 0x00000000f1600000, 0x0000000100000000)
  eden space 199168K, 27% used [0x00000000e0000000,0x00000000e35e81f0,0x00000000ec280000)
  from space 30208K, 95% used [0x00000000ee380000,0x00000000effa6b18,0x00000000f0100000)
  to   space 33792K, 0% used [0x00000000ec280000,0x00000000ec280000,0x00000000ee380000)
 ParOldGen       total 178176K, used 44697K [0x00000000a0000000, 0x00000000aae00000, 0x00000000e0000000)
  object space 178176K, 25% used [0x00000000a0000000,0x00000000a2ba6760,0x00000000aae00000)
 Metaspace       used 65306K, capacity 67278K, committed 67544K, reserved 1107968K
  class space    used 8528K, capacity 8886K, committed 8960K, reserved 1048576K
GC Heap History (10 events):
Event: 17.306 GC heap before
{Heap before GC invocations=15 (full 3):
 PSYoungGen      total 145920K, used 125952K [0x00000000e0000000, 0x00000000ec500000, 0x0000000100000000)
  eden space 125952K, 100% used [0x00000000e0000000,0x00000000e7b00000,0x00000000e7b00000)
  from space 19968K, 0% used [0x00000000e7b00000,0x00000000e7b00000,0x00000000e8e80000)
  to   space 26112K, 0% used [0x00000000eab80000,0x00000000eab80000,0x00000000ec500000)
 ParOldGen       total 178176K, used 43130K [0x00000000a0000000, 0x00000000aae00000, 0x00000000e0000000)
  object space 178176K, 24% used [0x00000000a0000000,0x00000000a2a1eb80,0x00000000aae00000)
 Metaspace       used 60060K, capacity 61734K, committed 61912K, reserved 1103872K
  class space    used 8025K, capacity 8372K, committed 8448K, reserved 1048576K
Event: 17.326 GC heap after
Heap after GC invocations=15 (full 3):
 PSYoungGen      total 173056K, used 22072K [0x00000000e0000000, 0x00000000ec900000, 0x0000000100000000)
  eden space 146944K, 0% used [0x00000000e0000000,0x00000000e0000000,0x00000000e8f80000)
  from space 26112K, 84% used [0x00000000eab80000,0x00000000ec10e110,0x00000000ec500000)
  to   space 28672K, 0% used [0x00000000e8f80000,0x00000000e8f80000,0x00000000eab80000)
 ParOldGen       total 178176K, used 43146K [0x00000000a0000000, 0x00000000aae00000, 0x00000000e0000000)
  object space 178176K, 24% used [0x00000000a0000000,0x00000000a2a22b80,0x00000000aae00000)
 Metaspace       used 60060K, capacity 61734K, committed 61912K, reserved 1103872K
  class space    used 8025K, capacity 8372K, committed 8448K, reserved 1048576K
}
Event: 18.180 GC heap before
{Heap before GC invocations=16 (full 3):
 PSYoungGen      total 173056K, used 168659K [0x00000000e0000000, 0x00000000ec900000, 0x0000000100000000)
  eden space 146944K, 99% used [0x00000000e0000000,0x00000000e8f26e18,0x00000000e8f80000)
  from space 26112K, 84% used [0x00000000eab80000,0x00000000ec10e110,0x00000000ec500000)
  to   space 28672K, 0% used [0x00000000e8f80000,0x00000000e8f80000,0x00000000eab80000)
 ParOldGen       total 178176K, used 43146K [0x00000000a0000000, 0x00000000aae00000, 0x00000000e0000000)
  object space 178176K, 24% used [0x00000000a0000000,0x00000000a2a22b80,0x00000000aae00000)
 Metaspace       used 60485K, capacity 62182K, committed 62424K, reserved 1103872K
  class space    used 8069K, capacity 8436K, committed 8448K, reserved 1048576K
Event: 18.209 GC heap after
Heap after GC invocations=16 (full 3):
 PSYoungGen      total 175616K, used 28651K [0x00000000e0000000, 0x00000000eef80000, 0x0000000100000000)
  eden space 146944K, 0% used [0x00000000e0000000,0x00000000e0000000,0x00000000e8f80000)
  from space 28672K, 99% used [0x00000000e8f80000,0x00000000eab7aee0,0x00000000eab80000)
  to   space 33280K, 0% used [0x00000000ecf00000,0x00000000ecf00000,0x00000000eef80000)
 ParOldGen       total 178176K, used 44673K [0x00000000a0000000, 0x00000000aae00000, 0x00000000e0000000)
  object space 178176K, 25% used [0x00000000a0000000,0x00000000a2ba0760,0x00000000aae00000)
 Metaspace       used 60485K, capacity 62182K, committed 62424K, reserved 1103872K
  class space    used 8069K, capacity 8436K, committed 8448K, reserved 1048576K
}
Event: 113.783 GC heap before
{Heap before GC invocations=17 (full 3):
 PSYoungGen      total 175616K, used 175595K [0x00000000e0000000, 0x00000000eef80000, 0x0000000100000000)
  eden space 146944K, 100% used [0x00000000e0000000,0x00000000e8f80000,0x00000000e8f80000)
  from space 28672K, 99% used [0x00000000e8f80000,0x00000000eab7aee0,0x00000000eab80000)
  to   space 33280K, 0% used [0x00000000ecf00000,0x00000000ecf00000,0x00000000eef80000)
 ParOldGen       total 178176K, used 44673K [0x00000000a0000000, 0x00000000aae00000, 0x00000000e0000000)
  object space 178176K, 25% used [0x00000000a0000000,0x00000000a2ba0760,0x00000000aae00000)
 Metaspace       used 64275K, capacity 65980K, committed 66264K, reserved 1105920K
  class space    used 8509K, capacity 8859K, committed 8960K, reserved 1048576K
Event: 113.809 GC heap after
Heap after GC invocations=17 (full 3):
 PSYoungGen      total 197632K, used 15652K [0x00000000e0000000, 0x00000000ee700000, 0x0000000100000000)
  eden space 173056K, 0% used [0x00000000e0000000,0x00000000e0000000,0x00000000ea900000)
  from space 24576K, 63% used [0x00000000ecf00000,0x00000000ede49188,0x00000000ee700000)
  to   space 31744K, 0% used [0x00000000ea900000,0x00000000ea900000,0x00000000ec800000)
 ParOldGen       total 178176K, used 44681K [0x00000000a0000000, 0x00000000aae00000, 0x00000000e0000000)
  object space 178176K, 25% used [0x00000000a0000000,0x00000000a2ba2760,0x00000000aae00000)
 Metaspace       used 64275K, capacity 65980K, committed 66264K, reserved 1105920K
  class space    used 8509K, capacity 8859K, committed 8960K, reserved 1048576K
}
Event: 115.848 GC heap before
{Heap before GC invocations=18 (full 3):
 PSYoungGen      total 197632K, used 188708K [0x00000000e0000000, 0x00000000ee700000, 0x0000000100000000)
  eden space 173056K, 100% used [0x00000000e0000000,0x00000000ea900000,0x00000000ea900000)
  from space 24576K, 63% used [0x00000000ecf00000,0x00000000ede49188,0x00000000ee700000)
  to   space 31744K, 0% used [0x00000000ea900000,0x00000000ea900000,0x00000000ec800000)
 ParOldGen       total 178176K, used 44681K [0x00000000a0000000, 0x00000000aae00000, 0x00000000e0000000)
  object space 178176K, 25% used [0x00000000a0000000,0x00000000a2ba2760,0x00000000aae00000)
 Metaspace       used 65106K, capacity 67010K, committed 67288K, reserved 1107968K
  class space    used 8527K, capacity 8884K, committed 8960K, reserved 1048576K
Event: 115.871 GC heap after
Heap after GC invocations=18 (full 3):
 PSYoungGen      total 204800K, used 14817K [0x00000000e0000000, 0x00000000f0100000, 0x0000000100000000)
  eden space 173056K, 0% used [0x00000000e0000000,0x00000000e0000000,0x00000000ea900000)
  from space 31744K, 46% used [0x00000000ea900000,0x00000000eb7784d0,0x00000000ec800000)
  to   space 30208K, 0% used [0x00000000ee380000,0x00000000ee380000,0x00000000f0100000)
 ParOldGen       total 178176K, used 44689K [0x00000000a0000000, 0x00000000aae00000, 0x00000000e0000000)
  object space 178176K, 25% used [0x00000000a0000000,0x00000000a2ba4760,0x00000000aae00000)
 Metaspace       used 65106K, capacity 67010K, committed 67288K, reserved 1107968K
  class space    used 8527K, capacity 8884K, committed 8960K, reserved 1048576K
}
Event: 116.904 GC heap before
{Heap before GC invocations=19 (full 3):
 PSYoungGen      total 204800K, used 184026K [0x00000000e0000000, 0x00000000f0100000, 0x0000000100000000)
  eden space 173056K, 97% used [0x00000000e0000000,0x00000000ea53e558,0x00000000ea900000)
  from space 31744K, 46% used [0x00000000ea900000,0x00000000eb7784d0,0x00000000ec800000)
  to   space 30208K, 0% used [0x00000000ee380000,0x00000000ee380000,0x00000000f0100000)
 ParOldGen       total 178176K, used 44689K [0x00000000a0000000, 0x00000000aae00000, 0x00000000e0000000)
  object space 178176K, 25% used [0x00000000a0000000,0x00000000a2ba4760,0x00000000aae00000)
 Metaspace       used 65304K, capacity 67278K, committed 67544K, reserved 1107968K
  class space    used 8528K, capacity 8886K, committed 8960K, reserved 1048576K
Event: 116.970 GC heap after
Heap after GC invocations=19 (full 3):
 PSYoungGen      total 229376K, used 28826K [0x00000000e0000000, 0x00000000f1600000, 0x0000000100000000)
  eden space 199168K, 0% used [0x00000000e0000000,0x00000000e0000000,0x00000000ec280000)
  from space 30208K, 95% used [0x00000000ee380000,0x00000000effa6b18,0x00000000f0100000)
  to   space 33792K, 0% used [0x00000000ec280000,0x00000000ec280000,0x00000000ee380000)
 ParOldGen       total 178176K, used 44697K [0x00000000a0000000, 0x00000000aae00000, 0x00000000e0000000)
  object space 178176K, 25% used [0x00000000a0000000,0x00000000a2ba6760,0x00000000aae00000)
 Metaspace       used 65304K, capacity 67278K, committed 67544K, reserved 1107968K
  class space    used 8528K, capacity 8886K, committed 8960K, reserved 1048576K
}

