# JRE version: Java(TM) SE Runtime Environment (8.0_121-b13) (build 1.8.0_121-b13)
# Java VM: Java HotSpot(TM) 64-Bit Server VM (25.121-b13 mixed mode linux-amd64 compressed oops)
Heap:
 PSYoungGen      total 92672K, used 22358K [0x00000000e0000000, 0x00000000e8200000, 0x0000000100000000)
  eden space 82432K, 27% used [0x00000000e0000000,0x00000000e15d5ba8,0x00000000e5080000)
  from space 10240K, 0% used [0x00000000e5080000,0x00000000e5080000,0x00000000e5a80000)
  to   space 11776K, 0% used [0x00000000e7680000,0x00000000e7680000,0x00000000e8200000)
 ParOldGen       total 110592K, used 17248K [0x00000000a0000000, 0x00000000a6c00000, 0x00000000e0000000)
  object space 110592K, 15% used [0x00000000a0000000,0x00000000a10d82f0,0x00000000a6c00000)
 Metaspace       used 34771K, capacity 35510K, committed 35672K, reserved 1079296K
  class space    used 4803K, capacity 4988K, committed 4992K, reserved 1048576K
GC Heap History (10 events):
Event: 2.115 GC heap before
{Heap before GC invocations=5 (full 1):
 PSYoungGen      total 68608K, used 5100K [0x00000000e0000000, 0x00000000e4800000, 0x0000000100000000)
  eden space 63488K, 0% used [0x00000000e0000000,0x00000000e0000000,0x00000000e3e00000)
  from space 5120K, 99% used [0x00000000e4300000,0x00000000e47fb000,0x00000000e4800000)
  to   space 5120K, 0% used [0x00000000e3e00000,0x00000000e3e00000,0x00000000e4300000)
 ParOldGen       total 84992K, used 7648K [0x00000000a0000000, 0x00000000a5300000, 0x00000000e0000000)
  object space 84992K, 8% used [0x00000000a0000000,0x00000000a0778210,0x00000000a5300000)
 Metaspace       used 20732K, capacity 21150K, committed 21248K, reserved 1067008K
  class space    used 2836K, capacity 3008K, committed 3072K, reserved 1048576K
Event: 2.201 GC heap after
Heap after GC invocations=5 (full 1):
 PSYoungGen      total 68608K, used 0K [0x00000000e0000000, 0x00000000e4800000, 0x0000000100000000)
  eden space 63488K, 0% used [0x00000000e0000000,0x00000000e0000000,0x00000000e3e00000)
  from space 5120K, 0% used [0x00000000e4300000,0x00000000e4300000,0x00000000e4800000)
  to   space 5120K, 0% used [0x00000000e3e00000,0x00000000e3e00000,0x00000000e4300000)
 ParOldGen       total 68096K, used 9411K [0x00000000a0000000, 0x00000000a4280000, 0x00000000e0000000)
  object space 68096K, 13% used [0x00000000a0000000,0x00000000a0930fc0,0x00000000a4280000)
 Metaspace       used 20732K, capacity 21150K, committed 21248K, reserved 1067008K
  class space    used 2836K, capacity 3008K, committed 3072K, reserved 1048576K
}
Event: 3.391 GC heap before
{Heap before GC invocations=6 (full 1):
 PSYoungGen      total 68608K, used 63488K [0x00000000e0000000, 0x00000000e4800000, 0x0000000100000000)
  eden space 63488K, 100% used [0x00000000e0000000,0x00000000e3e00000,0x00000000e3e00000)
  from space 5120K, 0% used [0x00000000e4300000,0x00000000e4300000,0x00000000e4800000)
  to   space 5120K, 0% used [0x00000000e3e00000,0x00000000e3e00000,0x00000000e4300000)
 ParOldGen       total 68096K, used 9411K [0x00000000a0000000, 0x00000000a4280000, 0x00000000e0000000)
  object space 68096K, 13% used [0x00000000a0000000,0x00000000a0930fc0,0x00000000a4280000)
 Metaspace       used 26140K, capacity 26596K, committed 27008K, reserved 1073152K
  class space    used 3710K, capacity 3851K, committed 3968K, reserved 1048576K
Event: 3.405 GC heap after
Heap after GC invocations=6 (full 1):
 PSYoungGen      total 68608K, used 5098K [0x00000000e0000000, 0x00000000e6680000, 0x0000000100000000)
  eden space 63488K, 0% used [0x00000000e0000000,0x00000000e0000000,0x00000000e3e00000)
  from space 5120K, 99% used [0x00000000e3e00000,0x00000000e42fa970,0x00000000e4300000)
  to   space 10752K, 0% used [0x00000000e5c00000,0x00000000e5c00000,0x00000000e6680000)
 ParOldGen       total 68096K, used 11888K [0x00000000a0000000, 0x00000000a4280000, 0x00000000e0000000)
  object space 68096K, 17% used [0x00000000a0000000,0x00000000a0b9c3a0,0x00000000a4280000)
 Metaspace       used 26140K, capacity 26596K, committed 27008K, reserved 1073152K
  class space    used 3710K, capacity 3851K, committed 3968K, reserved 1048576K
}
Event: 4.422 GC heap before
{Heap before GC invocations=7 (full 1):
 PSYoungGen      total 68608K, used 68586K [0x00000000e0000000, 0x00000000e6680000, 0x0000000100000000)
  eden space 63488K, 100% used [0x00000000e0000000,0x00000000e3e00000,0x00000000e3e00000)
  from space 5120K, 99% used [0x00000000e3e00000,0x00000000e42fa970,0x00000000e4300000)
  to   space 10752K, 0% used [0x00000000e5c00000,0x00000000e5c00000,0x00000000e6680000)
 ParOldGen       total 68096K, used 11888K [0x00000000a0000000, 0x00000000a4280000, 0x00000000e0000000)
  object space 68096K, 17% used [0x00000000a0000000,0x00000000a0b9c3a0,0x00000000a4280000)
 Metaspace       used 29577K, capacity 30186K, committed 30464K, reserved 1075200K
  class space    used 4148K, capacity 4317K, committed 4352K, reserved 1048576K
Event: 4.435 GC heap after
Heap after GC invocations=7 (full 1):
 PSYoungGen      total 91136K, used 6961K [0x00000000e0000000, 0x00000000e6480000, 0x0000000100000000)
  eden space 82432K, 0% used [0x00000000e0000000,0x00000000e0000000,0x00000000e5080000)
  from space 8704K, 79% used [0x00000000e5c00000,0x00000000e62cc638,0x00000000e6480000)
  to   space 10240K, 0% used [0x00000000e5080000,0x00000000e5080000,0x00000000e5a80000)
 ParOldGen       total 68096K, used 11896K [0x00000000a0000000, 0x00000000a4280000, 0x00000000e0000000)
  object space 68096K, 17% used [0x00000000a0000000,0x00000000a0b9e3a0,0x00000000a4280000)
 Metaspace       used 29577K, capacity 30186K, committed 30464K, reserved 1075200K
  class space    used 4148K, capacity 4317K, committed 4352K, reserved 1048576K
}
Event: 5.467 GC heap before
{Heap before GC invocations=8 (full 1):
 PSYoungGen      total 91136K, used 61361K [0x00000000e0000000, 0x00000000e6480000, 0x0000000100000000)
  eden space 82432K, 65% used [0x00000000e0000000,0x00000000e3520008,0x00000000e5080000)
  from space 8704K, 79% used [0x00000000e5c00000,0x00000000e62cc638,0x00000000e6480000)
  to   space 10240K, 0% used [0x00000000e5080000,0x00000000e5080000,0x00000000e5a80000)
 ParOldGen       total 68096K, used 11896K [0x00000000a0000000, 0x00000000a4280000, 0x00000000e0000000)
  object space 68096K, 17% used [0x00000000a0000000,0x00000000a0b9e3a0,0x00000000a4280000)
 Metaspace       used 34598K, capacity 35382K, committed 35416K, reserved 1079296K
  class space    used 4787K, capacity 4988K, committed 4992K, reserved 1048576K
Event: 5.496 GC heap after
Heap after GC invocations=8 (full 1):
 PSYoungGen      total 92672K, used 10239K [0x00000000e0000000, 0x00000000e8200000, 0x0000000100000000)
  eden space 82432K, 0% used [0x00000000e0000000,0x00000000e0000000,0x00000000e5080000)
  from space 10240K, 99% used [0x00000000e5080000,0x00000000e5a7fdf0,0x00000000e5a80000)
  to   space 11776K, 0% used [0x00000000e7680000,0x00000000e7680000,0x00000000e8200000)
 ParOldGen       total 68096K, used 12752K [0x00000000a0000000, 0x00000000a4280000, 0x00000000e0000000)
  object space 68096K, 18% used [0x00000000a0000000,0x00000000a0c74088,0x00000000a4280000)
 Metaspace       used 34598K, capacity 35382K, committed 35416K, reserved 1079296K
  class space    used 4787K, capacity 4988K, committed 4992K, reserved 1048576K
}
Event: 5.496 GC heap before
{Heap before GC invocations=9 (full 2):
 PSYoungGen      total 92672K, used 10239K [0x00000000e0000000, 0x00000000e8200000, 0x0000000100000000)
  eden space 82432K, 0% used [0x00000000e0000000,0x00000000e0000000,0x00000000e5080000)
  from space 10240K, 99% used [0x00000000e5080000,0x00000000e5a7fdf0,0x00000000e5a80000)
  to   space 11776K, 0% used [0x00000000e7680000,0x00000000e7680000,0x00000000e8200000)
 ParOldGen       total 68096K, used 12752K [0x00000000a0000000, 0x00000000a4280000, 0x00000000e0000000)
  object space 68096K, 18% used [0x00000000a0000000,0x00000000a0c74088,0x00000000a4280000)
 Metaspace       used 34598K, capacity 35382K, committed 35416K, reserved 1079296K
  class space    used 4787K, capacity 4988K, committed 4992K, reserved 1048576K
Event: 5.613 GC heap after
Heap after GC invocations=9 (full 2):
 PSYoungGen      total 92672K, used 0K [0x00000000e0000000, 0x00000000e8200000, 0x0000000100000000)
  eden space 82432K, 0% used [0x00000000e0000000,0x00000000e0000000,0x00000000e5080000)
  from space 10240K, 0% used [0x00000000e5080000,0x00000000e5080000,0x00000000e5a80000)
  to   space 11776K, 0% used [0x00000000e7680000,0x00000000e7680000,0x00000000e8200000)
 ParOldGen       total 110592K, used 17248K [0x00000000a0000000, 0x00000000a6c00000, 0x00000000e0000000)
  object space 110592K, 15% used [0x00000000a0000000,0x00000000a10d82f0,0x00000000a6c00000)
 Metaspace       used 34598K, capacity 35382K, committed 35416K, reserved 1079296K
  class space    used 4787K, capacity 4988K, committed 4992K, reserved 1048576K
}

