# JRE version: Java(TM) SE Runtime Environment (8.0_121-b13) (build 1.8.0_121-b13)
# Java VM: Java HotSpot(TM) 64-Bit Server VM (25.121-b13 mixed mode linux-amd64 compressed oops)
Heap:
 PSYoungGen      total 105472K, used 17613K [0x00000000e0000000, 0x00000000e9280000, 0x0000000100000000)
  eden space 95744K, 8% used [0x00000000e0000000,0x00000000e07bb4e0,0x00000000e5d80000)
  from space 9728K, 99% used [0x00000000e5d80000,0x00000000e66f8010,0x00000000e6700000)
  to   space 13824K, 0% used [0x00000000e8500000,0x00000000e8500000,0x00000000e9280000)
 ParOldGen       total 53760K, used 32908K [0x00000000a0000000, 0x00000000a3480000, 0x00000000e0000000)
  object space 53760K, 61% used [0x00000000a0000000,0x00000000a20233d8,0x00000000a3480000)
 Metaspace       used 55768K, capacity 57518K, committed 57856K, reserved 1099776K
  class space    used 7704K, capacity 8088K, committed 8192K, reserved 1048576K
GC Heap History (10 events):
Event: 55.301 GC heap before
{Heap before GC invocations=15 (full 2):
 PSYoungGen      total 52224K, used 48729K [0x00000000e0000000, 0x00000000e3e80000, 0x0000000100000000)
  eden space 44544K, 100% used [0x00000000e0000000,0x00000000e2b80000,0x00000000e2b80000)
  from space 7680K, 54% used [0x00000000e3700000,0x00000000e3b16410,0x00000000e3e80000)
  to   space 9728K, 0% used [0x00000000e2b80000,0x00000000e2b80000,0x00000000e3500000)
 ParOldGen       total 53760K, used 13818K [0x00000000a0000000, 0x00000000a3480000, 0x00000000e0000000)
  object space 53760K, 25% used [0x00000000a0000000,0x00000000a0d7e948,0x00000000a3480000)
 Metaspace       used 38672K, capacity 39404K, committed 39552K, reserved 1083392K
  class space    used 5308K, capacity 5493K, committed 5504K, reserved 1048576K
Event: 55.313 GC heap after
Heap after GC invocations=15 (full 2):
 PSYoungGen      total 54272K, used 5366K [0x00000000e0000000, 0x00000000e5380000, 0x0000000100000000)
  eden space 44544K, 0% used [0x00000000e0000000,0x00000000e0000000,0x00000000e2b80000)
  from space 9728K, 55% used [0x00000000e2b80000,0x00000000e30bd948,0x00000000e3500000)
  to   space 9216K, 0% used [0x00000000e4a80000,0x00000000e4a80000,0x00000000e5380000)
 ParOldGen       total 53760K, used 16594K [0x00000000a0000000, 0x00000000a3480000, 0x00000000e0000000)
  object space 53760K, 30% used [0x00000000a0000000,0x00000000a1034810,0x00000000a3480000)
 Metaspace       used 38672K, capacity 39404K, committed 39552K, reserved 1083392K
  class space    used 5308K, capacity 5493K, committed 5504K, reserved 1048576K
}
Event: 56.672 GC heap before
{Heap before GC invocations=16 (full 2):
 PSYoungGen      total 54272K, used 49910K [0x00000000e0000000, 0x00000000e5380000, 0x0000000100000000)
  eden space 44544K, 100% used [0x00000000e0000000,0x00000000e2b80000,0x00000000e2b80000)
  from space 9728K, 55% used [0x00000000e2b80000,0x00000000e30bd948,0x00000000e3500000)
  to   space 9216K, 0% used [0x00000000e4a80000,0x00000000e4a80000,0x00000000e5380000)
 ParOldGen       total 53760K, used 16594K [0x00000000a0000000, 0x00000000a3480000, 0x00000000e0000000)
  object space 53760K, 30% used [0x00000000a0000000,0x00000000a1034810,0x00000000a3480000)
 Metaspace       used 43217K, capacity 44156K, committed 44416K, reserved 1087488K
  class space    used 5926K, capacity 6151K, committed 6272K, reserved 1048576K
Event: 56.681 GC heap after
Heap after GC invocations=16 (full 2):
 PSYoungGen      total 75264K, used 2892K [0x00000000e0000000, 0x00000000e5300000, 0x0000000100000000)
  eden space 66560K, 0% used [0x00000000e0000000,0x00000000e0000000,0x00000000e4100000)
  from space 8704K, 33% used [0x00000000e4a80000,0x00000000e4d530b0,0x00000000e5300000)
  to   space 9216K, 0% used [0x00000000e4100000,0x00000000e4100000,0x00000000e4a00000)
 ParOldGen       total 53760K, used 20610K [0x00000000a0000000, 0x00000000a3480000, 0x00000000e0000000)
  object space 53760K, 38% used [0x00000000a0000000,0x00000000a1420810,0x00000000a3480000)
 Metaspace       used 43217K, capacity 44156K, committed 44416K, reserved 1087488K
  class space    used 5926K, capacity 6151K, committed 6272K, reserved 1048576K
}
Event: 58.718 GC heap before
{Heap before GC invocations=17 (full 2):
 PSYoungGen      total 75264K, used 69452K [0x00000000e0000000, 0x00000000e5300000, 0x0000000100000000)
  eden space 66560K, 100% used [0x00000000e0000000,0x00000000e4100000,0x00000000e4100000)
  from space 8704K, 33% used [0x00000000e4a80000,0x00000000e4d530b0,0x00000000e5300000)
  to   space 9216K, 0% used [0x00000000e4100000,0x00000000e4100000,0x00000000e4a00000)
 ParOldGen       total 53760K, used 20610K [0x00000000a0000000, 0x00000000a3480000, 0x00000000e0000000)
  object space 53760K, 38% used [0x00000000a0000000,0x00000000a1420810,0x00000000a3480000)
 Metaspace       used 45778K, capacity 46916K, committed 47104K, reserved 1089536K
  class space    used 6272K, capacity 6567K, committed 6656K, reserved 1048576K
Event: 58.733 GC heap after
Heap after GC invocations=17 (full 2):
 PSYoungGen      total 75776K, used 5715K [0x00000000e0000000, 0x00000000e7100000, 0x0000000100000000)
  eden space 66560K, 0% used [0x00000000e0000000,0x00000000e0000000,0x00000000e4100000)
  from space 9216K, 62% used [0x00000000e4100000,0x00000000e4694e18,0x00000000e4a00000)
  to   space 9216K, 0% used [0x00000000e6800000,0x00000000e6800000,0x00000000e7100000)
 ParOldGen       total 53760K, used 21598K [0x00000000a0000000, 0x00000000a3480000, 0x00000000e0000000)
  object space 53760K, 40% used [0x00000000a0000000,0x00000000a1517a08,0x00000000a3480000)
 Metaspace       used 45778K, capacity 46916K, committed 47104K, reserved 1089536K
  class space    used 6272K, capacity 6567K, committed 6656K, reserved 1048576K
}
Event: 60.558 GC heap before
{Heap before GC invocations=18 (full 2):
 PSYoungGen      total 75776K, used 72275K [0x00000000e0000000, 0x00000000e7100000, 0x0000000100000000)
  eden space 66560K, 100% used [0x00000000e0000000,0x00000000e4100000,0x00000000e4100000)
  from space 9216K, 62% used [0x00000000e4100000,0x00000000e4694e18,0x00000000e4a00000)
  to   space 9216K, 0% used [0x00000000e6800000,0x00000000e6800000,0x00000000e7100000)
 ParOldGen       total 53760K, used 21598K [0x00000000a0000000, 0x00000000a3480000, 0x00000000e0000000)
  object space 53760K, 40% used [0x00000000a0000000,0x00000000a1517a08,0x00000000a3480000)
 Metaspace       used 49476K, capacity 51030K, committed 51200K, reserved 1093632K
  class space    used 6858K, capacity 7158K, committed 7168K, reserved 1048576K
Event: 60.579 GC heap after
Heap after GC invocations=18 (full 2):
 PSYoungGen      total 104448K, used 8214K [0x00000000e0000000, 0x00000000e7080000, 0x0000000100000000)
  eden space 95744K, 0% used [0x00000000e0000000,0x00000000e0000000,0x00000000e5d80000)
  from space 8704K, 94% used [0x00000000e6800000,0x00000000e7005a50,0x00000000e7080000)
  to   space 9728K, 0% used [0x00000000e5d80000,0x00000000e5d80000,0x00000000e6700000)
 ParOldGen       total 53760K, used 24950K [0x00000000a0000000, 0x00000000a3480000, 0x00000000e0000000)
  object space 53760K, 46% used [0x00000000a0000000,0x00000000a185dbd8,0x00000000a3480000)
 Metaspace       used 49476K, capacity 51030K, committed 51200K, reserved 1093632K
  class space    used 6858K, capacity 7158K, committed 7168K, reserved 1048576K
}
Event: 66.659 GC heap before
{Heap before GC invocations=19 (full 2):
 PSYoungGen      total 104448K, used 103958K [0x00000000e0000000, 0x00000000e7080000, 0x0000000100000000)
  eden space 95744K, 100% used [0x00000000e0000000,0x00000000e5d80000,0x00000000e5d80000)
  from space 8704K, 94% used [0x00000000e6800000,0x00000000e7005a50,0x00000000e7080000)
  to   space 9728K, 0% used [0x00000000e5d80000,0x00000000e5d80000,0x00000000e6700000)
 ParOldGen       total 53760K, used 24950K [0x00000000a0000000, 0x00000000a3480000, 0x00000000e0000000)
  object space 53760K, 46% used [0x00000000a0000000,0x00000000a185dbd8,0x00000000a3480000)
 Metaspace       used 53694K, capacity 55374K, committed 55424K, reserved 1097728K
  class space    used 7450K, capacity 7800K, committed 7808K, reserved 1048576K
Event: 66.680 GC heap after
Heap after GC invocations=19 (full 2):
 PSYoungGen      total 105472K, used 9696K [0x00000000e0000000, 0x00000000e9280000, 0x0000000100000000)
  eden space 95744K, 0% used [0x00000000e0000000,0x00000000e0000000,0x00000000e5d80000)
  from space 9728K, 99% used [0x00000000e5d80000,0x00000000e66f8010,0x00000000e6700000)
  to   space 13824K, 0% used [0x00000000e8500000,0x00000000e8500000,0x00000000e9280000)
 ParOldGen       total 53760K, used 32908K [0x00000000a0000000, 0x00000000a3480000, 0x00000000e0000000)
  object space 53760K, 61% used [0x00000000a0000000,0x00000000a20233d8,0x00000000a3480000)
 Metaspace       used 53694K, capacity 55374K, committed 55424K, reserved 1097728K
  class space    used 7450K, capacity 7800K, committed 7808K, reserved 1048576K
}

