# JRE version: Java(TM) SE Runtime Environment (8.0_121-b13) (build 1.8.0_121-b13)
# Java VM: Java HotSpot(TM) 64-Bit Server VM (25.121-b13 mixed mode linux-amd64 compressed oops)
Heap:
 PSYoungGen      total 105984K, used 13885K [0x00000000e0000000, 0x00000000e8180000, 0x0000000100000000)
  eden space 100864K, 8% used [0x00000000e0000000,0x00000000e0892570,0x00000000e6280000)
  from space 5120K, 99% used [0x00000000e7c00000,0x00000000e80fd020,0x00000000e8100000)
  to   space 512K, 0% used [0x00000000e8100000,0x00000000e8100000,0x00000000e8180000)
 ParOldGen       total 73216K, used 16845K [0x00000000a0000000, 0x00000000a4780000, 0x00000000e0000000)
  object space 73216K, 23% used [0x00000000a0000000,0x00000000a10735a8,0x00000000a4780000)
 Metaspace       used 31992K, capacity 32590K, committed 32768K, reserved 1077248K
  class space    used 4424K, capacity 4579K, committed 4608K, reserved 1048576K
GC Heap History (10 events):
Event: 0.967 GC heap before
{Heap before GC invocations=2 (full 0):
 PSYoungGen      total 36864K, used 35738K [0x00000000e0000000, 0x00000000e4800000, 0x0000000100000000)
  eden space 31744K, 100% used [0x00000000e0000000,0x00000000e1f00000,0x00000000e1f00000)
  from space 5120K, 78% used [0x00000000e1f00000,0x00000000e22e6838,0x00000000e2400000)
  to   space 5120K, 0% used [0x00000000e4300000,0x00000000e4300000,0x00000000e4800000)
 ParOldGen       total 84992K, used 8K [0x00000000a0000000, 0x00000000a5300000, 0x00000000e0000000)
  object space 84992K, 0% used [0x00000000a0000000,0x00000000a0002000,0x00000000a5300000)
 Metaspace       used 12632K, capacity 13016K, committed 13184K, reserved 1060864K
  class space    used 1732K, capacity 1865K, committed 1920K, reserved 1048576K
Event: 0.976 GC heap after
Heap after GC invocations=2 (full 0):
 PSYoungGen      total 68608K, used 5097K [0x00000000e0000000, 0x00000000e4800000, 0x0000000100000000)
  eden space 63488K, 0% used [0x00000000e0000000,0x00000000e0000000,0x00000000e3e00000)
  from space 5120K, 99% used [0x00000000e4300000,0x00000000e47fa440,0x00000000e4800000)
  to   space 5120K, 0% used [0x00000000e3e00000,0x00000000e3e00000,0x00000000e4300000)
 ParOldGen       total 84992K, used 700K [0x00000000a0000000, 0x00000000a5300000, 0x00000000e0000000)
  object space 84992K, 0% used [0x00000000a0000000,0x00000000a00af0a0,0x00000000a5300000)
 Metaspace       used 12632K, capacity 13016K, committed 13184K, reserved 1060864K
  class space    used 1732K, capacity 1865K, committed 1920K, reserved 1048576K
}
Event: 2.061 GC heap before
{Heap before GC invocations=3 (full 0):
 PSYoungGen      total 68608K, used 63290K [0x00000000e0000000, 0x00000000e4800000, 0x0000000100000000)
  eden space 63488K, 91% used [0x00000000e0000000,0x00000000e38d4428,0x00000000e3e00000)
  from space 5120K, 99% used [0x00000000e4300000,0x00000000e47fa440,0x00000000e4800000)
  to   space 5120K, 0% used [0x00000000e3e00000,0x00000000e3e00000,0x00000000e4300000)
 ParOldGen       total 84992K, used 700K [0x00000000a0000000, 0x00000000a5300000, 0x00000000e0000000)
  object space 84992K, 0% used [0x00000000a0000000,0x00000000a00af0a0,0x00000000a5300000)
 Metaspace       used 20806K, capacity 21108K, committed 21296K, reserved 1067008K
  class space    used 2814K, capacity 2933K, committed 2944K, reserved 1048576K
Event: 2.074 GC heap after
Heap after GC invocations=3 (full 0):
 PSYoungGen      total 68608K, used 5120K [0x00000000e0000000, 0x00000000e8600000, 0x0000000100000000)
  eden space 63488K, 0% used [0x00000000e0000000,0x00000000e0000000,0x00000000e3e00000)
  from space 5120K, 100% used [0x00000000e3e00000,0x00000000e4300000,0x00000000e4300000)
  to   space 5120K, 0% used [0x00000000e8100000,0x00000000e8100000,0x00000000e8600000)
 ParOldGen       total 84992K, used 7393K [0x00000000a0000000, 0x00000000a5300000, 0x00000000e0000000)
  object space 84992K, 8% used [0x00000000a0000000,0x00000000a07384a0,0x00000000a5300000)
 Metaspace       used 20806K, capacity 21108K, committed 21296K, reserved 1067008K
  class space    used 2814K, capacity 2933K, committed 2944K, reserved 1048576K
}
Event: 2.074 GC heap before
{Heap before GC invocations=4 (full 1):
 PSYoungGen      total 68608K, used 5120K [0x00000000e0000000, 0x00000000e8600000, 0x0000000100000000)
  eden space 63488K, 0% used [0x00000000e0000000,0x00000000e0000000,0x00000000e3e00000)
  from space 5120K, 100% used [0x00000000e3e00000,0x00000000e4300000,0x00000000e4300000)
  to   space 5120K, 0% used [0x00000000e8100000,0x00000000e8100000,0x00000000e8600000)
 ParOldGen       total 84992K, used 7393K [0x00000000a0000000, 0x00000000a5300000, 0x00000000e0000000)
  object space 84992K, 8% used [0x00000000a0000000,0x00000000a07384a0,0x00000000a5300000)
 Metaspace       used 20806K, capacity 21108K, committed 21296K, reserved 1067008K
  class space    used 2814K, capacity 2933K, committed 2944K, reserved 1048576K
Event: 2.146 GC heap after
Heap after GC invocations=4 (full 1):
 PSYoungGen      total 68608K, used 0K [0x00000000e0000000, 0x00000000e8600000, 0x0000000100000000)
  eden space 63488K, 0% used [0x00000000e0000000,0x00000000e0000000,0x00000000e3e00000)
  from space 5120K, 0% used [0x00000000e3e00000,0x00000000e3e00000,0x00000000e4300000)
  to   space 5120K, 0% used [0x00000000e8100000,0x00000000e8100000,0x00000000e8600000)
 ParOldGen       total 73216K, used 11469K [0x00000000a0000000, 0x00000000a4780000, 0x00000000e0000000)
  object space 73216K, 15% used [0x00000000a0000000,0x00000000a0b334f0,0x00000000a4780000)
 Metaspace       used 20806K, capacity 21108K, committed 21296K, reserved 1067008K
  class space    used 2814K, capacity 2933K, committed 2944K, reserved 1048576K
}
Event: 3.109 GC heap before
{Heap before GC invocations=5 (full 1):
 PSYoungGen      total 68608K, used 63488K [0x00000000e0000000, 0x00000000e8600000, 0x0000000100000000)
  eden space 63488K, 100% used [0x00000000e0000000,0x00000000e3e00000,0x00000000e3e00000)
  from space 5120K, 0% used [0x00000000e3e00000,0x00000000e3e00000,0x00000000e4300000)
  to   space 5120K, 0% used [0x00000000e8100000,0x00000000e8100000,0x00000000e8600000)
 ParOldGen       total 73216K, used 11469K [0x00000000a0000000, 0x00000000a4780000, 0x00000000e0000000)
  object space 73216K, 15% used [0x00000000a0000000,0x00000000a0b334f0,0x00000000a4780000)
 Metaspace       used 25719K, capacity 26138K, committed 26368K, reserved 1071104K
  class space    used 3654K, capacity 3768K, committed 3840K, reserved 1048576K
Event: 3.118 GC heap after
Heap after GC invocations=5 (full 1):
 PSYoungGen      total 86016K, used 5105K [0x00000000e0000000, 0x00000000e8600000, 0x0000000100000000)
  eden space 80896K, 0% used [0x00000000e0000000,0x00000000e0000000,0x00000000e4f00000)
  from space 5120K, 99% used [0x00000000e8100000,0x00000000e85fc430,0x00000000e8600000)
  to   space 5120K, 0% used [0x00000000e7c00000,0x00000000e7c00000,0x00000000e8100000)
 ParOldGen       total 73216K, used 13929K [0x00000000a0000000, 0x00000000a4780000, 0x00000000e0000000)
  object space 73216K, 19% used [0x00000000a0000000,0x00000000a0d9a6c0,0x00000000a4780000)
 Metaspace       used 25719K, capacity 26138K, committed 26368K, reserved 1071104K
  class space    used 3654K, capacity 3768K, committed 3840K, reserved 1048576K
}
Event: 4.714 GC heap before
{Heap before GC invocations=6 (full 1):
 PSYoungGen      total 86016K, used 86001K [0x00000000e0000000, 0x00000000e8600000, 0x0000000100000000)
  eden space 80896K, 100% used [0x00000000e0000000,0x00000000e4f00000,0x00000000e4f00000)
  from space 5120K, 99% used [0x00000000e8100000,0x00000000e85fc430,0x00000000e8600000)
  to   space 5120K, 0% used [0x00000000e7c00000,0x00000000e7c00000,0x00000000e8100000)
 ParOldGen       total 73216K, used 13929K [0x00000000a0000000, 0x00000000a4780000, 0x00000000e0000000)
  object space 73216K, 19% used [0x00000000a0000000,0x00000000a0d9a6c0,0x00000000a4780000)
 Metaspace       used 30586K, capacity 31154K, committed 31616K, reserved 1077248K
  class space    used 4235K, capacity 4375K, committed 4480K, reserved 1048576K
Event: 4.725 GC heap after
Heap after GC invocations=6 (full 1):
 PSYoungGen      total 105984K, used 5108K [0x00000000e0000000, 0x00000000e8180000, 0x0000000100000000)
  eden space 100864K, 0% used [0x00000000e0000000,0x00000000e0000000,0x00000000e6280000)
  from space 5120K, 99% used [0x00000000e7c00000,0x00000000e80fd020,0x00000000e8100000)
  to   space 512K, 0% used [0x00000000e8100000,0x00000000e8100000,0x00000000e8180000)
 ParOldGen       total 73216K, used 16845K [0x00000000a0000000, 0x00000000a4780000, 0x00000000e0000000)
  object space 73216K, 23% used [0x00000000a0000000,0x00000000a10735a8,0x00000000a4780000)
 Metaspace       used 30586K, capacity 31154K, committed 31616K, reserved 1077248K
  class space    used 4235K, capacity 4375K, committed 4480K, reserved 1048576K
}

