# JRE version: Java(TM) SE Runtime Environment (8.0_121-b13) (build 1.8.0_121-b13)
# Java VM: Java HotSpot(TM) 64-Bit Server VM (25.121-b13 mixed mode linux-amd64 compressed oops)
Heap:
 PSYoungGen      total 39936K, used 26001K [0x00000000e0000000, 0x00000000e3100000, 0x0000000100000000)
  eden space 30720K, 68% used [0x00000000e0000000,0x00000000e146d2b0,0x00000000e1e00000)
  from space 9216K, 55% used [0x00000000e2800000,0x00000000e2cf7218,0x00000000e3100000)
  to   space 9728K, 0% used [0x00000000e1e00000,0x00000000e1e00000,0x00000000e2780000)
 ParOldGen       total 44032K, used 8072K [0x00000000a0000000, 0x00000000a2b00000, 0x00000000e0000000)
  object space 44032K, 18% used [0x00000000a0000000,0x00000000a07e23c8,0x00000000a2b00000)
 Metaspace       used 28239K, capacity 28670K, committed 29056K, reserved 1075200K
  class space    used 3997K, capacity 4120K, committed 4224K, reserved 1048576K
GC Heap History (10 events):
Event: 24.825 GC heap before
{Heap before GC invocations=3 (full 0):
 PSYoungGen      total 36864K, used 36854K [0x00000000e0000000, 0x00000000e2900000, 0x0000000100000000)
  eden space 31744K, 100% used [0x00000000e0000000,0x00000000e1f00000,0x00000000e1f00000)
  from space 5120K, 99% used [0x00000000e2400000,0x00000000e28fd8d0,0x00000000e2900000)
  to   space 5120K, 0% used [0x00000000e1f00000,0x00000000e1f00000,0x00000000e2400000)
 ParOldGen       total 84992K, used 766K [0x00000000a0000000, 0x00000000a5300000, 0x00000000e0000000)
  object space 84992K, 0% used [0x00000000a0000000,0x00000000a00bf8d0,0x00000000a5300000)
 Metaspace       used 16194K, capacity 16564K, committed 16896K, reserved 1062912K
  class space    used 2315K, capacity 2445K, committed 2560K, reserved 1048576K
Event: 24.837 GC heap after
Heap after GC invocations=3 (full 0):
 PSYoungGen      total 36864K, used 5097K [0x00000000e0000000, 0x00000000e2900000, 0x0000000100000000)
  eden space 31744K, 0% used [0x00000000e0000000,0x00000000e0000000,0x00000000e1f00000)
  from space 5120K, 99% used [0x00000000e1f00000,0x00000000e23fa640,0x00000000e2400000)
  to   space 5120K, 0% used [0x00000000e2400000,0x00000000e2400000,0x00000000e2900000)
 ParOldGen       total 84992K, used 3285K [0x00000000a0000000, 0x00000000a5300000, 0x00000000e0000000)
  object space 84992K, 3% used [0x00000000a0000000,0x00000000a0335538,0x00000000a5300000)
 Metaspace       used 16194K, capacity 16564K, committed 16896K, reserved 1062912K
  class space    used 2315K, capacity 2445K, committed 2560K, reserved 1048576K
}
Event: 28.762 GC heap before
{Heap before GC invocations=4 (full 0):
 PSYoungGen      total 36864K, used 27626K [0x00000000e0000000, 0x00000000e2900000, 0x0000000100000000)
  eden space 31744K, 70% used [0x00000000e0000000,0x00000000e1600370,0x00000000e1f00000)
  from space 5120K, 99% used [0x00000000e1f00000,0x00000000e23fa640,0x00000000e2400000)
  to   space 5120K, 0% used [0x00000000e2400000,0x00000000e2400000,0x00000000e2900000)
 ParOldGen       total 84992K, used 3285K [0x00000000a0000000, 0x00000000a5300000, 0x00000000e0000000)
  object space 84992K, 3% used [0x00000000a0000000,0x00000000a0335538,0x00000000a5300000)
 Metaspace       used 20812K, capacity 21152K, committed 21296K, reserved 1067008K
  class space    used 2814K, capacity 2929K, committed 2944K, reserved 1048576K
Event: 28.773 GC heap after
Heap after GC invocations=4 (full 0):
 PSYoungGen      total 36864K, used 5104K [0x00000000e0000000, 0x00000000e2900000, 0x0000000100000000)
  eden space 31744K, 0% used [0x00000000e0000000,0x00000000e0000000,0x00000000e1f00000)
  from space 5120K, 99% used [0x00000000e2400000,0x00000000e28fc040,0x00000000e2900000)
  to   space 5120K, 0% used [0x00000000e1f00000,0x00000000e1f00000,0x00000000e2400000)
 ParOldGen       total 84992K, used 6403K [0x00000000a0000000, 0x00000000a5300000, 0x00000000e0000000)
  object space 84992K, 7% used [0x00000000a0000000,0x00000000a0640f08,0x00000000a5300000)
 Metaspace       used 20812K, capacity 21152K, committed 21296K, reserved 1067008K
  class space    used 2814K, capacity 2929K, committed 2944K, reserved 1048576K
}
Event: 28.773 GC heap before
{Heap before GC invocations=5 (full 1):
 PSYoungGen      total 36864K, used 5104K [0x00000000e0000000, 0x00000000e2900000, 0x0000000100000000)
  eden space 31744K, 0% used [0x00000000e0000000,0x00000000e0000000,0x00000000e1f00000)
  from space 5120K, 99% used [0x00000000e2400000,0x00000000e28fc040,0x00000000e2900000)
  to   space 5120K, 0% used [0x00000000e1f00000,0x00000000e1f00000,0x00000000e2400000)
 ParOldGen       total 84992K, used 6403K [0x00000000a0000000, 0x00000000a5300000, 0x00000000e0000000)
  object space 84992K, 7% used [0x00000000a0000000,0x00000000a0640f08,0x00000000a5300000)
 Metaspace       used 20812K, capacity 21152K, committed 21296K, reserved 1067008K
  class space    used 2814K, capacity 2929K, committed 2944K, reserved 1048576K
Event: 28.820 GC heap after
Heap after GC invocations=5 (full 1):
 PSYoungGen      total 36864K, used 0K [0x00000000e0000000, 0x00000000e2900000, 0x0000000100000000)
  eden space 31744K, 0% used [0x00000000e0000000,0x00000000e0000000,0x00000000e1f00000)
  from space 5120K, 0% used [0x00000000e2400000,0x00000000e2400000,0x00000000e2900000)
  to   space 5120K, 0% used [0x00000000e1f00000,0x00000000e1f00000,0x00000000e2400000)
 ParOldGen       total 44032K, used 8064K [0x00000000a0000000, 0x00000000a2b00000, 0x00000000e0000000)
  object space 44032K, 18% used [0x00000000a0000000,0x00000000a07e03c8,0x00000000a2b00000)
 Metaspace       used 20812K, capacity 21152K, committed 21296K, reserved 1067008K
  class space    used 2814K, capacity 2929K, committed 2944K, reserved 1048576K
}
Event: 30.415 GC heap before
{Heap before GC invocations=6 (full 1):
 PSYoungGen      total 36864K, used 31744K [0x00000000e0000000, 0x00000000e2900000, 0x0000000100000000)
  eden space 31744K, 100% used [0x00000000e0000000,0x00000000e1f00000,0x00000000e1f00000)
  from space 5120K, 0% used [0x00000000e2400000,0x00000000e2400000,0x00000000e2900000)
  to   space 5120K, 0% used [0x00000000e1f00000,0x00000000e1f00000,0x00000000e2400000)
 ParOldGen       total 44032K, used 8064K [0x00000000a0000000, 0x00000000a2b00000, 0x00000000e0000000)
  object space 44032K, 18% used [0x00000000a0000000,0x00000000a07e03c8,0x00000000a2b00000)
 Metaspace       used 23528K, capacity 23912K, committed 24192K, reserved 1071104K
  class space    used 3273K, capacity 3369K, committed 3456K, reserved 1048576K
Event: 30.422 GC heap after
Heap after GC invocations=6 (full 1):
 PSYoungGen      total 36352K, used 4490K [0x00000000e0000000, 0x00000000e3180000, 0x0000000100000000)
  eden space 31232K, 0% used [0x00000000e0000000,0x00000000e0000000,0x00000000e1e80000)
  from space 5120K, 87% used [0x00000000e1f00000,0x00000000e2362980,0x00000000e2400000)
  to   space 9728K, 0% used [0x00000000e2800000,0x00000000e2800000,0x00000000e3180000)
 ParOldGen       total 44032K, used 8064K [0x00000000a0000000, 0x00000000a2b00000, 0x00000000e0000000)
  object space 44032K, 18% used [0x00000000a0000000,0x00000000a07e03c8,0x00000000a2b00000)
 Metaspace       used 23528K, capacity 23912K, committed 24192K, reserved 1071104K
  class space    used 3273K, capacity 3369K, committed 3456K, reserved 1048576K
}
Event: 32.483 GC heap before
{Heap before GC invocations=7 (full 1):
 PSYoungGen      total 36352K, used 35722K [0x00000000e0000000, 0x00000000e3180000, 0x0000000100000000)
  eden space 31232K, 100% used [0x00000000e0000000,0x00000000e1e80000,0x00000000e1e80000)
  from space 5120K, 87% used [0x00000000e1f00000,0x00000000e2362980,0x00000000e2400000)
  to   space 9728K, 0% used [0x00000000e2800000,0x00000000e2800000,0x00000000e3180000)
 ParOldGen       total 44032K, used 8064K [0x00000000a0000000, 0x00000000a2b00000, 0x00000000e0000000)
  object space 44032K, 18% used [0x00000000a0000000,0x00000000a07e03c8,0x00000000a2b00000)
 Metaspace       used 25708K, capacity 26174K, committed 26368K, reserved 1071104K
  class space    used 3654K, capacity 3800K, committed 3840K, reserved 1048576K
Event: 32.489 GC heap after
Heap after GC invocations=7 (full 1):
 PSYoungGen      total 39936K, used 5084K [0x00000000e0000000, 0x00000000e3100000, 0x0000000100000000)
  eden space 30720K, 0% used [0x00000000e0000000,0x00000000e0000000,0x00000000e1e00000)
  from space 9216K, 55% used [0x00000000e2800000,0x00000000e2cf7218,0x00000000e3100000)
  to   space 9728K, 0% used [0x00000000e1e00000,0x00000000e1e00000,0x00000000e2780000)
 ParOldGen       total 44032K, used 8072K [0x00000000a0000000, 0x00000000a2b00000, 0x00000000e0000000)
  object space 44032K, 18% used [0x00000000a0000000,0x00000000a07e23c8,0x00000000a2b00000)
 Metaspace       used 25708K, capacity 26174K, committed 26368K, reserved 1071104K
  class space    used 3654K, capacity 3800K, committed 3840K, reserved 1048576K
}

