# JRE version: Java(TM) SE Runtime Environment (8.0_121-b13) (build 1.8.0_121-b13)
# Java VM: Java HotSpot(TM) 64-Bit Server VM (25.121-b13 mixed mode linux-amd64 compressed oops)
Heap:
 PSYoungGen      total 97792K, used 24595K [0x00000000e0000000, 0x00000000e8c00000, 0x0000000100000000)
  eden space 87040K, 15% used [0x00000000e0000000,0x00000000e0d84e90,0x00000000e5500000)
  from space 10752K, 100% used [0x00000000e5500000,0x00000000e5f80000,0x00000000e5f80000)
  to   space 14336K, 0% used [0x00000000e7e00000,0x00000000e7e00000,0x00000000e8c00000)
 ParOldGen       total 50688K, used 32747K [0x00000000a0000000, 0x00000000a3180000, 0x00000000e0000000)
  object space 50688K, 64% used [0x00000000a0000000,0x00000000a1ffaed0,0x00000000a3180000)
 Metaspace       used 52845K, capacity 55048K, committed 55256K, reserved 1097728K
  class space    used 7428K, capacity 7917K, committed 7936K, reserved 1048576K
GC Heap History (10 events):
Event: 53.661 GC heap before
{Heap before GC invocations=15 (full 2):
 PSYoungGen      total 52224K, used 46350K [0x00000000e0000000, 0x00000000e3e80000, 0x0000000100000000)
  eden space 40960K, 100% used [0x00000000e0000000,0x00000000e2800000,0x00000000e2800000)
  from space 11264K, 47% used [0x00000000e3300000,0x00000000e3843968,0x00000000e3e00000)
  to   space 11264K, 0% used [0x00000000e2800000,0x00000000e2800000,0x00000000e3300000)
 ParOldGen       total 50688K, used 15637K [0x00000000a0000000, 0x00000000a3180000, 0x00000000e0000000)
  object space 50688K, 30% used [0x00000000a0000000,0x00000000a0f455c8,0x00000000a3180000)
 Metaspace       used 42691K, capacity 43606K, committed 43736K, reserved 1087488K
  class space    used 5899K, capacity 6137K, committed 6144K, reserved 1048576K
Event: 53.681 GC heap after
Heap after GC invocations=15 (full 2):
 PSYoungGen      total 52224K, used 8605K [0x00000000e0000000, 0x00000000e5100000, 0x0000000100000000)
  eden space 40960K, 0% used [0x00000000e0000000,0x00000000e0000000,0x00000000e2800000)
  from space 11264K, 76% used [0x00000000e2800000,0x00000000e3067638,0x00000000e3300000)
  to   space 11776K, 0% used [0x00000000e4580000,0x00000000e4580000,0x00000000e5100000)
 ParOldGen       total 50688K, used 15645K [0x00000000a0000000, 0x00000000a3180000, 0x00000000e0000000)
  object space 50688K, 30% used [0x00000000a0000000,0x00000000a0f475c8,0x00000000a3180000)
 Metaspace       used 42691K, capacity 43606K, committed 43736K, reserved 1087488K
  class space    used 5899K, capacity 6137K, committed 6144K, reserved 1048576K
}
Event: 54.051 GC heap before
{Heap before GC invocations=16 (full 2):
 PSYoungGen      total 52224K, used 49565K [0x00000000e0000000, 0x00000000e5100000, 0x0000000100000000)
  eden space 40960K, 100% used [0x00000000e0000000,0x00000000e2800000,0x00000000e2800000)
  from space 11264K, 76% used [0x00000000e2800000,0x00000000e3067638,0x00000000e3300000)
  to   space 11776K, 0% used [0x00000000e4580000,0x00000000e4580000,0x00000000e5100000)
 ParOldGen       total 50688K, used 15645K [0x00000000a0000000, 0x00000000a3180000, 0x00000000e0000000)
  object space 50688K, 30% used [0x00000000a0000000,0x00000000a0f475c8,0x00000000a3180000)
 Metaspace       used 43095K, capacity 44122K, committed 44376K, reserved 1087488K
  class space    used 5932K, capacity 6191K, committed 6272K, reserved 1048576K
Event: 54.062 GC heap after
Heap after GC invocations=16 (full 2):
 PSYoungGen      total 71168K, used 8214K [0x00000000e0000000, 0x00000000e5300000, 0x0000000100000000)
  eden space 59392K, 0% used [0x00000000e0000000,0x00000000e0000000,0x00000000e3a00000)
  from space 11776K, 69% used [0x00000000e4580000,0x00000000e4d85918,0x00000000e5100000)
  to   space 11776K, 0% used [0x00000000e3a00000,0x00000000e3a00000,0x00000000e4580000)
 ParOldGen       total 50688K, used 16861K [0x00000000a0000000, 0x00000000a3180000, 0x00000000e0000000)
  object space 50688K, 33% used [0x00000000a0000000,0x00000000a10775c8,0x00000000a3180000)
 Metaspace       used 43095K, capacity 44122K, committed 44376K, reserved 1087488K
  class space    used 5932K, capacity 6191K, committed 6272K, reserved 1048576K
}
Event: 60.580 GC heap before
{Heap before GC invocations=17 (full 2):
 PSYoungGen      total 71168K, used 67606K [0x00000000e0000000, 0x00000000e5300000, 0x0000000100000000)
  eden space 59392K, 100% used [0x00000000e0000000,0x00000000e3a00000,0x00000000e3a00000)
  from space 11776K, 69% used [0x00000000e4580000,0x00000000e4d85918,0x00000000e5100000)
  to   space 11776K, 0% used [0x00000000e3a00000,0x00000000e3a00000,0x00000000e4580000)
 ParOldGen       total 50688K, used 16861K [0x00000000a0000000, 0x00000000a3180000, 0x00000000e0000000)
  object space 50688K, 33% used [0x00000000a0000000,0x00000000a10775c8,0x00000000a3180000)
 Metaspace       used 46394K, capacity 47734K, committed 47960K, reserved 1091584K
  class space    used 6446K, capacity 6769K, committed 6784K, reserved 1048576K
Event: 60.618 GC heap after
Heap after GC invocations=17 (full 2):
 PSYoungGen      total 71168K, used 6717K [0x00000000e0000000, 0x00000000e6c80000, 0x0000000100000000)
  eden space 59392K, 0% used [0x00000000e0000000,0x00000000e0000000,0x00000000e3a00000)
  from space 11776K, 57% used [0x00000000e3a00000,0x00000000e408f430,0x00000000e4580000)
  to   space 11264K, 0% used [0x00000000e6180000,0x00000000e6180000,0x00000000e6c80000)
 ParOldGen       total 50688K, used 22861K [0x00000000a0000000, 0x00000000a3180000, 0x00000000e0000000)
  object space 50688K, 45% used [0x00000000a0000000,0x00000000a1653540,0x00000000a3180000)
 Metaspace       used 46394K, capacity 47734K, committed 47960K, reserved 1091584K
  class space    used 6446K, capacity 6769K, committed 6784K, reserved 1048576K
}
Event: 65.387 GC heap before
{Heap before GC invocations=18 (full 2):
 PSYoungGen      total 71168K, used 66109K [0x00000000e0000000, 0x00000000e6c80000, 0x0000000100000000)
  eden space 59392K, 100% used [0x00000000e0000000,0x00000000e3a00000,0x00000000e3a00000)
  from space 11776K, 57% used [0x00000000e3a00000,0x00000000e408f430,0x00000000e4580000)
  to   space 11264K, 0% used [0x00000000e6180000,0x00000000e6180000,0x00000000e6c80000)
 ParOldGen       total 50688K, used 22861K [0x00000000a0000000, 0x00000000a3180000, 0x00000000e0000000)
  object space 50688K, 45% used [0x00000000a0000000,0x00000000a1653540,0x00000000a3180000)
 Metaspace       used 49433K, capacity 50988K, committed 51032K, reserved 1093632K
  class space    used 6913K, capacity 7257K, committed 7296K, reserved 1048576K
Event: 65.401 GC heap after
Heap after GC invocations=18 (full 2):
 PSYoungGen      total 95744K, used 6427K [0x00000000e0000000, 0x00000000e6a00000, 0x0000000100000000)
  eden space 87040K, 0% used [0x00000000e0000000,0x00000000e0000000,0x00000000e5500000)
  from space 8704K, 73% used [0x00000000e6180000,0x00000000e67c6f20,0x00000000e6a00000)
  to   space 10752K, 0% used [0x00000000e5500000,0x00000000e5500000,0x00000000e5f80000)
 ParOldGen       total 50688K, used 26983K [0x00000000a0000000, 0x00000000a3180000, 0x00000000e0000000)
  object space 50688K, 53% used [0x00000000a0000000,0x00000000a1a59f38,0x00000000a3180000)
 Metaspace       used 49433K, capacity 50988K, committed 51032K, reserved 1093632K
  class space    used 6913K, capacity 7257K, committed 7296K, reserved 1048576K
}
Event: 67.521 GC heap before
{Heap before GC invocations=19 (full 2):
 PSYoungGen      total 95744K, used 93467K [0x00000000e0000000, 0x00000000e6a00000, 0x0000000100000000)
  eden space 87040K, 100% used [0x00000000e0000000,0x00000000e5500000,0x00000000e5500000)
  from space 8704K, 73% used [0x00000000e6180000,0x00000000e67c6f20,0x00000000e6a00000)
  to   space 10752K, 0% used [0x00000000e5500000,0x00000000e5500000,0x00000000e5f80000)
 ParOldGen       total 50688K, used 26983K [0x00000000a0000000, 0x00000000a3180000, 0x00000000e0000000)
  object space 50688K, 53% used [0x00000000a0000000,0x00000000a1a59f38,0x00000000a3180000)
 Metaspace       used 50830K, capacity 52844K, committed 53080K, reserved 1095680K
  class space    used 7217K, capacity 7706K, committed 7808K, reserved 1048576K
Event: 67.550 GC heap after
Heap after GC invocations=19 (full 2):
 PSYoungGen      total 97792K, used 10752K [0x00000000e0000000, 0x00000000e8c00000, 0x0000000100000000)
  eden space 87040K, 0% used [0x00000000e0000000,0x00000000e0000000,0x00000000e5500000)
  from space 10752K, 100% used [0x00000000e5500000,0x00000000e5f80000,0x00000000e5f80000)
  to   space 14336K, 0% used [0x00000000e7e00000,0x00000000e7e00000,0x00000000e8c00000)
 ParOldGen       total 50688K, used 32747K [0x00000000a0000000, 0x00000000a3180000, 0x00000000e0000000)
  object space 50688K, 64% used [0x00000000a0000000,0x00000000a1ffaed0,0x00000000a3180000)
 Metaspace       used 50830K, capacity 52844K, committed 53080K, reserved 1095680K
  class space    used 7217K, capacity 7706K, committed 7808K, reserved 1048576K
}

