# JRE version: Java(TM) SE Runtime Environment (8.0_121-b13) (build 1.8.0_121-b13)
# Java VM: Java HotSpot(TM) 64-Bit Server VM (25.121-b13 mixed mode linux-amd64 compressed oops)
Heap:
 PSYoungGen      total 219648K, used 20574K [0x00000000e0000000, 0x00000000efc00000, 0x0000000100000000)
  eden space 190464K, 1% used [0x00000000e0000000,0x00000000e0260488,0x00000000eba00000)
  from space 29184K, 62% used [0x00000000edf80000,0x00000000ef137678,0x00000000efc00000)
  to   space 33792K, 0% used [0x00000000eba00000,0x00000000eba00000,0x00000000edb00000)
 ParOldGen       total 179200K, used 55708K [0x00000000a0000000, 0x00000000aaf00000, 0x00000000e0000000)
  object space 179200K, 31% used [0x00000000a0000000,0x00000000a3667098,0x00000000aaf00000)
 Metaspace       used 61771K, capacity 63712K, committed 63960K, reserved 1103872K
  class space    used 8212K, capacity 8637K, committed 8704K, reserved 1048576K
GC Heap History (10 events):
Event: 12.424 GC heap before
{Heap before GC invocations=13 (full 2):
 PSYoungGen      total 143872K, used 143859K [0x00000000e0000000, 0x00000000eaf00000, 0x0000000100000000)
  eden space 128512K, 100% used [0x00000000e0000000,0x00000000e7d80000,0x00000000e7d80000)
  from space 15360K, 99% used [0x00000000e9280000,0x00000000ea17ccd0,0x00000000ea180000)
  to   space 21504K, 0% used [0x00000000e7d80000,0x00000000e7d80000,0x00000000e9280000)
 ParOldGen       total 106496K, used 32792K [0x00000000a0000000, 0x00000000a6800000, 0x00000000e0000000)
  object space 106496K, 30% used [0x00000000a0000000,0x00000000a2006058,0x00000000a6800000)
 Metaspace       used 53045K, capacity 54590K, committed 54784K, reserved 1095680K
  class space    used 7231K, capacity 7558K, committed 7680K, reserved 1048576K
Event: 12.459 GC heap after
Heap after GC invocations=13 (full 2):
 PSYoungGen      total 150016K, used 21475K [0x00000000e0000000, 0x00000000ec980000, 0x0000000100000000)
  eden space 128512K, 0% used [0x00000000e0000000,0x00000000e0000000,0x00000000e7d80000)
  from space 21504K, 99% used [0x00000000e7d80000,0x00000000e9278f30,0x00000000e9280000)
  to   space 25088K, 0% used [0x00000000eb100000,0x00000000eb100000,0x00000000ec980000)
 ParOldGen       total 106496K, used 34441K [0x00000000a0000000, 0x00000000a6800000, 0x00000000e0000000)
  object space 106496K, 32% used [0x00000000a0000000,0x00000000a21a2600,0x00000000a6800000)
 Metaspace       used 53045K, capacity 54590K, committed 54784K, reserved 1095680K
  class space    used 7231K, capacity 7558K, committed 7680K, reserved 1048576K
}
Event: 13.153 GC heap before
{Heap before GC invocations=14 (full 2):
 PSYoungGen      total 150016K, used 149987K [0x00000000e0000000, 0x00000000ec980000, 0x0000000100000000)
  eden space 128512K, 100% used [0x00000000e0000000,0x00000000e7d80000,0x00000000e7d80000)
  from space 21504K, 99% used [0x00000000e7d80000,0x00000000e9278f30,0x00000000e9280000)
  to   space 25088K, 0% used [0x00000000eb100000,0x00000000eb100000,0x00000000ec980000)
 ParOldGen       total 106496K, used 34441K [0x00000000a0000000, 0x00000000a6800000, 0x00000000e0000000)
  object space 106496K, 32% used [0x00000000a0000000,0x00000000a21a2600,0x00000000a6800000)
 Metaspace       used 53075K, capacity 54654K, committed 55040K, reserved 1097728K
  class space    used 7232K, capacity 7558K, committed 7680K, reserved 1048576K
Event: 13.197 GC heap after
Heap after GC invocations=14 (full 2):
 PSYoungGen      total 179712K, used 19336K [0x00000000e0000000, 0x00000000ed500000, 0x0000000100000000)
  eden space 154624K, 0% used [0x00000000e0000000,0x00000000e0000000,0x00000000e9700000)
  from space 25088K, 77% used [0x00000000eb100000,0x00000000ec3e2050,0x00000000ec980000)
  to   space 26624K, 0% used [0x00000000e9700000,0x00000000e9700000,0x00000000eb100000)
 ParOldGen       total 106496K, used 39080K [0x00000000a0000000, 0x00000000a6800000, 0x00000000e0000000)
  object space 106496K, 36% used [0x00000000a0000000,0x00000000a262a290,0x00000000a6800000)
 Metaspace       used 53075K, capacity 54654K, committed 55040K, reserved 1097728K
  class space    used 7232K, capacity 7558K, committed 7680K, reserved 1048576K
}
Event: 16.087 GC heap before
{Heap before GC invocations=15 (full 2):
 PSYoungGen      total 179712K, used 147876K [0x00000000e0000000, 0x00000000ed500000, 0x0000000100000000)
  eden space 154624K, 83% used [0x00000000e0000000,0x00000000e7d87230,0x00000000e9700000)
  from space 25088K, 77% used [0x00000000eb100000,0x00000000ec3e2050,0x00000000ec980000)
  to   space 26624K, 0% used [0x00000000e9700000,0x00000000e9700000,0x00000000eb100000)
 ParOldGen       total 106496K, used 39080K [0x00000000a0000000, 0x00000000a6800000, 0x00000000e0000000)
  object space 106496K, 36% used [0x00000000a0000000,0x00000000a262a290,0x00000000a6800000)
 Metaspace       used 57344K, capacity 58932K, committed 59096K, reserved 1099776K
  class space    used 7779K, capacity 8147K, committed 8192K, reserved 1048576K
Event: 16.121 GC heap after
Heap after GC invocations=15 (full 2):
 PSYoungGen      total 181248K, used 26599K [0x00000000e0000000, 0x00000000f0100000, 0x0000000100000000)
  eden space 154624K, 0% used [0x00000000e0000000,0x00000000e0000000,0x00000000e9700000)
  from space 26624K, 99% used [0x00000000e9700000,0x00000000eb0f9fc0,0x00000000eb100000)
  to   space 34304K, 0% used [0x00000000edf80000,0x00000000edf80000,0x00000000f0100000)
 ParOldGen       total 106496K, used 49846K [0x00000000a0000000, 0x00000000a6800000, 0x00000000e0000000)
  object space 106496K, 46% used [0x00000000a0000000,0x00000000a30adb28,0x00000000a6800000)
 Metaspace       used 57344K, capacity 58932K, committed 59096K, reserved 1099776K
  class space    used 7779K, capacity 8147K, committed 8192K, reserved 1048576K
}
Event: 16.121 GC heap before
{Heap before GC invocations=16 (full 3):
 PSYoungGen      total 181248K, used 26599K [0x00000000e0000000, 0x00000000f0100000, 0x0000000100000000)
  eden space 154624K, 0% used [0x00000000e0000000,0x00000000e0000000,0x00000000e9700000)
  from space 26624K, 99% used [0x00000000e9700000,0x00000000eb0f9fc0,0x00000000eb100000)
  to   space 34304K, 0% used [0x00000000edf80000,0x00000000edf80000,0x00000000f0100000)
 ParOldGen       total 106496K, used 49846K [0x00000000a0000000, 0x00000000a6800000, 0x00000000e0000000)
  object space 106496K, 46% used [0x00000000a0000000,0x00000000a30adb28,0x00000000a6800000)
 Metaspace       used 57344K, capacity 58932K, committed 59096K, reserved 1099776K
  class space    used 7779K, capacity 8147K, committed 8192K, reserved 1048576K
Event: 16.344 GC heap after
Heap after GC invocations=16 (full 3):
 PSYoungGen      total 181248K, used 0K [0x00000000e0000000, 0x00000000f0100000, 0x0000000100000000)
  eden space 154624K, 0% used [0x00000000e0000000,0x00000000e0000000,0x00000000e9700000)
  from space 26624K, 0% used [0x00000000e9700000,0x00000000e9700000,0x00000000eb100000)
  to   space 34304K, 0% used [0x00000000edf80000,0x00000000edf80000,0x00000000f0100000)
 ParOldGen       total 179200K, used 55700K [0x00000000a0000000, 0x00000000aaf00000, 0x00000000e0000000)
  object space 179200K, 31% used [0x00000000a0000000,0x00000000a3665098,0x00000000aaf00000)
 Metaspace       used 57344K, capacity 58932K, committed 59096K, reserved 1099776K
  class space    used 7779K, capacity 8147K, committed 8192K, reserved 1048576K
}
Event: 112.798 GC heap before
{Heap before GC invocations=17 (full 3):
 PSYoungGen      total 181248K, used 154624K [0x00000000e0000000, 0x00000000f0100000, 0x0000000100000000)
  eden space 154624K, 100% used [0x00000000e0000000,0x00000000e9700000,0x00000000e9700000)
  from space 26624K, 0% used [0x00000000e9700000,0x00000000e9700000,0x00000000eb100000)
  to   space 34304K, 0% used [0x00000000edf80000,0x00000000edf80000,0x00000000f0100000)
 ParOldGen       total 179200K, used 55700K [0x00000000a0000000, 0x00000000aaf00000, 0x00000000e0000000)
  object space 179200K, 31% used [0x00000000a0000000,0x00000000a3665098,0x00000000aaf00000)
 Metaspace       used 61738K, capacity 63610K, committed 63960K, reserved 1103872K
  class space    used 8206K, capacity 8603K, committed 8704K, reserved 1048576K
Event: 112.834 GC heap after
Heap after GC invocations=17 (full 3):
 PSYoungGen      total 219648K, used 18141K [0x00000000e0000000, 0x00000000efc00000, 0x0000000100000000)
  eden space 190464K, 0% used [0x00000000e0000000,0x00000000e0000000,0x00000000eba00000)
  from space 29184K, 62% used [0x00000000edf80000,0x00000000ef137678,0x00000000efc00000)
  to   space 33792K, 0% used [0x00000000eba00000,0x00000000eba00000,0x00000000edb00000)
 ParOldGen       total 179200K, used 55708K [0x00000000a0000000, 0x00000000aaf00000, 0x00000000e0000000)
  object space 179200K, 31% used [0x00000000a0000000,0x00000000a3667098,0x00000000aaf00000)
 Metaspace       used 61738K, capacity 63610K, committed 63960K, reserved 1103872K
  class space    used 8206K, capacity 8603K, committed 8704K, reserved 1048576K
}

