# JRE version: Java(TM) SE Runtime Environment (8.0_121-b13) (build 1.8.0_121-b13)
# Java VM: Java HotSpot(TM) 64-Bit Server VM (25.121-b13 mixed mode linux-amd64 compressed oops)
Heap:
 PSYoungGen      total 72704K, used 35414K [0x00000000e0000000, 0x00000000e5000000, 0x0000000100000000)
  eden space 64512K, 49% used [0x00000000e0000000,0x00000000e1f6d2b0,0x00000000e3f00000)
  from space 8192K, 39% used [0x00000000e4800000,0x00000000e4b287d8,0x00000000e5000000)
  to   space 8704K, 0% used [0x00000000e3f00000,0x00000000e3f00000,0x00000000e4780000)
 ParOldGen       total 54272K, used 20609K [0x00000000a0000000, 0x00000000a3500000, 0x00000000e0000000)
  object space 54272K, 37% used [0x00000000a0000000,0x00000000a1420708,0x00000000a3500000)
 Metaspace       used 44217K, capacity 45138K, committed 45184K, reserved 1087488K
  class space    used 6046K, capacity 6261K, committed 6272K, reserved 1048576K
GC Heap History (10 events):
Event: 54.325 GC heap before
{Heap before GC invocations=12 (full 1):
 PSYoungGen      total 37376K, used 17593K [0x00000000e0000000, 0x00000000e2e00000, 0x0000000100000000)
  eden space 28672K, 46% used [0x00000000e0000000,0x00000000e0d0ee38,0x00000000e1c00000)
  from space 8704K, 48% used [0x00000000e2580000,0x00000000e299f798,0x00000000e2e00000)
  to   space 9216K, 0% used [0x00000000e1c00000,0x00000000e1c00000,0x00000000e2500000)
 ParOldGen       total 45056K, used 12392K [0x00000000a0000000, 0x00000000a2c00000, 0x00000000e0000000)
  object space 45056K, 27% used [0x00000000a0000000,0x00000000a0c1a3b8,0x00000000a2c00000)
 Metaspace       used 34655K, capacity 35226K, committed 35456K, reserved 1079296K
  class space    used 4748K, capacity 4885K, committed 4992K, reserved 1048576K
Event: 54.335 GC heap after
Heap after GC invocations=12 (full 1):
 PSYoungGen      total 37888K, used 608K [0x00000000e0000000, 0x00000000e3d80000, 0x0000000100000000)
  eden space 28672K, 0% used [0x00000000e0000000,0x00000000e0000000,0x00000000e1c00000)
  from space 9216K, 6% used [0x00000000e1c00000,0x00000000e1c98000,0x00000000e2500000)
  to   space 9216K, 0% used [0x00000000e3480000,0x00000000e3480000,0x00000000e3d80000)
 ParOldGen       total 45056K, used 15209K [0x00000000a0000000, 0x00000000a2c00000, 0x00000000e0000000)
  object space 45056K, 33% used [0x00000000a0000000,0x00000000a0eda418,0x00000000a2c00000)
 Metaspace       used 34655K, capacity 35226K, committed 35456K, reserved 1079296K
  class space    used 4748K, capacity 4885K, committed 4992K, reserved 1048576K
}
Event: 54.335 GC heap before
{Heap before GC invocations=13 (full 2):
 PSYoungGen      total 37888K, used 608K [0x00000000e0000000, 0x00000000e3d80000, 0x0000000100000000)
  eden space 28672K, 0% used [0x00000000e0000000,0x00000000e0000000,0x00000000e1c00000)
  from space 9216K, 6% used [0x00000000e1c00000,0x00000000e1c98000,0x00000000e2500000)
  to   space 9216K, 0% used [0x00000000e3480000,0x00000000e3480000,0x00000000e3d80000)
 ParOldGen       total 45056K, used 15209K [0x00000000a0000000, 0x00000000a2c00000, 0x00000000e0000000)
  object space 45056K, 33% used [0x00000000a0000000,0x00000000a0eda418,0x00000000a2c00000)
 Metaspace       used 34655K, capacity 35226K, committed 35456K, reserved 1079296K
  class space    used 4748K, capacity 4885K, committed 4992K, reserved 1048576K
Event: 54.426 GC heap after
Heap after GC invocations=13 (full 2):
 PSYoungGen      total 37888K, used 0K [0x00000000e0000000, 0x00000000e3d80000, 0x0000000100000000)
  eden space 28672K, 0% used [0x00000000e0000000,0x00000000e0000000,0x00000000e1c00000)
  from space 9216K, 0% used [0x00000000e1c00000,0x00000000e1c00000,0x00000000e2500000)
  to   space 9216K, 0% used [0x00000000e3480000,0x00000000e3480000,0x00000000e3d80000)
 ParOldGen       total 54272K, used 13821K [0x00000000a0000000, 0x00000000a3500000, 0x00000000e0000000)
  object space 54272K, 25% used [0x00000000a0000000,0x00000000a0d7f548,0x00000000a3500000)
 Metaspace       used 34655K, capacity 35226K, committed 35456K, reserved 1079296K
  class space    used 4748K, capacity 4885K, committed 4992K, reserved 1048576K
}
Event: 56.414 GC heap before
{Heap before GC invocations=14 (full 2):
 PSYoungGen      total 37888K, used 28672K [0x00000000e0000000, 0x00000000e3d80000, 0x0000000100000000)
  eden space 28672K, 100% used [0x00000000e0000000,0x00000000e1c00000,0x00000000e1c00000)
  from space 9216K, 0% used [0x00000000e1c00000,0x00000000e1c00000,0x00000000e2500000)
  to   space 9216K, 0% used [0x00000000e3480000,0x00000000e3480000,0x00000000e3d80000)
 ParOldGen       total 54272K, used 13821K [0x00000000a0000000, 0x00000000a3500000, 0x00000000e0000000)
  object space 54272K, 25% used [0x00000000a0000000,0x00000000a0d7f548,0x00000000a3500000)
 Metaspace       used 37019K, capacity 37676K, committed 38016K, reserved 1081344K
  class space    used 5036K, capacity 5220K, committed 5248K, reserved 1048576K
Event: 56.423 GC heap after
Heap after GC invocations=14 (full 2):
 PSYoungGen      total 51712K, used 4072K [0x00000000e0000000, 0x00000000e3c80000, 0x0000000100000000)
  eden space 43520K, 0% used [0x00000000e0000000,0x00000000e0000000,0x00000000e2a80000)
  from space 8192K, 49% used [0x00000000e3480000,0x00000000e387a008,0x00000000e3c80000)
  to   space 9216K, 0% used [0x00000000e2a80000,0x00000000e2a80000,0x00000000e3380000)
 ParOldGen       total 54272K, used 13829K [0x00000000a0000000, 0x00000000a3500000, 0x00000000e0000000)
  object space 54272K, 25% used [0x00000000a0000000,0x00000000a0d81548,0x00000000a3500000)
 Metaspace       used 37019K, capacity 37676K, committed 38016K, reserved 1081344K
  class space    used 5036K, capacity 5220K, committed 5248K, reserved 1048576K
}
Event: 58.683 GC heap before
{Heap before GC invocations=15 (full 2):
 PSYoungGen      total 51712K, used 47592K [0x00000000e0000000, 0x00000000e3c80000, 0x0000000100000000)
  eden space 43520K, 100% used [0x00000000e0000000,0x00000000e2a80000,0x00000000e2a80000)
  from space 8192K, 49% used [0x00000000e3480000,0x00000000e387a008,0x00000000e3c80000)
  to   space 9216K, 0% used [0x00000000e2a80000,0x00000000e2a80000,0x00000000e3380000)
 ParOldGen       total 54272K, used 13829K [0x00000000a0000000, 0x00000000a3500000, 0x00000000e0000000)
  object space 54272K, 25% used [0x00000000a0000000,0x00000000a0d81548,0x00000000a3500000)
 Metaspace       used 38517K, capacity 39236K, committed 39552K, reserved 1083392K
  class space    used 5279K, capacity 5460K, committed 5504K, reserved 1048576K
Event: 58.695 GC heap after
Heap after GC invocations=15 (full 2):
 PSYoungGen      total 52736K, used 5354K [0x00000000e0000000, 0x00000000e5080000, 0x0000000100000000)
  eden space 43520K, 0% used [0x00000000e0000000,0x00000000e0000000,0x00000000e2a80000)
  from space 9216K, 58% used [0x00000000e2a80000,0x00000000e2fba958,0x00000000e3380000)
  to   space 8704K, 0% used [0x00000000e4800000,0x00000000e4800000,0x00000000e5080000)
 ParOldGen       total 54272K, used 16493K [0x00000000a0000000, 0x00000000a3500000, 0x00000000e0000000)
  object space 54272K, 30% used [0x00000000a0000000,0x00000000a101b6f8,0x00000000a3500000)
 Metaspace       used 38517K, capacity 39236K, committed 39552K, reserved 1083392K
  class space    used 5279K, capacity 5460K, committed 5504K, reserved 1048576K
}
Event: 62.248 GC heap before
{Heap before GC invocations=16 (full 2):
 PSYoungGen      total 52736K, used 48874K [0x00000000e0000000, 0x00000000e5080000, 0x0000000100000000)
  eden space 43520K, 100% used [0x00000000e0000000,0x00000000e2a80000,0x00000000e2a80000)
  from space 9216K, 58% used [0x00000000e2a80000,0x00000000e2fba958,0x00000000e3380000)
  to   space 8704K, 0% used [0x00000000e4800000,0x00000000e4800000,0x00000000e5080000)
 ParOldGen       total 54272K, used 16493K [0x00000000a0000000, 0x00000000a3500000, 0x00000000e0000000)
  object space 54272K, 30% used [0x00000000a0000000,0x00000000a101b6f8,0x00000000a3500000)
 Metaspace       used 43172K, capacity 44084K, committed 44416K, reserved 1087488K
  class space    used 5920K, capacity 6150K, committed 6272K, reserved 1048576K
Event: 62.263 GC heap after
Heap after GC invocations=16 (full 2):
 PSYoungGen      total 72704K, used 3233K [0x00000000e0000000, 0x00000000e5000000, 0x0000000100000000)
  eden space 64512K, 0% used [0x00000000e0000000,0x00000000e0000000,0x00000000e3f00000)
  from space 8192K, 39% used [0x00000000e4800000,0x00000000e4b287d8,0x00000000e5000000)
  to   space 8704K, 0% used [0x00000000e3f00000,0x00000000e3f00000,0x00000000e4780000)
 ParOldGen       total 54272K, used 20609K [0x00000000a0000000, 0x00000000a3500000, 0x00000000e0000000)
  object space 54272K, 37% used [0x00000000a0000000,0x00000000a1420708,0x00000000a3500000)
 Metaspace       used 43172K, capacity 44084K, committed 44416K, reserved 1087488K
  class space    used 5920K, capacity 6150K, committed 6272K, reserved 1048576K
}

