# JRE version: OpenJDK Runtime Environment (8.0_112-b06) (build 1.8.0_112-release-b06)
# Java VM: OpenJDK 64-Bit Server VM (25.112-b06 mixed mode linux-amd64 compressed oops)
Heap:
 PSYoungGen      total 229888K, used 7363K [0x00000000e0000000, 0x00000000f1d00000, 0x0000000100000000)
  eden space 197632K, 0% used [0x00000000e0000000,0x00000000e0000000,0x00000000ec100000)
  from space 32256K, 22% used [0x00000000ec100000,0x00000000ec830f20,0x00000000ee080000)
  to   space 31744K, 0% used [0x00000000efe00000,0x00000000efe00000,0x00000000f1d00000)
 ParOldGen       total 113664K, used 51820K [0x00000000a0000000, 0x00000000a6f00000, 0x00000000e0000000)
  object space 113664K, 45% used [0x00000000a0000000,0x00000000a329b150,0x00000000a6f00000)
 Metaspace       used 57130K, capacity 59032K, committed 59160K, reserved 1101824K
  class space    used 7406K, capacity 7783K, committed 7856K, reserved 1048576K
GC Heap History (10 events):
Event: 1062.923 GC heap after
Heap after GC invocations=17 (full 2):
 PSYoungGen      total 187904K, used 16440K [0x00000000e0000000, 0x00000000eef00000, 0x0000000100000000)
  eden space 158720K, 0% used [0x00000000e0000000,0x00000000e0000000,0x00000000e9b00000)
  from space 29184K, 56% used [0x00000000e9b00000,0x00000000eab0e3c8,0x00000000eb780000)
  to   space 28672K, 0% used [0x00000000ed300000,0x00000000ed300000,0x00000000eef00000)
 ParOldGen       total 113664K, used 51788K [0x00000000a0000000, 0x00000000a6f00000, 0x00000000e0000000)
  object space 113664K, 45% used [0x00000000a0000000,0x00000000a3293150,0x00000000a6f00000)
 Metaspace       used 55216K, capacity 56918K, committed 57008K, reserved 1099776K
  class space    used 7186K, capacity 7542K, committed 7600K, reserved 1048576K
}
Event: 1069.869 GC heap before
{Heap before GC invocations=18 (full 2):
 PSYoungGen      total 187904K, used 175160K [0x00000000e0000000, 0x00000000eef00000, 0x0000000100000000)
  eden space 158720K, 100% used [0x00000000e0000000,0x00000000e9b00000,0x00000000e9b00000)
  from space 29184K, 56% used [0x00000000e9b00000,0x00000000eab0e3c8,0x00000000eb780000)
  to   space 28672K, 0% used [0x00000000ed300000,0x00000000ed300000,0x00000000eef00000)
 ParOldGen       total 113664K, used 51788K [0x00000000a0000000, 0x00000000a6f00000, 0x00000000e0000000)
  object space 113664K, 45% used [0x00000000a0000000,0x00000000a3293150,0x00000000a6f00000)
 Metaspace       used 55419K, capacity 57214K, committed 57264K, reserved 1099776K
  class space    used 7194K, capacity 7552K, committed 7600K, reserved 1048576K
Event: 1069.895 GC heap after
Heap after GC invocations=18 (full 2):
 PSYoungGen      total 210944K, used 21525K [0x00000000e0000000, 0x00000000eee00000, 0x0000000100000000)
  eden space 183296K, 0% used [0x00000000e0000000,0x00000000e0000000,0x00000000eb300000)
  from space 27648K, 77% used [0x00000000ed300000,0x00000000ee8054b8,0x00000000eee00000)
  to   space 30208K, 0% used [0x00000000eb300000,0x00000000eb300000,0x00000000ed080000)
 ParOldGen       total 113664K, used 51796K [0x00000000a0000000, 0x00000000a6f00000, 0x00000000e0000000)
  object space 113664K, 45% used [0x00000000a0000000,0x00000000a3295150,0x00000000a6f00000)
 Metaspace       used 55419K, capacity 57214K, committed 57264K, reserved 1099776K
  class space    used 7194K, capacity 7552K, committed 7600K, reserved 1048576K
}
Event: 1071.835 GC heap before
{Heap before GC invocations=19 (full 2):
 PSYoungGen      total 210944K, used 204821K [0x00000000e0000000, 0x00000000eee00000, 0x0000000100000000)
  eden space 183296K, 100% used [0x00000000e0000000,0x00000000eb300000,0x00000000eb300000)
  from space 27648K, 77% used [0x00000000ed300000,0x00000000ee8054b8,0x00000000eee00000)
  to   space 30208K, 0% used [0x00000000eb300000,0x00000000eb300000,0x00000000ed080000)
 ParOldGen       total 113664K, used 51796K [0x00000000a0000000, 0x00000000a6f00000, 0x00000000e0000000)
  object space 113664K, 45% used [0x00000000a0000000,0x00000000a3295150,0x00000000a6f00000)
 Metaspace       used 55772K, capacity 57634K, committed 57776K, reserved 1099776K
  class space    used 7210K, capacity 7578K, committed 7600K, reserved 1048576K
Event: 1071.855 GC heap after
Heap after GC invocations=19 (full 2):
 PSYoungGen      total 213504K, used 13993K [0x00000000e0000000, 0x00000000efc80000, 0x0000000100000000)
  eden space 183296K, 0% used [0x00000000e0000000,0x00000000e0000000,0x00000000eb300000)
  from space 30208K, 46% used [0x00000000eb300000,0x00000000ec0aa4b0,0x00000000ed080000)
  to   space 28672K, 0% used [0x00000000ee080000,0x00000000ee080000,0x00000000efc80000)
 ParOldGen       total 113664K, used 51804K [0x00000000a0000000, 0x00000000a6f00000, 0x00000000e0000000)
  object space 113664K, 45% used [0x00000000a0000000,0x00000000a3297150,0x00000000a6f00000)
 Metaspace       used 55772K, capacity 57634K, committed 57776K, reserved 1099776K
  class space    used 7210K, capacity 7578K, committed 7600K, reserved 1048576K
}
Event: 1073.728 GC heap before
{Heap before GC invocations=20 (full 2):
 PSYoungGen      total 213504K, used 197289K [0x00000000e0000000, 0x00000000efc80000, 0x0000000100000000)
  eden space 183296K, 100% used [0x00000000e0000000,0x00000000eb300000,0x00000000eb300000)
  from space 30208K, 46% used [0x00000000eb300000,0x00000000ec0aa4b0,0x00000000ed080000)
  to   space 28672K, 0% used [0x00000000ee080000,0x00000000ee080000,0x00000000efc80000)
 ParOldGen       total 113664K, used 51804K [0x00000000a0000000, 0x00000000a6f00000, 0x00000000e0000000)
  object space 113664K, 45% used [0x00000000a0000000,0x00000000a3297150,0x00000000a6f00000)
 Metaspace       used 55796K, capacity 57722K, committed 57776K, reserved 1099776K
  class space    used 7212K, capacity 7582K, committed 7600K, reserved 1048576K
Event: 1073.752 GC heap after
Heap after GC invocations=20 (full 2):
 PSYoungGen      total 226304K, used 27665K [0x00000000e0000000, 0x00000000f0380000, 0x0000000100000000)
  eden space 197632K, 0% used [0x00000000e0000000,0x00000000e0000000,0x00000000ec100000)
  from space 28672K, 96% used [0x00000000ee080000,0x00000000efb846c8,0x00000000efc80000)
  to   space 32256K, 0% used [0x00000000ec100000,0x00000000ec100000,0x00000000ee080000)
 ParOldGen       total 113664K, used 51812K [0x00000000a0000000, 0x00000000a6f00000, 0x00000000e0000000)
  object space 113664K, 45% used [0x00000000a0000000,0x00000000a3299150,0x00000000a6f00000)
 Metaspace       used 55796K, capacity 57722K, committed 57776K, reserved 1099776K
  class space    used 7212K, capacity 7582K, committed 7600K, reserved 1048576K
}
Event: 1073.935 GC heap before
{Heap before GC invocations=21 (full 2):
 PSYoungGen      total 226304K, used 44800K [0x00000000e0000000, 0x00000000f0380000, 0x0000000100000000)
  eden space 197632K, 8% used [0x00000000e0000000,0x00000000e10bbae8,0x00000000ec100000)
  from space 28672K, 96% used [0x00000000ee080000,0x00000000efb846c8,0x00000000efc80000)
  to   space 32256K, 0% used [0x00000000ec100000,0x00000000ec100000,0x00000000ee080000)
 ParOldGen       total 113664K, used 51812K [0x00000000a0000000, 0x00000000a6f00000, 0x00000000e0000000)
  object space 113664K, 45% used [0x00000000a0000000,0x00000000a3299150,0x00000000a6f00000)
 Metaspace       used 57130K, capacity 59032K, committed 59160K, reserved 1101824K
  class space    used 7406K, capacity 7783K, committed 7856K, reserved 1048576K
Event: 1073.948 GC heap after
Heap after GC invocations=21 (full 2):
 PSYoungGen      total 229888K, used 7363K [0x00000000e0000000, 0x00000000f1d00000, 0x0000000100000000)
  eden space 197632K, 0% used [0x00000000e0000000,0x00000000e0000000,0x00000000ec100000)
  from space 32256K, 22% used [0x00000000ec100000,0x00000000ec830f20,0x00000000ee080000)
  to   space 31744K, 0% used [0x00000000efe00000,0x00000000efe00000,0x00000000f1d00000)
 ParOldGen       total 113664K, used 51820K [0x00000000a0000000, 0x00000000a6f00000, 0x00000000e0000000)
  object space 113664K, 45% used [0x00000000a0000000,0x00000000a329b150,0x00000000a6f00000)
 Metaspace       used 57130K, capacity 59032K, committed 59160K, reserved 1101824K
  class space    used 7406K, capacity 7783K, committed 7856K, reserved 1048576K
}
Event: 1073.948 GC heap before
{Heap before GC invocations=22 (full 3):
 PSYoungGen      total 229888K, used 7363K [0x00000000e0000000, 0x00000000f1d00000, 0x0000000100000000)
  eden space 197632K, 0% used [0x00000000e0000000,0x00000000e0000000,0x00000000ec100000)
  from space 32256K, 22% used [0x00000000ec100000,0x00000000ec830f20,0x00000000ee080000)
  to   space 31744K, 0% used [0x00000000efe00000,0x00000000efe00000,0x00000000f1d00000)
 ParOldGen       total 113664K, used 51820K [0x00000000a0000000, 0x00000000a6f00000, 0x00000000e0000000)
  object space 113664K, 45% used [0x00000000a0000000,0x00000000a329b150,0x00000000a6f00000)
 Metaspace       used 57130K, capacity 59032K, committed 59160K, reserved 1101824K
  class space    used 7406K, capacity 7783K, committed 7856K, reserved 1048576K

