# JRE version: Java(TM) SE Runtime Environment (8.0_121-b13) (build 1.8.0_121-b13)
# Java VM: Java HotSpot(TM) 64-Bit Server VM (25.121-b13 mixed mode linux-amd64 compressed oops)
Heap:
 PSYoungGen      total 206336K, used 38738K [0x00000000e0000000, 0x00000000f2a00000, 0x0000000100000000)
  eden space 184320K, 9% used [0x00000000e0000000,0x00000000e1055d68,0x00000000eb400000)
  from space 22016K, 99% used [0x00000000eb400000,0x00000000ec97eb08,0x00000000ec980000)
  to   space 28160K, 1% used [0x00000000f0e80000,0x00000000f0f08000,0x00000000f2a00000)
 ParOldGen       total 90112K, used 48997K [0x00000000a0000000, 0x00000000a5800000, 0x00000000e0000000)
  object space 90112K, 54% used [0x00000000a0000000,0x00000000a2fdb660,0x00000000a5800000)
 Metaspace       used 56469K, capacity 58944K, committed 59028K, reserved 1099776K
  class space    used 7815K, capacity 8345K, committed 8380K, reserved 1048576K
GC Heap History (10 events):
Event: 7.541 GC heap after
Heap after GC invocations=9 (full 2):
 PSYoungGen      total 109568K, used 0K [0x00000000e0000000, 0x00000000ead00000, 0x0000000100000000)
  eden space 98816K, 0% used [0x00000000e0000000,0x00000000e0000000,0x00000000e6080000)
  from space 10752K, 0% used [0x00000000e6080000,0x00000000e6080000,0x00000000e6b00000)
  to   space 11776K, 0% used [0x00000000ea180000,0x00000000ea180000,0x00000000ead00000)
 ParOldGen       total 90112K, used 16791K [0x00000000a0000000, 0x00000000a5800000, 0x00000000e0000000)
  object space 90112K, 18% used [0x00000000a0000000,0x00000000a1065db8,0x00000000a5800000)
 Metaspace       used 34548K, capacity 35312K, committed 35416K, reserved 1079296K
  class space    used 4777K, capacity 4987K, committed 4992K, reserved 1048576K
}
Event: 8.603 GC heap before
{Heap before GC invocations=10 (full 2):
 PSYoungGen      total 109568K, used 98816K [0x00000000e0000000, 0x00000000ead00000, 0x0000000100000000)
  eden space 98816K, 100% used [0x00000000e0000000,0x00000000e6080000,0x00000000e6080000)
  from space 10752K, 0% used [0x00000000e6080000,0x00000000e6080000,0x00000000e6b00000)
  to   space 11776K, 0% used [0x00000000ea180000,0x00000000ea180000,0x00000000ead00000)
 ParOldGen       total 90112K, used 16791K [0x00000000a0000000, 0x00000000a5800000, 0x00000000e0000000)
  object space 90112K, 18% used [0x00000000a0000000,0x00000000a1065db8,0x00000000a5800000)
 Metaspace       used 38692K, capacity 39586K, committed 39896K, reserved 1083392K
  class space    used 5306K, capacity 5525K, committed 5632K, reserved 1048576K
Event: 8.619 GC heap after
Heap after GC invocations=10 (full 2):
 PSYoungGen      total 158720K, used 10277K [0x00000000e0000000, 0x00000000eac00000, 0x0000000100000000)
  eden space 147968K, 0% used [0x00000000e0000000,0x00000000e0000000,0x00000000e9080000)
  from space 10752K, 95% used [0x00000000ea180000,0x00000000eab895d8,0x00000000eac00000)
  to   space 12800K, 0% used [0x00000000e9300000,0x00000000e9300000,0x00000000e9f80000)
 ParOldGen       total 90112K, used 16799K [0x00000000a0000000, 0x00000000a5800000, 0x00000000e0000000)
  object space 90112K, 18% used [0x00000000a0000000,0x00000000a1067db8,0x00000000a5800000)
 Metaspace       used 38692K, capacity 39586K, committed 39896K, reserved 1083392K
  class space    used 5306K, capacity 5525K, committed 5632K, reserved 1048576K
}
Event: 10.493 GC heap before
{Heap before GC invocations=11 (full 2):
 PSYoungGen      total 158720K, used 158245K [0x00000000e0000000, 0x00000000eac00000, 0x0000000100000000)
  eden space 147968K, 100% used [0x00000000e0000000,0x00000000e9080000,0x00000000e9080000)
  from space 10752K, 95% used [0x00000000ea180000,0x00000000eab895d8,0x00000000eac00000)
  to   space 12800K, 0% used [0x00000000e9300000,0x00000000e9300000,0x00000000e9f80000)
 ParOldGen       total 90112K, used 16799K [0x00000000a0000000, 0x00000000a5800000, 0x00000000e0000000)
  object space 90112K, 18% used [0x00000000a0000000,0x00000000a1067db8,0x00000000a5800000)
 Metaspace       used 45902K, capacity 46982K, committed 47320K, reserved 1089536K
  class space    used 6259K, capacity 6541K, committed 6656K, reserved 1048576K
Event: 10.517 GC heap after
Heap after GC invocations=11 (full 2):
 PSYoungGen      total 163328K, used 12782K [0x00000000e0000000, 0x00000000ed880000, 0x0000000100000000)
  eden space 150528K, 0% used [0x00000000e0000000,0x00000000e0000000,0x00000000e9300000)
  from space 12800K, 99% used [0x00000000e9300000,0x00000000e9f7bb48,0x00000000e9f80000)
  to   space 15360K, 0% used [0x00000000ec980000,0x00000000ec980000,0x00000000ed880000)
 ParOldGen       total 90112K, used 20263K [0x00000000a0000000, 0x00000000a5800000, 0x00000000e0000000)
  object space 90112K, 22% used [0x00000000a0000000,0x00000000a13c9f30,0x00000000a5800000)
 Metaspace       used 45902K, capacity 46982K, committed 47320K, reserved 1089536K
  class space    used 6259K, capacity 6541K, committed 6656K, reserved 1048576K
}
Event: 12.131 GC heap before
{Heap before GC invocations=12 (full 2):
 PSYoungGen      total 163328K, used 163310K [0x00000000e0000000, 0x00000000ed880000, 0x0000000100000000)
  eden space 150528K, 100% used [0x00000000e0000000,0x00000000e9300000,0x00000000e9300000)
  from space 12800K, 99% used [0x00000000e9300000,0x00000000e9f7bb48,0x00000000e9f80000)
  to   space 15360K, 0% used [0x00000000ec980000,0x00000000ec980000,0x00000000ed880000)
 ParOldGen       total 90112K, used 20263K [0x00000000a0000000, 0x00000000a5800000, 0x00000000e0000000)
  object space 90112K, 22% used [0x00000000a0000000,0x00000000a13c9f30,0x00000000a5800000)
 Metaspace       used 50665K, capacity 52304K, committed 52568K, reserved 1093632K
  class space    used 7052K, capacity 7455K, committed 7552K, reserved 1048576K
Event: 12.187 GC heap after
Heap after GC invocations=12 (full 2):
 PSYoungGen      total 199680K, used 15346K [0x00000000e0000000, 0x00000000eee00000, 0x0000000100000000)
  eden space 184320K, 0% used [0x00000000e0000000,0x00000000e0000000,0x00000000eb400000)
  from space 15360K, 99% used [0x00000000ec980000,0x00000000ed87ca98,0x00000000ed880000)
  to   space 22016K, 0% used [0x00000000eb400000,0x00000000eb400000,0x00000000ec980000)
 ParOldGen       total 90112K, used 32730K [0x00000000a0000000, 0x00000000a5800000, 0x00000000e0000000)
  object space 90112K, 36% used [0x00000000a0000000,0x00000000a1ff69a0,0x00000000a5800000)
 Metaspace       used 50665K, capacity 52304K, committed 52568K, reserved 1093632K
  class space    used 7052K, capacity 7455K, committed 7552K, reserved 1048576K
}
Event: 16.769 GC heap before
{Heap before GC invocations=13 (full 2):
 PSYoungGen      total 199680K, used 199666K [0x00000000e0000000, 0x00000000eee00000, 0x0000000100000000)
  eden space 184320K, 100% used [0x00000000e0000000,0x00000000eb400000,0x00000000eb400000)
  from space 15360K, 99% used [0x00000000ec980000,0x00000000ed87ca98,0x00000000ed880000)
  to   space 22016K, 0% used [0x00000000eb400000,0x00000000eb400000,0x00000000ec980000)
 ParOldGen       total 90112K, used 32730K [0x00000000a0000000, 0x00000000a5800000, 0x00000000e0000000)
  object space 90112K, 36% used [0x00000000a0000000,0x00000000a1ff69a0,0x00000000a5800000)
 Metaspace       used 55048K, capacity 57514K, committed 57816K, reserved 1099776K
  class space    used 7594K, capacity 8162K, committed 8192K, reserved 1048576K
Event: 16.945 GC heap after
Heap after GC invocations=13 (full 2):
 PSYoungGen      total 206336K, used 22010K [0x00000000e0000000, 0x00000000f2a00000, 0x0000000100000000)
  eden space 184320K, 0% used [0x00000000e0000000,0x00000000e0000000,0x00000000eb400000)
  from space 22016K, 99% used [0x00000000eb400000,0x00000000ec97eb08,0x00000000ec980000)
  to   space 28160K, 0% used [0x00000000f0e80000,0x00000000f0e80000,0x00000000f2a00000)
 ParOldGen       total 90112K, used 41130K [0x00000000a0000000, 0x00000000a5800000, 0x00000000e0000000)
  object space 90112K, 45% used [0x00000000a0000000,0x00000000a282aaf8,0x00000000a5800000)
 Metaspace       used 55048K, capacity 57514K, committed 57816K, reserved 1099776K
  class space    used 7594K, capacity 8162K, committed 8192K, reserved 1048576K
}
Event: 17.516 GC heap before
{Heap before GC invocations=14 (full 2):
 PSYoungGen      total 206336K, used 38738K [0x00000000e0000000, 0x00000000f2a00000, 0x0000000100000000)
  eden space 184320K, 9% used [0x00000000e0000000,0x00000000e1055d68,0x00000000eb400000)
  from space 22016K, 99% used [0x00000000eb400000,0x00000000ec97eb08,0x00000000ec980000)
  to   space 28160K, 0% used [0x00000000f0e80000,0x00000000f0e80000,0x00000000f2a00000)
 ParOldGen       total 90112K, used 41130K [0x00000000a0000000, 0x00000000a5800000, 0x00000000e0000000)
  object space 90112K, 45% used [0x00000000a0000000,0x00000000a282aaf8,0x00000000a5800000)
 Metaspace       used 56469K, capacity 58944K, committed 59028K, reserved 1099776K
  class space    used 7815K, capacity 8345K, committed 8380K, reserved 1048576K

