# JRE version: Java(TM) SE Runtime Environment (8.0_121-b13) (build 1.8.0_121-b13)
# Java VM: Java HotSpot(TM) 64-Bit Server VM (25.121-b13 mixed mode linux-amd64 compressed oops)
Heap:
 PSYoungGen      total 179200K, used 156603K [0x00000000e0000000, 0x00000000efa00000, 0x0000000100000000)
  eden space 145408K, 86% used [0x00000000e0000000,0x00000000e7a5fda8,0x00000000e8e00000)
  from space 33792K, 92% used [0x00000000e8e00000,0x00000000eac8f188,0x00000000eaf00000)
  to   space 38400K, 0% used [0x00000000ed480000,0x00000000ed480000,0x00000000efa00000)
 ParOldGen       total 166400K, used 95639K [0x00000000a0000000, 0x00000000aa280000, 0x00000000e0000000)
  object space 166400K, 57% used [0x00000000a0000000,0x00000000a5d65e58,0x00000000aa280000)
 Metaspace       used 68108K, capacity 70178K, committed 70400K, reserved 1110016K
  class space    used 8999K, capacity 9442K, committed 9472K, reserved 1048576K
GC Heap History (10 events):
Event: 99.771 GC heap before
{Heap before GC invocations=25 (full 3):
 PSYoungGen      total 112640K, used 106961K [0x00000000e0000000, 0x00000000e9100000, 0x0000000100000000)
  eden space 97280K, 100% used [0x00000000e0000000,0x00000000e5f00000,0x00000000e5f00000)
  from space 15360K, 63% used [0x00000000e5f00000,0x00000000e6874700,0x00000000e6e00000)
  to   space 15872K, 0% used [0x00000000e8180000,0x00000000e8180000,0x00000000e9100000)
 ParOldGen       total 105472K, used 60728K [0x00000000a0000000, 0x00000000a6700000, 0x00000000e0000000)
  object space 105472K, 57% used [0x00000000a0000000,0x00000000a3b4e178,0x00000000a6700000)
 Metaspace       used 66638K, capacity 68706K, committed 68992K, reserved 1110016K
  class space    used 8849K, capacity 9271K, committed 9344K, reserved 1048576K
Event: 99.807 GC heap after
Heap after GC invocations=25 (full 3):
 PSYoungGen      total 132608K, used 10181K [0x00000000e0000000, 0x00000000e9600000, 0x0000000100000000)
  eden space 116736K, 0% used [0x00000000e0000000,0x00000000e0000000,0x00000000e7200000)
  from space 15872K, 64% used [0x00000000e8180000,0x00000000e8b717b8,0x00000000e9100000)
  to   space 15872K, 0% used [0x00000000e7200000,0x00000000e7200000,0x00000000e8180000)
 ParOldGen       total 105472K, used 65980K [0x00000000a0000000, 0x00000000a6700000, 0x00000000e0000000)
  object space 105472K, 62% used [0x00000000a0000000,0x00000000a406f120,0x00000000a6700000)
 Metaspace       used 66638K, capacity 68706K, committed 68992K, reserved 1110016K
  class space    used 8849K, capacity 9271K, committed 9344K, reserved 1048576K
}
Event: 100.308 GC heap before
{Heap before GC invocations=26 (full 3):
 PSYoungGen      total 132608K, used 126917K [0x00000000e0000000, 0x00000000e9600000, 0x0000000100000000)
  eden space 116736K, 100% used [0x00000000e0000000,0x00000000e7200000,0x00000000e7200000)
  from space 15872K, 64% used [0x00000000e8180000,0x00000000e8b717b8,0x00000000e9100000)
  to   space 15872K, 0% used [0x00000000e7200000,0x00000000e7200000,0x00000000e8180000)
 ParOldGen       total 105472K, used 65980K [0x00000000a0000000, 0x00000000a6700000, 0x00000000e0000000)
  object space 105472K, 62% used [0x00000000a0000000,0x00000000a406f120,0x00000000a6700000)
 Metaspace       used 66759K, capacity 68770K, committed 68992K, reserved 1110016K
  class space    used 8849K, capacity 9271K, committed 9344K, reserved 1048576K
Event: 100.357 GC heap after
Heap after GC invocations=26 (full 3):
 PSYoungGen      total 132608K, used 15854K [0x00000000e0000000, 0x00000000ec780000, 0x0000000100000000)
  eden space 116736K, 0% used [0x00000000e0000000,0x00000000e0000000,0x00000000e7200000)
  from space 15872K, 99% used [0x00000000e7200000,0x00000000e817bae8,0x00000000e8180000)
  to   space 25088K, 0% used [0x00000000eaf00000,0x00000000eaf00000,0x00000000ec780000)
 ParOldGen       total 105472K, used 84844K [0x00000000a0000000, 0x00000000a6700000, 0x00000000e0000000)
  object space 105472K, 80% used [0x00000000a0000000,0x00000000a52db1a8,0x00000000a6700000)
 Metaspace       used 66759K, capacity 68770K, committed 68992K, reserved 1110016K
  class space    used 8849K, capacity 9271K, committed 9344K, reserved 1048576K
}
Event: 100.853 GC heap before
{Heap before GC invocations=27 (full 3):
 PSYoungGen      total 132608K, used 132590K [0x00000000e0000000, 0x00000000ec780000, 0x0000000100000000)
  eden space 116736K, 100% used [0x00000000e0000000,0x00000000e7200000,0x00000000e7200000)
  from space 15872K, 99% used [0x00000000e7200000,0x00000000e817bae8,0x00000000e8180000)
  to   space 25088K, 0% used [0x00000000eaf00000,0x00000000eaf00000,0x00000000ec780000)
 ParOldGen       total 105472K, used 84844K [0x00000000a0000000, 0x00000000a6700000, 0x00000000e0000000)
  object space 105472K, 80% used [0x00000000a0000000,0x00000000a52db1a8,0x00000000a6700000)
 Metaspace       used 66824K, capacity 68834K, committed 68992K, reserved 1110016K
  class space    used 8849K, capacity 9271K, committed 9344K, reserved 1048576K
Event: 100.903 GC heap after
Heap after GC invocations=27 (full 3):
 PSYoungGen      total 170496K, used 25084K [0x00000000e0000000, 0x00000000edb00000, 0x0000000100000000)
  eden space 145408K, 0% used [0x00000000e0000000,0x00000000e0000000,0x00000000e8e00000)
  from space 25088K, 99% used [0x00000000eaf00000,0x00000000ec77f088,0x00000000ec780000)
  to   space 33792K, 0% used [0x00000000e8e00000,0x00000000e8e00000,0x00000000eaf00000)
 ParOldGen       total 105472K, used 96972K [0x00000000a0000000, 0x00000000a6700000, 0x00000000e0000000)
  object space 105472K, 91% used [0x00000000a0000000,0x00000000a5eb32e8,0x00000000a6700000)
 Metaspace       used 66824K, capacity 68834K, committed 68992K, reserved 1110016K
  class space    used 8849K, capacity 9271K, committed 9344K, reserved 1048576K
}
Event: 100.903 GC heap before
{Heap before GC invocations=28 (full 4):
 PSYoungGen      total 170496K, used 25084K [0x00000000e0000000, 0x00000000edb00000, 0x0000000100000000)
  eden space 145408K, 0% used [0x00000000e0000000,0x00000000e0000000,0x00000000e8e00000)
  from space 25088K, 99% used [0x00000000eaf00000,0x00000000ec77f088,0x00000000ec780000)
  to   space 33792K, 0% used [0x00000000e8e00000,0x00000000e8e00000,0x00000000eaf00000)
 ParOldGen       total 105472K, used 96972K [0x00000000a0000000, 0x00000000a6700000, 0x00000000e0000000)
  object space 105472K, 91% used [0x00000000a0000000,0x00000000a5eb32e8,0x00000000a6700000)
 Metaspace       used 66824K, capacity 68834K, committed 68992K, reserved 1110016K
  class space    used 8849K, capacity 9271K, committed 9344K, reserved 1048576K
Event: 101.352 GC heap after
Heap after GC invocations=28 (full 4):
 PSYoungGen      total 170496K, used 0K [0x00000000e0000000, 0x00000000edb00000, 0x0000000100000000)
  eden space 145408K, 0% used [0x00000000e0000000,0x00000000e0000000,0x00000000e8e00000)
  from space 25088K, 0% used [0x00000000eaf00000,0x00000000eaf00000,0x00000000ec780000)
  to   space 33792K, 0% used [0x00000000e8e00000,0x00000000e8e00000,0x00000000eaf00000)
 ParOldGen       total 166400K, used 95631K [0x00000000a0000000, 0x00000000aa280000, 0x00000000e0000000)
  object space 166400K, 57% used [0x00000000a0000000,0x00000000a5d63e58,0x00000000aa280000)
 Metaspace       used 66811K, capacity 68814K, committed 68992K, reserved 1110016K
  class space    used 8848K, capacity 9268K, committed 9344K, reserved 1048576K
}
Event: 101.839 GC heap before
{Heap before GC invocations=29 (full 4):
 PSYoungGen      total 170496K, used 145408K [0x00000000e0000000, 0x00000000edb00000, 0x0000000100000000)
  eden space 145408K, 100% used [0x00000000e0000000,0x00000000e8e00000,0x00000000e8e00000)
  from space 25088K, 0% used [0x00000000eaf00000,0x00000000eaf00000,0x00000000ec780000)
  to   space 33792K, 0% used [0x00000000e8e00000,0x00000000e8e00000,0x00000000eaf00000)
 ParOldGen       total 166400K, used 95631K [0x00000000a0000000, 0x00000000aa280000, 0x00000000e0000000)
  object space 166400K, 57% used [0x00000000a0000000,0x00000000a5d63e58,0x00000000aa280000)
 Metaspace       used 66854K, capacity 68878K, committed 68992K, reserved 1110016K
  class space    used 8848K, capacity 9268K, committed 9344K, reserved 1048576K
Event: 101.877 GC heap after
Heap after GC invocations=29 (full 4):
 PSYoungGen      total 179200K, used 31292K [0x00000000e0000000, 0x00000000efa00000, 0x0000000100000000)
  eden space 145408K, 0% used [0x00000000e0000000,0x00000000e0000000,0x00000000e8e00000)
  from space 33792K, 92% used [0x00000000e8e00000,0x00000000eac8f188,0x00000000eaf00000)
  to   space 38400K, 0% used [0x00000000ed480000,0x00000000ed480000,0x00000000efa00000)
 ParOldGen       total 166400K, used 95639K [0x00000000a0000000, 0x00000000aa280000, 0x00000000e0000000)
  object space 166400K, 57% used [0x00000000a0000000,0x00000000a5d65e58,0x00000000aa280000)
 Metaspace       used 66854K, capacity 68878K, committed 68992K, reserved 1110016K
  class space    used 8848K, capacity 9268K, committed 9344K, reserved 1048576K
}

