# JRE version: OpenJDK Runtime Environment (8.0_112-b06) (build 1.8.0_112-release-b06)
# Java VM: OpenJDK 64-Bit Server VM (25.112-b06 mixed mode linux-amd64 compressed oops)
Heap:
 PSYoungGen      total 120320K, used 55787K [0x00000000e0000000, 0x00000000e8e80000, 0x0000000100000000)
  eden space 119808K, 46% used [0x00000000e0000000,0x00000000e367ad58,0x00000000e7500000)
  from space 512K, 0% used [0x00000000e8100000,0x00000000e8100000,0x00000000e8180000)
  to   space 12288K, 0% used [0x00000000e7500000,0x00000000e7500000,0x00000000e8100000)
 ParOldGen       total 122880K, used 16750K [0x00000000a0000000, 0x00000000a7800000, 0x00000000e0000000)
  object space 122880K, 13% used [0x00000000a0000000,0x00000000a105bbd0,0x00000000a7800000)
 Metaspace       used 37677K, capacity 38434K, committed 38832K, reserved 1083392K
  class space    used 5056K, capacity 5268K, committed 5296K, reserved 1048576K
GC Heap History (10 events):
Event: 1.890 GC heap before
{Heap before GC invocations=4 (full 1):
 PSYoungGen      total 68608K, used 5088K [0x00000000e0000000, 0x00000000e8600000, 0x0000000100000000)
  eden space 63488K, 0% used [0x00000000e0000000,0x00000000e0000000,0x00000000e3e00000)
  from space 5120K, 99% used [0x00000000e3e00000,0x00000000e42f8030,0x00000000e4300000)
  to   space 5120K, 0% used [0x00000000e8100000,0x00000000e8100000,0x00000000e8600000)
 ParOldGen       total 84992K, used 7993K [0x00000000a0000000, 0x00000000a5300000, 0x00000000e0000000)
  object space 84992K, 9% used [0x00000000a0000000,0x00000000a07ce520,0x00000000a5300000)
 Metaspace       used 20898K, capacity 21164K, committed 21296K, reserved 1067008K
  class space    used 2748K, capacity 2838K, committed 2864K, reserved 1048576K
Event: 1.990 GC heap after
Heap after GC invocations=4 (full 1):
 PSYoungGen      total 68608K, used 0K [0x00000000e0000000, 0x00000000e8600000, 0x0000000100000000)
  eden space 63488K, 0% used [0x00000000e0000000,0x00000000e0000000,0x00000000e3e00000)
  from space 5120K, 0% used [0x00000000e3e00000,0x00000000e3e00000,0x00000000e4300000)
  to   space 5120K, 0% used [0x00000000e8100000,0x00000000e8100000,0x00000000e8600000)
 ParOldGen       total 75776K, used 12119K [0x00000000a0000000, 0x00000000a4a00000, 0x00000000e0000000)
  object space 75776K, 15% used [0x00000000a0000000,0x00000000a0bd5c60,0x00000000a4a00000)
 Metaspace       used 20898K, capacity 21164K, committed 21296K, reserved 1067008K
  class space    used 2748K, capacity 2838K, committed 2864K, reserved 1048576K
}
Event: 2.687 GC heap before
{Heap before GC invocations=5 (full 1):
 PSYoungGen      total 68608K, used 63488K [0x00000000e0000000, 0x00000000e8600000, 0x0000000100000000)
  eden space 63488K, 100% used [0x00000000e0000000,0x00000000e3e00000,0x00000000e3e00000)
  from space 5120K, 0% used [0x00000000e3e00000,0x00000000e3e00000,0x00000000e4300000)
  to   space 5120K, 0% used [0x00000000e8100000,0x00000000e8100000,0x00000000e8600000)
 ParOldGen       total 75776K, used 12119K [0x00000000a0000000, 0x00000000a4a00000, 0x00000000e0000000)
  object space 75776K, 15% used [0x00000000a0000000,0x00000000a0bd5c60,0x00000000a4a00000)
 Metaspace       used 25752K, capacity 26152K, committed 26288K, reserved 1071104K
  class space    used 3573K, capacity 3703K, committed 3760K, reserved 1048576K
Event: 2.695 GC heap after
Heap after GC invocations=5 (full 1):
 PSYoungGen      total 83456K, used 5100K [0x00000000e0000000, 0x00000000e8600000, 0x0000000100000000)
  eden space 78336K, 0% used [0x00000000e0000000,0x00000000e0000000,0x00000000e4c80000)
  from space 5120K, 99% used [0x00000000e8100000,0x00000000e85fb208,0x00000000e8600000)
  to   space 5120K, 0% used [0x00000000e7c00000,0x00000000e7c00000,0x00000000e8100000)
 ParOldGen       total 75776K, used 14234K [0x00000000a0000000, 0x00000000a4a00000, 0x00000000e0000000)
  object space 75776K, 18% used [0x00000000a0000000,0x00000000a0de6b18,0x00000000a4a00000)
 Metaspace       used 25752K, capacity 26152K, committed 26288K, reserved 1071104K
  class space    used 3573K, capacity 3703K, committed 3760K, reserved 1048576K
}
Event: 4.348 GC heap before
{Heap before GC invocations=6 (full 1):
 PSYoungGen      total 83456K, used 83436K [0x00000000e0000000, 0x00000000e8600000, 0x0000000100000000)
  eden space 78336K, 100% used [0x00000000e0000000,0x00000000e4c80000,0x00000000e4c80000)
  from space 5120K, 99% used [0x00000000e8100000,0x00000000e85fb208,0x00000000e8600000)
  to   space 5120K, 0% used [0x00000000e7c00000,0x00000000e7c00000,0x00000000e8100000)
 ParOldGen       total 75776K, used 14234K [0x00000000a0000000, 0x00000000a4a00000, 0x00000000e0000000)
  object space 75776K, 18% used [0x00000000a0000000,0x00000000a0de6b18,0x00000000a4a00000)
 Metaspace       used 31005K, capacity 31534K, committed 31792K, reserved 1077248K
  class space    used 4180K, capacity 4349K, committed 4400K, reserved 1048576K
Event: 4.366 GC heap after
Heap after GC invocations=6 (full 1):
 PSYoungGen      total 100864K, used 5108K [0x00000000e0000000, 0x00000000e8180000, 0x0000000100000000)
  eden space 95744K, 0% used [0x00000000e0000000,0x00000000e0000000,0x00000000e5d80000)
  from space 5120K, 99% used [0x00000000e7c00000,0x00000000e80fd020,0x00000000e8100000)
  to   space 512K, 0% used [0x00000000e8100000,0x00000000e8100000,0x00000000e8180000)
 ParOldGen       total 75776K, used 16883K [0x00000000a0000000, 0x00000000a4a00000, 0x00000000e0000000)
  object space 75776K, 22% used [0x00000000a0000000,0x00000000a107cfa8,0x00000000a4a00000)
 Metaspace       used 31005K, capacity 31534K, committed 31792K, reserved 1077248K
  class space    used 4180K, capacity 4349K, committed 4400K, reserved 1048576K
}
Event: 4.974 GC heap before
{Heap before GC invocations=7 (full 1):
 PSYoungGen      total 100864K, used 62981K [0x00000000e0000000, 0x00000000e8180000, 0x0000000100000000)
  eden space 95744K, 60% used [0x00000000e0000000,0x00000000e3884450,0x00000000e5d80000)
  from space 5120K, 99% used [0x00000000e7c00000,0x00000000e80fd020,0x00000000e8100000)
  to   space 512K, 0% used [0x00000000e8100000,0x00000000e8100000,0x00000000e8180000)
 ParOldGen       total 75776K, used 16883K [0x00000000a0000000, 0x00000000a4a00000, 0x00000000e0000000)
  object space 75776K, 22% used [0x00000000a0000000,0x00000000a107cfa8,0x00000000a4a00000)
 Metaspace       used 34653K, capacity 35218K, committed 35496K, reserved 1079296K
  class space    used 4636K, capacity 4787K, committed 4912K, reserved 1048576K
Event: 4.993 GC heap after
Heap after GC invocations=7 (full 1):
 PSYoungGen      total 120320K, used 512K [0x00000000e0000000, 0x00000000e8e80000, 0x0000000100000000)
  eden space 119808K, 0% used [0x00000000e0000000,0x00000000e0000000,0x00000000e7500000)
  from space 512K, 100% used [0x00000000e8100000,0x00000000e8180000,0x00000000e8180000)
  to   space 12288K, 0% used [0x00000000e7500000,0x00000000e7500000,0x00000000e8100000)
 ParOldGen       total 75776K, used 26143K [0x00000000a0000000, 0x00000000a4a00000, 0x00000000e0000000)
  object space 75776K, 34% used [0x00000000a0000000,0x00000000a1987e80,0x00000000a4a00000)
 Metaspace       used 34653K, capacity 35218K, committed 35496K, reserved 1079296K
  class space    used 4636K, capacity 4787K, committed 4912K, reserved 1048576K
}
Event: 4.993 GC heap before
{Heap before GC invocations=8 (full 2):
 PSYoungGen      total 120320K, used 512K [0x00000000e0000000, 0x00000000e8e80000, 0x0000000100000000)
  eden space 119808K, 0% used [0x00000000e0000000,0x00000000e0000000,0x00000000e7500000)
  from space 512K, 100% used [0x00000000e8100000,0x00000000e8180000,0x00000000e8180000)
  to   space 12288K, 0% used [0x00000000e7500000,0x00000000e7500000,0x00000000e8100000)
 ParOldGen       total 75776K, used 26143K [0x00000000a0000000, 0x00000000a4a00000, 0x00000000e0000000)
  object space 75776K, 34% used [0x00000000a0000000,0x00000000a1987e80,0x00000000a4a00000)
 Metaspace       used 34653K, capacity 35218K, committed 35496K, reserved 1079296K
  class space    used 4636K, capacity 4787K, committed 4912K, reserved 1048576K
Event: 5.146 GC heap after
Heap after GC invocations=8 (full 2):
 PSYoungGen      total 120320K, used 0K [0x00000000e0000000, 0x00000000e8e80000, 0x0000000100000000)
  eden space 119808K, 0% used [0x00000000e0000000,0x00000000e0000000,0x00000000e7500000)
  from space 512K, 0% used [0x00000000e8100000,0x00000000e8100000,0x00000000e8180000)
  to   space 12288K, 0% used [0x00000000e7500000,0x00000000e7500000,0x00000000e8100000)
 ParOldGen       total 122880K, used 16750K [0x00000000a0000000, 0x00000000a7800000, 0x00000000e0000000)
  object space 122880K, 13% used [0x00000000a0000000,0x00000000a105bbd0,0x00000000a7800000)
 Metaspace       used 34653K, capacity 35218K, committed 35496K, reserved 1079296K
  class space    used 4636K, capacity 4787K, committed 4912K, reserved 1048576K
}

