# JRE version: Java(TM) SE Runtime Environment (8.0_121-b13) (build 1.8.0_121-b13)
# Java VM: Java HotSpot(TM) 64-Bit Server VM (25.121-b13 mixed mode linux-amd64 compressed oops)
Heap:
 PSYoungGen      total 52224K, used 42313K [0x00000000e0000000, 0x00000000e4f00000, 0x0000000100000000)
  eden space 42496K, 82% used [0x00000000e0000000,0x00000000e2264130,0x00000000e2980000)
  from space 9728K, 72% used [0x00000000e2980000,0x00000000e306e3d0,0x00000000e3300000)
  to   space 9728K, 0% used [0x00000000e4580000,0x00000000e4580000,0x00000000e4f00000)
 ParOldGen       total 65024K, used 8422K [0x00000000a0000000, 0x00000000a3f80000, 0x00000000e0000000)
  object space 65024K, 12% used [0x00000000a0000000,0x00000000a08398a0,0x00000000a3f80000)
 Metaspace       used 30089K, capacity 30842K, committed 31104K, reserved 1075200K
  class space    used 4208K, capacity 4378K, committed 4480K, reserved 1048576K
GC Heap History (10 events):
Event: 12.859 GC heap before
{Heap before GC invocations=4 (full 0):
 PSYoungGen      total 36864K, used 29737K [0x00000000e0000000, 0x00000000e2900000, 0x0000000100000000)
  eden space 31744K, 77% used [0x00000000e0000000,0x00000000e180bfd8,0x00000000e1f00000)
  from space 5120K, 99% used [0x00000000e1f00000,0x00000000e23fe670,0x00000000e2400000)
  to   space 5120K, 0% used [0x00000000e2400000,0x00000000e2400000,0x00000000e2900000)
 ParOldGen       total 84992K, used 3259K [0x00000000a0000000, 0x00000000a5300000, 0x00000000e0000000)
  object space 84992K, 3% used [0x00000000a0000000,0x00000000a032ec88,0x00000000a5300000)
 Metaspace       used 20828K, capacity 21124K, committed 21296K, reserved 1067008K
  class space    used 2810K, capacity 2933K, committed 2944K, reserved 1048576K
Event: 12.880 GC heap after
Heap after GC invocations=4 (full 0):
 PSYoungGen      total 36864K, used 5088K [0x00000000e0000000, 0x00000000e2900000, 0x0000000100000000)
  eden space 31744K, 0% used [0x00000000e0000000,0x00000000e0000000,0x00000000e1f00000)
  from space 5120K, 99% used [0x00000000e2400000,0x00000000e28f8010,0x00000000e2900000)
  to   space 5120K, 0% used [0x00000000e1f00000,0x00000000e1f00000,0x00000000e2400000)
 ParOldGen       total 84992K, used 6666K [0x00000000a0000000, 0x00000000a5300000, 0x00000000e0000000)
  object space 84992K, 7% used [0x00000000a0000000,0x00000000a0682bd0,0x00000000a5300000)
 Metaspace       used 20828K, capacity 21124K, committed 21296K, reserved 1067008K
  class space    used 2810K, capacity 2933K, committed 2944K, reserved 1048576K
}
Event: 12.880 GC heap before
{Heap before GC invocations=5 (full 1):
 PSYoungGen      total 36864K, used 5088K [0x00000000e0000000, 0x00000000e2900000, 0x0000000100000000)
  eden space 31744K, 0% used [0x00000000e0000000,0x00000000e0000000,0x00000000e1f00000)
  from space 5120K, 99% used [0x00000000e2400000,0x00000000e28f8010,0x00000000e2900000)
  to   space 5120K, 0% used [0x00000000e1f00000,0x00000000e1f00000,0x00000000e2400000)
 ParOldGen       total 84992K, used 6666K [0x00000000a0000000, 0x00000000a5300000, 0x00000000e0000000)
  object space 84992K, 7% used [0x00000000a0000000,0x00000000a0682bd0,0x00000000a5300000)
 Metaspace       used 20828K, capacity 21124K, committed 21296K, reserved 1067008K
  class space    used 2810K, capacity 2933K, committed 2944K, reserved 1048576K
Event: 12.972 GC heap after
Heap after GC invocations=5 (full 1):
 PSYoungGen      total 36864K, used 0K [0x00000000e0000000, 0x00000000e2900000, 0x0000000100000000)
  eden space 31744K, 0% used [0x00000000e0000000,0x00000000e0000000,0x00000000e1f00000)
  from space 5120K, 0% used [0x00000000e2400000,0x00000000e2400000,0x00000000e2900000)
  to   space 5120K, 0% used [0x00000000e1f00000,0x00000000e1f00000,0x00000000e2400000)
 ParOldGen       total 65024K, used 8342K [0x00000000a0000000, 0x00000000a3f80000, 0x00000000e0000000)
  object space 65024K, 12% used [0x00000000a0000000,0x00000000a0825890,0x00000000a3f80000)
 Metaspace       used 20828K, capacity 21124K, committed 21296K, reserved 1067008K
  class space    used 2810K, capacity 2933K, committed 2944K, reserved 1048576K
}
Event: 14.252 GC heap before
{Heap before GC invocations=6 (full 1):
 PSYoungGen      total 36864K, used 31744K [0x00000000e0000000, 0x00000000e2900000, 0x0000000100000000)
  eden space 31744K, 100% used [0x00000000e0000000,0x00000000e1f00000,0x00000000e1f00000)
  from space 5120K, 0% used [0x00000000e2400000,0x00000000e2400000,0x00000000e2900000)
  to   space 5120K, 0% used [0x00000000e1f00000,0x00000000e1f00000,0x00000000e2400000)
 ParOldGen       total 65024K, used 8342K [0x00000000a0000000, 0x00000000a3f80000, 0x00000000e0000000)
  object space 65024K, 12% used [0x00000000a0000000,0x00000000a0825890,0x00000000a3f80000)
 Metaspace       used 23713K, capacity 24020K, committed 24192K, reserved 1071104K
  class space    used 3289K, capacity 3401K, committed 3456K, reserved 1048576K
Event: 14.257 GC heap after
Heap after GC invocations=6 (full 1):
 PSYoungGen      total 36864K, used 4478K [0x00000000e0000000, 0x00000000e3e80000, 0x0000000100000000)
  eden space 31744K, 0% used [0x00000000e0000000,0x00000000e0000000,0x00000000e1f00000)
  from space 5120K, 87% used [0x00000000e1f00000,0x00000000e235f8d0,0x00000000e2400000)
  to   space 10240K, 0% used [0x00000000e3480000,0x00000000e3480000,0x00000000e3e80000)
 ParOldGen       total 65024K, used 8342K [0x00000000a0000000, 0x00000000a3f80000, 0x00000000e0000000)
  object space 65024K, 12% used [0x00000000a0000000,0x00000000a0825890,0x00000000a3f80000)
 Metaspace       used 23713K, capacity 24020K, committed 24192K, reserved 1071104K
  class space    used 3289K, capacity 3401K, committed 3456K, reserved 1048576K
}
Event: 25.778 GC heap before
{Heap before GC invocations=7 (full 1):
 PSYoungGen      total 36864K, used 36222K [0x00000000e0000000, 0x00000000e3e80000, 0x0000000100000000)
  eden space 31744K, 100% used [0x00000000e0000000,0x00000000e1f00000,0x00000000e1f00000)
  from space 5120K, 87% used [0x00000000e1f00000,0x00000000e235f8d0,0x00000000e2400000)
  to   space 10240K, 0% used [0x00000000e3480000,0x00000000e3480000,0x00000000e3e80000)
 ParOldGen       total 65024K, used 8342K [0x00000000a0000000, 0x00000000a3f80000, 0x00000000e0000000)
  object space 65024K, 12% used [0x00000000a0000000,0x00000000a0825890,0x00000000a3f80000)
 Metaspace       used 25875K, capacity 26452K, committed 26624K, reserved 1073152K
  class space    used 3647K, capacity 3837K, committed 3840K, reserved 1048576K
Event: 25.802 GC heap after
Heap after GC invocations=7 (full 1):
 PSYoungGen      total 50688K, used 4939K [0x00000000e0000000, 0x00000000e3c80000, 0x0000000100000000)
  eden space 42496K, 0% used [0x00000000e0000000,0x00000000e0000000,0x00000000e2980000)
  from space 8192K, 60% used [0x00000000e3480000,0x00000000e3952d80,0x00000000e3c80000)
  to   space 9728K, 0% used [0x00000000e2980000,0x00000000e2980000,0x00000000e3300000)
 ParOldGen       total 65024K, used 8350K [0x00000000a0000000, 0x00000000a3f80000, 0x00000000e0000000)
  object space 65024K, 12% used [0x00000000a0000000,0x00000000a0827890,0x00000000a3f80000)
 Metaspace       used 25875K, capacity 26452K, committed 26624K, reserved 1073152K
  class space    used 3647K, capacity 3837K, committed 3840K, reserved 1048576K
}
Event: 28.268 GC heap before
{Heap before GC invocations=8 (full 1):
 PSYoungGen      total 50688K, used 47435K [0x00000000e0000000, 0x00000000e3c80000, 0x0000000100000000)
  eden space 42496K, 100% used [0x00000000e0000000,0x00000000e2980000,0x00000000e2980000)
  from space 8192K, 60% used [0x00000000e3480000,0x00000000e3952d80,0x00000000e3c80000)
  to   space 9728K, 0% used [0x00000000e2980000,0x00000000e2980000,0x00000000e3300000)
 ParOldGen       total 65024K, used 8350K [0x00000000a0000000, 0x00000000a3f80000, 0x00000000e0000000)
  object space 65024K, 12% used [0x00000000a0000000,0x00000000a0827890,0x00000000a3f80000)
 Metaspace       used 29672K, capacity 30362K, committed 30464K, reserved 1075200K
  class space    used 4185K, capacity 4346K, committed 4352K, reserved 1048576K
Event: 28.299 GC heap after
Heap after GC invocations=8 (full 1):
 PSYoungGen      total 52224K, used 7096K [0x00000000e0000000, 0x00000000e4f00000, 0x0000000100000000)
  eden space 42496K, 0% used [0x00000000e0000000,0x00000000e0000000,0x00000000e2980000)
  from space 9728K, 72% used [0x00000000e2980000,0x00000000e306e3d0,0x00000000e3300000)
  to   space 9728K, 0% used [0x00000000e4580000,0x00000000e4580000,0x00000000e4f00000)
 ParOldGen       total 65024K, used 8422K [0x00000000a0000000, 0x00000000a3f80000, 0x00000000e0000000)
  object space 65024K, 12% used [0x00000000a0000000,0x00000000a08398a0,0x00000000a3f80000)
 Metaspace       used 29672K, capacity 30362K, committed 30464K, reserved 1075200K
  class space    used 4185K, capacity 4346K, committed 4352K, reserved 1048576K
}

