# JRE version: Java(TM) SE Runtime Environment (8.0_121-b13) (build 1.8.0_121-b13)
# Java VM: Java HotSpot(TM) 64-Bit Server VM (25.121-b13 mixed mode linux-amd64 compressed oops)
Heap:
 PSYoungGen      total 219648K, used 110292K [0x00000000e0000000, 0x00000000f1880000, 0x0000000100000000)
  eden space 194048K, 43% used [0x00000000e0000000,0x00000000e52bbab0,0x00000000ebd80000)
  from space 25600K, 99% used [0x00000000ebd80000,0x00000000ed679558,0x00000000ed680000)
  to   space 31744K, 0% used [0x00000000ef980000,0x00000000ef980000,0x00000000f1880000)
 ParOldGen       total 155648K, used 57628K [0x00000000a0000000, 0x00000000a9800000, 0x00000000e0000000)
  object space 155648K, 37% used [0x00000000a0000000,0x00000000a3847138,0x00000000a9800000)
 Metaspace       used 60200K, capacity 62936K, committed 63064K, reserved 1103872K
  class space    used 8162K, capacity 8713K, committed 8832K, reserved 1048576K
GC Heap History (10 events):
Event: 25.246 GC heap before
{Heap before GC invocations=16 (full 2):
 PSYoungGen      total 136192K, used 109367K [0x00000000e0000000, 0x00000000ecc80000, 0x0000000100000000)
  eden space 119808K, 77% used [0x00000000e0000000,0x00000000e5ad1c00,0x00000000e7500000)
  from space 16384K, 99% used [0x00000000e7500000,0x00000000e84fc238,0x00000000e8500000)
  to   space 23040K, 0% used [0x00000000eb600000,0x00000000eb600000,0x00000000ecc80000)
 ParOldGen       total 91136K, used 33624K [0x00000000a0000000, 0x00000000a5900000, 0x00000000e0000000)
  object space 91136K, 36% used [0x00000000a0000000,0x00000000a20d6148,0x00000000a5900000)
 Metaspace       used 56513K, capacity 58868K, committed 59028K, reserved 1099776K
  class space    used 7844K, capacity 8357K, committed 8448K, reserved 1048576K
Event: 25.294 GC heap after
Heap after GC invocations=16 (full 2):
 PSYoungGen      total 183296K, used 22013K [0x00000000e0000000, 0x00000000ed280000, 0x0000000100000000)
  eden space 160256K, 0% used [0x00000000e0000000,0x00000000e0000000,0x00000000e9c80000)
  from space 23040K, 95% used [0x00000000eb600000,0x00000000ecb7f758,0x00000000ecc80000)
  to   space 26112K, 0% used [0x00000000e9c80000,0x00000000e9c80000,0x00000000eb600000)
 ParOldGen       total 91136K, used 37336K [0x00000000a0000000, 0x00000000a5900000, 0x00000000e0000000)
  object space 91136K, 40% used [0x00000000a0000000,0x00000000a2476370,0x00000000a5900000)
 Metaspace       used 56513K, capacity 58868K, committed 59028K, reserved 1099776K
  class space    used 7844K, capacity 8357K, committed 8448K, reserved 1048576K
}
Event: 25.294 GC heap before
{Heap before GC invocations=17 (full 3):
 PSYoungGen      total 183296K, used 22013K [0x00000000e0000000, 0x00000000ed280000, 0x0000000100000000)
  eden space 160256K, 0% used [0x00000000e0000000,0x00000000e0000000,0x00000000e9c80000)
  from space 23040K, 95% used [0x00000000eb600000,0x00000000ecb7f758,0x00000000ecc80000)
  to   space 26112K, 0% used [0x00000000e9c80000,0x00000000e9c80000,0x00000000eb600000)
 ParOldGen       total 91136K, used 37336K [0x00000000a0000000, 0x00000000a5900000, 0x00000000e0000000)
  object space 91136K, 40% used [0x00000000a0000000,0x00000000a2476370,0x00000000a5900000)
 Metaspace       used 56513K, capacity 58868K, committed 59028K, reserved 1099776K
  class space    used 7844K, capacity 8357K, committed 8448K, reserved 1048576K
Event: 25.706 GC heap after
Heap after GC invocations=17 (full 3):
 PSYoungGen      total 183296K, used 0K [0x00000000e0000000, 0x00000000ed280000, 0x0000000100000000)
  eden space 160256K, 0% used [0x00000000e0000000,0x00000000e0000000,0x00000000e9c80000)
  from space 23040K, 0% used [0x00000000eb600000,0x00000000eb600000,0x00000000ecc80000)
  to   space 26112K, 0% used [0x00000000e9c80000,0x00000000e9c80000,0x00000000eb600000)
 ParOldGen       total 155648K, used 51748K [0x00000000a0000000, 0x00000000a9800000, 0x00000000e0000000)
  object space 155648K, 33% used [0x00000000a0000000,0x00000000a32890a0,0x00000000a9800000)
 Metaspace       used 56513K, capacity 58868K, committed 59028K, reserved 1099776K
  class space    used 7844K, capacity 8357K, committed 8448K, reserved 1048576K
}
Event: 43.874 GC heap before
{Heap before GC invocations=18 (full 3):
 PSYoungGen      total 183296K, used 160256K [0x00000000e0000000, 0x00000000ed280000, 0x0000000100000000)
  eden space 160256K, 100% used [0x00000000e0000000,0x00000000e9c80000,0x00000000e9c80000)
  from space 23040K, 0% used [0x00000000eb600000,0x00000000eb600000,0x00000000ecc80000)
  to   space 26112K, 0% used [0x00000000e9c80000,0x00000000e9c80000,0x00000000eb600000)
 ParOldGen       total 155648K, used 51748K [0x00000000a0000000, 0x00000000a9800000, 0x00000000e0000000)
  object space 155648K, 33% used [0x00000000a0000000,0x00000000a32890a0,0x00000000a9800000)
 Metaspace       used 58249K, capacity 60772K, committed 61016K, reserved 1101824K
  class space    used 8005K, capacity 8533K, committed 8576K, reserved 1048576K
Event: 43.893 GC heap after
Heap after GC invocations=18 (full 3):
 PSYoungGen      total 186368K, used 13445K [0x00000000e0000000, 0x00000000ef200000, 0x0000000100000000)
  eden space 160256K, 0% used [0x00000000e0000000,0x00000000e0000000,0x00000000e9c80000)
  from space 26112K, 51% used [0x00000000e9c80000,0x00000000ea9a1498,0x00000000eb600000)
  to   space 25088K, 0% used [0x00000000ed980000,0x00000000ed980000,0x00000000ef200000)
 ParOldGen       total 155648K, used 51756K [0x00000000a0000000, 0x00000000a9800000, 0x00000000e0000000)
  object space 155648K, 33% used [0x00000000a0000000,0x00000000a328b0a0,0x00000000a9800000)
 Metaspace       used 58249K, capacity 60772K, committed 61016K, reserved 1101824K
  class space    used 8005K, capacity 8533K, committed 8576K, reserved 1048576K
}
Event: 48.935 GC heap before
{Heap before GC invocations=19 (full 3):
 PSYoungGen      total 186368K, used 173701K [0x00000000e0000000, 0x00000000ef200000, 0x0000000100000000)
  eden space 160256K, 100% used [0x00000000e0000000,0x00000000e9c80000,0x00000000e9c80000)
  from space 26112K, 51% used [0x00000000e9c80000,0x00000000ea9a1498,0x00000000eb600000)
  to   space 25088K, 0% used [0x00000000ed980000,0x00000000ed980000,0x00000000ef200000)
 ParOldGen       total 155648K, used 51756K [0x00000000a0000000, 0x00000000a9800000, 0x00000000e0000000)
  object space 155648K, 33% used [0x00000000a0000000,0x00000000a328b0a0,0x00000000a9800000)
 Metaspace       used 59807K, capacity 62440K, committed 62680K, reserved 1103872K
  class space    used 8138K, capacity 8681K, committed 8704K, reserved 1048576K
Event: 48.956 GC heap after
Heap after GC invocations=19 (full 3):
 PSYoungGen      total 216576K, used 16625K [0x00000000e0000000, 0x00000000eef80000, 0x0000000100000000)
  eden space 194048K, 0% used [0x00000000e0000000,0x00000000e0000000,0x00000000ebd80000)
  from space 22528K, 73% used [0x00000000ed980000,0x00000000ee9bc760,0x00000000eef80000)
  to   space 25600K, 0% used [0x00000000ebd80000,0x00000000ebd80000,0x00000000ed680000)
 ParOldGen       total 155648K, used 51764K [0x00000000a0000000, 0x00000000a9800000, 0x00000000e0000000)
  object space 155648K, 33% used [0x00000000a0000000,0x00000000a328d0a0,0x00000000a9800000)
 Metaspace       used 59807K, capacity 62440K, committed 62680K, reserved 1103872K
  class space    used 8138K, capacity 8681K, committed 8704K, reserved 1048576K
}
Event: 50.650 GC heap before
{Heap before GC invocations=20 (full 3):
 PSYoungGen      total 216576K, used 210673K [0x00000000e0000000, 0x00000000eef80000, 0x0000000100000000)
  eden space 194048K, 100% used [0x00000000e0000000,0x00000000ebd80000,0x00000000ebd80000)
  from space 22528K, 73% used [0x00000000ed980000,0x00000000ee9bc760,0x00000000eef80000)
  to   space 25600K, 0% used [0x00000000ebd80000,0x00000000ebd80000,0x00000000ed680000)
 ParOldGen       total 155648K, used 51764K [0x00000000a0000000, 0x00000000a9800000, 0x00000000e0000000)
  object space 155648K, 33% used [0x00000000a0000000,0x00000000a328d0a0,0x00000000a9800000)
 Metaspace       used 59852K, capacity 62504K, committed 62680K, reserved 1103872K
  class space    used 8139K, capacity 8681K, committed 8704K, reserved 1048576K
Event: 50.675 GC heap after
Heap after GC invocations=20 (full 3):
 PSYoungGen      total 219648K, used 25573K [0x00000000e0000000, 0x00000000f1880000, 0x0000000100000000)
  eden space 194048K, 0% used [0x00000000e0000000,0x00000000e0000000,0x00000000ebd80000)
  from space 25600K, 99% used [0x00000000ebd80000,0x00000000ed679558,0x00000000ed680000)
  to   space 31744K, 0% used [0x00000000ef980000,0x00000000ef980000,0x00000000f1880000)
 ParOldGen       total 155648K, used 57628K [0x00000000a0000000, 0x00000000a9800000, 0x00000000e0000000)
  object space 155648K, 37% used [0x00000000a0000000,0x00000000a3847138,0x00000000a9800000)
 Metaspace       used 59852K, capacity 62504K, committed 62680K, reserved 1103872K
  class space    used 8139K, capacity 8681K, committed 8704K, reserved 1048576K
}

