# JRE version: Java(TM) SE Runtime Environment (8.0_121-b13) (build 1.8.0_121-b13)
# Java VM: Java HotSpot(TM) 64-Bit Server VM (25.121-b13 mixed mode linux-amd64 compressed oops)
Heap:
 PSYoungGen      total 160768K, used 80668K [0x00000000e0000000, 0x00000000eb580000, 0x0000000100000000)
  eden space 147968K, 45% used [0x00000000e0000000,0x00000000e424dd58,0x00000000e9080000)
  from space 12800K, 99% used [0x00000000ea200000,0x00000000eae79498,0x00000000eae80000)
  to   space 17920K, 0% used [0x00000000e9080000,0x00000000e9080000,0x00000000ea200000)
 ParOldGen       total 117248K, used 23993K [0x00000000a0000000, 0x00000000a7280000, 0x00000000e0000000)
  object space 117248K, 20% used [0x00000000a0000000,0x00000000a176e758,0x00000000a7280000)
 Metaspace       used 51129K, capacity 52676K, committed 52992K, reserved 1095680K
  class space    used 7041K, capacity 7379K, committed 7424K, reserved 1048576K
GC Heap History (10 events):
Event: 4.778 GC heap before
{Heap before GC invocations=6 (full 1):
 PSYoungGen      total 88576K, used 88572K [0x00000000e0000000, 0x00000000e8600000, 0x0000000100000000)
  eden space 83456K, 100% used [0x00000000e0000000,0x00000000e5180000,0x00000000e5180000)
  from space 5120K, 99% used [0x00000000e8100000,0x00000000e85ff2a0,0x00000000e8600000)
  to   space 5120K, 0% used [0x00000000e7c00000,0x00000000e7c00000,0x00000000e8100000)
 ParOldGen       total 72704K, used 13906K [0x00000000a0000000, 0x00000000a4700000, 0x00000000e0000000)
  object space 72704K, 19% used [0x00000000a0000000,0x00000000a0d94bb8,0x00000000a4700000)
 Metaspace       used 31412K, capacity 31912K, committed 32128K, reserved 1077248K
  class space    used 4346K, capacity 4478K, committed 4480K, reserved 1048576K
Event: 4.792 GC heap after
Heap after GC invocations=6 (full 1):
 PSYoungGen      total 112640K, used 5108K [0x00000000e0000000, 0x00000000e8180000, 0x0000000100000000)
  eden space 107520K, 0% used [0x00000000e0000000,0x00000000e0000000,0x00000000e6900000)
  from space 5120K, 99% used [0x00000000e7c00000,0x00000000e80fd020,0x00000000e8100000)
  to   space 512K, 0% used [0x00000000e8100000,0x00000000e8100000,0x00000000e8180000)
 ParOldGen       total 72704K, used 17357K [0x00000000a0000000, 0x00000000a4700000, 0x00000000e0000000)
  object space 72704K, 23% used [0x00000000a0000000,0x00000000a10f3588,0x00000000a4700000)
 Metaspace       used 31412K, capacity 31912K, committed 32128K, reserved 1077248K
  class space    used 4346K, capacity 4478K, committed 4480K, reserved 1048576K
}
Event: 5.486 GC heap before
{Heap before GC invocations=7 (full 1):
 PSYoungGen      total 112640K, used 58926K [0x00000000e0000000, 0x00000000e8180000, 0x0000000100000000)
  eden space 107520K, 50% used [0x00000000e0000000,0x00000000e348eb18,0x00000000e6900000)
  from space 5120K, 99% used [0x00000000e7c00000,0x00000000e80fd020,0x00000000e8100000)
  to   space 512K, 0% used [0x00000000e8100000,0x00000000e8100000,0x00000000e8180000)
 ParOldGen       total 72704K, used 17357K [0x00000000a0000000, 0x00000000a4700000, 0x00000000e0000000)
  object space 72704K, 23% used [0x00000000a0000000,0x00000000a10f3588,0x00000000a4700000)
 Metaspace       used 34686K, capacity 35214K, committed 35456K, reserved 1079296K
  class space    used 4764K, capacity 4919K, committed 4992K, reserved 1048576K
Event: 5.508 GC heap after
Heap after GC invocations=7 (full 1):
 PSYoungGen      total 120320K, used 512K [0x00000000e0000000, 0x00000000ea500000, 0x0000000100000000)
  eden space 119808K, 0% used [0x00000000e0000000,0x00000000e0000000,0x00000000e7500000)
  from space 512K, 100% used [0x00000000e8100000,0x00000000e8180000,0x00000000e8180000)
  to   space 12288K, 0% used [0x00000000e7500000,0x00000000e7500000,0x00000000e8100000)
 ParOldGen       total 72704K, used 26144K [0x00000000a0000000, 0x00000000a4700000, 0x00000000e0000000)
  object space 72704K, 35% used [0x00000000a0000000,0x00000000a1988398,0x00000000a4700000)
 Metaspace       used 34686K, capacity 35214K, committed 35456K, reserved 1079296K
  class space    used 4764K, capacity 4919K, committed 4992K, reserved 1048576K
}
Event: 5.508 GC heap before
{Heap before GC invocations=8 (full 2):
 PSYoungGen      total 120320K, used 512K [0x00000000e0000000, 0x00000000ea500000, 0x0000000100000000)
  eden space 119808K, 0% used [0x00000000e0000000,0x00000000e0000000,0x00000000e7500000)
  from space 512K, 100% used [0x00000000e8100000,0x00000000e8180000,0x00000000e8180000)
  to   space 12288K, 0% used [0x00000000e7500000,0x00000000e7500000,0x00000000e8100000)
 ParOldGen       total 72704K, used 26144K [0x00000000a0000000, 0x00000000a4700000, 0x00000000e0000000)
  object space 72704K, 35% used [0x00000000a0000000,0x00000000a1988398,0x00000000a4700000)
 Metaspace       used 34686K, capacity 35214K, committed 35456K, reserved 1079296K
  class space    used 4764K, capacity 4919K, committed 4992K, reserved 1048576K
Event: 5.684 GC heap after
Heap after GC invocations=8 (full 2):
 PSYoungGen      total 120320K, used 0K [0x00000000e0000000, 0x00000000ea500000, 0x0000000100000000)
  eden space 119808K, 0% used [0x00000000e0000000,0x00000000e0000000,0x00000000e7500000)
  from space 512K, 0% used [0x00000000e8100000,0x00000000e8100000,0x00000000e8180000)
  to   space 12288K, 0% used [0x00000000e7500000,0x00000000e7500000,0x00000000e8100000)
 ParOldGen       total 117248K, used 16345K [0x00000000a0000000, 0x00000000a7280000, 0x00000000e0000000)
  object space 117248K, 13% used [0x00000000a0000000,0x00000000a0ff6548,0x00000000a7280000)
 Metaspace       used 34686K, capacity 35214K, committed 35456K, reserved 1079296K
  class space    used 4764K, capacity 4919K, committed 4992K, reserved 1048576K
}
Event: 6.953 GC heap before
{Heap before GC invocations=9 (full 2):
 PSYoungGen      total 120320K, used 119808K [0x00000000e0000000, 0x00000000ea500000, 0x0000000100000000)
  eden space 119808K, 100% used [0x00000000e0000000,0x00000000e7500000,0x00000000e7500000)
  from space 512K, 0% used [0x00000000e8100000,0x00000000e8100000,0x00000000e8180000)
  to   space 12288K, 0% used [0x00000000e7500000,0x00000000e7500000,0x00000000e8100000)
 ParOldGen       total 117248K, used 16345K [0x00000000a0000000, 0x00000000a7280000, 0x00000000e0000000)
  object space 117248K, 13% used [0x00000000a0000000,0x00000000a0ff6548,0x00000000a7280000)
 Metaspace       used 42284K, capacity 43156K, committed 43520K, reserved 1087488K
  class space    used 5801K, capacity 6027K, committed 6144K, reserved 1048576K
Event: 6.968 GC heap after
Heap after GC invocations=9 (full 2):
 PSYoungGen      total 132096K, used 10856K [0x00000000e0000000, 0x00000000eae80000, 0x0000000100000000)
  eden space 119808K, 0% used [0x00000000e0000000,0x00000000e0000000,0x00000000e7500000)
  from space 12288K, 88% used [0x00000000e7500000,0x00000000e7f9a0e0,0x00000000e8100000)
  to   space 12800K, 0% used [0x00000000ea200000,0x00000000ea200000,0x00000000eae80000)
 ParOldGen       total 117248K, used 16353K [0x00000000a0000000, 0x00000000a7280000, 0x00000000e0000000)
  object space 117248K, 13% used [0x00000000a0000000,0x00000000a0ff8548,0x00000000a7280000)
 Metaspace       used 42284K, capacity 43156K, committed 43520K, reserved 1087488K
  class space    used 5801K, capacity 6027K, committed 6144K, reserved 1048576K
}
Event: 9.641 GC heap before
{Heap before GC invocations=10 (full 2):
 PSYoungGen      total 132096K, used 130664K [0x00000000e0000000, 0x00000000eae80000, 0x0000000100000000)
  eden space 119808K, 100% used [0x00000000e0000000,0x00000000e7500000,0x00000000e7500000)
  from space 12288K, 88% used [0x00000000e7500000,0x00000000e7f9a0e0,0x00000000e8100000)
  to   space 12800K, 0% used [0x00000000ea200000,0x00000000ea200000,0x00000000eae80000)
 ParOldGen       total 117248K, used 16353K [0x00000000a0000000, 0x00000000a7280000, 0x00000000e0000000)
  object space 117248K, 13% used [0x00000000a0000000,0x00000000a0ff8548,0x00000000a7280000)
 Metaspace       used 50385K, capacity 51844K, committed 52096K, reserved 1093632K
  class space    used 6984K, capacity 7279K, committed 7296K, reserved 1048576K
Event: 9.664 GC heap after
Heap after GC invocations=10 (full 2):
 PSYoungGen      total 160768K, used 12773K [0x00000000e0000000, 0x00000000eb580000, 0x0000000100000000)
  eden space 147968K, 0% used [0x00000000e0000000,0x00000000e0000000,0x00000000e9080000)
  from space 12800K, 99% used [0x00000000ea200000,0x00000000eae79498,0x00000000eae80000)
  to   space 17920K, 0% used [0x00000000e9080000,0x00000000e9080000,0x00000000ea200000)
 ParOldGen       total 117248K, used 23993K [0x00000000a0000000, 0x00000000a7280000, 0x00000000e0000000)
  object space 117248K, 20% used [0x00000000a0000000,0x00000000a176e758,0x00000000a7280000)
 Metaspace       used 50385K, capacity 51844K, committed 52096K, reserved 1093632K
  class space    used 6984K, capacity 7279K, committed 7296K, reserved 1048576K
}

