# JRE version: Java(TM) SE Runtime Environment (8.0_121-b13) (build 1.8.0_121-b13)
# Java VM: Java HotSpot(TM) 64-Bit Server VM (25.121-b13 mixed mode linux-amd64 compressed oops)
Heap:
 PSYoungGen      total 120320K, used 95304K [0x00000000e0000000, 0x00000000ea200000, 0x0000000100000000)
  eden space 119808K, 79% used [0x00000000e0000000,0x00000000e5d123a8,0x00000000e7500000)
  from space 512K, 0% used [0x00000000e8100000,0x00000000e8100000,0x00000000e8180000)
  to   space 12288K, 0% used [0x00000000e7500000,0x00000000e7500000,0x00000000e8100000)
 ParOldGen       total 116224K, used 17289K [0x00000000a0000000, 0x00000000a7180000, 0x00000000e0000000)
  object space 116224K, 14% used [0x00000000a0000000,0x00000000a10e2488,0x00000000a7180000)
 Metaspace       used 40151K, capacity 41106K, committed 41304K, reserved 1085440K
  class space    used 5418K, capacity 5671K, committed 5760K, reserved 1048576K
GC Heap History (10 events):
Event: 2.164 GC heap before
{Heap before GC invocations=4 (full 1):
 PSYoungGen      total 68608K, used 5099K [0x00000000e0000000, 0x00000000e8600000, 0x0000000100000000)
  eden space 63488K, 0% used [0x00000000e0000000,0x00000000e0000000,0x00000000e3e00000)
  from space 5120K, 99% used [0x00000000e3e00000,0x00000000e42fafd0,0x00000000e4300000)
  to   space 5120K, 0% used [0x00000000e8100000,0x00000000e8100000,0x00000000e8600000)
 ParOldGen       total 84992K, used 8256K [0x00000000a0000000, 0x00000000a5300000, 0x00000000e0000000)
  object space 84992K, 9% used [0x00000000a0000000,0x00000000a0810088,0x00000000a5300000)
 Metaspace       used 20762K, capacity 21134K, committed 21248K, reserved 1067008K
  class space    used 2824K, capacity 2976K, committed 3072K, reserved 1048576K
Event: 2.236 GC heap after
Heap after GC invocations=4 (full 1):
 PSYoungGen      total 68608K, used 0K [0x00000000e0000000, 0x00000000e8600000, 0x0000000100000000)
  eden space 63488K, 0% used [0x00000000e0000000,0x00000000e0000000,0x00000000e3e00000)
  from space 5120K, 0% used [0x00000000e3e00000,0x00000000e3e00000,0x00000000e4300000)
  to   space 5120K, 0% used [0x00000000e8100000,0x00000000e8100000,0x00000000e8600000)
 ParOldGen       total 74752K, used 12287K [0x00000000a0000000, 0x00000000a4900000, 0x00000000e0000000)
  object space 74752K, 16% used [0x00000000a0000000,0x00000000a0bffc38,0x00000000a4900000)
 Metaspace       used 20762K, capacity 21134K, committed 21248K, reserved 1067008K
  class space    used 2824K, capacity 2976K, committed 3072K, reserved 1048576K
}
Event: 3.385 GC heap before
{Heap before GC invocations=5 (full 1):
 PSYoungGen      total 68608K, used 63488K [0x00000000e0000000, 0x00000000e8600000, 0x0000000100000000)
  eden space 63488K, 100% used [0x00000000e0000000,0x00000000e3e00000,0x00000000e3e00000)
  from space 5120K, 0% used [0x00000000e3e00000,0x00000000e3e00000,0x00000000e4300000)
  to   space 5120K, 0% used [0x00000000e8100000,0x00000000e8100000,0x00000000e8600000)
 ParOldGen       total 74752K, used 12287K [0x00000000a0000000, 0x00000000a4900000, 0x00000000e0000000)
  object space 74752K, 16% used [0x00000000a0000000,0x00000000a0bffc38,0x00000000a4900000)
 Metaspace       used 26041K, capacity 26548K, committed 26752K, reserved 1073152K
  class space    used 3693K, capacity 3851K, committed 3968K, reserved 1048576K
Event: 3.398 GC heap after
Heap after GC invocations=5 (full 1):
 PSYoungGen      total 86528K, used 5116K [0x00000000e0000000, 0x00000000e8600000, 0x0000000100000000)
  eden space 81408K, 0% used [0x00000000e0000000,0x00000000e0000000,0x00000000e4f80000)
  from space 5120K, 99% used [0x00000000e8100000,0x00000000e85ff0e8,0x00000000e8600000)
  to   space 5120K, 0% used [0x00000000e7c00000,0x00000000e7c00000,0x00000000e8100000)
 ParOldGen       total 74752K, used 14694K [0x00000000a0000000, 0x00000000a4900000, 0x00000000e0000000)
  object space 74752K, 19% used [0x00000000a0000000,0x00000000a0e598a8,0x00000000a4900000)
 Metaspace       used 26041K, capacity 26548K, committed 26752K, reserved 1073152K
  class space    used 3693K, capacity 3851K, committed 3968K, reserved 1048576K
}
Event: 4.863 GC heap before
{Heap before GC invocations=6 (full 1):
 PSYoungGen      total 86528K, used 86524K [0x00000000e0000000, 0x00000000e8600000, 0x0000000100000000)
  eden space 81408K, 100% used [0x00000000e0000000,0x00000000e4f80000,0x00000000e4f80000)
  from space 5120K, 99% used [0x00000000e8100000,0x00000000e85ff0e8,0x00000000e8600000)
  to   space 5120K, 0% used [0x00000000e7c00000,0x00000000e7c00000,0x00000000e8100000)
 ParOldGen       total 74752K, used 14694K [0x00000000a0000000, 0x00000000a4900000, 0x00000000e0000000)
  object space 74752K, 19% used [0x00000000a0000000,0x00000000a0e598a8,0x00000000a4900000)
 Metaspace       used 30007K, capacity 30608K, committed 30848K, reserved 1075200K
  class space    used 4211K, capacity 4387K, committed 4480K, reserved 1048576K
Event: 4.879 GC heap after
Heap after GC invocations=6 (full 1):
 PSYoungGen      total 109056K, used 5108K [0x00000000e0000000, 0x00000000e8180000, 0x0000000100000000)
  eden space 103936K, 0% used [0x00000000e0000000,0x00000000e0000000,0x00000000e6580000)
  from space 5120K, 99% used [0x00000000e7c00000,0x00000000e80fd020,0x00000000e8100000)
  to   space 512K, 0% used [0x00000000e8100000,0x00000000e8100000,0x00000000e8180000)
 ParOldGen       total 74752K, used 17739K [0x00000000a0000000, 0x00000000a4900000, 0x00000000e0000000)
  object space 74752K, 23% used [0x00000000a0000000,0x00000000a1152c38,0x00000000a4900000)
 Metaspace       used 30007K, capacity 30608K, committed 30848K, reserved 1075200K
  class space    used 4211K, capacity 4387K, committed 4480K, reserved 1048576K
}
Event: 5.561 GC heap before
{Heap before GC invocations=7 (full 1):
 PSYoungGen      total 109056K, used 50668K [0x00000000e0000000, 0x00000000e8180000, 0x0000000100000000)
  eden space 103936K, 43% used [0x00000000e0000000,0x00000000e2c7e280,0x00000000e6580000)
  from space 5120K, 99% used [0x00000000e7c00000,0x00000000e80fd020,0x00000000e8100000)
  to   space 512K, 0% used [0x00000000e8100000,0x00000000e8100000,0x00000000e8180000)
 ParOldGen       total 74752K, used 17739K [0x00000000a0000000, 0x00000000a4900000, 0x00000000e0000000)
  object space 74752K, 23% used [0x00000000a0000000,0x00000000a1152c38,0x00000000a4900000)
 Metaspace       used 34699K, capacity 35398K, committed 35416K, reserved 1079296K
  class space    used 4790K, capacity 4988K, committed 4992K, reserved 1048576K
Event: 5.586 GC heap after
Heap after GC invocations=7 (full 1):
 PSYoungGen      total 120320K, used 512K [0x00000000e0000000, 0x00000000ea200000, 0x0000000100000000)
  eden space 119808K, 0% used [0x00000000e0000000,0x00000000e0000000,0x00000000e7500000)
  from space 512K, 100% used [0x00000000e8100000,0x00000000e8180000,0x00000000e8180000)
  to   space 12288K, 0% used [0x00000000e7500000,0x00000000e7500000,0x00000000e8100000)
 ParOldGen       total 74752K, used 27303K [0x00000000a0000000, 0x00000000a4900000, 0x00000000e0000000)
  object space 74752K, 36% used [0x00000000a0000000,0x00000000a1aa9ea8,0x00000000a4900000)
 Metaspace       used 34699K, capacity 35398K, committed 35416K, reserved 1079296K
  class space    used 4790K, capacity 4988K, committed 4992K, reserved 1048576K
}
Event: 5.586 GC heap before
{Heap before GC invocations=8 (full 2):
 PSYoungGen      total 120320K, used 512K [0x00000000e0000000, 0x00000000ea200000, 0x0000000100000000)
  eden space 119808K, 0% used [0x00000000e0000000,0x00000000e0000000,0x00000000e7500000)
  from space 512K, 100% used [0x00000000e8100000,0x00000000e8180000,0x00000000e8180000)
  to   space 12288K, 0% used [0x00000000e7500000,0x00000000e7500000,0x00000000e8100000)
 ParOldGen       total 74752K, used 27303K [0x00000000a0000000, 0x00000000a4900000, 0x00000000e0000000)
  object space 74752K, 36% used [0x00000000a0000000,0x00000000a1aa9ea8,0x00000000a4900000)
 Metaspace       used 34699K, capacity 35398K, committed 35416K, reserved 1079296K
  class space    used 4790K, capacity 4988K, committed 4992K, reserved 1048576K
Event: 5.695 GC heap after
Heap after GC invocations=8 (full 2):
 PSYoungGen      total 120320K, used 0K [0x00000000e0000000, 0x00000000ea200000, 0x0000000100000000)
  eden space 119808K, 0% used [0x00000000e0000000,0x00000000e0000000,0x00000000e7500000)
  from space 512K, 0% used [0x00000000e8100000,0x00000000e8100000,0x00000000e8180000)
  to   space 12288K, 0% used [0x00000000e7500000,0x00000000e7500000,0x00000000e8100000)
 ParOldGen       total 116224K, used 17289K [0x00000000a0000000, 0x00000000a7180000, 0x00000000e0000000)
  object space 116224K, 14% used [0x00000000a0000000,0x00000000a10e2488,0x00000000a7180000)
 Metaspace       used 34699K, capacity 35398K, committed 35416K, reserved 1079296K
  class space    used 4790K, capacity 4988K, committed 4992K, reserved 1048576K
}

