# JRE version: Java(TM) SE Runtime Environment (8.0_121-b13) (build 1.8.0_121-b13)
# Java VM: Java HotSpot(TM) 64-Bit Server VM (25.121-b13 mixed mode linux-amd64 compressed oops)
Heap:
 PSYoungGen      total 119296K, used 27901K [0x00000000e0000000, 0x00000000e8b00000, 0x0000000100000000)
  eden space 101376K, 10% used [0x00000000e0000000,0x00000000e0a245c0,0x00000000e6300000)
  from space 17920K, 97% used [0x00000000e7800000,0x00000000e891afe0,0x00000000e8980000)
  to   space 20480K, 0% used [0x00000000e6300000,0x00000000e6300000,0x00000000e7700000)
 ParOldGen       total 106496K, used 25613K [0x00000000a0000000, 0x00000000a6800000, 0x00000000e0000000)
  object space 106496K, 24% used [0x00000000a0000000,0x00000000a1903490,0x00000000a6800000)
 Metaspace       used 53082K, capacity 54844K, committed 55040K, reserved 1097728K
  class space    used 7206K, capacity 7574K, committed 7680K, reserved 1048576K
GC Heap History (10 events):
Event: 32.160 GC heap before
{Heap before GC invocations=12 (full 2):
 PSYoungGen      total 61440K, used 51712K [0x00000000e0000000, 0x00000000e5380000, 0x0000000100000000)
  eden space 51712K, 100% used [0x00000000e0000000,0x00000000e3280000,0x00000000e3280000)
  from space 9728K, 0% used [0x00000000e3280000,0x00000000e3280000,0x00000000e3c00000)
  to   space 10752K, 0% used [0x00000000e4900000,0x00000000e4900000,0x00000000e5380000)
 ParOldGen       total 106496K, used 15891K [0x00000000a0000000, 0x00000000a6800000, 0x00000000e0000000)
  object space 106496K, 14% used [0x00000000a0000000,0x00000000a0f84c58,0x00000000a6800000)
 Metaspace       used 37505K, capacity 38260K, committed 38400K, reserved 1083392K
  class space    used 5126K, capacity 5301K, committed 5376K, reserved 1048576K
Event: 32.170 GC heap after
Heap after GC invocations=12 (full 2):
 PSYoungGen      total 75264K, used 6811K [0x00000000e0000000, 0x00000000e5400000, 0x0000000100000000)
  eden space 64512K, 0% used [0x00000000e0000000,0x00000000e0000000,0x00000000e3f00000)
  from space 10752K, 63% used [0x00000000e4900000,0x00000000e4fa6c10,0x00000000e5380000)
  to   space 10240K, 0% used [0x00000000e3f00000,0x00000000e3f00000,0x00000000e4900000)
 ParOldGen       total 106496K, used 15899K [0x00000000a0000000, 0x00000000a6800000, 0x00000000e0000000)
  object space 106496K, 14% used [0x00000000a0000000,0x00000000a0f86c58,0x00000000a6800000)
 Metaspace       used 37505K, capacity 38260K, committed 38400K, reserved 1083392K
  class space    used 5126K, capacity 5301K, committed 5376K, reserved 1048576K
}
Event: 33.711 GC heap before
{Heap before GC invocations=13 (full 2):
 PSYoungGen      total 75264K, used 71323K [0x00000000e0000000, 0x00000000e5400000, 0x0000000100000000)
  eden space 64512K, 100% used [0x00000000e0000000,0x00000000e3f00000,0x00000000e3f00000)
  from space 10752K, 63% used [0x00000000e4900000,0x00000000e4fa6c10,0x00000000e5380000)
  to   space 10240K, 0% used [0x00000000e3f00000,0x00000000e3f00000,0x00000000e4900000)
 ParOldGen       total 106496K, used 15899K [0x00000000a0000000, 0x00000000a6800000, 0x00000000e0000000)
  object space 106496K, 14% used [0x00000000a0000000,0x00000000a0f86c58,0x00000000a6800000)
 Metaspace       used 43180K, capacity 44030K, committed 44160K, reserved 1087488K
  class space    used 5919K, capacity 6149K, committed 6272K, reserved 1048576K
Event: 33.724 GC heap after
Heap after GC invocations=13 (full 2):
 PSYoungGen      total 74752K, used 10224K [0x00000000e0000000, 0x00000000e6680000, 0x0000000100000000)
  eden space 64512K, 0% used [0x00000000e0000000,0x00000000e0000000,0x00000000e3f00000)
  from space 10240K, 99% used [0x00000000e3f00000,0x00000000e48fc2a8,0x00000000e4900000)
  to   space 11776K, 0% used [0x00000000e5b00000,0x00000000e5b00000,0x00000000e6680000)
 ParOldGen       total 106496K, used 16374K [0x00000000a0000000, 0x00000000a6800000, 0x00000000e0000000)
  object space 106496K, 15% used [0x00000000a0000000,0x00000000a0ffda48,0x00000000a6800000)
 Metaspace       used 43180K, capacity 44030K, committed 44160K, reserved 1087488K
  class space    used 5919K, capacity 6149K, committed 6272K, reserved 1048576K
}
Event: 35.464 GC heap before
{Heap before GC invocations=14 (full 2):
 PSYoungGen      total 74752K, used 74736K [0x00000000e0000000, 0x00000000e6680000, 0x0000000100000000)
  eden space 64512K, 100% used [0x00000000e0000000,0x00000000e3f00000,0x00000000e3f00000)
  from space 10240K, 99% used [0x00000000e3f00000,0x00000000e48fc2a8,0x00000000e4900000)
  to   space 11776K, 0% used [0x00000000e5b00000,0x00000000e5b00000,0x00000000e6680000)
 ParOldGen       total 106496K, used 16374K [0x00000000a0000000, 0x00000000a6800000, 0x00000000e0000000)
  object space 106496K, 15% used [0x00000000a0000000,0x00000000a0ffda48,0x00000000a6800000)
 Metaspace       used 45889K, capacity 46988K, committed 47104K, reserved 1089536K
  class space    used 6305K, capacity 6546K, committed 6656K, reserved 1048576K
Event: 35.485 GC heap after
Heap after GC invocations=14 (full 2):
 PSYoungGen      total 91136K, used 11763K [0x00000000e0000000, 0x00000000e6b80000, 0x0000000100000000)
  eden space 79360K, 0% used [0x00000000e0000000,0x00000000e0000000,0x00000000e4d80000)
  from space 11776K, 99% used [0x00000000e5b00000,0x00000000e667cc90,0x00000000e6680000)
  to   space 13824K, 0% used [0x00000000e4d80000,0x00000000e4d80000,0x00000000e5b00000)
 ParOldGen       total 106496K, used 18350K [0x00000000a0000000, 0x00000000a6800000, 0x00000000e0000000)
  object space 106496K, 17% used [0x00000000a0000000,0x00000000a11eba68,0x00000000a6800000)
 Metaspace       used 45889K, capacity 46988K, committed 47104K, reserved 1089536K
  class space    used 6305K, capacity 6546K, committed 6656K, reserved 1048576K
}
Event: 38.147 GC heap before
{Heap before GC invocations=15 (full 2):
 PSYoungGen      total 91136K, used 91123K [0x00000000e0000000, 0x00000000e6b80000, 0x0000000100000000)
  eden space 79360K, 100% used [0x00000000e0000000,0x00000000e4d80000,0x00000000e4d80000)
  from space 11776K, 99% used [0x00000000e5b00000,0x00000000e667cc90,0x00000000e6680000)
  to   space 13824K, 0% used [0x00000000e4d80000,0x00000000e4d80000,0x00000000e5b00000)
 ParOldGen       total 106496K, used 18350K [0x00000000a0000000, 0x00000000a6800000, 0x00000000e0000000)
  object space 106496K, 17% used [0x00000000a0000000,0x00000000a11eba68,0x00000000a6800000)
 Metaspace       used 50768K, capacity 52424K, committed 52480K, reserved 1093632K
  class space    used 7024K, capacity 7384K, committed 7424K, reserved 1048576K
Event: 38.208 GC heap after
Heap after GC invocations=15 (full 2):
 PSYoungGen      total 93184K, used 13824K [0x00000000e0000000, 0x00000000e8980000, 0x0000000100000000)
  eden space 79360K, 0% used [0x00000000e0000000,0x00000000e0000000,0x00000000e4d80000)
  from space 13824K, 100% used [0x00000000e4d80000,0x00000000e5b00000,0x00000000e5b00000)
  to   space 17920K, 0% used [0x00000000e7800000,0x00000000e7800000,0x00000000e8980000)
 ParOldGen       total 106496K, used 25605K [0x00000000a0000000, 0x00000000a6800000, 0x00000000e0000000)
  object space 106496K, 24% used [0x00000000a0000000,0x00000000a1901490,0x00000000a6800000)
 Metaspace       used 50768K, capacity 52424K, committed 52480K, reserved 1093632K
  class space    used 7024K, capacity 7384K, committed 7424K, reserved 1048576K
}
Event: 173.947 GC heap before
{Heap before GC invocations=16 (full 2):
 PSYoungGen      total 93184K, used 93184K [0x00000000e0000000, 0x00000000e8980000, 0x0000000100000000)
  eden space 79360K, 100% used [0x00000000e0000000,0x00000000e4d80000,0x00000000e4d80000)
  from space 13824K, 100% used [0x00000000e4d80000,0x00000000e5b00000,0x00000000e5b00000)
  to   space 17920K, 0% used [0x00000000e7800000,0x00000000e7800000,0x00000000e8980000)
 ParOldGen       total 106496K, used 25605K [0x00000000a0000000, 0x00000000a6800000, 0x00000000e0000000)
  object space 106496K, 24% used [0x00000000a0000000,0x00000000a1901490,0x00000000a6800000)
 Metaspace       used 53065K, capacity 54780K, committed 55040K, reserved 1097728K
  class space    used 7206K, capacity 7574K, committed 7680K, reserved 1048576K
Event: 174.018 GC heap after
Heap after GC invocations=16 (full 2):
 PSYoungGen      total 119296K, used 17515K [0x00000000e0000000, 0x00000000e8b00000, 0x0000000100000000)
  eden space 101376K, 0% used [0x00000000e0000000,0x00000000e0000000,0x00000000e6300000)
  from space 17920K, 97% used [0x00000000e7800000,0x00000000e891afe0,0x00000000e8980000)
  to   space 20480K, 0% used [0x00000000e6300000,0x00000000e6300000,0x00000000e7700000)
 ParOldGen       total 106496K, used 25613K [0x00000000a0000000, 0x00000000a6800000, 0x00000000e0000000)
  object space 106496K, 24% used [0x00000000a0000000,0x00000000a1903490,0x00000000a6800000)
 Metaspace       used 53065K, capacity 54780K, committed 55040K, reserved 1097728K
  class space    used 7206K, capacity 7574K, committed 7680K, reserved 1048576K
}

