# JRE version: Java(TM) SE Runtime Environment (8.0_121-b13) (build 1.8.0_121-b13)
# Java VM: Java HotSpot(TM) 64-Bit Server VM (25.121-b13 mixed mode linux-amd64 compressed oops)
Heap:
 PSYoungGen      total 171520K, used 26455K [0x00000000e0000000, 0x00000000ec080000, 0x0000000100000000)
  eden space 157696K, 8% used [0x00000000e0000000,0x00000000e0c57898,0x00000000e9a00000)
  from space 13824K, 99% used [0x00000000eaa00000,0x00000000eb77e4c0,0x00000000eb780000)
  to   space 16384K, 0% used [0x00000000e9a00000,0x00000000e9a00000,0x00000000eaa00000)
 ParOldGen       total 113664K, used 19051K [0x00000000a0000000, 0x00000000a6f00000, 0x00000000e0000000)
  object space 113664K, 16% used [0x00000000a0000000,0x00000000a129acf8,0x00000000a6f00000)
 Metaspace       used 47454K, capacity 48862K, committed 49152K, reserved 1091584K
  class space    used 6548K, capacity 6846K, committed 6912K, reserved 1048576K
GC Heap History (10 events):
Event: 6.962 GC heap before
{Heap before GC invocations=6 (full 1):
 PSYoungGen      total 87552K, used 87535K [0x00000000e0000000, 0x00000000e8600000, 0x0000000100000000)
  eden space 82432K, 100% used [0x00000000e0000000,0x00000000e5080000,0x00000000e5080000)
  from space 5120K, 99% used [0x00000000e8100000,0x00000000e85fbeb8,0x00000000e8600000)
  to   space 5120K, 0% used [0x00000000e7c00000,0x00000000e7c00000,0x00000000e8100000)
 ParOldGen       total 72192K, used 13873K [0x00000000a0000000, 0x00000000a4680000, 0x00000000e0000000)
  object space 72192K, 19% used [0x00000000a0000000,0x00000000a0d8c690,0x00000000a4680000)
 Metaspace       used 30937K, capacity 31486K, committed 31616K, reserved 1077248K
  class space    used 4289K, capacity 4447K, committed 4480K, reserved 1048576K
Event: 6.982 GC heap after
Heap after GC invocations=6 (full 1):
 PSYoungGen      total 110592K, used 5092K [0x00000000e0000000, 0x00000000e8180000, 0x0000000100000000)
  eden space 105472K, 0% used [0x00000000e0000000,0x00000000e0000000,0x00000000e6700000)
  from space 5120K, 99% used [0x00000000e7c00000,0x00000000e80f9030,0x00000000e8100000)
  to   space 512K, 0% used [0x00000000e8100000,0x00000000e8100000,0x00000000e8180000)
 ParOldGen       total 72192K, used 17255K [0x00000000a0000000, 0x00000000a4680000, 0x00000000e0000000)
  object space 72192K, 23% used [0x00000000a0000000,0x00000000a10d9c80,0x00000000a4680000)
 Metaspace       used 30937K, capacity 31486K, committed 31616K, reserved 1077248K
  class space    used 4289K, capacity 4447K, committed 4480K, reserved 1048576K
}
Event: 7.687 GC heap before
{Heap before GC invocations=7 (full 1):
 PSYoungGen      total 110592K, used 59405K [0x00000000e0000000, 0x00000000e8180000, 0x0000000100000000)
  eden space 105472K, 51% used [0x00000000e0000000,0x00000000e350a750,0x00000000e6700000)
  from space 5120K, 99% used [0x00000000e7c00000,0x00000000e80f9030,0x00000000e8100000)
  to   space 512K, 0% used [0x00000000e8100000,0x00000000e8100000,0x00000000e8180000)
 ParOldGen       total 72192K, used 17255K [0x00000000a0000000, 0x00000000a4680000, 0x00000000e0000000)
  object space 72192K, 23% used [0x00000000a0000000,0x00000000a10d9c80,0x00000000a4680000)
 Metaspace       used 34733K, capacity 35302K, committed 35456K, reserved 1079296K
  class space    used 4770K, capacity 4951K, committed 4992K, reserved 1048576K
Event: 7.706 GC heap after
Heap after GC invocations=7 (full 1):
 PSYoungGen      total 120320K, used 480K [0x00000000e0000000, 0x00000000ea400000, 0x0000000100000000)
  eden space 119808K, 0% used [0x00000000e0000000,0x00000000e0000000,0x00000000e7500000)
  from space 512K, 93% used [0x00000000e8100000,0x00000000e8178010,0x00000000e8180000)
  to   space 12288K, 0% used [0x00000000e7500000,0x00000000e7500000,0x00000000e8100000)
 ParOldGen       total 72192K, used 26285K [0x00000000a0000000, 0x00000000a4680000, 0x00000000e0000000)
  object space 72192K, 36% used [0x00000000a0000000,0x00000000a19ab458,0x00000000a4680000)
 Metaspace       used 34733K, capacity 35302K, committed 35456K, reserved 1079296K
  class space    used 4770K, capacity 4951K, committed 4992K, reserved 1048576K
}
Event: 7.706 GC heap before
{Heap before GC invocations=8 (full 2):
 PSYoungGen      total 120320K, used 480K [0x00000000e0000000, 0x00000000ea400000, 0x0000000100000000)
  eden space 119808K, 0% used [0x00000000e0000000,0x00000000e0000000,0x00000000e7500000)
  from space 512K, 93% used [0x00000000e8100000,0x00000000e8178010,0x00000000e8180000)
  to   space 12288K, 0% used [0x00000000e7500000,0x00000000e7500000,0x00000000e8100000)
 ParOldGen       total 72192K, used 26285K [0x00000000a0000000, 0x00000000a4680000, 0x00000000e0000000)
  object space 72192K, 36% used [0x00000000a0000000,0x00000000a19ab458,0x00000000a4680000)
 Metaspace       used 34733K, capacity 35302K, committed 35456K, reserved 1079296K
  class space    used 4770K, capacity 4951K, committed 4992K, reserved 1048576K
Event: 7.816 GC heap after
Heap after GC invocations=8 (full 2):
 PSYoungGen      total 120320K, used 0K [0x00000000e0000000, 0x00000000ea400000, 0x0000000100000000)
  eden space 119808K, 0% used [0x00000000e0000000,0x00000000e0000000,0x00000000e7500000)
  from space 512K, 0% used [0x00000000e8100000,0x00000000e8100000,0x00000000e8180000)
  to   space 12288K, 0% used [0x00000000e7500000,0x00000000e7500000,0x00000000e8100000)
 ParOldGen       total 113664K, used 16373K [0x00000000a0000000, 0x00000000a6f00000, 0x00000000e0000000)
  object space 113664K, 14% used [0x00000000a0000000,0x00000000a0ffd498,0x00000000a6f00000)
 Metaspace       used 34733K, capacity 35302K, committed 35456K, reserved 1079296K
  class space    used 4770K, capacity 4951K, committed 4992K, reserved 1048576K
}
Event: 9.636 GC heap before
{Heap before GC invocations=9 (full 2):
 PSYoungGen      total 120320K, used 119808K [0x00000000e0000000, 0x00000000ea400000, 0x0000000100000000)
  eden space 119808K, 100% used [0x00000000e0000000,0x00000000e7500000,0x00000000e7500000)
  from space 512K, 0% used [0x00000000e8100000,0x00000000e8100000,0x00000000e8180000)
  to   space 12288K, 0% used [0x00000000e7500000,0x00000000e7500000,0x00000000e8100000)
 ParOldGen       total 113664K, used 16373K [0x00000000a0000000, 0x00000000a6f00000, 0x00000000e0000000)
  object space 113664K, 14% used [0x00000000a0000000,0x00000000a0ffd498,0x00000000a6f00000)
 Metaspace       used 43118K, capacity 44026K, committed 44160K, reserved 1087488K
  class space    used 5912K, capacity 6152K, committed 6272K, reserved 1048576K
Event: 9.649 GC heap after
Heap after GC invocations=9 (full 2):
 PSYoungGen      total 132096K, used 12126K [0x00000000e0000000, 0x00000000eb780000, 0x0000000100000000)
  eden space 119808K, 0% used [0x00000000e0000000,0x00000000e0000000,0x00000000e7500000)
  from space 12288K, 98% used [0x00000000e7500000,0x00000000e80d7bf8,0x00000000e8100000)
  to   space 13824K, 0% used [0x00000000eaa00000,0x00000000eaa00000,0x00000000eb780000)
 ParOldGen       total 113664K, used 16381K [0x00000000a0000000, 0x00000000a6f00000, 0x00000000e0000000)
  object space 113664K, 14% used [0x00000000a0000000,0x00000000a0fff498,0x00000000a6f00000)
 Metaspace       used 43118K, capacity 44026K, committed 44160K, reserved 1087488K
  class space    used 5912K, capacity 6152K, committed 6272K, reserved 1048576K
}
Event: 11.030 GC heap before
{Heap before GC invocations=10 (full 2):
 PSYoungGen      total 132096K, used 131934K [0x00000000e0000000, 0x00000000eb780000, 0x0000000100000000)
  eden space 119808K, 100% used [0x00000000e0000000,0x00000000e7500000,0x00000000e7500000)
  from space 12288K, 98% used [0x00000000e7500000,0x00000000e80d7bf8,0x00000000e8100000)
  to   space 13824K, 0% used [0x00000000eaa00000,0x00000000eaa00000,0x00000000eb780000)
 ParOldGen       total 113664K, used 16381K [0x00000000a0000000, 0x00000000a6f00000, 0x00000000e0000000)
  object space 113664K, 14% used [0x00000000a0000000,0x00000000a0fff498,0x00000000a6f00000)
 Metaspace       used 47085K, capacity 48358K, committed 48512K, reserved 1091584K
  class space    used 6491K, capacity 6782K, committed 6784K, reserved 1048576K
Event: 11.056 GC heap after
Heap after GC invocations=10 (full 2):
 PSYoungGen      total 171520K, used 13817K [0x00000000e0000000, 0x00000000ec080000, 0x0000000100000000)
  eden space 157696K, 0% used [0x00000000e0000000,0x00000000e0000000,0x00000000e9a00000)
  from space 13824K, 99% used [0x00000000eaa00000,0x00000000eb77e4c0,0x00000000eb780000)
  to   space 16384K, 0% used [0x00000000e9a00000,0x00000000e9a00000,0x00000000eaa00000)
 ParOldGen       total 113664K, used 19051K [0x00000000a0000000, 0x00000000a6f00000, 0x00000000e0000000)
  object space 113664K, 16% used [0x00000000a0000000,0x00000000a129acf8,0x00000000a6f00000)
 Metaspace       used 47085K, capacity 48358K, committed 48512K, reserved 1091584K
  class space    used 6491K, capacity 6782K, committed 6784K, reserved 1048576K
}

