# JRE version: Java(TM) SE Runtime Environment (8.0_121-b13) (build 1.8.0_121-b13)
# Java VM: Java HotSpot(TM) 64-Bit Server VM (25.121-b13 mixed mode linux-amd64 compressed oops)
Heap:
 PSYoungGen      total 232960K, used 19936K [0x00000000e0000000, 0x00000000f4300000, 0x0000000100000000)
  eden space 212992K, 0% used [0x00000000e0000000,0x00000000e0000000,0x00000000ed000000)
  from space 19968K, 99% used [0x00000000ed000000,0x00000000ee378218,0x00000000ee380000)
  to   space 27648K, 0% used [0x00000000f2800000,0x00000000f2800000,0x00000000f4300000)
 ParOldGen       total 93696K, used 40307K [0x00000000a0000000, 0x00000000a5b80000, 0x00000000e0000000)
  object space 93696K, 43% used [0x00000000a0000000,0x00000000a275cd90,0x00000000a5b80000)
 Metaspace       used 56561K, capacity 58906K, committed 59028K, reserved 1099776K
  class space    used 7860K, capacity 8390K, committed 8448K, reserved 1048576K
GC Heap History (10 events):
Event: 10.559 GC heap after
Heap after GC invocations=7 (full 1):
 PSYoungGen      total 157184K, used 7611K [0x00000000e0000000, 0x00000000ee180000, 0x0000000100000000)
  eden space 143360K, 0% used [0x00000000e0000000,0x00000000e0000000,0x00000000e8c00000)
  from space 13824K, 55% used [0x00000000e9880000,0x00000000e9feeeb8,0x00000000ea600000)
  to   space 12800K, 0% used [0x00000000e8c00000,0x00000000e8c00000,0x00000000e9880000)
 ParOldGen       total 66560K, used 20664K [0x00000000a0000000, 0x00000000a4100000, 0x00000000e0000000)
  object space 66560K, 31% used [0x00000000a0000000,0x00000000a142e120,0x00000000a4100000)
 Metaspace       used 34713K, capacity 35392K, committed 35416K, reserved 1079296K
  class space    used 4784K, capacity 4987K, committed 4992K, reserved 1048576K
}
Event: 10.559 GC heap before
{Heap before GC invocations=8 (full 2):
 PSYoungGen      total 157184K, used 7611K [0x00000000e0000000, 0x00000000ee180000, 0x0000000100000000)
  eden space 143360K, 0% used [0x00000000e0000000,0x00000000e0000000,0x00000000e8c00000)
  from space 13824K, 55% used [0x00000000e9880000,0x00000000e9feeeb8,0x00000000ea600000)
  to   space 12800K, 0% used [0x00000000e8c00000,0x00000000e8c00000,0x00000000e9880000)
 ParOldGen       total 66560K, used 20664K [0x00000000a0000000, 0x00000000a4100000, 0x00000000e0000000)
  object space 66560K, 31% used [0x00000000a0000000,0x00000000a142e120,0x00000000a4100000)
 Metaspace       used 34713K, capacity 35392K, committed 35416K, reserved 1079296K
  class space    used 4784K, capacity 4987K, committed 4992K, reserved 1048576K
Event: 10.649 GC heap after
Heap after GC invocations=8 (full 2):
 PSYoungGen      total 157184K, used 0K [0x00000000e0000000, 0x00000000ee180000, 0x0000000100000000)
  eden space 143360K, 0% used [0x00000000e0000000,0x00000000e0000000,0x00000000e8c00000)
  from space 13824K, 0% used [0x00000000e9880000,0x00000000e9880000,0x00000000ea600000)
  to   space 12800K, 0% used [0x00000000e8c00000,0x00000000e8c00000,0x00000000e9880000)
 ParOldGen       total 93696K, used 19134K [0x00000000a0000000, 0x00000000a5b80000, 0x00000000e0000000)
  object space 93696K, 20% used [0x00000000a0000000,0x00000000a12af908,0x00000000a5b80000)
 Metaspace       used 34713K, capacity 35392K, committed 35416K, reserved 1079296K
  class space    used 4784K, capacity 4987K, committed 4992K, reserved 1048576K
}
Event: 12.415 GC heap before
{Heap before GC invocations=9 (full 2):
 PSYoungGen      total 157184K, used 143360K [0x00000000e0000000, 0x00000000ee180000, 0x0000000100000000)
  eden space 143360K, 100% used [0x00000000e0000000,0x00000000e8c00000,0x00000000e8c00000)
  from space 13824K, 0% used [0x00000000e9880000,0x00000000e9880000,0x00000000ea600000)
  to   space 12800K, 0% used [0x00000000e8c00000,0x00000000e8c00000,0x00000000e9880000)
 ParOldGen       total 93696K, used 19134K [0x00000000a0000000, 0x00000000a5b80000, 0x00000000e0000000)
  object space 93696K, 20% used [0x00000000a0000000,0x00000000a12af908,0x00000000a5b80000)
 Metaspace       used 43184K, capacity 44198K, committed 44376K, reserved 1087488K
  class space    used 5928K, capacity 6191K, committed 6272K, reserved 1048576K
Event: 12.430 GC heap after
Heap after GC invocations=9 (full 2):
 PSYoungGen      total 156160K, used 12189K [0x00000000e0000000, 0x00000000ef180000, 0x0000000100000000)
  eden space 143360K, 0% used [0x00000000e0000000,0x00000000e0000000,0x00000000e8c00000)
  from space 12800K, 95% used [0x00000000e8c00000,0x00000000e97e7688,0x00000000e9880000)
  to   space 14336K, 0% used [0x00000000ee380000,0x00000000ee380000,0x00000000ef180000)
 ParOldGen       total 93696K, used 19142K [0x00000000a0000000, 0x00000000a5b80000, 0x00000000e0000000)
  object space 93696K, 20% used [0x00000000a0000000,0x00000000a12b1908,0x00000000a5b80000)
 Metaspace       used 43184K, capacity 44198K, committed 44376K, reserved 1087488K
  class space    used 5928K, capacity 6191K, committed 6272K, reserved 1048576K
}
Event: 17.378 GC heap before
{Heap before GC invocations=10 (full 2):
 PSYoungGen      total 156160K, used 155549K [0x00000000e0000000, 0x00000000ef180000, 0x0000000100000000)
  eden space 143360K, 100% used [0x00000000e0000000,0x00000000e8c00000,0x00000000e8c00000)
  from space 12800K, 95% used [0x00000000e8c00000,0x00000000e97e7688,0x00000000e9880000)
  to   space 14336K, 0% used [0x00000000ee380000,0x00000000ee380000,0x00000000ef180000)
 ParOldGen       total 93696K, used 19142K [0x00000000a0000000, 0x00000000a5b80000, 0x00000000e0000000)
  object space 93696K, 20% used [0x00000000a0000000,0x00000000a12b1908,0x00000000a5b80000)
 Metaspace       used 49642K, capacity 51246K, committed 51416K, reserved 1093632K
  class space    used 6953K, capacity 7327K, committed 7424K, reserved 1048576K
Event: 17.414 GC heap after
Heap after GC invocations=10 (full 2):
 PSYoungGen      total 227328K, used 14304K [0x00000000e0000000, 0x00000000ef780000, 0x0000000100000000)
  eden space 212992K, 0% used [0x00000000e0000000,0x00000000e0000000,0x00000000ed000000)
  from space 14336K, 99% used [0x00000000ee380000,0x00000000ef1781f8,0x00000000ef180000)
  to   space 19968K, 0% used [0x00000000ed000000,0x00000000ed000000,0x00000000ee380000)
 ParOldGen       total 93696K, used 27696K [0x00000000a0000000, 0x00000000a5b80000, 0x00000000e0000000)
  object space 93696K, 29% used [0x00000000a0000000,0x00000000a1b0c220,0x00000000a5b80000)
 Metaspace       used 49642K, capacity 51246K, committed 51416K, reserved 1093632K
  class space    used 6953K, capacity 7327K, committed 7424K, reserved 1048576K
}
Event: 22.894 GC heap before
{Heap before GC invocations=11 (full 2):
 PSYoungGen      total 227328K, used 201972K [0x00000000e0000000, 0x00000000ef780000, 0x0000000100000000)
  eden space 212992K, 88% used [0x00000000e0000000,0x00000000eb745058,0x00000000ed000000)
  from space 14336K, 99% used [0x00000000ee380000,0x00000000ef1781f8,0x00000000ef180000)
  to   space 19968K, 0% used [0x00000000ed000000,0x00000000ed000000,0x00000000ee380000)
 ParOldGen       total 93696K, used 27696K [0x00000000a0000000, 0x00000000a5b80000, 0x00000000e0000000)
  object space 93696K, 29% used [0x00000000a0000000,0x00000000a1b0c220,0x00000000a5b80000)
 Metaspace       used 56561K, capacity 58906K, committed 59028K, reserved 1099776K
  class space    used 7860K, capacity 8390K, committed 8448K, reserved 1048576K
Event: 22.961 GC heap after
Heap after GC invocations=11 (full 2):
 PSYoungGen      total 232960K, used 19936K [0x00000000e0000000, 0x00000000f4300000, 0x0000000100000000)
  eden space 212992K, 0% used [0x00000000e0000000,0x00000000e0000000,0x00000000ed000000)
  from space 19968K, 99% used [0x00000000ed000000,0x00000000ee378218,0x00000000ee380000)
  to   space 27648K, 0% used [0x00000000f2800000,0x00000000f2800000,0x00000000f4300000)
 ParOldGen       total 93696K, used 40307K [0x00000000a0000000, 0x00000000a5b80000, 0x00000000e0000000)
  object space 93696K, 43% used [0x00000000a0000000,0x00000000a275cd90,0x00000000a5b80000)
 Metaspace       used 56561K, capacity 58906K, committed 59028K, reserved 1099776K
  class space    used 7860K, capacity 8390K, committed 8448K, reserved 1048576K
}
Event: 22.961 GC heap before
{Heap before GC invocations=12 (full 3):
 PSYoungGen      total 232960K, used 19936K [0x00000000e0000000, 0x00000000f4300000, 0x0000000100000000)
  eden space 212992K, 0% used [0x00000000e0000000,0x00000000e0000000,0x00000000ed000000)
  from space 19968K, 99% used [0x00000000ed000000,0x00000000ee378218,0x00000000ee380000)
  to   space 27648K, 0% used [0x00000000f2800000,0x00000000f2800000,0x00000000f4300000)
 ParOldGen       total 93696K, used 40307K [0x00000000a0000000, 0x00000000a5b80000, 0x00000000e0000000)
  object space 93696K, 43% used [0x00000000a0000000,0x00000000a275cd90,0x00000000a5b80000)
 Metaspace       used 56561K, capacity 58906K, committed 59028K, reserved 1099776K
  class space    used 7860K, capacity 8390K, committed 8448K, reserved 1048576K

