# JRE version: Java(TM) SE Runtime Environment (8.0_121-b13) (build 1.8.0_121-b13)
# Java VM: Java HotSpot(TM) 64-Bit Server VM (25.121-b13 mixed mode linux-amd64 compressed oops)
Heap:
 PSYoungGen      total 132096K, used 83861K [0x00000000e0000000, 0x00000000eaf00000, 0x0000000100000000)
  eden space 119808K, 60% used [0x00000000e0000000,0x00000000e472b3a8,0x00000000e7500000)
  from space 12288K, 89% used [0x00000000e7500000,0x00000000e7fba3e0,0x00000000e8100000)
  to   space 13312K, 0% used [0x00000000ea200000,0x00000000ea200000,0x00000000eaf00000)
 ParOldGen       total 117760K, used 16334K [0x00000000a0000000, 0x00000000a7300000, 0x00000000e0000000)
  object space 117760K, 13% used [0x00000000a0000000,0x00000000a0ff3b88,0x00000000a7300000)
 Metaspace       used 46589K, capacity 47952K, committed 48000K, reserved 1091584K
  class space    used 6482K, capacity 6761K, committed 6784K, reserved 1048576K
GC Heap History (10 events):
Event: 2.932 GC heap before
{Heap before GC invocations=5 (full 1):
 PSYoungGen      total 68608K, used 63488K [0x00000000e0000000, 0x00000000e8600000, 0x0000000100000000)
  eden space 63488K, 100% used [0x00000000e0000000,0x00000000e3e00000,0x00000000e3e00000)
  from space 5120K, 0% used [0x00000000e3e00000,0x00000000e3e00000,0x00000000e4300000)
  to   space 5120K, 0% used [0x00000000e8100000,0x00000000e8100000,0x00000000e8600000)
 ParOldGen       total 72704K, used 11335K [0x00000000a0000000, 0x00000000a4700000, 0x00000000e0000000)
  object space 72704K, 15% used [0x00000000a0000000,0x00000000a0b11fa8,0x00000000a4700000)
 Metaspace       used 25703K, capacity 26202K, committed 26368K, reserved 1071104K
  class space    used 3646K, capacity 3768K, committed 3840K, reserved 1048576K
Event: 2.946 GC heap after
Heap after GC invocations=5 (full 1):
 PSYoungGen      total 86528K, used 5119K [0x00000000e0000000, 0x00000000e8600000, 0x0000000100000000)
  eden space 81408K, 0% used [0x00000000e0000000,0x00000000e0000000,0x00000000e4f80000)
  from space 5120K, 99% used [0x00000000e8100000,0x00000000e85ffd70,0x00000000e8600000)
  to   space 5120K, 0% used [0x00000000e7c00000,0x00000000e7c00000,0x00000000e8100000)
 ParOldGen       total 72704K, used 13734K [0x00000000a0000000, 0x00000000a4700000, 0x00000000e0000000)
  object space 72704K, 18% used [0x00000000a0000000,0x00000000a0d699d0,0x00000000a4700000)
 Metaspace       used 25703K, capacity 26202K, committed 26368K, reserved 1071104K
  class space    used 3646K, capacity 3768K, committed 3840K, reserved 1048576K
}
Event: 4.795 GC heap before
{Heap before GC invocations=6 (full 1):
 PSYoungGen      total 86528K, used 86527K [0x00000000e0000000, 0x00000000e8600000, 0x0000000100000000)
  eden space 81408K, 100% used [0x00000000e0000000,0x00000000e4f80000,0x00000000e4f80000)
  from space 5120K, 99% used [0x00000000e8100000,0x00000000e85ffd70,0x00000000e8600000)
  to   space 5120K, 0% used [0x00000000e7c00000,0x00000000e7c00000,0x00000000e8100000)
 ParOldGen       total 72704K, used 13734K [0x00000000a0000000, 0x00000000a4700000, 0x00000000e0000000)
  object space 72704K, 18% used [0x00000000a0000000,0x00000000a0d699d0,0x00000000a4700000)
 Metaspace       used 31194K, capacity 31712K, committed 31872K, reserved 1077248K
  class space    used 4309K, capacity 4478K, committed 4480K, reserved 1048576K
Event: 4.813 GC heap after
Heap after GC invocations=6 (full 1):
 PSYoungGen      total 108032K, used 5092K [0x00000000e0000000, 0x00000000e8180000, 0x0000000100000000)
  eden space 102912K, 0% used [0x00000000e0000000,0x00000000e0000000,0x00000000e6480000)
  from space 5120K, 99% used [0x00000000e7c00000,0x00000000e80f9040,0x00000000e8100000)
  to   space 512K, 0% used [0x00000000e8100000,0x00000000e8100000,0x00000000e8180000)
 ParOldGen       total 72704K, used 17038K [0x00000000a0000000, 0x00000000a4700000, 0x00000000e0000000)
  object space 72704K, 23% used [0x00000000a0000000,0x00000000a10a3820,0x00000000a4700000)
 Metaspace       used 31194K, capacity 31712K, committed 31872K, reserved 1077248K
  class space    used 4309K, capacity 4478K, committed 4480K, reserved 1048576K
}
Event: 5.503 GC heap before
{Heap before GC invocations=7 (full 1):
 PSYoungGen      total 108032K, used 60083K [0x00000000e0000000, 0x00000000e8180000, 0x0000000100000000)
  eden space 102912K, 53% used [0x00000000e0000000,0x00000000e35b3fa0,0x00000000e6480000)
  from space 5120K, 99% used [0x00000000e7c00000,0x00000000e80f9040,0x00000000e8100000)
  to   space 512K, 0% used [0x00000000e8100000,0x00000000e8100000,0x00000000e8180000)
 ParOldGen       total 72704K, used 17038K [0x00000000a0000000, 0x00000000a4700000, 0x00000000e0000000)
  object space 72704K, 23% used [0x00000000a0000000,0x00000000a10a3820,0x00000000a4700000)
 Metaspace       used 34635K, capacity 35174K, committed 35456K, reserved 1079296K
  class space    used 4747K, capacity 4887K, committed 4992K, reserved 1048576K
Event: 5.524 GC heap after
Heap after GC invocations=7 (full 1):
 PSYoungGen      total 120320K, used 512K [0x00000000e0000000, 0x00000000e9a80000, 0x0000000100000000)
  eden space 119808K, 0% used [0x00000000e0000000,0x00000000e0000000,0x00000000e7500000)
  from space 512K, 100% used [0x00000000e8100000,0x00000000e8180000,0x00000000e8180000)
  to   space 12288K, 0% used [0x00000000e7500000,0x00000000e7500000,0x00000000e8100000)
 ParOldGen       total 72704K, used 26039K [0x00000000a0000000, 0x00000000a4700000, 0x00000000e0000000)
  object space 72704K, 35% used [0x00000000a0000000,0x00000000a196df18,0x00000000a4700000)
 Metaspace       used 34635K, capacity 35174K, committed 35456K, reserved 1079296K
  class space    used 4747K, capacity 4887K, committed 4992K, reserved 1048576K
}
Event: 5.524 GC heap before
{Heap before GC invocations=8 (full 2):
 PSYoungGen      total 120320K, used 512K [0x00000000e0000000, 0x00000000e9a80000, 0x0000000100000000)
  eden space 119808K, 0% used [0x00000000e0000000,0x00000000e0000000,0x00000000e7500000)
  from space 512K, 100% used [0x00000000e8100000,0x00000000e8180000,0x00000000e8180000)
  to   space 12288K, 0% used [0x00000000e7500000,0x00000000e7500000,0x00000000e8100000)
 ParOldGen       total 72704K, used 26039K [0x00000000a0000000, 0x00000000a4700000, 0x00000000e0000000)
  object space 72704K, 35% used [0x00000000a0000000,0x00000000a196df18,0x00000000a4700000)
 Metaspace       used 34635K, capacity 35174K, committed 35456K, reserved 1079296K
  class space    used 4747K, capacity 4887K, committed 4992K, reserved 1048576K
Event: 5.677 GC heap after
Heap after GC invocations=8 (full 2):
 PSYoungGen      total 120320K, used 0K [0x00000000e0000000, 0x00000000e9a80000, 0x0000000100000000)
  eden space 119808K, 0% used [0x00000000e0000000,0x00000000e0000000,0x00000000e7500000)
  from space 512K, 0% used [0x00000000e8100000,0x00000000e8100000,0x00000000e8180000)
  to   space 12288K, 0% used [0x00000000e7500000,0x00000000e7500000,0x00000000e8100000)
 ParOldGen       total 117760K, used 16326K [0x00000000a0000000, 0x00000000a7300000, 0x00000000e0000000)
  object space 117760K, 13% used [0x00000000a0000000,0x00000000a0ff1b88,0x00000000a7300000)
 Metaspace       used 34635K, capacity 35174K, committed 35456K, reserved 1079296K
  class space    used 4747K, capacity 4887K, committed 4992K, reserved 1048576K
}
Event: 6.984 GC heap before
{Heap before GC invocations=9 (full 2):
 PSYoungGen      total 120320K, used 119808K [0x00000000e0000000, 0x00000000e9a80000, 0x0000000100000000)
  eden space 119808K, 100% used [0x00000000e0000000,0x00000000e7500000,0x00000000e7500000)
  from space 512K, 0% used [0x00000000e8100000,0x00000000e8100000,0x00000000e8180000)
  to   space 12288K, 0% used [0x00000000e7500000,0x00000000e7500000,0x00000000e8100000)
 ParOldGen       total 117760K, used 16326K [0x00000000a0000000, 0x00000000a7300000, 0x00000000e0000000)
  object space 117760K, 13% used [0x00000000a0000000,0x00000000a0ff1b88,0x00000000a7300000)
 Metaspace       used 42386K, capacity 43270K, committed 43520K, reserved 1087488K
  class space    used 5808K, capacity 6026K, committed 6144K, reserved 1048576K
Event: 6.996 GC heap after
Heap after GC invocations=9 (full 2):
 PSYoungGen      total 132096K, used 10984K [0x00000000e0000000, 0x00000000eaf00000, 0x0000000100000000)
  eden space 119808K, 0% used [0x00000000e0000000,0x00000000e0000000,0x00000000e7500000)
  from space 12288K, 89% used [0x00000000e7500000,0x00000000e7fba3e0,0x00000000e8100000)
  to   space 13312K, 0% used [0x00000000ea200000,0x00000000ea200000,0x00000000eaf00000)
 ParOldGen       total 117760K, used 16334K [0x00000000a0000000, 0x00000000a7300000, 0x00000000e0000000)
  object space 117760K, 13% used [0x00000000a0000000,0x00000000a0ff3b88,0x00000000a7300000)
 Metaspace       used 42386K, capacity 43270K, committed 43520K, reserved 1087488K
  class space    used 5808K, capacity 6026K, committed 6144K, reserved 1048576K
}

