# JRE version: Java(TM) SE Runtime Environment (8.0_121-b13) (build 1.8.0_121-b13)
# Java VM: Java HotSpot(TM) 64-Bit Server VM (25.121-b13 mixed mode linux-amd64 compressed oops)
Heap:
 PSYoungGen      total 176640K, used 89485K [0x00000000e0000000, 0x00000000eed80000, 0x0000000100000000)
  eden space 156672K, 48% used [0x00000000e0000000,0x00000000e49acbd0,0x00000000e9900000)
  from space 19968K, 70% used [0x00000000e9900000,0x00000000ea6b68e8,0x00000000eac80000)
  to   space 20480K, 0% used [0x00000000ed980000,0x00000000ed980000,0x00000000eed80000)
 ParOldGen       total 86016K, used 38300K [0x00000000a0000000, 0x00000000a5400000, 0x00000000e0000000)
  object space 86016K, 44% used [0x00000000a0000000,0x00000000a2567248,0x00000000a5400000)
 Metaspace       used 63801K, capacity 65720K, committed 66008K, reserved 1105920K
  class space    used 8426K, capacity 8849K, committed 8960K, reserved 1048576K
GC Heap History (10 events):
Event: 41.400 GC heap before
{Heap before GC invocations=18 (full 2):
 PSYoungGen      total 97280K, used 97263K [0x00000000e0000000, 0x00000000e9700000, 0x0000000100000000)
  eden space 84992K, 100% used [0x00000000e0000000,0x00000000e5300000,0x00000000e5300000)
  from space 12288K, 99% used [0x00000000e5300000,0x00000000e5efbfe0,0x00000000e5f00000)
  to   space 15872K, 0% used [0x00000000e8780000,0x00000000e8780000,0x00000000e9700000)
 ParOldGen       total 54784K, used 20907K [0x00000000a0000000, 0x00000000a3580000, 0x00000000e0000000)
  object space 54784K, 38% used [0x00000000a0000000,0x00000000a146acf0,0x00000000a3580000)
 Metaspace       used 56399K, capacity 58044K, committed 58240K, reserved 1099776K
  class space    used 7697K, capacity 8049K, committed 8064K, reserved 1048576K
Event: 41.427 GC heap after
Heap after GC invocations=18 (full 2):
 PSYoungGen      total 135168K, used 15851K [0x00000000e0000000, 0x00000000e9c00000, 0x0000000100000000)
  eden space 119296K, 0% used [0x00000000e0000000,0x00000000e0000000,0x00000000e7480000)
  from space 15872K, 99% used [0x00000000e8780000,0x00000000e96fac40,0x00000000e9700000)
  to   space 19456K, 0% used [0x00000000e7480000,0x00000000e7480000,0x00000000e8780000)
 ParOldGen       total 54784K, used 24707K [0x00000000a0000000, 0x00000000a3580000, 0x00000000e0000000)
  object space 54784K, 45% used [0x00000000a0000000,0x00000000a1820ec0,0x00000000a3580000)
 Metaspace       used 56399K, capacity 58044K, committed 58240K, reserved 1099776K
  class space    used 7697K, capacity 8049K, committed 8064K, reserved 1048576K
}
Event: 41.560 GC heap before
{Heap before GC invocations=19 (full 2):
 PSYoungGen      total 135168K, used 22950K [0x00000000e0000000, 0x00000000e9c00000, 0x0000000100000000)
  eden space 119296K, 5% used [0x00000000e0000000,0x00000000e06eebd8,0x00000000e7480000)
  from space 15872K, 99% used [0x00000000e8780000,0x00000000e96fac40,0x00000000e9700000)
  to   space 19456K, 0% used [0x00000000e7480000,0x00000000e7480000,0x00000000e8780000)
 ParOldGen       total 54784K, used 24707K [0x00000000a0000000, 0x00000000a3580000, 0x00000000e0000000)
  object space 54784K, 45% used [0x00000000a0000000,0x00000000a1820ec0,0x00000000a3580000)
 Metaspace       used 57470K, capacity 59036K, committed 59096K, reserved 1099776K
  class space    used 7818K, capacity 8145K, committed 8192K, reserved 1048576K
Event: 41.586 GC heap after
Heap after GC invocations=19 (full 2):
 PSYoungGen      total 138752K, used 14399K [0x00000000e0000000, 0x00000000ec600000, 0x0000000100000000)
  eden space 119296K, 0% used [0x00000000e0000000,0x00000000e0000000,0x00000000e7480000)
  from space 19456K, 74% used [0x00000000e7480000,0x00000000e828fd88,0x00000000e8780000)
  to   space 20480K, 0% used [0x00000000eb200000,0x00000000eb200000,0x00000000ec600000)
 ParOldGen       total 54784K, used 28795K [0x00000000a0000000, 0x00000000a3580000, 0x00000000e0000000)
  object space 54784K, 52% used [0x00000000a0000000,0x00000000a1c1eeb0,0x00000000a3580000)
 Metaspace       used 57470K, capacity 59036K, committed 59096K, reserved 1099776K
  class space    used 7818K, capacity 8145K, committed 8192K, reserved 1048576K
}
Event: 41.586 GC heap before
{Heap before GC invocations=20 (full 3):
 PSYoungGen      total 138752K, used 14399K [0x00000000e0000000, 0x00000000ec600000, 0x0000000100000000)
  eden space 119296K, 0% used [0x00000000e0000000,0x00000000e0000000,0x00000000e7480000)
  from space 19456K, 74% used [0x00000000e7480000,0x00000000e828fd88,0x00000000e8780000)
  to   space 20480K, 0% used [0x00000000eb200000,0x00000000eb200000,0x00000000ec600000)
 ParOldGen       total 54784K, used 28795K [0x00000000a0000000, 0x00000000a3580000, 0x00000000e0000000)
  object space 54784K, 52% used [0x00000000a0000000,0x00000000a1c1eeb0,0x00000000a3580000)
 Metaspace       used 57470K, capacity 59036K, committed 59096K, reserved 1099776K
  class space    used 7818K, capacity 8145K, committed 8192K, reserved 1048576K
Event: 41.865 GC heap after
Heap after GC invocations=20 (full 3):
 PSYoungGen      total 138752K, used 0K [0x00000000e0000000, 0x00000000ec600000, 0x0000000100000000)
  eden space 119296K, 0% used [0x00000000e0000000,0x00000000e0000000,0x00000000e7480000)
  from space 19456K, 0% used [0x00000000e7480000,0x00000000e7480000,0x00000000e8780000)
  to   space 20480K, 0% used [0x00000000eb200000,0x00000000eb200000,0x00000000ec600000)
 ParOldGen       total 86016K, used 38284K [0x00000000a0000000, 0x00000000a5400000, 0x00000000e0000000)
  object space 86016K, 44% used [0x00000000a0000000,0x00000000a2563248,0x00000000a5400000)
 Metaspace       used 57470K, capacity 59036K, committed 59096K, reserved 1099776K
  class space    used 7818K, capacity 8145K, committed 8192K, reserved 1048576K
}
Event: 43.460 GC heap before
{Heap before GC invocations=21 (full 3):
 PSYoungGen      total 138752K, used 119296K [0x00000000e0000000, 0x00000000ec600000, 0x0000000100000000)
  eden space 119296K, 100% used [0x00000000e0000000,0x00000000e7480000,0x00000000e7480000)
  from space 19456K, 0% used [0x00000000e7480000,0x00000000e7480000,0x00000000e8780000)
  to   space 20480K, 0% used [0x00000000eb200000,0x00000000eb200000,0x00000000ec600000)
 ParOldGen       total 86016K, used 38284K [0x00000000a0000000, 0x00000000a5400000, 0x00000000e0000000)
  object space 86016K, 44% used [0x00000000a0000000,0x00000000a2563248,0x00000000a5400000)
 Metaspace       used 59396K, capacity 60990K, committed 61016K, reserved 1101824K
  class space    used 7975K, capacity 8306K, committed 8320K, reserved 1048576K
Event: 43.471 GC heap after
Heap after GC invocations=21 (full 3):
 PSYoungGen      total 171008K, used 6589K [0x00000000e0000000, 0x00000000ec000000, 0x0000000100000000)
  eden space 156672K, 0% used [0x00000000e0000000,0x00000000e0000000,0x00000000e9900000)
  from space 14336K, 45% used [0x00000000eb200000,0x00000000eb86f7c8,0x00000000ec000000)
  to   space 19968K, 0% used [0x00000000e9900000,0x00000000e9900000,0x00000000eac80000)
 ParOldGen       total 86016K, used 38292K [0x00000000a0000000, 0x00000000a5400000, 0x00000000e0000000)
  object space 86016K, 44% used [0x00000000a0000000,0x00000000a2565248,0x00000000a5400000)
 Metaspace       used 59396K, capacity 60990K, committed 61016K, reserved 1101824K
  class space    used 7975K, capacity 8306K, committed 8320K, reserved 1048576K
}
Event: 323.719 GC heap before
{Heap before GC invocations=22 (full 3):
 PSYoungGen      total 171008K, used 163261K [0x00000000e0000000, 0x00000000ec000000, 0x0000000100000000)
  eden space 156672K, 100% used [0x00000000e0000000,0x00000000e9900000,0x00000000e9900000)
  from space 14336K, 45% used [0x00000000eb200000,0x00000000eb86f7c8,0x00000000ec000000)
  to   space 19968K, 0% used [0x00000000e9900000,0x00000000e9900000,0x00000000eac80000)
 ParOldGen       total 86016K, used 38292K [0x00000000a0000000, 0x00000000a5400000, 0x00000000e0000000)
  object space 86016K, 44% used [0x00000000a0000000,0x00000000a2565248,0x00000000a5400000)
 Metaspace       used 63399K, capacity 65350K, committed 65624K, reserved 1105920K
  class space    used 8415K, capacity 8830K, committed 8832K, reserved 1048576K
Event: 323.738 GC heap after
Heap after GC invocations=22 (full 3):
 PSYoungGen      total 176640K, used 14042K [0x00000000e0000000, 0x00000000eed80000, 0x0000000100000000)
  eden space 156672K, 0% used [0x00000000e0000000,0x00000000e0000000,0x00000000e9900000)
  from space 19968K, 70% used [0x00000000e9900000,0x00000000ea6b68e8,0x00000000eac80000)
  to   space 20480K, 0% used [0x00000000ed980000,0x00000000ed980000,0x00000000eed80000)
 ParOldGen       total 86016K, used 38300K [0x00000000a0000000, 0x00000000a5400000, 0x00000000e0000000)
  object space 86016K, 44% used [0x00000000a0000000,0x00000000a2567248,0x00000000a5400000)
 Metaspace       used 63399K, capacity 65350K, committed 65624K, reserved 1105920K
  class space    used 8415K, capacity 8830K, committed 8832K, reserved 1048576K
}

