# JRE version: Java(TM) SE Runtime Environment (8.0_121-b13) (build 1.8.0_121-b13)
# Java VM: Java HotSpot(TM) 64-Bit Server VM (25.121-b13 mixed mode linux-amd64 compressed oops)
Heap:
 PSYoungGen      total 445440K, used 338368K [0x00000000e0000000, 0x0000000100000000, 0x0000000100000000)
  eden space 384000K, 74% used [0x00000000e0000000,0x00000000f1589c68,0x00000000f7700000)
  from space 61440K, 88% used [0x00000000fc080000,0x00000000ff566560,0x00000000ffc80000)
  to   space 70144K, 0% used [0x00000000f7700000,0x00000000f7700000,0x00000000fbb80000)
 ParOldGen       total 172544K, used 129043K [0x00000000a0000000, 0x00000000aa880000, 0x00000000e0000000)
  object space 172544K, 74% used [0x00000000a0000000,0x00000000a7e04f38,0x00000000aa880000)
 Metaspace       used 74761K, capacity 79074K, committed 79192K, reserved 1118208K
  class space    used 9759K, capacity 10543K, committed 10624K, reserved 1048576K
GC Heap History (10 events):
Event: 5920.468 GC heap before
{Heap before GC invocations=27 (full 3):
 PSYoungGen      total 453120K, used 402109K [0x00000000e0000000, 0x0000000100000000, 0x0000000100000000)
  eden space 390144K, 100% used [0x00000000e0000000,0x00000000f7d00000,0x00000000f7d00000)
  from space 62976K, 18% used [0x00000000f7d00000,0x00000000f88af560,0x00000000fba80000)
  to   space 61440K, 0% used [0x00000000fc400000,0x00000000fc400000,0x0000000100000000)
 ParOldGen       total 172544K, used 129003K [0x00000000a0000000, 0x00000000aa880000, 0x00000000e0000000)
  object space 172544K, 74% used [0x00000000a0000000,0x00000000a7dfaf38,0x00000000aa880000)
 Metaspace       used 73984K, capacity 77732K, committed 78040K, reserved 1116160K
  class space    used 9677K, capacity 10413K, committed 10496K, reserved 1048576K
Event: 5920.486 GC heap after
Heap after GC invocations=27 (full 3):
 PSYoungGen      total 458752K, used 3152K [0x00000000e0000000, 0x00000000ffd80000, 0x0000000100000000)
  eden space 399872K, 0% used [0x00000000e0000000,0x00000000e0000000,0x00000000f8680000)
  from space 58880K, 5% used [0x00000000fc400000,0x00000000fc714040,0x00000000ffd80000)
  to   space 60928K, 0% used [0x00000000f8680000,0x00000000f8680000,0x00000000fc200000)
 ParOldGen       total 172544K, used 129011K [0x00000000a0000000, 0x00000000aa880000, 0x00000000e0000000)
  object space 172544K, 74% used [0x00000000a0000000,0x00000000a7dfcf38,0x00000000aa880000)
 Metaspace       used 73984K, capacity 77732K, committed 78040K, reserved 1116160K
  class space    used 9677K, capacity 10413K, committed 10496K, reserved 1048576K
}
Event: 5922.778 GC heap before
{Heap before GC invocations=28 (full 3):
 PSYoungGen      total 458752K, used 403024K [0x00000000e0000000, 0x00000000ffd80000, 0x0000000100000000)
  eden space 399872K, 100% used [0x00000000e0000000,0x00000000f8680000,0x00000000f8680000)
  from space 58880K, 5% used [0x00000000fc400000,0x00000000fc714040,0x00000000ffd80000)
  to   space 60928K, 0% used [0x00000000f8680000,0x00000000f8680000,0x00000000fc200000)
 ParOldGen       total 172544K, used 129011K [0x00000000a0000000, 0x00000000aa880000, 0x00000000e0000000)
  object space 172544K, 74% used [0x00000000a0000000,0x00000000a7dfcf38,0x00000000aa880000)
 Metaspace       used 74213K, capacity 77938K, committed 78040K, reserved 1116160K
  class space    used 9685K, capacity 10425K, committed 10496K, reserved 1048576K
Event: 5922.836 GC heap after
Heap after GC invocations=28 (full 3):
 PSYoungGen      total 441344K, used 41123K [0x00000000e0000000, 0x0000000100000000, 0x0000000100000000)
  eden space 399872K, 0% used [0x00000000e0000000,0x00000000e0000000,0x00000000f8680000)
  from space 41472K, 99% used [0x00000000f8680000,0x00000000faea8d70,0x00000000faf00000)
  to   space 64512K, 0% used [0x00000000fc100000,0x00000000fc100000,0x0000000100000000)
 ParOldGen       total 172544K, used 129019K [0x00000000a0000000, 0x00000000aa880000, 0x00000000e0000000)
  object space 172544K, 74% used [0x00000000a0000000,0x00000000a7dfef38,0x00000000aa880000)
 Metaspace       used 74213K, capacity 77938K, committed 78040K, reserved 1116160K
  class space    used 9685K, capacity 10425K, committed 10496K, reserved 1048576K
}
Event: 5924.567 GC heap before
{Heap before GC invocations=29 (full 3):
 PSYoungGen      total 441344K, used 440995K [0x00000000e0000000, 0x0000000100000000, 0x0000000100000000)
  eden space 399872K, 100% used [0x00000000e0000000,0x00000000f8680000,0x00000000f8680000)
  from space 41472K, 99% used [0x00000000f8680000,0x00000000faea8d70,0x00000000faf00000)
  to   space 64512K, 0% used [0x00000000fc100000,0x00000000fc100000,0x0000000100000000)
 ParOldGen       total 172544K, used 129019K [0x00000000a0000000, 0x00000000aa880000, 0x00000000e0000000)
  object space 172544K, 74% used [0x00000000a0000000,0x00000000a7dfef38,0x00000000aa880000)
 Metaspace       used 74283K, capacity 78098K, committed 78296K, reserved 1118208K
  class space    used 9687K, capacity 10429K, committed 10496K, reserved 1048576K
Event: 5924.590 GC heap after
Heap after GC invocations=29 (full 3):
 PSYoungGen      total 462336K, used 12664K [0x00000000e0000000, 0x0000000100000000, 0x0000000100000000)
  eden space 397824K, 0% used [0x00000000e0000000,0x00000000e0000000,0x00000000f8480000)
  from space 64512K, 19% used [0x00000000fc100000,0x00000000fcd5e020,0x0000000100000000)
  to   space 61952K, 0% used [0x00000000f8480000,0x00000000f8480000,0x00000000fc100000)
 ParOldGen       total 172544K, used 129027K [0x00000000a0000000, 0x00000000aa880000, 0x00000000e0000000)
  object space 172544K, 74% used [0x00000000a0000000,0x00000000a7e00f38,0x00000000aa880000)
 Metaspace       used 74283K, capacity 78098K, committed 78296K, reserved 1118208K
  class space    used 9687K, capacity 10429K, committed 10496K, reserved 1048576K
}
Event: 5941.016 GC heap before
{Heap before GC invocations=30 (full 3):
 PSYoungGen      total 462336K, used 410488K [0x00000000e0000000, 0x0000000100000000, 0x0000000100000000)
  eden space 397824K, 100% used [0x00000000e0000000,0x00000000f8480000,0x00000000f8480000)
  from space 64512K, 19% used [0x00000000fc100000,0x00000000fcd5e020,0x0000000100000000)
  to   space 61952K, 0% used [0x00000000f8480000,0x00000000f8480000,0x00000000fc100000)
 ParOldGen       total 172544K, used 129027K [0x00000000a0000000, 0x00000000aa880000, 0x00000000e0000000)
  object space 172544K, 74% used [0x00000000a0000000,0x00000000a7e00f38,0x00000000aa880000)
 Metaspace       used 74301K, capacity 78104K, committed 78296K, reserved 1118208K
  class space    used 9689K, capacity 10430K, committed 10496K, reserved 1048576K
Event: 5941.026 GC heap after
Heap after GC invocations=30 (full 3):
 PSYoungGen      total 399360K, used 1141K [0x00000000e0000000, 0x00000000ffc80000, 0x0000000100000000)
  eden space 397824K, 0% used [0x00000000e0000000,0x00000000e0000000,0x00000000f8480000)
  from space 1536K, 74% used [0x00000000f8480000,0x00000000f859d670,0x00000000f8600000)
  to   space 61440K, 0% used [0x00000000fc080000,0x00000000fc080000,0x00000000ffc80000)
 ParOldGen       total 172544K, used 129035K [0x00000000a0000000, 0x00000000aa880000, 0x00000000e0000000)
  object space 172544K, 74% used [0x00000000a0000000,0x00000000a7e02f38,0x00000000aa880000)
 Metaspace       used 74301K, capacity 78104K, committed 78296K, reserved 1118208K
  class space    used 9689K, capacity 10430K, committed 10496K, reserved 1048576K
}
Event: 6028.906 GC heap before
{Heap before GC invocations=31 (full 3):
 PSYoungGen      total 399360K, used 398965K [0x00000000e0000000, 0x00000000ffc80000, 0x0000000100000000)
  eden space 397824K, 100% used [0x00000000e0000000,0x00000000f8480000,0x00000000f8480000)
  from space 1536K, 74% used [0x00000000f8480000,0x00000000f859d670,0x00000000f8600000)
  to   space 61440K, 0% used [0x00000000fc080000,0x00000000fc080000,0x00000000ffc80000)
 ParOldGen       total 172544K, used 129035K [0x00000000a0000000, 0x00000000aa880000, 0x00000000e0000000)
  object space 172544K, 74% used [0x00000000a0000000,0x00000000a7e02f38,0x00000000aa880000)
 Metaspace       used 74691K, capacity 78974K, committed 79192K, reserved 1118208K
  class space    used 9750K, capacity 10533K, committed 10624K, reserved 1048576K
Event: 6029.000 GC heap after
Heap after GC invocations=31 (full 3):
 PSYoungGen      total 445440K, used 54169K [0x00000000e0000000, 0x0000000100000000, 0x0000000100000000)
  eden space 384000K, 0% used [0x00000000e0000000,0x00000000e0000000,0x00000000f7700000)
  from space 61440K, 88% used [0x00000000fc080000,0x00000000ff566560,0x00000000ffc80000)
  to   space 70144K, 0% used [0x00000000f7700000,0x00000000f7700000,0x00000000fbb80000)
 ParOldGen       total 172544K, used 129043K [0x00000000a0000000, 0x00000000aa880000, 0x00000000e0000000)
  object space 172544K, 74% used [0x00000000a0000000,0x00000000a7e04f38,0x00000000aa880000)
 Metaspace       used 74691K, capacity 78974K, committed 79192K, reserved 1118208K
  class space    used 9750K, capacity 10533K, committed 10624K, reserved 1048576K
}

