# JRE version: Java(TM) SE Runtime Environment (8.0_121-b13) (build 1.8.0_121-b13)
# Java VM: Java HotSpot(TM) 64-Bit Server VM (25.121-b13 mixed mode linux-amd64 compressed oops)
Heap:
 PSYoungGen      total 85504K, used 16177K [0x00000000e0000000, 0x00000000e6180000, 0x0000000100000000)
  eden space 74752K, 11% used [0x00000000e0000000,0x00000000e0880270,0x00000000e4900000)
  from space 10752K, 69% used [0x00000000e5380000,0x00000000e5acc338,0x00000000e5e00000)
  to   space 10752K, 0% used [0x00000000e4900000,0x00000000e4900000,0x00000000e5380000)
 ParOldGen       total 97280K, used 15272K [0x00000000a0000000, 0x00000000a5f00000, 0x00000000e0000000)
  object space 97280K, 15% used [0x00000000a0000000,0x00000000a0eea0c0,0x00000000a5f00000)
 Metaspace       used 38012K, capacity 38828K, committed 39040K, reserved 1083392K
  class space    used 5193K, capacity 5391K, committed 5504K, reserved 1048576K
GC Heap History (10 events):
Event: 14.174 GC heap before
{Heap before GC invocations=8 (full 1):
 PSYoungGen      total 53760K, used 48865K [0x00000000e0000000, 0x00000000e3e00000, 0x0000000100000000)
  eden space 44032K, 100% used [0x00000000e0000000,0x00000000e2b00000,0x00000000e2b00000)
  from space 9728K, 49% used [0x00000000e3480000,0x00000000e3938638,0x00000000e3e00000)
  to   space 9728K, 0% used [0x00000000e2b00000,0x00000000e2b00000,0x00000000e3480000)
 ParOldGen       total 64512K, used 8346K [0x00000000a0000000, 0x00000000a3f00000, 0x00000000e0000000)
  object space 64512K, 12% used [0x00000000a0000000,0x00000000a0826b10,0x00000000a3f00000)
 Metaspace       used 28851K, capacity 29438K, committed 29568K, reserved 1075200K
  class space    used 4035K, capacity 4188K, committed 4224K, reserved 1048576K
Event: 14.184 GC heap after
Heap after GC invocations=8 (full 1):
 PSYoungGen      total 53760K, used 5930K [0x00000000e0000000, 0x00000000e4d00000, 0x0000000100000000)
  eden space 44032K, 0% used [0x00000000e0000000,0x00000000e0000000,0x00000000e2b00000)
  from space 9728K, 60% used [0x00000000e2b00000,0x00000000e30cab78,0x00000000e3480000)
  to   space 9216K, 0% used [0x00000000e4400000,0x00000000e4400000,0x00000000e4d00000)
 ParOldGen       total 64512K, used 8354K [0x00000000a0000000, 0x00000000a3f00000, 0x00000000e0000000)
  object space 64512K, 12% used [0x00000000a0000000,0x00000000a0828b10,0x00000000a3f00000)
 Metaspace       used 28851K, capacity 29438K, committed 29568K, reserved 1075200K
  class space    used 4035K, capacity 4188K, committed 4224K, reserved 1048576K
}
Event: 24.279 GC heap before
{Heap before GC invocations=9 (full 1):
 PSYoungGen      total 53760K, used 49962K [0x00000000e0000000, 0x00000000e4d00000, 0x0000000100000000)
  eden space 44032K, 100% used [0x00000000e0000000,0x00000000e2b00000,0x00000000e2b00000)
  from space 9728K, 60% used [0x00000000e2b00000,0x00000000e30cab78,0x00000000e3480000)
  to   space 9216K, 0% used [0x00000000e4400000,0x00000000e4400000,0x00000000e4d00000)
 ParOldGen       total 64512K, used 8354K [0x00000000a0000000, 0x00000000a3f00000, 0x00000000e0000000)
  object space 64512K, 12% used [0x00000000a0000000,0x00000000a0828b10,0x00000000a3f00000)
 Metaspace       used 32450K, capacity 33074K, committed 33408K, reserved 1077248K
  class space    used 4489K, capacity 4679K, committed 4736K, reserved 1048576K
Event: 24.298 GC heap after
Heap after GC invocations=9 (full 1):
 PSYoungGen      total 67072K, used 8247K [0x00000000e0000000, 0x00000000e4c80000, 0x0000000100000000)
  eden space 58368K, 0% used [0x00000000e0000000,0x00000000e0000000,0x00000000e3900000)
  from space 8704K, 94% used [0x00000000e4400000,0x00000000e4c0de58,0x00000000e4c80000)
  to   space 9728K, 0% used [0x00000000e3980000,0x00000000e3980000,0x00000000e4300000)
 ParOldGen       total 64512K, used 8362K [0x00000000a0000000, 0x00000000a3f00000, 0x00000000e0000000)
  object space 64512K, 12% used [0x00000000a0000000,0x00000000a082ab10,0x00000000a3f00000)
 Metaspace       used 32450K, capacity 33074K, committed 33408K, reserved 1077248K
  class space    used 4489K, capacity 4679K, committed 4736K, reserved 1048576K
}
Event: 25.011 GC heap before
{Heap before GC invocations=10 (full 1):
 PSYoungGen      total 67072K, used 52016K [0x00000000e0000000, 0x00000000e4c80000, 0x0000000100000000)
  eden space 58368K, 74% used [0x00000000e0000000,0x00000000e2abe248,0x00000000e3900000)
  from space 8704K, 94% used [0x00000000e4400000,0x00000000e4c0de58,0x00000000e4c80000)
  to   space 9728K, 0% used [0x00000000e3980000,0x00000000e3980000,0x00000000e4300000)
 ParOldGen       total 64512K, used 8362K [0x00000000a0000000, 0x00000000a3f00000, 0x00000000e0000000)
  object space 64512K, 12% used [0x00000000a0000000,0x00000000a082ab10,0x00000000a3f00000)
 Metaspace       used 34602K, capacity 35226K, committed 35456K, reserved 1079296K
  class space    used 4746K, capacity 4885K, committed 4992K, reserved 1048576K
Event: 25.025 GC heap after
Heap after GC invocations=10 (full 1):
 PSYoungGen      total 68608K, used 8786K [0x00000000e0000000, 0x00000000e5e00000, 0x0000000100000000)
  eden space 58880K, 0% used [0x00000000e0000000,0x00000000e0000000,0x00000000e3980000)
  from space 9728K, 90% used [0x00000000e3980000,0x00000000e4214ab0,0x00000000e4300000)
  to   space 10752K, 0% used [0x00000000e5380000,0x00000000e5380000,0x00000000e5e00000)
 ParOldGen       total 64512K, used 8434K [0x00000000a0000000, 0x00000000a3f00000, 0x00000000e0000000)
  object space 64512K, 13% used [0x00000000a0000000,0x00000000a083cb20,0x00000000a3f00000)
 Metaspace       used 34602K, capacity 35226K, committed 35456K, reserved 1079296K
  class space    used 4746K, capacity 4885K, committed 4992K, reserved 1048576K
}
Event: 25.025 GC heap before
{Heap before GC invocations=11 (full 2):
 PSYoungGen      total 68608K, used 8786K [0x00000000e0000000, 0x00000000e5e00000, 0x0000000100000000)
  eden space 58880K, 0% used [0x00000000e0000000,0x00000000e0000000,0x00000000e3980000)
  from space 9728K, 90% used [0x00000000e3980000,0x00000000e4214ab0,0x00000000e4300000)
  to   space 10752K, 0% used [0x00000000e5380000,0x00000000e5380000,0x00000000e5e00000)
 ParOldGen       total 64512K, used 8434K [0x00000000a0000000, 0x00000000a3f00000, 0x00000000e0000000)
  object space 64512K, 13% used [0x00000000a0000000,0x00000000a083cb20,0x00000000a3f00000)
 Metaspace       used 34602K, capacity 35226K, committed 35456K, reserved 1079296K
  class space    used 4746K, capacity 4885K, committed 4992K, reserved 1048576K
Event: 25.143 GC heap after
Heap after GC invocations=11 (full 2):
 PSYoungGen      total 68608K, used 0K [0x00000000e0000000, 0x00000000e5e00000, 0x0000000100000000)
  eden space 58880K, 0% used [0x00000000e0000000,0x00000000e0000000,0x00000000e3980000)
  from space 9728K, 0% used [0x00000000e3980000,0x00000000e3980000,0x00000000e4300000)
  to   space 10752K, 0% used [0x00000000e5380000,0x00000000e5380000,0x00000000e5e00000)
 ParOldGen       total 97280K, used 15264K [0x00000000a0000000, 0x00000000a5f00000, 0x00000000e0000000)
  object space 97280K, 15% used [0x00000000a0000000,0x00000000a0ee80c0,0x00000000a5f00000)
 Metaspace       used 34602K, capacity 35226K, committed 35456K, reserved 1079296K
  class space    used 4746K, capacity 4885K, committed 4992K, reserved 1048576K
}
Event: 26.048 GC heap before
{Heap before GC invocations=12 (full 2):
 PSYoungGen      total 68608K, used 58880K [0x00000000e0000000, 0x00000000e5e00000, 0x0000000100000000)
  eden space 58880K, 100% used [0x00000000e0000000,0x00000000e3980000,0x00000000e3980000)
  from space 9728K, 0% used [0x00000000e3980000,0x00000000e3980000,0x00000000e4300000)
  to   space 10752K, 0% used [0x00000000e5380000,0x00000000e5380000,0x00000000e5e00000)
 ParOldGen       total 97280K, used 15264K [0x00000000a0000000, 0x00000000a5f00000, 0x00000000e0000000)
  object space 97280K, 15% used [0x00000000a0000000,0x00000000a0ee80c0,0x00000000a5f00000)
 Metaspace       used 37572K, capacity 38370K, committed 38656K, reserved 1083392K
  class space    used 5139K, capacity 5341K, committed 5376K, reserved 1048576K
Event: 26.064 GC heap after
Heap after GC invocations=12 (full 2):
 PSYoungGen      total 85504K, used 7472K [0x00000000e0000000, 0x00000000e6180000, 0x0000000100000000)
  eden space 74752K, 0% used [0x00000000e0000000,0x00000000e0000000,0x00000000e4900000)
  from space 10752K, 69% used [0x00000000e5380000,0x00000000e5acc338,0x00000000e5e00000)
  to   space 10752K, 0% used [0x00000000e4900000,0x00000000e4900000,0x00000000e5380000)
 ParOldGen       total 97280K, used 15272K [0x00000000a0000000, 0x00000000a5f00000, 0x00000000e0000000)
  object space 97280K, 15% used [0x00000000a0000000,0x00000000a0eea0c0,0x00000000a5f00000)
 Metaspace       used 37572K, capacity 38370K, committed 38656K, reserved 1083392K
  class space    used 5139K, capacity 5341K, committed 5376K, reserved 1048576K
}

