# JRE version: Java(TM) SE Runtime Environment (8.0_121-b13) (build 1.8.0_121-b13)
# Java VM: Java HotSpot(TM) 64-Bit Server VM (25.121-b13 mixed mode linux-amd64 compressed oops)
Heap:
 PSYoungGen      total 132096K, used 104514K [0x00000000e0000000, 0x00000000eb500000, 0x0000000100000000)
  eden space 119808K, 77% used [0x00000000e0000000,0x00000000e5b18fc8,0x00000000e7500000)
  from space 12288K, 91% used [0x00000000e7500000,0x00000000e7ff7a70,0x00000000e8100000)
  to   space 13312K, 0% used [0x00000000ea800000,0x00000000ea800000,0x00000000eb500000)
 ParOldGen       total 115200K, used 17007K [0x00000000a0000000, 0x00000000a7080000, 0x00000000e0000000)
  object space 115200K, 14% used [0x00000000a0000000,0x00000000a109bfb8,0x00000000a7080000)
 Metaspace       used 47224K, capacity 48698K, committed 48984K, reserved 1091584K
  class space    used 6583K, capacity 6917K, committed 7040K, reserved 1048576K
GC Heap History (10 events):
Event: 3.950 GC heap before
{Heap before GC invocations=5 (full 1):
 PSYoungGen      total 68608K, used 63488K [0x00000000e0000000, 0x00000000e8600000, 0x0000000100000000)
  eden space 63488K, 100% used [0x00000000e0000000,0x00000000e3e00000,0x00000000e3e00000)
  from space 5120K, 0% used [0x00000000e3e00000,0x00000000e3e00000,0x00000000e4300000)
  to   space 5120K, 0% used [0x00000000e8100000,0x00000000e8100000,0x00000000e8600000)
 ParOldGen       total 74240K, used 12254K [0x00000000a0000000, 0x00000000a4880000, 0x00000000e0000000)
  object space 74240K, 16% used [0x00000000a0000000,0x00000000a0bf7a10,0x00000000a4880000)
 Metaspace       used 26057K, capacity 26532K, committed 26752K, reserved 1073152K
  class space    used 3695K, capacity 3851K, committed 3968K, reserved 1048576K
Event: 3.964 GC heap after
Heap after GC invocations=5 (full 1):
 PSYoungGen      total 87040K, used 5112K [0x00000000e0000000, 0x00000000e8600000, 0x0000000100000000)
  eden space 81920K, 0% used [0x00000000e0000000,0x00000000e0000000,0x00000000e5000000)
  from space 5120K, 99% used [0x00000000e8100000,0x00000000e85fe0e0,0x00000000e8600000)
  to   space 5120K, 0% used [0x00000000e7c00000,0x00000000e7c00000,0x00000000e8100000)
 ParOldGen       total 74240K, used 14708K [0x00000000a0000000, 0x00000000a4880000, 0x00000000e0000000)
  object space 74240K, 19% used [0x00000000a0000000,0x00000000a0e5d390,0x00000000a4880000)
 Metaspace       used 26057K, capacity 26532K, committed 26752K, reserved 1073152K
  class space    used 3695K, capacity 3851K, committed 3968K, reserved 1048576K
}
Event: 6.041 GC heap before
{Heap before GC invocations=6 (full 1):
 PSYoungGen      total 87040K, used 87032K [0x00000000e0000000, 0x00000000e8600000, 0x0000000100000000)
  eden space 81920K, 100% used [0x00000000e0000000,0x00000000e5000000,0x00000000e5000000)
  from space 5120K, 99% used [0x00000000e8100000,0x00000000e85fe0e0,0x00000000e8600000)
  to   space 5120K, 0% used [0x00000000e7c00000,0x00000000e7c00000,0x00000000e8100000)
 ParOldGen       total 74240K, used 14708K [0x00000000a0000000, 0x00000000a4880000, 0x00000000e0000000)
  object space 74240K, 19% used [0x00000000a0000000,0x00000000a0e5d390,0x00000000a4880000)
 Metaspace       used 30026K, capacity 30656K, committed 30848K, reserved 1075200K
  class space    used 4212K, capacity 4387K, committed 4480K, reserved 1048576K
Event: 6.058 GC heap after
Heap after GC invocations=6 (full 1):
 PSYoungGen      total 108544K, used 5104K [0x00000000e0000000, 0x00000000e8180000, 0x0000000100000000)
  eden space 103424K, 0% used [0x00000000e0000000,0x00000000e0000000,0x00000000e6500000)
  from space 5120K, 99% used [0x00000000e7c00000,0x00000000e80fc020,0x00000000e8100000)
  to   space 512K, 0% used [0x00000000e8100000,0x00000000e8100000,0x00000000e8180000)
 ParOldGen       total 74240K, used 17786K [0x00000000a0000000, 0x00000000a4880000, 0x00000000e0000000)
  object space 74240K, 23% used [0x00000000a0000000,0x00000000a115eaa8,0x00000000a4880000)
 Metaspace       used 30026K, capacity 30656K, committed 30848K, reserved 1075200K
  class space    used 4212K, capacity 4387K, committed 4480K, reserved 1048576K
}
Event: 6.709 GC heap before
{Heap before GC invocations=7 (full 1):
 PSYoungGen      total 108544K, used 45005K [0x00000000e0000000, 0x00000000e8180000, 0x0000000100000000)
  eden space 103424K, 38% used [0x00000000e0000000,0x00000000e26f75c0,0x00000000e6500000)
  from space 5120K, 99% used [0x00000000e7c00000,0x00000000e80fc020,0x00000000e8100000)
  to   space 512K, 0% used [0x00000000e8100000,0x00000000e8100000,0x00000000e8180000)
 ParOldGen       total 74240K, used 17786K [0x00000000a0000000, 0x00000000a4880000, 0x00000000e0000000)
  object space 74240K, 23% used [0x00000000a0000000,0x00000000a115eaa8,0x00000000a4880000)
 Metaspace       used 34672K, capacity 35382K, committed 35416K, reserved 1079296K
  class space    used 4787K, capacity 4988K, committed 4992K, reserved 1048576K
Event: 6.730 GC heap after
Heap after GC invocations=7 (full 1):
 PSYoungGen      total 120320K, used 512K [0x00000000e0000000, 0x00000000e9e00000, 0x0000000100000000)
  eden space 119808K, 0% used [0x00000000e0000000,0x00000000e0000000,0x00000000e7500000)
  from space 512K, 100% used [0x00000000e8100000,0x00000000e8180000,0x00000000e8180000)
  to   space 12288K, 0% used [0x00000000e7500000,0x00000000e7500000,0x00000000e8100000)
 ParOldGen       total 74240K, used 27074K [0x00000000a0000000, 0x00000000a4880000, 0x00000000e0000000)
  object space 74240K, 36% used [0x00000000a0000000,0x00000000a1a708f0,0x00000000a4880000)
 Metaspace       used 34672K, capacity 35382K, committed 35416K, reserved 1079296K
  class space    used 4787K, capacity 4988K, committed 4992K, reserved 1048576K
}
Event: 6.730 GC heap before
{Heap before GC invocations=8 (full 2):
 PSYoungGen      total 120320K, used 512K [0x00000000e0000000, 0x00000000e9e00000, 0x0000000100000000)
  eden space 119808K, 0% used [0x00000000e0000000,0x00000000e0000000,0x00000000e7500000)
  from space 512K, 100% used [0x00000000e8100000,0x00000000e8180000,0x00000000e8180000)
  to   space 12288K, 0% used [0x00000000e7500000,0x00000000e7500000,0x00000000e8100000)
 ParOldGen       total 74240K, used 27074K [0x00000000a0000000, 0x00000000a4880000, 0x00000000e0000000)
  object space 74240K, 36% used [0x00000000a0000000,0x00000000a1a708f0,0x00000000a4880000)
 Metaspace       used 34672K, capacity 35382K, committed 35416K, reserved 1079296K
  class space    used 4787K, capacity 4988K, committed 4992K, reserved 1048576K
Event: 6.842 GC heap after
Heap after GC invocations=8 (full 2):
 PSYoungGen      total 120320K, used 0K [0x00000000e0000000, 0x00000000e9e00000, 0x0000000100000000)
  eden space 119808K, 0% used [0x00000000e0000000,0x00000000e0000000,0x00000000e7500000)
  from space 512K, 0% used [0x00000000e8100000,0x00000000e8100000,0x00000000e8180000)
  to   space 12288K, 0% used [0x00000000e7500000,0x00000000e7500000,0x00000000e8100000)
 ParOldGen       total 115200K, used 16999K [0x00000000a0000000, 0x00000000a7080000, 0x00000000e0000000)
  object space 115200K, 14% used [0x00000000a0000000,0x00000000a1099fb8,0x00000000a7080000)
 Metaspace       used 34672K, capacity 35382K, committed 35416K, reserved 1079296K
  class space    used 4787K, capacity 4988K, committed 4992K, reserved 1048576K
}
Event: 8.810 GC heap before
{Heap before GC invocations=9 (full 2):
 PSYoungGen      total 120320K, used 119808K [0x00000000e0000000, 0x00000000e9e00000, 0x0000000100000000)
  eden space 119808K, 100% used [0x00000000e0000000,0x00000000e7500000,0x00000000e7500000)
  from space 512K, 0% used [0x00000000e8100000,0x00000000e8100000,0x00000000e8180000)
  to   space 12288K, 0% used [0x00000000e7500000,0x00000000e7500000,0x00000000e8100000)
 ParOldGen       total 115200K, used 16999K [0x00000000a0000000, 0x00000000a7080000, 0x00000000e0000000)
  object space 115200K, 14% used [0x00000000a0000000,0x00000000a1099fb8,0x00000000a7080000)
 Metaspace       used 42986K, capacity 43932K, committed 44120K, reserved 1087488K
  class space    used 5926K, capacity 6192K, committed 6272K, reserved 1048576K
Event: 8.826 GC heap after
Heap after GC invocations=9 (full 2):
 PSYoungGen      total 132096K, used 11230K [0x00000000e0000000, 0x00000000eb500000, 0x0000000100000000)
  eden space 119808K, 0% used [0x00000000e0000000,0x00000000e0000000,0x00000000e7500000)
  from space 12288K, 91% used [0x00000000e7500000,0x00000000e7ff7a70,0x00000000e8100000)
  to   space 13312K, 0% used [0x00000000ea800000,0x00000000ea800000,0x00000000eb500000)
 ParOldGen       total 115200K, used 17007K [0x00000000a0000000, 0x00000000a7080000, 0x00000000e0000000)
  object space 115200K, 14% used [0x00000000a0000000,0x00000000a109bfb8,0x00000000a7080000)
 Metaspace       used 42986K, capacity 43932K, committed 44120K, reserved 1087488K
  class space    used 5926K, capacity 6192K, committed 6272K, reserved 1048576K
}

