# JRE version: Java(TM) SE Runtime Environment (8.0_121-b13) (build 1.8.0_121-b13)
# Java VM: Java HotSpot(TM) 64-Bit Server VM (25.121-b13 mixed mode linux-amd64 compressed oops)
Heap:
 PSYoungGen      total 66048K, used 9351K [0x00000000e0000000, 0x00000000e5980000, 0x0000000100000000)
  eden space 56320K, 0% used [0x00000000e0000000,0x00000000e0000000,0x00000000e3700000)
  from space 9728K, 96% used [0x00000000e3700000,0x00000000e4021eb0,0x00000000e4080000)
  to   space 10240K, 0% used [0x00000000e4f80000,0x00000000e4f80000,0x00000000e5980000)
 ParOldGen       total 65024K, used 8559K [0x00000000a0000000, 0x00000000a3f80000, 0x00000000e0000000)
  object space 65024K, 13% used [0x00000000a0000000,0x00000000a085bec0,0x00000000a3f80000)
 Metaspace       used 34670K, capacity 35304K, committed 35456K, reserved 1079296K
  class space    used 4747K, capacity 4910K, committed 4992K, reserved 1048576K
GC Heap History (10 events):
Event: 28.881 GC heap after
Heap after GC invocations=6 (full 1):
 PSYoungGen      total 36864K, used 4400K [0x00000000e0000000, 0x00000000e3d00000, 0x0000000100000000)
  eden space 31744K, 0% used [0x00000000e0000000,0x00000000e0000000,0x00000000e1f00000)
  from space 5120K, 85% used [0x00000000e1f00000,0x00000000e234c270,0x00000000e2400000)
  to   space 10240K, 0% used [0x00000000e3300000,0x00000000e3300000,0x00000000e3d00000)
 ParOldGen       total 65024K, used 8463K [0x00000000a0000000, 0x00000000a3f80000, 0x00000000e0000000)
  object space 65024K, 13% used [0x00000000a0000000,0x00000000a0843eb0,0x00000000a3f80000)
 Metaspace       used 23474K, capacity 23842K, committed 24192K, reserved 1071104K
  class space    used 3246K, capacity 3350K, committed 3456K, reserved 1048576K
}
Event: 29.572 GC heap before
{Heap before GC invocations=7 (full 1):
 PSYoungGen      total 36864K, used 36144K [0x00000000e0000000, 0x00000000e3d00000, 0x0000000100000000)
  eden space 31744K, 100% used [0x00000000e0000000,0x00000000e1f00000,0x00000000e1f00000)
  from space 5120K, 85% used [0x00000000e1f00000,0x00000000e234c270,0x00000000e2400000)
  to   space 10240K, 0% used [0x00000000e3300000,0x00000000e3300000,0x00000000e3d00000)
 ParOldGen       total 65024K, used 8463K [0x00000000a0000000, 0x00000000a3f80000, 0x00000000e0000000)
  object space 65024K, 13% used [0x00000000a0000000,0x00000000a0843eb0,0x00000000a3f80000)
 Metaspace       used 25741K, capacity 26274K, committed 26368K, reserved 1071104K
  class space    used 3631K, capacity 3792K, committed 3840K, reserved 1048576K
Event: 29.583 GC heap after
Heap after GC invocations=7 (full 1):
 PSYoungGen      total 52736K, used 5094K [0x00000000e0000000, 0x00000000e3e00000, 0x0000000100000000)
  eden space 42496K, 0% used [0x00000000e0000000,0x00000000e0000000,0x00000000e2980000)
  from space 10240K, 49% used [0x00000000e3300000,0x00000000e37f98a8,0x00000000e3d00000)
  to   space 9728K, 0% used [0x00000000e2980000,0x00000000e2980000,0x00000000e3300000)
 ParOldGen       total 65024K, used 8471K [0x00000000a0000000, 0x00000000a3f80000, 0x00000000e0000000)
  object space 65024K, 13% used [0x00000000a0000000,0x00000000a0845eb0,0x00000000a3f80000)
 Metaspace       used 25741K, capacity 26274K, committed 26368K, reserved 1071104K
  class space    used 3631K, capacity 3792K, committed 3840K, reserved 1048576K
}
Event: 31.116 GC heap before
{Heap before GC invocations=8 (full 1):
 PSYoungGen      total 52736K, used 47590K [0x00000000e0000000, 0x00000000e3e00000, 0x0000000100000000)
  eden space 42496K, 100% used [0x00000000e0000000,0x00000000e2980000,0x00000000e2980000)
  from space 10240K, 49% used [0x00000000e3300000,0x00000000e37f98a8,0x00000000e3d00000)
  to   space 9728K, 0% used [0x00000000e2980000,0x00000000e2980000,0x00000000e3300000)
 ParOldGen       total 65024K, used 8471K [0x00000000a0000000, 0x00000000a3f80000, 0x00000000e0000000)
  object space 65024K, 13% used [0x00000000a0000000,0x00000000a0845eb0,0x00000000a3f80000)
 Metaspace       used 29127K, capacity 29740K, committed 29952K, reserved 1075200K
  class space    used 4061K, capacity 4245K, committed 4352K, reserved 1048576K
Event: 31.125 GC heap after
Heap after GC invocations=8 (full 1):
 PSYoungGen      total 52224K, used 6028K [0x00000000e0000000, 0x00000000e4a80000, 0x0000000100000000)
  eden space 42496K, 0% used [0x00000000e0000000,0x00000000e0000000,0x00000000e2980000)
  from space 9728K, 61% used [0x00000000e2980000,0x00000000e2f632d0,0x00000000e3300000)
  to   space 9216K, 0% used [0x00000000e4180000,0x00000000e4180000,0x00000000e4a80000)
 ParOldGen       total 65024K, used 8543K [0x00000000a0000000, 0x00000000a3f80000, 0x00000000e0000000)
  object space 65024K, 13% used [0x00000000a0000000,0x00000000a0857ec0,0x00000000a3f80000)
 Metaspace       used 29127K, capacity 29740K, committed 29952K, reserved 1075200K
  class space    used 4061K, capacity 4245K, committed 4352K, reserved 1048576K
}
Event: 34.276 GC heap before
{Heap before GC invocations=9 (full 1):
 PSYoungGen      total 52224K, used 48524K [0x00000000e0000000, 0x00000000e4a80000, 0x0000000100000000)
  eden space 42496K, 100% used [0x00000000e0000000,0x00000000e2980000,0x00000000e2980000)
  from space 9728K, 61% used [0x00000000e2980000,0x00000000e2f632d0,0x00000000e3300000)
  to   space 9216K, 0% used [0x00000000e4180000,0x00000000e4180000,0x00000000e4a80000)
 ParOldGen       total 65024K, used 8543K [0x00000000a0000000, 0x00000000a3f80000, 0x00000000e0000000)
  object space 65024K, 13% used [0x00000000a0000000,0x00000000a0857ec0,0x00000000a3f80000)
 Metaspace       used 31141K, capacity 31778K, committed 32000K, reserved 1077248K
  class space    used 4305K, capacity 4499K, committed 4608K, reserved 1048576K
Event: 34.286 GC heap after
Heap after GC invocations=9 (full 1):
 PSYoungGen      total 65024K, used 7238K [0x00000000e0000000, 0x00000000e4a00000, 0x0000000100000000)
  eden space 56320K, 0% used [0x00000000e0000000,0x00000000e0000000,0x00000000e3700000)
  from space 8704K, 83% used [0x00000000e4180000,0x00000000e4891960,0x00000000e4a00000)
  to   space 9728K, 0% used [0x00000000e3700000,0x00000000e3700000,0x00000000e4080000)
 ParOldGen       total 65024K, used 8551K [0x00000000a0000000, 0x00000000a3f80000, 0x00000000e0000000)
  object space 65024K, 13% used [0x00000000a0000000,0x00000000a0859ec0,0x00000000a3f80000)
 Metaspace       used 31141K, capacity 31778K, committed 32000K, reserved 1077248K
  class space    used 4305K, capacity 4499K, committed 4608K, reserved 1048576K
}
Event: 34.811 GC heap before
{Heap before GC invocations=10 (full 1):
 PSYoungGen      total 65024K, used 38659K [0x00000000e0000000, 0x00000000e4a00000, 0x0000000100000000)
  eden space 56320K, 55% used [0x00000000e0000000,0x00000000e1eaf2c0,0x00000000e3700000)
  from space 8704K, 83% used [0x00000000e4180000,0x00000000e4891960,0x00000000e4a00000)
  to   space 9728K, 0% used [0x00000000e3700000,0x00000000e3700000,0x00000000e4080000)
 ParOldGen       total 65024K, used 8551K [0x00000000a0000000, 0x00000000a3f80000, 0x00000000e0000000)
  object space 65024K, 13% used [0x00000000a0000000,0x00000000a0859ec0,0x00000000a3f80000)
 Metaspace       used 34670K, capacity 35304K, committed 35456K, reserved 1079296K
  class space    used 4747K, capacity 4910K, committed 4992K, reserved 1048576K
Event: 34.824 GC heap after
Heap after GC invocations=10 (full 1):
 PSYoungGen      total 66048K, used 9351K [0x00000000e0000000, 0x00000000e5980000, 0x0000000100000000)
  eden space 56320K, 0% used [0x00000000e0000000,0x00000000e0000000,0x00000000e3700000)
  from space 9728K, 96% used [0x00000000e3700000,0x00000000e4021eb0,0x00000000e4080000)
  to   space 10240K, 0% used [0x00000000e4f80000,0x00000000e4f80000,0x00000000e5980000)
 ParOldGen       total 65024K, used 8559K [0x00000000a0000000, 0x00000000a3f80000, 0x00000000e0000000)
  object space 65024K, 13% used [0x00000000a0000000,0x00000000a085bec0,0x00000000a3f80000)
 Metaspace       used 34670K, capacity 35304K, committed 35456K, reserved 1079296K
  class space    used 4747K, capacity 4910K, committed 4992K, reserved 1048576K
}
Event: 34.824 GC heap before
{Heap before GC invocations=11 (full 2):
 PSYoungGen      total 66048K, used 9351K [0x00000000e0000000, 0x00000000e5980000, 0x0000000100000000)
  eden space 56320K, 0% used [0x00000000e0000000,0x00000000e0000000,0x00000000e3700000)
  from space 9728K, 96% used [0x00000000e3700000,0x00000000e4021eb0,0x00000000e4080000)
  to   space 10240K, 0% used [0x00000000e4f80000,0x00000000e4f80000,0x00000000e5980000)
 ParOldGen       total 65024K, used 8559K [0x00000000a0000000, 0x00000000a3f80000, 0x00000000e0000000)
  object space 65024K, 13% used [0x00000000a0000000,0x00000000a085bec0,0x00000000a3f80000)
 Metaspace       used 34670K, capacity 35304K, committed 35456K, reserved 1079296K
  class space    used 4747K, capacity 4910K, committed 4992K, reserved 1048576K

