# JRE version: Java(TM) SE Runtime Environment (8.0_121-b13) (build 1.8.0_121-b13)
# Java VM: Java HotSpot(TM) 64-Bit Server VM (25.121-b13 mixed mode linux-amd64 compressed oops)
Heap:
 PSYoungGen      total 253440K, used 252692K [0x00000000e0000000, 0x00000000f1980000, 0x0000000100000000)
  eden space 226816K, 100% used [0x00000000e0000000,0x00000000edd80000,0x00000000edd80000)
  from space 26624K, 97% used [0x00000000efb00000,0x00000000f1445050,0x00000000f1500000)
  to   space 30208K, 67% used [0x00000000edd80000,0x00000000ef184398,0x00000000efb00000)
 ParOldGen       total 145920K, used 46286K [0x00000000a0000000, 0x00000000a8e80000, 0x00000000e0000000)
  object space 145920K, 31% used [0x00000000a0000000,0x00000000a2d339d0,0x00000000a8e80000)
 Metaspace       used 61203K, capacity 64104K, committed 64472K, reserved 1105920K
  class space    used 8257K, capacity 8842K, committed 8960K, reserved 1048576K
GC Heap History (10 events):
Event: 27.078 GC heap after
Heap after GC invocations=17 (full 3):
 PSYoungGen      total 186368K, used 0K [0x00000000e0000000, 0x00000000ed880000, 0x0000000100000000)
  eden space 163840K, 0% used [0x00000000e0000000,0x00000000e0000000,0x00000000ea000000)
  from space 22528K, 0% used [0x00000000eba80000,0x00000000eba80000,0x00000000ed080000)
  to   space 27136K, 0% used [0x00000000ea000000,0x00000000ea000000,0x00000000eba80000)
 ParOldGen       total 145920K, used 46246K [0x00000000a0000000, 0x00000000a8e80000, 0x00000000e0000000)
  object space 145920K, 31% used [0x00000000a0000000,0x00000000a2d299d0,0x00000000a8e80000)
 Metaspace       used 56616K, capacity 58980K, committed 59028K, reserved 1099776K
  class space    used 7871K, capacity 8406K, committed 8448K, reserved 1048576K
}
Event: 58.518 GC heap before
{Heap before GC invocations=18 (full 3):
 PSYoungGen      total 186368K, used 163840K [0x00000000e0000000, 0x00000000ed880000, 0x0000000100000000)
  eden space 163840K, 100% used [0x00000000e0000000,0x00000000ea000000,0x00000000ea000000)
  from space 22528K, 0% used [0x00000000eba80000,0x00000000eba80000,0x00000000ed080000)
  to   space 27136K, 0% used [0x00000000ea000000,0x00000000ea000000,0x00000000eba80000)
 ParOldGen       total 145920K, used 46246K [0x00000000a0000000, 0x00000000a8e80000, 0x00000000e0000000)
  object space 145920K, 31% used [0x00000000a0000000,0x00000000a2d299d0,0x00000000a8e80000)
 Metaspace       used 58433K, capacity 61058K, committed 61400K, reserved 1101824K
  class space    used 8045K, capacity 8579K, committed 8704K, reserved 1048576K
Event: 58.552 GC heap after
Heap after GC invocations=18 (full 3):
 PSYoungGen      total 190976K, used 8474K [0x00000000e0000000, 0x00000000efa80000, 0x0000000100000000)
  eden space 163840K, 0% used [0x00000000e0000000,0x00000000e0000000,0x00000000ea000000)
  from space 27136K, 31% used [0x00000000ea000000,0x00000000ea846ae8,0x00000000eba80000)
  to   space 26112K, 0% used [0x00000000ee100000,0x00000000ee100000,0x00000000efa80000)
 ParOldGen       total 145920K, used 46254K [0x00000000a0000000, 0x00000000a8e80000, 0x00000000e0000000)
  object space 145920K, 31% used [0x00000000a0000000,0x00000000a2d2b9d0,0x00000000a8e80000)
 Metaspace       used 58433K, capacity 61058K, committed 61400K, reserved 1101824K
  class space    used 8045K, capacity 8579K, committed 8704K, reserved 1048576K
}
Event: 64.017 GC heap before
{Heap before GC invocations=19 (full 3):
 PSYoungGen      total 190976K, used 172314K [0x00000000e0000000, 0x00000000efa80000, 0x0000000100000000)
  eden space 163840K, 100% used [0x00000000e0000000,0x00000000ea000000,0x00000000ea000000)
  from space 27136K, 31% used [0x00000000ea000000,0x00000000ea846ae8,0x00000000eba80000)
  to   space 26112K, 0% used [0x00000000ee100000,0x00000000ee100000,0x00000000efa80000)
 ParOldGen       total 145920K, used 46254K [0x00000000a0000000, 0x00000000a8e80000, 0x00000000e0000000)
  object space 145920K, 31% used [0x00000000a0000000,0x00000000a2d2b9d0,0x00000000a8e80000)
 Metaspace       used 59346K, capacity 62012K, committed 62168K, reserved 1103872K
  class space    used 8106K, capacity 8678K, committed 8704K, reserved 1048576K
Event: 64.035 GC heap after
Heap after GC invocations=19 (full 3):
 PSYoungGen      total 219136K, used 9568K [0x00000000e0000000, 0x00000000ef400000, 0x0000000100000000)
  eden space 199680K, 0% used [0x00000000e0000000,0x00000000e0000000,0x00000000ec300000)
  from space 19456K, 49% used [0x00000000ee100000,0x00000000eea58010,0x00000000ef400000)
  to   space 25088K, 0% used [0x00000000ec300000,0x00000000ec300000,0x00000000edb80000)
 ParOldGen       total 145920K, used 46262K [0x00000000a0000000, 0x00000000a8e80000, 0x00000000e0000000)
  object space 145920K, 31% used [0x00000000a0000000,0x00000000a2d2d9d0,0x00000000a8e80000)
 Metaspace       used 59346K, capacity 62012K, committed 62168K, reserved 1103872K
  class space    used 8106K, capacity 8678K, committed 8704K, reserved 1048576K
}
Event: 66.119 GC heap before
{Heap before GC invocations=20 (full 3):
 PSYoungGen      total 219136K, used 209248K [0x00000000e0000000, 0x00000000ef400000, 0x0000000100000000)
  eden space 199680K, 100% used [0x00000000e0000000,0x00000000ec300000,0x00000000ec300000)
  from space 19456K, 49% used [0x00000000ee100000,0x00000000eea58010,0x00000000ef400000)
  to   space 25088K, 0% used [0x00000000ec300000,0x00000000ec300000,0x00000000edb80000)
 ParOldGen       total 145920K, used 46262K [0x00000000a0000000, 0x00000000a8e80000, 0x00000000e0000000)
  object space 145920K, 31% used [0x00000000a0000000,0x00000000a2d2d9d0,0x00000000a8e80000)
 Metaspace       used 60527K, capacity 63220K, committed 63320K, reserved 1103872K
  class space    used 8216K, capacity 8778K, committed 8832K, reserved 1048576K
Event: 66.151 GC heap after
Heap after GC invocations=20 (full 3):
 PSYoungGen      total 224768K, used 19994K [0x00000000e0000000, 0x00000000f1500000, 0x0000000100000000)
  eden space 199680K, 0% used [0x00000000e0000000,0x00000000e0000000,0x00000000ec300000)
  from space 25088K, 79% used [0x00000000ec300000,0x00000000ed686950,0x00000000edb80000)
  to   space 26624K, 0% used [0x00000000efb00000,0x00000000efb00000,0x00000000f1500000)
 ParOldGen       total 145920K, used 46270K [0x00000000a0000000, 0x00000000a8e80000, 0x00000000e0000000)
  object space 145920K, 31% used [0x00000000a0000000,0x00000000a2d2f9d0,0x00000000a8e80000)
 Metaspace       used 60527K, capacity 63220K, committed 63320K, reserved 1103872K
  class space    used 8216K, capacity 8778K, committed 8832K, reserved 1048576K
}
Event: 73.728 GC heap before
{Heap before GC invocations=21 (full 3):
 PSYoungGen      total 224768K, used 219674K [0x00000000e0000000, 0x00000000f1500000, 0x0000000100000000)
  eden space 199680K, 100% used [0x00000000e0000000,0x00000000ec300000,0x00000000ec300000)
  from space 25088K, 79% used [0x00000000ec300000,0x00000000ed686950,0x00000000edb80000)
  to   space 26624K, 0% used [0x00000000efb00000,0x00000000efb00000,0x00000000f1500000)
 ParOldGen       total 145920K, used 46270K [0x00000000a0000000, 0x00000000a8e80000, 0x00000000e0000000)
  object space 145920K, 31% used [0x00000000a0000000,0x00000000a2d2f9d0,0x00000000a8e80000)
 Metaspace       used 61078K, capacity 63988K, committed 64216K, reserved 1103872K
  class space    used 8252K, capacity 8834K, committed 8960K, reserved 1048576K
Event: 73.774 GC heap after
Heap after GC invocations=21 (full 3):
 PSYoungGen      total 253440K, used 25876K [0x00000000e0000000, 0x00000000f1980000, 0x0000000100000000)
  eden space 226816K, 0% used [0x00000000e0000000,0x00000000e0000000,0x00000000edd80000)
  from space 26624K, 97% used [0x00000000efb00000,0x00000000f1445050,0x00000000f1500000)
  to   space 30208K, 0% used [0x00000000edd80000,0x00000000edd80000,0x00000000efb00000)
 ParOldGen       total 145920K, used 46278K [0x00000000a0000000, 0x00000000a8e80000, 0x00000000e0000000)
  object space 145920K, 31% used [0x00000000a0000000,0x00000000a2d319d0,0x00000000a8e80000)
 Metaspace       used 61078K, capacity 63988K, committed 64216K, reserved 1103872K
  class space    used 8252K, capacity 8834K, committed 8960K, reserved 1048576K
}
Event: 77.427 GC heap before
{Heap before GC invocations=22 (full 3):
 PSYoungGen      total 253440K, used 252692K [0x00000000e0000000, 0x00000000f1980000, 0x0000000100000000)
  eden space 226816K, 100% used [0x00000000e0000000,0x00000000edd80000,0x00000000edd80000)
  from space 26624K, 97% used [0x00000000efb00000,0x00000000f1445050,0x00000000f1500000)
  to   space 30208K, 0% used [0x00000000edd80000,0x00000000edd80000,0x00000000efb00000)
 ParOldGen       total 145920K, used 46278K [0x00000000a0000000, 0x00000000a8e80000, 0x00000000e0000000)
  object space 145920K, 31% used [0x00000000a0000000,0x00000000a2d319d0,0x00000000a8e80000)
 Metaspace       used 61203K, capacity 64104K, committed 64472K, reserved 1105920K
  class space    used 8257K, capacity 8842K, committed 8960K, reserved 1048576K

