# JRE version: Java(TM) SE Runtime Environment (8.0_121-b13) (build 1.8.0_121-b13)
# Java VM: Java HotSpot(TM) 64-Bit Server VM (25.121-b13 mixed mode linux-amd64 compressed oops)
Heap:
 PSYoungGen      total 121344K, used 15005K [0x00000000e0000000, 0x00000000e8500000, 0x0000000100000000)
  eden space 109568K, 5% used [0x00000000e0000000,0x00000000e0628550,0x00000000e6b00000)
  from space 11776K, 73% used [0x00000000e7680000,0x00000000e7eff1c0,0x00000000e8200000)
  to   space 11776K, 0% used [0x00000000e6b00000,0x00000000e6b00000,0x00000000e7680000)
 ParOldGen       total 110080K, used 17229K [0x00000000a0000000, 0x00000000a6b80000, 0x00000000e0000000)
  object space 110080K, 15% used [0x00000000a0000000,0x00000000a10d34e8,0x00000000a6b80000)
 Metaspace       used 40003K, capacity 40860K, committed 41176K, reserved 1085440K
  class space    used 5555K, capacity 5768K, committed 5888K, reserved 1048576K
GC Heap History (10 events):
Event: 3.616 GC heap before
{Heap before GC invocations=6 (full 1):
 PSYoungGen      total 68608K, used 63488K [0x00000000e0000000, 0x00000000e4800000, 0x0000000100000000)
  eden space 63488K, 100% used [0x00000000e0000000,0x00000000e3e00000,0x00000000e3e00000)
  from space 5120K, 0% used [0x00000000e4300000,0x00000000e4300000,0x00000000e4800000)
  to   space 5120K, 0% used [0x00000000e3e00000,0x00000000e3e00000,0x00000000e4300000)
 ParOldGen       total 68096K, used 9413K [0x00000000a0000000, 0x00000000a4280000, 0x00000000e0000000)
  object space 68096K, 13% used [0x00000000a0000000,0x00000000a09315b8,0x00000000a4280000)
 Metaspace       used 26107K, capacity 26596K, committed 27008K, reserved 1073152K
  class space    used 3703K, capacity 3851K, committed 3968K, reserved 1048576K
Event: 3.628 GC heap after
Heap after GC invocations=6 (full 1):
 PSYoungGen      total 68608K, used 5113K [0x00000000e0000000, 0x00000000e6600000, 0x0000000100000000)
  eden space 63488K, 0% used [0x00000000e0000000,0x00000000e0000000,0x00000000e3e00000)
  from space 5120K, 99% used [0x00000000e3e00000,0x00000000e42fe6e8,0x00000000e4300000)
  to   space 10752K, 0% used [0x00000000e5b80000,0x00000000e5b80000,0x00000000e6600000)
 ParOldGen       total 68096K, used 11895K [0x00000000a0000000, 0x00000000a4280000, 0x00000000e0000000)
  object space 68096K, 17% used [0x00000000a0000000,0x00000000a0b9dcd0,0x00000000a4280000)
 Metaspace       used 26107K, capacity 26596K, committed 27008K, reserved 1073152K
  class space    used 3703K, capacity 3851K, committed 3968K, reserved 1048576K
}
Event: 4.584 GC heap before
{Heap before GC invocations=7 (full 1):
 PSYoungGen      total 68608K, used 68601K [0x00000000e0000000, 0x00000000e6600000, 0x0000000100000000)
  eden space 63488K, 100% used [0x00000000e0000000,0x00000000e3e00000,0x00000000e3e00000)
  from space 5120K, 99% used [0x00000000e3e00000,0x00000000e42fe6e8,0x00000000e4300000)
  to   space 10752K, 0% used [0x00000000e5b80000,0x00000000e5b80000,0x00000000e6600000)
 ParOldGen       total 68096K, used 11895K [0x00000000a0000000, 0x00000000a4280000, 0x00000000e0000000)
  object space 68096K, 17% used [0x00000000a0000000,0x00000000a0b9dcd0,0x00000000a4280000)
 Metaspace       used 29566K, capacity 30154K, committed 30464K, reserved 1075200K
  class space    used 4141K, capacity 4285K, committed 4352K, reserved 1048576K
Event: 4.600 GC heap after
Heap after GC invocations=7 (full 1):
 PSYoungGen      total 92672K, used 6952K [0x00000000e0000000, 0x00000000e6500000, 0x0000000100000000)
  eden space 82944K, 0% used [0x00000000e0000000,0x00000000e0000000,0x00000000e5100000)
  from space 9728K, 71% used [0x00000000e5b80000,0x00000000e624a038,0x00000000e6500000)
  to   space 10240K, 0% used [0x00000000e5100000,0x00000000e5100000,0x00000000e5b00000)
 ParOldGen       total 68096K, used 11903K [0x00000000a0000000, 0x00000000a4280000, 0x00000000e0000000)
  object space 68096K, 17% used [0x00000000a0000000,0x00000000a0b9fcd0,0x00000000a4280000)
 Metaspace       used 29566K, capacity 30154K, committed 30464K, reserved 1075200K
  class space    used 4141K, capacity 4285K, committed 4352K, reserved 1048576K
}
Event: 5.574 GC heap before
{Heap before GC invocations=8 (full 1):
 PSYoungGen      total 92672K, used 60293K [0x00000000e0000000, 0x00000000e6500000, 0x0000000100000000)
  eden space 82944K, 64% used [0x00000000e0000000,0x00000000e34176f8,0x00000000e5100000)
  from space 9728K, 71% used [0x00000000e5b80000,0x00000000e624a038,0x00000000e6500000)
  to   space 10240K, 0% used [0x00000000e5100000,0x00000000e5100000,0x00000000e5b00000)
 ParOldGen       total 68096K, used 11903K [0x00000000a0000000, 0x00000000a4280000, 0x00000000e0000000)
  object space 68096K, 17% used [0x00000000a0000000,0x00000000a0b9fcd0,0x00000000a4280000)
 Metaspace       used 34629K, capacity 35376K, committed 35416K, reserved 1079296K
  class space    used 4784K, capacity 4987K, committed 4992K, reserved 1048576K
Event: 5.594 GC heap after
Heap after GC invocations=8 (full 1):
 PSYoungGen      total 93184K, used 10234K [0x00000000e0000000, 0x00000000e8200000, 0x0000000100000000)
  eden space 82944K, 0% used [0x00000000e0000000,0x00000000e0000000,0x00000000e5100000)
  from space 10240K, 99% used [0x00000000e5100000,0x00000000e5afe9c8,0x00000000e5b00000)
  to   space 11776K, 0% used [0x00000000e7680000,0x00000000e7680000,0x00000000e8200000)
 ParOldGen       total 68096K, used 12766K [0x00000000a0000000, 0x00000000a4280000, 0x00000000e0000000)
  object space 68096K, 18% used [0x00000000a0000000,0x00000000a0c77bc0,0x00000000a4280000)
 Metaspace       used 34629K, capacity 35376K, committed 35416K, reserved 1079296K
  class space    used 4784K, capacity 4987K, committed 4992K, reserved 1048576K
}
Event: 5.594 GC heap before
{Heap before GC invocations=9 (full 2):
 PSYoungGen      total 93184K, used 10234K [0x00000000e0000000, 0x00000000e8200000, 0x0000000100000000)
  eden space 82944K, 0% used [0x00000000e0000000,0x00000000e0000000,0x00000000e5100000)
  from space 10240K, 99% used [0x00000000e5100000,0x00000000e5afe9c8,0x00000000e5b00000)
  to   space 11776K, 0% used [0x00000000e7680000,0x00000000e7680000,0x00000000e8200000)
 ParOldGen       total 68096K, used 12766K [0x00000000a0000000, 0x00000000a4280000, 0x00000000e0000000)
  object space 68096K, 18% used [0x00000000a0000000,0x00000000a0c77bc0,0x00000000a4280000)
 Metaspace       used 34629K, capacity 35376K, committed 35416K, reserved 1079296K
  class space    used 4784K, capacity 4987K, committed 4992K, reserved 1048576K
Event: 5.675 GC heap after
Heap after GC invocations=9 (full 2):
 PSYoungGen      total 93184K, used 0K [0x00000000e0000000, 0x00000000e8200000, 0x0000000100000000)
  eden space 82944K, 0% used [0x00000000e0000000,0x00000000e0000000,0x00000000e5100000)
  from space 10240K, 0% used [0x00000000e5100000,0x00000000e5100000,0x00000000e5b00000)
  to   space 11776K, 0% used [0x00000000e7680000,0x00000000e7680000,0x00000000e8200000)
 ParOldGen       total 110080K, used 17221K [0x00000000a0000000, 0x00000000a6b80000, 0x00000000e0000000)
  object space 110080K, 15% used [0x00000000a0000000,0x00000000a10d14e8,0x00000000a6b80000)
 Metaspace       used 34629K, capacity 35376K, committed 35416K, reserved 1079296K
  class space    used 4784K, capacity 4987K, committed 4992K, reserved 1048576K
}
Event: 6.431 GC heap before
{Heap before GC invocations=10 (full 2):
 PSYoungGen      total 93184K, used 82944K [0x00000000e0000000, 0x00000000e8200000, 0x0000000100000000)
  eden space 82944K, 100% used [0x00000000e0000000,0x00000000e5100000,0x00000000e5100000)
  from space 10240K, 0% used [0x00000000e5100000,0x00000000e5100000,0x00000000e5b00000)
  to   space 11776K, 0% used [0x00000000e7680000,0x00000000e7680000,0x00000000e8200000)
 ParOldGen       total 110080K, used 17221K [0x00000000a0000000, 0x00000000a6b80000, 0x00000000e0000000)
  object space 110080K, 15% used [0x00000000a0000000,0x00000000a10d14e8,0x00000000a6b80000)
 Metaspace       used 38356K, capacity 39142K, committed 39256K, reserved 1083392K
  class space    used 5283K, capacity 5501K, committed 5504K, reserved 1048576K
Event: 6.446 GC heap after
Heap after GC invocations=10 (full 2):
 PSYoungGen      total 121344K, used 8700K [0x00000000e0000000, 0x00000000e8500000, 0x0000000100000000)
  eden space 109568K, 0% used [0x00000000e0000000,0x00000000e0000000,0x00000000e6b00000)
  from space 11776K, 73% used [0x00000000e7680000,0x00000000e7eff1c0,0x00000000e8200000)
  to   space 11776K, 0% used [0x00000000e6b00000,0x00000000e6b00000,0x00000000e7680000)
 ParOldGen       total 110080K, used 17229K [0x00000000a0000000, 0x00000000a6b80000, 0x00000000e0000000)
  object space 110080K, 15% used [0x00000000a0000000,0x00000000a10d34e8,0x00000000a6b80000)
 Metaspace       used 38356K, capacity 39142K, committed 39256K, reserved 1083392K
  class space    used 5283K, capacity 5501K, committed 5504K, reserved 1048576K
}

