# JRE version: Java(TM) SE Runtime Environment (8.0_121-b13) (build 1.8.0_121-b13)
# Java VM: Java HotSpot(TM) 64-Bit Server VM (25.121-b13 mixed mode linux-amd64 compressed oops)
Heap:
 PSYoungGen      total 106496K, used 50533K [0x00000000e0000000, 0x00000000e8180000, 0x0000000100000000)
  eden space 101376K, 44% used [0x00000000e0000000,0x00000000e2c601e0,0x00000000e6300000)
  from space 5120K, 99% used [0x00000000e7c00000,0x00000000e80f9428,0x00000000e8100000)
  to   space 512K, 0% used [0x00000000e8100000,0x00000000e8100000,0x00000000e8180000)
 ParOldGen       total 73216K, used 16830K [0x00000000a0000000, 0x00000000a4780000, 0x00000000e0000000)
  object space 73216K, 22% used [0x00000000a0000000,0x00000000a106fa00,0x00000000a4780000)
 Metaspace       used 34422K, capacity 35114K, committed 35456K, reserved 1079296K
  class space    used 4717K, capacity 4885K, committed 4992K, reserved 1048576K
GC Heap History (10 events):
Event: 1.047 GC heap before
{Heap before GC invocations=2 (full 0):
 PSYoungGen      total 36864K, used 35736K [0x00000000e0000000, 0x00000000e4800000, 0x0000000100000000)
  eden space 31744K, 100% used [0x00000000e0000000,0x00000000e1f00000,0x00000000e1f00000)
  from space 5120K, 77% used [0x00000000e1f00000,0x00000000e22e6350,0x00000000e2400000)
  to   space 5120K, 0% used [0x00000000e4300000,0x00000000e4300000,0x00000000e4800000)
 ParOldGen       total 84992K, used 8K [0x00000000a0000000, 0x00000000a5300000, 0x00000000e0000000)
  object space 84992K, 0% used [0x00000000a0000000,0x00000000a0002000,0x00000000a5300000)
 Metaspace       used 12689K, capacity 12968K, committed 13184K, reserved 1060864K
  class space    used 1738K, capacity 1865K, committed 1920K, reserved 1048576K
Event: 1.056 GC heap after
Heap after GC invocations=2 (full 0):
 PSYoungGen      total 68608K, used 5114K [0x00000000e0000000, 0x00000000e4800000, 0x0000000100000000)
  eden space 63488K, 0% used [0x00000000e0000000,0x00000000e0000000,0x00000000e3e00000)
  from space 5120K, 99% used [0x00000000e4300000,0x00000000e47febb8,0x00000000e4800000)
  to   space 5120K, 0% used [0x00000000e3e00000,0x00000000e3e00000,0x00000000e4300000)
 ParOldGen       total 84992K, used 703K [0x00000000a0000000, 0x00000000a5300000, 0x00000000e0000000)
  object space 84992K, 0% used [0x00000000a0000000,0x00000000a00afd88,0x00000000a5300000)
 Metaspace       used 12689K, capacity 12968K, committed 13184K, reserved 1060864K
  class space    used 1738K, capacity 1865K, committed 1920K, reserved 1048576K
}
Event: 2.072 GC heap before
{Heap before GC invocations=3 (full 0):
 PSYoungGen      total 68608K, used 61816K [0x00000000e0000000, 0x00000000e4800000, 0x0000000100000000)
  eden space 63488K, 89% used [0x00000000e0000000,0x00000000e375f740,0x00000000e3e00000)
  from space 5120K, 99% used [0x00000000e4300000,0x00000000e47febb8,0x00000000e4800000)
  to   space 5120K, 0% used [0x00000000e3e00000,0x00000000e3e00000,0x00000000e4300000)
 ParOldGen       total 84992K, used 703K [0x00000000a0000000, 0x00000000a5300000, 0x00000000e0000000)
  object space 84992K, 0% used [0x00000000a0000000,0x00000000a00afd88,0x00000000a5300000)
 Metaspace       used 20813K, capacity 21124K, committed 21296K, reserved 1067008K
  class space    used 2815K, capacity 2933K, committed 2944K, reserved 1048576K
Event: 2.091 GC heap after
Heap after GC invocations=3 (full 0):
 PSYoungGen      total 68608K, used 5088K [0x00000000e0000000, 0x00000000e8600000, 0x0000000100000000)
  eden space 63488K, 0% used [0x00000000e0000000,0x00000000e0000000,0x00000000e3e00000)
  from space 5120K, 99% used [0x00000000e3e00000,0x00000000e42f8050,0x00000000e4300000)
  to   space 5120K, 0% used [0x00000000e8100000,0x00000000e8100000,0x00000000e8600000)
 ParOldGen       total 84992K, used 7377K [0x00000000a0000000, 0x00000000a5300000, 0x00000000e0000000)
  object space 84992K, 8% used [0x00000000a0000000,0x00000000a0734520,0x00000000a5300000)
 Metaspace       used 20813K, capacity 21124K, committed 21296K, reserved 1067008K
  class space    used 2815K, capacity 2933K, committed 2944K, reserved 1048576K
}
Event: 2.091 GC heap before
{Heap before GC invocations=4 (full 1):
 PSYoungGen      total 68608K, used 5088K [0x00000000e0000000, 0x00000000e8600000, 0x0000000100000000)
  eden space 63488K, 0% used [0x00000000e0000000,0x00000000e0000000,0x00000000e3e00000)
  from space 5120K, 99% used [0x00000000e3e00000,0x00000000e42f8050,0x00000000e4300000)
  to   space 5120K, 0% used [0x00000000e8100000,0x00000000e8100000,0x00000000e8600000)
 ParOldGen       total 84992K, used 7377K [0x00000000a0000000, 0x00000000a5300000, 0x00000000e0000000)
  object space 84992K, 8% used [0x00000000a0000000,0x00000000a0734520,0x00000000a5300000)
 Metaspace       used 20813K, capacity 21124K, committed 21296K, reserved 1067008K
  class space    used 2815K, capacity 2933K, committed 2944K, reserved 1048576K
Event: 2.176 GC heap after
Heap after GC invocations=4 (full 1):
 PSYoungGen      total 68608K, used 0K [0x00000000e0000000, 0x00000000e8600000, 0x0000000100000000)
  eden space 63488K, 0% used [0x00000000e0000000,0x00000000e0000000,0x00000000e3e00000)
  from space 5120K, 0% used [0x00000000e3e00000,0x00000000e3e00000,0x00000000e4300000)
  to   space 5120K, 0% used [0x00000000e8100000,0x00000000e8100000,0x00000000e8600000)
 ParOldGen       total 73216K, used 11435K [0x00000000a0000000, 0x00000000a4780000, 0x00000000e0000000)
  object space 73216K, 15% used [0x00000000a0000000,0x00000000a0b2ae18,0x00000000a4780000)
 Metaspace       used 20813K, capacity 21124K, committed 21296K, reserved 1067008K
  class space    used 2815K, capacity 2933K, committed 2944K, reserved 1048576K
}
Event: 3.211 GC heap before
{Heap before GC invocations=5 (full 1):
 PSYoungGen      total 68608K, used 63488K [0x00000000e0000000, 0x00000000e8600000, 0x0000000100000000)
  eden space 63488K, 100% used [0x00000000e0000000,0x00000000e3e00000,0x00000000e3e00000)
  from space 5120K, 0% used [0x00000000e3e00000,0x00000000e3e00000,0x00000000e4300000)
  to   space 5120K, 0% used [0x00000000e8100000,0x00000000e8100000,0x00000000e8600000)
 ParOldGen       total 73216K, used 11435K [0x00000000a0000000, 0x00000000a4780000, 0x00000000e0000000)
  object space 73216K, 15% used [0x00000000a0000000,0x00000000a0b2ae18,0x00000000a4780000)
 Metaspace       used 25717K, capacity 26154K, committed 26368K, reserved 1071104K
  class space    used 3648K, capacity 3768K, committed 3840K, reserved 1048576K
Event: 3.221 GC heap after
Heap after GC invocations=5 (full 1):
 PSYoungGen      total 86016K, used 5105K [0x00000000e0000000, 0x00000000e8600000, 0x0000000100000000)
  eden space 80896K, 0% used [0x00000000e0000000,0x00000000e0000000,0x00000000e4f00000)
  from space 5120K, 99% used [0x00000000e8100000,0x00000000e85fc430,0x00000000e8600000)
  to   space 5120K, 0% used [0x00000000e7c00000,0x00000000e7c00000,0x00000000e8100000)
 ParOldGen       total 73216K, used 13826K [0x00000000a0000000, 0x00000000a4780000, 0x00000000e0000000)
  object space 73216K, 18% used [0x00000000a0000000,0x00000000a0d80bf0,0x00000000a4780000)
 Metaspace       used 25717K, capacity 26154K, committed 26368K, reserved 1071104K
  class space    used 3648K, capacity 3768K, committed 3840K, reserved 1048576K
}
Event: 4.882 GC heap before
{Heap before GC invocations=6 (full 1):
 PSYoungGen      total 86016K, used 86001K [0x00000000e0000000, 0x00000000e8600000, 0x0000000100000000)
  eden space 80896K, 100% used [0x00000000e0000000,0x00000000e4f00000,0x00000000e4f00000)
  from space 5120K, 99% used [0x00000000e8100000,0x00000000e85fc430,0x00000000e8600000)
  to   space 5120K, 0% used [0x00000000e7c00000,0x00000000e7c00000,0x00000000e8100000)
 ParOldGen       total 73216K, used 13826K [0x00000000a0000000, 0x00000000a4780000, 0x00000000e0000000)
  object space 73216K, 18% used [0x00000000a0000000,0x00000000a0d80bf0,0x00000000a4780000)
 Metaspace       used 30579K, capacity 31136K, committed 31360K, reserved 1077248K
  class space    used 4247K, capacity 4408K, committed 4480K, reserved 1048576K
Event: 4.899 GC heap after
Heap after GC invocations=6 (full 1):
 PSYoungGen      total 106496K, used 5093K [0x00000000e0000000, 0x00000000e8180000, 0x0000000100000000)
  eden space 101376K, 0% used [0x00000000e0000000,0x00000000e0000000,0x00000000e6300000)
  from space 5120K, 99% used [0x00000000e7c00000,0x00000000e80f9428,0x00000000e8100000)
  to   space 512K, 0% used [0x00000000e8100000,0x00000000e8100000,0x00000000e8180000)
 ParOldGen       total 73216K, used 16830K [0x00000000a0000000, 0x00000000a4780000, 0x00000000e0000000)
  object space 73216K, 22% used [0x00000000a0000000,0x00000000a106fa00,0x00000000a4780000)
 Metaspace       used 30579K, capacity 31136K, committed 31360K, reserved 1077248K
  class space    used 4247K, capacity 4408K, committed 4480K, reserved 1048576K
}

