# JRE version: Java(TM) SE Runtime Environment (8.0_121-b13) (build 1.8.0_121-b13)
# Java VM: Java HotSpot(TM) 64-Bit Server VM (25.121-b13 mixed mode linux-amd64 compressed oops)
Heap:
 PSYoungGen      total 134656K, used 131737K [0x00000000e0000000, 0x00000000e9200000, 0x0000000100000000)
  eden space 122880K, 100% used [0x00000000e0000000,0x00000000e7800000,0x00000000e7800000)
  from space 11776K, 75% used [0x00000000e8380000,0x00000000e8c26680,0x00000000e8f00000)
  to   space 11776K, 81% used [0x00000000e7800000,0x00000000e8164000,0x00000000e8380000)
 ParOldGen       total 100352K, used 16759K [0x00000000a0000000, 0x00000000a6200000, 0x00000000e0000000)
  object space 100352K, 16% used [0x00000000a0000000,0x00000000a105dee0,0x00000000a6200000)
 Metaspace       used 45049K, capacity 46172K, committed 46424K, reserved 1089536K
  class space    used 6170K, capacity 6427K, committed 6528K, reserved 1048576K
GC Heap History (10 events):
Event: 4.612 GC heap after
Heap after GC invocations=6 (full 1):
 PSYoungGen      total 68608K, used 5097K [0x00000000e0000000, 0x00000000e6d80000, 0x0000000100000000)
  eden space 63488K, 0% used [0x00000000e0000000,0x00000000e0000000,0x00000000e3e00000)
  from space 5120K, 99% used [0x00000000e3e00000,0x00000000e42fa658,0x00000000e4300000)
  to   space 11264K, 0% used [0x00000000e6280000,0x00000000e6280000,0x00000000e6d80000)
 ParOldGen       total 64000K, used 12219K [0x00000000a0000000, 0x00000000a3e80000, 0x00000000e0000000)
  object space 64000K, 19% used [0x00000000a0000000,0x00000000a0beef88,0x00000000a3e80000)
 Metaspace       used 26167K, capacity 26632K, committed 27008K, reserved 1073152K
  class space    used 3717K, capacity 3883K, committed 3968K, reserved 1048576K
}
Event: 5.554 GC heap before
{Heap before GC invocations=7 (full 1):
 PSYoungGen      total 68608K, used 68585K [0x00000000e0000000, 0x00000000e6d80000, 0x0000000100000000)
  eden space 63488K, 100% used [0x00000000e0000000,0x00000000e3e00000,0x00000000e3e00000)
  from space 5120K, 99% used [0x00000000e3e00000,0x00000000e42fa658,0x00000000e4300000)
  to   space 11264K, 0% used [0x00000000e6280000,0x00000000e6280000,0x00000000e6d80000)
 ParOldGen       total 64000K, used 12219K [0x00000000a0000000, 0x00000000a3e80000, 0x00000000e0000000)
  object space 64000K, 19% used [0x00000000a0000000,0x00000000a0beef88,0x00000000a3e80000)
 Metaspace       used 29822K, capacity 30478K, committed 30848K, reserved 1075200K
  class space    used 4187K, capacity 4353K, committed 4480K, reserved 1048576K
Event: 5.567 GC heap after
Heap after GC invocations=7 (full 1):
 PSYoungGen      total 97792K, used 7150K [0x00000000e0000000, 0x00000000e6b80000, 0x0000000100000000)
  eden space 88576K, 0% used [0x00000000e0000000,0x00000000e0000000,0x00000000e5680000)
  from space 9216K, 77% used [0x00000000e6280000,0x00000000e697bb70,0x00000000e6b80000)
  to   space 10752K, 0% used [0x00000000e5680000,0x00000000e5680000,0x00000000e6100000)
 ParOldGen       total 64000K, used 12227K [0x00000000a0000000, 0x00000000a3e80000, 0x00000000e0000000)
  object space 64000K, 19% used [0x00000000a0000000,0x00000000a0bf0f88,0x00000000a3e80000)
 Metaspace       used 29822K, capacity 30478K, committed 30848K, reserved 1075200K
  class space    used 4187K, capacity 4353K, committed 4480K, reserved 1048576K
}
Event: 6.499 GC heap before
{Heap before GC invocations=8 (full 1):
 PSYoungGen      total 97792K, used 53641K [0x00000000e0000000, 0x00000000e6b80000, 0x0000000100000000)
  eden space 88576K, 52% used [0x00000000e0000000,0x00000000e2d668b0,0x00000000e5680000)
  from space 9216K, 77% used [0x00000000e6280000,0x00000000e697bb70,0x00000000e6b80000)
  to   space 10752K, 0% used [0x00000000e5680000,0x00000000e5680000,0x00000000e6100000)
 ParOldGen       total 64000K, used 12227K [0x00000000a0000000, 0x00000000a3e80000, 0x00000000e0000000)
  object space 64000K, 19% used [0x00000000a0000000,0x00000000a0bf0f88,0x00000000a3e80000)
 Metaspace       used 34508K, capacity 35312K, committed 35416K, reserved 1079296K
  class space    used 4781K, capacity 4987K, committed 4992K, reserved 1048576K
Event: 6.512 GC heap after
Heap after GC invocations=8 (full 1):
 PSYoungGen      total 99328K, used 10575K [0x00000000e0000000, 0x00000000e8f00000, 0x0000000100000000)
  eden space 88576K, 0% used [0x00000000e0000000,0x00000000e0000000,0x00000000e5680000)
  from space 10752K, 98% used [0x00000000e5680000,0x00000000e60d3f68,0x00000000e6100000)
  to   space 11776K, 0% used [0x00000000e8380000,0x00000000e8380000,0x00000000e8f00000)
 ParOldGen       total 64000K, used 12299K [0x00000000a0000000, 0x00000000a3e80000, 0x00000000e0000000)
  object space 64000K, 19% used [0x00000000a0000000,0x00000000a0c02f98,0x00000000a3e80000)
 Metaspace       used 34508K, capacity 35312K, committed 35416K, reserved 1079296K
  class space    used 4781K, capacity 4987K, committed 4992K, reserved 1048576K
}
Event: 6.512 GC heap before
{Heap before GC invocations=9 (full 2):
 PSYoungGen      total 99328K, used 10575K [0x00000000e0000000, 0x00000000e8f00000, 0x0000000100000000)
  eden space 88576K, 0% used [0x00000000e0000000,0x00000000e0000000,0x00000000e5680000)
  from space 10752K, 98% used [0x00000000e5680000,0x00000000e60d3f68,0x00000000e6100000)
  to   space 11776K, 0% used [0x00000000e8380000,0x00000000e8380000,0x00000000e8f00000)
 ParOldGen       total 64000K, used 12299K [0x00000000a0000000, 0x00000000a3e80000, 0x00000000e0000000)
  object space 64000K, 19% used [0x00000000a0000000,0x00000000a0c02f98,0x00000000a3e80000)
 Metaspace       used 34508K, capacity 35312K, committed 35416K, reserved 1079296K
  class space    used 4781K, capacity 4987K, committed 4992K, reserved 1048576K
Event: 6.593 GC heap after
Heap after GC invocations=9 (full 2):
 PSYoungGen      total 99328K, used 0K [0x00000000e0000000, 0x00000000e8f00000, 0x0000000100000000)
  eden space 88576K, 0% used [0x00000000e0000000,0x00000000e0000000,0x00000000e5680000)
  from space 10752K, 0% used [0x00000000e5680000,0x00000000e5680000,0x00000000e6100000)
  to   space 11776K, 0% used [0x00000000e8380000,0x00000000e8380000,0x00000000e8f00000)
 ParOldGen       total 100352K, used 16751K [0x00000000a0000000, 0x00000000a6200000, 0x00000000e0000000)
  object space 100352K, 16% used [0x00000000a0000000,0x00000000a105bee0,0x00000000a6200000)
 Metaspace       used 34508K, capacity 35312K, committed 35416K, reserved 1079296K
  class space    used 4781K, capacity 4987K, committed 4992K, reserved 1048576K
}
Event: 7.451 GC heap before
{Heap before GC invocations=10 (full 2):
 PSYoungGen      total 99328K, used 88576K [0x00000000e0000000, 0x00000000e8f00000, 0x0000000100000000)
  eden space 88576K, 100% used [0x00000000e0000000,0x00000000e5680000,0x00000000e5680000)
  from space 10752K, 0% used [0x00000000e5680000,0x00000000e5680000,0x00000000e6100000)
  to   space 11776K, 0% used [0x00000000e8380000,0x00000000e8380000,0x00000000e8f00000)
 ParOldGen       total 100352K, used 16751K [0x00000000a0000000, 0x00000000a6200000, 0x00000000e0000000)
  object space 100352K, 16% used [0x00000000a0000000,0x00000000a105bee0,0x00000000a6200000)
 Metaspace       used 38199K, capacity 39116K, committed 39256K, reserved 1083392K
  class space    used 5250K, capacity 5471K, committed 5504K, reserved 1048576K
Event: 7.467 GC heap after
Heap after GC invocations=10 (full 2):
 PSYoungGen      total 134656K, used 8857K [0x00000000e0000000, 0x00000000e9200000, 0x0000000100000000)
  eden space 122880K, 0% used [0x00000000e0000000,0x00000000e0000000,0x00000000e7800000)
  from space 11776K, 75% used [0x00000000e8380000,0x00000000e8c26680,0x00000000e8f00000)
  to   space 11776K, 0% used [0x00000000e7800000,0x00000000e7800000,0x00000000e8380000)
 ParOldGen       total 100352K, used 16751K [0x00000000a0000000, 0x00000000a6200000, 0x00000000e0000000)
  object space 100352K, 16% used [0x00000000a0000000,0x00000000a105bee0,0x00000000a6200000)
 Metaspace       used 38199K, capacity 39116K, committed 39256K, reserved 1083392K
  class space    used 5250K, capacity 5471K, committed 5504K, reserved 1048576K
}
Event: 8.979 GC heap before
{Heap before GC invocations=11 (full 2):
 PSYoungGen      total 134656K, used 131737K [0x00000000e0000000, 0x00000000e9200000, 0x0000000100000000)
  eden space 122880K, 100% used [0x00000000e0000000,0x00000000e7800000,0x00000000e7800000)
  from space 11776K, 75% used [0x00000000e8380000,0x00000000e8c26680,0x00000000e8f00000)
  to   space 11776K, 0% used [0x00000000e7800000,0x00000000e7800000,0x00000000e8380000)
 ParOldGen       total 100352K, used 16751K [0x00000000a0000000, 0x00000000a6200000, 0x00000000e0000000)
  object space 100352K, 16% used [0x00000000a0000000,0x00000000a105bee0,0x00000000a6200000)
 Metaspace       used 45049K, capacity 46172K, committed 46424K, reserved 1089536K
  class space    used 6170K, capacity 6427K, committed 6528K, reserved 1048576K

