# JRE version: Java(TM) SE Runtime Environment (8.0_121-b13) (build 1.8.0_121-b13)
# Java VM: Java HotSpot(TM) 64-Bit Server VM (25.121-b13 mixed mode linux-amd64 compressed oops)
Heap:
 PSYoungGen      total 138240K, used 138227K [0x00000000e0000000, 0x00000000ea900000, 0x0000000100000000)
  eden space 124928K, 100% used [0x00000000e0000000,0x00000000e7a00000,0x00000000e7a00000)
  from space 13312K, 99% used [0x00000000e8c00000,0x00000000e98fcc90,0x00000000e9900000)
  to   space 18432K, 90% used [0x00000000e7a00000,0x00000000e8a40050,0x00000000e8c00000)
 ParOldGen       total 89600K, used 31729K [0x00000000a0000000, 0x00000000a5780000, 0x00000000e0000000)
  object space 89600K, 35% used [0x00000000a0000000,0x00000000a1efc630,0x00000000a5780000)
 Metaspace       used 53600K, capacity 55886K, committed 56152K, reserved 1097728K
  class space    used 7486K, capacity 7970K, committed 8064K, reserved 1048576K
GC Heap History (10 events):
Event: 19.523 GC heap after
Heap after GC invocations=10 (full 1):
 PSYoungGen      total 83968K, used 8359K [0x00000000e0000000, 0x00000000e7e80000, 0x0000000100000000)
  eden space 72704K, 0% used [0x00000000e0000000,0x00000000e0000000,0x00000000e4700000)
  from space 11264K, 74% used [0x00000000e4700000,0x00000000e4f29f40,0x00000000e5200000)
  to   space 11776K, 0% used [0x00000000e7300000,0x00000000e7300000,0x00000000e7e80000)
 ParOldGen       total 64512K, used 9589K [0x00000000a0000000, 0x00000000a3f00000, 0x00000000e0000000)
  object space 64512K, 14% used [0x00000000a0000000,0x00000000a095d7c8,0x00000000a3f00000)
 Metaspace       used 34636K, capacity 35386K, committed 35416K, reserved 1079296K
  class space    used 4791K, capacity 4988K, committed 4992K, reserved 1048576K
}
Event: 19.523 GC heap before
{Heap before GC invocations=11 (full 2):
 PSYoungGen      total 83968K, used 8359K [0x00000000e0000000, 0x00000000e7e80000, 0x0000000100000000)
  eden space 72704K, 0% used [0x00000000e0000000,0x00000000e0000000,0x00000000e4700000)
  from space 11264K, 74% used [0x00000000e4700000,0x00000000e4f29f40,0x00000000e5200000)
  to   space 11776K, 0% used [0x00000000e7300000,0x00000000e7300000,0x00000000e7e80000)
 ParOldGen       total 64512K, used 9589K [0x00000000a0000000, 0x00000000a3f00000, 0x00000000e0000000)
  object space 64512K, 14% used [0x00000000a0000000,0x00000000a095d7c8,0x00000000a3f00000)
 Metaspace       used 34636K, capacity 35386K, committed 35416K, reserved 1079296K
  class space    used 4791K, capacity 4988K, committed 4992K, reserved 1048576K
Event: 19.701 GC heap after
Heap after GC invocations=11 (full 2):
 PSYoungGen      total 83968K, used 0K [0x00000000e0000000, 0x00000000e7e80000, 0x0000000100000000)
  eden space 72704K, 0% used [0x00000000e0000000,0x00000000e0000000,0x00000000e4700000)
  from space 11264K, 0% used [0x00000000e4700000,0x00000000e4700000,0x00000000e5200000)
  to   space 11776K, 0% used [0x00000000e7300000,0x00000000e7300000,0x00000000e7e80000)
 ParOldGen       total 89600K, used 14609K [0x00000000a0000000, 0x00000000a5780000, 0x00000000e0000000)
  object space 89600K, 16% used [0x00000000a0000000,0x00000000a0e446d8,0x00000000a5780000)
 Metaspace       used 34636K, capacity 35386K, committed 35416K, reserved 1079296K
  class space    used 4791K, capacity 4988K, committed 4992K, reserved 1048576K
}
Event: 20.757 GC heap before
{Heap before GC invocations=12 (full 2):
 PSYoungGen      total 83968K, used 72704K [0x00000000e0000000, 0x00000000e7e80000, 0x0000000100000000)
  eden space 72704K, 100% used [0x00000000e0000000,0x00000000e4700000,0x00000000e4700000)
  from space 11264K, 0% used [0x00000000e4700000,0x00000000e4700000,0x00000000e5200000)
  to   space 11776K, 0% used [0x00000000e7300000,0x00000000e7300000,0x00000000e7e80000)
 ParOldGen       total 89600K, used 14609K [0x00000000a0000000, 0x00000000a5780000, 0x00000000e0000000)
  object space 89600K, 16% used [0x00000000a0000000,0x00000000a0e446d8,0x00000000a5780000)
 Metaspace       used 37874K, capacity 38756K, committed 39000K, reserved 1083392K
  class space    used 5214K, capacity 5436K, committed 5504K, reserved 1048576K
Event: 20.776 GC heap after
Heap after GC invocations=12 (full 2):
 PSYoungGen      total 106496K, used 7908K [0x00000000e0000000, 0x00000000e7b00000, 0x0000000100000000)
  eden space 98304K, 0% used [0x00000000e0000000,0x00000000e0000000,0x00000000e6000000)
  from space 8192K, 96% used [0x00000000e7300000,0x00000000e7ab9310,0x00000000e7b00000)
  to   space 11776K, 0% used [0x00000000e6400000,0x00000000e6400000,0x00000000e6f80000)
 ParOldGen       total 89600K, used 14617K [0x00000000a0000000, 0x00000000a5780000, 0x00000000e0000000)
  object space 89600K, 16% used [0x00000000a0000000,0x00000000a0e466d8,0x00000000a5780000)
 Metaspace       used 37874K, capacity 38756K, committed 39000K, reserved 1083392K
  class space    used 5214K, capacity 5436K, committed 5504K, reserved 1048576K
}
Event: 24.036 GC heap before
{Heap before GC invocations=13 (full 2):
 PSYoungGen      total 106496K, used 106212K [0x00000000e0000000, 0x00000000e7b00000, 0x0000000100000000)
  eden space 98304K, 100% used [0x00000000e0000000,0x00000000e6000000,0x00000000e6000000)
  from space 8192K, 96% used [0x00000000e7300000,0x00000000e7ab9310,0x00000000e7b00000)
  to   space 11776K, 0% used [0x00000000e6400000,0x00000000e6400000,0x00000000e6f80000)
 ParOldGen       total 89600K, used 14617K [0x00000000a0000000, 0x00000000a5780000, 0x00000000e0000000)
  object space 89600K, 16% used [0x00000000a0000000,0x00000000a0e466d8,0x00000000a5780000)
 Metaspace       used 45075K, capacity 46188K, committed 46424K, reserved 1089536K
  class space    used 6214K, capacity 6498K, committed 6528K, reserved 1048576K
Event: 24.056 GC heap after
Heap after GC invocations=13 (full 2):
 PSYoungGen      total 114176K, used 11772K [0x00000000e0000000, 0x00000000e9900000, 0x0000000100000000)
  eden space 102400K, 0% used [0x00000000e0000000,0x00000000e0000000,0x00000000e6400000)
  from space 11776K, 99% used [0x00000000e6400000,0x00000000e6f7f368,0x00000000e6f80000)
  to   space 13312K, 0% used [0x00000000e8c00000,0x00000000e8c00000,0x00000000e9900000)
 ParOldGen       total 89600K, used 16153K [0x00000000a0000000, 0x00000000a5780000, 0x00000000e0000000)
  object space 89600K, 18% used [0x00000000a0000000,0x00000000a0fc6648,0x00000000a5780000)
 Metaspace       used 45075K, capacity 46188K, committed 46424K, reserved 1089536K
  class space    used 6214K, capacity 6498K, committed 6528K, reserved 1048576K
}
Event: 26.268 GC heap before
{Heap before GC invocations=14 (full 2):
 PSYoungGen      total 114176K, used 114172K [0x00000000e0000000, 0x00000000e9900000, 0x0000000100000000)
  eden space 102400K, 100% used [0x00000000e0000000,0x00000000e6400000,0x00000000e6400000)
  from space 11776K, 99% used [0x00000000e6400000,0x00000000e6f7f368,0x00000000e6f80000)
  to   space 13312K, 0% used [0x00000000e8c00000,0x00000000e8c00000,0x00000000e9900000)
 ParOldGen       total 89600K, used 16153K [0x00000000a0000000, 0x00000000a5780000, 0x00000000e0000000)
  object space 89600K, 18% used [0x00000000a0000000,0x00000000a0fc6648,0x00000000a5780000)
 Metaspace       used 49599K, capacity 51122K, committed 51416K, reserved 1093632K
  class space    used 6948K, capacity 7302K, committed 7424K, reserved 1048576K
Event: 26.310 GC heap after
Heap after GC invocations=14 (full 2):
 PSYoungGen      total 138240K, used 13299K [0x00000000e0000000, 0x00000000ea900000, 0x0000000100000000)
  eden space 124928K, 0% used [0x00000000e0000000,0x00000000e0000000,0x00000000e7a00000)
  from space 13312K, 99% used [0x00000000e8c00000,0x00000000e98fcc90,0x00000000e9900000)
  to   space 18432K, 0% used [0x00000000e7a00000,0x00000000e7a00000,0x00000000e8c00000)
 ParOldGen       total 89600K, used 24770K [0x00000000a0000000, 0x00000000a5780000, 0x00000000e0000000)
  object space 89600K, 27% used [0x00000000a0000000,0x00000000a1830858,0x00000000a5780000)
 Metaspace       used 49599K, capacity 51122K, committed 51416K, reserved 1093632K
  class space    used 6948K, capacity 7302K, committed 7424K, reserved 1048576K
}
Event: 32.855 GC heap before
{Heap before GC invocations=15 (full 2):
 PSYoungGen      total 138240K, used 138227K [0x00000000e0000000, 0x00000000ea900000, 0x0000000100000000)
  eden space 124928K, 100% used [0x00000000e0000000,0x00000000e7a00000,0x00000000e7a00000)
  from space 13312K, 99% used [0x00000000e8c00000,0x00000000e98fcc90,0x00000000e9900000)
  to   space 18432K, 0% used [0x00000000e7a00000,0x00000000e7a00000,0x00000000e8c00000)
 ParOldGen       total 89600K, used 24770K [0x00000000a0000000, 0x00000000a5780000, 0x00000000e0000000)
  object space 89600K, 27% used [0x00000000a0000000,0x00000000a1830858,0x00000000a5780000)
 Metaspace       used 53600K, capacity 55886K, committed 56152K, reserved 1097728K
  class space    used 7486K, capacity 7970K, committed 8064K, reserved 1048576K

