# JRE version: Java(TM) SE Runtime Environment (8.0_121-b13) (build 1.8.0_121-b13)
# Java VM: Java HotSpot(TM) 64-Bit Server VM (25.121-b13 mixed mode linux-amd64 compressed oops)
Heap:
 PSYoungGen      total 55296K, used 15020K [0x00000000e0000000, 0x00000000e5200000, 0x0000000100000000)
  eden space 45056K, 18% used [0x00000000e0000000,0x00000000e0817638,0x00000000e2c00000)
  from space 10240K, 65% used [0x00000000e2c00000,0x00000000e3293ca8,0x00000000e3600000)
  to   space 10240K, 0% used [0x00000000e4800000,0x00000000e4800000,0x00000000e5200000)
 ParOldGen       total 64000K, used 9348K [0x00000000a0000000, 0x00000000a3e80000, 0x00000000e0000000)
  object space 64000K, 14% used [0x00000000a0000000,0x00000000a0921368,0x00000000a3e80000)
 Metaspace       used 29487K, capacity 30094K, committed 30208K, reserved 1075200K
  class space    used 4137K, capacity 4285K, committed 4352K, reserved 1048576K
GC Heap History (10 events):
Event: 4.081 GC heap before
{Heap before GC invocations=4 (full 0):
 PSYoungGen      total 36864K, used 27753K [0x00000000e0000000, 0x00000000e2900000, 0x0000000100000000)
  eden space 31744K, 71% used [0x00000000e0000000,0x00000000e161ccc8,0x00000000e1f00000)
  from space 5120K, 99% used [0x00000000e1f00000,0x00000000e23fda60,0x00000000e2400000)
  to   space 5120K, 0% used [0x00000000e2400000,0x00000000e2400000,0x00000000e2900000)
 ParOldGen       total 84992K, used 3152K [0x00000000a0000000, 0x00000000a5300000, 0x00000000e0000000)
  object space 84992K, 3% used [0x00000000a0000000,0x00000000a03142e0,0x00000000a5300000)
 Metaspace       used 20703K, capacity 21154K, committed 21248K, reserved 1067008K
  class space    used 2827K, capacity 3008K, committed 3072K, reserved 1048576K
Event: 4.100 GC heap after
Heap after GC invocations=4 (full 0):
 PSYoungGen      total 36864K, used 5115K [0x00000000e0000000, 0x00000000e4800000, 0x0000000100000000)
  eden space 31744K, 0% used [0x00000000e0000000,0x00000000e0000000,0x00000000e1f00000)
  from space 5120K, 99% used [0x00000000e2400000,0x00000000e28fefe0,0x00000000e2900000)
  to   space 5120K, 0% used [0x00000000e1f00000,0x00000000e1f00000,0x00000000e2400000)
 ParOldGen       total 84992K, used 7563K [0x00000000a0000000, 0x00000000a5300000, 0x00000000e0000000)
  object space 84992K, 8% used [0x00000000a0000000,0x00000000a0762df8,0x00000000a5300000)
 Metaspace       used 20703K, capacity 21154K, committed 21248K, reserved 1067008K
  class space    used 2827K, capacity 3008K, committed 3072K, reserved 1048576K
}
Event: 4.100 GC heap before
{Heap before GC invocations=5 (full 1):
 PSYoungGen      total 36864K, used 5115K [0x00000000e0000000, 0x00000000e4800000, 0x0000000100000000)
  eden space 31744K, 0% used [0x00000000e0000000,0x00000000e0000000,0x00000000e1f00000)
  from space 5120K, 99% used [0x00000000e2400000,0x00000000e28fefe0,0x00000000e2900000)
  to   space 5120K, 0% used [0x00000000e1f00000,0x00000000e1f00000,0x00000000e2400000)
 ParOldGen       total 84992K, used 7563K [0x00000000a0000000, 0x00000000a5300000, 0x00000000e0000000)
  object space 84992K, 8% used [0x00000000a0000000,0x00000000a0762df8,0x00000000a5300000)
 Metaspace       used 20703K, capacity 21154K, committed 21248K, reserved 1067008K
  class space    used 2827K, capacity 3008K, committed 3072K, reserved 1048576K
Event: 4.158 GC heap after
Heap after GC invocations=5 (full 1):
 PSYoungGen      total 36864K, used 0K [0x00000000e0000000, 0x00000000e4800000, 0x0000000100000000)
  eden space 31744K, 0% used [0x00000000e0000000,0x00000000e0000000,0x00000000e1f00000)
  from space 5120K, 0% used [0x00000000e2400000,0x00000000e2400000,0x00000000e2900000)
  to   space 5120K, 0% used [0x00000000e1f00000,0x00000000e1f00000,0x00000000e2400000)
 ParOldGen       total 64000K, used 9324K [0x00000000a0000000, 0x00000000a3e80000, 0x00000000e0000000)
  object space 64000K, 14% used [0x00000000a0000000,0x00000000a091b368,0x00000000a3e80000)
 Metaspace       used 20703K, capacity 21154K, committed 21248K, reserved 1067008K
  class space    used 2827K, capacity 3008K, committed 3072K, reserved 1048576K
}
Event: 4.986 GC heap before
{Heap before GC invocations=6 (full 1):
 PSYoungGen      total 36864K, used 31744K [0x00000000e0000000, 0x00000000e4800000, 0x0000000100000000)
  eden space 31744K, 100% used [0x00000000e0000000,0x00000000e1f00000,0x00000000e1f00000)
  from space 5120K, 0% used [0x00000000e2400000,0x00000000e2400000,0x00000000e2900000)
  to   space 5120K, 0% used [0x00000000e1f00000,0x00000000e1f00000,0x00000000e2400000)
 ParOldGen       total 64000K, used 9324K [0x00000000a0000000, 0x00000000a3e80000, 0x00000000e0000000)
  object space 64000K, 14% used [0x00000000a0000000,0x00000000a091b368,0x00000000a3e80000)
 Metaspace       used 23281K, capacity 23758K, committed 23936K, reserved 1069056K
  class space    used 3216K, capacity 3380K, committed 3456K, reserved 1048576K
Event: 4.991 GC heap after
Heap after GC invocations=6 (full 1):
 PSYoungGen      total 36864K, used 3446K [0x00000000e0000000, 0x00000000e4280000, 0x0000000100000000)
  eden space 31744K, 0% used [0x00000000e0000000,0x00000000e0000000,0x00000000e1f00000)
  from space 5120K, 67% used [0x00000000e1f00000,0x00000000e225db38,0x00000000e2400000)
  to   space 11264K, 0% used [0x00000000e3780000,0x00000000e3780000,0x00000000e4280000)
 ParOldGen       total 64000K, used 9332K [0x00000000a0000000, 0x00000000a3e80000, 0x00000000e0000000)
  object space 64000K, 14% used [0x00000000a0000000,0x00000000a091d368,0x00000000a3e80000)
 Metaspace       used 23281K, capacity 23758K, committed 23936K, reserved 1069056K
  class space    used 3216K, capacity 3380K, committed 3456K, reserved 1048576K
}
Event: 5.972 GC heap before
{Heap before GC invocations=7 (full 1):
 PSYoungGen      total 36864K, used 35190K [0x00000000e0000000, 0x00000000e4280000, 0x0000000100000000)
  eden space 31744K, 100% used [0x00000000e0000000,0x00000000e1f00000,0x00000000e1f00000)
  from space 5120K, 67% used [0x00000000e1f00000,0x00000000e225db38,0x00000000e2400000)
  to   space 11264K, 0% used [0x00000000e3780000,0x00000000e3780000,0x00000000e4280000)
 ParOldGen       total 64000K, used 9332K [0x00000000a0000000, 0x00000000a3e80000, 0x00000000e0000000)
  object space 64000K, 14% used [0x00000000a0000000,0x00000000a091d368,0x00000000a3e80000)
 Metaspace       used 26175K, capacity 26668K, committed 27008K, reserved 1073152K
  class space    used 3709K, capacity 3851K, committed 3968K, reserved 1048576K
Event: 5.980 GC heap after
Heap after GC invocations=7 (full 1):
 PSYoungGen      total 53760K, used 5780K [0x00000000e0000000, 0x00000000e4000000, 0x0000000100000000)
  eden space 45056K, 0% used [0x00000000e0000000,0x00000000e0000000,0x00000000e2c00000)
  from space 8704K, 66% used [0x00000000e3780000,0x00000000e3d252a8,0x00000000e4000000)
  to   space 10240K, 0% used [0x00000000e2c00000,0x00000000e2c00000,0x00000000e3600000)
 ParOldGen       total 64000K, used 9340K [0x00000000a0000000, 0x00000000a3e80000, 0x00000000e0000000)
  object space 64000K, 14% used [0x00000000a0000000,0x00000000a091f368,0x00000000a3e80000)
 Metaspace       used 26175K, capacity 26668K, committed 27008K, reserved 1073152K
  class space    used 3709K, capacity 3851K, committed 3968K, reserved 1048576K
}
Event: 7.407 GC heap before
{Heap before GC invocations=8 (full 1):
 PSYoungGen      total 53760K, used 50836K [0x00000000e0000000, 0x00000000e4000000, 0x0000000100000000)
  eden space 45056K, 100% used [0x00000000e0000000,0x00000000e2c00000,0x00000000e2c00000)
  from space 8704K, 66% used [0x00000000e3780000,0x00000000e3d252a8,0x00000000e4000000)
  to   space 10240K, 0% used [0x00000000e2c00000,0x00000000e2c00000,0x00000000e3600000)
 ParOldGen       total 64000K, used 9340K [0x00000000a0000000, 0x00000000a3e80000, 0x00000000e0000000)
  object space 64000K, 14% used [0x00000000a0000000,0x00000000a091f368,0x00000000a3e80000)
 Metaspace       used 29400K, capacity 29966K, committed 30208K, reserved 1075200K
  class space    used 4134K, capacity 4285K, committed 4352K, reserved 1048576K
Event: 7.418 GC heap after
Heap after GC invocations=8 (full 1):
 PSYoungGen      total 55296K, used 6735K [0x00000000e0000000, 0x00000000e5200000, 0x0000000100000000)
  eden space 45056K, 0% used [0x00000000e0000000,0x00000000e0000000,0x00000000e2c00000)
  from space 10240K, 65% used [0x00000000e2c00000,0x00000000e3293ca8,0x00000000e3600000)
  to   space 10240K, 0% used [0x00000000e4800000,0x00000000e4800000,0x00000000e5200000)
 ParOldGen       total 64000K, used 9348K [0x00000000a0000000, 0x00000000a3e80000, 0x00000000e0000000)
  object space 64000K, 14% used [0x00000000a0000000,0x00000000a0921368,0x00000000a3e80000)
 Metaspace       used 29400K, capacity 29966K, committed 30208K, reserved 1075200K
  class space    used 4134K, capacity 4285K, committed 4352K, reserved 1048576K
}

