# JRE version: Java(TM) SE Runtime Environment (8.0_121-b13) (build 1.8.0_121-b13)
# Java VM: Java HotSpot(TM) 64-Bit Server VM (25.121-b13 mixed mode linux-amd64 compressed oops)
Heap:
 PSYoungGen      total 171008K, used 40872K [0x00000000e0000000, 0x00000000ee700000, 0x0000000100000000)
  eden space 153088K, 15% used [0x00000000e0000000,0x00000000e166e988,0x00000000e9580000)
  from space 17920K, 99% used [0x00000000e9580000,0x00000000ea6fb8c8,0x00000000ea700000)
  to   space 25088K, 0% used [0x00000000ece80000,0x00000000ece80000,0x00000000ee700000)
 ParOldGen       total 117760K, used 35949K [0x00000000a0000000, 0x00000000a7300000, 0x00000000e0000000)
  object space 117760K, 30% used [0x00000000a0000000,0x00000000a231b530,0x00000000a7300000)
 Metaspace       used 53569K, capacity 55870K, committed 56152K, reserved 1097728K
  class space    used 7482K, capacity 7968K, committed 8064K, reserved 1048576K
GC Heap History (10 events):
Event: 5.509 GC heap before
{Heap before GC invocations=7 (full 1):
 PSYoungGen      total 105984K, used 43014K [0x00000000e0000000, 0x00000000e8180000, 0x0000000100000000)
  eden space 100864K, 37% used [0x00000000e0000000,0x00000000e25047d8,0x00000000e6280000)
  from space 5120K, 99% used [0x00000000e7c00000,0x00000000e80fd040,0x00000000e8100000)
  to   space 512K, 0% used [0x00000000e8100000,0x00000000e8100000,0x00000000e8180000)
 ParOldGen       total 74752K, used 17603K [0x00000000a0000000, 0x00000000a4900000, 0x00000000e0000000)
  object space 74752K, 23% used [0x00000000a0000000,0x00000000a1130ee0,0x00000000a4900000)
 Metaspace       used 34640K, capacity 35376K, committed 35416K, reserved 1079296K
  class space    used 4783K, capacity 4987K, committed 4992K, reserved 1048576K
Event: 5.523 GC heap after
Heap after GC invocations=7 (full 1):
 PSYoungGen      total 120320K, used 480K [0x00000000e0000000, 0x00000000e9780000, 0x0000000100000000)
  eden space 119808K, 0% used [0x00000000e0000000,0x00000000e0000000,0x00000000e7500000)
  from space 512K, 93% used [0x00000000e8100000,0x00000000e8178010,0x00000000e8180000)
  to   space 12288K, 0% used [0x00000000e7500000,0x00000000e7500000,0x00000000e8100000)
 ParOldGen       total 74752K, used 26945K [0x00000000a0000000, 0x00000000a4900000, 0x00000000e0000000)
  object space 74752K, 36% used [0x00000000a0000000,0x00000000a1a50410,0x00000000a4900000)
 Metaspace       used 34640K, capacity 35376K, committed 35416K, reserved 1079296K
  class space    used 4783K, capacity 4987K, committed 4992K, reserved 1048576K
}
Event: 5.523 GC heap before
{Heap before GC invocations=8 (full 2):
 PSYoungGen      total 120320K, used 480K [0x00000000e0000000, 0x00000000e9780000, 0x0000000100000000)
  eden space 119808K, 0% used [0x00000000e0000000,0x00000000e0000000,0x00000000e7500000)
  from space 512K, 93% used [0x00000000e8100000,0x00000000e8178010,0x00000000e8180000)
  to   space 12288K, 0% used [0x00000000e7500000,0x00000000e7500000,0x00000000e8100000)
 ParOldGen       total 74752K, used 26945K [0x00000000a0000000, 0x00000000a4900000, 0x00000000e0000000)
  object space 74752K, 36% used [0x00000000a0000000,0x00000000a1a50410,0x00000000a4900000)
 Metaspace       used 34640K, capacity 35376K, committed 35416K, reserved 1079296K
  class space    used 4783K, capacity 4987K, committed 4992K, reserved 1048576K
Event: 5.604 GC heap after
Heap after GC invocations=8 (full 2):
 PSYoungGen      total 120320K, used 0K [0x00000000e0000000, 0x00000000e9780000, 0x0000000100000000)
  eden space 119808K, 0% used [0x00000000e0000000,0x00000000e0000000,0x00000000e7500000)
  from space 512K, 0% used [0x00000000e8100000,0x00000000e8100000,0x00000000e8180000)
  to   space 12288K, 0% used [0x00000000e7500000,0x00000000e7500000,0x00000000e8100000)
 ParOldGen       total 117760K, used 18037K [0x00000000a0000000, 0x00000000a7300000, 0x00000000e0000000)
  object space 117760K, 15% used [0x00000000a0000000,0x00000000a119d7e0,0x00000000a7300000)
 Metaspace       used 34640K, capacity 35376K, committed 35416K, reserved 1079296K
  class space    used 4783K, capacity 4987K, committed 4992K, reserved 1048576K
}
Event: 7.165 GC heap before
{Heap before GC invocations=9 (full 2):
 PSYoungGen      total 120320K, used 119808K [0x00000000e0000000, 0x00000000e9780000, 0x0000000100000000)
  eden space 119808K, 100% used [0x00000000e0000000,0x00000000e7500000,0x00000000e7500000)
  from space 512K, 0% used [0x00000000e8100000,0x00000000e8100000,0x00000000e8180000)
  to   space 12288K, 0% used [0x00000000e7500000,0x00000000e7500000,0x00000000e8100000)
 ParOldGen       total 117760K, used 18037K [0x00000000a0000000, 0x00000000a7300000, 0x00000000e0000000)
  object space 117760K, 15% used [0x00000000a0000000,0x00000000a119d7e0,0x00000000a7300000)
 Metaspace       used 42812K, capacity 43828K, committed 43992K, reserved 1087488K
  class space    used 5898K, capacity 6116K, committed 6144K, reserved 1048576K
Event: 7.180 GC heap after
Heap after GC invocations=9 (full 2):
 PSYoungGen      total 132096K, used 11368K [0x00000000e0000000, 0x00000000eb400000, 0x0000000100000000)
  eden space 119808K, 0% used [0x00000000e0000000,0x00000000e0000000,0x00000000e7500000)
  from space 12288K, 92% used [0x00000000e7500000,0x00000000e801a2e8,0x00000000e8100000)
  to   space 13312K, 0% used [0x00000000ea700000,0x00000000ea700000,0x00000000eb400000)
 ParOldGen       total 117760K, used 18045K [0x00000000a0000000, 0x00000000a7300000, 0x00000000e0000000)
  object space 117760K, 15% used [0x00000000a0000000,0x00000000a119f7e0,0x00000000a7300000)
 Metaspace       used 42812K, capacity 43828K, committed 43992K, reserved 1087488K
  class space    used 5898K, capacity 6116K, committed 6144K, reserved 1048576K
}
Event: 8.620 GC heap before
{Heap before GC invocations=10 (full 2):
 PSYoungGen      total 132096K, used 131176K [0x00000000e0000000, 0x00000000eb400000, 0x0000000100000000)
  eden space 119808K, 100% used [0x00000000e0000000,0x00000000e7500000,0x00000000e7500000)
  from space 12288K, 92% used [0x00000000e7500000,0x00000000e801a2e8,0x00000000e8100000)
  to   space 13312K, 0% used [0x00000000ea700000,0x00000000ea700000,0x00000000eb400000)
 ParOldGen       total 117760K, used 18045K [0x00000000a0000000, 0x00000000a7300000, 0x00000000e0000000)
  object space 117760K, 15% used [0x00000000a0000000,0x00000000a119f7e0,0x00000000a7300000)
 Metaspace       used 48395K, capacity 49974K, committed 50136K, reserved 1091584K
  class space    used 6758K, capacity 7158K, committed 7168K, reserved 1048576K
Event: 8.643 GC heap after
Heap after GC invocations=10 (full 2):
 PSYoungGen      total 166400K, used 13283K [0x00000000e0000000, 0x00000000ebd00000, 0x0000000100000000)
  eden space 153088K, 0% used [0x00000000e0000000,0x00000000e0000000,0x00000000e9580000)
  from space 13312K, 99% used [0x00000000ea700000,0x00000000eb3f8c80,0x00000000eb400000)
  to   space 17920K, 0% used [0x00000000e9580000,0x00000000e9580000,0x00000000ea700000)
 ParOldGen       total 117760K, used 24303K [0x00000000a0000000, 0x00000000a7300000, 0x00000000e0000000)
  object space 117760K, 20% used [0x00000000a0000000,0x00000000a17bbc00,0x00000000a7300000)
 Metaspace       used 48395K, capacity 49974K, committed 50136K, reserved 1091584K
  class space    used 6758K, capacity 7158K, committed 7168K, reserved 1048576K
}
Event: 11.503 GC heap before
{Heap before GC invocations=11 (full 2):
 PSYoungGen      total 166400K, used 166371K [0x00000000e0000000, 0x00000000ebd00000, 0x0000000100000000)
  eden space 153088K, 100% used [0x00000000e0000000,0x00000000e9580000,0x00000000e9580000)
  from space 13312K, 99% used [0x00000000ea700000,0x00000000eb3f8c80,0x00000000eb400000)
  to   space 17920K, 0% used [0x00000000e9580000,0x00000000e9580000,0x00000000ea700000)
 ParOldGen       total 117760K, used 24303K [0x00000000a0000000, 0x00000000a7300000, 0x00000000e0000000)
  object space 117760K, 20% used [0x00000000a0000000,0x00000000a17bbc00,0x00000000a7300000)
 Metaspace       used 53473K, capacity 55806K, committed 56152K, reserved 1097728K
  class space    used 7482K, capacity 7968K, committed 8064K, reserved 1048576K
Event: 11.587 GC heap after
Heap after GC invocations=11 (full 2):
 PSYoungGen      total 171008K, used 17902K [0x00000000e0000000, 0x00000000ee700000, 0x0000000100000000)
  eden space 153088K, 0% used [0x00000000e0000000,0x00000000e0000000,0x00000000e9580000)
  from space 17920K, 99% used [0x00000000e9580000,0x00000000ea6fb8c8,0x00000000ea700000)
  to   space 25088K, 0% used [0x00000000ece80000,0x00000000ece80000,0x00000000ee700000)
 ParOldGen       total 117760K, used 35949K [0x00000000a0000000, 0x00000000a7300000, 0x00000000e0000000)
  object space 117760K, 30% used [0x00000000a0000000,0x00000000a231b530,0x00000000a7300000)
 Metaspace       used 53473K, capacity 55806K, committed 56152K, reserved 1097728K
  class space    used 7482K, capacity 7968K, committed 8064K, reserved 1048576K
}

