# JRE version: Java(TM) SE Runtime Environment (8.0_121-b13) (build 1.8.0_121-b13)
# Java VM: Java HotSpot(TM) 64-Bit Server VM (25.121-b13 mixed mode linux-amd64 compressed oops)
Heap:
 PSYoungGen      total 468992K, used 148503K [0x00000000e0000000, 0x0000000100000000, 0x0000000100000000)
  eden space 420864K, 26% used [0x00000000e0000000,0x00000000e6d04548,0x00000000f9b00000)
  from space 48128K, 76% used [0x00000000fcf00000,0x00000000ff301870,0x00000000ffe00000)
  to   space 51712K, 0% used [0x00000000f9b00000,0x00000000f9b00000,0x00000000fcd80000)
 ParOldGen       total 178688K, used 61715K [0x00000000a0000000, 0x00000000aae80000, 0x00000000e0000000)
  object space 178688K, 34% used [0x00000000a0000000,0x00000000a3c44e28,0x00000000aae80000)
 Metaspace       used 81532K, capacity 85790K, committed 86104K, reserved 1124352K
  class space    used 10524K, capacity 11267K, committed 11392K, reserved 1048576K
GC Heap History (10 events):
Event: 1225.282 GC heap before
{Heap before GC invocations=20 (full 3):
 PSYoungGen      total 461824K, used 455239K [0x00000000e0000000, 0x0000000100000000, 0x0000000100000000)
  eden space 419840K, 100% used [0x00000000e0000000,0x00000000f9a00000,0x00000000f9a00000)
  from space 41984K, 84% used [0x00000000fd700000,0x00000000ff991fc0,0x0000000100000000)
  to   space 52224K, 0% used [0x00000000f9a00000,0x00000000f9a00000,0x00000000fcd00000)
 ParOldGen       total 128000K, used 102154K [0x00000000a0000000, 0x00000000a7d00000, 0x00000000e0000000)
  object space 128000K, 79% used [0x00000000a0000000,0x00000000a63c2978,0x00000000a7d00000)
 Metaspace       used 69966K, capacity 72662K, committed 72920K, reserved 1112064K
  class space    used 8946K, capacity 9453K, committed 9472K, reserved 1048576K
Event: 1225.332 GC heap after
Heap after GC invocations=20 (full 3):
 PSYoungGen      total 472064K, used 25455K [0x00000000e0000000, 0x0000000100000000, 0x0000000100000000)
  eden space 419840K, 0% used [0x00000000e0000000,0x00000000e0000000,0x00000000f9a00000)
  from space 52224K, 48% used [0x00000000f9a00000,0x00000000fb2dbdd8,0x00000000fcd00000)
  to   space 50688K, 0% used [0x00000000fce80000,0x00000000fce80000,0x0000000100000000)
 ParOldGen       total 128000K, used 118246K [0x00000000a0000000, 0x00000000a7d00000, 0x00000000e0000000)
  object space 128000K, 92% used [0x00000000a0000000,0x00000000a7379bb0,0x00000000a7d00000)
 Metaspace       used 69966K, capacity 72662K, committed 72920K, reserved 1112064K
  class space    used 8946K, capacity 9453K, committed 9472K, reserved 1048576K
}
Event: 1225.332 GC heap before
{Heap before GC invocations=21 (full 4):
 PSYoungGen      total 472064K, used 25455K [0x00000000e0000000, 0x0000000100000000, 0x0000000100000000)
  eden space 419840K, 0% used [0x00000000e0000000,0x00000000e0000000,0x00000000f9a00000)
  from space 52224K, 48% used [0x00000000f9a00000,0x00000000fb2dbdd8,0x00000000fcd00000)
  to   space 50688K, 0% used [0x00000000fce80000,0x00000000fce80000,0x0000000100000000)
 ParOldGen       total 128000K, used 118246K [0x00000000a0000000, 0x00000000a7d00000, 0x00000000e0000000)
  object space 128000K, 92% used [0x00000000a0000000,0x00000000a7379bb0,0x00000000a7d00000)
 Metaspace       used 69966K, capacity 72662K, committed 72920K, reserved 1112064K
  class space    used 8946K, capacity 9453K, committed 9472K, reserved 1048576K
Event: 1225.559 GC heap after
Heap after GC invocations=21 (full 4):
 PSYoungGen      total 472064K, used 0K [0x00000000e0000000, 0x0000000100000000, 0x0000000100000000)
  eden space 419840K, 0% used [0x00000000e0000000,0x00000000e0000000,0x00000000f9a00000)
  from space 52224K, 0% used [0x00000000f9a00000,0x00000000f9a00000,0x00000000fcd00000)
  to   space 50688K, 0% used [0x00000000fce80000,0x00000000fce80000,0x0000000100000000)
 ParOldGen       total 178688K, used 60399K [0x00000000a0000000, 0x00000000aae80000, 0x00000000e0000000)
  object space 178688K, 33% used [0x00000000a0000000,0x00000000a3afbd28,0x00000000aae80000)
 Metaspace       used 69827K, capacity 72386K, committed 72920K, reserved 1112064K
  class space    used 8925K, capacity 9367K, committed 9472K, reserved 1048576K
}
Event: 1226.751 GC heap before
{Heap before GC invocations=22 (full 4):
 PSYoungGen      total 472064K, used 419522K [0x00000000e0000000, 0x0000000100000000, 0x0000000100000000)
  eden space 419840K, 99% used [0x00000000e0000000,0x00000000f99b0948,0x00000000f9a00000)
  from space 52224K, 0% used [0x00000000f9a00000,0x00000000f9a00000,0x00000000fcd00000)
  to   space 50688K, 0% used [0x00000000fce80000,0x00000000fce80000,0x0000000100000000)
 ParOldGen       total 178688K, used 60399K [0x00000000a0000000, 0x00000000aae80000, 0x00000000e0000000)
  object space 178688K, 33% used [0x00000000a0000000,0x00000000a3afbd28,0x00000000aae80000)
 Metaspace       used 69882K, capacity 72450K, committed 72920K, reserved 1112064K
  class space    used 8925K, capacity 9367K, committed 9472K, reserved 1048576K
Event: 1226.760 GC heap after
Heap after GC invocations=22 (full 4):
 PSYoungGen      total 469504K, used 8416K [0x00000000e0000000, 0x00000000ffd80000, 0x0000000100000000)
  eden space 421376K, 0% used [0x00000000e0000000,0x00000000e0000000,0x00000000f9b80000)
  from space 48128K, 17% used [0x00000000fce80000,0x00000000fd6b80b0,0x00000000ffd80000)
  to   space 50176K, 0% used [0x00000000f9b80000,0x00000000f9b80000,0x00000000fcc80000)
 ParOldGen       total 178688K, used 60407K [0x00000000a0000000, 0x00000000aae80000, 0x00000000e0000000)
  object space 178688K, 33% used [0x00000000a0000000,0x00000000a3afdd28,0x00000000aae80000)
 Metaspace       used 69882K, capacity 72450K, committed 72920K, reserved 1112064K
  class space    used 8925K, capacity 9367K, committed 9472K, reserved 1048576K
}
Event: 1547.048 GC heap before
{Heap before GC invocations=23 (full 4):
 PSYoungGen      total 469504K, used 429792K [0x00000000e0000000, 0x00000000ffd80000, 0x0000000100000000)
  eden space 421376K, 100% used [0x00000000e0000000,0x00000000f9b80000,0x00000000f9b80000)
  from space 48128K, 17% used [0x00000000fce80000,0x00000000fd6b80b0,0x00000000ffd80000)
  to   space 50176K, 0% used [0x00000000f9b80000,0x00000000f9b80000,0x00000000fcc80000)
 ParOldGen       total 178688K, used 60407K [0x00000000a0000000, 0x00000000aae80000, 0x00000000e0000000)
  object space 178688K, 33% used [0x00000000a0000000,0x00000000a3afdd28,0x00000000aae80000)
 Metaspace       used 76801K, capacity 79846K, committed 80088K, reserved 1118208K
  class space    used 9831K, capacity 10385K, committed 10496K, reserved 1048576K
Event: 1547.067 GC heap after
Heap after GC invocations=23 (full 4):
 PSYoungGen      total 471552K, used 14017K [0x00000000e0000000, 0x00000000ffe00000, 0x0000000100000000)
  eden space 421376K, 0% used [0x00000000e0000000,0x00000000e0000000,0x00000000f9b80000)
  from space 50176K, 27% used [0x00000000f9b80000,0x00000000fa930418,0x00000000fcc80000)
  to   space 48128K, 0% used [0x00000000fcf00000,0x00000000fcf00000,0x00000000ffe00000)
 ParOldGen       total 178688K, used 61707K [0x00000000a0000000, 0x00000000aae80000, 0x00000000e0000000)
  object space 178688K, 34% used [0x00000000a0000000,0x00000000a3c42e28,0x00000000aae80000)
 Metaspace       used 76801K, capacity 79846K, committed 80088K, reserved 1118208K
  class space    used 9831K, capacity 10385K, committed 10496K, reserved 1048576K
}
Event: 1603.300 GC heap before
{Heap before GC invocations=24 (full 4):
 PSYoungGen      total 471552K, used 435393K [0x00000000e0000000, 0x00000000ffe00000, 0x0000000100000000)
  eden space 421376K, 100% used [0x00000000e0000000,0x00000000f9b80000,0x00000000f9b80000)
  from space 50176K, 27% used [0x00000000f9b80000,0x00000000fa930418,0x00000000fcc80000)
  to   space 48128K, 0% used [0x00000000fcf00000,0x00000000fcf00000,0x00000000ffe00000)
 ParOldGen       total 178688K, used 61707K [0x00000000a0000000, 0x00000000aae80000, 0x00000000e0000000)
  object space 178688K, 34% used [0x00000000a0000000,0x00000000a3c42e28,0x00000000aae80000)
 Metaspace       used 81051K, capacity 85260K, committed 85464K, reserved 1124352K
  class space    used 10488K, capacity 11200K, committed 11264K, reserved 1048576K
Event: 1603.340 GC heap after
Heap after GC invocations=24 (full 4):
 PSYoungGen      total 468992K, used 36870K [0x00000000e0000000, 0x0000000100000000, 0x0000000100000000)
  eden space 420864K, 0% used [0x00000000e0000000,0x00000000e0000000,0x00000000f9b00000)
  from space 48128K, 76% used [0x00000000fcf00000,0x00000000ff301870,0x00000000ffe00000)
  to   space 51712K, 0% used [0x00000000f9b00000,0x00000000f9b00000,0x00000000fcd80000)
 ParOldGen       total 178688K, used 61715K [0x00000000a0000000, 0x00000000aae80000, 0x00000000e0000000)
  object space 178688K, 34% used [0x00000000a0000000,0x00000000a3c44e28,0x00000000aae80000)
 Metaspace       used 81051K, capacity 85260K, committed 85464K, reserved 1124352K
  class space    used 10488K, capacity 11200K, committed 11264K, reserved 1048576K
}

