# JRE version: Java(TM) SE Runtime Environment (8.0_121-b13) (build 1.8.0_121-b13)
# Java VM: Java HotSpot(TM) 64-Bit Server VM (25.121-b13 mixed mode linux-amd64 compressed oops)
Heap:
 PSYoungGen      total 107008K, used 22855K [0x00000000e0000000, 0x00000000e7600000, 0x0000000100000000)
  eden space 98304K, 15% used [0x00000000e0000000,0x00000000e0ec6ee8,0x00000000e6000000)
  from space 8704K, 88% used [0x00000000e6d80000,0x00000000e750ae38,0x00000000e7600000)
  to   space 11264K, 0% used [0x00000000e6000000,0x00000000e6000000,0x00000000e6b00000)
 ParOldGen       total 82432K, used 15317K [0x00000000a0000000, 0x00000000a5080000, 0x00000000e0000000)
  object space 82432K, 18% used [0x00000000a0000000,0x00000000a0ef5690,0x00000000a5080000)
 Metaspace       used 38852K, capacity 39774K, committed 39896K, reserved 1083392K
  class space    used 5370K, capacity 5603K, committed 5632K, reserved 1048576K
GC Heap History (10 events):
Event: 21.681 GC heap before
{Heap before GC invocations=8 (full 1):
 PSYoungGen      total 55808K, used 52433K [0x00000000e0000000, 0x00000000e4180000, 0x0000000100000000)
  eden space 46592K, 100% used [0x00000000e0000000,0x00000000e2d80000,0x00000000e2d80000)
  from space 9216K, 63% used [0x00000000e3880000,0x00000000e3e34660,0x00000000e4180000)
  to   space 10240K, 0% used [0x00000000e2d80000,0x00000000e2d80000,0x00000000e3780000)
 ParOldGen       total 62464K, used 9349K [0x00000000a0000000, 0x00000000a3d00000, 0x00000000e0000000)
  object space 62464K, 14% used [0x00000000a0000000,0x00000000a09215f0,0x00000000a3d00000)
 Metaspace       used 29482K, capacity 30122K, committed 30208K, reserved 1075200K
  class space    used 4145K, capacity 4317K, committed 4352K, reserved 1048576K
Event: 21.710 GC heap after
Heap after GC invocations=8 (full 1):
 PSYoungGen      total 56832K, used 6696K [0x00000000e0000000, 0x00000000e5900000, 0x0000000100000000)
  eden space 46592K, 0% used [0x00000000e0000000,0x00000000e0000000,0x00000000e2d80000)
  from space 10240K, 65% used [0x00000000e2d80000,0x00000000e340a058,0x00000000e3780000)
  to   space 10240K, 0% used [0x00000000e4f00000,0x00000000e4f00000,0x00000000e5900000)
 ParOldGen       total 62464K, used 9357K [0x00000000a0000000, 0x00000000a3d00000, 0x00000000e0000000)
  object space 62464K, 14% used [0x00000000a0000000,0x00000000a09235f0,0x00000000a3d00000)
 Metaspace       used 29482K, capacity 30122K, committed 30208K, reserved 1075200K
  class space    used 4145K, capacity 4317K, committed 4352K, reserved 1048576K
}
Event: 24.723 GC heap before
{Heap before GC invocations=9 (full 1):
 PSYoungGen      total 56832K, used 53288K [0x00000000e0000000, 0x00000000e5900000, 0x0000000100000000)
  eden space 46592K, 100% used [0x00000000e0000000,0x00000000e2d80000,0x00000000e2d80000)
  from space 10240K, 65% used [0x00000000e2d80000,0x00000000e340a058,0x00000000e3780000)
  to   space 10240K, 0% used [0x00000000e4f00000,0x00000000e4f00000,0x00000000e5900000)
 ParOldGen       total 62464K, used 9357K [0x00000000a0000000, 0x00000000a3d00000, 0x00000000e0000000)
  object space 62464K, 14% used [0x00000000a0000000,0x00000000a09235f0,0x00000000a3d00000)
 Metaspace       used 32708K, capacity 33438K, committed 33792K, reserved 1079296K
  class space    used 4547K, capacity 4744K, committed 4864K, reserved 1048576K
Event: 24.749 GC heap after
Heap after GC invocations=9 (full 1):
 PSYoungGen      total 80384K, used 8945K [0x00000000e0000000, 0x00000000e5980000, 0x0000000100000000)
  eden space 70144K, 0% used [0x00000000e0000000,0x00000000e0000000,0x00000000e4480000)
  from space 10240K, 87% used [0x00000000e4f00000,0x00000000e57bc760,0x00000000e5900000)
  to   space 10752K, 0% used [0x00000000e4480000,0x00000000e4480000,0x00000000e4f00000)
 ParOldGen       total 62464K, used 9365K [0x00000000a0000000, 0x00000000a3d00000, 0x00000000e0000000)
  object space 62464K, 14% used [0x00000000a0000000,0x00000000a09255f0,0x00000000a3d00000)
 Metaspace       used 32708K, capacity 33438K, committed 33792K, reserved 1079296K
  class space    used 4547K, capacity 4744K, committed 4864K, reserved 1048576K
}
Event: 25.162 GC heap before
{Heap before GC invocations=10 (full 1):
 PSYoungGen      total 80384K, used 28757K [0x00000000e0000000, 0x00000000e5980000, 0x0000000100000000)
  eden space 70144K, 28% used [0x00000000e0000000,0x00000000e1358fd0,0x00000000e4480000)
  from space 10240K, 87% used [0x00000000e4f00000,0x00000000e57bc760,0x00000000e5900000)
  to   space 10752K, 0% used [0x00000000e4480000,0x00000000e4480000,0x00000000e4f00000)
 ParOldGen       total 62464K, used 9365K [0x00000000a0000000, 0x00000000a3d00000, 0x00000000e0000000)
  object space 62464K, 14% used [0x00000000a0000000,0x00000000a09255f0,0x00000000a3d00000)
 Metaspace       used 34656K, capacity 35376K, committed 35416K, reserved 1079296K
  class space    used 4791K, capacity 4987K, committed 4992K, reserved 1048576K
Event: 25.185 GC heap after
Heap after GC invocations=10 (full 1):
 PSYoungGen      total 80896K, used 9155K [0x00000000e0000000, 0x00000000e7900000, 0x0000000100000000)
  eden space 70144K, 0% used [0x00000000e0000000,0x00000000e0000000,0x00000000e4480000)
  from space 10752K, 85% used [0x00000000e4480000,0x00000000e4d70e80,0x00000000e4f00000)
  to   space 11776K, 0% used [0x00000000e6d80000,0x00000000e6d80000,0x00000000e7900000)
 ParOldGen       total 62464K, used 9373K [0x00000000a0000000, 0x00000000a3d00000, 0x00000000e0000000)
  object space 62464K, 15% used [0x00000000a0000000,0x00000000a09275f0,0x00000000a3d00000)
 Metaspace       used 34656K, capacity 35376K, committed 35416K, reserved 1079296K
  class space    used 4791K, capacity 4987K, committed 4992K, reserved 1048576K
}
Event: 25.185 GC heap before
{Heap before GC invocations=11 (full 2):
 PSYoungGen      total 80896K, used 9155K [0x00000000e0000000, 0x00000000e7900000, 0x0000000100000000)
  eden space 70144K, 0% used [0x00000000e0000000,0x00000000e0000000,0x00000000e4480000)
  from space 10752K, 85% used [0x00000000e4480000,0x00000000e4d70e80,0x00000000e4f00000)
  to   space 11776K, 0% used [0x00000000e6d80000,0x00000000e6d80000,0x00000000e7900000)
 ParOldGen       total 62464K, used 9373K [0x00000000a0000000, 0x00000000a3d00000, 0x00000000e0000000)
  object space 62464K, 15% used [0x00000000a0000000,0x00000000a09275f0,0x00000000a3d00000)
 Metaspace       used 34656K, capacity 35376K, committed 35416K, reserved 1079296K
  class space    used 4791K, capacity 4987K, committed 4992K, reserved 1048576K
Event: 25.278 GC heap after
Heap after GC invocations=11 (full 2):
 PSYoungGen      total 80896K, used 0K [0x00000000e0000000, 0x00000000e7900000, 0x0000000100000000)
  eden space 70144K, 0% used [0x00000000e0000000,0x00000000e0000000,0x00000000e4480000)
  from space 10752K, 0% used [0x00000000e4480000,0x00000000e4480000,0x00000000e4f00000)
  to   space 11776K, 0% used [0x00000000e6d80000,0x00000000e6d80000,0x00000000e7900000)
 ParOldGen       total 82432K, used 15309K [0x00000000a0000000, 0x00000000a5080000, 0x00000000e0000000)
  object space 82432K, 18% used [0x00000000a0000000,0x00000000a0ef3690,0x00000000a5080000)
 Metaspace       used 34656K, capacity 35376K, committed 35416K, reserved 1079296K
  class space    used 4791K, capacity 4987K, committed 4992K, reserved 1048576K
}
Event: 26.469 GC heap before
{Heap before GC invocations=12 (full 2):
 PSYoungGen      total 80896K, used 70144K [0x00000000e0000000, 0x00000000e7900000, 0x0000000100000000)
  eden space 70144K, 100% used [0x00000000e0000000,0x00000000e4480000,0x00000000e4480000)
  from space 10752K, 0% used [0x00000000e4480000,0x00000000e4480000,0x00000000e4f00000)
  to   space 11776K, 0% used [0x00000000e6d80000,0x00000000e6d80000,0x00000000e7900000)
 ParOldGen       total 82432K, used 15309K [0x00000000a0000000, 0x00000000a5080000, 0x00000000e0000000)
  object space 82432K, 18% used [0x00000000a0000000,0x00000000a0ef3690,0x00000000a5080000)
 Metaspace       used 37893K, capacity 38810K, committed 39000K, reserved 1083392K
  class space    used 5214K, capacity 5435K, committed 5504K, reserved 1048576K
Event: 26.482 GC heap after
Heap after GC invocations=12 (full 2):
 PSYoungGen      total 107008K, used 7723K [0x00000000e0000000, 0x00000000e7600000, 0x0000000100000000)
  eden space 98304K, 0% used [0x00000000e0000000,0x00000000e0000000,0x00000000e6000000)
  from space 8704K, 88% used [0x00000000e6d80000,0x00000000e750ae38,0x00000000e7600000)
  to   space 11264K, 0% used [0x00000000e6000000,0x00000000e6000000,0x00000000e6b00000)
 ParOldGen       total 82432K, used 15317K [0x00000000a0000000, 0x00000000a5080000, 0x00000000e0000000)
  object space 82432K, 18% used [0x00000000a0000000,0x00000000a0ef5690,0x00000000a5080000)
 Metaspace       used 37893K, capacity 38810K, committed 39000K, reserved 1083392K
  class space    used 5214K, capacity 5435K, committed 5504K, reserved 1048576K
}

