# JRE version: Java(TM) SE Runtime Environment (8.0_121-b13) (build 1.8.0_121-b13)
# Java VM: Java HotSpot(TM) 64-Bit Server VM (25.121-b13 mixed mode linux-amd64 compressed oops)
Heap:
 PSYoungGen      total 134144K, used 130685K [0x00000000e0000000, 0x00000000ebe00000, 0x0000000100000000)
  eden space 115712K, 97% used [0x00000000e0000000,0x00000000e6d9f558,0x00000000e7100000)
  from space 18432K, 100% used [0x00000000e7100000,0x00000000e8300000,0x00000000e8300000)
  to   space 29184K, 0% used [0x00000000ea180000,0x00000000ea180000,0x00000000ebe00000)
 ParOldGen       total 111616K, used 46187K [0x00000000a0000000, 0x00000000a6d00000, 0x00000000e0000000)
  object space 111616K, 41% used [0x00000000a0000000,0x00000000a2d1acd0,0x00000000a6d00000)
 Metaspace       used 53742K, capacity 55428K, committed 55680K, reserved 1097728K
  class space    used 7352K, capacity 7718K, committed 7808K, reserved 1048576K
GC Heap History (10 events):
Event: 5.888 GC heap before
{Heap before GC invocations=9 (full 2):
 PSYoungGen      total 94208K, used 10217K [0x00000000e0000000, 0x00000000e8400000, 0x0000000100000000)
  eden space 83968K, 0% used [0x00000000e0000000,0x00000000e0000000,0x00000000e5200000)
  from space 10240K, 99% used [0x00000000e5200000,0x00000000e5bfa700,0x00000000e5c00000)
  to   space 11776K, 0% used [0x00000000e7880000,0x00000000e7880000,0x00000000e8400000)
 ParOldGen       total 64512K, used 11966K [0x00000000a0000000, 0x00000000a3f00000, 0x00000000e0000000)
  object space 64512K, 18% used [0x00000000a0000000,0x00000000a0bafad0,0x00000000a3f00000)
 Metaspace       used 34730K, capacity 35306K, committed 35456K, reserved 1079296K
  class space    used 4763K, capacity 4951K, committed 4992K, reserved 1048576K
Event: 6.124 GC heap after
Heap after GC invocations=9 (full 2):
 PSYoungGen      total 94208K, used 0K [0x00000000e0000000, 0x00000000e8400000, 0x0000000100000000)
  eden space 83968K, 0% used [0x00000000e0000000,0x00000000e0000000,0x00000000e5200000)
  from space 10240K, 0% used [0x00000000e5200000,0x00000000e5200000,0x00000000e5c00000)
  to   space 11776K, 0% used [0x00000000e7880000,0x00000000e7880000,0x00000000e8400000)
 ParOldGen       total 111616K, used 17524K [0x00000000a0000000, 0x00000000a6d00000, 0x00000000e0000000)
  object space 111616K, 15% used [0x00000000a0000000,0x00000000a111d0f8,0x00000000a6d00000)
 Metaspace       used 34730K, capacity 35306K, committed 35456K, reserved 1079296K
  class space    used 4763K, capacity 4951K, committed 4992K, reserved 1048576K
}
Event: 8.270 GC heap before
{Heap before GC invocations=10 (full 2):
 PSYoungGen      total 94208K, used 83968K [0x00000000e0000000, 0x00000000e8400000, 0x0000000100000000)
  eden space 83968K, 100% used [0x00000000e0000000,0x00000000e5200000,0x00000000e5200000)
  from space 10240K, 0% used [0x00000000e5200000,0x00000000e5200000,0x00000000e5c00000)
  to   space 11776K, 0% used [0x00000000e7880000,0x00000000e7880000,0x00000000e8400000)
 ParOldGen       total 111616K, used 17524K [0x00000000a0000000, 0x00000000a6d00000, 0x00000000e0000000)
  object space 111616K, 15% used [0x00000000a0000000,0x00000000a111d0f8,0x00000000a6d00000)
 Metaspace       used 42787K, capacity 43604K, committed 43776K, reserved 1087488K
  class space    used 5874K, capacity 6064K, committed 6144K, reserved 1048576K
Event: 8.289 GC heap after
Heap after GC invocations=10 (full 2):
 PSYoungGen      total 114688K, used 10897K [0x00000000e0000000, 0x00000000e8380000, 0x0000000100000000)
  eden space 103424K, 0% used [0x00000000e0000000,0x00000000e0000000,0x00000000e6500000)
  from space 11264K, 96% used [0x00000000e7880000,0x00000000e8324588,0x00000000e8380000)
  to   space 12800K, 0% used [0x00000000e6a80000,0x00000000e6a80000,0x00000000e7700000)
 ParOldGen       total 111616K, used 17532K [0x00000000a0000000, 0x00000000a6d00000, 0x00000000e0000000)
  object space 111616K, 15% used [0x00000000a0000000,0x00000000a111f0f8,0x00000000a6d00000)
 Metaspace       used 42787K, capacity 43604K, committed 43776K, reserved 1087488K
  class space    used 5874K, capacity 6064K, committed 6144K, reserved 1048576K
}
Event: 9.515 GC heap before
{Heap before GC invocations=11 (full 2):
 PSYoungGen      total 114688K, used 114321K [0x00000000e0000000, 0x00000000e8380000, 0x0000000100000000)
  eden space 103424K, 100% used [0x00000000e0000000,0x00000000e6500000,0x00000000e6500000)
  from space 11264K, 96% used [0x00000000e7880000,0x00000000e8324588,0x00000000e8380000)
  to   space 12800K, 0% used [0x00000000e6a80000,0x00000000e6a80000,0x00000000e7700000)
 ParOldGen       total 111616K, used 17532K [0x00000000a0000000, 0x00000000a6d00000, 0x00000000e0000000)
  object space 111616K, 15% used [0x00000000a0000000,0x00000000a111f0f8,0x00000000a6d00000)
 Metaspace       used 44394K, capacity 45336K, committed 45440K, reserved 1089536K
  class space    used 6053K, capacity 6262K, committed 6272K, reserved 1048576K
Event: 9.544 GC heap after
Heap after GC invocations=11 (full 2):
 PSYoungGen      total 121856K, used 12214K [0x00000000e0000000, 0x00000000e9100000, 0x0000000100000000)
  eden space 109056K, 0% used [0x00000000e0000000,0x00000000e0000000,0x00000000e6a80000)
  from space 12800K, 95% used [0x00000000e6a80000,0x00000000e766dbe0,0x00000000e7700000)
  to   space 14336K, 0% used [0x00000000e8300000,0x00000000e8300000,0x00000000e9100000)
 ParOldGen       total 111616K, used 17540K [0x00000000a0000000, 0x00000000a6d00000, 0x00000000e0000000)
  object space 111616K, 15% used [0x00000000a0000000,0x00000000a11210f8,0x00000000a6d00000)
 Metaspace       used 44394K, capacity 45336K, committed 45440K, reserved 1089536K
  class space    used 6053K, capacity 6262K, committed 6272K, reserved 1048576K
}
Event: 11.740 GC heap before
{Heap before GC invocations=12 (full 2):
 PSYoungGen      total 121856K, used 121270K [0x00000000e0000000, 0x00000000e9100000, 0x0000000100000000)
  eden space 109056K, 100% used [0x00000000e0000000,0x00000000e6a80000,0x00000000e6a80000)
  from space 12800K, 95% used [0x00000000e6a80000,0x00000000e766dbe0,0x00000000e7700000)
  to   space 14336K, 0% used [0x00000000e8300000,0x00000000e8300000,0x00000000e9100000)
 ParOldGen       total 111616K, used 17540K [0x00000000a0000000, 0x00000000a6d00000, 0x00000000e0000000)
  object space 111616K, 15% used [0x00000000a0000000,0x00000000a11210f8,0x00000000a6d00000)
 Metaspace       used 49869K, capacity 51526K, committed 51584K, reserved 1093632K
  class space    used 6911K, capacity 7243K, committed 7296K, reserved 1048576K
Event: 11.781 GC heap after
Heap after GC invocations=12 (full 2):
 PSYoungGen      total 130048K, used 14323K [0x00000000e0000000, 0x00000000e9f80000, 0x0000000100000000)
  eden space 115712K, 0% used [0x00000000e0000000,0x00000000e0000000,0x00000000e7100000)
  from space 14336K, 99% used [0x00000000e8300000,0x00000000e90fcc90,0x00000000e9100000)
  to   space 18432K, 0% used [0x00000000e7100000,0x00000000e7100000,0x00000000e8300000)
 ParOldGen       total 111616K, used 24099K [0x00000000a0000000, 0x00000000a6d00000, 0x00000000e0000000)
  object space 111616K, 21% used [0x00000000a0000000,0x00000000a1788c78,0x00000000a6d00000)
 Metaspace       used 49869K, capacity 51526K, committed 51584K, reserved 1093632K
  class space    used 6911K, capacity 7243K, committed 7296K, reserved 1048576K
}
Event: 14.396 GC heap before
{Heap before GC invocations=13 (full 2):
 PSYoungGen      total 130048K, used 130035K [0x00000000e0000000, 0x00000000e9f80000, 0x0000000100000000)
  eden space 115712K, 100% used [0x00000000e0000000,0x00000000e7100000,0x00000000e7100000)
  from space 14336K, 99% used [0x00000000e8300000,0x00000000e90fcc90,0x00000000e9100000)
  to   space 18432K, 0% used [0x00000000e7100000,0x00000000e7100000,0x00000000e8300000)
 ParOldGen       total 111616K, used 24099K [0x00000000a0000000, 0x00000000a6d00000, 0x00000000e0000000)
  object space 111616K, 21% used [0x00000000a0000000,0x00000000a1788c78,0x00000000a6d00000)
 Metaspace       used 52499K, capacity 54144K, committed 54400K, reserved 1095680K
  class space    used 7201K, capacity 7536K, committed 7552K, reserved 1048576K
Event: 14.469 GC heap after
Heap after GC invocations=13 (full 2):
 PSYoungGen      total 134144K, used 18432K [0x00000000e0000000, 0x00000000ebe00000, 0x0000000100000000)
  eden space 115712K, 0% used [0x00000000e0000000,0x00000000e0000000,0x00000000e7100000)
  from space 18432K, 100% used [0x00000000e7100000,0x00000000e8300000,0x00000000e8300000)
  to   space 29184K, 0% used [0x00000000ea180000,0x00000000ea180000,0x00000000ebe00000)
 ParOldGen       total 111616K, used 46187K [0x00000000a0000000, 0x00000000a6d00000, 0x00000000e0000000)
  object space 111616K, 41% used [0x00000000a0000000,0x00000000a2d1acd0,0x00000000a6d00000)
 Metaspace       used 52499K, capacity 54144K, committed 54400K, reserved 1095680K
  class space    used 7201K, capacity 7536K, committed 7552K, reserved 1048576K
}

