# JRE version: Java(TM) SE Runtime Environment (8.0_121-b13) (build 1.8.0_121-b13)
# Java VM: Java HotSpot(TM) 64-Bit Server VM (25.121-b13 mixed mode linux-amd64 compressed oops)
Heap:
 PSYoungGen      total 202752K, used 22696K [0x00000000e0000000, 0x00000000ef980000, 0x0000000100000000)
  eden space 188928K, 4% used [0x00000000e0000000,0x00000000e08fbf98,0x00000000eb880000)
  from space 13824K, 97% used [0x00000000eec00000,0x00000000ef92e2f0,0x00000000ef980000)
  to   space 30208K, 0% used [0x00000000ebe80000,0x00000000ebe80000,0x00000000edc00000)
 ParOldGen       total 167936K, used 55221K [0x00000000a0000000, 0x00000000aa400000, 0x00000000e0000000)
  object space 167936K, 32% used [0x00000000a0000000,0x00000000a35ed4b8,0x00000000aa400000)
 Metaspace       used 70918K, capacity 74406K, committed 74584K, reserved 1114112K
  class space    used 9433K, capacity 10112K, committed 10112K, reserved 1048576K
GC Heap History (10 events):
Event: 64.439 GC heap before
{Heap before GC invocations=17 (full 3):
 PSYoungGen      total 205312K, used 204743K [0x00000000e0000000, 0x00000000f0d80000, 0x0000000100000000)
  eden space 178688K, 99% used [0x00000000e0000000,0x00000000eadf7448,0x00000000eae80000)
  from space 26624K, 99% used [0x00000000eae80000,0x00000000ec87ab10,0x00000000ec880000)
  to   space 32256K, 0% used [0x00000000eee00000,0x00000000eee00000,0x00000000f0d80000)
 ParOldGen       total 167936K, used 55181K [0x00000000a0000000, 0x00000000aa400000, 0x00000000e0000000)
  object space 167936K, 32% used [0x00000000a0000000,0x00000000a35e34b8,0x00000000aa400000)
 Metaspace       used 69272K, capacity 72150K, committed 72408K, reserved 1112064K
  class space    used 9301K, capacity 9866K, committed 9984K, reserved 1048576K
Event: 64.465 GC heap after
Heap after GC invocations=17 (full 3):
 PSYoungGen      total 240128K, used 28778K [0x00000000e0000000, 0x00000000f1400000, 0x0000000100000000)
  eden space 207872K, 0% used [0x00000000e0000000,0x00000000e0000000,0x00000000ecb00000)
  from space 32256K, 89% used [0x00000000eee00000,0x00000000f0a1aae8,0x00000000f0d80000)
  to   space 35840K, 0% used [0x00000000ecb00000,0x00000000ecb00000,0x00000000eee00000)
 ParOldGen       total 167936K, used 55189K [0x00000000a0000000, 0x00000000aa400000, 0x00000000e0000000)
  object space 167936K, 32% used [0x00000000a0000000,0x00000000a35e54b8,0x00000000aa400000)
 Metaspace       used 69272K, capacity 72150K, committed 72408K, reserved 1112064K
  class space    used 9301K, capacity 9866K, committed 9984K, reserved 1048576K
}
Event: 131.109 GC heap before
{Heap before GC invocations=18 (full 3):
 PSYoungGen      total 240128K, used 236650K [0x00000000e0000000, 0x00000000f1400000, 0x0000000100000000)
  eden space 207872K, 100% used [0x00000000e0000000,0x00000000ecb00000,0x00000000ecb00000)
  from space 32256K, 89% used [0x00000000eee00000,0x00000000f0a1aae8,0x00000000f0d80000)
  to   space 35840K, 0% used [0x00000000ecb00000,0x00000000ecb00000,0x00000000eee00000)
 ParOldGen       total 167936K, used 55189K [0x00000000a0000000, 0x00000000aa400000, 0x00000000e0000000)
  object space 167936K, 32% used [0x00000000a0000000,0x00000000a35e54b8,0x00000000aa400000)
 Metaspace       used 69440K, capacity 72388K, committed 72664K, reserved 1112064K
  class space    used 9325K, capacity 9941K, committed 9984K, reserved 1048576K
Event: 131.134 GC heap after
Heap after GC invocations=18 (full 3):
 PSYoungGen      total 243712K, used 11192K [0x00000000e0000000, 0x00000000f2c00000, 0x0000000100000000)
  eden space 207872K, 0% used [0x00000000e0000000,0x00000000e0000000,0x00000000ecb00000)
  from space 35840K, 31% used [0x00000000ecb00000,0x00000000ed5ee1b0,0x00000000eee00000)
  to   space 34304K, 0% used [0x00000000f0a80000,0x00000000f0a80000,0x00000000f2c00000)
 ParOldGen       total 167936K, used 55197K [0x00000000a0000000, 0x00000000aa400000, 0x00000000e0000000)
  object space 167936K, 32% used [0x00000000a0000000,0x00000000a35e74b8,0x00000000aa400000)
 Metaspace       used 69440K, capacity 72388K, committed 72664K, reserved 1112064K
  class space    used 9325K, capacity 9941K, committed 9984K, reserved 1048576K
}
Event: 636.059 GC heap before
{Heap before GC invocations=19 (full 3):
 PSYoungGen      total 243712K, used 219064K [0x00000000e0000000, 0x00000000f2c00000, 0x0000000100000000)
  eden space 207872K, 100% used [0x00000000e0000000,0x00000000ecb00000,0x00000000ecb00000)
  from space 35840K, 31% used [0x00000000ecb00000,0x00000000ed5ee1b0,0x00000000eee00000)
  to   space 34304K, 0% used [0x00000000f0a80000,0x00000000f0a80000,0x00000000f2c00000)
 ParOldGen       total 167936K, used 55197K [0x00000000a0000000, 0x00000000aa400000, 0x00000000e0000000)
  object space 167936K, 32% used [0x00000000a0000000,0x00000000a35e74b8,0x00000000aa400000)
 Metaspace       used 70173K, capacity 73438K, committed 73560K, reserved 1112064K
  class space    used 9377K, capacity 10030K, committed 10112K, reserved 1048576K
Event: 636.080 GC heap after
Heap after GC invocations=19 (full 3):
 PSYoungGen      total 214016K, used 12767K [0x00000000e0000000, 0x00000000f1700000, 0x0000000100000000)
  eden space 201216K, 0% used [0x00000000e0000000,0x00000000e0000000,0x00000000ec480000)
  from space 12800K, 99% used [0x00000000f0a80000,0x00000000f16f7e40,0x00000000f1700000)
  to   space 32768K, 0% used [0x00000000ed700000,0x00000000ed700000,0x00000000ef700000)
 ParOldGen       total 167936K, used 55205K [0x00000000a0000000, 0x00000000aa400000, 0x00000000e0000000)
  object space 167936K, 32% used [0x00000000a0000000,0x00000000a35e94b8,0x00000000aa400000)
 Metaspace       used 70173K, capacity 73438K, committed 73560K, reserved 1112064K
  class space    used 9377K, capacity 10030K, committed 10112K, reserved 1048576K
}
Event: 745.102 GC heap before
{Heap before GC invocations=20 (full 3):
 PSYoungGen      total 214016K, used 213983K [0x00000000e0000000, 0x00000000f1700000, 0x0000000100000000)
  eden space 201216K, 100% used [0x00000000e0000000,0x00000000ec480000,0x00000000ec480000)
  from space 12800K, 99% used [0x00000000f0a80000,0x00000000f16f7e40,0x00000000f1700000)
  to   space 32768K, 0% used [0x00000000ed700000,0x00000000ed700000,0x00000000ef700000)
 ParOldGen       total 167936K, used 55205K [0x00000000a0000000, 0x00000000aa400000, 0x00000000e0000000)
  object space 167936K, 32% used [0x00000000a0000000,0x00000000a35e94b8,0x00000000aa400000)
 Metaspace       used 70504K, capacity 73772K, committed 74072K, reserved 1114112K
  class space    used 9398K, capacity 10057K, committed 10112K, reserved 1048576K
Event: 745.127 GC heap after
Heap after GC invocations=20 (full 3):
 PSYoungGen      total 208384K, used 13260K [0x00000000e0000000, 0x00000000f0b00000, 0x0000000100000000)
  eden space 195072K, 0% used [0x00000000e0000000,0x00000000e0000000,0x00000000ebe80000)
  from space 13312K, 99% used [0x00000000ed700000,0x00000000ee3f3320,0x00000000ee400000)
  to   space 31744K, 0% used [0x00000000eec00000,0x00000000eec00000,0x00000000f0b00000)
 ParOldGen       total 167936K, used 55213K [0x00000000a0000000, 0x00000000aa400000, 0x00000000e0000000)
  object space 167936K, 32% used [0x00000000a0000000,0x00000000a35eb4b8,0x00000000aa400000)
 Metaspace       used 70504K, capacity 73772K, committed 74072K, reserved 1114112K
  class space    used 9398K, capacity 10057K, committed 10112K, reserved 1048576K
}
Event: 2035.803 GC heap before
{Heap before GC invocations=21 (full 3):
 PSYoungGen      total 208384K, used 208332K [0x00000000e0000000, 0x00000000f0b00000, 0x0000000100000000)
  eden space 195072K, 100% used [0x00000000e0000000,0x00000000ebe80000,0x00000000ebe80000)
  from space 13312K, 99% used [0x00000000ed700000,0x00000000ee3f3320,0x00000000ee400000)
  to   space 31744K, 0% used [0x00000000eec00000,0x00000000eec00000,0x00000000f0b00000)
 ParOldGen       total 167936K, used 55213K [0x00000000a0000000, 0x00000000aa400000, 0x00000000e0000000)
  object space 167936K, 32% used [0x00000000a0000000,0x00000000a35eb4b8,0x00000000aa400000)
 Metaspace       used 70917K, capacity 74406K, committed 74584K, reserved 1114112K
  class space    used 9433K, capacity 10112K, committed 10112K, reserved 1048576K
Event: 2035.819 GC heap after
Heap after GC invocations=21 (full 3):
 PSYoungGen      total 202752K, used 13496K [0x00000000e0000000, 0x00000000ef980000, 0x0000000100000000)
  eden space 188928K, 0% used [0x00000000e0000000,0x00000000e0000000,0x00000000eb880000)
  from space 13824K, 97% used [0x00000000eec00000,0x00000000ef92e2f0,0x00000000ef980000)
  to   space 30208K, 0% used [0x00000000ebe80000,0x00000000ebe80000,0x00000000edc00000)
 ParOldGen       total 167936K, used 55221K [0x00000000a0000000, 0x00000000aa400000, 0x00000000e0000000)
  object space 167936K, 32% used [0x00000000a0000000,0x00000000a35ed4b8,0x00000000aa400000)
 Metaspace       used 70917K, capacity 74406K, committed 74584K, reserved 1114112K
  class space    used 9433K, capacity 10112K, committed 10112K, reserved 1048576K
}

