# JRE version: Java(TM) SE Runtime Environment (8.0_121-b13) (build 1.8.0_121-b13)
# Java VM: Java HotSpot(TM) 64-Bit Server VM (25.121-b13 mixed mode linux-amd64 compressed oops)
Heap:
 PSYoungGen      total 69120K, used 48046K [0x00000000e0000000, 0x00000000e4e00000, 0x0000000100000000)
  eden space 60416K, 65% used [0x00000000e0000000,0x00000000e26e8e90,0x00000000e3b00000)
  from space 8704K, 94% used [0x00000000e4580000,0x00000000e4d82bc0,0x00000000e4e00000)
  to   space 9728K, 0% used [0x00000000e3b00000,0x00000000e3b00000,0x00000000e4480000)
 ParOldGen       total 44544K, used 8538K [0x00000000a0000000, 0x00000000a2b80000, 0x00000000e0000000)
  object space 44544K, 19% used [0x00000000a0000000,0x00000000a0856a98,0x00000000a2b80000)
 Metaspace       used 34571K, capacity 35242K, committed 35456K, reserved 1079296K
  class space    used 4724K, capacity 4885K, committed 4992K, reserved 1048576K
GC Heap History (10 events):
Event: 16.296 GC heap before
{Heap before GC invocations=5 (full 1):
 PSYoungGen      total 36864K, used 5088K [0x00000000e0000000, 0x00000000e2900000, 0x0000000100000000)
  eden space 31744K, 0% used [0x00000000e0000000,0x00000000e0000000,0x00000000e1f00000)
  from space 5120K, 99% used [0x00000000e2400000,0x00000000e28f8010,0x00000000e2900000)
  to   space 5120K, 0% used [0x00000000e1f00000,0x00000000e1f00000,0x00000000e2400000)
 ParOldGen       total 84992K, used 6642K [0x00000000a0000000, 0x00000000a5300000, 0x00000000e0000000)
  object space 84992K, 7% used [0x00000000a0000000,0x00000000a067cbe0,0x00000000a5300000)
 Metaspace       used 20851K, capacity 21188K, committed 21296K, reserved 1067008K
  class space    used 2811K, capacity 2933K, committed 2944K, reserved 1048576K
Event: 16.406 GC heap after
Heap after GC invocations=5 (full 1):
 PSYoungGen      total 36864K, used 0K [0x00000000e0000000, 0x00000000e2900000, 0x0000000100000000)
  eden space 31744K, 0% used [0x00000000e0000000,0x00000000e0000000,0x00000000e1f00000)
  from space 5120K, 0% used [0x00000000e2400000,0x00000000e2400000,0x00000000e2900000)
  to   space 5120K, 0% used [0x00000000e1f00000,0x00000000e1f00000,0x00000000e2400000)
 ParOldGen       total 44544K, used 8442K [0x00000000a0000000, 0x00000000a2b80000, 0x00000000e0000000)
  object space 44544K, 18% used [0x00000000a0000000,0x00000000a083ea88,0x00000000a2b80000)
 Metaspace       used 20851K, capacity 21188K, committed 21296K, reserved 1067008K
  class space    used 2811K, capacity 2933K, committed 2944K, reserved 1048576K
}
Event: 17.739 GC heap before
{Heap before GC invocations=6 (full 1):
 PSYoungGen      total 36864K, used 31744K [0x00000000e0000000, 0x00000000e2900000, 0x0000000100000000)
  eden space 31744K, 100% used [0x00000000e0000000,0x00000000e1f00000,0x00000000e1f00000)
  from space 5120K, 0% used [0x00000000e2400000,0x00000000e2400000,0x00000000e2900000)
  to   space 5120K, 0% used [0x00000000e1f00000,0x00000000e1f00000,0x00000000e2400000)
 ParOldGen       total 44544K, used 8442K [0x00000000a0000000, 0x00000000a2b80000, 0x00000000e0000000)
  object space 44544K, 18% used [0x00000000a0000000,0x00000000a083ea88,0x00000000a2b80000)
 Metaspace       used 23722K, capacity 24084K, committed 24448K, reserved 1071104K
  class space    used 3283K, capacity 3401K, committed 3456K, reserved 1048576K
Event: 17.752 GC heap after
Heap after GC invocations=6 (full 1):
 PSYoungGen      total 36864K, used 4520K [0x00000000e0000000, 0x00000000e3f80000, 0x0000000100000000)
  eden space 31744K, 0% used [0x00000000e0000000,0x00000000e0000000,0x00000000e1f00000)
  from space 5120K, 88% used [0x00000000e1f00000,0x00000000e236a2f0,0x00000000e2400000)
  to   space 10240K, 0% used [0x00000000e3580000,0x00000000e3580000,0x00000000e3f80000)
 ParOldGen       total 44544K, used 8442K [0x00000000a0000000, 0x00000000a2b80000, 0x00000000e0000000)
  object space 44544K, 18% used [0x00000000a0000000,0x00000000a083ea88,0x00000000a2b80000)
 Metaspace       used 23722K, capacity 24084K, committed 24448K, reserved 1071104K
  class space    used 3283K, capacity 3401K, committed 3456K, reserved 1048576K
}
Event: 19.305 GC heap before
{Heap before GC invocations=7 (full 1):
 PSYoungGen      total 36864K, used 36264K [0x00000000e0000000, 0x00000000e3f80000, 0x0000000100000000)
  eden space 31744K, 100% used [0x00000000e0000000,0x00000000e1f00000,0x00000000e1f00000)
  from space 5120K, 88% used [0x00000000e1f00000,0x00000000e236a2f0,0x00000000e2400000)
  to   space 10240K, 0% used [0x00000000e3580000,0x00000000e3580000,0x00000000e3f80000)
 ParOldGen       total 44544K, used 8442K [0x00000000a0000000, 0x00000000a2b80000, 0x00000000e0000000)
  object space 44544K, 18% used [0x00000000a0000000,0x00000000a083ea88,0x00000000a2b80000)
 Metaspace       used 25814K, capacity 26282K, committed 26624K, reserved 1073152K
  class space    used 3657K, capacity 3768K, committed 3840K, reserved 1048576K
Event: 19.312 GC heap after
Heap after GC invocations=7 (full 1):
 PSYoungGen      total 53760K, used 4801K [0x00000000e0000000, 0x00000000e3e80000, 0x0000000100000000)
  eden space 44544K, 0% used [0x00000000e0000000,0x00000000e0000000,0x00000000e2b80000)
  from space 9216K, 52% used [0x00000000e3580000,0x00000000e3a30638,0x00000000e3e80000)
  to   space 9728K, 0% used [0x00000000e2b80000,0x00000000e2b80000,0x00000000e3500000)
 ParOldGen       total 44544K, used 8450K [0x00000000a0000000, 0x00000000a2b80000, 0x00000000e0000000)
  object space 44544K, 18% used [0x00000000a0000000,0x00000000a0840a88,0x00000000a2b80000)
 Metaspace       used 25814K, capacity 26282K, committed 26624K, reserved 1073152K
  class space    used 3657K, capacity 3768K, committed 3840K, reserved 1048576K
}
Event: 22.611 GC heap before
{Heap before GC invocations=8 (full 1):
 PSYoungGen      total 53760K, used 49345K [0x00000000e0000000, 0x00000000e3e80000, 0x0000000100000000)
  eden space 44544K, 100% used [0x00000000e0000000,0x00000000e2b80000,0x00000000e2b80000)
  from space 9216K, 52% used [0x00000000e3580000,0x00000000e3a30638,0x00000000e3e80000)
  to   space 9728K, 0% used [0x00000000e2b80000,0x00000000e2b80000,0x00000000e3500000)
 ParOldGen       total 44544K, used 8450K [0x00000000a0000000, 0x00000000a2b80000, 0x00000000e0000000)
  object space 44544K, 18% used [0x00000000a0000000,0x00000000a0840a88,0x00000000a2b80000)
 Metaspace       used 28925K, capacity 29454K, committed 29568K, reserved 1075200K
  class space    used 4030K, capacity 4188K, committed 4224K, reserved 1048576K
Event: 22.624 GC heap after
Heap after GC invocations=8 (full 1):
 PSYoungGen      total 54272K, used 5904K [0x00000000e0000000, 0x00000000e4e80000, 0x0000000100000000)
  eden space 44544K, 0% used [0x00000000e0000000,0x00000000e0000000,0x00000000e2b80000)
  from space 9728K, 60% used [0x00000000e2b80000,0x00000000e31442c8,0x00000000e3500000)
  to   space 9216K, 0% used [0x00000000e4580000,0x00000000e4580000,0x00000000e4e80000)
 ParOldGen       total 44544K, used 8458K [0x00000000a0000000, 0x00000000a2b80000, 0x00000000e0000000)
  object space 44544K, 18% used [0x00000000a0000000,0x00000000a0842a88,0x00000000a2b80000)
 Metaspace       used 28925K, capacity 29454K, committed 29568K, reserved 1075200K
  class space    used 4030K, capacity 4188K, committed 4224K, reserved 1048576K
}
Event: 31.471 GC heap before
{Heap before GC invocations=9 (full 1):
 PSYoungGen      total 54272K, used 50448K [0x00000000e0000000, 0x00000000e4e80000, 0x0000000100000000)
  eden space 44544K, 100% used [0x00000000e0000000,0x00000000e2b80000,0x00000000e2b80000)
  from space 9728K, 60% used [0x00000000e2b80000,0x00000000e31442c8,0x00000000e3500000)
  to   space 9216K, 0% used [0x00000000e4580000,0x00000000e4580000,0x00000000e4e80000)
 ParOldGen       total 44544K, used 8458K [0x00000000a0000000, 0x00000000a2b80000, 0x00000000e0000000)
  object space 44544K, 18% used [0x00000000a0000000,0x00000000a0842a88,0x00000000a2b80000)
 Metaspace       used 32656K, capacity 33250K, committed 33408K, reserved 1077248K
  class space    used 4496K, capacity 4711K, committed 4736K, reserved 1048576K
Event: 31.487 GC heap after
Heap after GC invocations=9 (full 1):
 PSYoungGen      total 69120K, used 8202K [0x00000000e0000000, 0x00000000e4e00000, 0x0000000100000000)
  eden space 60416K, 0% used [0x00000000e0000000,0x00000000e0000000,0x00000000e3b00000)
  from space 8704K, 94% used [0x00000000e4580000,0x00000000e4d82bc0,0x00000000e4e00000)
  to   space 9728K, 0% used [0x00000000e3b00000,0x00000000e3b00000,0x00000000e4480000)
 ParOldGen       total 44544K, used 8538K [0x00000000a0000000, 0x00000000a2b80000, 0x00000000e0000000)
  object space 44544K, 19% used [0x00000000a0000000,0x00000000a0856a98,0x00000000a2b80000)
 Metaspace       used 32656K, capacity 33250K, committed 33408K, reserved 1077248K
  class space    used 4496K, capacity 4711K, committed 4736K, reserved 1048576K
}

