# JRE version: Java(TM) SE Runtime Environment (8.0_121-b13) (build 1.8.0_121-b13)
# Java VM: Java HotSpot(TM) 64-Bit Server VM (25.121-b13 mixed mode linux-amd64 compressed oops)
Heap:
 PSYoungGen      total 148480K, used 20169K [0x00000000e0000000, 0x00000000ee200000, 0x0000000100000000)
  eden space 131072K, 2% used [0x00000000e0000000,0x00000000e02ba288,0x00000000e8000000)
  from space 17408K, 99% used [0x00000000e8000000,0x00000000e90f8218,0x00000000e9100000)
  to   space 23552K, 0% used [0x00000000ecb00000,0x00000000ecb00000,0x00000000ee200000)
 ParOldGen       total 84992K, used 33063K [0x00000000a0000000, 0x00000000a5300000, 0x00000000e0000000)
  object space 84992K, 38% used [0x00000000a0000000,0x00000000a2049d18,0x00000000a5300000)
 Metaspace       used 53625K, capacity 55944K, committed 56152K, reserved 1097728K
  class space    used 7482K, capacity 7969K, committed 8064K, reserved 1048576K
GC Heap History (10 events):
Event: 13.021 GC heap before
{Heap before GC invocations=11 (full 2):
 PSYoungGen      total 82432K, used 8467K [0x00000000e0000000, 0x00000000e7900000, 0x0000000100000000)
  eden space 71168K, 0% used [0x00000000e0000000,0x00000000e0000000,0x00000000e4580000)
  from space 11264K, 75% used [0x00000000e4580000,0x00000000e4dc4e78,0x00000000e5080000)
  to   space 11264K, 0% used [0x00000000e6e00000,0x00000000e6e00000,0x00000000e7900000)
 ParOldGen       total 63488K, used 9484K [0x00000000a0000000, 0x00000000a3e00000, 0x00000000e0000000)
  object space 63488K, 14% used [0x00000000a0000000,0x00000000a09433a8,0x00000000a3e00000)
 Metaspace       used 34595K, capacity 35386K, committed 35416K, reserved 1079296K
  class space    used 4780K, capacity 4988K, committed 4992K, reserved 1048576K
Event: 13.106 GC heap after
Heap after GC invocations=11 (full 2):
 PSYoungGen      total 82432K, used 0K [0x00000000e0000000, 0x00000000e7900000, 0x0000000100000000)
  eden space 71168K, 0% used [0x00000000e0000000,0x00000000e0000000,0x00000000e4580000)
  from space 11264K, 0% used [0x00000000e4580000,0x00000000e4580000,0x00000000e5080000)
  to   space 11264K, 0% used [0x00000000e6e00000,0x00000000e6e00000,0x00000000e7900000)
 ParOldGen       total 84992K, used 14752K [0x00000000a0000000, 0x00000000a5300000, 0x00000000e0000000)
  object space 84992K, 17% used [0x00000000a0000000,0x00000000a0e680c0,0x00000000a5300000)
 Metaspace       used 34595K, capacity 35386K, committed 35416K, reserved 1079296K
  class space    used 4780K, capacity 4988K, committed 4992K, reserved 1048576K
}
Event: 14.171 GC heap before
{Heap before GC invocations=12 (full 2):
 PSYoungGen      total 82432K, used 71168K [0x00000000e0000000, 0x00000000e7900000, 0x0000000100000000)
  eden space 71168K, 100% used [0x00000000e0000000,0x00000000e4580000,0x00000000e4580000)
  from space 11264K, 0% used [0x00000000e4580000,0x00000000e4580000,0x00000000e5080000)
  to   space 11264K, 0% used [0x00000000e6e00000,0x00000000e6e00000,0x00000000e7900000)
 ParOldGen       total 84992K, used 14752K [0x00000000a0000000, 0x00000000a5300000, 0x00000000e0000000)
  object space 84992K, 17% used [0x00000000a0000000,0x00000000a0e680c0,0x00000000a5300000)
 Metaspace       used 37904K, capacity 38820K, committed 39000K, reserved 1083392K
  class space    used 5210K, capacity 5436K, committed 5504K, reserved 1048576K
Event: 14.190 GC heap after
Heap after GC invocations=12 (full 2):
 PSYoungGen      total 107520K, used 7907K [0x00000000e0000000, 0x00000000e7680000, 0x0000000100000000)
  eden space 98816K, 0% used [0x00000000e0000000,0x00000000e0000000,0x00000000e6080000)
  from space 8704K, 90% used [0x00000000e6e00000,0x00000000e75b8df8,0x00000000e7680000)
  to   space 11264K, 0% used [0x00000000e6080000,0x00000000e6080000,0x00000000e6b80000)
 ParOldGen       total 84992K, used 14760K [0x00000000a0000000, 0x00000000a5300000, 0x00000000e0000000)
  object space 84992K, 17% used [0x00000000a0000000,0x00000000a0e6a0c0,0x00000000a5300000)
 Metaspace       used 37904K, capacity 38820K, committed 39000K, reserved 1083392K
  class space    used 5210K, capacity 5436K, committed 5504K, reserved 1048576K
}
Event: 16.773 GC heap before
{Heap before GC invocations=13 (full 2):
 PSYoungGen      total 107520K, used 106723K [0x00000000e0000000, 0x00000000e7680000, 0x0000000100000000)
  eden space 98816K, 100% used [0x00000000e0000000,0x00000000e6080000,0x00000000e6080000)
  from space 8704K, 90% used [0x00000000e6e00000,0x00000000e75b8df8,0x00000000e7680000)
  to   space 11264K, 0% used [0x00000000e6080000,0x00000000e6080000,0x00000000e6b80000)
 ParOldGen       total 84992K, used 14760K [0x00000000a0000000, 0x00000000a5300000, 0x00000000e0000000)
  object space 84992K, 17% used [0x00000000a0000000,0x00000000a0e6a0c0,0x00000000a5300000)
 Metaspace       used 45142K, capacity 46246K, committed 46424K, reserved 1089536K
  class space    used 6209K, capacity 6497K, committed 6528K, reserved 1048576K
Event: 16.797 GC heap after
Heap after GC invocations=13 (full 2):
 PSYoungGen      total 110080K, used 11234K [0x00000000e0000000, 0x00000000e9e00000, 0x0000000100000000)
  eden space 98816K, 0% used [0x00000000e0000000,0x00000000e0000000,0x00000000e6080000)
  from space 11264K, 99% used [0x00000000e6080000,0x00000000e6b78bf0,0x00000000e6b80000)
  to   space 13312K, 0% used [0x00000000e9100000,0x00000000e9100000,0x00000000e9e00000)
 ParOldGen       total 84992K, used 16700K [0x00000000a0000000, 0x00000000a5300000, 0x00000000e0000000)
  object space 84992K, 19% used [0x00000000a0000000,0x00000000a104f290,0x00000000a5300000)
 Metaspace       used 45142K, capacity 46246K, committed 46424K, reserved 1089536K
  class space    used 6209K, capacity 6497K, committed 6528K, reserved 1048576K
}
Event: 18.619 GC heap before
{Heap before GC invocations=14 (full 2):
 PSYoungGen      total 110080K, used 110050K [0x00000000e0000000, 0x00000000e9e00000, 0x0000000100000000)
  eden space 98816K, 100% used [0x00000000e0000000,0x00000000e6080000,0x00000000e6080000)
  from space 11264K, 99% used [0x00000000e6080000,0x00000000e6b78bf0,0x00000000e6b80000)
  to   space 13312K, 0% used [0x00000000e9100000,0x00000000e9100000,0x00000000e9e00000)
 ParOldGen       total 84992K, used 16700K [0x00000000a0000000, 0x00000000a5300000, 0x00000000e0000000)
  object space 84992K, 19% used [0x00000000a0000000,0x00000000a104f290,0x00000000a5300000)
 Metaspace       used 49572K, capacity 51142K, committed 51416K, reserved 1093632K
  class space    used 6944K, capacity 7311K, committed 7424K, reserved 1048576K
Event: 18.676 GC heap after
Heap after GC invocations=14 (full 2):
 PSYoungGen      total 144384K, used 13311K [0x00000000e0000000, 0x00000000ea880000, 0x0000000100000000)
  eden space 131072K, 0% used [0x00000000e0000000,0x00000000e0000000,0x00000000e8000000)
  from space 13312K, 99% used [0x00000000e9100000,0x00000000e9dffff0,0x00000000e9e00000)
  to   space 17408K, 0% used [0x00000000e8000000,0x00000000e8000000,0x00000000e9100000)
 ParOldGen       total 84992K, used 23113K [0x00000000a0000000, 0x00000000a5300000, 0x00000000e0000000)
  object space 84992K, 27% used [0x00000000a0000000,0x00000000a1692740,0x00000000a5300000)
 Metaspace       used 49572K, capacity 51142K, committed 51416K, reserved 1093632K
  class space    used 6944K, capacity 7311K, committed 7424K, reserved 1048576K
}
Event: 21.728 GC heap before
{Heap before GC invocations=15 (full 2):
 PSYoungGen      total 144384K, used 144383K [0x00000000e0000000, 0x00000000ea880000, 0x0000000100000000)
  eden space 131072K, 100% used [0x00000000e0000000,0x00000000e8000000,0x00000000e8000000)
  from space 13312K, 99% used [0x00000000e9100000,0x00000000e9dffff0,0x00000000e9e00000)
  to   space 17408K, 0% used [0x00000000e8000000,0x00000000e8000000,0x00000000e9100000)
 ParOldGen       total 84992K, used 23113K [0x00000000a0000000, 0x00000000a5300000, 0x00000000e0000000)
  object space 84992K, 27% used [0x00000000a0000000,0x00000000a1692740,0x00000000a5300000)
 Metaspace       used 53616K, capacity 55880K, committed 56152K, reserved 1097728K
  class space    used 7482K, capacity 7969K, committed 8064K, reserved 1048576K
Event: 21.813 GC heap after
Heap after GC invocations=15 (full 2):
 PSYoungGen      total 148480K, used 17376K [0x00000000e0000000, 0x00000000ee200000, 0x0000000100000000)
  eden space 131072K, 0% used [0x00000000e0000000,0x00000000e0000000,0x00000000e8000000)
  from space 17408K, 99% used [0x00000000e8000000,0x00000000e90f8218,0x00000000e9100000)
  to   space 23552K, 0% used [0x00000000ecb00000,0x00000000ecb00000,0x00000000ee200000)
 ParOldGen       total 84992K, used 33063K [0x00000000a0000000, 0x00000000a5300000, 0x00000000e0000000)
  object space 84992K, 38% used [0x00000000a0000000,0x00000000a2049d18,0x00000000a5300000)
 Metaspace       used 53616K, capacity 55880K, committed 56152K, reserved 1097728K
  class space    used 7482K, capacity 7969K, committed 8064K, reserved 1048576K
}

