# JRE version: Java(TM) SE Runtime Environment (8.0_121-b13) (build 1.8.0_121-b13)
# Java VM: Java HotSpot(TM) 64-Bit Server VM (25.121-b13 mixed mode linux-amd64 compressed oops)
Heap:
 PSYoungGen      total 306176K, used 285070K [0x00000000e0000000, 0x00000000f5680000, 0x0000000100000000)
  eden space 280064K, 99% used [0x00000000e0000000,0x00000000f0ef41b8,0x00000000f1180000)
  from space 26112K, 29% used [0x00000000f3d00000,0x00000000f446f890,0x00000000f5680000)
  to   space 35328K, 0% used [0x00000000f1180000,0x00000000f1180000,0x00000000f3400000)
 ParOldGen       total 156160K, used 68933K [0x00000000a0000000, 0x00000000a9880000, 0x00000000e0000000)
  object space 156160K, 44% used [0x00000000a0000000,0x00000000a43517a0,0x00000000a9880000)
 Metaspace       used 66092K, capacity 69052K, committed 69336K, reserved 1110016K
  class space    used 8828K, capacity 9413K, committed 9472K, reserved 1048576K
GC Heap History (10 events):
Event: 18.291 GC heap before
{Heap before GC invocations=15 (full 3):
 PSYoungGen      total 201216K, used 19176K [0x00000000e0000000, 0x00000000ef400000, 0x0000000100000000)
  eden space 174592K, 0% used [0x00000000e0000000,0x00000000e0000000,0x00000000eaa80000)
  from space 26624K, 72% used [0x00000000ec580000,0x00000000ed83a1a0,0x00000000edf80000)
  to   space 27648K, 0% used [0x00000000eaa80000,0x00000000eaa80000,0x00000000ec580000)
 ParOldGen       total 103936K, used 41705K [0x00000000a0000000, 0x00000000a6580000, 0x00000000e0000000)
  object space 103936K, 40% used [0x00000000a0000000,0x00000000a28ba768,0x00000000a6580000)
 Metaspace       used 56458K, capacity 58914K, committed 59028K, reserved 1099776K
  class space    used 7854K, capacity 8398K, committed 8448K, reserved 1048576K
Event: 18.633 GC heap after
Heap after GC invocations=15 (full 3):
 PSYoungGen      total 201216K, used 0K [0x00000000e0000000, 0x00000000ef400000, 0x0000000100000000)
  eden space 174592K, 0% used [0x00000000e0000000,0x00000000e0000000,0x00000000eaa80000)
  from space 26624K, 0% used [0x00000000ec580000,0x00000000ec580000,0x00000000edf80000)
  to   space 27648K, 0% used [0x00000000eaa80000,0x00000000eaa80000,0x00000000ec580000)
 ParOldGen       total 156160K, used 46551K [0x00000000a0000000, 0x00000000a9880000, 0x00000000e0000000)
  object space 156160K, 29% used [0x00000000a0000000,0x00000000a2d75e30,0x00000000a9880000)
 Metaspace       used 56458K, capacity 58914K, committed 59028K, reserved 1099776K
  class space    used 7854K, capacity 8398K, committed 8448K, reserved 1048576K
}
Event: 35.764 GC heap before
{Heap before GC invocations=16 (full 3):
 PSYoungGen      total 201216K, used 174592K [0x00000000e0000000, 0x00000000ef400000, 0x0000000100000000)
  eden space 174592K, 100% used [0x00000000e0000000,0x00000000eaa80000,0x00000000eaa80000)
  from space 26624K, 0% used [0x00000000ec580000,0x00000000ec580000,0x00000000edf80000)
  to   space 27648K, 0% used [0x00000000eaa80000,0x00000000eaa80000,0x00000000ec580000)
 ParOldGen       total 156160K, used 46551K [0x00000000a0000000, 0x00000000a9880000, 0x00000000e0000000)
  object space 156160K, 29% used [0x00000000a0000000,0x00000000a2d75e30,0x00000000a9880000)
 Metaspace       used 58346K, capacity 60898K, committed 61016K, reserved 1101824K
  class space    used 8013K, capacity 8534K, committed 8576K, reserved 1048576K
Event: 35.814 GC heap after
Heap after GC invocations=16 (full 3):
 PSYoungGen      total 202240K, used 13897K [0x00000000e0000000, 0x00000000f1600000, 0x0000000100000000)
  eden space 174592K, 0% used [0x00000000e0000000,0x00000000e0000000,0x00000000eaa80000)
  from space 27648K, 50% used [0x00000000eaa80000,0x00000000eb812780,0x00000000ec580000)
  to   space 26624K, 0% used [0x00000000efc00000,0x00000000efc00000,0x00000000f1600000)
 ParOldGen       total 156160K, used 46559K [0x00000000a0000000, 0x00000000a9880000, 0x00000000e0000000)
  object space 156160K, 29% used [0x00000000a0000000,0x00000000a2d77e30,0x00000000a9880000)
 Metaspace       used 58346K, capacity 60898K, committed 61016K, reserved 1101824K
  class space    used 8013K, capacity 8534K, committed 8576K, reserved 1048576K
}
Event: 38.986 GC heap before
{Heap before GC invocations=17 (full 3):
 PSYoungGen      total 202240K, used 188489K [0x00000000e0000000, 0x00000000f1600000, 0x0000000100000000)
  eden space 174592K, 100% used [0x00000000e0000000,0x00000000eaa80000,0x00000000eaa80000)
  from space 27648K, 50% used [0x00000000eaa80000,0x00000000eb812780,0x00000000ec580000)
  to   space 26624K, 0% used [0x00000000efc00000,0x00000000efc00000,0x00000000f1600000)
 ParOldGen       total 156160K, used 46559K [0x00000000a0000000, 0x00000000a9880000, 0x00000000e0000000)
  object space 156160K, 29% used [0x00000000a0000000,0x00000000a2d77e30,0x00000000a9880000)
 Metaspace       used 59701K, capacity 62360K, committed 62424K, reserved 1103872K
  class space    used 8136K, capacity 8681K, committed 8704K, reserved 1048576K
Event: 39.006 GC heap after
Heap after GC invocations=17 (full 3):
 PSYoungGen      total 245760K, used 14776K [0x00000000e0000000, 0x00000000f0f80000, 0x0000000100000000)
  eden space 225792K, 0% used [0x00000000e0000000,0x00000000e0000000,0x00000000edc80000)
  from space 19968K, 74% used [0x00000000efc00000,0x00000000f0a6e278,0x00000000f0f80000)
  to   space 26112K, 0% used [0x00000000edc80000,0x00000000edc80000,0x00000000ef600000)
 ParOldGen       total 156160K, used 46567K [0x00000000a0000000, 0x00000000a9880000, 0x00000000e0000000)
  object space 156160K, 29% used [0x00000000a0000000,0x00000000a2d79e30,0x00000000a9880000)
 Metaspace       used 59701K, capacity 62360K, committed 62424K, reserved 1103872K
  class space    used 8136K, capacity 8681K, committed 8704K, reserved 1048576K
}
Event: 42.444 GC heap before
{Heap before GC invocations=18 (full 3):
 PSYoungGen      total 245760K, used 240568K [0x00000000e0000000, 0x00000000f0f80000, 0x0000000100000000)
  eden space 225792K, 100% used [0x00000000e0000000,0x00000000edc80000,0x00000000edc80000)
  from space 19968K, 74% used [0x00000000efc00000,0x00000000f0a6e278,0x00000000f0f80000)
  to   space 26112K, 0% used [0x00000000edc80000,0x00000000edc80000,0x00000000ef600000)
 ParOldGen       total 156160K, used 46567K [0x00000000a0000000, 0x00000000a9880000, 0x00000000e0000000)
  object space 156160K, 29% used [0x00000000a0000000,0x00000000a2d79e30,0x00000000a9880000)
 Metaspace       used 64981K, capacity 67702K, committed 67928K, reserved 1107968K
  class space    used 8770K, capacity 9330K, committed 9344K, reserved 1048576K
Event: 42.496 GC heap after
Heap after GC invocations=18 (full 3):
 PSYoungGen      total 251904K, used 26088K [0x00000000e0000000, 0x00000000f6000000, 0x0000000100000000)
  eden space 225792K, 0% used [0x00000000e0000000,0x00000000e0000000,0x00000000edc80000)
  from space 26112K, 99% used [0x00000000edc80000,0x00000000ef5fa3a0,0x00000000ef600000)
  to   space 35840K, 0% used [0x00000000f3d00000,0x00000000f3d00000,0x00000000f6000000)
 ParOldGen       total 156160K, used 63438K [0x00000000a0000000, 0x00000000a9880000, 0x00000000e0000000)
  object space 156160K, 40% used [0x00000000a0000000,0x00000000a3df3858,0x00000000a9880000)
 Metaspace       used 64981K, capacity 67702K, committed 67928K, reserved 1107968K
  class space    used 8770K, capacity 9330K, committed 9344K, reserved 1048576K
}
Event: 60.633 GC heap before
{Heap before GC invocations=19 (full 3):
 PSYoungGen      total 251904K, used 251880K [0x00000000e0000000, 0x00000000f6000000, 0x0000000100000000)
  eden space 225792K, 100% used [0x00000000e0000000,0x00000000edc80000,0x00000000edc80000)
  from space 26112K, 99% used [0x00000000edc80000,0x00000000ef5fa3a0,0x00000000ef600000)
  to   space 35840K, 0% used [0x00000000f3d00000,0x00000000f3d00000,0x00000000f6000000)
 ParOldGen       total 156160K, used 63438K [0x00000000a0000000, 0x00000000a9880000, 0x00000000e0000000)
  object space 156160K, 40% used [0x00000000a0000000,0x00000000a3df3858,0x00000000a9880000)
 Metaspace       used 65990K, capacity 68924K, committed 69080K, reserved 1110016K
  class space    used 8823K, capacity 9403K, committed 9472K, reserved 1048576K
Event: 60.656 GC heap after
Heap after GC invocations=19 (full 3):
 PSYoungGen      total 306176K, used 7614K [0x00000000e0000000, 0x00000000f5680000, 0x0000000100000000)
  eden space 280064K, 0% used [0x00000000e0000000,0x00000000e0000000,0x00000000f1180000)
  from space 26112K, 29% used [0x00000000f3d00000,0x00000000f446f890,0x00000000f5680000)
  to   space 35328K, 0% used [0x00000000f1180000,0x00000000f1180000,0x00000000f3400000)
 ParOldGen       total 156160K, used 68933K [0x00000000a0000000, 0x00000000a9880000, 0x00000000e0000000)
  object space 156160K, 44% used [0x00000000a0000000,0x00000000a43517a0,0x00000000a9880000)
 Metaspace       used 65990K, capacity 68924K, committed 69080K, reserved 1110016K
  class space    used 8823K, capacity 9403K, committed 9472K, reserved 1048576K
}

