# JRE version: Java(TM) SE Runtime Environment (8.0_121-b13) (build 1.8.0_121-b13)
# Java VM: Java HotSpot(TM) 64-Bit Server VM (25.121-b13 mixed mode linux-amd64 compressed oops)
Heap:
 PSYoungGen      total 52224K, used 46647K [0x00000000e0000000, 0x00000000e4a80000, 0x0000000100000000)
  eden space 41984K, 95% used [0x00000000e0000000,0x00000000e2730f48,0x00000000e2900000)
  from space 10240K, 63% used [0x00000000e2900000,0x00000000e2f5d018,0x00000000e3300000)
  to   space 10240K, 0% used [0x00000000e4080000,0x00000000e4080000,0x00000000e4a80000)
 ParOldGen       total 70144K, used 9475K [0x00000000a0000000, 0x00000000a4480000, 0x00000000e0000000)
  object space 70144K, 13% used [0x00000000a0000000,0x00000000a0940fb0,0x00000000a4480000)
 Metaspace       used 30323K, capacity 31046K, committed 31104K, reserved 1075200K
  class space    used 4252K, capacity 4432K, committed 4480K, reserved 1048576K
GC Heap History (10 events):
Event: 6.725 GC heap before
{Heap before GC invocations=4 (full 0):
 PSYoungGen      total 36864K, used 29425K [0x00000000e0000000, 0x00000000e2900000, 0x0000000100000000)
  eden space 31744K, 76% used [0x00000000e0000000,0x00000000e17c44f8,0x00000000e1f00000)
  from space 5120K, 99% used [0x00000000e1f00000,0x00000000e23f8030,0x00000000e2400000)
  to   space 5120K, 0% used [0x00000000e2400000,0x00000000e2400000,0x00000000e2900000)
 ParOldGen       total 84992K, used 3153K [0x00000000a0000000, 0x00000000a5300000, 0x00000000e0000000)
  object space 84992K, 3% used [0x00000000a0000000,0x00000000a03146a0,0x00000000a5300000)
 Metaspace       used 20729K, capacity 21126K, committed 21248K, reserved 1067008K
  class space    used 2828K, capacity 2976K, committed 3072K, reserved 1048576K
Event: 6.742 GC heap after
Heap after GC invocations=4 (full 0):
 PSYoungGen      total 36864K, used 5115K [0x00000000e0000000, 0x00000000e2900000, 0x0000000100000000)
  eden space 31744K, 0% used [0x00000000e0000000,0x00000000e0000000,0x00000000e1f00000)
  from space 5120K, 99% used [0x00000000e2400000,0x00000000e28fefd0,0x00000000e2900000)
  to   space 5120K, 0% used [0x00000000e1f00000,0x00000000e1f00000,0x00000000e2400000)
 ParOldGen       total 84992K, used 7605K [0x00000000a0000000, 0x00000000a5300000, 0x00000000e0000000)
  object space 84992K, 8% used [0x00000000a0000000,0x00000000a076d6d0,0x00000000a5300000)
 Metaspace       used 20729K, capacity 21126K, committed 21248K, reserved 1067008K
  class space    used 2828K, capacity 2976K, committed 3072K, reserved 1048576K
}
Event: 6.743 GC heap before
{Heap before GC invocations=5 (full 1):
 PSYoungGen      total 36864K, used 5115K [0x00000000e0000000, 0x00000000e2900000, 0x0000000100000000)
  eden space 31744K, 0% used [0x00000000e0000000,0x00000000e0000000,0x00000000e1f00000)
  from space 5120K, 99% used [0x00000000e2400000,0x00000000e28fefd0,0x00000000e2900000)
  to   space 5120K, 0% used [0x00000000e1f00000,0x00000000e1f00000,0x00000000e2400000)
 ParOldGen       total 84992K, used 7605K [0x00000000a0000000, 0x00000000a5300000, 0x00000000e0000000)
  object space 84992K, 8% used [0x00000000a0000000,0x00000000a076d6d0,0x00000000a5300000)
 Metaspace       used 20729K, capacity 21126K, committed 21248K, reserved 1067008K
  class space    used 2828K, capacity 2976K, committed 3072K, reserved 1048576K
Event: 6.855 GC heap after
Heap after GC invocations=5 (full 1):
 PSYoungGen      total 36864K, used 0K [0x00000000e0000000, 0x00000000e2900000, 0x0000000100000000)
  eden space 31744K, 0% used [0x00000000e0000000,0x00000000e0000000,0x00000000e1f00000)
  from space 5120K, 0% used [0x00000000e2400000,0x00000000e2400000,0x00000000e2900000)
  to   space 5120K, 0% used [0x00000000e1f00000,0x00000000e1f00000,0x00000000e2400000)
 ParOldGen       total 70144K, used 9387K [0x00000000a0000000, 0x00000000a4480000, 0x00000000e0000000)
  object space 70144K, 13% used [0x00000000a0000000,0x00000000a092afa0,0x00000000a4480000)
 Metaspace       used 20729K, capacity 21126K, committed 21248K, reserved 1067008K
  class space    used 2828K, capacity 2976K, committed 3072K, reserved 1048576K
}
Event: 7.706 GC heap before
{Heap before GC invocations=6 (full 1):
 PSYoungGen      total 36864K, used 31744K [0x00000000e0000000, 0x00000000e2900000, 0x0000000100000000)
  eden space 31744K, 100% used [0x00000000e0000000,0x00000000e1f00000,0x00000000e1f00000)
  from space 5120K, 0% used [0x00000000e2400000,0x00000000e2400000,0x00000000e2900000)
  to   space 5120K, 0% used [0x00000000e1f00000,0x00000000e1f00000,0x00000000e2400000)
 ParOldGen       total 70144K, used 9387K [0x00000000a0000000, 0x00000000a4480000, 0x00000000e0000000)
  object space 70144K, 13% used [0x00000000a0000000,0x00000000a092afa0,0x00000000a4480000)
 Metaspace       used 23325K, capacity 23762K, committed 23936K, reserved 1069056K
  class space    used 3224K, capacity 3380K, committed 3456K, reserved 1048576K
Event: 7.715 GC heap after
Heap after GC invocations=6 (full 1):
 PSYoungGen      total 36864K, used 3416K [0x00000000e0000000, 0x00000000e3e00000, 0x0000000100000000)
  eden space 31744K, 0% used [0x00000000e0000000,0x00000000e0000000,0x00000000e1f00000)
  from space 5120K, 66% used [0x00000000e1f00000,0x00000000e2256098,0x00000000e2400000)
  to   space 11264K, 0% used [0x00000000e3300000,0x00000000e3300000,0x00000000e3e00000)
 ParOldGen       total 70144K, used 9395K [0x00000000a0000000, 0x00000000a4480000, 0x00000000e0000000)
  object space 70144K, 13% used [0x00000000a0000000,0x00000000a092cfa0,0x00000000a4480000)
 Metaspace       used 23325K, capacity 23762K, committed 23936K, reserved 1069056K
  class space    used 3224K, capacity 3380K, committed 3456K, reserved 1048576K
}
Event: 8.726 GC heap before
{Heap before GC invocations=7 (full 1):
 PSYoungGen      total 36864K, used 35160K [0x00000000e0000000, 0x00000000e3e00000, 0x0000000100000000)
  eden space 31744K, 100% used [0x00000000e0000000,0x00000000e1f00000,0x00000000e1f00000)
  from space 5120K, 66% used [0x00000000e1f00000,0x00000000e2256098,0x00000000e2400000)
  to   space 11264K, 0% used [0x00000000e3300000,0x00000000e3300000,0x00000000e3e00000)
 ParOldGen       total 70144K, used 9395K [0x00000000a0000000, 0x00000000a4480000, 0x00000000e0000000)
  object space 70144K, 13% used [0x00000000a0000000,0x00000000a092cfa0,0x00000000a4480000)
 Metaspace       used 26187K, capacity 26608K, committed 27008K, reserved 1073152K
  class space    used 3714K, capacity 3851K, committed 3968K, reserved 1048576K
Event: 8.739 GC heap after
Heap after GC invocations=7 (full 1):
 PSYoungGen      total 52736K, used 5816K [0x00000000e0000000, 0x00000000e3d80000, 0x0000000100000000)
  eden space 41984K, 0% used [0x00000000e0000000,0x00000000e0000000,0x00000000e2900000)
  from space 10752K, 54% used [0x00000000e3300000,0x00000000e38ae2c8,0x00000000e3d80000)
  to   space 10240K, 0% used [0x00000000e2900000,0x00000000e2900000,0x00000000e3300000)
 ParOldGen       total 70144K, used 9403K [0x00000000a0000000, 0x00000000a4480000, 0x00000000e0000000)
  object space 70144K, 13% used [0x00000000a0000000,0x00000000a092efa0,0x00000000a4480000)
 Metaspace       used 26187K, capacity 26608K, committed 27008K, reserved 1073152K
  class space    used 3714K, capacity 3851K, committed 3968K, reserved 1048576K
}
Event: 10.138 GC heap before
{Heap before GC invocations=8 (full 1):
 PSYoungGen      total 52736K, used 47800K [0x00000000e0000000, 0x00000000e3d80000, 0x0000000100000000)
  eden space 41984K, 100% used [0x00000000e0000000,0x00000000e2900000,0x00000000e2900000)
  from space 10752K, 54% used [0x00000000e3300000,0x00000000e38ae2c8,0x00000000e3d80000)
  to   space 10240K, 0% used [0x00000000e2900000,0x00000000e2900000,0x00000000e3300000)
 ParOldGen       total 70144K, used 9403K [0x00000000a0000000, 0x00000000a4480000, 0x00000000e0000000)
  object space 70144K, 13% used [0x00000000a0000000,0x00000000a092efa0,0x00000000a4480000)
 Metaspace       used 29394K, capacity 29970K, committed 30208K, reserved 1075200K
  class space    used 4143K, capacity 4285K, committed 4352K, reserved 1048576K
Event: 10.147 GC heap after
Heap after GC invocations=8 (full 1):
 PSYoungGen      total 52224K, used 6516K [0x00000000e0000000, 0x00000000e4a80000, 0x0000000100000000)
  eden space 41984K, 0% used [0x00000000e0000000,0x00000000e0000000,0x00000000e2900000)
  from space 10240K, 63% used [0x00000000e2900000,0x00000000e2f5d018,0x00000000e3300000)
  to   space 10240K, 0% used [0x00000000e4080000,0x00000000e4080000,0x00000000e4a80000)
 ParOldGen       total 70144K, used 9475K [0x00000000a0000000, 0x00000000a4480000, 0x00000000e0000000)
  object space 70144K, 13% used [0x00000000a0000000,0x00000000a0940fb0,0x00000000a4480000)
 Metaspace       used 29394K, capacity 29970K, committed 30208K, reserved 1075200K
  class space    used 4143K, capacity 4285K, committed 4352K, reserved 1048576K
}

