# JRE version: Java(TM) SE Runtime Environment (8.0_121-b13) (build 1.8.0_121-b13)
# Java VM: Java HotSpot(TM) 64-Bit Server VM (25.121-b13 mixed mode linux-amd64 compressed oops)
Heap:
 PSYoungGen      total 473088K, used 454059K [0x00000000e0000000, 0x0000000100000000, 0x0000000100000000)
  eden space 430592K, 100% used [0x00000000e0000000,0x00000000fa480000,0x00000000fa480000)
  from space 42496K, 55% used [0x00000000fa480000,0x00000000fbb6ace8,0x00000000fce00000)
  to   space 43520K, 19% used [0x00000000fd580000,0x00000000fddba7f0,0x0000000100000000)
 ParOldGen       total 128000K, used 94100K [0x00000000a0000000, 0x00000000a7d00000, 0x00000000e0000000)
  object space 128000K, 73% used [0x00000000a0000000,0x00000000a5be5258,0x00000000a7d00000)
 Metaspace       used 75735K, capacity 81722K, committed 81880K, reserved 1120256K
  class space    used 9508K, capacity 10181K, committed 10240K, reserved 1048576K
GC Heap History (10 events):
Event: 8774.892 GC heap after
Heap after GC invocations=76 (full 5):
 PSYoungGen      total 464384K, used 14842K [0x00000000e0000000, 0x00000000ff980000, 0x0000000100000000)
  eden space 411648K, 0% used [0x00000000e0000000,0x00000000e0000000,0x00000000f9200000)
  from space 52736K, 28% used [0x00000000f9200000,0x00000000fa07eba8,0x00000000fc580000)
  to   space 48640K, 0% used [0x00000000fca00000,0x00000000fca00000,0x00000000ff980000)
 ParOldGen       total 128000K, used 89469K [0x00000000a0000000, 0x00000000a7d00000, 0x00000000e0000000)
  object space 128000K, 69% used [0x00000000a0000000,0x00000000a575f710,0x00000000a7d00000)
 Metaspace       used 75452K, capacity 81116K, committed 81368K, reserved 1120256K
  class space    used 9484K, capacity 10155K, committed 10240K, reserved 1048576K
}
Event: 8838.747 GC heap before
{Heap before GC invocations=77 (full 5):
 PSYoungGen      total 464384K, used 426490K [0x00000000e0000000, 0x00000000ff980000, 0x0000000100000000)
  eden space 411648K, 100% used [0x00000000e0000000,0x00000000f9200000,0x00000000f9200000)
  from space 52736K, 28% used [0x00000000f9200000,0x00000000fa07eba8,0x00000000fc580000)
  to   space 48640K, 0% used [0x00000000fca00000,0x00000000fca00000,0x00000000ff980000)
 ParOldGen       total 128000K, used 89469K [0x00000000a0000000, 0x00000000a7d00000, 0x00000000e0000000)
  object space 128000K, 69% used [0x00000000a0000000,0x00000000a575f710,0x00000000a7d00000)
 Metaspace       used 75546K, capacity 81332K, committed 81624K, reserved 1120256K
  class space    used 9492K, capacity 10163K, committed 10240K, reserved 1048576K
Event: 8838.762 GC heap after
Heap after GC invocations=77 (full 5):
 PSYoungGen      total 470016K, used 3808K [0x00000000e0000000, 0x00000000ffa00000, 0x0000000100000000)
  eden space 421376K, 0% used [0x00000000e0000000,0x00000000e0000000,0x00000000f9b80000)
  from space 48640K, 7% used [0x00000000fca00000,0x00000000fcdb8030,0x00000000ff980000)
  to   space 47616K, 0% used [0x00000000f9b80000,0x00000000f9b80000,0x00000000fca00000)
 ParOldGen       total 128000K, used 89564K [0x00000000a0000000, 0x00000000a7d00000, 0x00000000e0000000)
  object space 128000K, 69% used [0x00000000a0000000,0x00000000a5777268,0x00000000a7d00000)
 Metaspace       used 75546K, capacity 81332K, committed 81624K, reserved 1120256K
  class space    used 9492K, capacity 10163K, committed 10240K, reserved 1048576K
}
Event: 8840.161 GC heap before
{Heap before GC invocations=78 (full 5):
 PSYoungGen      total 470016K, used 425006K [0x00000000e0000000, 0x00000000ffa00000, 0x0000000100000000)
  eden space 421376K, 99% used [0x00000000e0000000,0x00000000f9b53af0,0x00000000f9b80000)
  from space 48640K, 7% used [0x00000000fca00000,0x00000000fcdb8030,0x00000000ff980000)
  to   space 47616K, 0% used [0x00000000f9b80000,0x00000000f9b80000,0x00000000fca00000)
 ParOldGen       total 128000K, used 89564K [0x00000000a0000000, 0x00000000a7d00000, 0x00000000e0000000)
  object space 128000K, 69% used [0x00000000a0000000,0x00000000a5777268,0x00000000a7d00000)
 Metaspace       used 75557K, capacity 81332K, committed 81624K, reserved 1120256K
  class space    used 9492K, capacity 10163K, committed 10240K, reserved 1048576K
Event: 8840.174 GC heap after
Heap after GC invocations=78 (full 5):
 PSYoungGen      total 468992K, used 10253K [0x00000000e0000000, 0x00000000ffa00000, 0x0000000100000000)
  eden space 421376K, 0% used [0x00000000e0000000,0x00000000e0000000,0x00000000f9b80000)
  from space 47616K, 21% used [0x00000000f9b80000,0x00000000fa583408,0x00000000fca00000)
  to   space 45056K, 0% used [0x00000000fce00000,0x00000000fce00000,0x00000000ffa00000)
 ParOldGen       total 128000K, used 93144K [0x00000000a0000000, 0x00000000a7d00000, 0x00000000e0000000)
  object space 128000K, 72% used [0x00000000a0000000,0x00000000a5af6368,0x00000000a7d00000)
 Metaspace       used 75557K, capacity 81332K, committed 81624K, reserved 1120256K
  class space    used 9492K, capacity 10163K, committed 10240K, reserved 1048576K
}
Event: 9122.797 GC heap before
{Heap before GC invocations=79 (full 5):
 PSYoungGen      total 468992K, used 431120K [0x00000000e0000000, 0x00000000ffa00000, 0x0000000100000000)
  eden space 421376K, 99% used [0x00000000e0000000,0x00000000f9b00ef8,0x00000000f9b80000)
  from space 47616K, 21% used [0x00000000f9b80000,0x00000000fa583408,0x00000000fca00000)
  to   space 45056K, 0% used [0x00000000fce00000,0x00000000fce00000,0x00000000ffa00000)
 ParOldGen       total 128000K, used 93144K [0x00000000a0000000, 0x00000000a7d00000, 0x00000000e0000000)
  object space 128000K, 72% used [0x00000000a0000000,0x00000000a5af6368,0x00000000a7d00000)
 Metaspace       used 75608K, capacity 81484K, committed 81624K, reserved 1120256K
  class space    used 9500K, capacity 10171K, committed 10240K, reserved 1048576K
Event: 9122.824 GC heap after
Heap after GC invocations=79 (full 5):
 PSYoungGen      total 474112K, used 9102K [0x00000000e0000000, 0x00000000ff880000, 0x0000000100000000)
  eden space 430592K, 0% used [0x00000000e0000000,0x00000000e0000000,0x00000000fa480000)
  from space 43520K, 20% used [0x00000000fce00000,0x00000000fd6e39d0,0x00000000ff880000)
  to   space 42496K, 0% used [0x00000000fa480000,0x00000000fa480000,0x00000000fce00000)
 ParOldGen       total 128000K, used 93728K [0x00000000a0000000, 0x00000000a7d00000, 0x00000000e0000000)
  object space 128000K, 73% used [0x00000000a0000000,0x00000000a5b881f8,0x00000000a7d00000)
 Metaspace       used 75608K, capacity 81484K, committed 81624K, reserved 1120256K
  class space    used 9500K, capacity 10171K, committed 10240K, reserved 1048576K
}
Event: 9137.020 GC heap before
{Heap before GC invocations=80 (full 5):
 PSYoungGen      total 474112K, used 439694K [0x00000000e0000000, 0x00000000ff880000, 0x0000000100000000)
  eden space 430592K, 100% used [0x00000000e0000000,0x00000000fa480000,0x00000000fa480000)
  from space 43520K, 20% used [0x00000000fce00000,0x00000000fd6e39d0,0x00000000ff880000)
  to   space 42496K, 0% used [0x00000000fa480000,0x00000000fa480000,0x00000000fce00000)
 ParOldGen       total 128000K, used 93728K [0x00000000a0000000, 0x00000000a7d00000, 0x00000000e0000000)
  object space 128000K, 73% used [0x00000000a0000000,0x00000000a5b881f8,0x00000000a7d00000)
 Metaspace       used 75730K, capacity 81722K, committed 81880K, reserved 1120256K
  class space    used 9508K, capacity 10181K, committed 10240K, reserved 1048576K
Event: 9137.051 GC heap after
Heap after GC invocations=80 (full 5):
 PSYoungGen      total 473088K, used 23467K [0x00000000e0000000, 0x0000000100000000, 0x0000000100000000)
  eden space 430592K, 0% used [0x00000000e0000000,0x00000000e0000000,0x00000000fa480000)
  from space 42496K, 55% used [0x00000000fa480000,0x00000000fbb6ace8,0x00000000fce00000)
  to   space 43520K, 0% used [0x00000000fd580000,0x00000000fd580000,0x0000000100000000)
 ParOldGen       total 128000K, used 94092K [0x00000000a0000000, 0x00000000a7d00000, 0x00000000e0000000)
  object space 128000K, 73% used [0x00000000a0000000,0x00000000a5be3258,0x00000000a7d00000)
 Metaspace       used 75730K, capacity 81722K, committed 81880K, reserved 1120256K
  class space    used 9508K, capacity 10181K, committed 10240K, reserved 1048576K
}
Event: 9138.032 GC heap before
{Heap before GC invocations=81 (full 5):
 PSYoungGen      total 473088K, used 454059K [0x00000000e0000000, 0x0000000100000000, 0x0000000100000000)
  eden space 430592K, 100% used [0x00000000e0000000,0x00000000fa480000,0x00000000fa480000)
  from space 42496K, 55% used [0x00000000fa480000,0x00000000fbb6ace8,0x00000000fce00000)
  to   space 43520K, 0% used [0x00000000fd580000,0x00000000fd580000,0x0000000100000000)
 ParOldGen       total 128000K, used 94092K [0x00000000a0000000, 0x00000000a7d00000, 0x00000000e0000000)
  object space 128000K, 73% used [0x00000000a0000000,0x00000000a5be3258,0x00000000a7d00000)
 Metaspace       used 75735K, capacity 81722K, committed 81880K, reserved 1120256K
  class space    used 9508K, capacity 10181K, committed 10240K, reserved 1048576K

