# JRE version: Java(TM) SE Runtime Environment (8.0_121-b13) (build 1.8.0_121-b13)
# Java VM: Java HotSpot(TM) 64-Bit Server VM (25.121-b13 mixed mode linux-amd64 compressed oops)
Heap:
 PSYoungGen      total 181248K, used 6828K [0x00000000e0000000, 0x00000000ee480000, 0x0000000100000000)
  eden space 150016K, 4% used [0x00000000e0000000,0x00000000e06ab2b0,0x00000000e9280000)
  from space 31232K, 0% used [0x00000000eb600000,0x00000000eb600000,0x00000000ed480000)
  to   space 36352K, 0% used [0x00000000e9280000,0x00000000e9280000,0x00000000eb600000)
 ParOldGen       total 208384K, used 81406K [0x00000000a0000000, 0x00000000acb80000, 0x00000000e0000000)
  object space 208384K, 39% used [0x00000000a0000000,0x00000000a4f7fa20,0x00000000acb80000)
 Metaspace       used 57342K, capacity 59042K, committed 59352K, reserved 1099776K
  class space    used 7770K, capacity 8121K, committed 8192K, reserved 1048576K
GC Heap History (10 events):
Event: 12.217 GC heap before
{Heap before GC invocations=11 (full 2):
 PSYoungGen      total 124928K, used 124082K [0x00000000e0000000, 0x00000000e8a80000, 0x0000000100000000)
  eden space 113152K, 100% used [0x00000000e0000000,0x00000000e6e80000,0x00000000e6e80000)
  from space 11776K, 92% used [0x00000000e7b00000,0x00000000e85ac9c0,0x00000000e8680000)
  to   space 12800K, 0% used [0x00000000e6e80000,0x00000000e6e80000,0x00000000e7b00000)
 ParOldGen       total 105472K, used 17460K [0x00000000a0000000, 0x00000000a6700000, 0x00000000e0000000)
  object space 105472K, 16% used [0x00000000a0000000,0x00000000a110d270,0x00000000a6700000)
 Metaspace       used 45004K, capacity 45936K, committed 46080K, reserved 1089536K
  class space    used 6126K, capacity 6392K, committed 6400K, reserved 1048576K
Event: 12.232 GC heap after
Heap after GC invocations=11 (full 2):
 PSYoungGen      total 125952K, used 12798K [0x00000000e0000000, 0x00000000e9f80000, 0x0000000100000000)
  eden space 113152K, 0% used [0x00000000e0000000,0x00000000e0000000,0x00000000e6e80000)
  from space 12800K, 99% used [0x00000000e6e80000,0x00000000e7aff968,0x00000000e7b00000)
  to   space 14336K, 0% used [0x00000000e9180000,0x00000000e9180000,0x00000000e9f80000)
 ParOldGen       total 105472K, used 17666K [0x00000000a0000000, 0x00000000a6700000, 0x00000000e0000000)
  object space 105472K, 16% used [0x00000000a0000000,0x00000000a1140940,0x00000000a6700000)
 Metaspace       used 45004K, capacity 45936K, committed 46080K, reserved 1089536K
  class space    used 6126K, capacity 6392K, committed 6400K, reserved 1048576K
}
Event: 15.462 GC heap before
{Heap before GC invocations=12 (full 2):
 PSYoungGen      total 125952K, used 125950K [0x00000000e0000000, 0x00000000e9f80000, 0x0000000100000000)
  eden space 113152K, 100% used [0x00000000e0000000,0x00000000e6e80000,0x00000000e6e80000)
  from space 12800K, 99% used [0x00000000e6e80000,0x00000000e7aff968,0x00000000e7b00000)
  to   space 14336K, 0% used [0x00000000e9180000,0x00000000e9180000,0x00000000e9f80000)
 ParOldGen       total 105472K, used 17666K [0x00000000a0000000, 0x00000000a6700000, 0x00000000e0000000)
  object space 105472K, 16% used [0x00000000a0000000,0x00000000a1140940,0x00000000a6700000)
 Metaspace       used 51384K, capacity 53078K, committed 53376K, reserved 1095680K
  class space    used 7091K, capacity 7437K, committed 7552K, reserved 1048576K
Event: 15.493 GC heap after
Heap after GC invocations=12 (full 2):
 PSYoungGen      total 143872K, used 14319K [0x00000000e0000000, 0x00000000ea880000, 0x0000000100000000)
  eden space 129536K, 0% used [0x00000000e0000000,0x00000000e0000000,0x00000000e7e80000)
  from space 14336K, 99% used [0x00000000e9180000,0x00000000e9f7bff0,0x00000000e9f80000)
  to   space 19456K, 0% used [0x00000000e7e80000,0x00000000e7e80000,0x00000000e9180000)
 ParOldGen       total 105472K, used 26473K [0x00000000a0000000, 0x00000000a6700000, 0x00000000e0000000)
  object space 105472K, 25% used [0x00000000a0000000,0x00000000a19da738,0x00000000a6700000)
 Metaspace       used 51384K, capacity 53078K, committed 53376K, reserved 1095680K
  class space    used 7091K, capacity 7437K, committed 7552K, reserved 1048576K
}
Event: 19.929 GC heap before
{Heap before GC invocations=13 (full 2):
 PSYoungGen      total 143872K, used 143855K [0x00000000e0000000, 0x00000000ea880000, 0x0000000100000000)
  eden space 129536K, 100% used [0x00000000e0000000,0x00000000e7e80000,0x00000000e7e80000)
  from space 14336K, 99% used [0x00000000e9180000,0x00000000e9f7bff0,0x00000000e9f80000)
  to   space 19456K, 0% used [0x00000000e7e80000,0x00000000e7e80000,0x00000000e9180000)
 ParOldGen       total 105472K, used 26473K [0x00000000a0000000, 0x00000000a6700000, 0x00000000e0000000)
  object space 105472K, 25% used [0x00000000a0000000,0x00000000a19da738,0x00000000a6700000)
 Metaspace       used 55855K, capacity 57538K, committed 57728K, reserved 1099776K
  class space    used 7669K, capacity 8025K, committed 8064K, reserved 1048576K
Event: 20.023 GC heap after
Heap after GC invocations=13 (full 2):
 PSYoungGen      total 148992K, used 19426K [0x00000000e0000000, 0x00000000ed480000, 0x0000000100000000)
  eden space 129536K, 0% used [0x00000000e0000000,0x00000000e0000000,0x00000000e7e80000)
  from space 19456K, 99% used [0x00000000e7e80000,0x00000000e91789b8,0x00000000e9180000)
  to   space 31232K, 0% used [0x00000000eb600000,0x00000000eb600000,0x00000000ed480000)
 ParOldGen       total 105472K, used 51230K [0x00000000a0000000, 0x00000000a6700000, 0x00000000e0000000)
  object space 105472K, 48% used [0x00000000a0000000,0x00000000a3207870,0x00000000a6700000)
 Metaspace       used 55855K, capacity 57538K, committed 57728K, reserved 1099776K
  class space    used 7669K, capacity 8025K, committed 8064K, reserved 1048576K
}
Event: 21.519 GC heap before
{Heap before GC invocations=14 (full 2):
 PSYoungGen      total 148992K, used 77169K [0x00000000e0000000, 0x00000000ed480000, 0x0000000100000000)
  eden space 129536K, 44% used [0x00000000e0000000,0x00000000e3863a58,0x00000000e7e80000)
  from space 19456K, 99% used [0x00000000e7e80000,0x00000000e91789b8,0x00000000e9180000)
  to   space 31232K, 0% used [0x00000000eb600000,0x00000000eb600000,0x00000000ed480000)
 ParOldGen       total 105472K, used 51230K [0x00000000a0000000, 0x00000000a6700000, 0x00000000e0000000)
  object space 105472K, 48% used [0x00000000a0000000,0x00000000a3207870,0x00000000a6700000)
 Metaspace       used 57267K, capacity 58914K, committed 59096K, reserved 1099776K
  class space    used 7769K, capacity 8121K, committed 8192K, reserved 1048576K
Event: 21.582 GC heap after
Heap after GC invocations=14 (full 2):
 PSYoungGen      total 181248K, used 31223K [0x00000000e0000000, 0x00000000ee480000, 0x0000000100000000)
  eden space 150016K, 0% used [0x00000000e0000000,0x00000000e0000000,0x00000000e9280000)
  from space 31232K, 99% used [0x00000000eb600000,0x00000000ed47dcd8,0x00000000ed480000)
  to   space 36352K, 0% used [0x00000000e9280000,0x00000000e9280000,0x00000000eb600000)
 ParOldGen       total 105472K, used 55661K [0x00000000a0000000, 0x00000000a6700000, 0x00000000e0000000)
  object space 105472K, 52% used [0x00000000a0000000,0x00000000a365b7e8,0x00000000a6700000)
 Metaspace       used 57267K, capacity 58914K, committed 59096K, reserved 1099776K
  class space    used 7769K, capacity 8121K, committed 8192K, reserved 1048576K
}
Event: 21.582 GC heap before
{Heap before GC invocations=15 (full 3):
 PSYoungGen      total 181248K, used 31223K [0x00000000e0000000, 0x00000000ee480000, 0x0000000100000000)
  eden space 150016K, 0% used [0x00000000e0000000,0x00000000e0000000,0x00000000e9280000)
  from space 31232K, 99% used [0x00000000eb600000,0x00000000ed47dcd8,0x00000000ed480000)
  to   space 36352K, 0% used [0x00000000e9280000,0x00000000e9280000,0x00000000eb600000)
 ParOldGen       total 105472K, used 55661K [0x00000000a0000000, 0x00000000a6700000, 0x00000000e0000000)
  object space 105472K, 52% used [0x00000000a0000000,0x00000000a365b7e8,0x00000000a6700000)
 Metaspace       used 57267K, capacity 58914K, committed 59096K, reserved 1099776K
  class space    used 7769K, capacity 8121K, committed 8192K, reserved 1048576K
Event: 22.000 GC heap after
Heap after GC invocations=15 (full 3):
 PSYoungGen      total 181248K, used 0K [0x00000000e0000000, 0x00000000ee480000, 0x0000000100000000)
  eden space 150016K, 0% used [0x00000000e0000000,0x00000000e0000000,0x00000000e9280000)
  from space 31232K, 0% used [0x00000000eb600000,0x00000000eb600000,0x00000000ed480000)
  to   space 36352K, 0% used [0x00000000e9280000,0x00000000e9280000,0x00000000eb600000)
 ParOldGen       total 208384K, used 81406K [0x00000000a0000000, 0x00000000acb80000, 0x00000000e0000000)
  object space 208384K, 39% used [0x00000000a0000000,0x00000000a4f7fa20,0x00000000acb80000)
 Metaspace       used 57267K, capacity 58914K, committed 59096K, reserved 1099776K
  class space    used 7769K, capacity 8121K, committed 8192K, reserved 1048576K
}

