# JRE version: Java(TM) SE Runtime Environment (8.0_121-b13) (build 1.8.0_121-b13)
# Java VM: Java HotSpot(TM) 64-Bit Server VM (25.121-b13 mixed mode linux-amd64 compressed oops)
Heap:
 PSYoungGen      total 35328K, used 18656K [0x00000000e0000000, 0x00000000e3080000, 0x0000000100000000)
  eden space 30208K, 45% used [0x00000000e0000000,0x00000000e0d6b1f0,0x00000000e1d80000)
  from space 5120K, 96% used [0x00000000e1e00000,0x00000000e22cd030,0x00000000e2300000)
  to   space 9728K, 0% used [0x00000000e2700000,0x00000000e2700000,0x00000000e3080000)
 ParOldGen       total 44544K, used 8380K [0x00000000a0000000, 0x00000000a2b80000, 0x00000000e0000000)
  object space 44544K, 18% used [0x00000000a0000000,0x00000000a082f270,0x00000000a2b80000)
 Metaspace       used 28627K, capacity 29022K, committed 29184K, reserved 1075200K
  class space    used 3993K, capacity 4088K, committed 4096K, reserved 1048576K
GC Heap History (10 events):
Event: 12.079 GC heap before
{Heap before GC invocations=4 (full 0):
 PSYoungGen      total 36864K, used 29543K [0x00000000e0000000, 0x00000000e2900000, 0x0000000100000000)
  eden space 31744K, 77% used [0x00000000e0000000,0x00000000e17e1da0,0x00000000e1f00000)
  from space 5120K, 99% used [0x00000000e1f00000,0x00000000e23f8098,0x00000000e2400000)
  to   space 5120K, 0% used [0x00000000e2400000,0x00000000e2400000,0x00000000e2900000)
 ParOldGen       total 84992K, used 3261K [0x00000000a0000000, 0x00000000a5300000, 0x00000000e0000000)
  object space 84992K, 3% used [0x00000000a0000000,0x00000000a032f4d0,0x00000000a5300000)
 Metaspace       used 20832K, capacity 21176K, committed 21296K, reserved 1067008K
  class space    used 2813K, capacity 2933K, committed 2944K, reserved 1048576K
Event: 12.095 GC heap after
Heap after GC invocations=4 (full 0):
 PSYoungGen      total 36864K, used 5088K [0x00000000e0000000, 0x00000000e2900000, 0x0000000100000000)
  eden space 31744K, 0% used [0x00000000e0000000,0x00000000e0000000,0x00000000e1f00000)
  from space 5120K, 99% used [0x00000000e2400000,0x00000000e28f8070,0x00000000e2900000)
  to   space 5120K, 0% used [0x00000000e1f00000,0x00000000e1f00000,0x00000000e2400000)
 ParOldGen       total 84992K, used 6703K [0x00000000a0000000, 0x00000000a5300000, 0x00000000e0000000)
  object space 84992K, 7% used [0x00000000a0000000,0x00000000a068be68,0x00000000a5300000)
 Metaspace       used 20832K, capacity 21176K, committed 21296K, reserved 1067008K
  class space    used 2813K, capacity 2933K, committed 2944K, reserved 1048576K
}
Event: 12.095 GC heap before
{Heap before GC invocations=5 (full 1):
 PSYoungGen      total 36864K, used 5088K [0x00000000e0000000, 0x00000000e2900000, 0x0000000100000000)
  eden space 31744K, 0% used [0x00000000e0000000,0x00000000e0000000,0x00000000e1f00000)
  from space 5120K, 99% used [0x00000000e2400000,0x00000000e28f8070,0x00000000e2900000)
  to   space 5120K, 0% used [0x00000000e1f00000,0x00000000e1f00000,0x00000000e2400000)
 ParOldGen       total 84992K, used 6703K [0x00000000a0000000, 0x00000000a5300000, 0x00000000e0000000)
  object space 84992K, 7% used [0x00000000a0000000,0x00000000a068be68,0x00000000a5300000)
 Metaspace       used 20832K, capacity 21176K, committed 21296K, reserved 1067008K
  class space    used 2813K, capacity 2933K, committed 2944K, reserved 1048576K
Event: 12.160 GC heap after
Heap after GC invocations=5 (full 1):
 PSYoungGen      total 36864K, used 0K [0x00000000e0000000, 0x00000000e2900000, 0x0000000100000000)
  eden space 31744K, 0% used [0x00000000e0000000,0x00000000e0000000,0x00000000e1f00000)
  from space 5120K, 0% used [0x00000000e2400000,0x00000000e2400000,0x00000000e2900000)
  to   space 5120K, 0% used [0x00000000e1f00000,0x00000000e1f00000,0x00000000e2400000)
 ParOldGen       total 44544K, used 8364K [0x00000000a0000000, 0x00000000a2b80000, 0x00000000e0000000)
  object space 44544K, 18% used [0x00000000a0000000,0x00000000a082b270,0x00000000a2b80000)
 Metaspace       used 20832K, capacity 21176K, committed 21296K, reserved 1067008K
  class space    used 2813K, capacity 2933K, committed 2944K, reserved 1048576K
}
Event: 13.501 GC heap before
{Heap before GC invocations=6 (full 1):
 PSYoungGen      total 36864K, used 31744K [0x00000000e0000000, 0x00000000e2900000, 0x0000000100000000)
  eden space 31744K, 100% used [0x00000000e0000000,0x00000000e1f00000,0x00000000e1f00000)
  from space 5120K, 0% used [0x00000000e2400000,0x00000000e2400000,0x00000000e2900000)
  to   space 5120K, 0% used [0x00000000e1f00000,0x00000000e1f00000,0x00000000e2400000)
 ParOldGen       total 44544K, used 8364K [0x00000000a0000000, 0x00000000a2b80000, 0x00000000e0000000)
  object space 44544K, 18% used [0x00000000a0000000,0x00000000a082b270,0x00000000a2b80000)
 Metaspace       used 23737K, capacity 24136K, committed 24448K, reserved 1071104K
  class space    used 3291K, capacity 3401K, committed 3456K, reserved 1048576K
Event: 13.506 GC heap after
Heap after GC invocations=6 (full 1):
 PSYoungGen      total 36352K, used 4493K [0x00000000e0000000, 0x00000000e3280000, 0x0000000100000000)
  eden space 31232K, 0% used [0x00000000e0000000,0x00000000e0000000,0x00000000e1e80000)
  from space 5120K, 87% used [0x00000000e1f00000,0x00000000e2363768,0x00000000e2400000)
  to   space 10240K, 0% used [0x00000000e2880000,0x00000000e2880000,0x00000000e3280000)
 ParOldGen       total 44544K, used 8372K [0x00000000a0000000, 0x00000000a2b80000, 0x00000000e0000000)
  object space 44544K, 18% used [0x00000000a0000000,0x00000000a082d270,0x00000000a2b80000)
 Metaspace       used 23737K, capacity 24136K, committed 24448K, reserved 1071104K
  class space    used 3291K, capacity 3401K, committed 3456K, reserved 1048576K
}
Event: 14.751 GC heap before
{Heap before GC invocations=7 (full 1):
 PSYoungGen      total 36352K, used 35725K [0x00000000e0000000, 0x00000000e3280000, 0x0000000100000000)
  eden space 31232K, 100% used [0x00000000e0000000,0x00000000e1e80000,0x00000000e1e80000)
  from space 5120K, 87% used [0x00000000e1f00000,0x00000000e2363768,0x00000000e2400000)
  to   space 10240K, 0% used [0x00000000e2880000,0x00000000e2880000,0x00000000e3280000)
 ParOldGen       total 44544K, used 8372K [0x00000000a0000000, 0x00000000a2b80000, 0x00000000e0000000)
  object space 44544K, 18% used [0x00000000a0000000,0x00000000a082d270,0x00000000a2b80000)
 Metaspace       used 25800K, capacity 26270K, committed 26368K, reserved 1071104K
  class space    used 3661K, capacity 3832K, committed 3840K, reserved 1048576K
Event: 14.758 GC heap after
Heap after GC invocations=7 (full 1):
 PSYoungGen      total 39424K, used 4755K [0x00000000e0000000, 0x00000000e3100000, 0x0000000100000000)
  eden space 30720K, 0% used [0x00000000e0000000,0x00000000e0000000,0x00000000e1e00000)
  from space 8704K, 54% used [0x00000000e2880000,0x00000000e2d24cd8,0x00000000e3100000)
  to   space 9728K, 0% used [0x00000000e1e00000,0x00000000e1e00000,0x00000000e2780000)
 ParOldGen       total 44544K, used 8372K [0x00000000a0000000, 0x00000000a2b80000, 0x00000000e0000000)
  object space 44544K, 18% used [0x00000000a0000000,0x00000000a082d270,0x00000000a2b80000)
 Metaspace       used 25800K, capacity 26270K, committed 26368K, reserved 1071104K
  class space    used 3661K, capacity 3832K, committed 3840K, reserved 1048576K
}
Event: 18.347 GC heap before
{Heap before GC invocations=8 (full 1):
 PSYoungGen      total 39424K, used 35475K [0x00000000e0000000, 0x00000000e3100000, 0x0000000100000000)
  eden space 30720K, 100% used [0x00000000e0000000,0x00000000e1e00000,0x00000000e1e00000)
  from space 8704K, 54% used [0x00000000e2880000,0x00000000e2d24cd8,0x00000000e3100000)
  to   space 9728K, 0% used [0x00000000e1e00000,0x00000000e1e00000,0x00000000e2780000)
 ParOldGen       total 44544K, used 8372K [0x00000000a0000000, 0x00000000a2b80000, 0x00000000e0000000)
  object space 44544K, 18% used [0x00000000a0000000,0x00000000a082d270,0x00000000a2b80000)
 Metaspace       used 28508K, capacity 28958K, committed 29184K, reserved 1075200K
  class space    used 3990K, capacity 4088K, committed 4096K, reserved 1048576K
Event: 18.365 GC heap after
Heap after GC invocations=8 (full 1):
 PSYoungGen      total 35328K, used 4916K [0x00000000e0000000, 0x00000000e3080000, 0x0000000100000000)
  eden space 30208K, 0% used [0x00000000e0000000,0x00000000e0000000,0x00000000e1d80000)
  from space 5120K, 96% used [0x00000000e1e00000,0x00000000e22cd030,0x00000000e2300000)
  to   space 9728K, 0% used [0x00000000e2700000,0x00000000e2700000,0x00000000e3080000)
 ParOldGen       total 44544K, used 8380K [0x00000000a0000000, 0x00000000a2b80000, 0x00000000e0000000)
  object space 44544K, 18% used [0x00000000a0000000,0x00000000a082f270,0x00000000a2b80000)
 Metaspace       used 28508K, capacity 28958K, committed 29184K, reserved 1075200K
  class space    used 3990K, capacity 4088K, committed 4096K, reserved 1048576K
}

