# JRE version: Java(TM) SE Runtime Environment (8.0_121-b13) (build 1.8.0_121-b13)
# Java VM: Java HotSpot(TM) 64-Bit Server VM (25.121-b13 mixed mode linux-amd64 compressed oops)
Heap:
 PSYoungGen      total 342528K, used 200224K [0x00000000e0000000, 0x00000000fa380000, 0x0000000100000000)
  eden space 313856K, 54% used [0x00000000e0000000,0x00000000ea7db850,0x00000000f3280000)
  from space 28672K, 98% used [0x00000000f3d80000,0x00000000f592cb20,0x00000000f5980000)
  to   space 57856K, 0% used [0x00000000f6b00000,0x00000000f6b00000,0x00000000fa380000)
 ParOldGen       total 200704K, used 95237K [0x00000000a0000000, 0x00000000ac400000, 0x00000000e0000000)
  object space 200704K, 47% used [0x00000000a0000000,0x00000000a5d01708,0x00000000ac400000)
 Metaspace       used 70304K, capacity 73748K, committed 73944K, reserved 1114112K
  class space    used 8923K, capacity 9418K, committed 9472K, reserved 1048576K
GC Heap History (10 events):
Event: 2148.067 GC heap before
{Heap before GC invocations=24 (full 3):
 PSYoungGen      total 397824K, used 397815K [0x00000000e0000000, 0x00000000fd980000, 0x0000000100000000)
  eden space 352768K, 100% used [0x00000000e0000000,0x00000000f5880000,0x00000000f5880000)
  from space 45056K, 99% used [0x00000000f8f80000,0x00000000fbb7ddc0,0x00000000fbb80000)
  to   space 56320K, 0% used [0x00000000f5880000,0x00000000f5880000,0x00000000f8f80000)
 ParOldGen       total 200704K, used 80878K [0x00000000a0000000, 0x00000000ac400000, 0x00000000e0000000)
  object space 200704K, 40% used [0x00000000a0000000,0x00000000a4efbb78,0x00000000ac400000)
 Metaspace       used 68301K, capacity 71050K, committed 71128K, reserved 1112064K
  class space    used 8720K, capacity 9153K, committed 9216K, reserved 1048576K
Event: 2148.124 GC heap after
Heap after GC invocations=24 (full 3):
 PSYoungGen      total 388096K, used 47660K [0x00000000e0000000, 0x00000000fc300000, 0x0000000100000000)
  eden space 339968K, 0% used [0x00000000e0000000,0x00000000e0000000,0x00000000f4c00000)
  from space 48128K, 99% used [0x00000000f5880000,0x00000000f870b3a0,0x00000000f8780000)
  to   space 60928K, 0% used [0x00000000f8780000,0x00000000f8780000,0x00000000fc300000)
 ParOldGen       total 200704K, used 95221K [0x00000000a0000000, 0x00000000ac400000, 0x00000000e0000000)
  object space 200704K, 47% used [0x00000000a0000000,0x00000000a5cfd708,0x00000000ac400000)
 Metaspace       used 68301K, capacity 71050K, committed 71128K, reserved 1112064K
  class space    used 8720K, capacity 9153K, committed 9216K, reserved 1048576K
}
Event: 2149.384 GC heap before
{Heap before GC invocations=25 (full 3):
 PSYoungGen      total 388096K, used 385973K [0x00000000e0000000, 0x00000000fc300000, 0x0000000100000000)
  eden space 339968K, 99% used [0x00000000e0000000,0x00000000f4a622b8,0x00000000f4c00000)
  from space 48128K, 99% used [0x00000000f5880000,0x00000000f870b3a0,0x00000000f8780000)
  to   space 60928K, 0% used [0x00000000f8780000,0x00000000f8780000,0x00000000fc300000)
 ParOldGen       total 200704K, used 95221K [0x00000000a0000000, 0x00000000ac400000, 0x00000000e0000000)
  object space 200704K, 47% used [0x00000000a0000000,0x00000000a5cfd708,0x00000000ac400000)
 Metaspace       used 68400K, capacity 71252K, committed 71384K, reserved 1112064K
  class space    used 8720K, capacity 9154K, committed 9216K, reserved 1048576K
Event: 2149.405 GC heap after
Heap after GC invocations=25 (full 3):
 PSYoungGen      total 401408K, used 34654K [0x00000000e0000000, 0x00000000fe200000, 0x0000000100000000)
  eden space 340480K, 0% used [0x00000000e0000000,0x00000000e0000000,0x00000000f4c80000)
  from space 60928K, 56% used [0x00000000f8780000,0x00000000fa9578a0,0x00000000fc300000)
  to   space 60416K, 0% used [0x00000000f4c80000,0x00000000f4c80000,0x00000000f8780000)
 ParOldGen       total 200704K, used 95221K [0x00000000a0000000, 0x00000000ac400000, 0x00000000e0000000)
  object space 200704K, 47% used [0x00000000a0000000,0x00000000a5cfd708,0x00000000ac400000)
 Metaspace       used 68400K, capacity 71252K, committed 71384K, reserved 1112064K
  class space    used 8720K, capacity 9154K, committed 9216K, reserved 1048576K
}
Event: 2588.784 GC heap before
{Heap before GC invocations=26 (full 3):
 PSYoungGen      total 401408K, used 375134K [0x00000000e0000000, 0x00000000fe200000, 0x0000000100000000)
  eden space 340480K, 100% used [0x00000000e0000000,0x00000000f4c80000,0x00000000f4c80000)
  from space 60928K, 56% used [0x00000000f8780000,0x00000000fa9578a0,0x00000000fc300000)
  to   space 60416K, 0% used [0x00000000f4c80000,0x00000000f4c80000,0x00000000f8780000)
 ParOldGen       total 200704K, used 95221K [0x00000000a0000000, 0x00000000ac400000, 0x00000000e0000000)
  object space 200704K, 47% used [0x00000000a0000000,0x00000000a5cfd708,0x00000000ac400000)
 Metaspace       used 69991K, capacity 73332K, committed 73432K, reserved 1114112K
  class space    used 8899K, capacity 9380K, committed 9472K, reserved 1048576K
Event: 2588.804 GC heap after
Heap after GC invocations=26 (full 3):
 PSYoungGen      total 355840K, used 27283K [0x00000000e0000000, 0x00000000fb080000, 0x0000000100000000)
  eden space 328192K, 0% used [0x00000000e0000000,0x00000000e0000000,0x00000000f4080000)
  from space 27648K, 98% used [0x00000000f4c80000,0x00000000f6724c08,0x00000000f6780000)
  to   space 57344K, 0% used [0x00000000f7880000,0x00000000f7880000,0x00000000fb080000)
 ParOldGen       total 200704K, used 95229K [0x00000000a0000000, 0x00000000ac400000, 0x00000000e0000000)
  object space 200704K, 47% used [0x00000000a0000000,0x00000000a5cff708,0x00000000ac400000)
 Metaspace       used 69991K, capacity 73332K, committed 73432K, reserved 1114112K
  class space    used 8899K, capacity 9380K, committed 9472K, reserved 1048576K
}
Event: 2590.041 GC heap before
{Heap before GC invocations=27 (full 3):
 PSYoungGen      total 355840K, used 355475K [0x00000000e0000000, 0x00000000fb080000, 0x0000000100000000)
  eden space 328192K, 100% used [0x00000000e0000000,0x00000000f4080000,0x00000000f4080000)
  from space 27648K, 98% used [0x00000000f4c80000,0x00000000f6724c08,0x00000000f6780000)
  to   space 57344K, 0% used [0x00000000f7880000,0x00000000f7880000,0x00000000fb080000)
 ParOldGen       total 200704K, used 95229K [0x00000000a0000000, 0x00000000ac400000, 0x00000000e0000000)
  object space 200704K, 47% used [0x00000000a0000000,0x00000000a5cff708,0x00000000ac400000)
 Metaspace       used 70043K, capacity 73402K, committed 73688K, reserved 1114112K
  class space    used 8899K, capacity 9381K, committed 9472K, reserved 1048576K
Event: 2590.069 GC heap after
Heap after GC invocations=27 (full 3):
 PSYoungGen      total 382464K, used 44449K [0x00000000e0000000, 0x00000000fd680000, 0x0000000100000000)
  eden space 325120K, 0% used [0x00000000e0000000,0x00000000e0000000,0x00000000f3d80000)
  from space 57344K, 77% used [0x00000000f7880000,0x00000000fa3e84d8,0x00000000fb080000)
  to   space 60416K, 0% used [0x00000000f3d80000,0x00000000f3d80000,0x00000000f7880000)
 ParOldGen       total 200704K, used 95229K [0x00000000a0000000, 0x00000000ac400000, 0x00000000e0000000)
  object space 200704K, 47% used [0x00000000a0000000,0x00000000a5cff708,0x00000000ac400000)
 Metaspace       used 70043K, capacity 73402K, committed 73688K, reserved 1114112K
  class space    used 8899K, capacity 9381K, committed 9472K, reserved 1048576K
}
Event: 3136.977 GC heap before
{Heap before GC invocations=28 (full 3):
 PSYoungGen      total 382464K, used 369569K [0x00000000e0000000, 0x00000000fd680000, 0x0000000100000000)
  eden space 325120K, 100% used [0x00000000e0000000,0x00000000f3d80000,0x00000000f3d80000)
  from space 57344K, 77% used [0x00000000f7880000,0x00000000fa3e84d8,0x00000000fb080000)
  to   space 60416K, 0% used [0x00000000f3d80000,0x00000000f3d80000,0x00000000f7880000)
 ParOldGen       total 200704K, used 95229K [0x00000000a0000000, 0x00000000ac400000, 0x00000000e0000000)
  object space 200704K, 47% used [0x00000000a0000000,0x00000000a5cff708,0x00000000ac400000)
 Metaspace       used 70272K, capacity 73724K, committed 73944K, reserved 1114112K
  class space    used 8921K, capacity 9414K, committed 9472K, reserved 1048576K
Event: 3137.012 GC heap after
Heap after GC invocations=28 (full 3):
 PSYoungGen      total 342528K, used 28338K [0x00000000e0000000, 0x00000000fa380000, 0x0000000100000000)
  eden space 313856K, 0% used [0x00000000e0000000,0x00000000e0000000,0x00000000f3280000)
  from space 28672K, 98% used [0x00000000f3d80000,0x00000000f592cb20,0x00000000f5980000)
  to   space 57856K, 0% used [0x00000000f6b00000,0x00000000f6b00000,0x00000000fa380000)
 ParOldGen       total 200704K, used 95237K [0x00000000a0000000, 0x00000000ac400000, 0x00000000e0000000)
  object space 200704K, 47% used [0x00000000a0000000,0x00000000a5d01708,0x00000000ac400000)
 Metaspace       used 70272K, capacity 73724K, committed 73944K, reserved 1114112K
  class space    used 8921K, capacity 9414K, committed 9472K, reserved 1048576K
}

