# JRE version: Java(TM) SE Runtime Environment (8.0_121-b13) (build 1.8.0_121-b13)
# Java VM: Java HotSpot(TM) 64-Bit Server VM (25.121-b13 mixed mode linux-amd64 compressed oops)
Heap:
 PSYoungGen      total 300032K, used 33789K [0x00000000e0000000, 0x00000000f9c00000, 0x0000000100000000)
  eden space 266240K, 0% used [0x00000000e0000000,0x00000000e0000000,0x00000000f0400000)
  from space 33792K, 99% used [0x00000000f3300000,0x00000000f53ff6e8,0x00000000f5400000)
  to   space 48128K, 0% used [0x00000000f0400000,0x00000000f0400000,0x00000000f3300000)
 ParOldGen       total 108544K, used 98425K [0x00000000a0000000, 0x00000000a6a00000, 0x00000000e0000000)
  object space 108544K, 90% used [0x00000000a0000000,0x00000000a601e718,0x00000000a6a00000)
 Metaspace       used 86966K, capacity 91988K, committed 92288K, reserved 1130496K
  class space    used 11073K, capacity 11848K, committed 11904K, reserved 1048576K
GC Heap History (10 events):
Event: 2441.729 GC heap after
Heap after GC invocations=44 (full 4):
 PSYoungGen      total 282112K, used 13208K [0x00000000e0000000, 0x00000000f6b00000, 0x0000000100000000)
  eden space 268800K, 0% used [0x00000000e0000000,0x00000000e0000000,0x00000000f0680000)
  from space 13312K, 99% used [0x00000000f5e00000,0x00000000f6ae60c0,0x00000000f6b00000)
  to   space 27136K, 0% used [0x00000000f3600000,0x00000000f3600000,0x00000000f5080000)
 ParOldGen       total 108544K, used 61872K [0x00000000a0000000, 0x00000000a6a00000, 0x00000000e0000000)
  object space 108544K, 57% used [0x00000000a0000000,0x00000000a3c6c048,0x00000000a6a00000)
 Metaspace       used 75776K, capacity 79790K, committed 80000K, reserved 1118208K
  class space    used 9635K, capacity 10257K, committed 10368K, reserved 1048576K
}
Event: 2448.517 GC heap before
{Heap before GC invocations=45 (full 4):
 PSYoungGen      total 282112K, used 282008K [0x00000000e0000000, 0x00000000f6b00000, 0x0000000100000000)
  eden space 268800K, 100% used [0x00000000e0000000,0x00000000f0680000,0x00000000f0680000)
  from space 13312K, 99% used [0x00000000f5e00000,0x00000000f6ae60c0,0x00000000f6b00000)
  to   space 27136K, 0% used [0x00000000f3600000,0x00000000f3600000,0x00000000f5080000)
 ParOldGen       total 108544K, used 61872K [0x00000000a0000000, 0x00000000a6a00000, 0x00000000e0000000)
  object space 108544K, 57% used [0x00000000a0000000,0x00000000a3c6c048,0x00000000a6a00000)
 Metaspace       used 82161K, capacity 86918K, committed 87168K, reserved 1124352K
  class space    used 10583K, capacity 11301K, committed 11392K, reserved 1048576K
Event: 2448.547 GC heap after
Heap after GC invocations=45 (full 4):
 PSYoungGen      total 284672K, used 27122K [0x00000000e0000000, 0x00000000f5e80000, 0x0000000100000000)
  eden space 257536K, 0% used [0x00000000e0000000,0x00000000e0000000,0x00000000efb80000)
  from space 27136K, 99% used [0x00000000f3600000,0x00000000f507caa0,0x00000000f5080000)
  to   space 14336K, 0% used [0x00000000f5080000,0x00000000f5080000,0x00000000f5e80000)
 ParOldGen       total 108544K, used 64051K [0x00000000a0000000, 0x00000000a6a00000, 0x00000000e0000000)
  object space 108544K, 59% used [0x00000000a0000000,0x00000000a3e8cf38,0x00000000a6a00000)
 Metaspace       used 82161K, capacity 86918K, committed 87168K, reserved 1124352K
  class space    used 10583K, capacity 11301K, committed 11392K, reserved 1048576K
}
Event: 2450.772 GC heap before
{Heap before GC invocations=46 (full 4):
 PSYoungGen      total 284672K, used 284400K [0x00000000e0000000, 0x00000000f5e80000, 0x0000000100000000)
  eden space 257536K, 99% used [0x00000000e0000000,0x00000000efb3f6b8,0x00000000efb80000)
  from space 27136K, 99% used [0x00000000f3600000,0x00000000f507caa0,0x00000000f5080000)
  to   space 14336K, 0% used [0x00000000f5080000,0x00000000f5080000,0x00000000f5e80000)
 ParOldGen       total 108544K, used 64051K [0x00000000a0000000, 0x00000000a6a00000, 0x00000000e0000000)
  object space 108544K, 59% used [0x00000000a0000000,0x00000000a3e8cf38,0x00000000a6a00000)
 Metaspace       used 83105K, capacity 88002K, committed 88320K, reserved 1126400K
  class space    used 10712K, capacity 11445K, committed 11520K, reserved 1048576K
Event: 2450.796 GC heap after
Heap after GC invocations=46 (full 4):
 PSYoungGen      total 261120K, used 14336K [0x00000000e0000000, 0x00000000f5e80000, 0x0000000100000000)
  eden space 246784K, 0% used [0x00000000e0000000,0x00000000e0000000,0x00000000ef100000)
  from space 14336K, 100% used [0x00000000f5080000,0x00000000f5e80000,0x00000000f5e80000)
  to   space 34304K, 0% used [0x00000000f1b80000,0x00000000f1b80000,0x00000000f3d00000)
 ParOldGen       total 108544K, used 73085K [0x00000000a0000000, 0x00000000a6a00000, 0x00000000e0000000)
  object space 108544K, 67% used [0x00000000a0000000,0x00000000a475f7c0,0x00000000a6a00000)
 Metaspace       used 83105K, capacity 88002K, committed 88320K, reserved 1126400K
  class space    used 10712K, capacity 11445K, committed 11520K, reserved 1048576K
}
Event: 2451.936 GC heap before
{Heap before GC invocations=47 (full 4):
 PSYoungGen      total 261120K, used 261120K [0x00000000e0000000, 0x00000000f5e80000, 0x0000000100000000)
  eden space 246784K, 100% used [0x00000000e0000000,0x00000000ef100000,0x00000000ef100000)
  from space 14336K, 100% used [0x00000000f5080000,0x00000000f5e80000,0x00000000f5e80000)
  to   space 34304K, 0% used [0x00000000f1b80000,0x00000000f1b80000,0x00000000f3d00000)
 ParOldGen       total 108544K, used 73085K [0x00000000a0000000, 0x00000000a6a00000, 0x00000000e0000000)
  object space 108544K, 67% used [0x00000000a0000000,0x00000000a475f7c0,0x00000000a6a00000)
 Metaspace       used 84437K, capacity 89422K, committed 89472K, reserved 1126400K
  class space    used 10846K, capacity 11617K, committed 11648K, reserved 1048576K
Event: 2451.972 GC heap after
Heap after GC invocations=47 (full 4):
 PSYoungGen      total 299008K, used 18018K [0x00000000e0000000, 0x00000000f5400000, 0x0000000100000000)
  eden space 280576K, 0% used [0x00000000e0000000,0x00000000e0000000,0x00000000f1200000)
  from space 18432K, 97% used [0x00000000f1b80000,0x00000000f2d18b18,0x00000000f2d80000)
  to   space 33792K, 0% used [0x00000000f3300000,0x00000000f3300000,0x00000000f5400000)
 ParOldGen       total 108544K, used 73669K [0x00000000a0000000, 0x00000000a6a00000, 0x00000000e0000000)
  object space 108544K, 67% used [0x00000000a0000000,0x00000000a47f17e0,0x00000000a6a00000)
 Metaspace       used 84437K, capacity 89422K, committed 89472K, reserved 1126400K
  class space    used 10846K, capacity 11617K, committed 11648K, reserved 1048576K
}
Event: 2454.031 GC heap before
{Heap before GC invocations=48 (full 4):
 PSYoungGen      total 299008K, used 298594K [0x00000000e0000000, 0x00000000f5400000, 0x0000000100000000)
  eden space 280576K, 100% used [0x00000000e0000000,0x00000000f1200000,0x00000000f1200000)
  from space 18432K, 97% used [0x00000000f1b80000,0x00000000f2d18b18,0x00000000f2d80000)
  to   space 33792K, 0% used [0x00000000f3300000,0x00000000f3300000,0x00000000f5400000)
 ParOldGen       total 108544K, used 73669K [0x00000000a0000000, 0x00000000a6a00000, 0x00000000e0000000)
  object space 108544K, 67% used [0x00000000a0000000,0x00000000a47f17e0,0x00000000a6a00000)
 Metaspace       used 86966K, capacity 91988K, committed 92288K, reserved 1130496K
  class space    used 11073K, capacity 11848K, committed 11904K, reserved 1048576K
Event: 2454.114 GC heap after
Heap after GC invocations=48 (full 4):
 PSYoungGen      total 300032K, used 33789K [0x00000000e0000000, 0x00000000f9c00000, 0x0000000100000000)
  eden space 266240K, 0% used [0x00000000e0000000,0x00000000e0000000,0x00000000f0400000)
  from space 33792K, 99% used [0x00000000f3300000,0x00000000f53ff6e8,0x00000000f5400000)
  to   space 48128K, 0% used [0x00000000f0400000,0x00000000f0400000,0x00000000f3300000)
 ParOldGen       total 108544K, used 98425K [0x00000000a0000000, 0x00000000a6a00000, 0x00000000e0000000)
  object space 108544K, 90% used [0x00000000a0000000,0x00000000a601e718,0x00000000a6a00000)
 Metaspace       used 86966K, capacity 91988K, committed 92288K, reserved 1130496K
  class space    used 11073K, capacity 11848K, committed 11904K, reserved 1048576K
}
Event: 2454.114 GC heap before
{Heap before GC invocations=49 (full 5):
 PSYoungGen      total 300032K, used 33789K [0x00000000e0000000, 0x00000000f9c00000, 0x0000000100000000)
  eden space 266240K, 0% used [0x00000000e0000000,0x00000000e0000000,0x00000000f0400000)
  from space 33792K, 99% used [0x00000000f3300000,0x00000000f53ff6e8,0x00000000f5400000)
  to   space 48128K, 0% used [0x00000000f0400000,0x00000000f0400000,0x00000000f3300000)
 ParOldGen       total 108544K, used 98425K [0x00000000a0000000, 0x00000000a6a00000, 0x00000000e0000000)
  object space 108544K, 90% used [0x00000000a0000000,0x00000000a601e718,0x00000000a6a00000)
 Metaspace       used 86966K, capacity 91988K, committed 92288K, reserved 1130496K
  class space    used 11073K, capacity 11848K, committed 11904K, reserved 1048576K

