# JRE version: Java(TM) SE Runtime Environment (8.0_121-b13) (build 1.8.0_121-b13)
# Java VM: Java HotSpot(TM) 64-Bit Server VM (25.121-b13 mixed mode linux-amd64 compressed oops)
Heap:
 PSYoungGen      total 255488K, used 241250K [0x00000000e0000000, 0x00000000f3980000, 0x0000000100000000)
  eden space 228864K, 100% used [0x00000000e0000000,0x00000000edf80000,0x00000000edf80000)
  from space 26624K, 46% used [0x00000000edf80000,0x00000000eeb98bb0,0x00000000ef980000)
  to   space 25600K, 55% used [0x00000000f2080000,0x00000000f2e50ec8,0x00000000f3980000)
 ParOldGen       total 186880K, used 48913K [0x00000000a0000000, 0x00000000ab680000, 0x00000000e0000000)
  object space 186880K, 26% used [0x00000000a0000000,0x00000000a2fc4668,0x00000000ab680000)
 Metaspace       used 59388K, capacity 62288K, committed 62424K, reserved 1103872K
  class space    used 8053K, capacity 8651K, committed 8704K, reserved 1048576K
GC Heap History (10 events):
Event: 13.336 GC heap after
Heap after GC invocations=12 (full 2):
 PSYoungGen      total 212992K, used 19911K [0x00000000e0000000, 0x00000000eed00000, 0x0000000100000000)
  eden space 189440K, 0% used [0x00000000e0000000,0x00000000e0000000,0x00000000eb900000)
  from space 23552K, 84% used [0x00000000ed200000,0x00000000ee571d68,0x00000000ee900000)
  to   space 25600K, 0% used [0x00000000eb900000,0x00000000eb900000,0x00000000ed200000)
 ParOldGen       total 119808K, used 39838K [0x00000000a0000000, 0x00000000a7500000, 0x00000000e0000000)
  object space 119808K, 33% used [0x00000000a0000000,0x00000000a26e7818,0x00000000a7500000)
 Metaspace       used 54702K, capacity 57088K, committed 57304K, reserved 1097728K
  class space    used 7567K, capacity 8151K, committed 8192K, reserved 1048576K
}
Event: 14.471 GC heap before
{Heap before GC invocations=13 (full 2):
 PSYoungGen      total 212992K, used 65696K [0x00000000e0000000, 0x00000000eed00000, 0x0000000100000000)
  eden space 189440K, 24% used [0x00000000e0000000,0x00000000e2cb65d8,0x00000000eb900000)
  from space 23552K, 84% used [0x00000000ed200000,0x00000000ee571d68,0x00000000ee900000)
  to   space 25600K, 0% used [0x00000000eb900000,0x00000000eb900000,0x00000000ed200000)
 ParOldGen       total 119808K, used 39838K [0x00000000a0000000, 0x00000000a7500000, 0x00000000e0000000)
  object space 119808K, 33% used [0x00000000a0000000,0x00000000a26e7818,0x00000000a7500000)
 Metaspace       used 56581K, capacity 58926K, committed 59028K, reserved 1099776K
  class space    used 7828K, capacity 8374K, committed 8448K, reserved 1048576K
Event: 14.510 GC heap after
Heap after GC invocations=13 (full 2):
 PSYoungGen      total 215040K, used 22325K [0x00000000e0000000, 0x00000000f1c80000, 0x0000000100000000)
  eden space 189440K, 0% used [0x00000000e0000000,0x00000000e0000000,0x00000000eb900000)
  from space 25600K, 87% used [0x00000000eb900000,0x00000000ececd418,0x00000000ed200000)
  to   space 27648K, 0% used [0x00000000f0180000,0x00000000f0180000,0x00000000f1c80000)
 ParOldGen       total 119808K, used 39846K [0x00000000a0000000, 0x00000000a7500000, 0x00000000e0000000)
  object space 119808K, 33% used [0x00000000a0000000,0x00000000a26e9818,0x00000000a7500000)
 Metaspace       used 56581K, capacity 58926K, committed 59028K, reserved 1099776K
  class space    used 7828K, capacity 8374K, committed 8448K, reserved 1048576K
}
Event: 14.510 GC heap before
{Heap before GC invocations=14 (full 3):
 PSYoungGen      total 215040K, used 22325K [0x00000000e0000000, 0x00000000f1c80000, 0x0000000100000000)
  eden space 189440K, 0% used [0x00000000e0000000,0x00000000e0000000,0x00000000eb900000)
  from space 25600K, 87% used [0x00000000eb900000,0x00000000ececd418,0x00000000ed200000)
  to   space 27648K, 0% used [0x00000000f0180000,0x00000000f0180000,0x00000000f1c80000)
 ParOldGen       total 119808K, used 39846K [0x00000000a0000000, 0x00000000a7500000, 0x00000000e0000000)
  object space 119808K, 33% used [0x00000000a0000000,0x00000000a26e9818,0x00000000a7500000)
 Metaspace       used 56581K, capacity 58926K, committed 59028K, reserved 1099776K
  class space    used 7828K, capacity 8374K, committed 8448K, reserved 1048576K
Event: 14.803 GC heap after
Heap after GC invocations=14 (full 3):
 PSYoungGen      total 215040K, used 0K [0x00000000e0000000, 0x00000000f1c80000, 0x0000000100000000)
  eden space 189440K, 0% used [0x00000000e0000000,0x00000000e0000000,0x00000000eb900000)
  from space 25600K, 0% used [0x00000000eb900000,0x00000000eb900000,0x00000000ed200000)
  to   space 27648K, 0% used [0x00000000f0180000,0x00000000f0180000,0x00000000f1c80000)
 ParOldGen       total 186880K, used 48889K [0x00000000a0000000, 0x00000000ab680000, 0x00000000e0000000)
  object space 186880K, 26% used [0x00000000a0000000,0x00000000a2fbe668,0x00000000ab680000)
 Metaspace       used 56581K, capacity 58926K, committed 59028K, reserved 1099776K
  class space    used 7828K, capacity 8374K, committed 8448K, reserved 1048576K
}
Event: 49.782 GC heap before
{Heap before GC invocations=15 (full 3):
 PSYoungGen      total 215040K, used 189440K [0x00000000e0000000, 0x00000000f1c80000, 0x0000000100000000)
  eden space 189440K, 100% used [0x00000000e0000000,0x00000000eb900000,0x00000000eb900000)
  from space 25600K, 0% used [0x00000000eb900000,0x00000000eb900000,0x00000000ed200000)
  to   space 27648K, 0% used [0x00000000f0180000,0x00000000f0180000,0x00000000f1c80000)
 ParOldGen       total 186880K, used 48889K [0x00000000a0000000, 0x00000000ab680000, 0x00000000e0000000)
  object space 186880K, 26% used [0x00000000a0000000,0x00000000a2fbe668,0x00000000ab680000)
 Metaspace       used 57600K, capacity 60166K, committed 60248K, reserved 1101824K
  class space    used 7905K, capacity 8494K, committed 8576K, reserved 1048576K
Event: 49.817 GC heap after
Heap after GC invocations=15 (full 3):
 PSYoungGen      total 247296K, used 10528K [0x00000000e0000000, 0x00000000f1380000, 0x0000000100000000)
  eden space 228864K, 0% used [0x00000000e0000000,0x00000000e0000000,0x00000000edf80000)
  from space 18432K, 57% used [0x00000000f0180000,0x00000000f0bc8040,0x00000000f1380000)
  to   space 26624K, 0% used [0x00000000edf80000,0x00000000edf80000,0x00000000ef980000)
 ParOldGen       total 186880K, used 48897K [0x00000000a0000000, 0x00000000ab680000, 0x00000000e0000000)
  object space 186880K, 26% used [0x00000000a0000000,0x00000000a2fc0668,0x00000000ab680000)
 Metaspace       used 57600K, capacity 60166K, committed 60248K, reserved 1101824K
  class space    used 7905K, capacity 8494K, committed 8576K, reserved 1048576K
}
Event: 59.772 GC heap before
{Heap before GC invocations=16 (full 3):
 PSYoungGen      total 247296K, used 239392K [0x00000000e0000000, 0x00000000f1380000, 0x0000000100000000)
  eden space 228864K, 100% used [0x00000000e0000000,0x00000000edf80000,0x00000000edf80000)
  from space 18432K, 57% used [0x00000000f0180000,0x00000000f0bc8040,0x00000000f1380000)
  to   space 26624K, 0% used [0x00000000edf80000,0x00000000edf80000,0x00000000ef980000)
 ParOldGen       total 186880K, used 48897K [0x00000000a0000000, 0x00000000ab680000, 0x00000000e0000000)
  object space 186880K, 26% used [0x00000000a0000000,0x00000000a2fc0668,0x00000000ab680000)
 Metaspace       used 59096K, capacity 61920K, committed 62168K, reserved 1103872K
  class space    used 8037K, capacity 8631K, committed 8704K, reserved 1048576K
Event: 59.803 GC heap after
Heap after GC invocations=16 (full 3):
 PSYoungGen      total 255488K, used 12386K [0x00000000e0000000, 0x00000000f3980000, 0x0000000100000000)
  eden space 228864K, 0% used [0x00000000e0000000,0x00000000e0000000,0x00000000edf80000)
  from space 26624K, 46% used [0x00000000edf80000,0x00000000eeb98bb0,0x00000000ef980000)
  to   space 25600K, 0% used [0x00000000f2080000,0x00000000f2080000,0x00000000f3980000)
 ParOldGen       total 186880K, used 48905K [0x00000000a0000000, 0x00000000ab680000, 0x00000000e0000000)
  object space 186880K, 26% used [0x00000000a0000000,0x00000000a2fc2668,0x00000000ab680000)
 Metaspace       used 59096K, capacity 61920K, committed 62168K, reserved 1103872K
  class space    used 8037K, capacity 8631K, committed 8704K, reserved 1048576K
}
Event: 63.384 GC heap before
{Heap before GC invocations=17 (full 3):
 PSYoungGen      total 255488K, used 241250K [0x00000000e0000000, 0x00000000f3980000, 0x0000000100000000)
  eden space 228864K, 100% used [0x00000000e0000000,0x00000000edf80000,0x00000000edf80000)
  from space 26624K, 46% used [0x00000000edf80000,0x00000000eeb98bb0,0x00000000ef980000)
  to   space 25600K, 0% used [0x00000000f2080000,0x00000000f2080000,0x00000000f3980000)
 ParOldGen       total 186880K, used 48905K [0x00000000a0000000, 0x00000000ab680000, 0x00000000e0000000)
  object space 186880K, 26% used [0x00000000a0000000,0x00000000a2fc2668,0x00000000ab680000)
 Metaspace       used 59388K, capacity 62288K, committed 62424K, reserved 1103872K
  class space    used 8053K, capacity 8651K, committed 8704K, reserved 1048576K

