# JRE version: Java(TM) SE Runtime Environment (8.0_121-b13) (build 1.8.0_121-b13)
# Java VM: Java HotSpot(TM) 64-Bit Server VM (25.121-b13 mixed mode linux-amd64 compressed oops)
Heap:
 PSYoungGen      total 102400K, used 102384K [0x00000000e0000000, 0x00000000e8e00000, 0x0000000100000000)
  eden space 91136K, 100% used [0x00000000e0000000,0x00000000e5900000,0x00000000e5900000)
  from space 11264K, 99% used [0x00000000e5900000,0x00000000e63fc0d8,0x00000000e6400000)
  to   space 12800K, 92% used [0x00000000e8180000,0x00000000e8d0cc90,0x00000000e8e00000)
 ParOldGen       total 92160K, used 16354K [0x00000000a0000000, 0x00000000a5a00000, 0x00000000e0000000)
  object space 92160K, 17% used [0x00000000a0000000,0x00000000a0ff8920,0x00000000a5a00000)
 Metaspace       used 49132K, capacity 50732K, committed 51032K, reserved 1093632K
  class space    used 6861K, capacity 7255K, committed 7296K, reserved 1048576K
GC Heap History (10 events):
Event: 12.010 GC heap before
{Heap before GC invocations=9 (full 1):
 PSYoungGen      total 56320K, used 52820K [0x00000000e0000000, 0x00000000e5700000, 0x0000000100000000)
  eden space 46080K, 100% used [0x00000000e0000000,0x00000000e2d00000,0x00000000e2d00000)
  from space 10240K, 65% used [0x00000000e2d00000,0x00000000e3395028,0x00000000e3700000)
  to   space 10240K, 0% used [0x00000000e4d00000,0x00000000e4d00000,0x00000000e5700000)
 ParOldGen       total 65536K, used 9414K [0x00000000a0000000, 0x00000000a4000000, 0x00000000e0000000)
  object space 65536K, 14% used [0x00000000a0000000,0x00000000a0931820,0x00000000a4000000)
 Metaspace       used 32420K, capacity 33166K, committed 33408K, reserved 1077248K
  class space    used 4505K, capacity 4712K, committed 4736K, reserved 1048576K
Event: 12.022 GC heap after
Heap after GC invocations=9 (full 1):
 PSYoungGen      total 76800K, used 8636K [0x00000000e0000000, 0x00000000e5680000, 0x0000000100000000)
  eden space 67072K, 0% used [0x00000000e0000000,0x00000000e0000000,0x00000000e4180000)
  from space 9728K, 88% used [0x00000000e4d00000,0x00000000e556f1d0,0x00000000e5680000)
  to   space 10752K, 0% used [0x00000000e4180000,0x00000000e4180000,0x00000000e4c00000)
 ParOldGen       total 65536K, used 9486K [0x00000000a0000000, 0x00000000a4000000, 0x00000000e0000000)
  object space 65536K, 14% used [0x00000000a0000000,0x00000000a0943830,0x00000000a4000000)
 Metaspace       used 32420K, capacity 33166K, committed 33408K, reserved 1077248K
  class space    used 4505K, capacity 4712K, committed 4736K, reserved 1048576K
}
Event: 12.398 GC heap before
{Heap before GC invocations=10 (full 1):
 PSYoungGen      total 76800K, used 35140K [0x00000000e0000000, 0x00000000e5680000, 0x0000000100000000)
  eden space 67072K, 39% used [0x00000000e0000000,0x00000000e19e2068,0x00000000e4180000)
  from space 9728K, 88% used [0x00000000e4d00000,0x00000000e556f1d0,0x00000000e5680000)
  to   space 10752K, 0% used [0x00000000e4180000,0x00000000e4180000,0x00000000e4c00000)
 ParOldGen       total 65536K, used 9486K [0x00000000a0000000, 0x00000000a4000000, 0x00000000e0000000)
  object space 65536K, 14% used [0x00000000a0000000,0x00000000a0943830,0x00000000a4000000)
 Metaspace       used 34707K, capacity 35398K, committed 35416K, reserved 1079296K
  class space    used 4784K, capacity 4988K, committed 4992K, reserved 1048576K
Event: 12.416 GC heap after
Heap after GC invocations=10 (full 1):
 PSYoungGen      total 77824K, used 9508K [0x00000000e0000000, 0x00000000e7300000, 0x0000000100000000)
  eden space 67072K, 0% used [0x00000000e0000000,0x00000000e0000000,0x00000000e4180000)
  from space 10752K, 88% used [0x00000000e4180000,0x00000000e4ac90a8,0x00000000e4c00000)
  to   space 11776K, 0% used [0x00000000e6780000,0x00000000e6780000,0x00000000e7300000)
 ParOldGen       total 65536K, used 9494K [0x00000000a0000000, 0x00000000a4000000, 0x00000000e0000000)
  object space 65536K, 14% used [0x00000000a0000000,0x00000000a0945830,0x00000000a4000000)
 Metaspace       used 34707K, capacity 35398K, committed 35416K, reserved 1079296K
  class space    used 4784K, capacity 4988K, committed 4992K, reserved 1048576K
}
Event: 12.416 GC heap before
{Heap before GC invocations=11 (full 2):
 PSYoungGen      total 77824K, used 9508K [0x00000000e0000000, 0x00000000e7300000, 0x0000000100000000)
  eden space 67072K, 0% used [0x00000000e0000000,0x00000000e0000000,0x00000000e4180000)
  from space 10752K, 88% used [0x00000000e4180000,0x00000000e4ac90a8,0x00000000e4c00000)
  to   space 11776K, 0% used [0x00000000e6780000,0x00000000e6780000,0x00000000e7300000)
 ParOldGen       total 65536K, used 9494K [0x00000000a0000000, 0x00000000a4000000, 0x00000000e0000000)
  object space 65536K, 14% used [0x00000000a0000000,0x00000000a0945830,0x00000000a4000000)
 Metaspace       used 34707K, capacity 35398K, committed 35416K, reserved 1079296K
  class space    used 4784K, capacity 4988K, committed 4992K, reserved 1048576K
Event: 12.508 GC heap after
Heap after GC invocations=11 (full 2):
 PSYoungGen      total 77824K, used 0K [0x00000000e0000000, 0x00000000e7300000, 0x0000000100000000)
  eden space 67072K, 0% used [0x00000000e0000000,0x00000000e0000000,0x00000000e4180000)
  from space 10752K, 0% used [0x00000000e4180000,0x00000000e4180000,0x00000000e4c00000)
  to   space 11776K, 0% used [0x00000000e6780000,0x00000000e6780000,0x00000000e7300000)
 ParOldGen       total 92160K, used 15748K [0x00000000a0000000, 0x00000000a5a00000, 0x00000000e0000000)
  object space 92160K, 17% used [0x00000000a0000000,0x00000000a0f61240,0x00000000a5a00000)
 Metaspace       used 34707K, capacity 35398K, committed 35416K, reserved 1079296K
  class space    used 4784K, capacity 4988K, committed 4992K, reserved 1048576K
}
Event: 13.482 GC heap before
{Heap before GC invocations=12 (full 2):
 PSYoungGen      total 77824K, used 67072K [0x00000000e0000000, 0x00000000e7300000, 0x0000000100000000)
  eden space 67072K, 100% used [0x00000000e0000000,0x00000000e4180000,0x00000000e4180000)
  from space 10752K, 0% used [0x00000000e4180000,0x00000000e4180000,0x00000000e4c00000)
  to   space 11776K, 0% used [0x00000000e6780000,0x00000000e6780000,0x00000000e7300000)
 ParOldGen       total 92160K, used 15748K [0x00000000a0000000, 0x00000000a5a00000, 0x00000000e0000000)
  object space 92160K, 17% used [0x00000000a0000000,0x00000000a0f61240,0x00000000a5a00000)
 Metaspace       used 37900K, capacity 38768K, committed 39000K, reserved 1083392K
  class space    used 5209K, capacity 5436K, committed 5504K, reserved 1048576K
Event: 13.497 GC heap after
Heap after GC invocations=12 (full 2):
 PSYoungGen      total 98304K, used 7617K [0x00000000e0000000, 0x00000000e6f00000, 0x0000000100000000)
  eden space 90624K, 0% used [0x00000000e0000000,0x00000000e0000000,0x00000000e5880000)
  from space 7680K, 99% used [0x00000000e6780000,0x00000000e6ef0548,0x00000000e6f00000)
  to   space 11264K, 0% used [0x00000000e5900000,0x00000000e5900000,0x00000000e6400000)
 ParOldGen       total 92160K, used 15756K [0x00000000a0000000, 0x00000000a5a00000, 0x00000000e0000000)
  object space 92160K, 17% used [0x00000000a0000000,0x00000000a0f63240,0x00000000a5a00000)
 Metaspace       used 37900K, capacity 38768K, committed 39000K, reserved 1083392K
  class space    used 5209K, capacity 5436K, committed 5504K, reserved 1048576K
}
Event: 16.502 GC heap before
{Heap before GC invocations=13 (full 2):
 PSYoungGen      total 98304K, used 98241K [0x00000000e0000000, 0x00000000e6f00000, 0x0000000100000000)
  eden space 90624K, 100% used [0x00000000e0000000,0x00000000e5880000,0x00000000e5880000)
  from space 7680K, 99% used [0x00000000e6780000,0x00000000e6ef0548,0x00000000e6f00000)
  to   space 11264K, 0% used [0x00000000e5900000,0x00000000e5900000,0x00000000e6400000)
 ParOldGen       total 92160K, used 15756K [0x00000000a0000000, 0x00000000a5a00000, 0x00000000e0000000)
  object space 92160K, 17% used [0x00000000a0000000,0x00000000a0f63240,0x00000000a5a00000)
 Metaspace       used 44397K, capacity 45468K, committed 45784K, reserved 1089536K
  class space    used 6095K, capacity 6334K, committed 6400K, reserved 1048576K
Event: 16.519 GC heap after
Heap after GC invocations=13 (full 2):
 PSYoungGen      total 102400K, used 11248K [0x00000000e0000000, 0x00000000e8e00000, 0x0000000100000000)
  eden space 91136K, 0% used [0x00000000e0000000,0x00000000e0000000,0x00000000e5900000)
  from space 11264K, 99% used [0x00000000e5900000,0x00000000e63fc0d8,0x00000000e6400000)
  to   space 12800K, 0% used [0x00000000e8180000,0x00000000e8180000,0x00000000e8e00000)
 ParOldGen       total 92160K, used 16346K [0x00000000a0000000, 0x00000000a5a00000, 0x00000000e0000000)
  object space 92160K, 17% used [0x00000000a0000000,0x00000000a0ff6920,0x00000000a5a00000)
 Metaspace       used 44397K, capacity 45468K, committed 45784K, reserved 1089536K
  class space    used 6095K, capacity 6334K, committed 6400K, reserved 1048576K
}

