# JRE version: Java(TM) SE Runtime Environment (8.0_121-b13) (build 1.8.0_121-b13)
# Java VM: Java HotSpot(TM) 64-Bit Server VM (25.121-b13 mixed mode linux-amd64 compressed oops)
Heap:
 PSYoungGen      total 391168K, used 391141K [0x00000000e0000000, 0x00000000fd980000, 0x0000000100000000)
  eden space 359424K, 100% used [0x00000000e0000000,0x00000000f5f00000,0x00000000f5f00000)
  from space 31744K, 99% used [0x00000000f9100000,0x00000000faff9610,0x00000000fb000000)
  to   space 51200K, 71% used [0x00000000f5f00000,0x00000000f82c71d0,0x00000000f9100000)
 ParOldGen       total 167424K, used 108659K [0x00000000a0000000, 0x00000000aa380000, 0x00000000e0000000)
  object space 167424K, 64% used [0x00000000a0000000,0x00000000a6a1ccc0,0x00000000aa380000)
 Metaspace       used 71825K, capacity 75168K, committed 75224K, reserved 1114112K
  class space    used 9528K, capacity 10203K, committed 10240K, reserved 1048576K
GC Heap History (10 events):
Event: 48.712 GC heap after
Heap after GC invocations=17 (full 3):
 PSYoungGen      total 229888K, used 12777K [0x00000000e0000000, 0x00000000efd00000, 0x0000000100000000)
  eden space 207872K, 0% used [0x00000000e0000000,0x00000000e0000000,0x00000000ecb00000)
  from space 22016K, 58% used [0x00000000ee780000,0x00000000ef3fa718,0x00000000efd00000)
  to   space 25600K, 0% used [0x00000000ecb00000,0x00000000ecb00000,0x00000000ee400000)
 ParOldGen       total 167424K, used 49697K [0x00000000a0000000, 0x00000000aa380000, 0x00000000e0000000)
  object space 167424K, 29% used [0x00000000a0000000,0x00000000a30887f8,0x00000000aa380000)
 Metaspace       used 61025K, capacity 64030K, committed 64088K, reserved 1103872K
  class space    used 8427K, capacity 9065K, committed 9088K, reserved 1048576K
}
Event: 48.754 GC heap before
{Heap before GC invocations=18 (full 3):
 PSYoungGen      total 229888K, used 220334K [0x00000000e0000000, 0x00000000efd00000, 0x0000000100000000)
  eden space 207872K, 99% used [0x00000000e0000000,0x00000000ecab11a0,0x00000000ecb00000)
  from space 22016K, 58% used [0x00000000ee780000,0x00000000ef3fa718,0x00000000efd00000)
  to   space 25600K, 0% used [0x00000000ecb00000,0x00000000ecb00000,0x00000000ee400000)
 ParOldGen       total 167424K, used 49697K [0x00000000a0000000, 0x00000000aa380000, 0x00000000e0000000)
  object space 167424K, 29% used [0x00000000a0000000,0x00000000a30887f8,0x00000000aa380000)
 Metaspace       used 61031K, capacity 64030K, committed 64088K, reserved 1103872K
  class space    used 8427K, capacity 9065K, committed 9088K, reserved 1048576K
Event: 48.766 GC heap after
Heap after GC invocations=18 (full 3):
 PSYoungGen      total 233472K, used 10849K [0x00000000e0000000, 0x00000000f5a00000, 0x0000000100000000)
  eden space 207872K, 0% used [0x00000000e0000000,0x00000000e0000000,0x00000000ecb00000)
  from space 25600K, 42% used [0x00000000ecb00000,0x00000000ed5987d0,0x00000000ee400000)
  to   space 24576K, 0% used [0x00000000f4200000,0x00000000f4200000,0x00000000f5a00000)
 ParOldGen       total 167424K, used 49705K [0x00000000a0000000, 0x00000000aa380000, 0x00000000e0000000)
  object space 167424K, 29% used [0x00000000a0000000,0x00000000a308a7f8,0x00000000aa380000)
 Metaspace       used 61031K, capacity 64030K, committed 64088K, reserved 1103872K
  class space    used 8427K, capacity 9065K, committed 9088K, reserved 1048576K
}
Event: 1291.494 GC heap before
{Heap before GC invocations=19 (full 3):
 PSYoungGen      total 233472K, used 218721K [0x00000000e0000000, 0x00000000f5a00000, 0x0000000100000000)
  eden space 207872K, 100% used [0x00000000e0000000,0x00000000ecb00000,0x00000000ecb00000)
  from space 25600K, 42% used [0x00000000ecb00000,0x00000000ed5987d0,0x00000000ee400000)
  to   space 24576K, 0% used [0x00000000f4200000,0x00000000f4200000,0x00000000f5a00000)
 ParOldGen       total 167424K, used 49705K [0x00000000a0000000, 0x00000000aa380000, 0x00000000e0000000)
  object space 167424K, 29% used [0x00000000a0000000,0x00000000a308a7f8,0x00000000aa380000)
 Metaspace       used 61630K, capacity 64782K, committed 64984K, reserved 1105920K
  class space    used 8485K, capacity 9127K, committed 9216K, reserved 1048576K
Event: 1291.508 GC heap after
Heap after GC invocations=19 (full 3):
 PSYoungGen      total 315392K, used 6887K [0x00000000e0000000, 0x00000000f5300000, 0x0000000100000000)
  eden space 297984K, 0% used [0x00000000e0000000,0x00000000e0000000,0x00000000f2300000)
  from space 17408K, 39% used [0x00000000f4200000,0x00000000f48b9fe8,0x00000000f5300000)
  to   space 24576K, 0% used [0x00000000f2300000,0x00000000f2300000,0x00000000f3b00000)
 ParOldGen       total 167424K, used 49713K [0x00000000a0000000, 0x00000000aa380000, 0x00000000e0000000)
  object space 167424K, 29% used [0x00000000a0000000,0x00000000a308c7f8,0x00000000aa380000)
 Metaspace       used 61630K, capacity 64782K, committed 64984K, reserved 1105920K
  class space    used 8485K, capacity 9127K, committed 9216K, reserved 1048576K
}
Event: 1296.280 GC heap before
{Heap before GC invocations=20 (full 3):
 PSYoungGen      total 315392K, used 304871K [0x00000000e0000000, 0x00000000f5300000, 0x0000000100000000)
  eden space 297984K, 100% used [0x00000000e0000000,0x00000000f2300000,0x00000000f2300000)
  from space 17408K, 39% used [0x00000000f4200000,0x00000000f48b9fe8,0x00000000f5300000)
  to   space 24576K, 0% used [0x00000000f2300000,0x00000000f2300000,0x00000000f3b00000)
 ParOldGen       total 167424K, used 49713K [0x00000000a0000000, 0x00000000aa380000, 0x00000000e0000000)
  object space 167424K, 29% used [0x00000000a0000000,0x00000000a308c7f8,0x00000000aa380000)
 Metaspace       used 70828K, capacity 74046K, committed 74200K, reserved 1114112K
  class space    used 9480K, capacity 10134K, committed 10240K, reserved 1048576K
Event: 1296.340 GC heap after
Heap after GC invocations=20 (full 3):
 PSYoungGen      total 322560K, used 24552K [0x00000000e0000000, 0x00000000fb000000, 0x0000000100000000)
  eden space 297984K, 0% used [0x00000000e0000000,0x00000000e0000000,0x00000000f2300000)
  from space 24576K, 99% used [0x00000000f2300000,0x00000000f3afa368,0x00000000f3b00000)
  to   space 31744K, 0% used [0x00000000f9100000,0x00000000f9100000,0x00000000fb000000)
 ParOldGen       total 167424K, used 59621K [0x00000000a0000000, 0x00000000aa380000, 0x00000000e0000000)
  object space 167424K, 35% used [0x00000000a0000000,0x00000000a3a394e0,0x00000000aa380000)
 Metaspace       used 70828K, capacity 74046K, committed 74200K, reserved 1114112K
  class space    used 9480K, capacity 10134K, committed 10240K, reserved 1048576K
}
Event: 1298.284 GC heap before
{Heap before GC invocations=21 (full 3):
 PSYoungGen      total 322560K, used 322536K [0x00000000e0000000, 0x00000000fb000000, 0x0000000100000000)
  eden space 297984K, 100% used [0x00000000e0000000,0x00000000f2300000,0x00000000f2300000)
  from space 24576K, 99% used [0x00000000f2300000,0x00000000f3afa368,0x00000000f3b00000)
  to   space 31744K, 0% used [0x00000000f9100000,0x00000000f9100000,0x00000000fb000000)
 ParOldGen       total 167424K, used 59621K [0x00000000a0000000, 0x00000000aa380000, 0x00000000e0000000)
  object space 167424K, 35% used [0x00000000a0000000,0x00000000a3a394e0,0x00000000aa380000)
 Metaspace       used 71015K, capacity 74238K, committed 74456K, reserved 1114112K
  class space    used 9480K, capacity 10134K, committed 10240K, reserved 1048576K
Event: 1298.419 GC heap after
Heap after GC invocations=21 (full 3):
 PSYoungGen      total 391168K, used 31717K [0x00000000e0000000, 0x00000000fd980000, 0x0000000100000000)
  eden space 359424K, 0% used [0x00000000e0000000,0x00000000e0000000,0x00000000f5f00000)
  from space 31744K, 99% used [0x00000000f9100000,0x00000000faff9610,0x00000000fb000000)
  to   space 51200K, 0% used [0x00000000f5f00000,0x00000000f5f00000,0x00000000f9100000)
 ParOldGen       total 167424K, used 99093K [0x00000000a0000000, 0x00000000aa380000, 0x00000000e0000000)
  object space 167424K, 59% used [0x00000000a0000000,0x00000000a60c5780,0x00000000aa380000)
 Metaspace       used 71015K, capacity 74238K, committed 74456K, reserved 1114112K
  class space    used 9480K, capacity 10134K, committed 10240K, reserved 1048576K
}
Event: 1397.031 GC heap before
{Heap before GC invocations=22 (full 3):
 PSYoungGen      total 391168K, used 391141K [0x00000000e0000000, 0x00000000fd980000, 0x0000000100000000)
  eden space 359424K, 100% used [0x00000000e0000000,0x00000000f5f00000,0x00000000f5f00000)
  from space 31744K, 99% used [0x00000000f9100000,0x00000000faff9610,0x00000000fb000000)
  to   space 51200K, 0% used [0x00000000f5f00000,0x00000000f5f00000,0x00000000f9100000)
 ParOldGen       total 167424K, used 99093K [0x00000000a0000000, 0x00000000aa380000, 0x00000000e0000000)
  object space 167424K, 59% used [0x00000000a0000000,0x00000000a60c5780,0x00000000aa380000)
 Metaspace       used 71825K, capacity 75168K, committed 75224K, reserved 1114112K
  class space    used 9528K, capacity 10203K, committed 10240K, reserved 1048576K

