# JRE version: Java(TM) SE Runtime Environment (8.0_121-b13) (build 1.8.0_121-b13)
# Java VM: Java HotSpot(TM) 64-Bit Server VM (25.121-b13 mixed mode linux-amd64 compressed oops)
Heap:
 PSYoungGen      total 304128K, used 291225K [0x00000000e0000000, 0x00000000f8e00000, 0x0000000100000000)
  eden space 252928K, 100% used [0x00000000e0000000,0x00000000ef700000,0x00000000ef700000)
  from space 51200K, 74% used [0x00000000ef700000,0x00000000f1c66620,0x00000000f2900000)
  to   space 54272K, 57% used [0x00000000f5900000,0x00000000f77588d8,0x00000000f8e00000)
 ParOldGen       total 155136K, used 58114K [0x00000000a0000000, 0x00000000a9780000, 0x00000000e0000000)
  object space 155136K, 37% used [0x00000000a0000000,0x00000000a38c09e0,0x00000000a9780000)
 Metaspace       used 67401K, capacity 70388K, committed 70488K, reserved 1110016K
  class space    used 8909K, capacity 9559K, committed 9600K, reserved 1048576K
GC Heap History (10 events):
Event: 60.238 GC heap after
Heap after GC invocations=22 (full 3):
 PSYoungGen      total 233472K, used 34356K [0x00000000e0000000, 0x00000000f3280000, 0x0000000100000000)
  eden space 193536K, 0% used [0x00000000e0000000,0x00000000e0000000,0x00000000ebd00000)
  from space 39936K, 86% used [0x00000000ebd00000,0x00000000ede8d318,0x00000000ee400000)
  to   space 44032K, 0% used [0x00000000f0780000,0x00000000f0780000,0x00000000f3280000)
 ParOldGen       total 155136K, used 58082K [0x00000000a0000000, 0x00000000a9780000, 0x00000000e0000000)
  object space 155136K, 37% used [0x00000000a0000000,0x00000000a38b89e0,0x00000000a9780000)
 Metaspace       used 60888K, capacity 63692K, committed 63832K, reserved 1103872K
  class space    used 8218K, capacity 8825K, committed 8832K, reserved 1048576K
}
Event: 62.982 GC heap before
{Heap before GC invocations=23 (full 3):
 PSYoungGen      total 233472K, used 227892K [0x00000000e0000000, 0x00000000f3280000, 0x0000000100000000)
  eden space 193536K, 100% used [0x00000000e0000000,0x00000000ebd00000,0x00000000ebd00000)
  from space 39936K, 86% used [0x00000000ebd00000,0x00000000ede8d318,0x00000000ee400000)
  to   space 44032K, 0% used [0x00000000f0780000,0x00000000f0780000,0x00000000f3280000)
 ParOldGen       total 155136K, used 58082K [0x00000000a0000000, 0x00000000a9780000, 0x00000000e0000000)
  object space 155136K, 37% used [0x00000000a0000000,0x00000000a38b89e0,0x00000000a9780000)
 Metaspace       used 60922K, capacity 63698K, committed 63832K, reserved 1103872K
  class space    used 8219K, capacity 8826K, committed 8832K, reserved 1048576K
Event: 63.023 GC heap after
Heap after GC invocations=23 (full 3):
 PSYoungGen      total 263680K, used 40724K [0x00000000e0000000, 0x00000000f3f00000, 0x0000000100000000)
  eden space 219648K, 0% used [0x00000000e0000000,0x00000000e0000000,0x00000000ed680000)
  from space 44032K, 92% used [0x00000000f0780000,0x00000000f2f45260,0x00000000f3280000)
  to   space 50176K, 0% used [0x00000000ed680000,0x00000000ed680000,0x00000000f0780000)
 ParOldGen       total 155136K, used 58090K [0x00000000a0000000, 0x00000000a9780000, 0x00000000e0000000)
  object space 155136K, 37% used [0x00000000a0000000,0x00000000a38ba9e0,0x00000000a9780000)
 Metaspace       used 60922K, capacity 63698K, committed 63832K, reserved 1103872K
  class space    used 8219K, capacity 8826K, committed 8832K, reserved 1048576K
}
Event: 77.523 GC heap before
{Heap before GC invocations=24 (full 3):
 PSYoungGen      total 263680K, used 260372K [0x00000000e0000000, 0x00000000f3f00000, 0x0000000100000000)
  eden space 219648K, 100% used [0x00000000e0000000,0x00000000ed680000,0x00000000ed680000)
  from space 44032K, 92% used [0x00000000f0780000,0x00000000f2f45260,0x00000000f3280000)
  to   space 50176K, 0% used [0x00000000ed680000,0x00000000ed680000,0x00000000f0780000)
 ParOldGen       total 155136K, used 58090K [0x00000000a0000000, 0x00000000a9780000, 0x00000000e0000000)
  object space 155136K, 37% used [0x00000000a0000000,0x00000000a38ba9e0,0x00000000a9780000)
 Metaspace       used 61294K, capacity 64234K, committed 64472K, reserved 1105920K
  class space    used 8246K, capacity 8866K, committed 8960K, reserved 1048576K
Event: 77.559 GC heap after
Heap after GC invocations=24 (full 3):
 PSYoungGen      total 269824K, used 34207K [0x00000000e0000000, 0x00000000f5c00000, 0x0000000100000000)
  eden space 219648K, 0% used [0x00000000e0000000,0x00000000e0000000,0x00000000ed680000)
  from space 50176K, 68% used [0x00000000ed680000,0x00000000ef7e7fd0,0x00000000f0780000)
  to   space 52224K, 0% used [0x00000000f2900000,0x00000000f2900000,0x00000000f5c00000)
 ParOldGen       total 155136K, used 58098K [0x00000000a0000000, 0x00000000a9780000, 0x00000000e0000000)
  object space 155136K, 37% used [0x00000000a0000000,0x00000000a38bc9e0,0x00000000a9780000)
 Metaspace       used 61294K, capacity 64234K, committed 64472K, reserved 1105920K
  class space    used 8246K, capacity 8866K, committed 8960K, reserved 1048576K
}
Event: 81.189 GC heap before
{Heap before GC invocations=25 (full 3):
 PSYoungGen      total 269824K, used 253855K [0x00000000e0000000, 0x00000000f5c00000, 0x0000000100000000)
  eden space 219648K, 100% used [0x00000000e0000000,0x00000000ed680000,0x00000000ed680000)
  from space 50176K, 68% used [0x00000000ed680000,0x00000000ef7e7fd0,0x00000000f0780000)
  to   space 52224K, 0% used [0x00000000f2900000,0x00000000f2900000,0x00000000f5c00000)
 ParOldGen       total 155136K, used 58098K [0x00000000a0000000, 0x00000000a9780000, 0x00000000e0000000)
  object space 155136K, 37% used [0x00000000a0000000,0x00000000a38bc9e0,0x00000000a9780000)
 Metaspace       used 61332K, capacity 64298K, committed 64472K, reserved 1105920K
  class space    used 8246K, capacity 8866K, committed 8960K, reserved 1048576K
Event: 81.246 GC heap after
Heap after GC invocations=25 (full 3):
 PSYoungGen      total 304640K, used 27659K [0x00000000e0000000, 0x00000000f5b80000, 0x0000000100000000)
  eden space 252928K, 0% used [0x00000000e0000000,0x00000000e0000000,0x00000000ef700000)
  from space 51712K, 53% used [0x00000000f2900000,0x00000000f4402f20,0x00000000f5b80000)
  to   space 51200K, 0% used [0x00000000ef700000,0x00000000ef700000,0x00000000f2900000)
 ParOldGen       total 155136K, used 58106K [0x00000000a0000000, 0x00000000a9780000, 0x00000000e0000000)
  object space 155136K, 37% used [0x00000000a0000000,0x00000000a38be9e0,0x00000000a9780000)
 Metaspace       used 61332K, capacity 64298K, committed 64472K, reserved 1105920K
  class space    used 8246K, capacity 8866K, committed 8960K, reserved 1048576K
}
Event: 83.361 GC heap before
{Heap before GC invocations=26 (full 3):
 PSYoungGen      total 304640K, used 280587K [0x00000000e0000000, 0x00000000f5b80000, 0x0000000100000000)
  eden space 252928K, 100% used [0x00000000e0000000,0x00000000ef700000,0x00000000ef700000)
  from space 51712K, 53% used [0x00000000f2900000,0x00000000f4402f20,0x00000000f5b80000)
  to   space 51200K, 0% used [0x00000000ef700000,0x00000000ef700000,0x00000000f2900000)
 ParOldGen       total 155136K, used 58106K [0x00000000a0000000, 0x00000000a9780000, 0x00000000e0000000)
  object space 155136K, 37% used [0x00000000a0000000,0x00000000a38be9e0,0x00000000a9780000)
 Metaspace       used 61484K, capacity 64438K, committed 64728K, reserved 1105920K
  class space    used 8253K, capacity 8878K, committed 8960K, reserved 1048576K
Event: 83.426 GC heap after
Heap after GC invocations=26 (full 3):
 PSYoungGen      total 304128K, used 38297K [0x00000000e0000000, 0x00000000f8e00000, 0x0000000100000000)
  eden space 252928K, 0% used [0x00000000e0000000,0x00000000e0000000,0x00000000ef700000)
  from space 51200K, 74% used [0x00000000ef700000,0x00000000f1c66620,0x00000000f2900000)
  to   space 54272K, 0% used [0x00000000f5900000,0x00000000f5900000,0x00000000f8e00000)
 ParOldGen       total 155136K, used 58114K [0x00000000a0000000, 0x00000000a9780000, 0x00000000e0000000)
  object space 155136K, 37% used [0x00000000a0000000,0x00000000a38c09e0,0x00000000a9780000)
 Metaspace       used 61484K, capacity 64438K, committed 64728K, reserved 1105920K
  class space    used 8253K, capacity 8878K, committed 8960K, reserved 1048576K
}
Event: 89.773 GC heap before
{Heap before GC invocations=27 (full 3):
 PSYoungGen      total 304128K, used 291225K [0x00000000e0000000, 0x00000000f8e00000, 0x0000000100000000)
  eden space 252928K, 100% used [0x00000000e0000000,0x00000000ef700000,0x00000000ef700000)
  from space 51200K, 74% used [0x00000000ef700000,0x00000000f1c66620,0x00000000f2900000)
  to   space 54272K, 0% used [0x00000000f5900000,0x00000000f5900000,0x00000000f8e00000)
 ParOldGen       total 155136K, used 58114K [0x00000000a0000000, 0x00000000a9780000, 0x00000000e0000000)
  object space 155136K, 37% used [0x00000000a0000000,0x00000000a38c09e0,0x00000000a9780000)
 Metaspace       used 67401K, capacity 70388K, committed 70488K, reserved 1110016K
  class space    used 8909K, capacity 9559K, committed 9600K, reserved 1048576K

