# JRE version: Java(TM) SE Runtime Environment (8.0_121-b13) (build 1.8.0_121-b13)
# Java VM: Java HotSpot(TM) 64-Bit Server VM (25.121-b13 mixed mode linux-amd64 compressed oops)
Heap:
 PSYoungGen      total 141824K, used 34510K [0x00000000e0000000, 0x00000000ebb00000, 0x0000000100000000)
  eden space 120832K, 11% used [0x00000000e0000000,0x00000000e0d37730,0x00000000e7600000)
  from space 20992K, 99% used [0x00000000e7600000,0x00000000e8a7c248,0x00000000e8a80000)
  to   space 24576K, 0% used [0x00000000ea300000,0x00000000ea300000,0x00000000ebb00000)
 ParOldGen       total 112128K, used 33244K [0x00000000a0000000, 0x00000000a6d80000, 0x00000000e0000000)
  object space 112128K, 29% used [0x00000000a0000000,0x00000000a20772f8,0x00000000a6d80000)
 Metaspace       used 53094K, capacity 54690K, committed 55040K, reserved 1097728K
  class space    used 7243K, capacity 7564K, committed 7680K, reserved 1048576K
GC Heap History (10 events):
Event: 5.327 GC heap before
{Heap before GC invocations=9 (full 2):
 PSYoungGen      total 92672K, used 10211K [0x00000000e0000000, 0x00000000e7f80000, 0x0000000100000000)
  eden space 82432K, 0% used [0x00000000e0000000,0x00000000e0000000,0x00000000e5080000)
  from space 10240K, 99% used [0x00000000e5080000,0x00000000e5a78c18,0x00000000e5a80000)
  to   space 11776K, 0% used [0x00000000e7400000,0x00000000e7400000,0x00000000e7f80000)
 ParOldGen       total 66560K, used 11931K [0x00000000a0000000, 0x00000000a4100000, 0x00000000e0000000)
  object space 66560K, 17% used [0x00000000a0000000,0x00000000a0ba6c28,0x00000000a4100000)
 Metaspace       used 34704K, capacity 35222K, committed 35456K, reserved 1079296K
  class space    used 4768K, capacity 4919K, committed 4992K, reserved 1048576K
Event: 5.436 GC heap after
Heap after GC invocations=9 (full 2):
 PSYoungGen      total 92672K, used 0K [0x00000000e0000000, 0x00000000e7f80000, 0x0000000100000000)
  eden space 82432K, 0% used [0x00000000e0000000,0x00000000e0000000,0x00000000e5080000)
  from space 10240K, 0% used [0x00000000e5080000,0x00000000e5080000,0x00000000e5a80000)
  to   space 11776K, 0% used [0x00000000e7400000,0x00000000e7400000,0x00000000e7f80000)
 ParOldGen       total 112128K, used 17617K [0x00000000a0000000, 0x00000000a6d80000, 0x00000000e0000000)
  object space 112128K, 15% used [0x00000000a0000000,0x00000000a1134730,0x00000000a6d80000)
 Metaspace       used 34704K, capacity 35222K, committed 35456K, reserved 1079296K
  class space    used 4768K, capacity 4919K, committed 4992K, reserved 1048576K
}
Event: 6.759 GC heap before
{Heap before GC invocations=10 (full 2):
 PSYoungGen      total 92672K, used 82432K [0x00000000e0000000, 0x00000000e7f80000, 0x0000000100000000)
  eden space 82432K, 100% used [0x00000000e0000000,0x00000000e5080000,0x00000000e5080000)
  from space 10240K, 0% used [0x00000000e5080000,0x00000000e5080000,0x00000000e5a80000)
  to   space 11776K, 0% used [0x00000000e7400000,0x00000000e7400000,0x00000000e7f80000)
 ParOldGen       total 112128K, used 17617K [0x00000000a0000000, 0x00000000a6d80000, 0x00000000e0000000)
  object space 112128K, 15% used [0x00000000a0000000,0x00000000a1134730,0x00000000a6d80000)
 Metaspace       used 41967K, capacity 42788K, committed 43136K, reserved 1087488K
  class space    used 5772K, capacity 5975K, committed 6016K, reserved 1048576K
Event: 6.773 GC heap after
Heap after GC invocations=10 (full 2):
 PSYoungGen      total 118272K, used 9290K [0x00000000e0000000, 0x00000000e8000000, 0x0000000100000000)
  eden space 106496K, 0% used [0x00000000e0000000,0x00000000e0000000,0x00000000e6800000)
  from space 11776K, 78% used [0x00000000e7400000,0x00000000e7d12b48,0x00000000e7f80000)
  to   space 12288K, 0% used [0x00000000e6800000,0x00000000e6800000,0x00000000e7400000)
 ParOldGen       total 112128K, used 17625K [0x00000000a0000000, 0x00000000a6d80000, 0x00000000e0000000)
  object space 112128K, 15% used [0x00000000a0000000,0x00000000a1136730,0x00000000a6d80000)
 Metaspace       used 41967K, capacity 42788K, committed 43136K, reserved 1087488K
  class space    used 5772K, capacity 5975K, committed 6016K, reserved 1048576K
}
Event: 8.045 GC heap before
{Heap before GC invocations=11 (full 2):
 PSYoungGen      total 118272K, used 115786K [0x00000000e0000000, 0x00000000e8000000, 0x0000000100000000)
  eden space 106496K, 100% used [0x00000000e0000000,0x00000000e6800000,0x00000000e6800000)
  from space 11776K, 78% used [0x00000000e7400000,0x00000000e7d12b48,0x00000000e7f80000)
  to   space 12288K, 0% used [0x00000000e6800000,0x00000000e6800000,0x00000000e7400000)
 ParOldGen       total 112128K, used 17625K [0x00000000a0000000, 0x00000000a6d80000, 0x00000000e0000000)
  object space 112128K, 15% used [0x00000000a0000000,0x00000000a1136730,0x00000000a6d80000)
 Metaspace       used 46411K, capacity 47744K, committed 48000K, reserved 1091584K
  class space    used 6451K, capacity 6715K, committed 6784K, reserved 1048576K
Event: 8.074 GC heap after
Heap after GC invocations=11 (full 2):
 PSYoungGen      total 118784K, used 12277K [0x00000000e0000000, 0x00000000e9900000, 0x0000000100000000)
  eden space 106496K, 0% used [0x00000000e0000000,0x00000000e0000000,0x00000000e6800000)
  from space 12288K, 99% used [0x00000000e6800000,0x00000000e73fd5f0,0x00000000e7400000)
  to   space 14848K, 0% used [0x00000000e8a80000,0x00000000e8a80000,0x00000000e9900000)
 ParOldGen       total 112128K, used 20626K [0x00000000a0000000, 0x00000000a6d80000, 0x00000000e0000000)
  object space 112128K, 18% used [0x00000000a0000000,0x00000000a14248f0,0x00000000a6d80000)
 Metaspace       used 46411K, capacity 47744K, committed 48000K, reserved 1091584K
  class space    used 6451K, capacity 6715K, committed 6784K, reserved 1048576K
}
Event: 9.787 GC heap before
{Heap before GC invocations=12 (full 2):
 PSYoungGen      total 118784K, used 118773K [0x00000000e0000000, 0x00000000e9900000, 0x0000000100000000)
  eden space 106496K, 100% used [0x00000000e0000000,0x00000000e6800000,0x00000000e6800000)
  from space 12288K, 99% used [0x00000000e6800000,0x00000000e73fd5f0,0x00000000e7400000)
  to   space 14848K, 0% used [0x00000000e8a80000,0x00000000e8a80000,0x00000000e9900000)
 ParOldGen       total 112128K, used 20626K [0x00000000a0000000, 0x00000000a6d80000, 0x00000000e0000000)
  object space 112128K, 18% used [0x00000000a0000000,0x00000000a14248f0,0x00000000a6d80000)
 Metaspace       used 51105K, capacity 52582K, committed 52736K, reserved 1095680K
  class space    used 7034K, capacity 7346K, committed 7424K, reserved 1048576K
Event: 9.821 GC heap after
Heap after GC invocations=12 (full 2):
 PSYoungGen      total 135680K, used 14831K [0x00000000e0000000, 0x00000000ea580000, 0x0000000100000000)
  eden space 120832K, 0% used [0x00000000e0000000,0x00000000e0000000,0x00000000e7600000)
  from space 14848K, 99% used [0x00000000e8a80000,0x00000000e98fbff0,0x00000000e9900000)
  to   space 20992K, 0% used [0x00000000e7600000,0x00000000e7600000,0x00000000e8a80000)
 ParOldGen       total 112128K, used 31969K [0x00000000a0000000, 0x00000000a6d80000, 0x00000000e0000000)
  object space 112128K, 28% used [0x00000000a0000000,0x00000000a1f38448,0x00000000a6d80000)
 Metaspace       used 51105K, capacity 52582K, committed 52736K, reserved 1095680K
  class space    used 7034K, capacity 7346K, committed 7424K, reserved 1048576K
}
Event: 12.608 GC heap before
{Heap before GC invocations=13 (full 2):
 PSYoungGen      total 135680K, used 135663K [0x00000000e0000000, 0x00000000ea580000, 0x0000000100000000)
  eden space 120832K, 100% used [0x00000000e0000000,0x00000000e7600000,0x00000000e7600000)
  from space 14848K, 99% used [0x00000000e8a80000,0x00000000e98fbff0,0x00000000e9900000)
  to   space 20992K, 0% used [0x00000000e7600000,0x00000000e7600000,0x00000000e8a80000)
 ParOldGen       total 112128K, used 31969K [0x00000000a0000000, 0x00000000a6d80000, 0x00000000e0000000)
  object space 112128K, 28% used [0x00000000a0000000,0x00000000a1f38448,0x00000000a6d80000)
 Metaspace       used 52705K, capacity 54274K, committed 54400K, reserved 1095680K
  class space    used 7220K, capacity 7532K, committed 7552K, reserved 1048576K
Event: 12.633 GC heap after
Heap after GC invocations=13 (full 2):
 PSYoungGen      total 141824K, used 20976K [0x00000000e0000000, 0x00000000ebb00000, 0x0000000100000000)
  eden space 120832K, 0% used [0x00000000e0000000,0x00000000e0000000,0x00000000e7600000)
  from space 20992K, 99% used [0x00000000e7600000,0x00000000e8a7c248,0x00000000e8a80000)
  to   space 24576K, 0% used [0x00000000ea300000,0x00000000ea300000,0x00000000ebb00000)
 ParOldGen       total 112128K, used 33244K [0x00000000a0000000, 0x00000000a6d80000, 0x00000000e0000000)
  object space 112128K, 29% used [0x00000000a0000000,0x00000000a20772f8,0x00000000a6d80000)
 Metaspace       used 52705K, capacity 54274K, committed 54400K, reserved 1095680K
  class space    used 7220K, capacity 7532K, committed 7552K, reserved 1048576K
}

