# JRE version: Java(TM) SE Runtime Environment (8.0_121-b13) (build 1.8.0_121-b13)
# Java VM: Java HotSpot(TM) 64-Bit Server VM (25.121-b13 mixed mode linux-amd64 compressed oops)
Heap:
 PSYoungGen      total 102400K, used 26658K [0x00000000e0000000, 0x00000000e6e80000, 0x0000000100000000)
  eden space 91648K, 21% used [0x00000000e0000000,0x00000000e12f1a10,0x00000000e5980000)
  from space 10752K, 67% used [0x00000000e6380000,0x00000000e6a96f58,0x00000000e6e00000)
  to   space 10240K, 0% used [0x00000000e5980000,0x00000000e5980000,0x00000000e6380000)
 ParOldGen       total 64000K, used 12140K [0x00000000a0000000, 0x00000000a3e80000, 0x00000000e0000000)
  object space 64000K, 18% used [0x00000000a0000000,0x00000000a0bdb2f0,0x00000000a3e80000)
 Metaspace       used 30343K, capacity 31044K, committed 31104K, reserved 1075200K
  class space    used 4261K, capacity 4455K, committed 4480K, reserved 1048576K
GC Heap History (10 events):
Event: 1.814 GC heap before
{Heap before GC invocations=3 (full 0):
 PSYoungGen      total 36864K, used 36841K [0x00000000e0000000, 0x00000000e4800000, 0x0000000100000000)
  eden space 31744K, 100% used [0x00000000e0000000,0x00000000e1f00000,0x00000000e1f00000)
  from space 5120K, 99% used [0x00000000e2400000,0x00000000e28fa440,0x00000000e2900000)
  to   space 5120K, 0% used [0x00000000e1f00000,0x00000000e1f00000,0x00000000e2400000)
 ParOldGen       total 84992K, used 786K [0x00000000a0000000, 0x00000000a5300000, 0x00000000e0000000)
  object space 84992K, 0% used [0x00000000a0000000,0x00000000a00c4b40,0x00000000a5300000)
 Metaspace       used 15947K, capacity 16338K, committed 16512K, reserved 1062912K
  class space    used 2291K, capacity 2428K, committed 2432K, reserved 1048576K
Event: 1.823 GC heap after
Heap after GC invocations=3 (full 0):
 PSYoungGen      total 36864K, used 5114K [0x00000000e0000000, 0x00000000e4800000, 0x0000000100000000)
  eden space 31744K, 0% used [0x00000000e0000000,0x00000000e0000000,0x00000000e1f00000)
  from space 5120K, 99% used [0x00000000e1f00000,0x00000000e23fe9d8,0x00000000e2400000)
  to   space 5120K, 0% used [0x00000000e4300000,0x00000000e4300000,0x00000000e4800000)
 ParOldGen       total 84992K, used 3127K [0x00000000a0000000, 0x00000000a5300000, 0x00000000e0000000)
  object space 84992K, 3% used [0x00000000a0000000,0x00000000a030df30,0x00000000a5300000)
 Metaspace       used 15947K, capacity 16338K, committed 16512K, reserved 1062912K
  class space    used 2291K, capacity 2428K, committed 2432K, reserved 1048576K
}
Event: 2.325 GC heap before
{Heap before GC invocations=4 (full 0):
 PSYoungGen      total 36864K, used 29011K [0x00000000e0000000, 0x00000000e4800000, 0x0000000100000000)
  eden space 31744K, 75% used [0x00000000e0000000,0x00000000e1756598,0x00000000e1f00000)
  from space 5120K, 99% used [0x00000000e1f00000,0x00000000e23fe9d8,0x00000000e2400000)
  to   space 5120K, 0% used [0x00000000e4300000,0x00000000e4300000,0x00000000e4800000)
 ParOldGen       total 84992K, used 3127K [0x00000000a0000000, 0x00000000a5300000, 0x00000000e0000000)
  object space 84992K, 3% used [0x00000000a0000000,0x00000000a030df30,0x00000000a5300000)
 Metaspace       used 20700K, capacity 21118K, committed 21248K, reserved 1067008K
  class space    used 2828K, capacity 2976K, committed 3072K, reserved 1048576K
Event: 2.343 GC heap after
Heap after GC invocations=4 (full 0):
 PSYoungGen      total 68608K, used 5115K [0x00000000e0000000, 0x00000000e4800000, 0x0000000100000000)
  eden space 63488K, 0% used [0x00000000e0000000,0x00000000e0000000,0x00000000e3e00000)
  from space 5120K, 99% used [0x00000000e4300000,0x00000000e47fefe0,0x00000000e4800000)
  to   space 5120K, 0% used [0x00000000e3e00000,0x00000000e3e00000,0x00000000e4300000)
 ParOldGen       total 84992K, used 7579K [0x00000000a0000000, 0x00000000a5300000, 0x00000000e0000000)
  object space 84992K, 8% used [0x00000000a0000000,0x00000000a0766c80,0x00000000a5300000)
 Metaspace       used 20700K, capacity 21118K, committed 21248K, reserved 1067008K
  class space    used 2828K, capacity 2976K, committed 3072K, reserved 1048576K
}
Event: 2.343 GC heap before
{Heap before GC invocations=5 (full 1):
 PSYoungGen      total 68608K, used 5115K [0x00000000e0000000, 0x00000000e4800000, 0x0000000100000000)
  eden space 63488K, 0% used [0x00000000e0000000,0x00000000e0000000,0x00000000e3e00000)
  from space 5120K, 99% used [0x00000000e4300000,0x00000000e47fefe0,0x00000000e4800000)
  to   space 5120K, 0% used [0x00000000e3e00000,0x00000000e3e00000,0x00000000e4300000)
 ParOldGen       total 84992K, used 7579K [0x00000000a0000000, 0x00000000a5300000, 0x00000000e0000000)
  object space 84992K, 8% used [0x00000000a0000000,0x00000000a0766c80,0x00000000a5300000)
 Metaspace       used 20700K, capacity 21118K, committed 21248K, reserved 1067008K
  class space    used 2828K, capacity 2976K, committed 3072K, reserved 1048576K
Event: 2.397 GC heap after
Heap after GC invocations=5 (full 1):
 PSYoungGen      total 68608K, used 0K [0x00000000e0000000, 0x00000000e4800000, 0x0000000100000000)
  eden space 63488K, 0% used [0x00000000e0000000,0x00000000e0000000,0x00000000e3e00000)
  from space 5120K, 0% used [0x00000000e4300000,0x00000000e4300000,0x00000000e4800000)
  to   space 5120K, 0% used [0x00000000e3e00000,0x00000000e3e00000,0x00000000e4300000)
 ParOldGen       total 64000K, used 9378K [0x00000000a0000000, 0x00000000a3e80000, 0x00000000e0000000)
  object space 64000K, 14% used [0x00000000a0000000,0x00000000a09289c0,0x00000000a3e80000)
 Metaspace       used 20700K, capacity 21118K, committed 21248K, reserved 1067008K
  class space    used 2828K, capacity 2976K, committed 3072K, reserved 1048576K
}
Event: 3.371 GC heap before
{Heap before GC invocations=6 (full 1):
 PSYoungGen      total 68608K, used 63488K [0x00000000e0000000, 0x00000000e4800000, 0x0000000100000000)
  eden space 63488K, 100% used [0x00000000e0000000,0x00000000e3e00000,0x00000000e3e00000)
  from space 5120K, 0% used [0x00000000e4300000,0x00000000e4300000,0x00000000e4800000)
  to   space 5120K, 0% used [0x00000000e3e00000,0x00000000e3e00000,0x00000000e4300000)
 ParOldGen       total 64000K, used 9378K [0x00000000a0000000, 0x00000000a3e80000, 0x00000000e0000000)
  object space 64000K, 14% used [0x00000000a0000000,0x00000000a09289c0,0x00000000a3e80000)
 Metaspace       used 26161K, capacity 26600K, committed 27008K, reserved 1073152K
  class space    used 3714K, capacity 3851K, committed 3968K, reserved 1048576K
Event: 3.381 GC heap after
Heap after GC invocations=6 (full 1):
 PSYoungGen      total 68608K, used 5106K [0x00000000e0000000, 0x00000000e6e00000, 0x0000000100000000)
  eden space 63488K, 0% used [0x00000000e0000000,0x00000000e0000000,0x00000000e3e00000)
  from space 5120K, 99% used [0x00000000e3e00000,0x00000000e42fc908,0x00000000e4300000)
  to   space 10752K, 0% used [0x00000000e6380000,0x00000000e6380000,0x00000000e6e00000)
 ParOldGen       total 64000K, used 12132K [0x00000000a0000000, 0x00000000a3e80000, 0x00000000e0000000)
  object space 64000K, 18% used [0x00000000a0000000,0x00000000a0bd92f0,0x00000000a3e80000)
 Metaspace       used 26161K, capacity 26600K, committed 27008K, reserved 1073152K
  class space    used 3714K, capacity 3851K, committed 3968K, reserved 1048576K
}
Event: 4.319 GC heap before
{Heap before GC invocations=7 (full 1):
 PSYoungGen      total 68608K, used 68594K [0x00000000e0000000, 0x00000000e6e00000, 0x0000000100000000)
  eden space 63488K, 100% used [0x00000000e0000000,0x00000000e3e00000,0x00000000e3e00000)
  from space 5120K, 99% used [0x00000000e3e00000,0x00000000e42fc908,0x00000000e4300000)
  to   space 10752K, 0% used [0x00000000e6380000,0x00000000e6380000,0x00000000e6e00000)
 ParOldGen       total 64000K, used 12132K [0x00000000a0000000, 0x00000000a3e80000, 0x00000000e0000000)
  object space 64000K, 18% used [0x00000000a0000000,0x00000000a0bd92f0,0x00000000a3e80000)
 Metaspace       used 29851K, capacity 30478K, committed 30848K, reserved 1075200K
  class space    used 4187K, capacity 4353K, committed 4480K, reserved 1048576K
Event: 4.343 GC heap after
Heap after GC invocations=7 (full 1):
 PSYoungGen      total 102400K, used 7259K [0x00000000e0000000, 0x00000000e6e80000, 0x0000000100000000)
  eden space 91648K, 0% used [0x00000000e0000000,0x00000000e0000000,0x00000000e5980000)
  from space 10752K, 67% used [0x00000000e6380000,0x00000000e6a96f58,0x00000000e6e00000)
  to   space 10240K, 0% used [0x00000000e5980000,0x00000000e5980000,0x00000000e6380000)
 ParOldGen       total 64000K, used 12140K [0x00000000a0000000, 0x00000000a3e80000, 0x00000000e0000000)
  object space 64000K, 18% used [0x00000000a0000000,0x00000000a0bdb2f0,0x00000000a3e80000)
 Metaspace       used 29851K, capacity 30478K, committed 30848K, reserved 1075200K
  class space    used 4187K, capacity 4353K, committed 4480K, reserved 1048576K
}

