# JRE version: Java(TM) SE Runtime Environment (8.0_121-b13) (build 1.8.0_121-b13)
# Java VM: Java HotSpot(TM) 64-Bit Server VM (25.121-b13 mixed mode linux-amd64 compressed oops)
Heap:
 PSYoungGen      total 53248K, used 15661K [0x00000000e0000000, 0x00000000e5200000, 0x0000000100000000)
  eden space 43008K, 17% used [0x00000000e0000000,0x00000000e077c1e8,0x00000000e2a00000)
  from space 10240K, 78% used [0x00000000e2a00000,0x00000000e31cf3f0,0x00000000e3400000)
  to   space 10752K, 0% used [0x00000000e4780000,0x00000000e4780000,0x00000000e5200000)
 ParOldGen       total 55808K, used 13841K [0x00000000a0000000, 0x00000000a3680000, 0x00000000e0000000)
  object space 55808K, 24% used [0x00000000a0000000,0x00000000a0d84798,0x00000000a3680000)
 Metaspace       used 40387K, capacity 41184K, committed 41472K, reserved 1085440K
  class space    used 5572K, capacity 5769K, committed 5888K, reserved 1048576K
GC Heap History (10 events):
Event: 31.176 GC heap before
{Heap before GC invocations=11 (full 1):
 PSYoungGen      total 38400K, used 37475K [0x00000000e0000000, 0x00000000e3080000, 0x0000000100000000)
  eden space 29184K, 100% used [0x00000000e0000000,0x00000000e1c80000,0x00000000e1c80000)
  from space 9216K, 89% used [0x00000000e1d00000,0x00000000e2518c90,0x00000000e2600000)
  to   space 10240K, 0% used [0x00000000e2680000,0x00000000e2680000,0x00000000e3080000)
 ParOldGen       total 45056K, used 8568K [0x00000000a0000000, 0x00000000a2c00000, 0x00000000e0000000)
  object space 45056K, 19% used [0x00000000a0000000,0x00000000a085e308,0x00000000a2c00000)
 Metaspace       used 34457K, capacity 35050K, committed 35456K, reserved 1079296K
  class space    used 4721K, capacity 4885K, committed 4992K, reserved 1048576K
Event: 31.193 GC heap after
Heap after GC invocations=11 (full 1):
 PSYoungGen      total 39424K, used 7872K [0x00000000e0000000, 0x00000000e3d80000, 0x0000000100000000)
  eden space 29184K, 0% used [0x00000000e0000000,0x00000000e0000000,0x00000000e1c80000)
  from space 10240K, 76% used [0x00000000e2680000,0x00000000e2e302d8,0x00000000e3080000)
  to   space 10240K, 0% used [0x00000000e1c80000,0x00000000e1c80000,0x00000000e2680000)
 ParOldGen       total 45056K, used 8576K [0x00000000a0000000, 0x00000000a2c00000, 0x00000000e0000000)
  object space 45056K, 19% used [0x00000000a0000000,0x00000000a0860308,0x00000000a2c00000)
 Metaspace       used 34457K, capacity 35050K, committed 35456K, reserved 1079296K
  class space    used 4721K, capacity 4885K, committed 4992K, reserved 1048576K
}
Event: 31.380 GC heap before
{Heap before GC invocations=12 (full 1):
 PSYoungGen      total 39424K, used 20358K [0x00000000e0000000, 0x00000000e3d80000, 0x0000000100000000)
  eden space 29184K, 42% used [0x00000000e0000000,0x00000000e0c31758,0x00000000e1c80000)
  from space 10240K, 76% used [0x00000000e2680000,0x00000000e2e302d8,0x00000000e3080000)
  to   space 10240K, 0% used [0x00000000e1c80000,0x00000000e1c80000,0x00000000e2680000)
 ParOldGen       total 45056K, used 8576K [0x00000000a0000000, 0x00000000a2c00000, 0x00000000e0000000)
  object space 45056K, 19% used [0x00000000a0000000,0x00000000a0860308,0x00000000a2c00000)
 Metaspace       used 34651K, capacity 35242K, committed 35456K, reserved 1079296K
  class space    used 4746K, capacity 4885K, committed 4992K, reserved 1048576K
Event: 31.395 GC heap after
Heap after GC invocations=12 (full 1):
 PSYoungGen      total 39424K, used 7200K [0x00000000e0000000, 0x00000000e4000000, 0x0000000100000000)
  eden space 29184K, 0% used [0x00000000e0000000,0x00000000e0000000,0x00000000e1c80000)
  from space 10240K, 70% used [0x00000000e1c80000,0x00000000e2388010,0x00000000e2680000)
  to   space 10240K, 0% used [0x00000000e3600000,0x00000000e3600000,0x00000000e4000000)
 ParOldGen       total 45056K, used 8584K [0x00000000a0000000, 0x00000000a2c00000, 0x00000000e0000000)
  object space 45056K, 19% used [0x00000000a0000000,0x00000000a0862308,0x00000000a2c00000)
 Metaspace       used 34651K, capacity 35242K, committed 35456K, reserved 1079296K
  class space    used 4746K, capacity 4885K, committed 4992K, reserved 1048576K
}
Event: 31.395 GC heap before
{Heap before GC invocations=13 (full 2):
 PSYoungGen      total 39424K, used 7200K [0x00000000e0000000, 0x00000000e4000000, 0x0000000100000000)
  eden space 29184K, 0% used [0x00000000e0000000,0x00000000e0000000,0x00000000e1c80000)
  from space 10240K, 70% used [0x00000000e1c80000,0x00000000e2388010,0x00000000e2680000)
  to   space 10240K, 0% used [0x00000000e3600000,0x00000000e3600000,0x00000000e4000000)
 ParOldGen       total 45056K, used 8584K [0x00000000a0000000, 0x00000000a2c00000, 0x00000000e0000000)
  object space 45056K, 19% used [0x00000000a0000000,0x00000000a0862308,0x00000000a2c00000)
 Metaspace       used 34651K, capacity 35242K, committed 35456K, reserved 1079296K
  class space    used 4746K, capacity 4885K, committed 4992K, reserved 1048576K
Event: 31.548 GC heap after
Heap after GC invocations=13 (full 2):
 PSYoungGen      total 39424K, used 0K [0x00000000e0000000, 0x00000000e4000000, 0x0000000100000000)
  eden space 29184K, 0% used [0x00000000e0000000,0x00000000e0000000,0x00000000e1c80000)
  from space 10240K, 0% used [0x00000000e1c80000,0x00000000e1c80000,0x00000000e2680000)
  to   space 10240K, 0% used [0x00000000e3600000,0x00000000e3600000,0x00000000e4000000)
 ParOldGen       total 55808K, used 13833K [0x00000000a0000000, 0x00000000a3680000, 0x00000000e0000000)
  object space 55808K, 24% used [0x00000000a0000000,0x00000000a0d82798,0x00000000a3680000)
 Metaspace       used 34651K, capacity 35242K, committed 35456K, reserved 1079296K
  class space    used 4746K, capacity 4885K, committed 4992K, reserved 1048576K
}
Event: 32.865 GC heap before
{Heap before GC invocations=14 (full 2):
 PSYoungGen      total 39424K, used 29184K [0x00000000e0000000, 0x00000000e4000000, 0x0000000100000000)
  eden space 29184K, 100% used [0x00000000e0000000,0x00000000e1c80000,0x00000000e1c80000)
  from space 10240K, 0% used [0x00000000e1c80000,0x00000000e1c80000,0x00000000e2680000)
  to   space 10240K, 0% used [0x00000000e3600000,0x00000000e3600000,0x00000000e4000000)
 ParOldGen       total 55808K, used 13833K [0x00000000a0000000, 0x00000000a3680000, 0x00000000e0000000)
  object space 55808K, 24% used [0x00000000a0000000,0x00000000a0d82798,0x00000000a3680000)
 Metaspace       used 37006K, capacity 37692K, committed 38016K, reserved 1081344K
  class space    used 5035K, capacity 5220K, committed 5248K, reserved 1048576K
Event: 32.871 GC heap after
Heap after GC invocations=14 (full 2):
 PSYoungGen      total 51200K, used 4174K [0x00000000e0000000, 0x00000000e3e00000, 0x0000000100000000)
  eden space 43008K, 0% used [0x00000000e0000000,0x00000000e0000000,0x00000000e2a00000)
  from space 8192K, 50% used [0x00000000e3600000,0x00000000e3a138d8,0x00000000e3e00000)
  to   space 10240K, 0% used [0x00000000e2a00000,0x00000000e2a00000,0x00000000e3400000)
 ParOldGen       total 55808K, used 13841K [0x00000000a0000000, 0x00000000a3680000, 0x00000000e0000000)
  object space 55808K, 24% used [0x00000000a0000000,0x00000000a0d84798,0x00000000a3680000)
 Metaspace       used 37006K, capacity 37692K, committed 38016K, reserved 1081344K
  class space    used 5035K, capacity 5220K, committed 5248K, reserved 1048576K
}
Event: 33.645 GC heap before
{Heap before GC invocations=15 (full 2):
 PSYoungGen      total 51200K, used 47182K [0x00000000e0000000, 0x00000000e3e00000, 0x0000000100000000)
  eden space 43008K, 100% used [0x00000000e0000000,0x00000000e2a00000,0x00000000e2a00000)
  from space 8192K, 50% used [0x00000000e3600000,0x00000000e3a138d8,0x00000000e3e00000)
  to   space 10240K, 0% used [0x00000000e2a00000,0x00000000e2a00000,0x00000000e3400000)
 ParOldGen       total 55808K, used 13841K [0x00000000a0000000, 0x00000000a3680000, 0x00000000e0000000)
  object space 55808K, 24% used [0x00000000a0000000,0x00000000a0d84798,0x00000000a3680000)
 Metaspace       used 38518K, capacity 39258K, committed 39552K, reserved 1083392K
  class space    used 5279K, capacity 5462K, committed 5504K, reserved 1048576K
Event: 33.655 GC heap after
Heap after GC invocations=15 (full 2):
 PSYoungGen      total 53248K, used 7996K [0x00000000e0000000, 0x00000000e5200000, 0x0000000100000000)
  eden space 43008K, 0% used [0x00000000e0000000,0x00000000e0000000,0x00000000e2a00000)
  from space 10240K, 78% used [0x00000000e2a00000,0x00000000e31cf3f0,0x00000000e3400000)
  to   space 10752K, 0% used [0x00000000e4780000,0x00000000e4780000,0x00000000e5200000)
 ParOldGen       total 55808K, used 13841K [0x00000000a0000000, 0x00000000a3680000, 0x00000000e0000000)
  object space 55808K, 24% used [0x00000000a0000000,0x00000000a0d84798,0x00000000a3680000)
 Metaspace       used 38518K, capacity 39258K, committed 39552K, reserved 1083392K
  class space    used 5279K, capacity 5462K, committed 5504K, reserved 1048576K
}

