# JRE version: Java(TM) SE Runtime Environment (8.0_121-b13) (build 1.8.0_121-b13)
# Java VM: Java HotSpot(TM) 64-Bit Server VM (25.121-b13 mixed mode linux-amd64 compressed oops)
Heap:
 PSYoungGen      total 205312K, used 195489K [0x00000000e0000000, 0x00000000ef280000, 0x0000000100000000)
  eden space 173568K, 100% used [0x00000000e0000000,0x00000000ea980000,0x00000000ea980000)
  from space 31744K, 69% used [0x00000000eca00000,0x00000000edf68778,0x00000000ee900000)
  to   space 33280K, 59% used [0x00000000ea980000,0x00000000ebcc9fc8,0x00000000eca00000)
 ParOldGen       total 155648K, used 40661K [0x00000000a0000000, 0x00000000a9800000, 0x00000000e0000000)
  object space 155648K, 26% used [0x00000000a0000000,0x00000000a27b57f0,0x00000000a9800000)
 Metaspace       used 59505K, capacity 61432K, committed 61440K, reserved 1101824K
  class space    used 7798K, capacity 8187K, committed 8192K, reserved 1048576K
GC Heap History (10 events):
Event: 34.122 GC heap after
Heap after GC invocations=19 (full 2):
 PSYoungGen      total 158208K, used 20426K [0x00000000e0000000, 0x00000000ed600000, 0x0000000100000000)
  eden space 124928K, 0% used [0x00000000e0000000,0x00000000e0000000,0x00000000e7a00000)
  from space 33280K, 61% used [0x00000000e7a00000,0x00000000e8df2b18,0x00000000e9a80000)
  to   space 33792K, 0% used [0x00000000eb500000,0x00000000eb500000,0x00000000ed600000)
 ParOldGen       total 102912K, used 40102K [0x00000000a0000000, 0x00000000a6480000, 0x00000000e0000000)
  object space 102912K, 38% used [0x00000000a0000000,0x00000000a2729830,0x00000000a6480000)
 Metaspace       used 57326K, capacity 59002K, committed 59096K, reserved 1099776K
  class space    used 7631K, capacity 7986K, committed 8064K, reserved 1048576K
}
Event: 34.122 GC heap before
{Heap before GC invocations=20 (full 3):
 PSYoungGen      total 158208K, used 20426K [0x00000000e0000000, 0x00000000ed600000, 0x0000000100000000)
  eden space 124928K, 0% used [0x00000000e0000000,0x00000000e0000000,0x00000000e7a00000)
  from space 33280K, 61% used [0x00000000e7a00000,0x00000000e8df2b18,0x00000000e9a80000)
  to   space 33792K, 0% used [0x00000000eb500000,0x00000000eb500000,0x00000000ed600000)
 ParOldGen       total 102912K, used 40102K [0x00000000a0000000, 0x00000000a6480000, 0x00000000e0000000)
  object space 102912K, 38% used [0x00000000a0000000,0x00000000a2729830,0x00000000a6480000)
 Metaspace       used 57326K, capacity 59002K, committed 59096K, reserved 1099776K
  class space    used 7631K, capacity 7986K, committed 8064K, reserved 1048576K
Event: 34.425 GC heap after
Heap after GC invocations=20 (full 3):
 PSYoungGen      total 158208K, used 0K [0x00000000e0000000, 0x00000000ed600000, 0x0000000100000000)
  eden space 124928K, 0% used [0x00000000e0000000,0x00000000e0000000,0x00000000e7a00000)
  from space 33280K, 0% used [0x00000000e7a00000,0x00000000e7a00000,0x00000000e9a80000)
  to   space 33792K, 0% used [0x00000000eb500000,0x00000000eb500000,0x00000000ed600000)
 ParOldGen       total 155648K, used 40645K [0x00000000a0000000, 0x00000000a9800000, 0x00000000e0000000)
  object space 155648K, 26% used [0x00000000a0000000,0x00000000a27b17f0,0x00000000a9800000)
 Metaspace       used 57315K, capacity 58966K, committed 59096K, reserved 1099776K
  class space    used 7627K, capacity 7980K, committed 8064K, reserved 1048576K
}
Event: 101.879 GC heap before
{Heap before GC invocations=21 (full 3):
 PSYoungGen      total 158208K, used 124928K [0x00000000e0000000, 0x00000000ed600000, 0x0000000100000000)
  eden space 124928K, 100% used [0x00000000e0000000,0x00000000e7a00000,0x00000000e7a00000)
  from space 33280K, 0% used [0x00000000e7a00000,0x00000000e7a00000,0x00000000e9a80000)
  to   space 33792K, 0% used [0x00000000eb500000,0x00000000eb500000,0x00000000ed600000)
 ParOldGen       total 155648K, used 40645K [0x00000000a0000000, 0x00000000a9800000, 0x00000000e0000000)
  object space 155648K, 26% used [0x00000000a0000000,0x00000000a27b17f0,0x00000000a9800000)
 Metaspace       used 58969K, capacity 60862K, committed 60928K, reserved 1101824K
  class space    used 7776K, capacity 8170K, committed 8192K, reserved 1048576K
Event: 101.906 GC heap after
Heap after GC invocations=21 (full 3):
 PSYoungGen      total 179200K, used 6693K [0x00000000e0000000, 0x00000000ed280000, 0x0000000100000000)
  eden space 148992K, 0% used [0x00000000e0000000,0x00000000e0000000,0x00000000e9180000)
  from space 30208K, 22% used [0x00000000eb500000,0x00000000ebb89578,0x00000000ed280000)
  to   space 33280K, 0% used [0x00000000e9180000,0x00000000e9180000,0x00000000eb200000)
 ParOldGen       total 155648K, used 40653K [0x00000000a0000000, 0x00000000a9800000, 0x00000000e0000000)
  object space 155648K, 26% used [0x00000000a0000000,0x00000000a27b37f0,0x00000000a9800000)
 Metaspace       used 58969K, capacity 60862K, committed 60928K, reserved 1101824K
  class space    used 7776K, capacity 8170K, committed 8192K, reserved 1048576K
}
Event: 110.904 GC heap before
{Heap before GC invocations=22 (full 3):
 PSYoungGen      total 179200K, used 155685K [0x00000000e0000000, 0x00000000ed280000, 0x0000000100000000)
  eden space 148992K, 100% used [0x00000000e0000000,0x00000000e9180000,0x00000000e9180000)
  from space 30208K, 22% used [0x00000000eb500000,0x00000000ebb89578,0x00000000ed280000)
  to   space 33280K, 0% used [0x00000000e9180000,0x00000000e9180000,0x00000000eb200000)
 ParOldGen       total 155648K, used 40653K [0x00000000a0000000, 0x00000000a9800000, 0x00000000e0000000)
  object space 155648K, 26% used [0x00000000a0000000,0x00000000a27b37f0,0x00000000a9800000)
 Metaspace       used 59318K, capacity 61228K, committed 61440K, reserved 1101824K
  class space    used 7796K, capacity 8187K, committed 8192K, reserved 1048576K
Event: 110.955 GC heap after
Heap after GC invocations=22 (full 3):
 PSYoungGen      total 182272K, used 10568K [0x00000000e0000000, 0x00000000ee900000, 0x0000000100000000)
  eden space 148992K, 0% used [0x00000000e0000000,0x00000000e0000000,0x00000000e9180000)
  from space 33280K, 31% used [0x00000000e9180000,0x00000000e9bd2398,0x00000000eb200000)
  to   space 31744K, 0% used [0x00000000eca00000,0x00000000eca00000,0x00000000ee900000)
 ParOldGen       total 155648K, used 40661K [0x00000000a0000000, 0x00000000a9800000, 0x00000000e0000000)
  object space 155648K, 26% used [0x00000000a0000000,0x00000000a27b57f0,0x00000000a9800000)
 Metaspace       used 59318K, capacity 61228K, committed 61440K, reserved 1101824K
  class space    used 7796K, capacity 8187K, committed 8192K, reserved 1048576K
}
Event: 112.711 GC heap before
{Heap before GC invocations=23 (full 3):
 PSYoungGen      total 182272K, used 159560K [0x00000000e0000000, 0x00000000ee900000, 0x0000000100000000)
  eden space 148992K, 100% used [0x00000000e0000000,0x00000000e9180000,0x00000000e9180000)
  from space 33280K, 31% used [0x00000000e9180000,0x00000000e9bd2398,0x00000000eb200000)
  to   space 31744K, 0% used [0x00000000eca00000,0x00000000eca00000,0x00000000ee900000)
 ParOldGen       total 155648K, used 40661K [0x00000000a0000000, 0x00000000a9800000, 0x00000000e0000000)
  object space 155648K, 26% used [0x00000000a0000000,0x00000000a27b57f0,0x00000000a9800000)
 Metaspace       used 59379K, capacity 61304K, committed 61440K, reserved 1101824K
  class space    used 7797K, capacity 8187K, committed 8192K, reserved 1048576K
Event: 112.790 GC heap after
Heap after GC invocations=23 (full 3):
 PSYoungGen      total 205312K, used 21921K [0x00000000e0000000, 0x00000000ef280000, 0x0000000100000000)
  eden space 173568K, 0% used [0x00000000e0000000,0x00000000e0000000,0x00000000ea980000)
  from space 31744K, 69% used [0x00000000eca00000,0x00000000edf68778,0x00000000ee900000)
  to   space 33280K, 0% used [0x00000000ea980000,0x00000000ea980000,0x00000000eca00000)
 ParOldGen       total 155648K, used 40661K [0x00000000a0000000, 0x00000000a9800000, 0x00000000e0000000)
  object space 155648K, 26% used [0x00000000a0000000,0x00000000a27b57f0,0x00000000a9800000)
 Metaspace       used 59379K, capacity 61304K, committed 61440K, reserved 1101824K
  class space    used 7797K, capacity 8187K, committed 8192K, reserved 1048576K
}
Event: 114.409 GC heap before
{Heap before GC invocations=24 (full 3):
 PSYoungGen      total 205312K, used 195489K [0x00000000e0000000, 0x00000000ef280000, 0x0000000100000000)
  eden space 173568K, 100% used [0x00000000e0000000,0x00000000ea980000,0x00000000ea980000)
  from space 31744K, 69% used [0x00000000eca00000,0x00000000edf68778,0x00000000ee900000)
  to   space 33280K, 0% used [0x00000000ea980000,0x00000000ea980000,0x00000000eca00000)
 ParOldGen       total 155648K, used 40661K [0x00000000a0000000, 0x00000000a9800000, 0x00000000e0000000)
  object space 155648K, 26% used [0x00000000a0000000,0x00000000a27b57f0,0x00000000a9800000)
 Metaspace       used 59505K, capacity 61432K, committed 61440K, reserved 1101824K
  class space    used 7798K, capacity 8187K, committed 8192K, reserved 1048576K

