# JRE version: Java(TM) SE Runtime Environment (8.0_121-b13) (build 1.8.0_121-b13)
# Java VM: Java HotSpot(TM) 64-Bit Server VM (25.121-b13 mixed mode linux-amd64 compressed oops)
Heap:
 PSYoungGen      total 39424K, used 7398K [0x00000000e0000000, 0x00000000e4000000, 0x0000000100000000)
  eden space 29184K, 25% used [0x00000000e0000000,0x00000000e07398f8,0x00000000e1c80000)
  from space 10240K, 0% used [0x00000000e1c80000,0x00000000e1c80000,0x00000000e2680000)
  to   space 10240K, 0% used [0x00000000e3600000,0x00000000e3600000,0x00000000e4000000)
 ParOldGen       total 55808K, used 13816K [0x00000000a0000000, 0x00000000a3680000, 0x00000000e0000000)
  object space 55808K, 24% used [0x00000000a0000000,0x00000000a0d7e290,0x00000000a3680000)
 Metaspace       used 35380K, capacity 35964K, committed 36352K, reserved 1081344K
  class space    used 4845K, capacity 5018K, committed 5120K, reserved 1048576K
GC Heap History (10 events):
Event: 22.373 GC heap before
{Heap before GC invocations=9 (full 1):
 PSYoungGen      total 35328K, used 35324K [0x00000000e0000000, 0x00000000e3080000, 0x0000000100000000)
  eden space 30208K, 100% used [0x00000000e0000000,0x00000000e1d80000,0x00000000e1d80000)
  from space 5120K, 99% used [0x00000000e1e00000,0x00000000e22ff3c0,0x00000000e2300000)
  to   space 9728K, 0% used [0x00000000e2700000,0x00000000e2700000,0x00000000e3080000)
 ParOldGen       total 45056K, used 8534K [0x00000000a0000000, 0x00000000a2c00000, 0x00000000e0000000)
  object space 45056K, 18% used [0x00000000a0000000,0x00000000a0855940,0x00000000a2c00000)
 Metaspace       used 29195K, capacity 29666K, committed 29824K, reserved 1075200K
  class space    used 4075K, capacity 4220K, committed 4224K, reserved 1048576K
Event: 22.379 GC heap after
Heap after GC invocations=9 (full 1):
 PSYoungGen      total 37888K, used 4196K [0x00000000e0000000, 0x00000000e2f00000, 0x0000000100000000)
  eden space 29696K, 0% used [0x00000000e0000000,0x00000000e0000000,0x00000000e1d00000)
  from space 8192K, 51% used [0x00000000e2700000,0x00000000e2b19030,0x00000000e2f00000)
  to   space 9216K, 0% used [0x00000000e1d00000,0x00000000e1d00000,0x00000000e2600000)
 ParOldGen       total 45056K, used 8542K [0x00000000a0000000, 0x00000000a2c00000, 0x00000000e0000000)
  object space 45056K, 18% used [0x00000000a0000000,0x00000000a0857940,0x00000000a2c00000)
 Metaspace       used 29195K, capacity 29666K, committed 29824K, reserved 1075200K
  class space    used 4075K, capacity 4220K, committed 4224K, reserved 1048576K
}
Event: 32.605 GC heap before
{Heap before GC invocations=10 (full 1):
 PSYoungGen      total 37888K, used 33892K [0x00000000e0000000, 0x00000000e2f00000, 0x0000000100000000)
  eden space 29696K, 100% used [0x00000000e0000000,0x00000000e1d00000,0x00000000e1d00000)
  from space 8192K, 51% used [0x00000000e2700000,0x00000000e2b19030,0x00000000e2f00000)
  to   space 9216K, 0% used [0x00000000e1d00000,0x00000000e1d00000,0x00000000e2600000)
 ParOldGen       total 45056K, used 8542K [0x00000000a0000000, 0x00000000a2c00000, 0x00000000e0000000)
  object space 45056K, 18% used [0x00000000a0000000,0x00000000a0857940,0x00000000a2c00000)
 Metaspace       used 32980K, capacity 33680K, committed 34048K, reserved 1079296K
  class space    used 4541K, capacity 4754K, committed 4864K, reserved 1048576K
Event: 32.621 GC heap after
Heap after GC invocations=10 (full 1):
 PSYoungGen      total 38400K, used 8295K [0x00000000e0000000, 0x00000000e3080000, 0x0000000100000000)
  eden space 29184K, 0% used [0x00000000e0000000,0x00000000e0000000,0x00000000e1c80000)
  from space 9216K, 90% used [0x00000000e1d00000,0x00000000e2519f08,0x00000000e2600000)
  to   space 10240K, 0% used [0x00000000e2680000,0x00000000e2680000,0x00000000e3080000)
 ParOldGen       total 45056K, used 8550K [0x00000000a0000000, 0x00000000a2c00000, 0x00000000e0000000)
  object space 45056K, 18% used [0x00000000a0000000,0x00000000a0859940,0x00000000a2c00000)
 Metaspace       used 32980K, capacity 33680K, committed 34048K, reserved 1079296K
  class space    used 4541K, capacity 4754K, committed 4864K, reserved 1048576K
}
Event: 33.364 GC heap before
{Heap before GC invocations=11 (full 1):
 PSYoungGen      total 38400K, used 37479K [0x00000000e0000000, 0x00000000e3080000, 0x0000000100000000)
  eden space 29184K, 100% used [0x00000000e0000000,0x00000000e1c80000,0x00000000e1c80000)
  from space 9216K, 90% used [0x00000000e1d00000,0x00000000e2519f08,0x00000000e2600000)
  to   space 10240K, 0% used [0x00000000e2680000,0x00000000e2680000,0x00000000e3080000)
 ParOldGen       total 45056K, used 8550K [0x00000000a0000000, 0x00000000a2c00000, 0x00000000e0000000)
  object space 45056K, 18% used [0x00000000a0000000,0x00000000a0859940,0x00000000a2c00000)
 Metaspace       used 34488K, capacity 35102K, committed 35456K, reserved 1079296K
  class space    used 4721K, capacity 4885K, committed 4992K, reserved 1048576K
Event: 33.388 GC heap after
Heap after GC invocations=11 (full 1):
 PSYoungGen      total 39424K, used 7840K [0x00000000e0000000, 0x00000000e3d00000, 0x0000000100000000)
  eden space 29184K, 0% used [0x00000000e0000000,0x00000000e0000000,0x00000000e1c80000)
  from space 10240K, 76% used [0x00000000e2680000,0x00000000e2e282d8,0x00000000e3080000)
  to   space 10240K, 0% used [0x00000000e1c80000,0x00000000e1c80000,0x00000000e2680000)
 ParOldGen       total 45056K, used 8558K [0x00000000a0000000, 0x00000000a2c00000, 0x00000000e0000000)
  object space 45056K, 18% used [0x00000000a0000000,0x00000000a085b940,0x00000000a2c00000)
 Metaspace       used 34488K, capacity 35102K, committed 35456K, reserved 1079296K
  class space    used 4721K, capacity 4885K, committed 4992K, reserved 1048576K
}
Event: 33.581 GC heap before
{Heap before GC invocations=12 (full 1):
 PSYoungGen      total 39424K, used 20304K [0x00000000e0000000, 0x00000000e3d00000, 0x0000000100000000)
  eden space 29184K, 42% used [0x00000000e0000000,0x00000000e0c2c0c0,0x00000000e1c80000)
  from space 10240K, 76% used [0x00000000e2680000,0x00000000e2e282d8,0x00000000e3080000)
  to   space 10240K, 0% used [0x00000000e1c80000,0x00000000e1c80000,0x00000000e2680000)
 ParOldGen       total 45056K, used 8558K [0x00000000a0000000, 0x00000000a2c00000, 0x00000000e0000000)
  object space 45056K, 18% used [0x00000000a0000000,0x00000000a085b940,0x00000000a2c00000)
 Metaspace       used 34660K, capacity 35230K, committed 35456K, reserved 1079296K
  class space    used 4746K, capacity 4885K, committed 4992K, reserved 1048576K
Event: 33.600 GC heap after
Heap after GC invocations=12 (full 1):
 PSYoungGen      total 39424K, used 7216K [0x00000000e0000000, 0x00000000e4000000, 0x0000000100000000)
  eden space 29184K, 0% used [0x00000000e0000000,0x00000000e0000000,0x00000000e1c80000)
  from space 10240K, 70% used [0x00000000e1c80000,0x00000000e238c020,0x00000000e2680000)
  to   space 10240K, 0% used [0x00000000e3600000,0x00000000e3600000,0x00000000e4000000)
 ParOldGen       total 45056K, used 8566K [0x00000000a0000000, 0x00000000a2c00000, 0x00000000e0000000)
  object space 45056K, 19% used [0x00000000a0000000,0x00000000a085d940,0x00000000a2c00000)
 Metaspace       used 34660K, capacity 35230K, committed 35456K, reserved 1079296K
  class space    used 4746K, capacity 4885K, committed 4992K, reserved 1048576K
}
Event: 33.600 GC heap before
{Heap before GC invocations=13 (full 2):
 PSYoungGen      total 39424K, used 7216K [0x00000000e0000000, 0x00000000e4000000, 0x0000000100000000)
  eden space 29184K, 0% used [0x00000000e0000000,0x00000000e0000000,0x00000000e1c80000)
  from space 10240K, 70% used [0x00000000e1c80000,0x00000000e238c020,0x00000000e2680000)
  to   space 10240K, 0% used [0x00000000e3600000,0x00000000e3600000,0x00000000e4000000)
 ParOldGen       total 45056K, used 8566K [0x00000000a0000000, 0x00000000a2c00000, 0x00000000e0000000)
  object space 45056K, 19% used [0x00000000a0000000,0x00000000a085d940,0x00000000a2c00000)
 Metaspace       used 34660K, capacity 35230K, committed 35456K, reserved 1079296K
  class space    used 4746K, capacity 4885K, committed 4992K, reserved 1048576K
Event: 33.812 GC heap after
Heap after GC invocations=13 (full 2):
 PSYoungGen      total 39424K, used 0K [0x00000000e0000000, 0x00000000e4000000, 0x0000000100000000)
  eden space 29184K, 0% used [0x00000000e0000000,0x00000000e0000000,0x00000000e1c80000)
  from space 10240K, 0% used [0x00000000e1c80000,0x00000000e1c80000,0x00000000e2680000)
  to   space 10240K, 0% used [0x00000000e3600000,0x00000000e3600000,0x00000000e4000000)
 ParOldGen       total 55808K, used 13816K [0x00000000a0000000, 0x00000000a3680000, 0x00000000e0000000)
  object space 55808K, 24% used [0x00000000a0000000,0x00000000a0d7e290,0x00000000a3680000)
 Metaspace       used 34660K, capacity 35230K, committed 35456K, reserved 1079296K
  class space    used 4746K, capacity 4885K, committed 4992K, reserved 1048576K
}

