# JRE version: Java(TM) SE Runtime Environment (8.0_121-b13) (build 1.8.0_121-b13)
# Java VM: Java HotSpot(TM) 64-Bit Server VM (25.121-b13 mixed mode linux-amd64 compressed oops)
Heap:
 PSYoungGen      total 59904K, used 44349K [0x00000000e0000000, 0x00000000e4400000, 0x0000000100000000)
  eden space 50176K, 78% used [0x00000000e0000000,0x00000000e2692010,0x00000000e3100000)
  from space 9728K, 49% used [0x00000000e3a80000,0x00000000e3f3d6f0,0x00000000e4400000)
  to   space 9728K, 0% used [0x00000000e3100000,0x00000000e3100000,0x00000000e3a80000)
 ParOldGen       total 59392K, used 8460K [0x00000000a0000000, 0x00000000a3a00000, 0x00000000e0000000)
  object space 59392K, 14% used [0x00000000a0000000,0x00000000a0843380,0x00000000a3a00000)
 Metaspace       used 28546K, capacity 28958K, committed 29184K, reserved 1075200K
  class space    used 3992K, capacity 4088K, committed 4096K, reserved 1048576K
GC Heap History (10 events):
Event: 10.314 GC heap before
{Heap before GC invocations=3 (full 0):
 PSYoungGen      total 36864K, used 36842K [0x00000000e0000000, 0x00000000e2900000, 0x0000000100000000)
  eden space 31744K, 100% used [0x00000000e0000000,0x00000000e1f00000,0x00000000e1f00000)
  from space 5120K, 99% used [0x00000000e2400000,0x00000000e28fabc8,0x00000000e2900000)
  to   space 5120K, 0% used [0x00000000e1f00000,0x00000000e1f00000,0x00000000e2400000)
 ParOldGen       total 84992K, used 703K [0x00000000a0000000, 0x00000000a5300000, 0x00000000e0000000)
  object space 84992K, 0% used [0x00000000a0000000,0x00000000a00afd88,0x00000000a5300000)
 Metaspace       used 16019K, capacity 16404K, committed 16512K, reserved 1062912K
  class space    used 2294K, capacity 2413K, committed 2432K, reserved 1048576K
Event: 10.328 GC heap after
Heap after GC invocations=3 (full 0):
 PSYoungGen      total 36864K, used 5111K [0x00000000e0000000, 0x00000000e2900000, 0x0000000100000000)
  eden space 31744K, 0% used [0x00000000e0000000,0x00000000e0000000,0x00000000e1f00000)
  from space 5120K, 99% used [0x00000000e1f00000,0x00000000e23fdce8,0x00000000e2400000)
  to   space 5120K, 0% used [0x00000000e2400000,0x00000000e2400000,0x00000000e2900000)
 ParOldGen       total 84992K, used 3052K [0x00000000a0000000, 0x00000000a5300000, 0x00000000e0000000)
  object space 84992K, 3% used [0x00000000a0000000,0x00000000a02fb200,0x00000000a5300000)
 Metaspace       used 16019K, capacity 16404K, committed 16512K, reserved 1062912K
  class space    used 2294K, capacity 2413K, committed 2432K, reserved 1048576K
}
Event: 12.625 GC heap before
{Heap before GC invocations=4 (full 0):
 PSYoungGen      total 36864K, used 30211K [0x00000000e0000000, 0x00000000e2900000, 0x0000000100000000)
  eden space 31744K, 79% used [0x00000000e0000000,0x00000000e1882f78,0x00000000e1f00000)
  from space 5120K, 99% used [0x00000000e1f00000,0x00000000e23fdce8,0x00000000e2400000)
  to   space 5120K, 0% used [0x00000000e2400000,0x00000000e2400000,0x00000000e2900000)
 ParOldGen       total 84992K, used 3052K [0x00000000a0000000, 0x00000000a5300000, 0x00000000e0000000)
  object space 84992K, 3% used [0x00000000a0000000,0x00000000a02fb200,0x00000000a5300000)
 Metaspace       used 20836K, capacity 21176K, committed 21296K, reserved 1067008K
  class space    used 2815K, capacity 2933K, committed 2944K, reserved 1048576K
Event: 12.662 GC heap after
Heap after GC invocations=4 (full 0):
 PSYoungGen      total 36864K, used 5104K [0x00000000e0000000, 0x00000000e2900000, 0x0000000100000000)
  eden space 31744K, 0% used [0x00000000e0000000,0x00000000e0000000,0x00000000e1f00000)
  from space 5120K, 99% used [0x00000000e2400000,0x00000000e28fc060,0x00000000e2900000)
  to   space 5120K, 0% used [0x00000000e1f00000,0x00000000e1f00000,0x00000000e2400000)
 ParOldGen       total 84992K, used 6555K [0x00000000a0000000, 0x00000000a5300000, 0x00000000e0000000)
  object space 84992K, 7% used [0x00000000a0000000,0x00000000a0666f60,0x00000000a5300000)
 Metaspace       used 20836K, capacity 21176K, committed 21296K, reserved 1067008K
  class space    used 2815K, capacity 2933K, committed 2944K, reserved 1048576K
}
Event: 12.662 GC heap before
{Heap before GC invocations=5 (full 1):
 PSYoungGen      total 36864K, used 5104K [0x00000000e0000000, 0x00000000e2900000, 0x0000000100000000)
  eden space 31744K, 0% used [0x00000000e0000000,0x00000000e0000000,0x00000000e1f00000)
  from space 5120K, 99% used [0x00000000e2400000,0x00000000e28fc060,0x00000000e2900000)
  to   space 5120K, 0% used [0x00000000e1f00000,0x00000000e1f00000,0x00000000e2400000)
 ParOldGen       total 84992K, used 6555K [0x00000000a0000000, 0x00000000a5300000, 0x00000000e0000000)
  object space 84992K, 7% used [0x00000000a0000000,0x00000000a0666f60,0x00000000a5300000)
 Metaspace       used 20836K, capacity 21176K, committed 21296K, reserved 1067008K
  class space    used 2815K, capacity 2933K, committed 2944K, reserved 1048576K
Event: 12.727 GC heap after
Heap after GC invocations=5 (full 1):
 PSYoungGen      total 36864K, used 0K [0x00000000e0000000, 0x00000000e2900000, 0x0000000100000000)
  eden space 31744K, 0% used [0x00000000e0000000,0x00000000e0000000,0x00000000e1f00000)
  from space 5120K, 0% used [0x00000000e2400000,0x00000000e2400000,0x00000000e2900000)
  to   space 5120K, 0% used [0x00000000e1f00000,0x00000000e1f00000,0x00000000e2400000)
 ParOldGen       total 59392K, used 8460K [0x00000000a0000000, 0x00000000a3a00000, 0x00000000e0000000)
  object space 59392K, 14% used [0x00000000a0000000,0x00000000a0843380,0x00000000a3a00000)
 Metaspace       used 20836K, capacity 21176K, committed 21296K, reserved 1067008K
  class space    used 2815K, capacity 2933K, committed 2944K, reserved 1048576K
}
Event: 14.219 GC heap before
{Heap before GC invocations=6 (full 1):
 PSYoungGen      total 36864K, used 31744K [0x00000000e0000000, 0x00000000e2900000, 0x0000000100000000)
  eden space 31744K, 100% used [0x00000000e0000000,0x00000000e1f00000,0x00000000e1f00000)
  from space 5120K, 0% used [0x00000000e2400000,0x00000000e2400000,0x00000000e2900000)
  to   space 5120K, 0% used [0x00000000e1f00000,0x00000000e1f00000,0x00000000e2400000)
 ParOldGen       total 59392K, used 8460K [0x00000000a0000000, 0x00000000a3a00000, 0x00000000e0000000)
  object space 59392K, 14% used [0x00000000a0000000,0x00000000a0843380,0x00000000a3a00000)
 Metaspace       used 23699K, capacity 24008K, committed 24192K, reserved 1071104K
  class space    used 3293K, capacity 3401K, committed 3456K, reserved 1048576K
Event: 14.232 GC heap after
Heap after GC invocations=6 (full 1):
 PSYoungGen      total 36864K, used 4543K [0x00000000e0000000, 0x00000000e4480000, 0x0000000100000000)
  eden space 31744K, 0% used [0x00000000e0000000,0x00000000e0000000,0x00000000e1f00000)
  from space 5120K, 88% used [0x00000000e1f00000,0x00000000e236fe68,0x00000000e2400000)
  to   space 10240K, 0% used [0x00000000e3a80000,0x00000000e3a80000,0x00000000e4480000)
 ParOldGen       total 59392K, used 8460K [0x00000000a0000000, 0x00000000a3a00000, 0x00000000e0000000)
  object space 59392K, 14% used [0x00000000a0000000,0x00000000a0843380,0x00000000a3a00000)
 Metaspace       used 23699K, capacity 24008K, committed 24192K, reserved 1071104K
  class space    used 3293K, capacity 3401K, committed 3456K, reserved 1048576K
}
Event: 15.397 GC heap before
{Heap before GC invocations=7 (full 1):
 PSYoungGen      total 36864K, used 36287K [0x00000000e0000000, 0x00000000e4480000, 0x0000000100000000)
  eden space 31744K, 100% used [0x00000000e0000000,0x00000000e1f00000,0x00000000e1f00000)
  from space 5120K, 88% used [0x00000000e1f00000,0x00000000e236fe68,0x00000000e2400000)
  to   space 10240K, 0% used [0x00000000e3a80000,0x00000000e3a80000,0x00000000e4480000)
 ParOldGen       total 59392K, used 8460K [0x00000000a0000000, 0x00000000a3a00000, 0x00000000e0000000)
  object space 59392K, 14% used [0x00000000a0000000,0x00000000a0843380,0x00000000a3a00000)
 Metaspace       used 25771K, capacity 26238K, committed 26368K, reserved 1071104K
  class space    used 3664K, capacity 3800K, committed 3840K, reserved 1048576K
Event: 15.407 GC heap after
Heap after GC invocations=7 (full 1):
 PSYoungGen      total 59904K, used 4853K [0x00000000e0000000, 0x00000000e4400000, 0x0000000100000000)
  eden space 50176K, 0% used [0x00000000e0000000,0x00000000e0000000,0x00000000e3100000)
  from space 9728K, 49% used [0x00000000e3a80000,0x00000000e3f3d6f0,0x00000000e4400000)
  to   space 9728K, 0% used [0x00000000e3100000,0x00000000e3100000,0x00000000e3a80000)
 ParOldGen       total 59392K, used 8460K [0x00000000a0000000, 0x00000000a3a00000, 0x00000000e0000000)
  object space 59392K, 14% used [0x00000000a0000000,0x00000000a0843380,0x00000000a3a00000)
 Metaspace       used 25771K, capacity 26238K, committed 26368K, reserved 1071104K
  class space    used 3664K, capacity 3800K, committed 3840K, reserved 1048576K
}

