# JRE version: Java(TM) SE Runtime Environment (8.0_121-b13) (build 1.8.0_121-b13)
# Java VM: Java HotSpot(TM) 64-Bit Server VM (25.121-b13 mixed mode linux-amd64 compressed oops)
Heap:
 PSYoungGen      total 120320K, used 82264K [0x00000000e0000000, 0x00000000e9380000, 0x0000000100000000)
  eden space 119808K, 68% used [0x00000000e0000000,0x00000000e5056348,0x00000000e7500000)
  from space 512K, 0% used [0x00000000e8100000,0x00000000e8100000,0x00000000e8180000)
  to   space 12288K, 0% used [0x00000000e7500000,0x00000000e7500000,0x00000000e8100000)
 ParOldGen       total 120320K, used 16792K [0x00000000a0000000, 0x00000000a7580000, 0x00000000e0000000)
  object space 120320K, 13% used [0x00000000a0000000,0x00000000a1066230,0x00000000a7580000)
 Metaspace       used 41577K, capacity 42392K, committed 42624K, reserved 1085440K
  class space    used 5733K, capacity 5933K, committed 6016K, reserved 1048576K
GC Heap History (10 events):
Event: 2.062 GC heap before
{Heap before GC invocations=4 (full 1):
 PSYoungGen      total 68608K, used 5088K [0x00000000e0000000, 0x00000000e8600000, 0x0000000100000000)
  eden space 63488K, 0% used [0x00000000e0000000,0x00000000e0000000,0x00000000e3e00000)
  from space 5120K, 99% used [0x00000000e3e00000,0x00000000e42f8030,0x00000000e4300000)
  to   space 5120K, 0% used [0x00000000e8100000,0x00000000e8100000,0x00000000e8600000)
 ParOldGen       total 84992K, used 7370K [0x00000000a0000000, 0x00000000a5300000, 0x00000000e0000000)
  object space 84992K, 8% used [0x00000000a0000000,0x00000000a0732ac0,0x00000000a5300000)
 Metaspace       used 20815K, capacity 21188K, committed 21296K, reserved 1067008K
  class space    used 2814K, capacity 2933K, committed 2944K, reserved 1048576K
Event: 2.157 GC heap after
Heap after GC invocations=4 (full 1):
 PSYoungGen      total 68608K, used 0K [0x00000000e0000000, 0x00000000e8600000, 0x0000000100000000)
  eden space 63488K, 0% used [0x00000000e0000000,0x00000000e0000000,0x00000000e3e00000)
  from space 5120K, 0% used [0x00000000e3e00000,0x00000000e3e00000,0x00000000e4300000)
  to   space 5120K, 0% used [0x00000000e8100000,0x00000000e8100000,0x00000000e8600000)
 ParOldGen       total 73728K, used 11377K [0x00000000a0000000, 0x00000000a4800000, 0x00000000e0000000)
  object space 73728K, 15% used [0x00000000a0000000,0x00000000a0b1c778,0x00000000a4800000)
 Metaspace       used 20815K, capacity 21188K, committed 21296K, reserved 1067008K
  class space    used 2814K, capacity 2933K, committed 2944K, reserved 1048576K
}
Event: 3.170 GC heap before
{Heap before GC invocations=5 (full 1):
 PSYoungGen      total 68608K, used 63488K [0x00000000e0000000, 0x00000000e8600000, 0x0000000100000000)
  eden space 63488K, 100% used [0x00000000e0000000,0x00000000e3e00000,0x00000000e3e00000)
  from space 5120K, 0% used [0x00000000e3e00000,0x00000000e3e00000,0x00000000e4300000)
  to   space 5120K, 0% used [0x00000000e8100000,0x00000000e8100000,0x00000000e8600000)
 ParOldGen       total 73728K, used 11377K [0x00000000a0000000, 0x00000000a4800000, 0x00000000e0000000)
  object space 73728K, 15% used [0x00000000a0000000,0x00000000a0b1c778,0x00000000a4800000)
 Metaspace       used 25716K, capacity 26154K, committed 26368K, reserved 1071104K
  class space    used 3654K, capacity 3768K, committed 3840K, reserved 1048576K
Event: 3.181 GC heap after
Heap after GC invocations=5 (full 1):
 PSYoungGen      total 84480K, used 5108K [0x00000000e0000000, 0x00000000e8600000, 0x0000000100000000)
  eden space 79360K, 0% used [0x00000000e0000000,0x00000000e0000000,0x00000000e4d80000)
  from space 5120K, 99% used [0x00000000e8100000,0x00000000e85fd0c8,0x00000000e8600000)
  to   space 5120K, 0% used [0x00000000e7c00000,0x00000000e7c00000,0x00000000e8100000)
 ParOldGen       total 73728K, used 13833K [0x00000000a0000000, 0x00000000a4800000, 0x00000000e0000000)
  object space 73728K, 18% used [0x00000000a0000000,0x00000000a0d824f8,0x00000000a4800000)
 Metaspace       used 25716K, capacity 26154K, committed 26368K, reserved 1071104K
  class space    used 3654K, capacity 3768K, committed 3840K, reserved 1048576K
}
Event: 5.022 GC heap before
{Heap before GC invocations=6 (full 1):
 PSYoungGen      total 84480K, used 84468K [0x00000000e0000000, 0x00000000e8600000, 0x0000000100000000)
  eden space 79360K, 100% used [0x00000000e0000000,0x00000000e4d80000,0x00000000e4d80000)
  from space 5120K, 99% used [0x00000000e8100000,0x00000000e85fd0c8,0x00000000e8600000)
  to   space 5120K, 0% used [0x00000000e7c00000,0x00000000e7c00000,0x00000000e8100000)
 ParOldGen       total 73728K, used 13833K [0x00000000a0000000, 0x00000000a4800000, 0x00000000e0000000)
  object space 73728K, 18% used [0x00000000a0000000,0x00000000a0d824f8,0x00000000a4800000)
 Metaspace       used 29979K, capacity 30530K, committed 30720K, reserved 1075200K
  class space    used 4179K, capacity 4335K, committed 4352K, reserved 1048576K
Event: 5.036 GC heap after
Heap after GC invocations=6 (full 1):
 PSYoungGen      total 102400K, used 5092K [0x00000000e0000000, 0x00000000e8180000, 0x0000000100000000)
  eden space 97280K, 0% used [0x00000000e0000000,0x00000000e0000000,0x00000000e5f00000)
  from space 5120K, 99% used [0x00000000e7c00000,0x00000000e80f9030,0x00000000e8100000)
  to   space 512K, 0% used [0x00000000e8100000,0x00000000e8100000,0x00000000e8180000)
 ParOldGen       total 73728K, used 16387K [0x00000000a0000000, 0x00000000a4800000, 0x00000000e0000000)
  object space 73728K, 22% used [0x00000000a0000000,0x00000000a1000fd8,0x00000000a4800000)
 Metaspace       used 29979K, capacity 30530K, committed 30720K, reserved 1075200K
  class space    used 4179K, capacity 4335K, committed 4352K, reserved 1048576K
}
Event: 5.728 GC heap before
{Heap before GC invocations=7 (full 1):
 PSYoungGen      total 102400K, used 64692K [0x00000000e0000000, 0x00000000e8180000, 0x0000000100000000)
  eden space 97280K, 61% used [0x00000000e0000000,0x00000000e3a34028,0x00000000e5f00000)
  from space 5120K, 99% used [0x00000000e7c00000,0x00000000e80f9030,0x00000000e8100000)
  to   space 512K, 0% used [0x00000000e8100000,0x00000000e8100000,0x00000000e8180000)
 ParOldGen       total 73728K, used 16387K [0x00000000a0000000, 0x00000000a4800000, 0x00000000e0000000)
  object space 73728K, 22% used [0x00000000a0000000,0x00000000a1000fd8,0x00000000a4800000)
 Metaspace       used 34649K, capacity 35242K, committed 35456K, reserved 1079296K
  class space    used 4752K, capacity 4885K, committed 4992K, reserved 1048576K
Event: 5.754 GC heap after
Heap after GC invocations=7 (full 1):
 PSYoungGen      total 120320K, used 512K [0x00000000e0000000, 0x00000000e9380000, 0x0000000100000000)
  eden space 119808K, 0% used [0x00000000e0000000,0x00000000e0000000,0x00000000e7500000)
  from space 512K, 100% used [0x00000000e8100000,0x00000000e8180000,0x00000000e8180000)
  to   space 12288K, 0% used [0x00000000e7500000,0x00000000e7500000,0x00000000e8100000)
 ParOldGen       total 73728K, used 26122K [0x00000000a0000000, 0x00000000a4800000, 0x00000000e0000000)
  object space 73728K, 35% used [0x00000000a0000000,0x00000000a19828c0,0x00000000a4800000)
 Metaspace       used 34649K, capacity 35242K, committed 35456K, reserved 1079296K
  class space    used 4752K, capacity 4885K, committed 4992K, reserved 1048576K
}
Event: 5.754 GC heap before
{Heap before GC invocations=8 (full 2):
 PSYoungGen      total 120320K, used 512K [0x00000000e0000000, 0x00000000e9380000, 0x0000000100000000)
  eden space 119808K, 0% used [0x00000000e0000000,0x00000000e0000000,0x00000000e7500000)
  from space 512K, 100% used [0x00000000e8100000,0x00000000e8180000,0x00000000e8180000)
  to   space 12288K, 0% used [0x00000000e7500000,0x00000000e7500000,0x00000000e8100000)
 ParOldGen       total 73728K, used 26122K [0x00000000a0000000, 0x00000000a4800000, 0x00000000e0000000)
  object space 73728K, 35% used [0x00000000a0000000,0x00000000a19828c0,0x00000000a4800000)
 Metaspace       used 34649K, capacity 35242K, committed 35456K, reserved 1079296K
  class space    used 4752K, capacity 4885K, committed 4992K, reserved 1048576K
Event: 5.908 GC heap after
Heap after GC invocations=8 (full 2):
 PSYoungGen      total 120320K, used 0K [0x00000000e0000000, 0x00000000e9380000, 0x0000000100000000)
  eden space 119808K, 0% used [0x00000000e0000000,0x00000000e0000000,0x00000000e7500000)
  from space 512K, 0% used [0x00000000e8100000,0x00000000e8100000,0x00000000e8180000)
  to   space 12288K, 0% used [0x00000000e7500000,0x00000000e7500000,0x00000000e8100000)
 ParOldGen       total 120320K, used 16792K [0x00000000a0000000, 0x00000000a7580000, 0x00000000e0000000)
  object space 120320K, 13% used [0x00000000a0000000,0x00000000a1066230,0x00000000a7580000)
 Metaspace       used 34649K, capacity 35242K, committed 35456K, reserved 1079296K
  class space    used 4752K, capacity 4885K, committed 4992K, reserved 1048576K
}

