# JRE version: Java(TM) SE Runtime Environment (8.0_121-b13) (build 1.8.0_121-b13)
# Java VM: Java HotSpot(TM) 64-Bit Server VM (25.121-b13 mixed mode linux-amd64 compressed oops)
Heap:
 PSYoungGen      total 272384K, used 248428K [0x00000000e0000000, 0x00000000f3080000, 0x0000000100000000)
  eden space 242688K, 93% used [0x00000000e0000000,0x00000000edd4f428,0x00000000eed00000)
  from space 29696K, 73% used [0x00000000f0b80000,0x00000000f20cbe90,0x00000000f2880000)
  to   space 31232K, 0% used [0x00000000eed00000,0x00000000eed00000,0x00000000f0b80000)
 ParOldGen       total 188416K, used 53520K [0x00000000a0000000, 0x00000000ab800000, 0x00000000e0000000)
  object space 188416K, 28% used [0x00000000a0000000,0x00000000a34442e8,0x00000000ab800000)
 Metaspace       used 61544K, capacity 64972K, committed 65240K, reserved 1105920K
  class space    used 8278K, capacity 8895K, committed 8960K, reserved 1048576K
GC Heap History (10 events):
Event: 13.707 GC heap before
{Heap before GC invocations=13 (full 3):
 PSYoungGen      total 211968K, used 25056K [0x00000000e0000000, 0x00000000ef480000, 0x0000000100000000)
  eden space 186880K, 0% used [0x00000000e0000000,0x00000000e0000000,0x00000000eb680000)
  from space 25088K, 99% used [0x00000000ed300000,0x00000000eeb781f8,0x00000000eeb80000)
  to   space 29184K, 0% used [0x00000000eb680000,0x00000000eb680000,0x00000000ed300000)
 ParOldGen       total 115200K, used 37150K [0x00000000a0000000, 0x00000000a7080000, 0x00000000e0000000)
  object space 115200K, 32% used [0x00000000a0000000,0x00000000a2447b18,0x00000000a7080000)
 Metaspace       used 56512K, capacity 58870K, committed 59028K, reserved 1099776K
  class space    used 7837K, capacity 8356K, committed 8448K, reserved 1048576K
Event: 14.010 GC heap after
Heap after GC invocations=13 (full 3):
 PSYoungGen      total 211968K, used 0K [0x00000000e0000000, 0x00000000ef480000, 0x0000000100000000)
  eden space 186880K, 0% used [0x00000000e0000000,0x00000000e0000000,0x00000000eb680000)
  from space 25088K, 0% used [0x00000000ed300000,0x00000000ed300000,0x00000000eeb80000)
  to   space 29184K, 0% used [0x00000000eb680000,0x00000000eb680000,0x00000000ed300000)
 ParOldGen       total 188416K, used 53488K [0x00000000a0000000, 0x00000000ab800000, 0x00000000e0000000)
  object space 188416K, 28% used [0x00000000a0000000,0x00000000a343c2e8,0x00000000ab800000)
 Metaspace       used 56512K, capacity 58870K, committed 59028K, reserved 1099776K
  class space    used 7837K, capacity 8356K, committed 8448K, reserved 1048576K
}
Event: 160.939 GC heap before
{Heap before GC invocations=14 (full 3):
 PSYoungGen      total 211968K, used 186880K [0x00000000e0000000, 0x00000000ef480000, 0x0000000100000000)
  eden space 186880K, 100% used [0x00000000e0000000,0x00000000eb680000,0x00000000eb680000)
  from space 25088K, 0% used [0x00000000ed300000,0x00000000ed300000,0x00000000eeb80000)
  to   space 29184K, 0% used [0x00000000eb680000,0x00000000eb680000,0x00000000ed300000)
 ParOldGen       total 188416K, used 53488K [0x00000000a0000000, 0x00000000ab800000, 0x00000000e0000000)
  object space 188416K, 28% used [0x00000000a0000000,0x00000000a343c2e8,0x00000000ab800000)
 Metaspace       used 58278K, capacity 60952K, committed 61016K, reserved 1101824K
  class space    used 8004K, capacity 8567K, committed 8576K, reserved 1048576K
Event: 160.961 GC heap after
Heap after GC invocations=14 (full 3):
 PSYoungGen      total 216064K, used 6711K [0x00000000e0000000, 0x00000000f1180000, 0x0000000100000000)
  eden space 186880K, 0% used [0x00000000e0000000,0x00000000e0000000,0x00000000eb680000)
  from space 29184K, 22% used [0x00000000eb680000,0x00000000ebd0dfa8,0x00000000ed300000)
  to   space 28672K, 0% used [0x00000000ef580000,0x00000000ef580000,0x00000000f1180000)
 ParOldGen       total 188416K, used 53496K [0x00000000a0000000, 0x00000000ab800000, 0x00000000e0000000)
  object space 188416K, 28% used [0x00000000a0000000,0x00000000a343e2e8,0x00000000ab800000)
 Metaspace       used 58278K, capacity 60952K, committed 61016K, reserved 1101824K
  class space    used 8004K, capacity 8567K, committed 8576K, reserved 1048576K
}
Event: 306.535 GC heap before
{Heap before GC invocations=15 (full 3):
 PSYoungGen      total 216064K, used 193591K [0x00000000e0000000, 0x00000000f1180000, 0x0000000100000000)
  eden space 186880K, 100% used [0x00000000e0000000,0x00000000eb680000,0x00000000eb680000)
  from space 29184K, 22% used [0x00000000eb680000,0x00000000ebd0dfa8,0x00000000ed300000)
  to   space 28672K, 0% used [0x00000000ef580000,0x00000000ef580000,0x00000000f1180000)
 ParOldGen       total 188416K, used 53496K [0x00000000a0000000, 0x00000000ab800000, 0x00000000e0000000)
  object space 188416K, 28% used [0x00000000a0000000,0x00000000a343e2e8,0x00000000ab800000)
 Metaspace       used 59462K, capacity 62416K, committed 62680K, reserved 1103872K
  class space    used 8113K, capacity 8677K, committed 8704K, reserved 1048576K
Event: 306.555 GC heap after
Heap after GC invocations=15 (full 3):
 PSYoungGen      total 238080K, used 6594K [0x00000000e0000000, 0x00000000f0a80000, 0x0000000100000000)
  eden space 216576K, 0% used [0x00000000e0000000,0x00000000e0000000,0x00000000ed380000)
  from space 21504K, 30% used [0x00000000ef580000,0x00000000efbf0aa8,0x00000000f0a80000)
  to   space 28160K, 0% used [0x00000000ed380000,0x00000000ed380000,0x00000000eef00000)
 ParOldGen       total 188416K, used 53504K [0x00000000a0000000, 0x00000000ab800000, 0x00000000e0000000)
  object space 188416K, 28% used [0x00000000a0000000,0x00000000a34402e8,0x00000000ab800000)
 Metaspace       used 59462K, capacity 62416K, committed 62680K, reserved 1103872K
  class space    used 8113K, capacity 8677K, committed 8704K, reserved 1048576K
}
Event: 595.106 GC heap before
{Heap before GC invocations=16 (full 3):
 PSYoungGen      total 238080K, used 222713K [0x00000000e0000000, 0x00000000f0a80000, 0x0000000100000000)
  eden space 216576K, 99% used [0x00000000e0000000,0x00000000ed30dca0,0x00000000ed380000)
  from space 21504K, 30% used [0x00000000ef580000,0x00000000efbf0aa8,0x00000000f0a80000)
  to   space 28160K, 0% used [0x00000000ed380000,0x00000000ed380000,0x00000000eef00000)
 ParOldGen       total 188416K, used 53504K [0x00000000a0000000, 0x00000000ab800000, 0x00000000e0000000)
  object space 188416K, 28% used [0x00000000a0000000,0x00000000a34402e8,0x00000000ab800000)
 Metaspace       used 60439K, capacity 63446K, committed 63576K, reserved 1103872K
  class space    used 8182K, capacity 8760K, committed 8832K, reserved 1048576K
Event: 595.128 GC heap after
Heap after GC invocations=16 (full 3):
 PSYoungGen      total 244736K, used 20439K [0x00000000e0000000, 0x00000000f2880000, 0x0000000100000000)
  eden space 216576K, 0% used [0x00000000e0000000,0x00000000e0000000,0x00000000ed380000)
  from space 28160K, 72% used [0x00000000ed380000,0x00000000ee775d18,0x00000000eef00000)
  to   space 29696K, 0% used [0x00000000f0b80000,0x00000000f0b80000,0x00000000f2880000)
 ParOldGen       total 188416K, used 53512K [0x00000000a0000000, 0x00000000ab800000, 0x00000000e0000000)
  object space 188416K, 28% used [0x00000000a0000000,0x00000000a34422e8,0x00000000ab800000)
 Metaspace       used 60439K, capacity 63446K, committed 63576K, reserved 1103872K
  class space    used 8182K, capacity 8760K, committed 8832K, reserved 1048576K
}
Event: 597.124 GC heap before
{Heap before GC invocations=17 (full 3):
 PSYoungGen      total 244736K, used 237015K [0x00000000e0000000, 0x00000000f2880000, 0x0000000100000000)
  eden space 216576K, 100% used [0x00000000e0000000,0x00000000ed380000,0x00000000ed380000)
  from space 28160K, 72% used [0x00000000ed380000,0x00000000ee775d18,0x00000000eef00000)
  to   space 29696K, 0% used [0x00000000f0b80000,0x00000000f0b80000,0x00000000f2880000)
 ParOldGen       total 188416K, used 53512K [0x00000000a0000000, 0x00000000ab800000, 0x00000000e0000000)
  object space 188416K, 28% used [0x00000000a0000000,0x00000000a34422e8,0x00000000ab800000)
 Metaspace       used 61214K, capacity 64518K, committed 64728K, reserved 1105920K
  class space    used 8247K, capacity 8848K, committed 8960K, reserved 1048576K
Event: 597.160 GC heap after
Heap after GC invocations=17 (full 3):
 PSYoungGen      total 272384K, used 21807K [0x00000000e0000000, 0x00000000f3080000, 0x0000000100000000)
  eden space 242688K, 0% used [0x00000000e0000000,0x00000000e0000000,0x00000000eed00000)
  from space 29696K, 73% used [0x00000000f0b80000,0x00000000f20cbe90,0x00000000f2880000)
  to   space 31232K, 0% used [0x00000000eed00000,0x00000000eed00000,0x00000000f0b80000)
 ParOldGen       total 188416K, used 53520K [0x00000000a0000000, 0x00000000ab800000, 0x00000000e0000000)
  object space 188416K, 28% used [0x00000000a0000000,0x00000000a34442e8,0x00000000ab800000)
 Metaspace       used 61214K, capacity 64518K, committed 64728K, reserved 1105920K
  class space    used 8247K, capacity 8848K, committed 8960K, reserved 1048576K
}

